[22:16:26.853] [INFO   ] thread main starting.
[22:16:26.860] [SEVERE ] cannot read configuration file config.properties trying from resources.
[22:16:26.862] [SEVERE ] configuration file was loaded from resources directory.
[22:16:27.387] [INFO   ] thread dealer starting.
[22:16:27.389] [INFO   ] thread dealer starting.
[22:16:27.390] [SEVERE ] updating countdown to 60000
[22:16:27.392] [INFO   ] thread dealer step 1
[22:16:27.393] [INFO   ] thread Thread-0 starting.
[22:16:27.394] [INFO   ] thread Thread-1 starting.
[22:16:27.399] [SEVERE ] setting player 1 freeze to 100
[22:16:27.514] [SEVERE ] setting player 2 freeze to 100
[22:16:27.625] [INFO   ] thread dealer place card table.
[22:16:27.736] [SEVERE ] placing card 63 in slot 0
[22:16:27.736] [INFO   ] thread dealer place card table. 0.2
[22:16:27.737] [INFO   ] thread dealer place card table.
[22:16:27.845] [SEVERE ] placing card 43 in slot 1
[22:16:27.846] [INFO   ] thread dealer place card table. 0.2
[22:16:27.846] [INFO   ] thread dealer place card table.
[22:16:27.955] [SEVERE ] placing card 35 in slot 2
[22:16:27.955] [INFO   ] thread dealer place card table. 0.2
[22:16:27.955] [INFO   ] thread dealer place card table.
[22:16:28.065] [SEVERE ] placing card 71 in slot 3
[22:16:28.065] [INFO   ] thread dealer place card table. 0.2
[22:16:28.065] [INFO   ] thread dealer place card table.
[22:16:28.174] [SEVERE ] placing card 44 in slot 4
[22:16:28.174] [INFO   ] thread dealer place card table. 0.2
[22:16:28.174] [INFO   ] thread dealer place card table.
[22:16:28.284] [SEVERE ] placing card 60 in slot 5
[22:16:28.284] [INFO   ] thread dealer place card table. 0.2
[22:16:28.285] [INFO   ] thread dealer place card table.
[22:16:28.396] [SEVERE ] placing card 19 in slot 6
[22:16:28.397] [INFO   ] thread dealer place card table. 0.2
[22:16:28.397] [INFO   ] thread dealer place card table.
[22:16:28.507] [SEVERE ] placing card 4 in slot 7
[22:16:28.507] [INFO   ] thread dealer place card table. 0.2
[22:16:28.508] [INFO   ] thread dealer place card table.
[22:16:28.616] [SEVERE ] placing card 79 in slot 8
[22:16:28.616] [INFO   ] thread dealer place card table. 0.2
[22:16:28.617] [INFO   ] thread dealer place card table.
[22:16:28.726] [SEVERE ] placing card 46 in slot 9
[22:16:28.726] [INFO   ] thread dealer place card table. 0.2
[22:16:28.727] [INFO   ] thread dealer place card table.
[22:16:28.836] [SEVERE ] placing card 24 in slot 10
[22:16:28.836] [INFO   ] thread dealer place card table. 0.2
[22:16:28.836] [INFO   ] thread dealer place card table.
[22:16:28.949] [SEVERE ] placing card 55 in slot 11
[22:16:28.949] [INFO   ] thread dealer place card table. 0.2
[22:16:28.953] [INFO   ] thread dealer place card step 8
[22:16:28.953] [INFO   ] thread dealer step 4
[22:16:28.953] [INFO   ] thread dealer step 5
[22:16:29.960] [INFO   ] thread dealer step 6
[22:16:29.960] [SEVERE ] updating countdown to 57432
[22:16:29.960] [INFO   ] thread dealer step 7
[22:16:29.960] [SEVERE ] setting player 1 freeze to 100
[22:16:30.070] [SEVERE ] setting player 2 freeze to 100
[22:16:30.180] [INFO   ] thread dealer step 8
[22:16:30.180] [SEVERE ] setting player 1 freeze to 100
[22:16:30.290] [SEVERE ] setting player 2 freeze to 100
[22:16:30.399] [INFO   ] thread dealer place card step 8
[22:16:30.399] [INFO   ] thread dealer step 9
[22:16:30.399] [INFO   ] thread dealer step 5
[22:16:31.405] [INFO   ] thread dealer step 6
[22:16:31.405] [SEVERE ] updating countdown to 55987
[22:16:31.405] [INFO   ] thread dealer step 7
[22:16:31.405] [SEVERE ] setting player 1 freeze to 100
[22:16:31.515] [SEVERE ] setting player 2 freeze to 100
[22:16:31.625] [INFO   ] thread dealer step 8
[22:16:31.625] [SEVERE ] setting player 1 freeze to 100
[22:16:31.734] [SEVERE ] setting player 2 freeze to 100
[22:16:31.845] [INFO   ] thread dealer place card step 8
[22:16:31.845] [INFO   ] thread dealer step 9
[22:16:31.845] [INFO   ] thread dealer step 5
[22:16:32.849] [INFO   ] thread dealer step 6
[22:16:32.849] [SEVERE ] updating countdown to 54543
[22:16:32.849] [INFO   ] thread dealer step 7
[22:16:32.849] [SEVERE ] setting player 1 freeze to 100
[22:16:32.959] [SEVERE ] setting player 2 freeze to 100
[22:16:33.069] [INFO   ] thread dealer step 8
[22:16:33.069] [SEVERE ] setting player 1 freeze to 100
[22:16:33.178] [SEVERE ] setting player 2 freeze to 100
[22:16:33.288] [INFO   ] thread dealer place card step 8
[22:16:33.288] [INFO   ] thread dealer step 9
[22:16:33.288] [INFO   ] thread dealer step 5
[22:16:34.291] [INFO   ] thread dealer step 6
[22:16:34.291] [SEVERE ] updating countdown to 53101
[22:16:34.291] [INFO   ] thread dealer step 7
[22:16:34.291] [SEVERE ] setting player 1 freeze to 100
[22:16:34.401] [SEVERE ] setting player 2 freeze to 100
[22:16:34.510] [INFO   ] thread dealer step 8
[22:16:34.510] [SEVERE ] setting player 1 freeze to 100
[22:16:34.619] [SEVERE ] setting player 2 freeze to 100
[22:16:34.728] [INFO   ] thread dealer place card step 8
[22:16:34.728] [INFO   ] thread dealer step 9
[22:16:34.728] [INFO   ] thread dealer step 5
[22:16:35.731] [INFO   ] thread dealer step 6
[22:16:35.731] [SEVERE ] updating countdown to 51661
[22:16:35.731] [INFO   ] thread dealer step 7
[22:16:35.731] [SEVERE ] setting player 1 freeze to 100
[22:16:35.840] [SEVERE ] setting player 2 freeze to 100
[22:16:35.950] [INFO   ] thread dealer step 8
[22:16:35.950] [SEVERE ] setting player 1 freeze to 100
[22:16:36.059] [SEVERE ] setting player 2 freeze to 100
[22:16:36.168] [INFO   ] thread dealer place card step 8
[22:16:36.168] [INFO   ] thread dealer step 9
[22:16:36.168] [INFO   ] thread dealer step 5
[22:16:37.170] [INFO   ] thread dealer step 6
[22:16:37.170] [SEVERE ] updating countdown to 50222
[22:16:37.170] [INFO   ] thread dealer step 7
[22:16:37.170] [SEVERE ] setting player 1 freeze to 100
[22:16:37.279] [SEVERE ] setting player 2 freeze to 100
[22:16:37.389] [INFO   ] thread dealer step 8
[22:16:37.389] [SEVERE ] setting player 1 freeze to 100
[22:16:37.499] [SEVERE ] setting player 2 freeze to 100
[22:16:37.608] [INFO   ] thread dealer place card step 8
[22:16:37.608] [INFO   ] thread dealer step 9
[22:16:37.608] [INFO   ] thread dealer step 5
[22:16:38.609] [INFO   ] thread dealer step 6
[22:16:38.609] [SEVERE ] updating countdown to 48783
[22:16:38.609] [INFO   ] thread dealer step 7
[22:16:38.609] [SEVERE ] setting player 1 freeze to 100
[22:16:38.719] [SEVERE ] setting player 2 freeze to 100
[22:16:38.829] [INFO   ] thread dealer step 8
[22:16:38.829] [SEVERE ] setting player 1 freeze to 100
[22:16:38.938] [SEVERE ] setting player 2 freeze to 100
[22:16:39.047] [INFO   ] thread dealer place card step 8
[22:16:39.047] [INFO   ] thread dealer step 9
[22:16:39.047] [INFO   ] thread dealer step 5
[22:16:40.048] [INFO   ] thread dealer step 6
[22:16:40.048] [SEVERE ] updating countdown to 47344
[22:16:40.049] [INFO   ] thread dealer step 7
[22:16:40.049] [SEVERE ] setting player 1 freeze to 100
[22:16:40.158] [SEVERE ] setting player 2 freeze to 100
[22:16:40.268] [INFO   ] thread dealer step 8
[22:16:40.268] [SEVERE ] setting player 1 freeze to 100
[22:16:40.377] [SEVERE ] setting player 2 freeze to 100
[22:16:40.486] [INFO   ] thread dealer place card step 8
[22:16:40.486] [INFO   ] thread dealer step 9
[22:16:40.486] [INFO   ] thread dealer step 5
[22:16:41.502] [INFO   ] thread dealer step 6
[22:16:41.502] [SEVERE ] updating countdown to 45890
[22:16:41.502] [INFO   ] thread dealer step 7
[22:16:41.502] [SEVERE ] setting player 1 freeze to 100
[22:16:41.611] [SEVERE ] setting player 2 freeze to 100
[22:16:41.720] [INFO   ] thread dealer step 8
[22:16:41.720] [SEVERE ] setting player 1 freeze to 100
[22:16:41.830] [SEVERE ] setting player 2 freeze to 100
[22:16:41.939] [INFO   ] thread dealer place card step 8
[22:16:41.939] [INFO   ] thread dealer step 9
[22:16:41.939] [INFO   ] thread dealer step 5
[22:16:42.943] [INFO   ] thread dealer step 6
[22:16:42.943] [SEVERE ] updating countdown to 44449
[22:16:42.943] [INFO   ] thread dealer step 7
[22:16:42.943] [SEVERE ] setting player 1 freeze to 100
[22:16:43.052] [SEVERE ] setting player 2 freeze to 100
[22:16:43.162] [INFO   ] thread dealer step 8
[22:16:43.162] [SEVERE ] setting player 1 freeze to 100
[22:16:43.271] [SEVERE ] setting player 2 freeze to 100
[22:16:43.380] [INFO   ] thread dealer place card step 8
[22:16:43.381] [INFO   ] thread dealer step 9
[22:16:43.381] [INFO   ] thread dealer step 5
[22:16:44.396] [INFO   ] thread dealer step 6
[22:16:44.396] [SEVERE ] updating countdown to 42996
[22:16:44.396] [INFO   ] thread dealer step 7
[22:16:44.396] [SEVERE ] setting player 1 freeze to 100
[22:16:44.505] [SEVERE ] setting player 2 freeze to 100
[22:16:44.615] [INFO   ] thread dealer step 8
[22:16:44.615] [SEVERE ] setting player 1 freeze to 100
[22:16:44.724] [SEVERE ] setting player 2 freeze to 100
[22:16:44.834] [INFO   ] thread dealer place card step 8
[22:16:44.834] [INFO   ] thread dealer step 9
[22:16:44.834] [INFO   ] thread dealer step 5
[22:16:45.836] [INFO   ] thread dealer step 6
[22:16:45.836] [SEVERE ] updating countdown to 41556
[22:16:45.836] [INFO   ] thread dealer step 7
[22:16:45.836] [SEVERE ] setting player 1 freeze to 100
[22:16:45.945] [SEVERE ] setting player 2 freeze to 100
[22:16:46.055] [INFO   ] thread dealer step 8
[22:16:46.055] [SEVERE ] setting player 1 freeze to 100
[22:16:46.164] [SEVERE ] setting player 2 freeze to 100
[22:16:46.274] [INFO   ] thread dealer place card step 8
[22:16:46.274] [INFO   ] thread dealer step 9
[22:16:46.274] [INFO   ] thread dealer step 5
[22:16:47.276] [INFO   ] thread dealer step 6
[22:16:47.276] [SEVERE ] updating countdown to 40116
[22:16:47.276] [INFO   ] thread dealer step 7
[22:16:47.276] [SEVERE ] setting player 1 freeze to 100
[22:16:47.386] [SEVERE ] setting player 2 freeze to 100
[22:16:47.495] [INFO   ] thread dealer step 8
[22:16:47.495] [SEVERE ] setting player 1 freeze to 100
[22:16:47.605] [SEVERE ] setting player 2 freeze to 100
[22:16:47.713] [INFO   ] thread dealer place card step 8
[22:16:47.713] [INFO   ] thread dealer step 9
[22:16:47.713] [INFO   ] thread dealer step 5
[22:16:48.715] [INFO   ] thread dealer step 6
[22:16:48.715] [SEVERE ] updating countdown to 38677
[22:16:48.715] [INFO   ] thread dealer step 7
[22:16:48.715] [SEVERE ] setting player 1 freeze to 100
[22:16:48.825] [SEVERE ] setting player 2 freeze to 100
[22:16:48.935] [INFO   ] thread dealer step 8
[22:16:48.935] [SEVERE ] setting player 1 freeze to 100
[22:16:49.045] [SEVERE ] setting player 2 freeze to 100
[22:16:49.154] [INFO   ] thread dealer place card step 8
[22:16:49.154] [INFO   ] thread dealer step 9
[22:16:49.154] [INFO   ] thread dealer step 5
[22:16:50.156] [INFO   ] thread dealer step 6
[22:16:50.156] [SEVERE ] updating countdown to 37236
[22:16:50.156] [INFO   ] thread dealer step 7
[22:16:50.156] [SEVERE ] setting player 1 freeze to 100
[22:16:50.265] [SEVERE ] setting player 2 freeze to 100
[22:16:50.375] [INFO   ] thread dealer step 8
[22:16:50.375] [SEVERE ] setting player 1 freeze to 100
[22:16:50.484] [SEVERE ] setting player 2 freeze to 100
[22:16:50.594] [INFO   ] thread dealer place card step 8
[22:16:50.594] [INFO   ] thread dealer step 9
[22:16:50.594] [INFO   ] thread dealer step 5
[22:16:51.597] [INFO   ] thread dealer step 6
[22:16:51.597] [SEVERE ] updating countdown to 35795
[22:16:51.597] [INFO   ] thread dealer step 7
[22:16:51.597] [SEVERE ] setting player 1 freeze to 100
[22:16:51.706] [SEVERE ] setting player 2 freeze to 100
[22:16:51.816] [INFO   ] thread dealer step 8
[22:16:51.816] [SEVERE ] setting player 1 freeze to 100
[22:16:51.925] [SEVERE ] setting player 2 freeze to 100
[22:16:52.035] [INFO   ] thread dealer place card step 8
[22:16:52.035] [INFO   ] thread dealer step 9
[22:16:52.035] [INFO   ] thread dealer step 5
[22:16:53.036] [INFO   ] thread dealer step 6
[22:16:53.036] [SEVERE ] updating countdown to 34356
[22:16:53.036] [INFO   ] thread dealer step 7
[22:16:53.036] [SEVERE ] setting player 1 freeze to 100
[22:16:53.146] [SEVERE ] setting player 2 freeze to 100
[22:16:53.256] [INFO   ] thread dealer step 8
[22:16:53.256] [SEVERE ] setting player 1 freeze to 100
[22:16:53.365] [SEVERE ] setting player 2 freeze to 100
[22:16:53.475] [INFO   ] thread dealer place card step 8
[22:16:53.475] [INFO   ] thread dealer step 9
[22:16:53.475] [INFO   ] thread dealer step 5
[22:16:54.477] [INFO   ] thread dealer step 6
[22:16:54.477] [SEVERE ] updating countdown to 32915
[22:16:54.477] [INFO   ] thread dealer step 7
[22:16:54.477] [SEVERE ] setting player 1 freeze to 100
[22:16:54.587] [SEVERE ] setting player 2 freeze to 100
[22:16:54.696] [INFO   ] thread dealer step 8
[22:16:54.696] [SEVERE ] setting player 1 freeze to 100
[22:16:54.806] [SEVERE ] setting player 2 freeze to 100
[22:16:54.915] [INFO   ] thread dealer place card step 8
[22:16:54.915] [INFO   ] thread dealer step 9
[22:16:54.915] [INFO   ] thread dealer step 5
[22:16:55.917] [INFO   ] thread dealer step 6
[22:16:55.917] [SEVERE ] updating countdown to 31475
[22:16:55.917] [INFO   ] thread dealer step 7
[22:16:55.917] [SEVERE ] setting player 1 freeze to 100
[22:16:56.026] [SEVERE ] setting player 2 freeze to 100
[22:16:56.136] [INFO   ] thread dealer step 8
[22:16:56.136] [SEVERE ] setting player 1 freeze to 100
[22:16:56.246] [SEVERE ] setting player 2 freeze to 100
[22:16:56.356] [INFO   ] thread dealer place card step 8
[22:16:56.356] [INFO   ] thread dealer step 9
[22:16:56.356] [INFO   ] thread dealer step 5
[22:16:57.370] [INFO   ] thread dealer step 6
[22:16:57.370] [SEVERE ] updating countdown to 30022
[22:16:57.370] [INFO   ] thread dealer step 7
[22:16:57.370] [SEVERE ] setting player 1 freeze to 100
[22:16:57.480] [SEVERE ] setting player 2 freeze to 100
[22:16:57.589] [INFO   ] thread dealer step 8
[22:16:57.589] [SEVERE ] setting player 1 freeze to 100
[22:16:57.699] [SEVERE ] setting player 2 freeze to 100
[22:16:57.809] [INFO   ] thread dealer place card step 8
[22:16:57.809] [INFO   ] thread dealer step 9
[22:16:57.809] [INFO   ] thread dealer step 5
[22:16:58.810] [INFO   ] thread dealer step 6
[22:16:58.810] [SEVERE ] updating countdown to 28582
[22:16:58.810] [INFO   ] thread dealer step 7
[22:16:58.810] [SEVERE ] setting player 1 freeze to 100
[22:16:58.920] [SEVERE ] setting player 2 freeze to 100
[22:16:59.030] [INFO   ] thread dealer step 8
[22:16:59.030] [SEVERE ] setting player 1 freeze to 100
[22:16:59.139] [SEVERE ] setting player 2 freeze to 100
[22:16:59.249] [INFO   ] thread dealer place card step 8
[22:16:59.249] [INFO   ] thread dealer step 9
[22:16:59.249] [INFO   ] thread dealer step 5
[22:17:00.250] [INFO   ] thread dealer step 6
[22:17:00.250] [SEVERE ] updating countdown to 27142
[22:17:00.250] [INFO   ] thread dealer step 7
[22:17:00.250] [SEVERE ] setting player 1 freeze to 100
[22:17:00.359] [SEVERE ] setting player 2 freeze to 100
[22:17:00.469] [INFO   ] thread dealer step 8
[22:17:00.469] [SEVERE ] setting player 1 freeze to 100
[22:17:00.578] [SEVERE ] setting player 2 freeze to 100
[22:17:00.689] [INFO   ] thread dealer place card step 8
[22:17:00.689] [INFO   ] thread dealer step 9
[22:17:00.689] [INFO   ] thread dealer step 5
[22:17:01.692] [INFO   ] thread dealer step 6
[22:17:01.692] [SEVERE ] updating countdown to 25700
[22:17:01.692] [INFO   ] thread dealer step 7
[22:17:01.692] [SEVERE ] setting player 1 freeze to 100
[22:17:01.801] [SEVERE ] setting player 2 freeze to 100
[22:17:01.911] [INFO   ] thread dealer step 8
[22:17:01.911] [SEVERE ] setting player 1 freeze to 100
[22:17:02.021] [SEVERE ] setting player 2 freeze to 100
[22:17:02.130] [INFO   ] thread dealer place card step 8
[22:17:02.130] [INFO   ] thread dealer step 9
[22:17:02.130] [INFO   ] thread dealer step 5
[22:17:03.131] [INFO   ] thread dealer step 6
[22:17:03.131] [SEVERE ] updating countdown to 24261
[22:17:03.131] [INFO   ] thread dealer step 7
[22:17:03.131] [SEVERE ] setting player 1 freeze to 100
[22:17:03.241] [SEVERE ] setting player 2 freeze to 100
[22:17:03.351] [INFO   ] thread dealer step 8
[22:17:03.351] [SEVERE ] setting player 1 freeze to 100
[22:17:03.460] [SEVERE ] setting player 2 freeze to 100
[22:17:03.569] [INFO   ] thread dealer place card step 8
[22:17:03.569] [INFO   ] thread dealer step 9
[22:17:03.569] [INFO   ] thread dealer step 5
[22:17:04.575] [INFO   ] thread dealer step 6
[22:17:04.575] [SEVERE ] updating countdown to 22817
[22:17:04.575] [INFO   ] thread dealer step 7
[22:17:04.575] [SEVERE ] setting player 1 freeze to 100
[22:17:04.684] [SEVERE ] setting player 2 freeze to 100
[22:17:04.794] [INFO   ] thread dealer step 8
[22:17:04.794] [SEVERE ] setting player 1 freeze to 100
[22:17:04.903] [SEVERE ] setting player 2 freeze to 100
[22:17:04.919] [SEVERE ] exit button pressed
[22:17:04.919] [SEVERE ] setting player 1 freeze to 5000
[22:17:05.013] [INFO   ] thread dealer place card step 8
[22:17:05.013] [INFO   ] thread dealer step 9
[22:17:05.013] [INFO   ] thread dealer step 5
[22:17:06.025] [INFO   ] thread dealer step 6
[22:17:06.025] [SEVERE ] updating countdown to 21367
[22:17:06.025] [INFO   ] thread dealer step 7
[22:17:06.025] [SEVERE ] setting player 1 freeze to 100
[22:17:06.126] [SEVERE ] setting player 2 freeze to 100
[22:17:06.232] [INFO   ] thread dealer step 8
[22:17:06.232] [SEVERE ] setting player 1 freeze to 100
[22:17:06.347] [SEVERE ] setting player 2 freeze to 100
[22:17:06.452] [INFO   ] thread dealer place card step 8
[22:17:06.452] [INFO   ] thread dealer step 9
[22:17:06.452] [INFO   ] thread dealer step 5
