[19:56:15.034] [INFO   ] thread main starting.
[19:56:15.034] [SEVERE ] cannot read configuration file config.properties trying from resources.
[19:56:15.049] [SEVERE ] configuration file was loaded from resources directory.
[19:56:15.610] [INFO   ] thread dealer starting.
[19:56:15.611] [INFO   ] thread dealer starting.
[19:56:15.612] [SEVERE ] updating countdown to 60000
[19:56:15.613] [INFO   ] thread Thread-0 starting.
[19:56:15.613] [INFO   ] thread Thread-1 starting.
[19:56:15.620] [SEVERE ] setting player 1 freeze to 100
[19:56:15.733] [SEVERE ] setting player 2 freeze to 100
[19:56:15.959] [SEVERE ] placing card 5 in slot 0
[19:56:16.069] [SEVERE ] placing card 21 in slot 1
[19:56:16.178] [SEVERE ] placing card 44 in slot 2
[19:56:16.288] [SEVERE ] placing card 42 in slot 3
[19:56:16.399] [SEVERE ] placing card 4 in slot 4
[19:56:16.509] [SEVERE ] placing card 23 in slot 5
[19:56:16.618] [SEVERE ] placing card 3 in slot 6
[19:56:16.727] [SEVERE ] placing card 36 in slot 7
[19:56:16.837] [SEVERE ] placing card 26 in slot 8
[19:56:16.947] [SEVERE ] placing card 62 in slot 9
[19:56:17.056] [SEVERE ] placing card 38 in slot 10
[19:56:17.166] [SEVERE ] placing card 17 in slot 11
[19:56:17.166] [INFO   ] thread dealer terminated.
[19:56:19.152] [SEVERE ] exit button pressed
[19:56:19.152] [SEVERE ] setting player 1 freeze to 5000
[19:56:22.182] [SEVERE ] thanks for playing... it was fun!
[19:56:22.183] [INFO   ] thread main terminated.
[19:56:24.157] [SEVERE ] setting player 2 freeze to 5000
