[21:56:49.689] [INFO   ] thread main starting.
[21:56:49.689] [SEVERE ] cannot read configuration file config.properties trying from resources.
[21:56:49.689] [SEVERE ] configuration file was loaded from resources directory.
[21:56:50.240] [INFO   ] thread dealer starting.
[21:56:50.240] [INFO   ] thread dealer starting.
[21:56:50.240] [SEVERE ] updating countdown to 60000
[21:56:50.240] [INFO   ] thread Thread-0 starting.
[21:56:50.240] [INFO   ] thread Thread-1 starting.
[21:56:50.243] [INFO   ] thread dealer step 1
[21:56:50.243] [INFO   ] thread dealer step 2
[21:56:50.250] [SEVERE ] setting player 1 freeze to 100
[21:56:50.358] [SEVERE ] setting player 2 freeze to 100
[21:56:50.574] [SEVERE ] placing card 1 in slot 0
[21:56:50.676] [SEVERE ] placing card 46 in slot 1
[21:56:50.784] [SEVERE ] placing card 55 in slot 2
[21:56:50.886] [SEVERE ] placing card 51 in slot 3
[21:56:50.997] [SEVERE ] placing card 65 in slot 4
[21:56:51.101] [SEVERE ] placing card 53 in slot 5
[21:56:51.213] [SEVERE ] placing card 18 in slot 6
[21:56:51.316] [SEVERE ] placing card 16 in slot 7
[21:56:51.420] [SEVERE ] placing card 49 in slot 8
[21:56:51.532] [SEVERE ] placing card 62 in slot 9
[21:56:51.634] [SEVERE ] placing card 48 in slot 10
[21:56:51.749] [SEVERE ] placing card 37 in slot 11
[21:56:51.749] [INFO   ] thread dealer step 3
[21:56:51.749] [INFO   ] thread dealer step 4
[21:56:51.749] [INFO   ] thread dealer step 5
[21:56:52.750] [INFO   ] thread dealer step 6
[21:56:52.750] [SEVERE ] updating countdown to 57493
[21:56:52.750] [INFO   ] thread dealer step 7
[21:56:52.750] [SEVERE ] setting player 1 freeze to 100
[21:56:52.859] [SEVERE ] setting player 2 freeze to 100
[21:56:52.969] [INFO   ] thread dealer step 8
[21:56:52.969] [SEVERE ] setting player 1 freeze to 100
[21:56:53.079] [SEVERE ] setting player 2 freeze to 100
[21:56:53.192] [INFO   ] thread dealer terminated.
[21:56:58.195] [SEVERE ] thanks for playing... it was fun!
[21:56:58.195] [INFO   ] thread main terminated.
[21:56:58.195] [SEVERE ] disposing of user interface elements
