[18:55:25.940] [INFO   ] thread main starting.
[18:55:25.943] [SEVERE ] cannot read configuration file config.properties trying from resources.
[18:55:25.943] [SEVERE ] configuration file was loaded from resources directory.
[18:55:26.521] [INFO   ] thread dealer starting.
[18:55:26.521] [INFO   ] thread dealer starting.
[18:55:26.521] [SEVERE ] updating countdown to 60000
[18:55:26.523] [INFO   ] thread Thread-0 starting.
[18:55:26.523] [INFO   ] thread Thread-1 starting.
[18:55:26.523] [INFO   ] thread dealer step 1
[18:55:26.523] [INFO   ] thread dealer place card table.
[18:55:26.635] [SEVERE ] placing card 23 in slot 0
[18:55:26.636] [INFO   ] thread dealer place card table. 0.2
[18:55:26.636] [INFO   ] thread dealer place card table.
[18:55:26.746] [SEVERE ] placing card 48 in slot 1
[18:55:26.747] [INFO   ] thread dealer place card table. 0.2
[18:55:26.747] [INFO   ] thread dealer place card table.
[18:55:26.857] [SEVERE ] placing card 51 in slot 2
[18:55:26.857] [INFO   ] thread dealer place card table. 0.2
[18:55:26.857] [INFO   ] thread dealer place card table.
[18:55:26.968] [SEVERE ] placing card 44 in slot 3
[18:55:26.968] [INFO   ] thread dealer place card table. 0.2
[18:55:26.968] [INFO   ] thread dealer place card table.
[18:55:27.079] [SEVERE ] placing card 11 in slot 4
[18:55:27.079] [INFO   ] thread dealer place card table. 0.2
[18:55:27.079] [INFO   ] thread dealer place card table.
[18:55:27.190] [SEVERE ] placing card 36 in slot 5
[18:55:27.190] [INFO   ] thread dealer place card table. 0.2
[18:55:27.190] [INFO   ] thread dealer place card table.
[18:55:27.300] [SEVERE ] placing card 69 in slot 6
[18:55:27.300] [INFO   ] thread dealer place card table. 0.2
[18:55:27.300] [INFO   ] thread dealer place card table.
[18:55:27.410] [SEVERE ] placing card 30 in slot 7
[18:55:27.411] [INFO   ] thread dealer place card table. 0.2
[18:55:27.411] [INFO   ] thread dealer place card table.
[18:55:27.521] [SEVERE ] placing card 15 in slot 8
[18:55:27.521] [INFO   ] thread dealer place card table. 0.2
[18:55:27.521] [INFO   ] thread dealer place card table.
[18:55:27.631] [SEVERE ] placing card 10 in slot 9
[18:55:27.632] [INFO   ] thread dealer place card table. 0.2
[18:55:27.632] [INFO   ] thread dealer place card table.
[18:55:27.741] [SEVERE ] placing card 70 in slot 10
[18:55:27.741] [INFO   ] thread dealer place card table. 0.2
[18:55:27.741] [INFO   ] thread dealer place card table.
[18:55:27.851] [SEVERE ] placing card 68 in slot 11
[18:55:27.851] [INFO   ] thread dealer place card table. 0.2
[18:55:27.858] [INFO   ] thread dealer place card step 8
[18:55:27.858] [INFO   ] thread dealer step 4
[18:55:27.858] [INFO   ] thread dealer step 5
[18:55:28.861] [INFO   ] thread dealer step 6
[18:55:28.861] [SEVERE ] updating countdown to 57662
[18:55:28.861] [INFO   ] thread dealer step 7
[18:55:28.861] [INFO   ] thread dealer step 8
[18:55:28.861] [INFO   ] thread dealer place card step 8
[18:55:28.861] [INFO   ] thread dealer step 9
[18:55:28.861] [INFO   ] thread dealer step 5
[18:55:29.866] [INFO   ] thread dealer step 6
[18:55:29.866] [SEVERE ] updating countdown to 56657
[18:55:29.866] [INFO   ] thread dealer step 7
[18:55:29.866] [INFO   ] thread dealer step 8
[18:55:29.866] [INFO   ] thread dealer place card step 8
[18:55:29.866] [INFO   ] thread dealer step 9
[18:55:29.866] [INFO   ] thread dealer step 5
[18:55:30.878] [INFO   ] thread dealer step 6
[18:55:30.878] [SEVERE ] updating countdown to 55645
[18:55:30.878] [INFO   ] thread dealer step 7
[18:55:30.878] [INFO   ] thread dealer step 8
[18:55:30.881] [INFO   ] thread dealer place card step 8
[18:55:30.883] [INFO   ] thread dealer step 9
[18:55:30.883] [INFO   ] thread dealer step 5
[18:55:31.892] [INFO   ] thread dealer step 6
[18:55:31.892] [SEVERE ] updating countdown to 54631
[18:55:31.892] [INFO   ] thread dealer step 7
[18:55:31.893] [INFO   ] thread dealer step 8
[18:55:31.894] [INFO   ] thread dealer place card step 8
[18:55:31.894] [INFO   ] thread dealer step 9
[18:55:31.894] [INFO   ] thread dealer step 5
[18:55:32.907] [INFO   ] thread dealer step 6
[18:55:32.907] [SEVERE ] updating countdown to 53616
[18:55:32.907] [INFO   ] thread dealer step 7
[18:55:32.907] [INFO   ] thread dealer step 8
[18:55:32.907] [INFO   ] thread dealer place card step 8
[18:55:32.907] [INFO   ] thread dealer step 9
[18:55:32.907] [INFO   ] thread dealer step 5
[18:55:33.425] [SEVERE ] exit button pressed
[18:55:33.425] [INFO   ] thread Thread-0 terminated.
[18:55:33.425] [INFO   ] thread dealer step 6
[18:55:33.431] [SEVERE ] updating countdown to 53092
[18:55:33.430] [INFO   ] thread Thread-1 terminated.
[18:55:33.431] [INFO   ] thread dealer step 7
[18:55:33.431] [SEVERE ] setting player 1 freeze to 3000
[18:55:34.444] [SEVERE ] setting player 1 freeze to 2000
[18:55:35.458] [SEVERE ] setting player 1 freeze to 1000
[18:55:36.468] [SEVERE ] setting player 1 freeze to 0
[18:55:36.468] [SEVERE ] setting player 2 freeze to 3000
[18:55:37.479] [SEVERE ] setting player 2 freeze to 2000
[18:55:38.488] [SEVERE ] setting player 2 freeze to 1000
[18:55:39.496] [SEVERE ] setting player 2 freeze to 0
[18:55:39.496] [INFO   ] thread dealer step 8
[18:55:39.496] [INFO   ] thread dealer place card step 8
[18:55:39.496] [INFO   ] thread dealer step 9
[18:55:39.496] [SEVERE ] updating countdown to 60000
[18:55:39.606] [SEVERE ] removing card from slot 0
[18:55:39.716] [SEVERE ] removing card from slot 1
[18:55:39.826] [SEVERE ] removing card from slot 2
[18:55:39.936] [SEVERE ] removing card from slot 3
[18:55:40.049] [SEVERE ] removing card from slot 4
[18:55:40.160] [SEVERE ] removing card from slot 5
[18:55:40.271] [SEVERE ] removing card from slot 6
[18:55:40.386] [SEVERE ] removing card from slot 7
[18:55:40.497] [SEVERE ] removing card from slot 8
[18:55:40.605] [SEVERE ] removing card from slot 9
[18:55:40.715] [SEVERE ] removing card from slot 10
[18:55:40.825] [SEVERE ] removing card from slot 11
[18:55:40.825] [INFO   ] thread dealer step ???
[18:55:40.825] [SEVERE ] announcing winner(s): player 1, player 2
[18:55:40.825] [INFO   ] thread dealer terminated.
[18:55:40.825] [INFO   ] thread dealer terminated.
[18:55:40.825] [SEVERE ] thanks for playing... it was fun!
[18:55:40.825] [INFO   ] thread main terminated.
