[18:53:04.503] [INFO   ] thread main starting.
[18:53:04.516] [SEVERE ] cannot read configuration file config.properties trying from resources.
[18:53:04.519] [SEVERE ] configuration file was loaded from resources directory.
[18:53:12.390] [INFO   ] thread dealer starting.
[18:53:12.390] [INFO   ] thread dealer starting.
[18:53:12.390] [SEVERE ] updating countdown to 60000
[18:53:12.398] [INFO   ] thread Thread-0 starting.
[18:53:12.398] [INFO   ] thread Thread-1 starting.
[18:53:12.399] [INFO   ] thread dealer step 1
[18:53:12.406] [INFO   ] thread dealer place card table.
[18:53:12.517] [SEVERE ] placing card 10 in slot 0
[18:53:12.517] [INFO   ] thread dealer place card table. 0.2
[18:53:12.517] [INFO   ] thread dealer place card table.
[18:53:12.623] [SEVERE ] placing card 13 in slot 1
[18:53:12.624] [INFO   ] thread dealer place card table. 0.2
[18:53:12.624] [INFO   ] thread dealer place card table.
[18:53:12.724] [SEVERE ] placing card 14 in slot 2
[18:53:12.724] [INFO   ] thread dealer place card table. 0.2
[18:53:12.724] [INFO   ] thread dealer place card table.
[18:53:12.834] [SEVERE ] placing card 76 in slot 3
[18:53:12.835] [INFO   ] thread dealer place card table. 0.2
[18:53:12.835] [INFO   ] thread dealer place card table.
[18:53:12.940] [SEVERE ] placing card 23 in slot 4
[18:53:12.940] [INFO   ] thread dealer place card table. 0.2
[18:53:12.940] [INFO   ] thread dealer place card table.
[18:53:13.043] [SEVERE ] placing card 64 in slot 5
[18:53:13.043] [INFO   ] thread dealer place card table. 0.2
[18:53:13.043] [INFO   ] thread dealer place card table.
[18:53:13.154] [SEVERE ] placing card 33 in slot 6
[18:53:13.154] [INFO   ] thread dealer place card table. 0.2
[18:53:13.154] [INFO   ] thread dealer place card table.
[18:53:13.265] [SEVERE ] placing card 68 in slot 7
[18:53:13.265] [INFO   ] thread dealer place card table. 0.2
[18:53:13.265] [INFO   ] thread dealer place card table.
[18:53:13.377] [SEVERE ] placing card 69 in slot 8
[18:53:13.377] [INFO   ] thread dealer place card table. 0.2
[18:53:13.377] [INFO   ] thread dealer place card table.
[18:53:13.484] [SEVERE ] placing card 75 in slot 9
[18:53:13.485] [INFO   ] thread dealer place card table. 0.2
[18:53:13.485] [INFO   ] thread dealer place card table.
[18:53:13.595] [SEVERE ] placing card 15 in slot 10
[18:53:13.595] [INFO   ] thread dealer place card table. 0.2
[18:53:13.595] [INFO   ] thread dealer place card table.
[18:53:13.707] [SEVERE ] placing card 40 in slot 11
[18:53:13.707] [INFO   ] thread dealer place card table. 0.2
[18:53:13.707] [INFO   ] thread dealer place card step 8
[18:53:13.707] [INFO   ] thread dealer step 4
[18:53:13.707] [INFO   ] thread dealer step 5
[18:53:14.713] [INFO   ] thread dealer step 6
[18:53:14.713] [SEVERE ] updating countdown to 57686
[18:53:14.713] [INFO   ] thread dealer step 7
[18:53:14.714] [INFO   ] thread dealer step 8
[18:53:14.718] [INFO   ] thread dealer place card step 8
[18:53:14.718] [INFO   ] thread dealer step 9
[18:53:14.718] [INFO   ] thread dealer step 5
[18:53:15.729] [INFO   ] thread dealer step 6
[18:53:15.729] [SEVERE ] updating countdown to 56670
[18:53:15.730] [INFO   ] thread dealer step 7
[18:53:15.730] [INFO   ] thread dealer step 8
[18:53:15.732] [INFO   ] thread dealer place card step 8
[18:53:15.732] [INFO   ] thread dealer step 9
[18:53:15.732] [INFO   ] thread dealer step 5
[18:53:16.734] [INFO   ] thread dealer step 6
[18:53:16.734] [SEVERE ] updating countdown to 55665
[18:53:16.735] [INFO   ] thread dealer step 7
[18:53:16.735] [INFO   ] thread dealer step 8
[18:53:16.735] [INFO   ] thread dealer place card step 8
[18:53:16.735] [INFO   ] thread dealer step 9
[18:53:16.735] [INFO   ] thread dealer step 5
[18:53:17.736] [INFO   ] thread dealer step 6
[18:53:17.736] [SEVERE ] updating countdown to 54663
[18:53:17.737] [INFO   ] thread dealer step 7
[18:53:17.737] [INFO   ] thread dealer step 8
[18:53:17.737] [INFO   ] thread dealer place card step 8
[18:53:17.737] [INFO   ] thread dealer step 9
[18:53:17.737] [INFO   ] thread dealer step 5
[18:53:18.747] [INFO   ] thread dealer step 6
[18:53:18.747] [SEVERE ] updating countdown to 53652
[18:53:18.747] [INFO   ] thread dealer step 7
[18:53:18.747] [INFO   ] thread dealer step 8
[18:53:18.747] [INFO   ] thread dealer place card step 8
[18:53:18.747] [INFO   ] thread dealer step 9
[18:53:18.747] [INFO   ] thread dealer step 5
