[18:43:43.035] [INFO   ] thread main starting.
[18:43:43.047] [SEVERE ] cannot read configuration file config.properties trying from resources.
[18:43:43.047] [SEVERE ] configuration file was loaded from resources directory.
[18:43:43.542] [INFO   ] thread dealer starting.
[18:43:43.549] [INFO   ] thread dealer starting.
[18:43:43.550] [SEVERE ] updating countdown to 60000
[18:43:43.550] [INFO   ] thread Thread-1 starting.
[18:43:43.550] [INFO   ] thread Thread-0 starting.
[18:43:43.551] [INFO   ] thread dealer step 1
[18:43:43.558] [INFO   ] thread dealer place card table.
[18:43:43.660] [SEVERE ] placing card 75 in slot 0
[18:43:43.660] [INFO   ] thread dealer place card table. 0.2
[18:43:43.660] [INFO   ] thread dealer place card table.
[18:43:43.770] [SEVERE ] placing card 25 in slot 1
[18:43:43.770] [INFO   ] thread dealer place card table. 0.2
[18:43:43.770] [INFO   ] thread dealer place card table.
[18:43:43.881] [SEVERE ] placing card 74 in slot 2
[18:43:43.881] [INFO   ] thread dealer place card table. 0.2
[18:43:43.881] [INFO   ] thread dealer place card table.
[18:43:43.992] [SEVERE ] placing card 54 in slot 3
[18:43:43.992] [INFO   ] thread dealer place card table. 0.2
[18:43:43.992] [INFO   ] thread dealer place card table.
[18:43:44.103] [SEVERE ] placing card 77 in slot 4
[18:43:44.103] [INFO   ] thread dealer place card table. 0.2
[18:43:44.103] [INFO   ] thread dealer place card table.
[18:43:44.215] [SEVERE ] placing card 35 in slot 5
[18:43:44.215] [INFO   ] thread dealer place card table. 0.2
[18:43:44.215] [INFO   ] thread dealer place card table.
[18:43:44.325] [SEVERE ] placing card 38 in slot 6
[18:43:44.325] [INFO   ] thread dealer place card table. 0.2
[18:43:44.325] [INFO   ] thread dealer place card table.
[18:43:44.437] [SEVERE ] placing card 59 in slot 7
[18:43:44.437] [INFO   ] thread dealer place card table. 0.2
[18:43:44.437] [INFO   ] thread dealer place card table.
[18:43:44.547] [SEVERE ] placing card 76 in slot 8
[18:43:44.547] [INFO   ] thread dealer place card table. 0.2
[18:43:44.547] [INFO   ] thread dealer place card table.
[18:43:44.655] [SEVERE ] placing card 17 in slot 9
[18:43:44.656] [INFO   ] thread dealer place card table. 0.2
[18:43:44.656] [INFO   ] thread dealer place card table.
[18:43:44.766] [SEVERE ] placing card 52 in slot 10
[18:43:44.766] [INFO   ] thread dealer place card table. 0.2
[18:43:44.766] [INFO   ] thread dealer place card table.
[18:43:44.876] [SEVERE ] placing card 43 in slot 11
[18:43:44.876] [INFO   ] thread dealer place card table. 0.2
[18:43:44.880] [INFO   ] thread dealer place card step 8
[18:43:44.880] [INFO   ] thread dealer step 4
[18:43:44.880] [INFO   ] thread dealer step 5
[18:43:45.892] [INFO   ] thread dealer step 6
[18:43:45.892] [SEVERE ] updating countdown to 57659
[18:43:45.892] [INFO   ] thread dealer step 7
[18:43:45.892] [INFO   ] thread dealer step 8
[18:43:45.894] [INFO   ] thread dealer place card step 8
[18:43:45.894] [INFO   ] thread dealer step 9
[18:43:45.894] [INFO   ] thread dealer step 5
[18:43:46.901] [INFO   ] thread dealer step 6
[18:43:46.902] [SEVERE ] updating countdown to 56649
[18:43:46.902] [INFO   ] thread dealer step 7
[18:43:46.902] [INFO   ] thread dealer step 8
[18:43:46.904] [INFO   ] thread dealer place card step 8
[18:43:46.904] [INFO   ] thread dealer step 9
[18:43:46.904] [INFO   ] thread dealer step 5
[18:43:47.919] [INFO   ] thread dealer step 6
[18:43:47.919] [SEVERE ] updating countdown to 55632
[18:43:47.919] [INFO   ] thread dealer step 7
[18:43:47.919] [INFO   ] thread dealer step 8
[18:43:47.919] [INFO   ] thread dealer place card step 8
[18:43:47.919] [INFO   ] thread dealer step 9
[18:43:47.919] [INFO   ] thread dealer step 5
[18:43:48.923] [INFO   ] thread dealer step 6
[18:43:48.924] [SEVERE ] updating countdown to 54627
[18:43:48.924] [INFO   ] thread dealer step 7
[18:43:48.924] [INFO   ] thread dealer step 8
[18:43:48.924] [INFO   ] thread dealer place card step 8
[18:43:48.924] [INFO   ] thread dealer step 9
[18:43:48.924] [INFO   ] thread dealer step 5
[18:43:49.935] [INFO   ] thread dealer step 6
[18:43:49.935] [SEVERE ] updating countdown to 53616
[18:43:49.935] [INFO   ] thread dealer step 7
[18:43:49.935] [INFO   ] thread dealer step 8
[18:43:49.935] [INFO   ] thread dealer place card step 8
[18:43:49.935] [INFO   ] thread dealer step 9
[18:43:49.935] [INFO   ] thread dealer step 5
[18:43:50.947] [INFO   ] thread dealer step 6
[18:43:50.947] [SEVERE ] updating countdown to 52604
[18:43:50.947] [INFO   ] thread dealer step 7
[18:43:50.947] [INFO   ] thread dealer step 8
[18:43:50.947] [INFO   ] thread dealer place card step 8
[18:43:50.947] [INFO   ] thread dealer step 9
[18:43:50.947] [INFO   ] thread dealer step 5
[18:43:51.957] [INFO   ] thread dealer step 6
[18:43:51.957] [SEVERE ] updating countdown to 51594
[18:43:51.957] [INFO   ] thread dealer step 7
[18:43:51.957] [INFO   ] thread dealer step 8
[18:43:51.957] [INFO   ] thread dealer place card step 8
[18:43:51.957] [INFO   ] thread dealer step 9
[18:43:51.957] [INFO   ] thread dealer step 5
[18:43:52.964] [INFO   ] thread dealer step 6
[18:43:52.964] [SEVERE ] updating countdown to 50587
[18:43:52.964] [INFO   ] thread dealer step 7
[18:43:52.965] [INFO   ] thread dealer step 8
[18:43:52.967] [INFO   ] thread dealer place card step 8
[18:43:52.967] [INFO   ] thread dealer step 9
[18:43:52.967] [INFO   ] thread dealer step 5
[18:43:53.970] [INFO   ] thread dealer step 6
[18:43:53.970] [SEVERE ] updating countdown to 49581
[18:43:53.970] [INFO   ] thread dealer step 7
[18:43:53.970] [INFO   ] thread dealer step 8
[18:43:53.970] [INFO   ] thread dealer place card step 8
[18:43:53.970] [INFO   ] thread dealer step 9
[18:43:53.970] [INFO   ] thread dealer step 5
[18:43:54.975] [INFO   ] thread dealer step 6
[18:43:54.975] [SEVERE ] updating countdown to 48576
[18:43:54.976] [INFO   ] thread dealer step 7
[18:43:54.976] [INFO   ] thread dealer step 8
[18:43:54.976] [INFO   ] thread dealer place card step 8
[18:43:54.976] [INFO   ] thread dealer step 9
[18:43:54.976] [INFO   ] thread dealer step 5
[18:43:55.985] [INFO   ] thread dealer step 6
[18:43:55.985] [SEVERE ] updating countdown to 47566
[18:43:55.985] [INFO   ] thread dealer step 7
[18:43:55.985] [INFO   ] thread dealer step 8
[18:43:55.985] [INFO   ] thread dealer place card step 8
[18:43:55.985] [INFO   ] thread dealer step 9
[18:43:55.985] [INFO   ] thread dealer step 5
[18:43:56.997] [INFO   ] thread dealer step 6
[18:43:56.997] [SEVERE ] updating countdown to 46554
[18:43:56.997] [INFO   ] thread dealer step 7
[18:43:56.997] [INFO   ] thread dealer step 8
[18:43:56.997] [INFO   ] thread dealer place card step 8
[18:43:56.997] [INFO   ] thread dealer step 9
[18:43:56.997] [INFO   ] thread dealer step 5
[18:43:57.999] [INFO   ] thread dealer step 6
[18:43:57.999] [SEVERE ] updating countdown to 45552
[18:43:57.999] [INFO   ] thread dealer step 7
[18:43:57.999] [INFO   ] thread dealer step 8
[18:43:57.999] [INFO   ] thread dealer place card step 8
[18:43:57.999] [INFO   ] thread dealer step 9
[18:43:57.999] [INFO   ] thread dealer step 5
[18:43:59.004] [INFO   ] thread dealer step 6
[18:43:59.004] [SEVERE ] updating countdown to 44547
[18:43:59.004] [INFO   ] thread dealer step 7
[18:43:59.004] [INFO   ] thread dealer step 8
[18:43:59.007] [INFO   ] thread dealer place card step 8
[18:43:59.007] [INFO   ] thread dealer step 9
[18:43:59.007] [INFO   ] thread dealer step 5
[18:44:00.022] [INFO   ] thread dealer step 6
[18:44:00.022] [SEVERE ] updating countdown to 43529
[18:44:00.022] [INFO   ] thread dealer step 7
[18:44:00.022] [INFO   ] thread dealer step 8
[18:44:00.025] [INFO   ] thread dealer place card step 8
[18:44:00.025] [INFO   ] thread dealer step 9
[18:44:00.025] [INFO   ] thread dealer step 5
[18:44:01.030] [INFO   ] thread dealer step 6
[18:44:01.031] [SEVERE ] updating countdown to 42520
[18:44:01.031] [INFO   ] thread dealer step 7
[18:44:01.031] [INFO   ] thread dealer step 8
[18:44:01.031] [INFO   ] thread dealer place card step 8
[18:44:01.031] [INFO   ] thread dealer step 9
[18:44:01.031] [INFO   ] thread dealer step 5
[18:44:02.041] [INFO   ] thread dealer step 6
[18:44:02.041] [SEVERE ] updating countdown to 41510
[18:44:02.041] [INFO   ] thread dealer step 7
[18:44:02.042] [INFO   ] thread dealer step 8
[18:44:02.042] [INFO   ] thread dealer place card step 8
[18:44:02.042] [INFO   ] thread dealer step 9
[18:44:02.042] [INFO   ] thread dealer step 5
[18:44:03.044] [INFO   ] thread dealer step 6
[18:44:03.044] [SEVERE ] updating countdown to 40507
[18:44:03.046] [INFO   ] thread dealer step 7
[18:44:03.046] [INFO   ] thread dealer step 8
[18:44:03.046] [INFO   ] thread dealer place card step 8
[18:44:03.046] [INFO   ] thread dealer step 9
[18:44:03.046] [INFO   ] thread dealer step 5
[18:44:04.052] [INFO   ] thread dealer step 6
[18:44:04.052] [SEVERE ] updating countdown to 39499
[18:44:04.053] [INFO   ] thread dealer step 7
[18:44:04.053] [INFO   ] thread dealer step 8
[18:44:04.054] [INFO   ] thread dealer place card step 8
[18:44:04.054] [INFO   ] thread dealer step 9
[18:44:04.054] [INFO   ] thread dealer step 5
[18:44:05.055] [INFO   ] thread dealer step 6
[18:44:05.055] [SEVERE ] updating countdown to 38496
[18:44:05.055] [INFO   ] thread dealer step 7
[18:44:05.055] [INFO   ] thread dealer step 8
[18:44:05.058] [INFO   ] thread dealer place card step 8
[18:44:05.058] [INFO   ] thread dealer step 9
[18:44:05.058] [INFO   ] thread dealer step 5
[18:44:06.076] [INFO   ] thread dealer step 6
[18:44:06.077] [SEVERE ] updating countdown to 37474
[18:44:06.077] [INFO   ] thread dealer step 7
[18:44:06.077] [INFO   ] thread dealer step 8
[18:44:06.077] [INFO   ] thread dealer place card step 8
[18:44:06.079] [INFO   ] thread dealer step 9
[18:44:06.079] [INFO   ] thread dealer step 5
[18:44:07.092] [INFO   ] thread dealer step 6
[18:44:07.092] [SEVERE ] updating countdown to 36459
[18:44:07.092] [INFO   ] thread dealer step 7
[18:44:07.092] [INFO   ] thread dealer step 8
[18:44:07.092] [INFO   ] thread dealer place card step 8
[18:44:07.092] [INFO   ] thread dealer step 9
[18:44:07.092] [INFO   ] thread dealer step 5
[18:44:08.107] [INFO   ] thread dealer step 6
[18:44:08.108] [SEVERE ] updating countdown to 35443
[18:44:08.109] [INFO   ] thread dealer step 7
[18:44:08.109] [INFO   ] thread dealer step 8
[18:44:08.109] [INFO   ] thread dealer place card step 8
[18:44:08.109] [INFO   ] thread dealer step 9
[18:44:08.109] [INFO   ] thread dealer step 5
[18:44:09.118] [INFO   ] thread dealer step 6
[18:44:09.118] [SEVERE ] updating countdown to 34433
[18:44:09.118] [INFO   ] thread dealer step 7
[18:44:09.118] [INFO   ] thread dealer step 8
[18:44:09.118] [INFO   ] thread dealer place card step 8
[18:44:09.118] [INFO   ] thread dealer step 9
[18:44:09.118] [INFO   ] thread dealer step 5
[18:44:10.119] [INFO   ] thread dealer step 6
[18:44:10.119] [SEVERE ] updating countdown to 33432
[18:44:10.119] [INFO   ] thread dealer step 7
[18:44:10.119] [INFO   ] thread dealer step 8
[18:44:10.119] [INFO   ] thread dealer place card step 8
[18:44:10.119] [INFO   ] thread dealer step 9
[18:44:10.119] [INFO   ] thread dealer step 5
[18:44:11.133] [INFO   ] thread dealer step 6
[18:44:11.133] [SEVERE ] updating countdown to 32418
[18:44:11.133] [INFO   ] thread dealer step 7
[18:44:11.133] [INFO   ] thread dealer step 8
[18:44:11.133] [INFO   ] thread dealer place card step 8
[18:44:11.133] [INFO   ] thread dealer step 9
[18:44:11.133] [INFO   ] thread dealer step 5
[18:44:12.144] [INFO   ] thread dealer step 6
[18:44:12.144] [SEVERE ] updating countdown to 31407
[18:44:12.144] [INFO   ] thread dealer step 7
[18:44:12.144] [INFO   ] thread dealer step 8
[18:44:12.145] [INFO   ] thread dealer place card step 8
[18:44:12.145] [INFO   ] thread dealer step 9
[18:44:12.145] [INFO   ] thread dealer step 5
[18:44:13.152] [INFO   ] thread dealer step 6
[18:44:13.152] [SEVERE ] updating countdown to 30399
[18:44:13.152] [INFO   ] thread dealer step 7
[18:44:13.152] [INFO   ] thread dealer step 8
[18:44:13.152] [INFO   ] thread dealer place card step 8
[18:44:13.152] [INFO   ] thread dealer step 9
[18:44:13.152] [INFO   ] thread dealer step 5
[18:44:14.168] [INFO   ] thread dealer step 6
[18:44:14.168] [SEVERE ] updating countdown to 29383
[18:44:14.168] [INFO   ] thread dealer step 7
[18:44:14.168] [INFO   ] thread dealer step 8
[18:44:14.169] [INFO   ] thread dealer place card step 8
[18:44:14.169] [INFO   ] thread dealer step 9
[18:44:14.169] [INFO   ] thread dealer step 5
[18:44:15.176] [INFO   ] thread dealer step 6
[18:44:15.176] [SEVERE ] updating countdown to 28375
[18:44:15.176] [SEVERE ] exit button pressed
[18:44:15.176] [INFO   ] thread dealer step 7
[18:44:15.176] [INFO   ] thread dealer step 8
[18:44:15.176] [INFO   ] thread Thread-0 terminated.
[18:44:15.176] [INFO   ] thread dealer place card step 8
[18:44:15.176] [INFO   ] thread dealer step 9
[18:44:15.176] [INFO   ] thread dealer step 5
[18:44:15.176] [INFO   ] thread dealer step 6
[18:44:15.176] [SEVERE ] updating countdown to 28375
[18:44:15.176] [INFO   ] thread dealer step 7
[18:44:15.176] [SEVERE ] setting player 1 freeze to 3000
[18:44:15.176] [INFO   ] thread Thread-1 terminated.
[18:44:16.194] [SEVERE ] setting player 1 freeze to 2000
[18:44:17.208] [SEVERE ] setting player 1 freeze to 1000
[18:44:18.221] [SEVERE ] setting player 1 freeze to 0
[18:44:18.221] [INFO   ] thread dealer step 8
[18:44:18.221] [INFO   ] thread dealer place card step 8
[18:44:18.222] [INFO   ] thread dealer step 9
[18:44:18.222] [SEVERE ] updating countdown to 60000
[18:44:18.332] [SEVERE ] removing card from slot 0
[18:44:18.442] [SEVERE ] removing card from slot 1
[18:44:18.543] [SEVERE ] removing card from slot 2
[18:44:18.654] [SEVERE ] removing card from slot 3
[18:44:18.764] [SEVERE ] removing card from slot 4
[18:44:18.875] [SEVERE ] removing card from slot 5
[18:44:18.985] [SEVERE ] removing card from slot 6
[18:44:19.094] [SEVERE ] removing card from slot 7
[18:44:19.205] [SEVERE ] removing card from slot 8
[18:44:19.316] [SEVERE ] removing card from slot 9
[18:44:19.425] [SEVERE ] removing card from slot 10
[18:44:19.537] [SEVERE ] removing card from slot 11
[18:44:19.537] [INFO   ] thread dealer step ???
[18:44:19.537] [SEVERE ] announcing winner(s): player 1, player 2
[18:44:19.537] [INFO   ] thread dealer terminated.
[18:44:19.537] [INFO   ] thread dealer terminated.
[18:44:19.537] [SEVERE ] thanks for playing... it was fun!
[18:44:19.537] [INFO   ] thread main terminated.
