[18:53:35.018] [INFO   ] thread main starting.
[18:53:35.018] [SEVERE ] cannot read configuration file config.properties trying from resources.
[18:53:35.018] [SEVERE ] configuration file was loaded from resources directory.
[18:53:35.637] [INFO   ] thread dealer starting.
[18:53:35.638] [INFO   ] thread dealer starting.
[18:53:35.638] [SEVERE ] updating countdown to 60000
[18:53:35.640] [INFO   ] thread Thread-0 starting.
[18:53:35.638] [INFO   ] thread Thread-1 starting.
[18:53:35.641] [INFO   ] thread dealer step 1
[18:53:35.653] [INFO   ] thread dealer place card table.
[18:53:35.754] [SEVERE ] placing card 29 in slot 0
[18:53:35.754] [INFO   ] thread dealer place card table. 0.2
[18:53:35.754] [INFO   ] thread dealer place card table.
[18:53:35.869] [SEVERE ] placing card 33 in slot 1
[18:53:35.870] [INFO   ] thread dealer place card table. 0.2
[18:53:35.870] [INFO   ] thread dealer place card table.
[18:53:35.988] [SEVERE ] placing card 77 in slot 2
[18:53:35.988] [INFO   ] thread dealer place card table. 0.2
[18:53:35.988] [INFO   ] thread dealer place card table.
[18:53:36.090] [SEVERE ] placing card 52 in slot 3
[18:53:36.090] [INFO   ] thread dealer place card table. 0.2
[18:53:36.090] [INFO   ] thread dealer place card table.
[18:53:36.193] [SEVERE ] placing card 40 in slot 4
[18:53:36.194] [INFO   ] thread dealer place card table. 0.2
[18:53:36.194] [INFO   ] thread dealer place card table.
[18:53:36.303] [SEVERE ] placing card 3 in slot 5
[18:53:36.303] [INFO   ] thread dealer place card table. 0.2
[18:53:36.303] [INFO   ] thread dealer place card table.
[18:53:36.412] [SEVERE ] placing card 7 in slot 6
[18:53:36.412] [INFO   ] thread dealer place card table. 0.2
[18:53:36.412] [INFO   ] thread dealer place card table.
[18:53:36.523] [SEVERE ] placing card 51 in slot 7
[18:53:36.523] [INFO   ] thread dealer place card table. 0.2
[18:53:36.523] [INFO   ] thread dealer place card table.
[18:53:36.633] [SEVERE ] placing card 45 in slot 8
[18:53:36.633] [INFO   ] thread dealer place card table. 0.2
[18:53:36.634] [INFO   ] thread dealer place card table.
[18:53:36.744] [SEVERE ] placing card 32 in slot 9
[18:53:36.744] [INFO   ] thread dealer place card table. 0.2
[18:53:36.744] [INFO   ] thread dealer place card table.
[18:53:36.855] [SEVERE ] placing card 21 in slot 10
[18:53:36.855] [INFO   ] thread dealer place card table. 0.2
[18:53:36.855] [INFO   ] thread dealer place card table.
[18:53:36.966] [SEVERE ] placing card 10 in slot 11
[18:53:36.966] [INFO   ] thread dealer place card table. 0.2
[18:53:36.966] [INFO   ] thread dealer place card step 8
[18:53:36.966] [INFO   ] thread dealer step 4
[18:53:36.966] [INFO   ] thread dealer step 5
[18:53:37.979] [INFO   ] thread dealer step 6
[18:53:37.979] [SEVERE ] updating countdown to 57662
[18:53:37.979] [INFO   ] thread dealer step 7
[18:53:37.979] [INFO   ] thread dealer step 8
[18:53:37.984] [INFO   ] thread dealer place card step 8
[18:53:37.984] [INFO   ] thread dealer step 9
[18:53:37.984] [INFO   ] thread dealer step 5
[18:53:38.989] [INFO   ] thread dealer step 6
[18:53:38.989] [SEVERE ] updating countdown to 56652
[18:53:38.989] [INFO   ] thread dealer step 7
[18:53:38.989] [INFO   ] thread dealer step 8
[18:53:38.991] [INFO   ] thread dealer place card step 8
[18:53:38.993] [INFO   ] thread dealer step 9
[18:53:38.993] [INFO   ] thread dealer step 5
[18:53:40.000] [INFO   ] thread dealer step 6
[18:53:40.000] [SEVERE ] updating countdown to 55641
[18:53:40.000] [INFO   ] thread dealer step 7
[18:53:40.000] [INFO   ] thread dealer step 8
[18:53:40.000] [INFO   ] thread dealer place card step 8
[18:53:40.000] [INFO   ] thread dealer step 9
[18:53:40.000] [INFO   ] thread dealer step 5
[18:53:41.014] [INFO   ] thread dealer step 6
[18:53:41.014] [SEVERE ] updating countdown to 54627
[18:53:41.014] [INFO   ] thread dealer step 7
[18:53:41.014] [INFO   ] thread dealer step 8
[18:53:41.016] [INFO   ] thread dealer place card step 8
[18:53:41.016] [INFO   ] thread dealer step 9
[18:53:41.016] [INFO   ] thread dealer step 5
[18:53:42.023] [INFO   ] thread dealer step 6
[18:53:42.023] [SEVERE ] updating countdown to 53618
[18:53:42.023] [INFO   ] thread dealer step 7
[18:53:42.023] [INFO   ] thread dealer step 8
[18:53:42.025] [INFO   ] thread dealer place card step 8
[18:53:42.025] [INFO   ] thread dealer step 9
[18:53:42.025] [INFO   ] thread dealer step 5
[18:53:43.029] [INFO   ] thread dealer step 6
[18:53:43.029] [SEVERE ] updating countdown to 52612
[18:53:43.029] [INFO   ] thread dealer step 7
[18:53:43.029] [INFO   ] thread dealer step 8
[18:53:43.031] [INFO   ] thread dealer place card step 8
[18:53:43.031] [INFO   ] thread dealer step 9
[18:53:43.031] [INFO   ] thread dealer step 5
[18:53:44.042] [INFO   ] thread dealer step 6
[18:53:44.042] [SEVERE ] updating countdown to 51599
[18:53:44.042] [INFO   ] thread dealer step 7
[18:53:44.042] [INFO   ] thread dealer step 8
[18:53:44.042] [INFO   ] thread dealer place card step 8
[18:53:44.042] [INFO   ] thread dealer step 9
[18:53:44.042] [INFO   ] thread dealer step 5
[18:53:45.044] [INFO   ] thread dealer step 6
[18:53:45.044] [SEVERE ] updating countdown to 50597
[18:53:45.044] [INFO   ] thread dealer step 7
[18:53:45.044] [INFO   ] thread dealer step 8
[18:53:45.044] [INFO   ] thread dealer place card step 8
[18:53:45.044] [INFO   ] thread dealer step 9
[18:53:45.044] [INFO   ] thread dealer step 5
[18:53:46.056] [INFO   ] thread dealer step 6
[18:53:46.056] [SEVERE ] updating countdown to 49585
[18:53:46.056] [INFO   ] thread dealer step 7
[18:53:46.056] [INFO   ] thread dealer step 8
[18:53:46.057] [INFO   ] thread dealer place card step 8
[18:53:46.057] [INFO   ] thread dealer step 9
[18:53:46.057] [INFO   ] thread dealer step 5
[18:53:47.062] [INFO   ] thread dealer step 6
[18:53:47.062] [SEVERE ] updating countdown to 48579
[18:53:47.062] [INFO   ] thread dealer step 7
[18:53:47.062] [INFO   ] thread dealer step 8
[18:53:47.062] [INFO   ] thread dealer place card step 8
[18:53:47.062] [INFO   ] thread dealer step 9
[18:53:47.062] [INFO   ] thread dealer step 5
[18:53:48.064] [INFO   ] thread dealer step 6
[18:53:48.064] [SEVERE ] updating countdown to 47577
[18:53:48.064] [INFO   ] thread dealer step 7
[18:53:48.064] [INFO   ] thread dealer step 8
[18:53:48.064] [INFO   ] thread dealer place card step 8
[18:53:48.064] [INFO   ] thread dealer step 9
[18:53:48.064] [INFO   ] thread dealer step 5
[18:53:49.076] [INFO   ] thread dealer step 6
[18:53:49.076] [SEVERE ] updating countdown to 46565
[18:53:49.076] [INFO   ] thread dealer step 7
[18:53:49.076] [INFO   ] thread dealer step 8
[18:53:49.076] [INFO   ] thread dealer place card step 8
[18:53:49.076] [INFO   ] thread dealer step 9
[18:53:49.076] [INFO   ] thread dealer step 5
[18:53:50.086] [INFO   ] thread dealer step 6
[18:53:50.086] [SEVERE ] updating countdown to 45555
[18:53:50.086] [INFO   ] thread dealer step 7
[18:53:50.086] [INFO   ] thread dealer step 8
[18:53:50.086] [INFO   ] thread dealer place card step 8
[18:53:50.086] [INFO   ] thread dealer step 9
[18:53:50.086] [INFO   ] thread dealer step 5
[18:53:51.098] [INFO   ] thread dealer step 6
[18:53:51.098] [SEVERE ] updating countdown to 44543
[18:53:51.098] [INFO   ] thread dealer step 7
[18:53:51.098] [INFO   ] thread dealer step 8
[18:53:51.098] [INFO   ] thread dealer place card step 8
[18:53:51.098] [INFO   ] thread dealer step 9
[18:53:51.098] [INFO   ] thread dealer step 5
[18:53:52.111] [INFO   ] thread dealer step 6
[18:53:52.111] [SEVERE ] updating countdown to 43530
[18:53:52.111] [INFO   ] thread dealer step 7
[18:53:52.111] [INFO   ] thread dealer step 8
[18:53:52.111] [INFO   ] thread dealer place card step 8
[18:53:52.111] [INFO   ] thread dealer step 9
[18:53:52.111] [INFO   ] thread dealer step 5
[18:53:53.119] [INFO   ] thread dealer step 6
[18:53:53.119] [SEVERE ] updating countdown to 42522
[18:53:53.119] [INFO   ] thread dealer step 7
[18:53:53.119] [INFO   ] thread dealer step 8
[18:53:53.119] [INFO   ] thread dealer place card step 8
[18:53:53.119] [INFO   ] thread dealer step 9
[18:53:53.119] [INFO   ] thread dealer step 5
[18:53:54.128] [INFO   ] thread dealer step 6
[18:53:54.128] [SEVERE ] updating countdown to 41513
[18:53:54.128] [INFO   ] thread dealer step 7
[18:53:54.128] [INFO   ] thread dealer step 8
[18:53:54.128] [INFO   ] thread dealer place card step 8
[18:53:54.128] [INFO   ] thread dealer step 9
[18:53:54.128] [INFO   ] thread dealer step 5
[18:53:55.142] [INFO   ] thread dealer step 6
[18:53:55.142] [SEVERE ] updating countdown to 40499
[18:53:55.142] [INFO   ] thread dealer step 7
[18:53:55.142] [INFO   ] thread dealer step 8
[18:53:55.142] [INFO   ] thread dealer place card step 8
[18:53:55.142] [INFO   ] thread dealer step 9
[18:53:55.142] [INFO   ] thread dealer step 5
[18:53:56.152] [INFO   ] thread dealer step 6
[18:53:56.152] [SEVERE ] updating countdown to 39489
[18:53:56.152] [INFO   ] thread dealer step 7
[18:53:56.152] [INFO   ] thread dealer step 8
[18:53:56.152] [INFO   ] thread dealer place card step 8
[18:53:56.152] [INFO   ] thread dealer step 9
[18:53:56.152] [INFO   ] thread dealer step 5
[18:53:57.163] [INFO   ] thread dealer step 6
[18:53:57.163] [SEVERE ] updating countdown to 38478
[18:53:57.163] [INFO   ] thread dealer step 7
[18:53:57.163] [INFO   ] thread dealer step 8
[18:53:57.163] [INFO   ] thread dealer place card step 8
[18:53:57.163] [INFO   ] thread dealer step 9
[18:53:57.163] [INFO   ] thread dealer step 5
[18:53:58.171] [INFO   ] thread dealer step 6
[18:53:58.171] [SEVERE ] updating countdown to 37470
[18:53:58.171] [INFO   ] thread dealer step 7
[18:53:58.171] [INFO   ] thread dealer step 8
[18:53:58.171] [INFO   ] thread dealer place card step 8
[18:53:58.171] [INFO   ] thread dealer step 9
[18:53:58.171] [INFO   ] thread dealer step 5
[18:53:59.183] [INFO   ] thread dealer step 6
[18:53:59.183] [SEVERE ] updating countdown to 36458
[18:53:59.183] [INFO   ] thread dealer step 7
[18:53:59.184] [INFO   ] thread dealer step 8
[18:53:59.184] [INFO   ] thread dealer place card step 8
[18:53:59.184] [INFO   ] thread dealer step 9
[18:53:59.184] [INFO   ] thread dealer step 5
[18:54:00.194] [INFO   ] thread dealer step 6
[18:54:00.194] [SEVERE ] updating countdown to 35447
[18:54:00.194] [INFO   ] thread dealer step 7
[18:54:00.194] [INFO   ] thread dealer step 8
[18:54:00.194] [INFO   ] thread dealer place card step 8
[18:54:00.194] [INFO   ] thread dealer step 9
[18:54:00.194] [INFO   ] thread dealer step 5
[18:54:01.207] [INFO   ] thread dealer step 6
[18:54:01.207] [SEVERE ] updating countdown to 34434
[18:54:01.207] [INFO   ] thread dealer step 7
[18:54:01.207] [INFO   ] thread dealer step 8
[18:54:01.207] [INFO   ] thread dealer place card step 8
[18:54:01.207] [INFO   ] thread dealer step 9
[18:54:01.207] [INFO   ] thread dealer step 5
[18:54:02.219] [INFO   ] thread dealer step 6
[18:54:02.219] [SEVERE ] updating countdown to 33422
[18:54:02.219] [INFO   ] thread dealer step 7
[18:54:02.219] [INFO   ] thread dealer step 8
[18:54:02.219] [INFO   ] thread dealer place card step 8
[18:54:02.219] [INFO   ] thread dealer step 9
[18:54:02.219] [INFO   ] thread dealer step 5
[18:54:03.228] [INFO   ] thread dealer step 6
[18:54:03.228] [SEVERE ] updating countdown to 32413
[18:54:03.228] [INFO   ] thread dealer step 7
[18:54:03.228] [INFO   ] thread dealer step 8
[18:54:03.228] [INFO   ] thread dealer place card step 8
[18:54:03.228] [INFO   ] thread dealer step 9
[18:54:03.228] [INFO   ] thread dealer step 5
[18:54:04.235] [INFO   ] thread dealer step 6
[18:54:04.235] [SEVERE ] updating countdown to 31406
[18:54:04.235] [INFO   ] thread dealer step 7
[18:54:04.235] [INFO   ] thread dealer step 8
[18:54:04.235] [INFO   ] thread dealer place card step 8
[18:54:04.235] [INFO   ] thread dealer step 9
[18:54:04.235] [INFO   ] thread dealer step 5
[18:54:05.243] [INFO   ] thread dealer step 6
[18:54:05.243] [SEVERE ] updating countdown to 30398
[18:54:05.243] [INFO   ] thread dealer step 7
[18:54:05.243] [INFO   ] thread dealer step 8
[18:54:05.244] [INFO   ] thread dealer place card step 8
[18:54:05.244] [INFO   ] thread dealer step 9
[18:54:05.244] [INFO   ] thread dealer step 5
[18:54:06.255] [INFO   ] thread dealer step 6
[18:54:06.255] [SEVERE ] updating countdown to 29386
[18:54:06.255] [INFO   ] thread dealer step 7
[18:54:06.255] [INFO   ] thread dealer step 8
[18:54:06.255] [INFO   ] thread dealer place card step 8
[18:54:06.255] [INFO   ] thread dealer step 9
[18:54:06.255] [INFO   ] thread dealer step 5
[18:54:07.259] [INFO   ] thread dealer step 6
[18:54:07.259] [SEVERE ] updating countdown to 28382
[18:54:07.259] [INFO   ] thread dealer step 7
[18:54:07.259] [INFO   ] thread dealer step 8
[18:54:07.261] [INFO   ] thread dealer place card step 8
[18:54:07.261] [INFO   ] thread dealer step 9
[18:54:07.261] [INFO   ] thread dealer step 5
[18:54:08.275] [INFO   ] thread dealer step 6
[18:54:08.275] [SEVERE ] updating countdown to 27366
[18:54:08.275] [INFO   ] thread dealer step 7
[18:54:08.276] [INFO   ] thread dealer step 8
[18:54:08.278] [INFO   ] thread dealer place card step 8
[18:54:08.278] [INFO   ] thread dealer step 9
[18:54:08.278] [INFO   ] thread dealer step 5
