[18:55:56.709] [INFO   ] thread main starting.
[18:55:56.717] [SEVERE ] cannot read configuration file config.properties trying from resources.
[18:55:56.717] [SEVERE ] configuration file was loaded from resources directory.
[18:55:57.308] [INFO   ] thread dealer starting.
[18:55:57.308] [INFO   ] thread dealer starting.
[18:55:57.308] [SEVERE ] updating countdown to 60000
[18:55:57.310] [INFO   ] thread Thread-1 starting.
[18:55:57.308] [INFO   ] thread Thread-0 starting.
[18:55:57.311] [INFO   ] thread dealer step 1
[18:55:57.318] [INFO   ] thread dealer place card table.
[18:55:57.424] [SEVERE ] placing card 53 in slot 0
[18:55:57.424] [INFO   ] thread dealer place card table. 0.2
[18:55:57.424] [INFO   ] thread dealer place card table.
[18:55:57.527] [SEVERE ] placing card 69 in slot 1
[18:55:57.527] [INFO   ] thread dealer place card table. 0.2
[18:55:57.527] [INFO   ] thread dealer place card table.
[18:55:57.638] [SEVERE ] placing card 60 in slot 2
[18:55:57.638] [INFO   ] thread dealer place card table. 0.2
[18:55:57.638] [INFO   ] thread dealer place card table.
[18:55:57.747] [SEVERE ] placing card 38 in slot 3
[18:55:57.747] [INFO   ] thread dealer place card table. 0.2
[18:55:57.747] [INFO   ] thread dealer place card table.
[18:55:57.857] [SEVERE ] placing card 73 in slot 4
[18:55:57.857] [INFO   ] thread dealer place card table. 0.2
[18:55:57.857] [INFO   ] thread dealer place card table.
[18:55:57.967] [SEVERE ] placing card 23 in slot 5
[18:55:57.967] [INFO   ] thread dealer place card table. 0.2
[18:55:57.967] [INFO   ] thread dealer place card table.
[18:55:58.077] [SEVERE ] placing card 59 in slot 6
[18:55:58.077] [INFO   ] thread dealer place card table. 0.2
[18:55:58.077] [INFO   ] thread dealer place card table.
[18:55:58.187] [SEVERE ] placing card 68 in slot 7
[18:55:58.187] [INFO   ] thread dealer place card table. 0.2
[18:55:58.187] [INFO   ] thread dealer place card table.
[18:55:58.296] [SEVERE ] placing card 77 in slot 8
[18:55:58.296] [INFO   ] thread dealer place card table. 0.2
[18:55:58.296] [INFO   ] thread dealer place card table.
[18:55:58.407] [SEVERE ] placing card 80 in slot 9
[18:55:58.407] [INFO   ] thread dealer place card table. 0.2
[18:55:58.407] [INFO   ] thread dealer place card table.
[18:55:58.515] [SEVERE ] placing card 75 in slot 10
[18:55:58.515] [INFO   ] thread dealer place card table. 0.2
[18:55:58.515] [INFO   ] thread dealer place card table.
[18:55:58.625] [SEVERE ] placing card 79 in slot 11
[18:55:58.625] [INFO   ] thread dealer place card table. 0.2
[18:55:58.625] [INFO   ] thread dealer place card step 8
[18:55:58.625] [INFO   ] thread dealer step 4
[18:55:58.625] [INFO   ] thread dealer step 5
[18:55:59.632] [INFO   ] thread dealer step 6
[18:55:59.632] [SEVERE ] updating countdown to 57679
[18:55:59.632] [INFO   ] thread dealer step 7
[18:55:59.632] [INFO   ] thread dealer step 8
[18:55:59.632] [INFO   ] thread dealer place card step 8
[18:55:59.632] [INFO   ] thread dealer step 9
[18:55:59.632] [INFO   ] thread dealer step 5
[18:56:00.641] [INFO   ] thread dealer step 6
[18:56:00.641] [SEVERE ] updating countdown to 56670
[18:56:00.641] [INFO   ] thread dealer step 7
[18:56:00.641] [INFO   ] thread dealer step 8
[18:56:00.643] [INFO   ] thread dealer place card step 8
[18:56:00.643] [INFO   ] thread dealer step 9
[18:56:00.643] [INFO   ] thread dealer step 5
[18:56:01.658] [INFO   ] thread dealer step 6
[18:56:01.658] [SEVERE ] updating countdown to 55653
[18:56:01.658] [INFO   ] thread dealer step 7
[18:56:01.658] [INFO   ] thread dealer step 8
[18:56:01.658] [INFO   ] thread dealer place card step 8
[18:56:01.658] [INFO   ] thread dealer step 9
[18:56:01.658] [INFO   ] thread dealer step 5
[18:56:02.668] [INFO   ] thread dealer step 6
[18:56:02.668] [SEVERE ] updating countdown to 54643
[18:56:02.668] [INFO   ] thread dealer step 7
[18:56:02.668] [INFO   ] thread dealer step 8
[18:56:02.668] [INFO   ] thread dealer place card step 8
[18:56:02.668] [INFO   ] thread dealer step 9
[18:56:02.668] [INFO   ] thread dealer step 5
[18:56:03.676] [INFO   ] thread dealer step 6
[18:56:03.676] [SEVERE ] updating countdown to 53635
[18:56:03.676] [INFO   ] thread dealer step 7
[18:56:03.676] [INFO   ] thread dealer step 8
[18:56:03.676] [INFO   ] thread dealer place card step 8
[18:56:03.676] [INFO   ] thread dealer step 9
[18:56:03.676] [INFO   ] thread dealer step 5
[18:56:04.683] [INFO   ] thread dealer step 6
[18:56:04.683] [SEVERE ] updating countdown to 52628
[18:56:04.683] [INFO   ] thread dealer step 7
[18:56:04.683] [INFO   ] thread dealer step 8
[18:56:04.683] [INFO   ] thread dealer place card step 8
[18:56:04.683] [INFO   ] thread dealer step 9
[18:56:04.683] [INFO   ] thread dealer step 5
[18:56:05.688] [INFO   ] thread dealer step 6
[18:56:05.688] [SEVERE ] updating countdown to 51623
[18:56:05.688] [INFO   ] thread dealer step 7
[18:56:05.688] [INFO   ] thread dealer step 8
[18:56:05.688] [INFO   ] thread dealer place card step 8
[18:56:05.688] [INFO   ] thread dealer step 9
[18:56:05.688] [INFO   ] thread dealer step 5
[18:56:06.697] [INFO   ] thread dealer step 6
[18:56:06.697] [SEVERE ] updating countdown to 50614
[18:56:06.697] [INFO   ] thread dealer step 7
[18:56:06.697] [INFO   ] thread dealer step 8
[18:56:06.697] [INFO   ] thread dealer place card step 8
[18:56:06.697] [INFO   ] thread dealer step 9
[18:56:06.697] [INFO   ] thread dealer step 5
[18:56:07.713] [INFO   ] thread dealer step 6
[18:56:07.713] [SEVERE ] updating countdown to 49598
[18:56:07.713] [INFO   ] thread dealer step 7
[18:56:07.713] [INFO   ] thread dealer step 8
[18:56:07.713] [INFO   ] thread dealer place card step 8
[18:56:07.713] [INFO   ] thread dealer step 9
[18:56:07.713] [INFO   ] thread dealer step 5
[18:56:08.728] [INFO   ] thread dealer step 6
[18:56:08.728] [SEVERE ] updating countdown to 48583
[18:56:08.729] [INFO   ] thread dealer step 7
[18:56:08.729] [INFO   ] thread dealer step 8
[18:56:08.730] [INFO   ] thread dealer place card step 8
[18:56:08.730] [INFO   ] thread dealer step 9
[18:56:08.730] [INFO   ] thread dealer step 5
[18:56:09.736] [INFO   ] thread dealer step 6
[18:56:09.736] [SEVERE ] updating countdown to 47575
[18:56:09.736] [INFO   ] thread dealer step 7
[18:56:09.736] [INFO   ] thread dealer step 8
[18:56:09.736] [INFO   ] thread dealer place card step 8
[18:56:09.736] [INFO   ] thread dealer step 9
[18:56:09.736] [INFO   ] thread dealer step 5
[18:56:10.747] [INFO   ] thread dealer step 6
[18:56:10.747] [SEVERE ] updating countdown to 46564
[18:56:10.747] [INFO   ] thread dealer step 7
[18:56:10.747] [INFO   ] thread dealer step 8
[18:56:10.749] [INFO   ] thread dealer place card step 8
[18:56:10.749] [INFO   ] thread dealer step 9
[18:56:10.749] [INFO   ] thread dealer step 5
[18:56:11.754] [INFO   ] thread dealer step 6
[18:56:11.754] [SEVERE ] updating countdown to 45557
[18:56:11.754] [INFO   ] thread dealer step 7
[18:56:11.754] [INFO   ] thread dealer step 8
[18:56:11.754] [INFO   ] thread dealer place card step 8
[18:56:11.754] [INFO   ] thread dealer step 9
[18:56:11.754] [INFO   ] thread dealer step 5
[18:56:12.764] [INFO   ] thread dealer step 6
[18:56:12.764] [SEVERE ] updating countdown to 44547
[18:56:12.764] [INFO   ] thread dealer step 7
[18:56:12.764] [INFO   ] thread dealer step 8
[18:56:12.764] [INFO   ] thread dealer place card step 8
[18:56:12.764] [INFO   ] thread dealer step 9
[18:56:12.764] [INFO   ] thread dealer step 5
[18:56:13.773] [INFO   ] thread dealer step 6
[18:56:13.773] [SEVERE ] updating countdown to 43538
[18:56:13.773] [INFO   ] thread dealer step 7
[18:56:13.773] [INFO   ] thread dealer step 8
[18:56:13.773] [INFO   ] thread dealer place card step 8
[18:56:13.773] [INFO   ] thread dealer step 9
[18:56:13.773] [INFO   ] thread dealer step 5
[18:56:14.782] [INFO   ] thread dealer step 6
[18:56:14.782] [SEVERE ] updating countdown to 42529
[18:56:14.782] [INFO   ] thread dealer step 7
[18:56:14.782] [INFO   ] thread dealer step 8
[18:56:14.782] [INFO   ] thread dealer place card step 8
[18:56:14.782] [INFO   ] thread dealer step 9
[18:56:14.782] [INFO   ] thread dealer step 5
[18:56:15.791] [INFO   ] thread dealer step 6
[18:56:15.791] [SEVERE ] updating countdown to 41520
[18:56:15.791] [INFO   ] thread dealer step 7
[18:56:15.791] [INFO   ] thread dealer step 8
[18:56:15.791] [INFO   ] thread dealer place card step 8
[18:56:15.791] [INFO   ] thread dealer step 9
[18:56:15.791] [INFO   ] thread dealer step 5
[18:56:16.317] [SEVERE ] key 81 was pressed by player 1
[18:56:16.317] [SEVERE ] player 1 placing token on slot 0
[18:56:16.470] [SEVERE ] key 87 was pressed by player 1
[18:56:16.470] [SEVERE ] player 1 placing token on slot 1
[18:56:16.660] [SEVERE ] key 69 was pressed by player 1
[18:56:16.660] [SEVERE ] player 1 placing token on slot 2
[18:56:16.660] [INFO   ] thread dealer step 6
[18:56:16.660] [SEVERE ] updating countdown to 40651
[18:56:16.676] [INFO   ] thread dealer step 7
[18:56:16.676] [SEVERE ] setting player 1 freeze to 3000
[18:56:17.679] [SEVERE ] setting player 1 freeze to 2000
[18:56:18.688] [SEVERE ] setting player 1 freeze to 1000
[18:56:19.703] [SEVERE ] setting player 1 freeze to 0
[18:56:19.703] [INFO   ] thread dealer step 8
[18:56:19.703] [INFO   ] thread dealer place card step 8
[18:56:19.703] [INFO   ] thread dealer step 9
[18:56:19.703] [INFO   ] thread dealer step 5
[18:56:19.703] [INFO   ] thread dealer step 6
[18:56:19.703] [SEVERE ] updating countdown to 37608
[18:56:19.703] [INFO   ] thread dealer step 7
[18:56:19.703] [SEVERE ] setting player 1 freeze to 3000
[18:56:20.711] [SEVERE ] setting player 1 freeze to 2000
[18:56:21.720] [SEVERE ] setting player 1 freeze to 1000
[18:56:22.726] [SEVERE ] setting player 1 freeze to 0
[18:56:22.726] [SEVERE ] setting player 1 freeze to 3000
[18:56:23.736] [SEVERE ] setting player 1 freeze to 2000
[18:56:24.744] [SEVERE ] setting player 1 freeze to 1000
[18:56:25.753] [SEVERE ] setting player 1 freeze to 0
[18:56:25.753] [INFO   ] thread dealer step 8
[18:56:25.753] [INFO   ] thread dealer place card step 8
[18:56:25.753] [INFO   ] thread dealer step 9
[18:56:25.753] [INFO   ] thread dealer step 5
[18:56:25.753] [INFO   ] thread dealer step 6
[18:56:25.753] [SEVERE ] updating countdown to 31558
[18:56:25.753] [INFO   ] thread dealer step 7
[18:56:25.753] [SEVERE ] setting player 1 freeze to 3000
[18:56:26.758] [SEVERE ] setting player 1 freeze to 2000
[18:56:27.761] [SEVERE ] setting player 1 freeze to 1000
[18:56:28.769] [SEVERE ] setting player 1 freeze to 0
[18:56:28.769] [SEVERE ] setting player 1 freeze to 3000
[18:56:28.941] [SEVERE ] exit button pressed
[18:56:29.773] [SEVERE ] setting player 1 freeze to 2000
[18:56:30.782] [SEVERE ] setting player 1 freeze to 1000
[18:56:31.788] [SEVERE ] setting player 1 freeze to 0
[18:56:31.788] [SEVERE ] setting player 1 freeze to 3000
[18:56:32.798] [SEVERE ] setting player 1 freeze to 2000
[18:56:33.805] [SEVERE ] setting player 1 freeze to 1000
[18:56:34.816] [SEVERE ] setting player 1 freeze to 0
[18:56:34.816] [INFO   ] thread dealer step 8
[18:56:34.816] [INFO   ] thread Thread-0 terminated.
[18:56:34.816] [INFO   ] thread dealer place card step 8
[18:56:34.818] [INFO   ] thread dealer step 9
[18:56:34.818] [INFO   ] thread dealer step 5
[18:56:34.818] [INFO   ] thread dealer step 6
[18:56:34.818] [SEVERE ] updating countdown to 22493
[18:56:34.818] [INFO   ] thread Thread-1 terminated.
[18:56:34.818] [INFO   ] thread dealer step 7
[18:56:34.818] [SEVERE ] setting player 1 freeze to 3000
[18:56:35.823] [SEVERE ] setting player 1 freeze to 2000
[18:56:36.833] [SEVERE ] setting player 1 freeze to 1000
[18:56:37.845] [SEVERE ] setting player 1 freeze to 0
[18:56:37.845] [SEVERE ] setting player 1 freeze to 3000
[18:56:38.855] [SEVERE ] setting player 1 freeze to 2000
[18:56:39.864] [SEVERE ] setting player 1 freeze to 1000
[18:56:40.867] [SEVERE ] setting player 1 freeze to 0
[18:56:40.867] [SEVERE ] setting player 1 freeze to 3000
[18:56:41.874] [SEVERE ] setting player 1 freeze to 2000
[18:56:42.879] [SEVERE ] setting player 1 freeze to 1000
[18:56:43.889] [SEVERE ] setting player 1 freeze to 0
[18:56:43.889] [SEVERE ] setting player 2 freeze to 3000
[18:56:44.903] [SEVERE ] setting player 2 freeze to 2000
[18:56:45.910] [SEVERE ] setting player 2 freeze to 1000
[18:56:46.914] [SEVERE ] setting player 2 freeze to 0
[18:56:46.915] [INFO   ] thread dealer step 8
[18:56:46.916] [INFO   ] thread dealer place card step 8
[18:56:46.916] [INFO   ] thread dealer step 9
[18:56:46.916] [SEVERE ] updating countdown to 60000
[18:56:46.921] [INFO   ] thread dealer terminated.
[18:56:46.921] [SEVERE ] thanks for playing... it was fun!
[18:56:46.921] [INFO   ] thread main terminated.
