[13:29:21.125] [INFO   ] thread main starting.
[13:29:21.133] [SEVERE ] cannot read configuration file config.properties trying from resources.
[13:29:21.142] [SEVERE ] configuration file was loaded from resources directory.
[13:29:21.771] [INFO   ] thread dealer starting.
[13:29:21.771] [INFO   ] thread dealer starting.
[13:29:21.771] [SEVERE ] updating countdown to 60000
[13:29:21.771] [INFO   ] thread Thread-0 starting.
[13:29:21.773] [INFO   ] thread Thread-1 starting.
[13:29:21.887] [SEVERE ] placing card 30 in slot 0
[13:29:22.000] [SEVERE ] placing card 60 in slot 1
[13:29:22.114] [SEVERE ] placing card 37 in slot 2
[13:29:22.218] [SEVERE ] placing card 55 in slot 3
[13:29:22.331] [SEVERE ] placing card 23 in slot 4
[13:29:22.438] [SEVERE ] placing card 31 in slot 5
[13:29:22.552] [SEVERE ] placing card 66 in slot 6
[13:29:22.666] [SEVERE ] placing card 57 in slot 7
[13:29:22.772] [SEVERE ] placing card 53 in slot 8
[13:29:22.878] [SEVERE ] placing card 47 in slot 9
[13:29:22.992] [SEVERE ] placing card 51 in slot 10
[13:29:23.106] [SEVERE ] placing card 59 in slot 11
[13:29:24.112] [SEVERE ] updating countdown to 57661
[13:29:24.112] [SEVERE ] setting player 1 freeze to 100
[13:29:24.221] [SEVERE ] setting player 2 freeze to 100
[13:29:25.334] [SEVERE ] updating countdown to 56439
[13:29:25.334] [SEVERE ] setting player 1 freeze to 100
[13:29:25.444] [SEVERE ] setting player 2 freeze to 100
[13:29:26.354] [SEVERE ] key 47 was pressed by player 2
[13:29:26.354] [SEVERE ] player 2 placing token on slot 11
[13:29:26.557] [SEVERE ] updating countdown to 55216
[13:29:26.557] [SEVERE ] setting player 1 freeze to 100
[13:29:26.667] [SEVERE ] setting player 2 freeze to 100
[13:29:27.784] [SEVERE ] updating countdown to 53989
[13:29:27.784] [SEVERE ] setting player 1 freeze to 100
[13:29:27.898] [SEVERE ] setting player 2 freeze to 100
[13:29:29.019] [SEVERE ] updating countdown to 52754
[13:29:29.019] [SEVERE ] setting player 1 freeze to 100
[13:29:29.126] [SEVERE ] setting player 2 freeze to 100
[13:29:30.232] [SEVERE ] updating countdown to 51541
[13:29:30.232] [SEVERE ] setting player 1 freeze to 100
[13:29:30.338] [SEVERE ] setting player 2 freeze to 100
[13:29:30.551] [SEVERE ] key 80 was pressed by player 2
[13:29:30.551] [SEVERE ] player 2 placing token on slot 3
[13:29:31.455] [SEVERE ] updating countdown to 50318
[13:29:31.455] [SEVERE ] setting player 1 freeze to 100
[13:29:31.570] [SEVERE ] setting player 2 freeze to 100
[13:29:32.211] [SEVERE ] key 73 was pressed by player 2
[13:29:32.211] [SEVERE ] player 2 placing token on slot 1
[13:29:32.211] [SEVERE ] updating countdown to 49562
[13:29:32.211] [SEVERE ] setting player 1 freeze to 100
[13:29:32.326] [SEVERE ] setting player 2 freeze to 100
[13:29:32.440] [INFO   ] removed slot 11
[13:29:32.440] [INFO   ] point step 1
[13:29:32.440] [SEVERE ] setting player 2 score to 1
[13:29:32.440] [SEVERE ] setting player 2 freeze to 1000
[13:29:32.440] [INFO   ] point step 2
[13:29:33.453] [SEVERE ] setting player 2 freeze to 0
[13:29:33.453] [INFO   ] removed slot 11
[13:29:33.453] [SEVERE ] removing player 2 token from slot 11
[13:29:33.563] [SEVERE ] removing card from slot 11
[13:29:33.563] [SEVERE ] updating countdown to 60000
[13:29:33.563] [INFO   ] removed slot 3
[13:29:33.563] [SEVERE ] removing player 2 token from slot 3
[13:29:33.673] [SEVERE ] removing card from slot 3
[13:29:33.673] [SEVERE ] updating countdown to 60000
[13:29:33.673] [INFO   ] removed slot 1
[13:29:33.673] [SEVERE ] removing player 2 token from slot 1
[13:29:33.783] [SEVERE ] removing card from slot 1
[13:29:33.783] [SEVERE ] updating countdown to 60000
[13:29:33.783] [INFO   ] thread dealer terminated.
[13:29:38.793] [SEVERE ] thanks for playing... it was fun!
[13:29:38.793] [INFO   ] thread main terminated.
[13:29:38.793] [SEVERE ] disposing of user interface elements
