[12:09:42.907] [INFO   ] thread main starting.
[12:09:42.915] [SEVERE ] cannot read configuration file config.properties trying from resources.
[12:09:42.923] [SEVERE ] configuration file was loaded from resources directory.
[12:09:43.540] [INFO   ] thread dealer starting.
[12:09:43.540] [INFO   ] thread dealer starting.
[12:09:43.541] [SEVERE ] updating countdown to 60000
[12:09:43.541] [INFO   ] thread Thread-1 starting.
[12:09:43.541] [INFO   ] thread Thread-0 starting.
[12:09:43.543] [INFO   ] thread dealer step 1
[12:09:43.549] [INFO   ] thread dealer place card table.
[12:09:43.655] [SEVERE ] placing card 49 in slot 0
[12:09:43.655] [INFO   ] thread dealer place card table. 0.2
[12:09:43.655] [INFO   ] thread dealer place card table.
[12:09:43.769] [SEVERE ] placing card 44 in slot 1
[12:09:43.770] [INFO   ] thread dealer place card table. 0.2
[12:09:43.770] [INFO   ] thread dealer place card table.
[12:09:43.883] [SEVERE ] placing card 27 in slot 2
[12:09:43.883] [INFO   ] thread dealer place card table. 0.2
[12:09:43.883] [INFO   ] thread dealer place card table.
[12:09:43.997] [SEVERE ] placing card 32 in slot 3
[12:09:43.997] [INFO   ] thread dealer place card table. 0.2
[12:09:43.997] [INFO   ] thread dealer place card table.
[12:09:44.107] [SEVERE ] placing card 30 in slot 4
[12:09:44.108] [INFO   ] thread dealer place card table. 0.2
[12:09:44.108] [INFO   ] thread dealer place card table.
[12:09:44.219] [SEVERE ] placing card 41 in slot 5
[12:09:44.219] [INFO   ] thread dealer place card table. 0.2
[12:09:44.219] [INFO   ] thread dealer place card table.
[12:09:44.333] [SEVERE ] placing card 78 in slot 6
[12:09:44.333] [INFO   ] thread dealer place card table. 0.2
[12:09:44.333] [INFO   ] thread dealer place card table.
[12:09:44.446] [SEVERE ] placing card 1 in slot 7
[12:09:44.446] [INFO   ] thread dealer place card table. 0.2
[12:09:44.446] [INFO   ] thread dealer place card table.
[12:09:44.558] [SEVERE ] placing card 42 in slot 8
[12:09:44.558] [INFO   ] thread dealer place card table. 0.2
[12:09:44.558] [INFO   ] thread dealer place card table.
[12:09:44.669] [SEVERE ] placing card 35 in slot 9
[12:09:44.669] [INFO   ] thread dealer place card table. 0.2
[12:09:44.669] [INFO   ] thread dealer place card table.
[12:09:44.778] [SEVERE ] placing card 0 in slot 10
[12:09:44.778] [INFO   ] thread dealer place card table. 0.2
[12:09:44.778] [INFO   ] thread dealer place card table.
[12:09:44.888] [SEVERE ] placing card 12 in slot 11
[12:09:44.888] [INFO   ] thread dealer place card table. 0.2
[12:09:44.888] [INFO   ] thread dealer place card step 8
[12:09:44.888] [INFO   ] thread dealer step 4
[12:09:45.903] [SEVERE ] updating countdown to 57640
[12:09:45.903] [SEVERE ] setting player 1 freeze to 100
[12:09:46.013] [SEVERE ] setting player 2 freeze to 100
[12:09:46.122] [INFO   ] thread dealer place card step 8
[12:09:47.138] [SEVERE ] updating countdown to 56405
[12:09:47.138] [SEVERE ] setting player 1 freeze to 100
[12:09:47.247] [SEVERE ] setting player 2 freeze to 100
[12:09:47.356] [INFO   ] thread dealer place card step 8
[12:09:48.371] [SEVERE ] updating countdown to 55172
[12:09:48.371] [SEVERE ] setting player 1 freeze to 100
[12:09:48.479] [SEVERE ] setting player 2 freeze to 100
[12:09:48.589] [INFO   ] thread dealer place card step 8
[12:09:49.596] [SEVERE ] updating countdown to 53947
[12:09:49.596] [SEVERE ] setting player 1 freeze to 100
[12:09:49.705] [SEVERE ] setting player 2 freeze to 100
[12:09:49.816] [INFO   ] thread dealer place card step 8
[12:09:50.831] [SEVERE ] updating countdown to 52712
[12:09:50.831] [SEVERE ] setting player 1 freeze to 100
[12:09:50.940] [SEVERE ] setting player 2 freeze to 100
[12:09:51.050] [INFO   ] thread dealer place card step 8
[12:09:52.058] [SEVERE ] updating countdown to 51485
[12:09:52.058] [SEVERE ] setting player 1 freeze to 100
[12:09:52.168] [SEVERE ] setting player 2 freeze to 100
[12:09:52.276] [INFO   ] thread dealer place card step 8
[12:09:53.204] [SEVERE ] key 76 was pressed by player 2
[12:09:53.204] [SEVERE ] player 2 placing token on slot 6
[12:09:53.282] [SEVERE ] updating countdown to 50261
[12:09:53.282] [SEVERE ] setting player 1 freeze to 100
[12:09:53.391] [SEVERE ] setting player 2 freeze to 100
[12:09:53.501] [INFO   ] thread dealer place card step 8
[12:09:54.502] [SEVERE ] updating countdown to 49041
[12:09:54.502] [SEVERE ] setting player 1 freeze to 100
[12:09:54.612] [SEVERE ] setting player 2 freeze to 100
[12:09:54.722] [INFO   ] thread dealer place card step 8
[12:09:55.722] [SEVERE ] updating countdown to 47821
[12:09:55.722] [SEVERE ] setting player 1 freeze to 100
[12:09:55.832] [SEVERE ] setting player 2 freeze to 100
[12:09:55.942] [INFO   ] thread dealer place card step 8
[12:09:56.943] [SEVERE ] updating countdown to 46600
[12:09:56.943] [SEVERE ] setting player 1 freeze to 100
[12:09:57.005] [SEVERE ] key 79 was pressed by player 2
[12:09:57.005] [SEVERE ] player 2 placing token on slot 2
[12:09:57.052] [SEVERE ] setting player 2 freeze to 100
[12:09:57.162] [INFO   ] thread dealer place card step 8
[12:09:58.165] [SEVERE ] updating countdown to 45378
[12:09:58.165] [SEVERE ] setting player 1 freeze to 100
[12:09:58.274] [SEVERE ] setting player 2 freeze to 100
[12:09:58.384] [INFO   ] thread dealer place card step 8
[12:09:59.386] [SEVERE ] updating countdown to 44157
[12:09:59.386] [SEVERE ] setting player 1 freeze to 100
[12:09:59.417] [SEVERE ] key 59 was pressed by player 2
[12:09:59.417] [SEVERE ] player 2 placing token on slot 7
[12:09:59.495] [SEVERE ] setting player 2 freeze to 100
[12:09:59.605] [SEVERE ] setting player 2 freeze to 3000
[12:10:00.265] [SEVERE ] key 59 was pressed by player 2
[12:10:00.618] [SEVERE ] setting player 2 freeze to 2000
[12:10:01.632] [SEVERE ] setting player 2 freeze to 1000
[12:10:02.572] [SEVERE ] key 59 was pressed by player 2
[12:10:02.645] [SEVERE ] setting player 2 freeze to 0
[12:10:02.645] [INFO   ] thread dealer place card step 8
[12:10:02.645] [SEVERE ] updating countdown to 40898
[12:10:02.645] [SEVERE ] setting player 1 freeze to 100
[12:10:02.760] [SEVERE ] setting player 2 freeze to 100
[12:10:02.862] [SEVERE ] setting player 2 freeze to 3000
[12:10:03.878] [SEVERE ] setting player 2 freeze to 2000
[12:10:04.882] [SEVERE ] setting player 2 freeze to 1000
[12:10:05.897] [SEVERE ] setting player 2 freeze to 0
[12:10:05.897] [INFO   ] thread dealer place card step 8
[12:10:05.897] [SEVERE ] updating countdown to 37646
[12:10:05.897] [SEVERE ] setting player 1 freeze to 100
[12:10:06.007] [SEVERE ] setting player 2 freeze to 100
[12:10:06.109] [SEVERE ] setting player 2 freeze to 3000
[12:10:07.110] [SEVERE ] setting player 2 freeze to 2000
[12:10:08.113] [SEVERE ] setting player 2 freeze to 1000
[12:10:09.116] [SEVERE ] setting player 2 freeze to 0
[12:10:09.116] [SEVERE ] setting player 2 freeze to 3000
[12:10:10.118] [SEVERE ] setting player 2 freeze to 2000
[12:10:11.123] [SEVERE ] setting player 2 freeze to 1000
[12:10:12.128] [SEVERE ] setting player 2 freeze to 0
[12:10:12.128] [INFO   ] thread dealer place card step 8
[12:10:12.128] [SEVERE ] updating countdown to 31415
[12:10:12.128] [SEVERE ] setting player 1 freeze to 100
[12:10:12.237] [SEVERE ] setting player 2 freeze to 100
[12:10:12.346] [SEVERE ] setting player 2 freeze to 3000
[12:10:13.352] [SEVERE ] setting player 2 freeze to 2000
[12:10:14.367] [SEVERE ] setting player 2 freeze to 1000
[12:10:15.369] [SEVERE ] setting player 2 freeze to 0
[12:10:15.369] [SEVERE ] setting player 2 freeze to 3000
[12:10:16.384] [SEVERE ] setting player 2 freeze to 2000
[12:10:16.701] [SEVERE ] exit button pressed
[12:10:16.701] [INFO   ] thread Thread-0 terminated.
[12:10:17.385] [SEVERE ] setting player 2 freeze to 1000
[12:10:18.392] [SEVERE ] setting player 2 freeze to 0
[12:10:18.393] [INFO   ] thread Thread-1 terminated.
[12:10:18.393] [INFO   ] thread dealer place card step 8
[12:10:18.393] [SEVERE ] updating countdown to 60000
[12:10:18.395] [INFO   ] thread dealer terminated.
[12:10:18.395] [SEVERE ] thanks for playing... it was fun!
[12:10:18.396] [INFO   ] thread main terminated.
