[12:50:28.080] [INFO   ] thread main starting.
[12:50:28.086] [SEVERE ] cannot read configuration file config.properties trying from resources.
[12:50:28.089] [SEVERE ] configuration file was loaded from resources directory.
[12:50:28.660] [INFO   ] thread dealer starting.
[12:50:28.660] [INFO   ] thread dealer starting.
[12:50:28.661] [SEVERE ] updating countdown to 60000
[12:50:28.661] [INFO   ] thread Thread-0 starting.
[12:50:28.661] [INFO   ] thread Thread-1 starting.
[12:50:28.667] [INFO   ] thread dealer place card table.
[12:50:28.773] [SEVERE ] placing card 62 in slot 0
[12:50:28.775] [INFO   ] thread dealer place card table. 0.2
[12:50:28.775] [INFO   ] thread dealer place card table.
[12:50:28.881] [SEVERE ] placing card 23 in slot 1
[12:50:28.881] [INFO   ] thread dealer place card table. 0.2
[12:50:28.882] [INFO   ] thread dealer place card table.
[12:50:28.990] [SEVERE ] placing card 3 in slot 2
[12:50:28.991] [INFO   ] thread dealer place card table. 0.2
[12:50:28.991] [INFO   ] thread dealer place card table.
[12:50:29.100] [SEVERE ] placing card 7 in slot 3
[12:50:29.100] [INFO   ] thread dealer place card table. 0.2
[12:50:29.100] [INFO   ] thread dealer place card table.
[12:50:29.208] [SEVERE ] placing card 20 in slot 4
[12:50:29.209] [INFO   ] thread dealer place card table. 0.2
[12:50:29.209] [INFO   ] thread dealer place card table.
[12:50:29.316] [SEVERE ] placing card 56 in slot 5
[12:50:29.316] [INFO   ] thread dealer place card table. 0.2
[12:50:29.316] [INFO   ] thread dealer place card table.
[12:50:29.426] [SEVERE ] placing card 2 in slot 6
[12:50:29.426] [INFO   ] thread dealer place card table. 0.2
[12:50:29.427] [INFO   ] thread dealer place card table.
[12:50:29.534] [SEVERE ] placing card 37 in slot 7
[12:50:29.535] [INFO   ] thread dealer place card table. 0.2
[12:50:29.535] [INFO   ] thread dealer place card table.
[12:50:29.643] [SEVERE ] placing card 51 in slot 8
[12:50:29.643] [INFO   ] thread dealer place card table. 0.2
[12:50:29.643] [INFO   ] thread dealer place card table.
[12:50:29.749] [SEVERE ] placing card 17 in slot 9
[12:50:29.750] [INFO   ] thread dealer place card table. 0.2
[12:50:29.750] [INFO   ] thread dealer place card table.
[12:50:29.858] [SEVERE ] placing card 22 in slot 10
[12:50:29.858] [INFO   ] thread dealer place card table. 0.2
[12:50:29.859] [INFO   ] thread dealer place card table.
[12:50:29.967] [SEVERE ] placing card 42 in slot 11
[12:50:29.968] [INFO   ] thread dealer place card table. 0.2
[12:50:30.985] [SEVERE ] updating countdown to 57677
[12:50:30.986] [SEVERE ] setting player 1 freeze to 100
[12:50:31.094] [SEVERE ] setting player 2 freeze to 100
[12:50:32.217] [SEVERE ] updating countdown to 56445
[12:50:32.217] [SEVERE ] setting player 1 freeze to 100
[12:50:32.327] [SEVERE ] setting player 2 freeze to 100
[12:50:33.441] [SEVERE ] updating countdown to 55221
[12:50:33.441] [SEVERE ] setting player 1 freeze to 100
[12:50:33.553] [SEVERE ] setting player 2 freeze to 100
[12:50:34.670] [SEVERE ] updating countdown to 53992
[12:50:34.671] [SEVERE ] setting player 1 freeze to 100
[12:50:34.779] [SEVERE ] setting player 2 freeze to 100
[12:50:35.901] [SEVERE ] updating countdown to 52761
[12:50:35.901] [SEVERE ] setting player 1 freeze to 100
[12:50:36.009] [SEVERE ] setting player 2 freeze to 100
[12:50:37.131] [SEVERE ] updating countdown to 51531
[12:50:37.131] [SEVERE ] setting player 1 freeze to 100
[12:50:37.240] [SEVERE ] setting player 2 freeze to 100
[12:50:38.350] [SEVERE ] updating countdown to 50312
[12:50:38.350] [SEVERE ] setting player 1 freeze to 100
[12:50:38.458] [SEVERE ] setting player 2 freeze to 100
[12:50:39.572] [SEVERE ] updating countdown to 49090
[12:50:39.572] [SEVERE ] setting player 1 freeze to 100
[12:50:39.681] [SEVERE ] setting player 2 freeze to 100
[12:50:40.797] [SEVERE ] updating countdown to 47865
[12:50:40.797] [SEVERE ] setting player 1 freeze to 100
[12:50:40.908] [SEVERE ] setting player 2 freeze to 100
[12:50:41.289] [SEVERE ] key 83 was pressed by player 1
[12:50:41.289] [SEVERE ] player 1 placing token on slot 5
[12:50:42.025] [SEVERE ] updating countdown to 46637
[12:50:42.026] [SEVERE ] setting player 1 freeze to 100
[12:50:42.136] [SEVERE ] setting player 2 freeze to 100
[12:50:43.245] [SEVERE ] updating countdown to 45417
[12:50:43.245] [SEVERE ] setting player 1 freeze to 100
[12:50:43.353] [SEVERE ] setting player 2 freeze to 100
[12:50:44.464] [SEVERE ] updating countdown to 44198
[12:50:44.464] [SEVERE ] setting player 1 freeze to 100
[12:50:44.574] [SEVERE ] setting player 2 freeze to 100
[12:50:45.690] [SEVERE ] updating countdown to 42972
[12:50:45.690] [SEVERE ] setting player 1 freeze to 100
[12:50:45.800] [SEVERE ] setting player 2 freeze to 100
[12:50:46.910] [SEVERE ] updating countdown to 41752
[12:50:46.911] [SEVERE ] setting player 1 freeze to 100
[12:50:47.020] [SEVERE ] setting player 2 freeze to 100
[12:50:47.615] [SEVERE ] key 88 was pressed by player 1
[12:50:47.615] [SEVERE ] player 1 placing token on slot 9
[12:50:48.144] [SEVERE ] updating countdown to 40518
[12:50:48.144] [SEVERE ] setting player 1 freeze to 100
[12:50:48.252] [SEVERE ] setting player 2 freeze to 100
[12:50:48.510] [SEVERE ] key 88 was pressed by player 1
[12:50:48.510] [SEVERE ] removing player 1 token from slot 9
[12:50:49.357] [SEVERE ] key 67 was pressed by player 1
[12:50:49.358] [SEVERE ] player 1 placing token on slot 10
[12:50:49.378] [SEVERE ] updating countdown to 39284
[12:50:49.378] [SEVERE ] setting player 1 freeze to 100
[12:50:49.487] [SEVERE ] setting player 2 freeze to 100
[12:50:50.610] [SEVERE ] updating countdown to 38052
[12:50:50.611] [SEVERE ] setting player 1 freeze to 100
[12:50:50.614] [SEVERE ] key 86 was pressed by player 1
[12:50:50.614] [SEVERE ] player 1 placing token on slot 11
[12:50:50.719] [SEVERE ] setting player 2 freeze to 100
[12:50:50.827] [INFO   ] remove step 1
[12:50:50.828] [INFO   ] player name: 0 queue size: 3
[12:50:50.828] [INFO   ] checkSet 1 
[12:50:50.828] [INFO   ] checkSet 2 
[12:50:50.828] [INFO   ] remove step 2
[12:50:50.829] [INFO   ] point step 1
[12:50:50.829] [SEVERE ] setting player 1 score to 1
[12:50:50.829] [SEVERE ] setting player 1 freeze to 1000
[12:50:50.829] [INFO   ] point step 2
[12:50:51.834] [SEVERE ] setting player 1 freeze to 0
[12:50:51.834] [INFO   ] remove step 3
[12:50:51.834] [INFO   ] thread dealer terminated.
[12:50:56.842] [SEVERE ] thanks for playing... it was fun!
[12:50:56.842] [INFO   ] thread main terminated.
[12:50:56.842] [SEVERE ] disposing of user interface elements
