[12:42:23.489] [INFO   ] thread main starting.
[12:42:23.497] [SEVERE ] cannot read configuration file config.properties trying from resources.
[12:42:23.505] [SEVERE ] configuration file was loaded from resources directory.
[12:42:24.121] [INFO   ] thread dealer starting.
[12:42:24.121] [INFO   ] thread dealer starting.
[12:42:24.122] [SEVERE ] updating countdown to 60000
[12:42:24.123] [INFO   ] thread Thread-1 starting.
[12:42:24.122] [INFO   ] thread Thread-0 starting.
[12:42:24.130] [INFO   ] thread dealer place card table.
[12:42:24.234] [SEVERE ] placing card 52 in slot 0
[12:42:24.234] [INFO   ] thread dealer place card table. 0.2
[12:42:24.234] [INFO   ] thread dealer place card table.
[12:42:24.348] [SEVERE ] placing card 63 in slot 1
[12:42:24.348] [INFO   ] thread dealer place card table. 0.2
[12:42:24.348] [INFO   ] thread dealer place card table.
[12:42:24.462] [SEVERE ] placing card 0 in slot 2
[12:42:24.462] [INFO   ] thread dealer place card table. 0.2
[12:42:24.462] [INFO   ] thread dealer place card table.
[12:42:24.568] [SEVERE ] placing card 2 in slot 3
[12:42:24.568] [INFO   ] thread dealer place card table. 0.2
[12:42:24.568] [INFO   ] thread dealer place card table.
[12:42:24.682] [SEVERE ] placing card 46 in slot 4
[12:42:24.682] [INFO   ] thread dealer place card table. 0.2
[12:42:24.682] [INFO   ] thread dealer place card table.
[12:42:24.796] [SEVERE ] placing card 69 in slot 5
[12:42:24.796] [INFO   ] thread dealer place card table. 0.2
[12:42:24.796] [INFO   ] thread dealer place card table.
[12:42:24.901] [SEVERE ] placing card 64 in slot 6
[12:42:24.901] [INFO   ] thread dealer place card table. 0.2
[12:42:24.901] [INFO   ] thread dealer place card table.
[12:42:25.006] [SEVERE ] placing card 43 in slot 7
[12:42:25.006] [INFO   ] thread dealer place card table. 0.2
[12:42:25.006] [INFO   ] thread dealer place card table.
[12:42:25.112] [SEVERE ] placing card 76 in slot 8
[12:42:25.112] [INFO   ] thread dealer place card table. 0.2
[12:42:25.112] [INFO   ] thread dealer place card table.
[12:42:25.217] [SEVERE ] placing card 60 in slot 9
[12:42:25.217] [INFO   ] thread dealer place card table. 0.2
[12:42:25.217] [INFO   ] thread dealer place card table.
[12:42:25.322] [SEVERE ] placing card 47 in slot 10
[12:42:25.322] [INFO   ] thread dealer place card table. 0.2
[12:42:25.322] [INFO   ] thread dealer place card table.
[12:42:25.428] [SEVERE ] placing card 26 in slot 11
[12:42:25.428] [INFO   ] thread dealer place card table. 0.2
[12:42:26.440] [SEVERE ] updating countdown to 57684
[12:42:26.440] [SEVERE ] setting player 1 freeze to 100
[12:42:26.546] [SEVERE ] setting player 2 freeze to 100
[12:42:27.670] [SEVERE ] updating countdown to 56454
[12:42:27.670] [SEVERE ] setting player 1 freeze to 100
[12:42:27.783] [SEVERE ] setting player 2 freeze to 100
[12:42:28.910] [SEVERE ] updating countdown to 55214
[12:42:28.910] [SEVERE ] setting player 1 freeze to 100
[12:42:29.024] [SEVERE ] setting player 2 freeze to 100
[12:42:30.133] [SEVERE ] updating countdown to 53991
[12:42:30.133] [SEVERE ] setting player 1 freeze to 100
[12:42:30.240] [SEVERE ] setting player 2 freeze to 100
[12:42:31.368] [SEVERE ] updating countdown to 52756
[12:42:31.368] [SEVERE ] setting player 1 freeze to 100
[12:42:31.482] [SEVERE ] setting player 2 freeze to 100
[12:42:32.590] [SEVERE ] updating countdown to 51535
[12:42:32.590] [SEVERE ] setting player 1 freeze to 100
[12:42:32.703] [SEVERE ] setting player 2 freeze to 100
[12:42:33.822] [SEVERE ] updating countdown to 50302
[12:42:33.822] [SEVERE ] setting player 1 freeze to 100
[12:42:33.929] [SEVERE ] setting player 2 freeze to 100
[12:42:35.049] [SEVERE ] updating countdown to 49075
[12:42:35.050] [SEVERE ] setting player 1 freeze to 100
[12:42:35.136] [SEVERE ] key 69 was pressed by player 1
[12:42:35.136] [SEVERE ] player 1 placing token on slot 2
[12:42:35.162] [SEVERE ] setting player 2 freeze to 100
[12:42:36.274] [SEVERE ] updating countdown to 47850
[12:42:36.274] [SEVERE ] setting player 1 freeze to 100
[12:42:36.389] [SEVERE ] setting player 2 freeze to 100
[12:42:36.536] [SEVERE ] key 69 was pressed by player 1
[12:42:36.536] [SEVERE ] removing player 1 token from slot 2
[12:42:36.895] [SEVERE ] key 87 was pressed by player 1
[12:42:36.895] [SEVERE ] player 1 placing token on slot 1
[12:42:37.516] [SEVERE ] updating countdown to 46608
[12:42:37.516] [SEVERE ] setting player 1 freeze to 100
[12:42:37.630] [SEVERE ] setting player 2 freeze to 100
[12:42:38.037] [SEVERE ] key 65 was pressed by player 1
[12:42:38.037] [SEVERE ] player 1 placing token on slot 4
[12:42:38.740] [SEVERE ] updating countdown to 45384
[12:42:38.740] [SEVERE ] setting player 1 freeze to 100
[12:42:38.853] [SEVERE ] setting player 2 freeze to 100
[12:42:39.968] [SEVERE ] updating countdown to 44156
[12:42:39.968] [SEVERE ] setting player 1 freeze to 100
[12:42:39.968] [SEVERE ] key 82 was pressed by player 1
[12:42:39.968] [SEVERE ] player 1 placing token on slot 3
[12:42:40.082] [SEVERE ] setting player 2 freeze to 100
[12:42:40.187] [INFO   ] remove step 1
[12:42:40.187] [INFO   ] player name: 0 queue size: 3 queue counter: 1
[12:42:40.187] [SEVERE ] setting player 1 freeze to 3000
[12:42:41.191] [SEVERE ] setting player 1 freeze to 2000
[12:42:42.196] [SEVERE ] setting player 1 freeze to 1000
[12:42:43.206] [SEVERE ] setting player 1 freeze to 0
[12:42:43.206] [INFO   ] remove step 3
[12:42:43.206] [INFO   ] thread dealer terminated.
[12:42:48.213] [SEVERE ] thanks for playing... it was fun!
[12:42:48.213] [INFO   ] thread main terminated.
[12:42:48.213] [SEVERE ] disposing of user interface elements
