[13:24:07.872] [INFO   ] thread main starting.
[13:24:07.880] [SEVERE ] cannot read configuration file config.properties trying from resources.
[13:24:07.888] [SEVERE ] configuration file was loaded from resources directory.
[13:24:08.477] [INFO   ] thread dealer starting.
[13:24:08.478] [INFO   ] thread dealer starting.
[13:24:08.478] [SEVERE ] updating countdown to 60000
[13:24:08.478] [INFO   ] thread Thread-1 starting.
[13:24:08.478] [INFO   ] thread Thread-0 starting.
[13:24:08.592] [SEVERE ] placing card 74 in slot 0
[13:24:08.707] [SEVERE ] placing card 58 in slot 1
[13:24:08.813] [SEVERE ] placing card 1 in slot 2
[13:24:08.918] [SEVERE ] placing card 47 in slot 3
[13:24:09.032] [SEVERE ] placing card 39 in slot 4
[13:24:09.145] [SEVERE ] placing card 30 in slot 5
[13:24:09.259] [SEVERE ] placing card 7 in slot 6
[13:24:09.365] [SEVERE ] placing card 34 in slot 7
[13:24:09.470] [SEVERE ] placing card 44 in slot 8
[13:24:09.583] [SEVERE ] placing card 20 in slot 9
[13:24:09.697] [SEVERE ] placing card 27 in slot 10
[13:24:09.810] [SEVERE ] placing card 48 in slot 11
[13:24:10.820] [SEVERE ] updating countdown to 57659
[13:24:10.820] [SEVERE ] setting player 1 freeze to 100
[13:24:10.929] [SEVERE ] setting player 2 freeze to 100
[13:24:12.045] [SEVERE ] updating countdown to 56434
[13:24:12.045] [SEVERE ] setting player 1 freeze to 100
[13:24:12.154] [SEVERE ] setting player 2 freeze to 100
[13:24:13.265] [SEVERE ] updating countdown to 55214
[13:24:13.265] [SEVERE ] setting player 1 freeze to 100
[13:24:13.375] [SEVERE ] setting player 2 freeze to 100
[13:24:14.488] [SEVERE ] updating countdown to 53991
[13:24:14.488] [SEVERE ] setting player 1 freeze to 100
[13:24:14.598] [SEVERE ] setting player 2 freeze to 100
[13:24:14.786] [SEVERE ] key 81 was pressed by player 1
[13:24:14.786] [SEVERE ] player 1 placing token on slot 0
[13:24:14.943] [SEVERE ] key 73 was pressed by player 2
[13:24:14.943] [SEVERE ] player 2 placing token on slot 1
[13:24:15.714] [SEVERE ] updating countdown to 52765
[13:24:15.714] [SEVERE ] setting player 1 freeze to 100
[13:24:15.824] [SEVERE ] setting player 2 freeze to 100
[13:24:15.902] [SEVERE ] key 88 was pressed by player 1
[13:24:15.902] [SEVERE ] player 1 placing token on slot 9
[13:24:16.941] [SEVERE ] updating countdown to 51538
[13:24:16.941] [SEVERE ] setting player 1 freeze to 100
[13:24:17.050] [SEVERE ] setting player 2 freeze to 100
[13:24:17.662] [SEVERE ] key 82 was pressed by player 1
[13:24:17.662] [SEVERE ] player 1 placing token on slot 3
[13:24:17.662] [SEVERE ] updating countdown to 50817
[13:24:17.662] [SEVERE ] setting player 1 freeze to 100
[13:24:17.725] [SEVERE ] key 76 was pressed by player 2
[13:24:17.725] [SEVERE ] player 2 placing token on slot 6
[13:24:17.775] [SEVERE ] setting player 2 freeze to 100
[13:24:17.884] [INFO   ] removed slot 0
[13:24:17.884] [INFO   ] point step 1
[13:24:17.884] [SEVERE ] setting player 1 score to 1
[13:24:17.884] [SEVERE ] setting player 1 freeze to 1000
[13:24:17.884] [INFO   ] point step 2
[13:24:18.897] [SEVERE ] setting player 1 freeze to 0
[13:24:18.897] [INFO   ] removed slot 74
[13:24:18.897] [SEVERE ] removing player 1 token from slot 74
[13:24:18.897] [INFO   ] thread dealer terminated.
[13:24:19.690] [SEVERE ] key 76 was pressed by player 2
[13:24:19.705] [SEVERE ] removing player 2 token from slot 6
[13:24:20.934] [SEVERE ] key 79 was pressed by player 2
[13:24:23.133] [SEVERE ] key 79 was pressed by player 2
[13:24:23.134] [SEVERE ] removing player 2 token from slot 2
[13:24:23.908] [SEVERE ] thanks for playing... it was fun!
[13:24:23.908] [INFO   ] thread main terminated.
[13:24:23.908] [SEVERE ] disposing of user interface elements
