[12:30:03.733] [INFO   ] thread main starting.
[12:30:03.741] [SEVERE ] cannot read configuration file config.properties trying from resources.
[12:30:03.741] [SEVERE ] configuration file was loaded from resources directory.
[12:30:04.364] [INFO   ] thread dealer starting.
[12:30:04.365] [INFO   ] thread dealer starting.
[12:30:04.366] [SEVERE ] updating countdown to 60000
[12:30:04.368] [INFO   ] thread dealer step 1
[12:30:04.368] [INFO   ] thread Thread-0 starting.
[12:30:04.369] [INFO   ] thread Thread-1 starting.
[12:30:04.374] [INFO   ] thread dealer place card table.
[12:30:04.489] [SEVERE ] placing card 63 in slot 0
[12:30:04.489] [INFO   ] thread dealer place card table. 0.2
[12:30:04.489] [INFO   ] thread dealer place card table.
[12:30:04.602] [SEVERE ] placing card 27 in slot 1
[12:30:04.602] [INFO   ] thread dealer place card table. 0.2
[12:30:04.602] [INFO   ] thread dealer place card table.
[12:30:04.708] [SEVERE ] placing card 46 in slot 2
[12:30:04.708] [INFO   ] thread dealer place card table. 0.2
[12:30:04.708] [INFO   ] thread dealer place card table.
[12:30:04.822] [SEVERE ] placing card 56 in slot 3
[12:30:04.822] [INFO   ] thread dealer place card table. 0.2
[12:30:04.822] [INFO   ] thread dealer place card table.
[12:30:04.928] [SEVERE ] placing card 42 in slot 4
[12:30:04.928] [INFO   ] thread dealer place card table. 0.2
[12:30:04.928] [INFO   ] thread dealer place card table.
[12:30:05.033] [SEVERE ] placing card 40 in slot 5
[12:30:05.033] [INFO   ] thread dealer place card table. 0.2
[12:30:05.033] [INFO   ] thread dealer place card table.
[12:30:05.147] [SEVERE ] placing card 9 in slot 6
[12:30:05.147] [INFO   ] thread dealer place card table. 0.2
[12:30:05.147] [INFO   ] thread dealer place card table.
[12:30:05.261] [SEVERE ] placing card 48 in slot 7
[12:30:05.261] [INFO   ] thread dealer place card table. 0.2
[12:30:05.261] [INFO   ] thread dealer place card table.
[12:30:05.375] [SEVERE ] placing card 45 in slot 8
[12:30:05.375] [INFO   ] thread dealer place card table. 0.2
[12:30:05.375] [INFO   ] thread dealer place card table.
[12:30:05.488] [SEVERE ] placing card 70 in slot 9
[12:30:05.488] [INFO   ] thread dealer place card table. 0.2
[12:30:05.488] [INFO   ] thread dealer place card table.
[12:30:05.594] [SEVERE ] placing card 50 in slot 10
[12:30:05.594] [INFO   ] thread dealer place card table. 0.2
[12:30:05.594] [INFO   ] thread dealer place card table.
[12:30:05.709] [SEVERE ] placing card 41 in slot 11
[12:30:05.709] [INFO   ] thread dealer place card table. 0.2
[12:30:05.709] [INFO   ] thread dealer place card step 8
[12:30:05.709] [INFO   ] thread dealer step 4
[12:30:06.721] [SEVERE ] updating countdown to 57647
[12:30:06.721] [SEVERE ] setting player 1 freeze to 100
[12:30:06.828] [SEVERE ] setting player 2 freeze to 100
[12:30:06.933] [INFO   ] thread dealer place card step 8
[12:30:07.940] [SEVERE ] updating countdown to 56428
[12:30:07.940] [SEVERE ] setting player 1 freeze to 100
[12:30:08.053] [SEVERE ] setting player 2 freeze to 100
[12:30:08.168] [INFO   ] thread dealer place card step 8
[12:30:09.170] [SEVERE ] updating countdown to 55198
[12:30:09.170] [SEVERE ] setting player 1 freeze to 100
[12:30:09.284] [SEVERE ] setting player 2 freeze to 100
[12:30:09.390] [INFO   ] thread dealer place card step 8
[12:30:10.391] [SEVERE ] updating countdown to 53977
[12:30:10.391] [SEVERE ] setting player 1 freeze to 100
[12:30:10.497] [SEVERE ] setting player 2 freeze to 100
[12:30:10.611] [INFO   ] thread dealer place card step 8
[12:30:11.617] [SEVERE ] updating countdown to 52751
[12:30:11.617] [SEVERE ] setting player 1 freeze to 100
[12:30:11.722] [SEVERE ] setting player 2 freeze to 100
[12:30:11.836] [INFO   ] thread dealer place card step 8
[12:30:12.848] [SEVERE ] updating countdown to 51520
[12:30:12.848] [SEVERE ] setting player 1 freeze to 100
[12:30:12.963] [SEVERE ] setting player 2 freeze to 100
[12:30:13.068] [INFO   ] thread dealer place card step 8
[12:30:14.077] [SEVERE ] updating countdown to 50291
[12:30:14.077] [SEVERE ] setting player 1 freeze to 100
[12:30:14.191] [SEVERE ] setting player 2 freeze to 100
[12:30:14.298] [INFO   ] thread dealer place card step 8
[12:30:14.395] [SEVERE ] key 81 was pressed by player 1
[12:30:14.395] [SEVERE ] player 1 placing token on slot 0
[12:30:15.304] [SEVERE ] updating countdown to 49064
[12:30:15.304] [SEVERE ] setting player 1 freeze to 100
[12:30:15.418] [SEVERE ] setting player 2 freeze to 100
[12:30:15.525] [INFO   ] thread dealer place card step 8
[12:30:16.526] [SEVERE ] updating countdown to 47842
[12:30:16.526] [SEVERE ] setting player 1 freeze to 100
[12:30:16.640] [SEVERE ] setting player 2 freeze to 100
[12:30:16.753] [INFO   ] thread dealer place card step 8
[12:30:17.763] [SEVERE ] updating countdown to 46605
[12:30:17.763] [SEVERE ] setting player 1 freeze to 100
[12:30:17.868] [SEVERE ] setting player 2 freeze to 100
[12:30:17.983] [INFO   ] thread dealer place card step 8
[12:30:18.997] [SEVERE ] updating countdown to 45371
[12:30:18.997] [SEVERE ] setting player 1 freeze to 100
[12:30:19.111] [SEVERE ] setting player 2 freeze to 100
[12:30:19.225] [INFO   ] thread dealer place card step 8
[12:30:20.230] [SEVERE ] updating countdown to 44138
[12:30:20.230] [SEVERE ] setting player 1 freeze to 100
[12:30:20.344] [SEVERE ] setting player 2 freeze to 100
[12:30:20.451] [INFO   ] thread dealer place card step 8
[12:30:21.453] [SEVERE ] updating countdown to 42915
[12:30:21.453] [SEVERE ] setting player 1 freeze to 100
[12:30:21.567] [SEVERE ] setting player 2 freeze to 100
[12:30:21.680] [INFO   ] thread dealer place card step 8
[12:30:22.694] [SEVERE ] updating countdown to 41674
[12:30:22.694] [SEVERE ] setting player 1 freeze to 100
[12:30:22.800] [SEVERE ] setting player 2 freeze to 100
[12:30:22.914] [INFO   ] thread dealer place card step 8
[12:30:23.924] [SEVERE ] updating countdown to 40444
[12:30:23.924] [SEVERE ] setting player 1 freeze to 100
[12:30:23.998] [SEVERE ] key 81 was pressed by player 1
[12:30:23.998] [SEVERE ] removing player 1 token from slot 0
[12:30:24.035] [SEVERE ] setting player 2 freeze to 100
[12:30:24.147] [INFO   ] thread dealer place card step 8
[12:30:25.159] [SEVERE ] updating countdown to 39209
[12:30:25.160] [SEVERE ] setting player 1 freeze to 100
[12:30:25.273] [SEVERE ] setting player 2 freeze to 100
[12:30:25.386] [INFO   ] thread dealer place card step 8
[12:30:26.362] [SEVERE ] key 47 was pressed by player 2
[12:30:26.366] [SEVERE ] player 2 placing token on slot 11
[12:30:26.394] [SEVERE ] updating countdown to 37974
[12:30:26.394] [SEVERE ] setting player 1 freeze to 100
[12:30:26.510] [SEVERE ] setting player 2 freeze to 100
[12:30:26.615] [INFO   ] thread dealer place card step 8
[12:30:27.616] [SEVERE ] updating countdown to 36752
[12:30:27.616] [SEVERE ] setting player 1 freeze to 100
[12:30:27.730] [SEVERE ] setting player 2 freeze to 100
[12:30:27.845] [INFO   ] thread dealer place card step 8
[12:30:28.852] [SEVERE ] updating countdown to 35516
[12:30:28.852] [SEVERE ] setting player 1 freeze to 100
[12:30:28.958] [SEVERE ] setting player 2 freeze to 100
[12:30:29.072] [INFO   ] thread dealer place card step 8
[12:30:30.082] [SEVERE ] updating countdown to 34286
[12:30:30.082] [SEVERE ] setting player 1 freeze to 100
[12:30:30.197] [SEVERE ] setting player 2 freeze to 100
[12:30:30.311] [INFO   ] thread dealer place card step 8
[12:30:31.315] [SEVERE ] updating countdown to 33053
[12:30:31.315] [SEVERE ] setting player 1 freeze to 100
[12:30:31.428] [SEVERE ] setting player 2 freeze to 100
[12:30:31.535] [INFO   ] thread dealer place card step 8
[12:30:32.137] [SEVERE ] key 74 was pressed by player 2
[12:30:32.145] [SEVERE ] player 2 placing token on slot 4
[12:30:32.544] [SEVERE ] updating countdown to 31824
[12:30:32.545] [SEVERE ] setting player 1 freeze to 100
[12:30:32.659] [SEVERE ] setting player 2 freeze to 100
[12:30:32.770] [INFO   ] thread dealer place card step 8
[12:30:32.822] [SEVERE ] key 74 was pressed by player 2
[12:30:32.822] [SEVERE ] removing player 2 token from slot 4
[12:30:33.526] [SEVERE ] key 75 was pressed by player 2
[12:30:33.526] [SEVERE ] player 2 placing token on slot 5
[12:30:33.771] [SEVERE ] updating countdown to 30597
[12:30:33.771] [SEVERE ] setting player 1 freeze to 100
[12:30:33.877] [SEVERE ] setting player 2 freeze to 100
[12:30:33.991] [INFO   ] thread dealer place card step 8
[12:30:34.334] [SEVERE ] key 82 was pressed by player 1
[12:30:34.334] [SEVERE ] player 1 placing token on slot 3
[12:30:34.995] [SEVERE ] updating countdown to 29373
[12:30:34.995] [SEVERE ] setting player 1 freeze to 100
[12:30:35.103] [SEVERE ] setting player 2 freeze to 100
[12:30:35.217] [INFO   ] thread dealer place card step 8
[12:30:35.250] [SEVERE ] key 79 was pressed by player 2
[12:30:35.250] [SEVERE ] player 2 placing token on slot 2
[12:30:35.250] [SEVERE ] updating countdown to 29118
[12:30:35.250] [SEVERE ] setting player 1 freeze to 100
[12:30:35.355] [SEVERE ] setting player 2 freeze to 100
[12:30:35.470] [INFO   ] point step 1
[12:30:35.470] [SEVERE ] setting player 2 freeze to 3000
[12:30:35.732] [SEVERE ] key 79 was pressed by player 2
[12:30:36.114] [SEVERE ] key 69 was pressed by player 1
[12:30:36.480] [SEVERE ] setting player 2 freeze to 2000
[12:30:37.492] [SEVERE ] setting player 2 freeze to 1000
[12:30:38.504] [SEVERE ] setting player 2 freeze to 0
[12:30:38.504] [INFO   ] point step 3
[12:30:38.504] [INFO   ] thread dealer terminated.
[12:30:40.295] [SEVERE ] key 69 was pressed by player 1
[12:30:43.510] [SEVERE ] thanks for playing... it was fun!
[12:30:43.510] [INFO   ] thread main terminated.
[12:30:43.510] [SEVERE ] disposing of user interface elements
