[12:56:26.192] [INFO   ] thread main starting.
[12:56:26.199] [SEVERE ] cannot read configuration file config.properties trying from resources.
[12:56:26.201] [SEVERE ] configuration file was loaded from resources directory.
[12:56:26.823] [INFO   ] thread dealer starting.
[12:56:26.824] [INFO   ] thread dealer starting.
[12:56:26.824] [SEVERE ] updating countdown to 60000
[12:56:26.824] [INFO   ] thread Thread-1 starting.
[12:56:26.824] [INFO   ] thread Thread-0 starting.
[12:56:26.834] [INFO   ] thread dealer place card table.
[12:56:26.948] [SEVERE ] placing card 8 in slot 0
[12:56:26.950] [INFO   ] thread dealer place card table. 0.2
[12:56:26.951] [INFO   ] thread dealer place card table.
[12:56:27.057] [SEVERE ] placing card 11 in slot 1
[12:56:27.057] [INFO   ] thread dealer place card table. 0.2
[12:56:27.058] [INFO   ] thread dealer place card table.
[12:56:27.166] [SEVERE ] placing card 28 in slot 2
[12:56:27.166] [INFO   ] thread dealer place card table. 0.2
[12:56:27.167] [INFO   ] thread dealer place card table.
[12:56:27.275] [SEVERE ] placing card 69 in slot 3
[12:56:27.275] [INFO   ] thread dealer place card table. 0.2
[12:56:27.276] [INFO   ] thread dealer place card table.
[12:56:27.382] [SEVERE ] placing card 9 in slot 4
[12:56:27.382] [INFO   ] thread dealer place card table. 0.2
[12:56:27.382] [INFO   ] thread dealer place card table.
[12:56:27.491] [SEVERE ] placing card 71 in slot 5
[12:56:27.492] [INFO   ] thread dealer place card table. 0.2
[12:56:27.492] [INFO   ] thread dealer place card table.
[12:56:27.600] [SEVERE ] placing card 78 in slot 6
[12:56:27.600] [INFO   ] thread dealer place card table. 0.2
[12:56:27.601] [INFO   ] thread dealer place card table.
[12:56:27.709] [SEVERE ] placing card 33 in slot 7
[12:56:27.709] [INFO   ] thread dealer place card table. 0.2
[12:56:27.709] [INFO   ] thread dealer place card table.
[12:56:27.817] [SEVERE ] placing card 2 in slot 8
[12:56:27.817] [INFO   ] thread dealer place card table. 0.2
[12:56:27.817] [INFO   ] thread dealer place card table.
[12:56:27.926] [SEVERE ] placing card 32 in slot 9
[12:56:27.926] [INFO   ] thread dealer place card table. 0.2
[12:56:27.926] [INFO   ] thread dealer place card table.
[12:56:28.037] [SEVERE ] placing card 53 in slot 10
[12:56:28.037] [INFO   ] thread dealer place card table. 0.2
[12:56:28.037] [INFO   ] thread dealer place card table.
[12:56:28.146] [SEVERE ] placing card 3 in slot 11
[12:56:28.146] [INFO   ] thread dealer place card table. 0.2
[12:56:29.163] [SEVERE ] updating countdown to 57664
[12:56:29.164] [SEVERE ] setting player 1 freeze to 100
[12:56:29.272] [SEVERE ] setting player 2 freeze to 100
[12:56:30.397] [SEVERE ] updating countdown to 56430
[12:56:30.398] [SEVERE ] setting player 1 freeze to 100
[12:56:30.506] [SEVERE ] setting player 2 freeze to 100
[12:56:31.621] [SEVERE ] updating countdown to 55206
[12:56:31.621] [SEVERE ] setting player 1 freeze to 100
[12:56:31.729] [SEVERE ] setting player 2 freeze to 100
[12:56:32.843] [SEVERE ] updating countdown to 53984
[12:56:32.844] [SEVERE ] setting player 1 freeze to 100
[12:56:32.952] [SEVERE ] setting player 2 freeze to 100
[12:56:34.065] [SEVERE ] updating countdown to 52762
[12:56:34.065] [SEVERE ] setting player 1 freeze to 100
[12:56:34.175] [SEVERE ] setting player 2 freeze to 100
[12:56:35.302] [SEVERE ] updating countdown to 51525
[12:56:35.304] [SEVERE ] setting player 1 freeze to 100
[12:56:35.412] [SEVERE ] setting player 2 freeze to 100
[12:56:36.524] [SEVERE ] updating countdown to 50303
[12:56:36.525] [SEVERE ] setting player 1 freeze to 100
[12:56:36.635] [SEVERE ] setting player 2 freeze to 100
[12:56:37.751] [SEVERE ] updating countdown to 49076
[12:56:37.751] [SEVERE ] setting player 1 freeze to 100
[12:56:37.859] [SEVERE ] setting player 2 freeze to 100
[12:56:38.926] [SEVERE ] key 81 was pressed by player 1
[12:56:38.927] [SEVERE ] player 1 placing token on slot 0
[12:56:38.975] [SEVERE ] updating countdown to 47852
[12:56:38.975] [SEVERE ] setting player 1 freeze to 100
[12:56:39.086] [SEVERE ] setting player 2 freeze to 100
[12:56:39.278] [SEVERE ] key 83 was pressed by player 1
[12:56:39.278] [SEVERE ] player 1 placing token on slot 5
[12:56:40.209] [SEVERE ] updating countdown to 46618
[12:56:40.210] [SEVERE ] setting player 1 freeze to 100
[12:56:40.318] [SEVERE ] setting player 2 freeze to 100
[12:56:41.437] [SEVERE ] updating countdown to 45390
[12:56:41.437] [SEVERE ] setting player 1 freeze to 100
[12:56:41.548] [SEVERE ] setting player 2 freeze to 100
[12:56:42.672] [SEVERE ] updating countdown to 44156
[12:56:42.672] [SEVERE ] setting player 1 freeze to 100
[12:56:42.782] [SEVERE ] setting player 2 freeze to 100
[12:56:42.783] [SEVERE ] key 67 was pressed by player 1
[12:56:42.783] [SEVERE ] player 1 placing token on slot 10
[12:56:42.893] [INFO   ] point step 1
[12:56:42.894] [SEVERE ] setting player 1 score to 1
[12:56:42.894] [SEVERE ] setting player 1 freeze to 1000
[12:56:42.895] [INFO   ] point step 2
[12:56:43.910] [SEVERE ] setting player 1 freeze to 0
[12:56:43.911] [SEVERE ] removing player 1 token from slot 8
[12:56:44.020] [SEVERE ] removing card from slot 8
[12:56:44.020] [SEVERE ] updating countdown to 60000
[12:56:44.020] [SEVERE ] removing player 1 token from slot 71
[12:56:44.024] [INFO   ] thread dealer terminated.
[12:56:49.040] [SEVERE ] thanks for playing... it was fun!
[12:56:49.041] [INFO   ] thread main terminated.
[12:56:49.041] [SEVERE ] disposing of user interface elements
