[12:45:03.132] [INFO   ] thread main starting.
[12:45:03.140] [SEVERE ] cannot read configuration file config.properties trying from resources.
[12:45:03.143] [SEVERE ] configuration file was loaded from resources directory.
[12:45:03.667] [INFO   ] thread dealer starting.
[12:45:03.668] [INFO   ] thread dealer starting.
[12:45:03.668] [SEVERE ] updating countdown to 60000
[12:45:03.668] [INFO   ] thread Thread-1 starting.
[12:45:03.668] [INFO   ] thread Thread-0 starting.
[12:45:03.675] [INFO   ] thread dealer place card table.
[12:45:03.783] [SEVERE ] placing card 44 in slot 0
[12:45:03.785] [INFO   ] thread dealer place card table. 0.2
[12:45:03.785] [INFO   ] thread dealer place card table.
[12:45:03.893] [SEVERE ] placing card 35 in slot 1
[12:45:03.894] [INFO   ] thread dealer place card table. 0.2
[12:45:03.894] [INFO   ] thread dealer place card table.
[12:45:04.002] [SEVERE ] placing card 43 in slot 2
[12:45:04.002] [INFO   ] thread dealer place card table. 0.2
[12:45:04.002] [INFO   ] thread dealer place card table.
[12:45:04.113] [SEVERE ] placing card 23 in slot 3
[12:45:04.113] [INFO   ] thread dealer place card table. 0.2
[12:45:04.113] [INFO   ] thread dealer place card table.
[12:45:04.222] [SEVERE ] placing card 49 in slot 4
[12:45:04.223] [INFO   ] thread dealer place card table. 0.2
[12:45:04.223] [INFO   ] thread dealer place card table.
[12:45:04.331] [SEVERE ] placing card 76 in slot 5
[12:45:04.331] [INFO   ] thread dealer place card table. 0.2
[12:45:04.331] [INFO   ] thread dealer place card table.
[12:45:04.441] [SEVERE ] placing card 61 in slot 6
[12:45:04.441] [INFO   ] thread dealer place card table. 0.2
[12:45:04.441] [INFO   ] thread dealer place card table.
[12:45:04.551] [SEVERE ] placing card 36 in slot 7
[12:45:04.551] [INFO   ] thread dealer place card table. 0.2
[12:45:04.551] [INFO   ] thread dealer place card table.
[12:45:04.660] [SEVERE ] placing card 42 in slot 8
[12:45:04.660] [INFO   ] thread dealer place card table. 0.2
[12:45:04.660] [INFO   ] thread dealer place card table.
[12:45:04.769] [SEVERE ] placing card 12 in slot 9
[12:45:04.769] [INFO   ] thread dealer place card table. 0.2
[12:45:04.770] [INFO   ] thread dealer place card table.
[12:45:04.879] [SEVERE ] placing card 28 in slot 10
[12:45:04.879] [INFO   ] thread dealer place card table. 0.2
[12:45:04.879] [INFO   ] thread dealer place card table.
[12:45:04.987] [SEVERE ] placing card 13 in slot 11
[12:45:04.987] [INFO   ] thread dealer place card table. 0.2
[12:45:05.998] [SEVERE ] updating countdown to 57671
[12:45:05.998] [SEVERE ] setting player 1 freeze to 100
[12:45:06.108] [SEVERE ] setting player 2 freeze to 100
[12:45:07.234] [SEVERE ] updating countdown to 56435
[12:45:07.234] [SEVERE ] setting player 1 freeze to 100
[12:45:07.344] [SEVERE ] setting player 2 freeze to 100
[12:45:07.968] [SEVERE ] key 81 was pressed by player 1
[12:45:07.968] [SEVERE ] player 1 placing token on slot 0
[12:45:08.465] [SEVERE ] updating countdown to 55204
[12:45:08.465] [SEVERE ] setting player 1 freeze to 100
[12:45:08.577] [SEVERE ] setting player 2 freeze to 100
[12:45:09.310] [SEVERE ] key 69 was pressed by player 1
[12:45:09.310] [SEVERE ] player 1 placing token on slot 2
[12:45:09.697] [SEVERE ] updating countdown to 53972
[12:45:09.698] [SEVERE ] setting player 1 freeze to 100
[12:45:09.805] [SEVERE ] setting player 2 freeze to 100
[12:45:10.923] [SEVERE ] updating countdown to 52746
[12:45:10.924] [SEVERE ] setting player 1 freeze to 100
[12:45:11.034] [SEVERE ] setting player 2 freeze to 100
[12:45:11.814] [SEVERE ] key 65 was pressed by player 1
[12:45:11.814] [SEVERE ] player 1 placing token on slot 4
[12:45:11.814] [SEVERE ] updating countdown to 51855
[12:45:11.815] [SEVERE ] setting player 1 freeze to 100
[12:45:11.929] [SEVERE ] setting player 2 freeze to 100
[12:45:12.040] [INFO   ] remove step 1
[12:45:12.041] [INFO   ] player name: 0 queue size: 3 queue num 1: 0 queue num 2: 2 queue num 1: 4
[12:45:12.041] [SEVERE ] setting player 1 freeze to 3000
[12:45:12.453] [SEVERE ] key 65 was pressed by player 1
[12:45:13.052] [SEVERE ] setting player 1 freeze to 2000
[12:45:14.023] [SEVERE ] key 90 was pressed by player 1
[12:45:14.066] [SEVERE ] setting player 1 freeze to 1000
[12:45:15.070] [SEVERE ] setting player 1 freeze to 0
[12:45:15.070] [INFO   ] remove step 3
[12:45:15.073] [INFO   ] thread dealer terminated.
[12:45:17.510] [SEVERE ] key 90 was pressed by player 1
[12:45:17.725] [SEVERE ] key 90 was pressed by player 1
[12:45:18.094] [SEVERE ] key 88 was pressed by player 1
[12:45:18.278] [SEVERE ] key 88 was pressed by player 1
[12:45:18.446] [SEVERE ] key 88 was pressed by player 1
[12:45:20.089] [SEVERE ] thanks for playing... it was fun!
[12:45:20.090] [INFO   ] thread main terminated.
[12:45:20.090] [SEVERE ] disposing of user interface elements
