[13:35:49.712] [INFO   ] thread main starting.
[13:35:49.712] [SEVERE ] cannot read configuration file config.properties trying from resources.
[13:35:49.728] [SEVERE ] configuration file was loaded from resources directory.
[13:35:50.424] [INFO   ] thread dealer starting.
[13:35:50.427] [INFO   ] thread dealer starting.
[13:35:50.428] [SEVERE ] updating countdown to 60000
[13:35:50.432] [INFO   ] thread Thread-0 starting.
[13:35:50.432] [INFO   ] thread Thread-1 starting.
[13:35:50.438] [SEVERE ] setting player 1 freeze to 100
[13:35:50.543] [SEVERE ] setting player 2 freeze to 100
[13:35:50.648] [INFO   ] place card step 0 
[13:35:50.648] [INFO   ] place card step 1 
[13:35:50.762] [SEVERE ] placing card 35 in slot 0
[13:35:50.877] [SEVERE ] placing card 76 in slot 1
[13:35:50.994] [SEVERE ] placing card 8 in slot 2
[13:35:51.108] [SEVERE ] placing card 71 in slot 3
[13:35:51.212] [SEVERE ] placing card 80 in slot 4
[13:35:51.327] [SEVERE ] placing card 53 in slot 5
[13:35:51.439] [SEVERE ] placing card 72 in slot 6
[13:35:51.549] [SEVERE ] placing card 12 in slot 7
[13:35:51.659] [SEVERE ] placing card 66 in slot 8
[13:35:51.768] [SEVERE ] placing card 56 in slot 9
[13:35:51.878] [SEVERE ] placing card 30 in slot 10
[13:35:51.987] [SEVERE ] placing card 29 in slot 11
[13:35:51.987] [INFO   ] place card step 2 
[13:35:51.987] [INFO   ] place card step 3 
[13:35:51.987] [INFO   ] place card step 4 
[13:35:52.990] [SEVERE ] updating countdown to 57440
[13:35:52.990] [SEVERE ] setting player 1 freeze to 100
[13:35:53.100] [SEVERE ] setting player 2 freeze to 100
[13:35:53.209] [INFO   ] before place card 
[13:35:53.209] [SEVERE ] setting player 1 freeze to 100
[13:35:53.318] [SEVERE ] setting player 2 freeze to 100
[13:35:53.426] [INFO   ] place card step 0 
[13:35:53.426] [INFO   ] place card step 1 
[13:35:53.426] [INFO   ] place card step 2 
[13:35:53.426] [INFO   ] place card step 3 
[13:35:53.426] [INFO   ] place card step 4 
[13:35:54.428] [SEVERE ] updating countdown to 56002
[13:35:54.428] [SEVERE ] setting player 1 freeze to 100
[13:35:54.538] [SEVERE ] setting player 2 freeze to 100
[13:35:54.648] [INFO   ] before place card 
[13:35:54.648] [SEVERE ] setting player 1 freeze to 100
[13:35:54.758] [SEVERE ] setting player 2 freeze to 100
[13:35:54.867] [INFO   ] place card step 0 
[13:35:54.867] [INFO   ] place card step 1 
[13:35:54.867] [INFO   ] place card step 2 
[13:35:54.867] [INFO   ] place card step 3 
[13:35:54.867] [INFO   ] place card step 4 
[13:35:55.062] [SEVERE ] key 80 was pressed by player 2
[13:35:55.062] [SEVERE ] player 2 placing token on slot 3
[13:35:55.600] [SEVERE ] key 81 was pressed by player 1
[13:35:55.600] [SEVERE ] player 1 placing token on slot 0
[13:35:55.803] [SEVERE ] key 87 was pressed by player 1
[13:35:55.803] [SEVERE ] player 1 placing token on slot 1
[13:35:55.881] [SEVERE ] updating countdown to 54549
[13:35:55.881] [SEVERE ] setting player 1 freeze to 100
[13:35:55.991] [SEVERE ] setting player 2 freeze to 100
[13:35:56.101] [INFO   ] before place card 
[13:35:56.101] [SEVERE ] setting player 1 freeze to 100
[13:35:56.211] [SEVERE ] setting player 2 freeze to 100
[13:35:56.289] [SEVERE ] key 75 was pressed by player 2
[13:35:56.289] [SEVERE ] player 2 placing token on slot 5
[13:35:56.320] [INFO   ] place card step 0 
[13:35:56.320] [INFO   ] place card step 1 
[13:35:56.320] [INFO   ] place card step 2 
[13:35:56.320] [INFO   ] place card step 3 
[13:35:56.320] [INFO   ] place card step 4 
[13:35:56.336] [SEVERE ] key 87 was pressed by player 1
[13:35:56.336] [SEVERE ] removing player 1 token from slot 1
[13:35:57.322] [SEVERE ] updating countdown to 53108
[13:35:57.322] [SEVERE ] setting player 1 freeze to 100
[13:35:57.338] [SEVERE ] key 85 was pressed by player 2
[13:35:57.338] [SEVERE ] player 2 placing token on slot 0
[13:35:57.432] [SEVERE ] setting player 2 freeze to 100
[13:35:57.542] [INFO   ] removecardthere is no!!!! set
[13:35:57.542] [SEVERE ] setting player 2 freeze to 3000
[13:35:58.545] [SEVERE ] setting player 2 freeze to 2000
[13:35:59.548] [SEVERE ] setting player 2 freeze to 1000
[13:36:00.551] [SEVERE ] setting player 2 freeze to 0
[13:36:00.551] [SEVERE ] removing player 2 token from slot 3
[13:36:00.551] [SEVERE ] removing player 2 token from slot 5
[13:36:00.551] [SEVERE ] removing player 2 token from slot 0
[13:36:00.551] [INFO   ] remove  in the table step 1
[13:36:00.551] [INFO   ] remove  in the table step 2
[13:36:00.551] [INFO   ] before place card 
[13:36:00.551] [SEVERE ] setting player 1 freeze to 100
[13:36:00.660] [SEVERE ] setting player 2 freeze to 100
[13:36:00.770] [INFO   ] place card step 0 
[13:36:00.770] [INFO   ] place card step 1 
[13:36:00.770] [INFO   ] place card step 2 
[13:36:00.770] [INFO   ] place card step 3 
[13:36:00.770] [INFO   ] place card step 4 
[13:36:00.770] [SEVERE ] updating countdown to 49660
[13:36:00.770] [SEVERE ] setting player 1 freeze to 100
[13:36:00.879] [SEVERE ] setting player 2 freeze to 100
[13:36:00.989] [INFO   ] removecardthere is no!!!! set
[13:36:00.989] [SEVERE ] setting player 2 freeze to 3000
[13:36:01.991] [SEVERE ] setting player 2 freeze to 2000
[13:36:02.993] [SEVERE ] setting player 2 freeze to 1000
[13:36:03.995] [SEVERE ] setting player 2 freeze to 0
[13:36:03.995] [INFO   ] remove  in the table step 1
[13:36:03.995] [INFO   ] remove  in the table step 2
[13:36:03.995] [INFO   ] before place card 
[13:36:03.995] [SEVERE ] setting player 1 freeze to 100
[13:36:04.104] [SEVERE ] setting player 2 freeze to 100
[13:36:04.213] [INFO   ] place card step 0 
[13:36:04.213] [INFO   ] place card step 1 
[13:36:04.213] [INFO   ] place card step 2 
[13:36:04.214] [INFO   ] place card step 3 
[13:36:04.214] [INFO   ] place card step 4 
[13:36:04.510] [SEVERE ] key 80 was pressed by player 2
[13:36:04.525] [SEVERE ] player 2 placing token on slot 3
[13:36:05.216] [SEVERE ] updating countdown to 45214
[13:36:05.216] [SEVERE ] setting player 1 freeze to 100
[13:36:05.325] [SEVERE ] setting player 2 freeze to 100
[13:36:05.434] [INFO   ] before place card 
[13:36:05.434] [SEVERE ] setting player 1 freeze to 100
[13:36:05.544] [SEVERE ] setting player 2 freeze to 100
[13:36:05.654] [INFO   ] place card step 0 
[13:36:05.654] [INFO   ] place card step 1 
[13:36:05.654] [INFO   ] place card step 2 
[13:36:05.654] [INFO   ] place card step 3 
[13:36:05.654] [INFO   ] place card step 4 
[13:36:05.732] [SEVERE ] key 75 was pressed by player 2
[13:36:05.732] [SEVERE ] player 2 placing token on slot 5
[13:36:06.656] [SEVERE ] updating countdown to 43774
[13:36:06.656] [SEVERE ] setting player 1 freeze to 100
[13:36:06.767] [SEVERE ] setting player 2 freeze to 100
[13:36:06.876] [INFO   ] before place card 
[13:36:06.876] [SEVERE ] setting player 1 freeze to 100
[13:36:06.985] [SEVERE ] setting player 2 freeze to 100
[13:36:07.032] [SEVERE ] key 85 was pressed by player 2
[13:36:07.032] [SEVERE ] player 2 placing token on slot 0
[13:36:07.095] [INFO   ] place card step 0 
[13:36:07.095] [INFO   ] place card step 1 
[13:36:07.095] [INFO   ] place card step 2 
[13:36:07.095] [INFO   ] place card step 3 
[13:36:07.097] [INFO   ] place card step 4 
[13:36:07.097] [SEVERE ] updating countdown to 43333
[13:36:07.097] [SEVERE ] setting player 1 freeze to 100
[13:36:07.206] [SEVERE ] setting player 2 freeze to 100
[13:36:07.315] [INFO   ] removecardthere is no!!!! set
[13:36:07.315] [SEVERE ] setting player 2 freeze to 3000
[13:36:08.319] [SEVERE ] setting player 2 freeze to 2000
[13:36:09.321] [SEVERE ] setting player 2 freeze to 1000
[13:36:10.325] [SEVERE ] setting player 2 freeze to 0
[13:36:10.325] [SEVERE ] removing player 2 token from slot 3
[13:36:10.325] [SEVERE ] removing player 2 token from slot 5
[13:36:10.325] [SEVERE ] removing player 2 token from slot 0
[13:36:10.325] [INFO   ] remove  in the table step 1
[13:36:10.325] [INFO   ] remove  in the table step 2
[13:36:10.325] [INFO   ] before place card 
[13:36:10.325] [SEVERE ] setting player 1 freeze to 100
[13:36:10.434] [SEVERE ] setting player 2 freeze to 100
[13:36:10.543] [INFO   ] place card step 0 
[13:36:10.543] [INFO   ] place card step 1 
[13:36:10.543] [INFO   ] place card step 2 
[13:36:10.543] [INFO   ] place card step 3 
[13:36:10.543] [INFO   ] place card step 4 
[13:36:10.543] [SEVERE ] updating countdown to 39887
[13:36:10.543] [SEVERE ] setting player 1 freeze to 100
[13:36:10.653] [SEVERE ] setting player 2 freeze to 100
[13:36:10.763] [INFO   ] removecardthere is no!!!! set
[13:36:10.763] [SEVERE ] setting player 2 freeze to 3000
[13:36:11.764] [SEVERE ] setting player 2 freeze to 2000
[13:36:11.873] [SEVERE ] key 80 was pressed by player 2
[13:36:12.777] [SEVERE ] setting player 2 freeze to 1000
[13:36:13.792] [SEVERE ] setting player 2 freeze to 0
[13:36:13.792] [SEVERE ] removing player 2 token from slot 3
[13:36:13.792] [INFO   ] remove  in the table step 1
[13:36:13.792] [INFO   ] remove  in the table step 2
[13:36:13.792] [INFO   ] before place card 
[13:36:13.792] [SEVERE ] setting player 1 freeze to 100
[13:36:13.792] [SEVERE ] key 79 was pressed by player 2
[13:36:13.792] [SEVERE ] player 2 placing token on slot 2
[13:36:13.902] [SEVERE ] setting player 2 freeze to 100
[13:36:14.011] [INFO   ] place card step 0 
[13:36:14.011] [INFO   ] place card step 1 
[13:36:14.011] [INFO   ] place card step 2 
[13:36:14.011] [INFO   ] place card step 3 
[13:36:14.011] [INFO   ] place card step 4 
[13:36:14.496] [SEVERE ] key 80 was pressed by player 2
[13:36:14.496] [SEVERE ] player 2 placing token on slot 3
[13:36:15.013] [SEVERE ] updating countdown to 35417
[13:36:15.013] [SEVERE ] setting player 1 freeze to 100
[13:36:15.122] [SEVERE ] setting player 2 freeze to 100
[13:36:15.230] [INFO   ] before place card 
[13:36:15.230] [SEVERE ] setting player 1 freeze to 100
[13:36:15.261] [SEVERE ] key 79 was pressed by player 2
[13:36:15.262] [SEVERE ] removing player 2 token from slot 2
[13:36:15.339] [SEVERE ] setting player 2 freeze to 100
[13:36:15.449] [INFO   ] place card step 0 
[13:36:15.449] [INFO   ] place card step 1 
[13:36:15.449] [INFO   ] place card step 2 
[13:36:15.449] [INFO   ] place card step 3 
[13:36:15.449] [INFO   ] place card step 4 
[13:36:15.605] [SEVERE ] key 83 was pressed by player 1
[13:36:15.605] [SEVERE ] player 1 placing token on slot 5
[13:36:15.746] [SEVERE ] key 79 was pressed by player 2
[13:36:15.746] [SEVERE ] player 2 placing token on slot 2
[13:36:16.450] [SEVERE ] updating countdown to 33980
[13:36:16.450] [SEVERE ] setting player 1 freeze to 100
[13:36:16.559] [SEVERE ] setting player 2 freeze to 100
[13:36:16.668] [INFO   ] before place card 
[13:36:16.668] [SEVERE ] setting player 1 freeze to 100
[13:36:16.778] [SEVERE ] setting player 2 freeze to 100
[13:36:16.887] [INFO   ] place card step 0 
[13:36:16.887] [INFO   ] place card step 1 
[13:36:16.887] [INFO   ] place card step 2 
[13:36:16.887] [INFO   ] place card step 3 
[13:36:16.887] [INFO   ] place card step 4 
[13:36:17.461] [SEVERE ] key 74 was pressed by player 2
[13:36:17.461] [SEVERE ] player 2 placing token on slot 4
[13:36:17.461] [SEVERE ] updating countdown to 32969
[13:36:17.462] [SEVERE ] setting player 1 freeze to 100
[13:36:17.574] [SEVERE ] setting player 2 freeze to 100
[13:36:17.684] [INFO   ] removecardthere is no!!!! set
[13:36:17.684] [SEVERE ] setting player 2 freeze to 3000
[13:36:18.686] [SEVERE ] setting player 2 freeze to 2000
[13:36:19.250] [SEVERE ] key 74 was pressed by player 2
[13:36:19.250] [SEVERE ] removing player 2 token from slot 4
[13:36:19.688] [SEVERE ] setting player 2 freeze to 1000
[13:36:20.691] [SEVERE ] setting player 2 freeze to 0
[13:36:20.691] [SEVERE ] removing player 2 token from slot 3
[13:36:20.691] [SEVERE ] removing player 2 token from slot 2
[13:36:20.691] [INFO   ] remove  in the table step 1
[13:36:20.691] [INFO   ] remove  in the table step 2
[13:36:20.691] [INFO   ] before place card 
[13:36:20.691] [SEVERE ] setting player 1 freeze to 100
[13:36:20.691] [SEVERE ] key 75 was pressed by player 2
[13:36:20.691] [SEVERE ] player 2 placing token on slot 5
[13:36:20.801] [SEVERE ] setting player 2 freeze to 100
[13:36:20.911] [INFO   ] place card step 0 
[13:36:20.911] [INFO   ] place card step 1 
[13:36:20.911] [INFO   ] place card step 2 
[13:36:20.911] [INFO   ] place card step 3 
[13:36:20.911] [INFO   ] place card step 4 
[13:36:21.255] [SEVERE ] key 69 was pressed by player 1
[13:36:21.255] [SEVERE ] player 1 placing token on slot 2
[13:36:21.255] [SEVERE ] updating countdown to 29175
[13:36:21.255] [SEVERE ] setting player 1 freeze to 100
[13:36:21.349] [SEVERE ] key 75 was pressed by player 2
[13:36:21.349] [SEVERE ] removing player 2 token from slot 5
[13:36:21.364] [SEVERE ] setting player 2 freeze to 100
[13:36:21.474] [INFO   ] removecardthere is no!!!! set
[13:36:21.474] [SEVERE ] setting player 1 freeze to 3000
[13:36:21.740] [SEVERE ] key 75 was pressed by player 2
[13:36:22.428] [SEVERE ] key 75 was pressed by player 2
[13:36:22.428] [SEVERE ] removing player 2 token from slot 5
[13:36:22.476] [SEVERE ] setting player 1 freeze to 2000
[13:36:22.884] [SEVERE ] key 87 was pressed by player 1
[13:36:23.478] [SEVERE ] setting player 1 freeze to 1000
[13:36:24.484] [SEVERE ] setting player 1 freeze to 0
[13:36:24.484] [SEVERE ] removing player 1 token from slot 0
[13:36:24.484] [SEVERE ] removing player 1 token from slot 5
[13:36:24.484] [SEVERE ] removing player 1 token from slot 2
[13:36:24.484] [SEVERE ] removing player 1 token from slot 1
[13:36:24.484] [INFO   ] remove  in the table step 1
[13:36:24.484] [INFO   ] remove  in the table step 2
[13:36:24.484] [INFO   ] before place card 
[13:36:24.484] [SEVERE ] setting player 1 freeze to 100
[13:36:24.484] [SEVERE ] key 81 was pressed by player 1
[13:36:24.484] [SEVERE ] player 1 placing token on slot 0
[13:36:24.595] [SEVERE ] setting player 2 freeze to 100
[13:36:24.704] [INFO   ] place card step 0 
[13:36:24.704] [INFO   ] place card step 1 
[13:36:24.704] [INFO   ] place card step 2 
[13:36:24.704] [INFO   ] place card step 3 
[13:36:24.704] [INFO   ] place card step 4 
[13:36:25.001] [SEVERE ] key 75 was pressed by player 2
[13:36:25.001] [SEVERE ] player 2 placing token on slot 5
[13:36:25.424] [SEVERE ] key 81 was pressed by player 1
[13:36:25.424] [SEVERE ] removing player 1 token from slot 0
[13:36:25.707] [SEVERE ] updating countdown to 24723
[13:36:25.707] [SEVERE ] setting player 1 freeze to 100
[13:36:25.816] [SEVERE ] setting player 2 freeze to 100
[13:36:25.926] [INFO   ] before place card 
[13:36:25.926] [SEVERE ] setting player 1 freeze to 100
[13:36:26.020] [SEVERE ] key 79 was pressed by player 2
[13:36:26.020] [SEVERE ] player 2 placing token on slot 2
[13:36:26.036] [SEVERE ] setting player 2 freeze to 100
[13:36:26.147] [INFO   ] place card step 0 
[13:36:26.147] [INFO   ] place card step 1 
[13:36:26.147] [INFO   ] place card step 2 
[13:36:26.147] [INFO   ] place card step 3 
[13:36:26.147] [INFO   ] place card step 4 
[13:36:26.473] [SEVERE ] key 83 was pressed by player 1
[13:36:26.478] [SEVERE ] player 1 placing token on slot 5
[13:36:26.787] [SEVERE ] key 80 was pressed by player 2
[13:36:26.787] [SEVERE ] player 2 placing token on slot 3
[13:36:26.787] [SEVERE ] updating countdown to 23643
[13:36:26.787] [SEVERE ] setting player 1 freeze to 100
[13:36:26.899] [SEVERE ] setting player 2 freeze to 100
[13:36:27.009] [INFO   ] removecard there is set
[13:36:27.009] [INFO   ] point step 1
[13:36:27.009] [SEVERE ] setting player 2 score to 1
[13:36:27.009] [SEVERE ] setting player 2 freeze to 1000
[13:36:27.009] [INFO   ] point step 2
[13:36:27.040] [SEVERE ] key 69 was pressed by player 1
[13:36:27.968] [SEVERE ] key 82 was pressed by player 1
[13:36:28.012] [SEVERE ] setting player 2 freeze to 0
[13:36:28.012] [SEVERE ] removing player 2 token from slot 5
[13:36:28.122] [SEVERE ] removing card from slot 5
[13:36:28.122] [SEVERE ] removing player 1 token from slot 5
[13:36:28.122] [INFO   ] remove  in the table step 1
[13:36:28.122] [INFO   ] remove  in the table step 2
[13:36:28.122] [SEVERE ] removing player 2 token from slot 2
[13:36:28.231] [SEVERE ] removing card from slot 2
[13:36:28.231] [SEVERE ] removing player 1 token from slot 2
[13:36:28.231] [SEVERE ] removing player 2 token from slot 3
[13:36:28.341] [SEVERE ] removing card from slot 3
[13:36:28.341] [SEVERE ] removing player 1 token from slot 3
[13:36:28.341] [INFO   ] remove  in the table step 1
[13:36:28.342] [INFO   ] remove  in the table step 2
[13:36:28.342] [SEVERE ] updating countdown to 60000
[13:36:28.342] [INFO   ] before place card 
[13:36:28.342] [SEVERE ] setting player 1 freeze to 100
[13:36:28.449] [SEVERE ] setting player 2 freeze to 100
[13:36:28.558] [INFO   ] place card step 0 
[13:36:28.558] [INFO   ] place card step 1 
[13:36:28.668] [SEVERE ] placing card 78 in slot 2
[13:36:28.777] [SEVERE ] placing card 46 in slot 3
[13:36:28.887] [SEVERE ] placing card 32 in slot 5
[13:36:28.888] [INFO   ] place card step 2 
[13:36:28.888] [INFO   ] place card step 3 
[13:36:28.888] [INFO   ] place card step 4 
[13:36:28.888] [SEVERE ] updating countdown to 59454
[13:36:28.888] [SEVERE ] setting player 1 freeze to 100
[13:36:28.997] [SEVERE ] setting player 2 freeze to 100
[13:36:29.106] [INFO   ] removecardthere is no!!!! set
[13:36:29.106] [SEVERE ] setting player 2 freeze to 3000
[13:36:30.107] [SEVERE ] setting player 2 freeze to 2000
[13:36:31.109] [SEVERE ] setting player 2 freeze to 1000
[13:36:32.110] [SEVERE ] setting player 2 freeze to 0
[13:36:32.110] [INFO   ] remove  in the table step 1
[13:36:32.110] [INFO   ] remove  in the table step 2
[13:36:32.110] [INFO   ] before place card 
[13:36:32.110] [SEVERE ] setting player 1 freeze to 100
[13:36:32.221] [SEVERE ] setting player 2 freeze to 100
[13:36:32.330] [INFO   ] place card step 0 
[13:36:32.330] [INFO   ] place card step 1 
[13:36:32.330] [INFO   ] place card step 2 
[13:36:32.330] [INFO   ] place card step 3 
[13:36:32.330] [INFO   ] place card step 4 
[13:36:33.330] [SEVERE ] updating countdown to 55012
[13:36:33.330] [SEVERE ] setting player 1 freeze to 100
[13:36:33.440] [SEVERE ] setting player 2 freeze to 100
[13:36:33.549] [INFO   ] before place card 
[13:36:33.549] [SEVERE ] setting player 1 freeze to 100
[13:36:33.659] [SEVERE ] setting player 2 freeze to 100
[13:36:33.768] [INFO   ] place card step 0 
[13:36:33.768] [INFO   ] place card step 1 
[13:36:33.768] [INFO   ] place card step 2 
[13:36:33.768] [INFO   ] place card step 3 
[13:36:33.768] [INFO   ] place card step 4 
[13:36:34.082] [SEVERE ] exit button pressed
[13:36:34.082] [INFO   ] thread Thread-0 terminated.
[13:36:34.082] [INFO   ] thread Thread-1 terminated.
[13:36:34.082] [SEVERE ] updating countdown to 54260
[13:36:34.096] [SEVERE ] setting player 1 freeze to 100
[13:36:34.205] [SEVERE ] setting player 2 freeze to 100
[13:36:34.315] [INFO   ] removecardthere is no!!!! set
[13:36:34.315] [SEVERE ] setting player 2 freeze to 3000
[13:36:35.317] [SEVERE ] setting player 2 freeze to 2000
[13:36:36.319] [SEVERE ] setting player 2 freeze to 1000
[13:36:37.327] [SEVERE ] setting player 2 freeze to 0
[13:36:37.327] [INFO   ] remove  in the table step 1
[13:36:37.327] [INFO   ] remove  in the table step 2
[13:36:37.327] [INFO   ] before place card 
[13:36:37.327] [SEVERE ] setting player 1 freeze to 100
[13:36:37.436] [SEVERE ] setting player 2 freeze to 100
[13:36:37.544] [INFO   ] place card step 0 
[13:36:37.544] [INFO   ] place card step 1 
[13:36:37.544] [INFO   ] place card step 2 
[13:36:37.544] [INFO   ] place card step 3 
[13:36:37.544] [INFO   ] place card step 4 
[13:36:37.544] [SEVERE ] updating countdown to 60000
[13:36:37.654] [SEVERE ] removing card from slot 0
[13:36:37.764] [SEVERE ] removing card from slot 1
[13:36:37.873] [SEVERE ] removing card from slot 2
[13:36:37.983] [SEVERE ] removing card from slot 3
[13:36:38.092] [SEVERE ] removing card from slot 4
[13:36:38.202] [SEVERE ] removing card from slot 5
[13:36:38.312] [SEVERE ] removing card from slot 6
[13:36:38.421] [SEVERE ] removing card from slot 7
[13:36:38.530] [SEVERE ] removing card from slot 8
[13:36:38.641] [SEVERE ] removing card from slot 9
[13:36:38.750] [SEVERE ] removing card from slot 10
[13:36:38.860] [SEVERE ] removing card from slot 11
[13:36:38.860] [SEVERE ] announcing winner(s): player 2, player 1
[13:36:38.860] [INFO   ] thread dealer terminated.
[13:36:38.860] [INFO   ] thread dealer terminated.
[13:36:38.860] [SEVERE ] thanks for playing... it was fun!
[13:36:38.860] [INFO   ] thread main terminated.
