[16:37:18.145] [INFO   ] thread main starting.
[16:37:18.145] [SEVERE ] cannot read configuration file config.properties trying from resources.
[16:37:18.145] [SEVERE ] configuration file was loaded from resources directory.
[16:37:18.940] [INFO   ] thread dealer starting.
[16:37:18.940] [INFO   ] thread dealer starting.
[16:37:18.941] [INFO   ] thread Thread-0 starting.
[16:37:18.941] [INFO   ] thread Thread-1 starting.
[16:37:18.943] [INFO   ] thread computer-1 starting.
[16:37:18.943] [SEVERE ] updating countdown to 60000
[16:37:19.165] [INFO   ] place card step 0 
[16:37:19.165] [INFO   ] place card step 1 
[16:37:19.270] [SEVERE ] placing card 16 in slot 0
[16:37:19.384] [SEVERE ] placing card 5 in slot 1
[16:37:19.485] [SEVERE ] placing card 8 in slot 2
[16:37:19.595] [SEVERE ] placing card 35 in slot 3
[16:37:19.704] [SEVERE ] placing card 64 in slot 4
[16:37:19.817] [SEVERE ] placing card 71 in slot 5
[16:37:19.926] [SEVERE ] placing card 80 in slot 6
[16:37:20.035] [SEVERE ] placing card 68 in slot 7
[16:37:20.136] [SEVERE ] placing card 52 in slot 8
[16:37:20.248] [SEVERE ] placing card 72 in slot 9
[16:37:20.359] [SEVERE ] placing card 25 in slot 10
[16:37:20.468] [SEVERE ] placing card 53 in slot 11
[16:37:20.468] [INFO   ] place card step 2 
[16:37:20.468] [INFO   ] place card step 3 
[16:37:20.468] [INFO   ] place card step 5 
[16:37:20.468] [INFO   ] place card step 6 
[16:37:20.468] [INFO   ] place card step 7 
[16:37:20.468] [INFO   ] place card step 8 
[16:37:20.468] [INFO   ] before sleepUntilWokenOrTimeout 
[16:37:21.470] [SEVERE ] updating countdown to 57474
[16:37:21.908] [INFO   ] place card step 0 
[16:37:21.908] [INFO   ] place card step 1 
[16:37:21.908] [INFO   ] place card step 2 
[16:37:21.908] [INFO   ] place card step 3 
[16:37:21.908] [INFO   ] place card step 5 
[16:37:21.908] [INFO   ] place card step 6 
[16:37:21.908] [INFO   ] place card step 7 
[16:37:21.908] [INFO   ] place card step 8 
[16:37:21.908] [INFO   ] before sleepUntilWokenOrTimeout 
[16:37:22.909] [SEVERE ] updating countdown to 56035
[16:37:23.345] [INFO   ] place card step 0 
[16:37:23.345] [INFO   ] place card step 1 
[16:37:23.346] [INFO   ] place card step 2 
[16:37:23.346] [INFO   ] place card step 3 
[16:37:23.348] [INFO   ] place card step 5 
[16:37:23.348] [INFO   ] place card step 6 
[16:37:23.348] [INFO   ] place card step 7 
[16:37:23.348] [INFO   ] place card step 8 
[16:37:23.348] [INFO   ] before sleepUntilWokenOrTimeout 
[16:37:24.349] [SEVERE ] updating countdown to 54595
[16:37:24.787] [INFO   ] place card step 0 
[16:37:24.787] [INFO   ] place card step 1 
[16:37:24.787] [INFO   ] place card step 2 
[16:37:24.787] [INFO   ] place card step 3 
[16:37:24.787] [INFO   ] place card step 5 
[16:37:24.787] [INFO   ] place card step 6 
[16:37:24.787] [INFO   ] place card step 7 
[16:37:24.787] [INFO   ] place card step 8 
[16:37:24.787] [INFO   ] before sleepUntilWokenOrTimeout 
[16:37:25.225] [SEVERE ] key 47 was pressed by player 2
[16:37:25.225] [SEVERE ] player 2 placing token on slot 11
[16:37:25.789] [SEVERE ] updating countdown to 53155
[16:37:26.227] [INFO   ] place card step 0 
[16:37:26.227] [INFO   ] place card step 1 
[16:37:26.227] [INFO   ] place card step 2 
[16:37:26.227] [INFO   ] place card step 3 
[16:37:26.227] [INFO   ] place card step 5 
[16:37:26.227] [INFO   ] place card step 6 
[16:37:26.227] [INFO   ] place card step 7 
[16:37:26.227] [INFO   ] place card step 8 
[16:37:26.227] [INFO   ] before sleepUntilWokenOrTimeout 
[16:37:26.854] [SEVERE ] key 74 was pressed by player 2
[16:37:26.854] [SEVERE ] player 2 placing token on slot 4
[16:37:27.229] [SEVERE ] updating countdown to 51715
[16:37:27.528] [SEVERE ] key 74 was pressed by player 2
[16:37:27.528] [SEVERE ] removing player 2 token from slot 4
[16:37:27.668] [INFO   ] place card step 0 
[16:37:27.668] [INFO   ] place card step 1 
[16:37:27.668] [INFO   ] place card step 2 
[16:37:27.668] [INFO   ] place card step 3 
[16:37:27.668] [INFO   ] place card step 5 
[16:37:27.668] [INFO   ] place card step 6 
[16:37:27.668] [INFO   ] place card step 7 
[16:37:27.668] [INFO   ] place card step 8 
[16:37:27.668] [INFO   ] before sleepUntilWokenOrTimeout 
[16:37:28.292] [SEVERE ] key 75 was pressed by player 2
[16:37:28.292] [SEVERE ] player 2 placing token on slot 5
[16:37:28.668] [SEVERE ] updating countdown to 50276
[16:37:29.106] [INFO   ] place card step 0 
[16:37:29.106] [INFO   ] place card step 1 
[16:37:29.106] [INFO   ] place card step 2 
[16:37:29.106] [INFO   ] place card step 3 
[16:37:29.106] [INFO   ] place card step 5 
[16:37:29.106] [INFO   ] place card step 6 
[16:37:29.106] [INFO   ] place card step 7 
[16:37:29.106] [INFO   ] place card step 8 
[16:37:29.106] [INFO   ] before sleepUntilWokenOrTimeout 
[16:37:29.894] [SEVERE ] key 79 was pressed by player 2
[16:37:29.894] [SEVERE ] player 2 placing token on slot 2
[16:37:29.895] [SEVERE ] updating countdown to 49049
[16:37:30.113] [INFO   ] remove  in the table step 1
[16:37:30.113] [INFO   ] remove  in the table step 2
[16:37:30.113] [SEVERE ] setting player 2 score to 1
[16:37:30.113] [SEVERE ] setting player 2 freeze to 1000
[16:37:31.117] [SEVERE ] setting player 2 freeze to 0
[16:37:31.117] [SEVERE ] removing player 2 token from slot 11
[16:37:31.227] [SEVERE ] removing card from slot 11
[16:37:31.227] [SEVERE ] removing player 2 token from slot 5
[16:37:31.337] [SEVERE ] removing card from slot 5
[16:37:31.337] [SEVERE ] removing player 2 token from slot 2
[16:37:31.448] [SEVERE ] removing card from slot 2
[16:37:31.448] [SEVERE ] updating countdown to 60000
[16:37:31.668] [INFO   ] place card step 0 
[16:37:31.668] [INFO   ] place card step 1 
[16:37:31.777] [SEVERE ] placing card 59 in slot 2
[16:37:31.886] [SEVERE ] placing card 51 in slot 5
[16:37:31.996] [SEVERE ] placing card 29 in slot 11
[16:37:31.996] [INFO   ] place card step 2 
[16:37:31.996] [INFO   ] place card step 3 
[16:37:31.996] [INFO   ] place card step 5 
[16:37:31.996] [INFO   ] place card step 6 
[16:37:31.996] [INFO   ] place card step 7 
[16:37:31.996] [INFO   ] place card step 8 
[16:37:31.996] [INFO   ] before sleepUntilWokenOrTimeout 
[16:37:33.000] [SEVERE ] updating countdown to 58449
[16:37:33.438] [INFO   ] place card step 0 
[16:37:33.438] [INFO   ] place card step 1 
[16:37:33.438] [INFO   ] place card step 2 
[16:37:33.438] [INFO   ] place card step 3 
[16:37:33.441] [INFO   ] place card step 5 
[16:37:33.441] [INFO   ] place card step 6 
[16:37:33.441] [INFO   ] place card step 7 
[16:37:33.441] [INFO   ] place card step 8 
[16:37:33.441] [INFO   ] before sleepUntilWokenOrTimeout 
[16:37:34.455] [SEVERE ] updating countdown to 56994
[16:37:34.894] [INFO   ] place card step 0 
[16:37:34.894] [INFO   ] place card step 1 
[16:37:34.894] [INFO   ] place card step 2 
[16:37:34.894] [INFO   ] place card step 3 
[16:37:34.894] [INFO   ] place card step 5 
[16:37:34.894] [INFO   ] place card step 6 
[16:37:34.894] [INFO   ] place card step 7 
[16:37:34.894] [INFO   ] place card step 8 
[16:37:34.894] [INFO   ] before sleepUntilWokenOrTimeout 
[16:37:35.898] [SEVERE ] updating countdown to 55551
[16:37:36.336] [INFO   ] place card step 0 
[16:37:36.336] [INFO   ] place card step 1 
[16:37:36.336] [INFO   ] place card step 2 
[16:37:36.336] [INFO   ] place card step 3 
[16:37:36.336] [INFO   ] place card step 5 
[16:37:36.336] [INFO   ] place card step 6 
[16:37:36.336] [INFO   ] place card step 7 
[16:37:36.336] [INFO   ] place card step 8 
[16:37:36.336] [INFO   ] before sleepUntilWokenOrTimeout 
[16:37:37.351] [SEVERE ] updating countdown to 54098
[16:37:37.790] [INFO   ] place card step 0 
[16:37:37.790] [INFO   ] place card step 1 
[16:37:37.790] [INFO   ] place card step 2 
[16:37:37.790] [INFO   ] place card step 3 
[16:37:37.790] [INFO   ] place card step 5 
[16:37:37.790] [INFO   ] place card step 6 
[16:37:37.790] [INFO   ] place card step 7 
[16:37:37.790] [INFO   ] place card step 8 
[16:37:37.790] [INFO   ] before sleepUntilWokenOrTimeout 
[16:37:38.805] [SEVERE ] updating countdown to 52644
[16:37:39.245] [INFO   ] place card step 0 
[16:37:39.245] [INFO   ] place card step 1 
[16:37:39.245] [INFO   ] place card step 2 
[16:37:39.245] [INFO   ] place card step 3 
[16:37:39.245] [INFO   ] place card step 5 
[16:37:39.245] [INFO   ] place card step 6 
[16:37:39.245] [INFO   ] place card step 7 
[16:37:39.245] [INFO   ] place card step 8 
[16:37:39.245] [INFO   ] before sleepUntilWokenOrTimeout 
[16:37:40.245] [SEVERE ] updating countdown to 51204
[16:37:40.683] [INFO   ] place card step 0 
[16:37:40.683] [INFO   ] place card step 1 
[16:37:40.683] [INFO   ] place card step 2 
[16:37:40.683] [INFO   ] place card step 3 
[16:37:40.683] [INFO   ] place card step 5 
[16:37:40.683] [INFO   ] place card step 6 
[16:37:40.683] [INFO   ] place card step 7 
[16:37:40.683] [INFO   ] place card step 8 
[16:37:40.683] [INFO   ] before sleepUntilWokenOrTimeout 
[16:37:41.685] [SEVERE ] updating countdown to 49764
[16:37:42.124] [INFO   ] place card step 0 
[16:37:42.124] [INFO   ] place card step 1 
[16:37:42.124] [INFO   ] place card step 2 
[16:37:42.124] [INFO   ] place card step 3 
[16:37:42.124] [INFO   ] place card step 5 
[16:37:42.124] [INFO   ] place card step 6 
[16:37:42.124] [INFO   ] place card step 7 
[16:37:42.124] [INFO   ] place card step 8 
[16:37:42.124] [INFO   ] before sleepUntilWokenOrTimeout 
[16:37:43.126] [SEVERE ] updating countdown to 48323
[16:37:43.563] [INFO   ] place card step 0 
[16:37:43.563] [INFO   ] place card step 1 
[16:37:43.563] [INFO   ] place card step 2 
[16:37:43.563] [INFO   ] place card step 3 
[16:37:43.563] [INFO   ] place card step 5 
[16:37:43.563] [INFO   ] place card step 6 
[16:37:43.563] [INFO   ] place card step 7 
[16:37:43.563] [INFO   ] place card step 8 
[16:37:43.563] [INFO   ] before sleepUntilWokenOrTimeout 
[16:37:44.565] [SEVERE ] updating countdown to 46884
[16:37:45.004] [INFO   ] place card step 0 
[16:37:45.004] [INFO   ] place card step 1 
[16:37:45.004] [INFO   ] place card step 2 
[16:37:45.004] [INFO   ] place card step 3 
[16:37:45.004] [INFO   ] place card step 5 
[16:37:45.004] [INFO   ] place card step 6 
[16:37:45.004] [INFO   ] place card step 7 
[16:37:45.004] [INFO   ] place card step 8 
[16:37:45.004] [INFO   ] before sleepUntilWokenOrTimeout 
[16:37:46.004] [SEVERE ] updating countdown to 45445
[16:37:46.442] [INFO   ] place card step 0 
[16:37:46.442] [INFO   ] place card step 1 
[16:37:46.442] [INFO   ] place card step 2 
[16:37:46.442] [INFO   ] place card step 3 
[16:37:46.442] [INFO   ] place card step 5 
[16:37:46.442] [INFO   ] place card step 6 
[16:37:46.442] [INFO   ] place card step 7 
[16:37:46.442] [INFO   ] place card step 8 
[16:37:46.442] [INFO   ] before sleepUntilWokenOrTimeout 
[16:37:47.445] [SEVERE ] updating countdown to 44004
[16:37:47.883] [INFO   ] place card step 0 
[16:37:47.883] [INFO   ] place card step 1 
[16:37:47.883] [INFO   ] place card step 2 
[16:37:47.883] [INFO   ] place card step 3 
[16:37:47.883] [INFO   ] place card step 5 
[16:37:47.883] [INFO   ] place card step 6 
[16:37:47.883] [INFO   ] place card step 7 
[16:37:47.883] [INFO   ] place card step 8 
[16:37:47.883] [INFO   ] before sleepUntilWokenOrTimeout 
[16:37:48.884] [SEVERE ] updating countdown to 42565
[16:37:49.324] [INFO   ] place card step 0 
[16:37:49.324] [INFO   ] place card step 1 
[16:37:49.324] [INFO   ] place card step 2 
[16:37:49.324] [INFO   ] place card step 3 
[16:37:49.324] [INFO   ] place card step 5 
[16:37:49.324] [INFO   ] place card step 6 
[16:37:49.324] [INFO   ] place card step 7 
[16:37:49.324] [INFO   ] place card step 8 
[16:37:49.324] [INFO   ] before sleepUntilWokenOrTimeout 
[16:37:50.325] [SEVERE ] updating countdown to 41124
[16:37:50.765] [INFO   ] place card step 0 
[16:37:50.765] [INFO   ] place card step 1 
[16:37:50.765] [INFO   ] place card step 2 
[16:37:50.765] [INFO   ] place card step 3 
[16:37:50.765] [INFO   ] place card step 5 
[16:37:50.765] [INFO   ] place card step 6 
[16:37:50.765] [INFO   ] place card step 7 
[16:37:50.765] [INFO   ] place card step 8 
[16:37:50.765] [INFO   ] before sleepUntilWokenOrTimeout 
[16:37:51.770] [SEVERE ] updating countdown to 39679
[16:37:52.208] [INFO   ] place card step 0 
[16:37:52.209] [INFO   ] place card step 1 
[16:37:52.209] [INFO   ] place card step 2 
[16:37:52.209] [INFO   ] place card step 3 
[16:37:52.210] [INFO   ] place card step 5 
[16:37:52.210] [INFO   ] place card step 6 
[16:37:52.210] [INFO   ] place card step 7 
[16:37:52.210] [INFO   ] place card step 8 
[16:37:52.210] [INFO   ] before sleepUntilWokenOrTimeout 
[16:37:53.210] [SEVERE ] updating countdown to 38239
[16:37:53.648] [INFO   ] place card step 0 
[16:37:53.648] [INFO   ] place card step 1 
[16:37:53.648] [INFO   ] place card step 2 
[16:37:53.648] [INFO   ] place card step 3 
[16:37:53.648] [INFO   ] place card step 5 
[16:37:53.648] [INFO   ] place card step 6 
[16:37:53.648] [INFO   ] place card step 7 
[16:37:53.648] [INFO   ] place card step 8 
[16:37:53.648] [INFO   ] before sleepUntilWokenOrTimeout 
[16:37:53.917] [SEVERE ] key 68 was pressed by player 1
[16:37:53.917] [SEVERE ] player 1 placing token on slot 6
[16:37:53.931] [SEVERE ] key 83 was pressed by player 1
[16:37:53.934] [SEVERE ] player 1 placing token on slot 5
[16:37:54.651] [SEVERE ] updating countdown to 36798
[16:37:55.090] [INFO   ] place card step 0 
[16:37:55.090] [INFO   ] place card step 1 
[16:37:55.090] [INFO   ] place card step 2 
[16:37:55.090] [INFO   ] place card step 3 
[16:37:55.090] [INFO   ] place card step 5 
[16:37:55.090] [INFO   ] place card step 6 
[16:37:55.090] [INFO   ] place card step 7 
[16:37:55.090] [INFO   ] place card step 8 
[16:37:55.090] [INFO   ] before sleepUntilWokenOrTimeout 
[16:37:56.091] [SEVERE ] updating countdown to 35358
[16:37:56.526] [INFO   ] place card step 0 
[16:37:56.526] [INFO   ] place card step 1 
[16:37:56.526] [INFO   ] place card step 2 
[16:37:56.526] [INFO   ] place card step 3 
[16:37:56.526] [INFO   ] place card step 5 
[16:37:56.526] [INFO   ] place card step 6 
[16:37:56.526] [INFO   ] place card step 7 
[16:37:56.526] [INFO   ] place card step 8 
[16:37:56.526] [INFO   ] before sleepUntilWokenOrTimeout 
[16:37:56.793] [SEVERE ] exit button pressed
[16:37:57.530] [SEVERE ] updating countdown to 33919
[16:37:57.968] [INFO   ] place card step 0 
[16:37:57.968] [INFO   ] place card step 1 
[16:37:57.968] [INFO   ] place card step 2 
[16:37:57.968] [INFO   ] place card step 3 
[16:37:57.968] [INFO   ] place card step 5 
[16:37:57.968] [INFO   ] place card step 6 
[16:37:57.968] [INFO   ] place card step 7 
[16:37:57.968] [INFO   ] place card step 8 
[16:37:57.968] [INFO   ] before sleepUntilWokenOrTimeout 
[16:37:58.971] [SEVERE ] updating countdown to 32478
[16:37:59.409] [INFO   ] place card step 0 
[16:37:59.409] [INFO   ] place card step 1 
[16:37:59.409] [INFO   ] place card step 2 
[16:37:59.409] [INFO   ] place card step 3 
[16:37:59.409] [INFO   ] place card step 5 
[16:37:59.409] [INFO   ] place card step 6 
[16:37:59.409] [INFO   ] place card step 7 
[16:37:59.409] [INFO   ] place card step 8 
[16:37:59.409] [INFO   ] before sleepUntilWokenOrTimeout 
[16:38:00.411] [SEVERE ] updating countdown to 31038
[16:38:00.848] [INFO   ] place card step 0 
[16:38:00.848] [INFO   ] place card step 1 
[16:38:00.848] [INFO   ] place card step 2 
[16:38:00.848] [INFO   ] place card step 3 
[16:38:00.849] [INFO   ] place card step 5 
[16:38:00.849] [INFO   ] place card step 6 
[16:38:00.849] [INFO   ] place card step 7 
[16:38:00.849] [INFO   ] place card step 8 
[16:38:00.849] [INFO   ] before sleepUntilWokenOrTimeout 
[16:38:01.855] [SEVERE ] updating countdown to 29594
[16:38:02.286] [INFO   ] place card step 0 
[16:38:02.286] [INFO   ] place card step 1 
[16:38:02.286] [INFO   ] place card step 2 
[16:38:02.286] [INFO   ] place card step 3 
[16:38:02.286] [INFO   ] place card step 5 
[16:38:02.286] [INFO   ] place card step 6 
[16:38:02.286] [INFO   ] place card step 7 
[16:38:02.286] [INFO   ] place card step 8 
[16:38:02.286] [INFO   ] before sleepUntilWokenOrTimeout 
[16:38:03.286] [SEVERE ] updating countdown to 28163
[16:38:03.717] [INFO   ] place card step 0 
[16:38:03.717] [INFO   ] place card step 1 
[16:38:03.717] [INFO   ] place card step 2 
[16:38:03.717] [INFO   ] place card step 3 
[16:38:03.717] [INFO   ] place card step 5 
[16:38:03.717] [INFO   ] place card step 6 
[16:38:03.717] [INFO   ] place card step 7 
[16:38:03.717] [INFO   ] place card step 8 
[16:38:03.717] [INFO   ] before sleepUntilWokenOrTimeout 
[16:38:04.727] [SEVERE ] updating countdown to 26722
[16:38:05.151] [INFO   ] place card step 0 
[16:38:05.151] [INFO   ] place card step 1 
[16:38:05.151] [INFO   ] place card step 2 
[16:38:05.151] [INFO   ] place card step 3 
[16:38:05.151] [INFO   ] place card step 5 
[16:38:05.151] [INFO   ] place card step 6 
[16:38:05.151] [INFO   ] place card step 7 
[16:38:05.151] [INFO   ] place card step 8 
[16:38:05.151] [INFO   ] before sleepUntilWokenOrTimeout 
[16:38:06.166] [SEVERE ] updating countdown to 25283
[16:38:06.605] [INFO   ] place card step 0 
[16:38:06.605] [INFO   ] place card step 1 
[16:38:06.605] [INFO   ] place card step 2 
[16:38:06.605] [INFO   ] place card step 3 
[16:38:06.605] [INFO   ] place card step 5 
[16:38:06.605] [INFO   ] place card step 6 
[16:38:06.605] [INFO   ] place card step 7 
[16:38:06.605] [INFO   ] place card step 8 
[16:38:06.605] [INFO   ] before sleepUntilWokenOrTimeout 
[16:38:06.808] [INFO   ] thread Thread-0 terminated.
[16:38:06.808] [SEVERE ] updating countdown to 24641
[16:38:06.809] [INFO   ] thread Thread-1 terminated.
[16:38:07.028] [INFO   ] remove  in the table step 1
[16:38:07.028] [INFO   ] remove  in the table step 2
[16:38:07.028] [SEVERE ] setting player 1 score to 1
[16:38:07.028] [SEVERE ] setting player 1 freeze to 1000
[16:38:08.031] [SEVERE ] setting player 1 freeze to 0
[16:38:08.031] [SEVERE ] removing player 1 token from slot 6
[16:38:08.141] [SEVERE ] removing card from slot 6
[16:38:08.141] [SEVERE ] removing player 1 token from slot 5
[16:38:08.251] [SEVERE ] removing card from slot 5
[16:38:08.251] [INFO   ] remove  in the table step 1
[16:38:08.251] [INFO   ] remove  in the table step 2
[16:38:08.251] [SEVERE ] setting player 2 freeze to 3000
[16:38:09.253] [SEVERE ] setting player 2 freeze to 2000
[16:38:10.256] [SEVERE ] setting player 2 freeze to 1000
[16:38:11.259] [SEVERE ] setting player 2 freeze to 0
[16:38:11.259] [SEVERE ] updating countdown to 60000
[16:38:11.478] [INFO   ] place card step 0 
[16:38:11.478] [INFO   ] place card step 1 
[16:38:11.587] [SEVERE ] placing card 73 in slot 5
[16:38:11.697] [SEVERE ] placing card 34 in slot 6
[16:38:11.697] [INFO   ] place card step 2 
[16:38:11.697] [INFO   ] place card step 3 
[16:38:11.697] [INFO   ] place card step 4 if no set!!!!! 
[16:38:12.027] [SEVERE ] removing card from slot 0
[16:38:12.136] [SEVERE ] removing card from slot 1
[16:38:12.246] [SEVERE ] removing card from slot 2
[16:38:12.356] [SEVERE ] removing card from slot 3
[16:38:12.466] [SEVERE ] removing card from slot 4
[16:38:12.576] [SEVERE ] removing card from slot 5
[16:38:12.685] [SEVERE ] removing card from slot 6
[16:38:12.796] [SEVERE ] removing card from slot 7
[16:38:12.906] [SEVERE ] removing card from slot 8
[16:38:13.016] [SEVERE ] removing card from slot 9
[16:38:13.126] [SEVERE ] removing card from slot 10
[16:38:13.235] [SEVERE ] removing card from slot 11
[16:38:13.238] [INFO   ] thread dealer terminated.
[16:38:13.238] [SEVERE ] thanks for playing... it was fun!
[16:38:13.238] [INFO   ] thread main terminated.
