[15:06:09.006] [INFO   ] thread main starting.
[15:06:09.017] [SEVERE ] cannot read configuration file config.properties trying from resources.
[15:06:09.017] [SEVERE ] configuration file was loaded from resources directory.
[15:06:09.642] [INFO   ] thread dealer starting.
[15:06:09.643] [INFO   ] thread dealer starting.
[15:06:09.644] [SEVERE ] updating countdown to 60000
[15:06:09.644] [INFO   ] thread Thread-1 starting.
[15:06:09.644] [INFO   ] thread Thread-0 starting.
[15:06:09.864] [INFO   ] place card step 0 
[15:06:09.864] [INFO   ] place card step 1 
[15:06:09.973] [SEVERE ] placing card 38 in slot 0
[15:06:10.083] [SEVERE ] placing card 61 in slot 1
[15:06:10.186] [SEVERE ] placing card 35 in slot 2
[15:06:10.299] [SEVERE ] placing card 71 in slot 3
[15:06:10.416] [SEVERE ] placing card 57 in slot 4
[15:06:10.532] [SEVERE ] placing card 62 in slot 5
[15:06:10.649] [SEVERE ] placing card 47 in slot 6
[15:06:10.766] [SEVERE ] placing card 36 in slot 7
[15:06:10.882] [SEVERE ] placing card 28 in slot 8
[15:06:10.997] [SEVERE ] placing card 37 in slot 9
[15:06:11.107] [SEVERE ] placing card 33 in slot 10
[15:06:11.215] [SEVERE ] placing card 10 in slot 11
[15:06:11.215] [INFO   ] place card step 2 
[15:06:11.216] [INFO   ] place card step 3 
[15:06:11.221] [INFO   ] place card step 4 
[15:06:12.234] [SEVERE ] updating countdown to 57411
[15:06:12.453] [INFO   ] before place card 
[15:06:12.672] [INFO   ] place card step 0 
[15:06:12.672] [INFO   ] place card step 1 
[15:06:12.672] [INFO   ] place card step 2 
[15:06:12.672] [INFO   ] place card step 3 
[15:06:12.672] [INFO   ] place card step 4 
[15:06:13.688] [SEVERE ] updating countdown to 55957
[15:06:13.908] [INFO   ] before place card 
[15:06:14.127] [INFO   ] place card step 0 
[15:06:14.127] [INFO   ] place card step 1 
[15:06:14.127] [INFO   ] place card step 2 
[15:06:14.127] [INFO   ] place card step 3 
[15:06:14.127] [INFO   ] place card step 4 
[15:06:15.130] [SEVERE ] updating countdown to 54515
[15:06:15.349] [INFO   ] before place card 
[15:06:15.568] [INFO   ] place card step 0 
[15:06:15.569] [INFO   ] place card step 1 
[15:06:15.569] [INFO   ] place card step 2 
[15:06:15.569] [INFO   ] place card step 3 
[15:06:15.571] [INFO   ] place card step 4 
[15:06:16.585] [SEVERE ] updating countdown to 53060
[15:06:16.805] [INFO   ] before place card 
[15:06:17.024] [INFO   ] place card step 0 
[15:06:17.024] [INFO   ] place card step 1 
[15:06:17.024] [INFO   ] place card step 2 
[15:06:17.024] [INFO   ] place card step 3 
[15:06:17.024] [INFO   ] place card step 4 
[15:06:18.025] [SEVERE ] updating countdown to 51620
[15:06:18.244] [INFO   ] before place card 
[15:06:18.463] [INFO   ] place card step 0 
[15:06:18.463] [INFO   ] place card step 1 
[15:06:18.463] [INFO   ] place card step 2 
[15:06:18.463] [INFO   ] place card step 3 
[15:06:18.463] [INFO   ] place card step 4 
[15:06:19.466] [SEVERE ] updating countdown to 50179
[15:06:19.685] [INFO   ] before place card 
[15:06:19.903] [INFO   ] place card step 0 
[15:06:19.904] [INFO   ] place card step 1 
[15:06:19.904] [INFO   ] place card step 2 
[15:06:19.904] [INFO   ] place card step 3 
[15:06:19.905] [INFO   ] place card step 4 
[15:06:20.921] [SEVERE ] updating countdown to 48724
[15:06:21.140] [INFO   ] before place card 
[15:06:21.358] [INFO   ] place card step 0 
[15:06:21.358] [INFO   ] place card step 1 
[15:06:21.358] [INFO   ] place card step 2 
[15:06:21.358] [INFO   ] place card step 3 
[15:06:21.358] [INFO   ] place card step 4 
[15:06:22.362] [SEVERE ] updating countdown to 47283
[15:06:22.581] [INFO   ] before place card 
[15:06:22.800] [INFO   ] place card step 0 
[15:06:22.800] [INFO   ] place card step 1 
[15:06:22.800] [INFO   ] place card step 2 
[15:06:22.800] [INFO   ] place card step 3 
[15:06:22.800] [INFO   ] place card step 4 
[15:06:23.801] [SEVERE ] updating countdown to 45844
[15:06:24.020] [INFO   ] before place card 
[15:06:24.239] [INFO   ] place card step 0 
[15:06:24.239] [INFO   ] place card step 1 
[15:06:24.239] [INFO   ] place card step 2 
[15:06:24.239] [INFO   ] place card step 3 
[15:06:24.239] [INFO   ] place card step 4 
[15:06:25.241] [SEVERE ] updating countdown to 44404
[15:06:25.460] [INFO   ] before place card 
[15:06:25.679] [INFO   ] place card step 0 
[15:06:25.679] [INFO   ] place card step 1 
[15:06:25.679] [INFO   ] place card step 2 
[15:06:25.679] [INFO   ] place card step 3 
[15:06:25.679] [INFO   ] place card step 4 
[15:06:26.681] [SEVERE ] updating countdown to 42964
[15:06:26.901] [INFO   ] before place card 
[15:06:27.121] [INFO   ] place card step 0 
[15:06:27.121] [INFO   ] place card step 1 
[15:06:27.121] [INFO   ] place card step 2 
[15:06:27.121] [INFO   ] place card step 3 
[15:06:27.121] [INFO   ] place card step 4 
[15:06:28.121] [SEVERE ] updating countdown to 41524
[15:06:28.340] [INFO   ] before place card 
[15:06:28.559] [INFO   ] place card step 0 
[15:06:28.559] [INFO   ] place card step 1 
[15:06:28.559] [INFO   ] place card step 2 
[15:06:28.559] [INFO   ] place card step 3 
[15:06:28.559] [INFO   ] place card step 4 
[15:06:29.561] [SEVERE ] updating countdown to 40084
[15:06:29.780] [INFO   ] before place card 
[15:06:29.998] [INFO   ] place card step 0 
[15:06:29.998] [INFO   ] place card step 1 
[15:06:29.998] [INFO   ] place card step 2 
[15:06:29.998] [INFO   ] place card step 3 
[15:06:29.998] [INFO   ] place card step 4 
[15:06:31.000] [SEVERE ] updating countdown to 38645
[15:06:31.219] [INFO   ] before place card 
[15:06:31.437] [INFO   ] place card step 0 
[15:06:31.437] [INFO   ] place card step 1 
[15:06:31.437] [INFO   ] place card step 2 
[15:06:31.437] [INFO   ] place card step 3 
[15:06:31.437] [INFO   ] place card step 4 
[15:06:32.440] [SEVERE ] updating countdown to 37205
[15:06:32.660] [INFO   ] before place card 
[15:06:32.880] [INFO   ] place card step 0 
[15:06:32.880] [INFO   ] place card step 1 
[15:06:32.880] [INFO   ] place card step 2 
[15:06:32.880] [INFO   ] place card step 3 
[15:06:32.880] [INFO   ] place card step 4 
[15:06:33.883] [SEVERE ] updating countdown to 35762
[15:06:34.103] [INFO   ] before place card 
[15:06:34.323] [INFO   ] place card step 0 
[15:06:34.323] [INFO   ] place card step 1 
[15:06:34.323] [INFO   ] place card step 2 
[15:06:34.323] [INFO   ] place card step 3 
[15:06:34.323] [INFO   ] place card step 4 
[15:06:35.326] [SEVERE ] updating countdown to 34320
[15:06:35.543] [INFO   ] before place card 
[15:06:35.762] [INFO   ] place card step 0 
[15:06:35.762] [INFO   ] place card step 1 
[15:06:35.762] [INFO   ] place card step 2 
[15:06:35.762] [INFO   ] place card step 3 
[15:06:35.762] [INFO   ] place card step 4 
[15:06:36.765] [SEVERE ] updating countdown to 32880
[15:06:36.986] [INFO   ] before place card 
[15:06:37.205] [INFO   ] place card step 0 
[15:06:37.205] [INFO   ] place card step 1 
[15:06:37.205] [INFO   ] place card step 2 
[15:06:37.205] [INFO   ] place card step 3 
[15:06:37.205] [INFO   ] place card step 4 
[15:06:38.219] [SEVERE ] updating countdown to 31426
[15:06:38.439] [INFO   ] before place card 
[15:06:38.658] [INFO   ] place card step 0 
[15:06:38.658] [INFO   ] place card step 1 
[15:06:38.658] [INFO   ] place card step 2 
[15:06:38.658] [INFO   ] place card step 3 
[15:06:38.658] [INFO   ] place card step 4 
[15:06:39.660] [SEVERE ] updating countdown to 29985
[15:06:39.878] [INFO   ] before place card 
[15:06:40.098] [INFO   ] place card step 0 
[15:06:40.098] [INFO   ] place card step 1 
[15:06:40.098] [INFO   ] place card step 2 
[15:06:40.098] [INFO   ] place card step 3 
[15:06:40.098] [INFO   ] place card step 4 
[15:06:41.100] [SEVERE ] updating countdown to 28545
[15:06:41.319] [INFO   ] before place card 
[15:06:41.538] [INFO   ] place card step 0 
[15:06:41.538] [INFO   ] place card step 1 
[15:06:41.538] [INFO   ] place card step 2 
[15:06:41.538] [INFO   ] place card step 3 
[15:06:41.538] [INFO   ] place card step 4 
[15:06:42.539] [SEVERE ] updating countdown to 27106
[15:06:42.758] [INFO   ] before place card 
[15:06:42.977] [INFO   ] place card step 0 
[15:06:42.977] [INFO   ] place card step 1 
[15:06:42.977] [INFO   ] place card step 2 
[15:06:42.977] [INFO   ] place card step 3 
[15:06:42.977] [INFO   ] place card step 4 
[15:06:43.978] [SEVERE ] updating countdown to 25667
[15:06:44.197] [INFO   ] before place card 
[15:06:44.416] [INFO   ] place card step 0 
[15:06:44.416] [INFO   ] place card step 1 
[15:06:44.416] [INFO   ] place card step 2 
[15:06:44.416] [INFO   ] place card step 3 
[15:06:44.416] [INFO   ] place card step 4 
[15:06:45.419] [SEVERE ] updating countdown to 24226
[15:06:45.638] [INFO   ] before place card 
[15:06:45.857] [INFO   ] place card step 0 
[15:06:45.857] [INFO   ] place card step 1 
[15:06:45.857] [INFO   ] place card step 2 
[15:06:45.857] [INFO   ] place card step 3 
[15:06:45.857] [INFO   ] place card step 4 
[15:06:46.872] [SEVERE ] updating countdown to 22773
[15:06:47.093] [INFO   ] before place card 
[15:06:47.312] [INFO   ] place card step 0 
[15:06:47.312] [INFO   ] place card step 1 
[15:06:47.312] [INFO   ] place card step 2 
[15:06:47.312] [INFO   ] place card step 3 
[15:06:47.312] [INFO   ] place card step 4 
[15:06:48.313] [SEVERE ] updating countdown to 21332
[15:06:48.532] [INFO   ] before place card 
[15:06:48.752] [INFO   ] place card step 0 
[15:06:48.752] [INFO   ] place card step 1 
[15:06:48.752] [INFO   ] place card step 2 
[15:06:48.752] [INFO   ] place card step 3 
[15:06:48.752] [INFO   ] place card step 4 
[15:06:49.757] [SEVERE ] updating countdown to 19888
[15:06:49.975] [INFO   ] before place card 
[15:06:50.195] [INFO   ] place card step 0 
[15:06:50.195] [INFO   ] place card step 1 
[15:06:50.195] [INFO   ] place card step 2 
[15:06:50.195] [INFO   ] place card step 3 
[15:06:50.195] [INFO   ] place card step 4 
[15:06:51.196] [SEVERE ] updating countdown to 18449
[15:06:51.415] [INFO   ] before place card 
[15:06:51.618] [SEVERE ] key 85 was pressed by player 2
[15:06:51.618] [SEVERE ] player 2 placing token on slot 0
[15:06:51.634] [INFO   ] place card step 0 
[15:06:51.634] [INFO   ] place card step 1 
[15:06:51.634] [INFO   ] place card step 2 
[15:06:51.634] [INFO   ] place card step 3 
[15:06:51.634] [INFO   ] place card step 4 
[15:06:52.073] [SEVERE ] key 85 was pressed by player 2
[15:06:52.073] [SEVERE ] removing player 2 token from slot 0
[15:06:52.637] [SEVERE ] updating countdown to 17008
[15:06:52.777] [SEVERE ] key 73 was pressed by player 2
[15:06:52.777] [SEVERE ] player 2 placing token on slot 1
[15:06:52.856] [INFO   ] before place card 
[15:06:53.076] [INFO   ] place card step 0 
[15:06:53.076] [INFO   ] place card step 1 
[15:06:53.076] [INFO   ] place card step 2 
[15:06:53.076] [INFO   ] place card step 3 
[15:06:53.076] [INFO   ] place card step 4 
[15:06:53.859] [SEVERE ] key 79 was pressed by player 2
[15:06:53.859] [SEVERE ] player 2 placing token on slot 2
[15:06:54.078] [SEVERE ] updating countdown to 15567
[15:06:54.298] [INFO   ] before place card 
[15:06:54.517] [INFO   ] place card step 0 
[15:06:54.517] [INFO   ] place card step 1 
[15:06:54.517] [INFO   ] place card step 2 
[15:06:54.517] [INFO   ] place card step 3 
[15:06:54.517] [INFO   ] place card step 4 
[15:06:55.532] [SEVERE ] updating countdown to 14113
[15:06:55.751] [INFO   ] before place card 
[15:06:55.969] [INFO   ] place card step 0 
[15:06:55.969] [INFO   ] place card step 1 
[15:06:55.969] [INFO   ] place card step 2 
[15:06:55.969] [INFO   ] place card step 3 
[15:06:55.969] [INFO   ] place card step 4 
[15:06:56.973] [SEVERE ] updating countdown to 12672
[15:06:57.191] [INFO   ] before place card 
[15:06:57.409] [INFO   ] place card step 0 
[15:06:57.409] [INFO   ] place card step 1 
[15:06:57.409] [INFO   ] place card step 2 
[15:06:57.409] [INFO   ] place card step 3 
[15:06:57.409] [INFO   ] place card step 4 
[15:06:58.410] [SEVERE ] updating countdown to 11235
[15:06:58.457] [SEVERE ] key 79 was pressed by player 2
[15:06:58.457] [SEVERE ] removing player 2 token from slot 2
[15:06:58.629] [INFO   ] before place card 
[15:06:58.848] [INFO   ] place card step 0 
[15:06:58.848] [INFO   ] place card step 1 
[15:06:58.848] [INFO   ] place card step 2 
[15:06:58.848] [INFO   ] place card step 3 
[15:06:58.848] [INFO   ] place card step 4 
[15:06:58.926] [SEVERE ] key 73 was pressed by player 2
[15:06:58.942] [SEVERE ] removing player 2 token from slot 1
[15:06:59.849] [SEVERE ] updating countdown to 9796
[15:07:00.068] [INFO   ] before place card 
[15:07:00.287] [INFO   ] place card step 0 
[15:07:00.287] [INFO   ] place card step 1 
[15:07:00.287] [INFO   ] place card step 2 
[15:07:00.287] [INFO   ] place card step 3 
[15:07:00.287] [INFO   ] place card step 4 
[15:07:01.289] [SEVERE ] updating countdown to 8356
[15:07:01.508] [INFO   ] before place card 
[15:07:01.727] [INFO   ] place card step 0 
[15:07:01.727] [INFO   ] place card step 1 
[15:07:01.727] [INFO   ] place card step 2 
[15:07:01.727] [INFO   ] place card step 3 
[15:07:01.728] [INFO   ] place card step 4 
[15:07:02.742] [SEVERE ] updating countdown to 6903
[15:07:02.962] [INFO   ] before place card 
[15:07:03.181] [INFO   ] place card step 0 
[15:07:03.181] [INFO   ] place card step 1 
[15:07:03.181] [INFO   ] place card step 2 
[15:07:03.181] [INFO   ] place card step 3 
[15:07:03.181] [INFO   ] place card step 4 
[15:07:04.181] [SEVERE ] updating countdown to 5464
[15:07:04.401] [INFO   ] before place card 
[15:07:04.620] [INFO   ] place card step 0 
[15:07:04.620] [INFO   ] place card step 1 
[15:07:04.620] [INFO   ] place card step 2 
[15:07:04.620] [INFO   ] place card step 3 
[15:07:04.620] [INFO   ] place card step 4 
[15:07:05.841] [INFO   ] before place card 
[15:07:06.061] [INFO   ] place card step 0 
[15:07:06.061] [INFO   ] place card step 1 
[15:07:06.061] [INFO   ] place card step 2 
[15:07:06.061] [INFO   ] place card step 3 
[15:07:06.061] [INFO   ] place card step 4 
[15:07:06.295] [INFO   ] before place card 
[15:07:06.514] [INFO   ] place card step 0 
[15:07:06.514] [INFO   ] place card step 1 
[15:07:06.514] [INFO   ] place card step 2 
[15:07:06.514] [INFO   ] place card step 3 
[15:07:06.514] [INFO   ] place card step 4 
[15:07:06.749] [INFO   ] before place card 
[15:07:06.967] [INFO   ] place card step 0 
[15:07:06.967] [INFO   ] place card step 1 
[15:07:06.967] [INFO   ] place card step 2 
[15:07:06.967] [INFO   ] place card step 3 
[15:07:06.967] [INFO   ] place card step 4 
[15:07:07.202] [INFO   ] before place card 
[15:07:07.421] [INFO   ] place card step 0 
[15:07:07.421] [INFO   ] place card step 1 
[15:07:07.421] [INFO   ] place card step 2 
[15:07:07.421] [INFO   ] place card step 3 
[15:07:07.421] [INFO   ] place card step 4 
[15:07:07.656] [INFO   ] before place card 
[15:07:07.875] [INFO   ] place card step 0 
[15:07:07.875] [INFO   ] place card step 1 
[15:07:07.875] [INFO   ] place card step 2 
[15:07:07.875] [INFO   ] place card step 3 
[15:07:07.875] [INFO   ] place card step 4 
[15:07:08.109] [INFO   ] before place card 
[15:07:08.329] [INFO   ] place card step 0 
[15:07:08.329] [INFO   ] place card step 1 
[15:07:08.329] [INFO   ] place card step 2 
[15:07:08.329] [INFO   ] place card step 3 
[15:07:08.329] [INFO   ] place card step 4 
[15:07:08.562] [INFO   ] before place card 
[15:07:08.781] [INFO   ] place card step 0 
[15:07:08.781] [INFO   ] place card step 1 
[15:07:08.781] [INFO   ] place card step 2 
[15:07:08.781] [INFO   ] place card step 3 
[15:07:08.781] [INFO   ] place card step 4 
[15:07:09.016] [INFO   ] before place card 
[15:07:09.236] [INFO   ] place card step 0 
[15:07:09.236] [INFO   ] place card step 1 
[15:07:09.236] [INFO   ] place card step 2 
[15:07:09.236] [INFO   ] place card step 3 
[15:07:09.236] [INFO   ] place card step 4 
[15:07:09.471] [INFO   ] before place card 
[15:07:09.693] [INFO   ] place card step 0 
[15:07:09.693] [INFO   ] place card step 1 
[15:07:09.693] [INFO   ] place card step 2 
[15:07:09.693] [INFO   ] place card step 3 
[15:07:09.693] [INFO   ] place card step 4 
[15:07:09.693] [SEVERE ] updating countdown to 60000
[15:07:09.802] [SEVERE ] removing card from slot 0
[15:07:09.912] [SEVERE ] removing card from slot 1
[15:07:10.022] [SEVERE ] removing card from slot 2
[15:07:10.131] [SEVERE ] removing card from slot 3
[15:07:10.241] [SEVERE ] removing card from slot 4
[15:07:10.351] [SEVERE ] removing card from slot 5
[15:07:10.460] [SEVERE ] removing card from slot 6
[15:07:10.569] [SEVERE ] removing card from slot 7
[15:07:10.678] [SEVERE ] removing card from slot 8
[15:07:10.787] [SEVERE ] removing card from slot 9
[15:07:10.897] [SEVERE ] removing card from slot 10
[15:07:11.007] [SEVERE ] removing card from slot 11
[15:07:11.226] [INFO   ] place card step 0 
[15:07:11.226] [INFO   ] place card step 1 
[15:07:11.336] [SEVERE ] placing card 39 in slot 0
[15:07:11.446] [SEVERE ] placing card 8 in slot 1
[15:07:11.555] [SEVERE ] placing card 42 in slot 2
[15:07:11.664] [SEVERE ] placing card 30 in slot 3
[15:07:11.774] [SEVERE ] placing card 16 in slot 4
[15:07:11.883] [SEVERE ] placing card 3 in slot 5
[15:07:11.994] [SEVERE ] placing card 46 in slot 6
[15:07:12.103] [SEVERE ] placing card 8 in slot 7
[15:07:12.213] [SEVERE ] placing card 68 in slot 8
[15:07:12.323] [SEVERE ] placing card 80 in slot 9
[15:07:12.432] [SEVERE ] placing card 73 in slot 10
[15:07:12.542] [SEVERE ] placing card 31 in slot 11
[15:07:12.542] [INFO   ] place card step 2 
[15:07:12.542] [INFO   ] place card step 3 
[15:07:12.542] [INFO   ] place card step 4 
[15:07:13.544] [SEVERE ] updating countdown to 56149
[15:07:13.762] [INFO   ] before place card 
[15:07:13.982] [INFO   ] place card step 0 
[15:07:13.982] [INFO   ] place card step 1 
[15:07:13.982] [INFO   ] place card step 2 
[15:07:13.982] [INFO   ] place card step 3 
[15:07:13.982] [INFO   ] place card step 4 
[15:07:14.984] [SEVERE ] updating countdown to 54709
[15:07:15.203] [INFO   ] before place card 
[15:07:15.422] [INFO   ] place card step 0 
[15:07:15.422] [INFO   ] place card step 1 
[15:07:15.422] [INFO   ] place card step 2 
[15:07:15.422] [INFO   ] place card step 3 
[15:07:15.422] [INFO   ] place card step 4 
[15:07:16.424] [SEVERE ] updating countdown to 53269
[15:07:16.643] [INFO   ] before place card 
[15:07:16.862] [INFO   ] place card step 0 
[15:07:16.862] [INFO   ] place card step 1 
[15:07:16.862] [INFO   ] place card step 2 
[15:07:16.862] [INFO   ] place card step 3 
[15:07:16.862] [INFO   ] place card step 4 
[15:07:17.863] [SEVERE ] updating countdown to 51830
[15:07:18.082] [INFO   ] before place card 
[15:07:18.301] [INFO   ] place card step 0 
[15:07:18.301] [INFO   ] place card step 1 
[15:07:18.301] [INFO   ] place card step 2 
[15:07:18.301] [INFO   ] place card step 3 
[15:07:18.301] [INFO   ] place card step 4 
[15:07:19.302] [SEVERE ] updating countdown to 50391
[15:07:19.521] [INFO   ] before place card 
[15:07:19.740] [INFO   ] place card step 0 
[15:07:19.740] [INFO   ] place card step 1 
[15:07:19.740] [INFO   ] place card step 2 
[15:07:19.740] [INFO   ] place card step 3 
[15:07:19.740] [INFO   ] place card step 4 
[15:07:20.742] [SEVERE ] updating countdown to 48951
[15:07:20.962] [INFO   ] before place card 
[15:07:21.181] [INFO   ] place card step 0 
[15:07:21.181] [INFO   ] place card step 1 
[15:07:21.181] [INFO   ] place card step 2 
[15:07:21.181] [INFO   ] place card step 3 
[15:07:21.181] [INFO   ] place card step 4 
[15:07:22.183] [SEVERE ] updating countdown to 47510
[15:07:22.402] [INFO   ] before place card 
[15:07:22.621] [INFO   ] place card step 0 
[15:07:22.621] [INFO   ] place card step 1 
[15:07:22.621] [INFO   ] place card step 2 
[15:07:22.621] [INFO   ] place card step 3 
[15:07:22.621] [INFO   ] place card step 4 
[15:07:23.624] [SEVERE ] updating countdown to 46069
[15:07:23.843] [INFO   ] before place card 
[15:07:24.063] [INFO   ] place card step 0 
[15:07:24.063] [INFO   ] place card step 1 
[15:07:24.063] [INFO   ] place card step 2 
[15:07:24.063] [INFO   ] place card step 3 
[15:07:24.063] [INFO   ] place card step 4 
[15:07:25.063] [SEVERE ] updating countdown to 44630
[15:07:25.282] [INFO   ] before place card 
[15:07:25.501] [INFO   ] place card step 0 
[15:07:25.501] [INFO   ] place card step 1 
[15:07:25.501] [INFO   ] place card step 2 
[15:07:25.501] [INFO   ] place card step 3 
[15:07:25.501] [INFO   ] place card step 4 
[15:07:26.503] [SEVERE ] updating countdown to 43190
[15:07:26.723] [INFO   ] before place card 
[15:07:26.943] [INFO   ] place card step 0 
[15:07:26.943] [INFO   ] place card step 1 
[15:07:26.943] [INFO   ] place card step 2 
[15:07:26.943] [INFO   ] place card step 3 
[15:07:26.943] [INFO   ] place card step 4 
[15:07:27.947] [SEVERE ] updating countdown to 41746
[15:07:28.166] [INFO   ] before place card 
[15:07:28.385] [INFO   ] place card step 0 
[15:07:28.385] [INFO   ] place card step 1 
[15:07:28.385] [INFO   ] place card step 2 
[15:07:28.385] [INFO   ] place card step 3 
[15:07:28.385] [INFO   ] place card step 4 
[15:07:29.386] [SEVERE ] updating countdown to 40307
[15:07:29.606] [INFO   ] before place card 
[15:07:29.825] [INFO   ] place card step 0 
[15:07:29.825] [INFO   ] place card step 1 
[15:07:29.825] [INFO   ] place card step 2 
[15:07:29.825] [INFO   ] place card step 3 
[15:07:29.825] [INFO   ] place card step 4 
[15:07:30.827] [SEVERE ] updating countdown to 38866
[15:07:31.046] [INFO   ] before place card 
[15:07:31.265] [INFO   ] place card step 0 
[15:07:31.265] [INFO   ] place card step 1 
[15:07:31.265] [INFO   ] place card step 2 
[15:07:31.265] [INFO   ] place card step 3 
[15:07:31.265] [INFO   ] place card step 4 
[15:07:32.270] [SEVERE ] updating countdown to 37423
[15:07:32.489] [INFO   ] before place card 
[15:07:32.708] [INFO   ] place card step 0 
[15:07:32.708] [INFO   ] place card step 1 
[15:07:32.708] [INFO   ] place card step 2 
[15:07:32.708] [INFO   ] place card step 3 
[15:07:32.708] [INFO   ] place card step 4 
[15:07:33.711] [SEVERE ] updating countdown to 35982
[15:07:33.931] [INFO   ] before place card 
[15:07:34.151] [INFO   ] place card step 0 
[15:07:34.151] [INFO   ] place card step 1 
[15:07:34.151] [INFO   ] place card step 2 
[15:07:34.151] [INFO   ] place card step 3 
[15:07:34.151] [INFO   ] place card step 4 
[15:07:35.166] [SEVERE ] updating countdown to 34527
[15:07:35.385] [INFO   ] before place card 
[15:07:35.604] [INFO   ] place card step 0 
[15:07:35.604] [INFO   ] place card step 1 
[15:07:35.604] [INFO   ] place card step 2 
[15:07:35.604] [INFO   ] place card step 3 
[15:07:35.604] [INFO   ] place card step 4 
[15:07:36.606] [SEVERE ] updating countdown to 33087
[15:07:36.825] [INFO   ] before place card 
[15:07:37.043] [INFO   ] place card step 0 
[15:07:37.043] [INFO   ] place card step 1 
[15:07:37.043] [INFO   ] place card step 2 
[15:07:37.043] [INFO   ] place card step 3 
[15:07:37.043] [INFO   ] place card step 4 
[15:07:38.046] [SEVERE ] updating countdown to 31647
[15:07:38.265] [INFO   ] before place card 
[15:07:38.484] [INFO   ] place card step 0 
[15:07:38.484] [INFO   ] place card step 1 
[15:07:38.484] [INFO   ] place card step 2 
[15:07:38.484] [INFO   ] place card step 3 
[15:07:38.484] [INFO   ] place card step 4 
[15:07:39.484] [SEVERE ] updating countdown to 30209
[15:07:39.703] [INFO   ] before place card 
[15:07:39.922] [INFO   ] place card step 0 
[15:07:39.922] [INFO   ] place card step 1 
[15:07:39.922] [INFO   ] place card step 2 
[15:07:39.922] [INFO   ] place card step 3 
[15:07:39.922] [INFO   ] place card step 4 
[15:07:40.923] [SEVERE ] updating countdown to 28770
[15:07:41.142] [INFO   ] before place card 
[15:07:41.360] [INFO   ] place card step 0 
[15:07:41.360] [INFO   ] place card step 1 
[15:07:41.360] [INFO   ] place card step 2 
[15:07:41.360] [INFO   ] place card step 3 
[15:07:41.360] [INFO   ] place card step 4 
[15:07:42.364] [SEVERE ] updating countdown to 27329
[15:07:42.584] [INFO   ] before place card 
[15:07:42.803] [INFO   ] place card step 0 
[15:07:42.803] [INFO   ] place card step 1 
[15:07:42.803] [INFO   ] place card step 2 
[15:07:42.803] [INFO   ] place card step 3 
[15:07:42.803] [INFO   ] place card step 4 
[15:07:43.819] [SEVERE ] updating countdown to 25874
[15:07:44.038] [INFO   ] before place card 
[15:07:44.257] [INFO   ] place card step 0 
[15:07:44.257] [INFO   ] place card step 1 
[15:07:44.257] [INFO   ] place card step 2 
[15:07:44.257] [INFO   ] place card step 3 
[15:07:44.257] [INFO   ] place card step 4 
[15:07:45.257] [SEVERE ] updating countdown to 24436
[15:07:45.476] [INFO   ] before place card 
[15:07:45.695] [INFO   ] place card step 0 
[15:07:45.695] [INFO   ] place card step 1 
[15:07:45.695] [INFO   ] place card step 2 
[15:07:45.695] [INFO   ] place card step 3 
[15:07:45.695] [INFO   ] place card step 4 
[15:07:46.700] [SEVERE ] updating countdown to 22993
[15:07:46.920] [INFO   ] before place card 
[15:07:47.141] [INFO   ] place card step 0 
[15:07:47.141] [INFO   ] place card step 1 
[15:07:47.141] [INFO   ] place card step 2 
[15:07:47.141] [INFO   ] place card step 3 
[15:07:47.141] [INFO   ] place card step 4 
[15:07:48.144] [SEVERE ] updating countdown to 21549
[15:07:48.363] [INFO   ] before place card 
[15:07:48.583] [INFO   ] place card step 0 
[15:07:48.583] [INFO   ] place card step 1 
[15:07:48.583] [INFO   ] place card step 2 
[15:07:48.583] [INFO   ] place card step 3 
[15:07:48.583] [INFO   ] place card step 4 
[15:07:49.585] [SEVERE ] updating countdown to 20108
[15:07:49.804] [INFO   ] before place card 
[15:07:50.023] [INFO   ] place card step 0 
[15:07:50.023] [INFO   ] place card step 1 
[15:07:50.023] [INFO   ] place card step 2 
[15:07:50.023] [INFO   ] place card step 3 
[15:07:50.023] [INFO   ] place card step 4 
[15:07:51.025] [SEVERE ] updating countdown to 18668
[15:07:51.244] [INFO   ] before place card 
[15:07:51.464] [INFO   ] place card step 0 
[15:07:51.464] [INFO   ] place card step 1 
[15:07:51.464] [INFO   ] place card step 2 
[15:07:51.464] [INFO   ] place card step 3 
[15:07:51.464] [INFO   ] place card step 4 
[15:07:52.468] [SEVERE ] updating countdown to 17225
[15:07:52.687] [INFO   ] before place card 
[15:07:52.907] [INFO   ] place card step 0 
[15:07:52.907] [INFO   ] place card step 1 
[15:07:52.907] [INFO   ] place card step 2 
[15:07:52.907] [INFO   ] place card step 3 
[15:07:52.907] [INFO   ] place card step 4 
[15:07:53.911] [SEVERE ] updating countdown to 15782
[15:07:54.130] [INFO   ] before place card 
[15:07:54.349] [INFO   ] place card step 0 
[15:07:54.349] [INFO   ] place card step 1 
[15:07:54.349] [INFO   ] place card step 2 
[15:07:54.349] [INFO   ] place card step 3 
[15:07:54.349] [INFO   ] place card step 4 
[15:07:55.350] [SEVERE ] updating countdown to 14343
[15:07:55.568] [INFO   ] before place card 
[15:07:55.789] [INFO   ] place card step 0 
[15:07:55.789] [INFO   ] place card step 1 
[15:07:55.789] [INFO   ] place card step 2 
[15:07:55.789] [INFO   ] place card step 3 
[15:07:55.789] [INFO   ] place card step 4 
[15:07:56.792] [SEVERE ] updating countdown to 12902
[15:07:57.010] [INFO   ] before place card 
[15:07:57.230] [INFO   ] place card step 0 
[15:07:57.230] [INFO   ] place card step 1 
[15:07:57.230] [INFO   ] place card step 2 
[15:07:57.230] [INFO   ] place card step 3 
[15:07:57.230] [INFO   ] place card step 4 
[15:07:58.234] [SEVERE ] updating countdown to 11459
[15:07:58.453] [INFO   ] before place card 
[15:07:58.673] [INFO   ] place card step 0 
[15:07:58.673] [INFO   ] place card step 1 
[15:07:58.673] [INFO   ] place card step 2 
[15:07:58.673] [INFO   ] place card step 3 
[15:07:58.673] [INFO   ] place card step 4 
[15:07:59.676] [SEVERE ] updating countdown to 10017
[15:07:59.895] [INFO   ] before place card 
[15:08:00.114] [INFO   ] place card step 0 
[15:08:00.114] [INFO   ] place card step 1 
[15:08:00.114] [INFO   ] place card step 2 
[15:08:00.114] [INFO   ] place card step 3 
[15:08:00.114] [INFO   ] place card step 4 
[15:08:01.114] [SEVERE ] updating countdown to 8579
[15:08:01.333] [INFO   ] before place card 
[15:08:01.553] [INFO   ] place card step 0 
[15:08:01.553] [INFO   ] place card step 1 
[15:08:01.553] [INFO   ] place card step 2 
[15:08:01.553] [INFO   ] place card step 3 
[15:08:01.553] [INFO   ] place card step 4 
[15:08:02.557] [SEVERE ] updating countdown to 7136
[15:08:02.777] [INFO   ] before place card 
[15:08:02.996] [INFO   ] place card step 0 
[15:08:02.996] [INFO   ] place card step 1 
[15:08:02.996] [INFO   ] place card step 2 
[15:08:02.996] [INFO   ] place card step 3 
[15:08:02.996] [INFO   ] place card step 4 
[15:08:03.997] [SEVERE ] updating countdown to 5696
[15:08:04.216] [INFO   ] before place card 
[15:08:04.435] [INFO   ] place card step 0 
[15:08:04.435] [INFO   ] place card step 1 
[15:08:04.435] [INFO   ] place card step 2 
[15:08:04.435] [INFO   ] place card step 3 
[15:08:04.435] [INFO   ] place card step 4 
[15:08:05.654] [INFO   ] before place card 
[15:08:05.874] [INFO   ] place card step 0 
[15:08:05.874] [INFO   ] place card step 1 
[15:08:05.874] [INFO   ] place card step 2 
[15:08:05.874] [INFO   ] place card step 3 
[15:08:05.874] [INFO   ] place card step 4 
[15:08:06.109] [INFO   ] before place card 
[15:08:06.328] [INFO   ] place card step 0 
[15:08:06.328] [INFO   ] place card step 1 
[15:08:06.328] [INFO   ] place card step 2 
[15:08:06.328] [INFO   ] place card step 3 
[15:08:06.328] [INFO   ] place card step 4 
[15:08:06.563] [INFO   ] before place card 
[15:08:06.782] [INFO   ] place card step 0 
[15:08:06.782] [INFO   ] place card step 1 
[15:08:06.782] [INFO   ] place card step 2 
[15:08:06.782] [INFO   ] place card step 3 
[15:08:06.782] [INFO   ] place card step 4 
[15:08:07.017] [INFO   ] before place card 
[15:08:07.239] [INFO   ] place card step 0 
[15:08:07.239] [INFO   ] place card step 1 
[15:08:07.239] [INFO   ] place card step 2 
[15:08:07.239] [INFO   ] place card step 3 
[15:08:07.239] [INFO   ] place card step 4 
[15:08:07.474] [INFO   ] before place card 
[15:08:07.693] [INFO   ] place card step 0 
[15:08:07.693] [INFO   ] place card step 1 
[15:08:07.693] [INFO   ] place card step 2 
[15:08:07.693] [INFO   ] place card step 3 
[15:08:07.694] [INFO   ] place card step 4 
[15:08:07.928] [INFO   ] before place card 
[15:08:08.147] [INFO   ] place card step 0 
[15:08:08.147] [INFO   ] place card step 1 
[15:08:08.147] [INFO   ] place card step 2 
[15:08:08.147] [INFO   ] place card step 3 
[15:08:08.147] [INFO   ] place card step 4 
[15:08:08.382] [INFO   ] before place card 
[15:08:08.601] [INFO   ] place card step 0 
[15:08:08.601] [INFO   ] place card step 1 
[15:08:08.601] [INFO   ] place card step 2 
[15:08:08.601] [INFO   ] place card step 3 
[15:08:08.601] [INFO   ] place card step 4 
[15:08:08.837] [INFO   ] before place card 
[15:08:09.056] [INFO   ] place card step 0 
[15:08:09.056] [INFO   ] place card step 1 
[15:08:09.056] [INFO   ] place card step 2 
[15:08:09.056] [INFO   ] place card step 3 
[15:08:09.056] [INFO   ] place card step 4 
[15:08:09.292] [INFO   ] before place card 
[15:08:09.511] [INFO   ] place card step 0 
[15:08:09.511] [INFO   ] place card step 1 
[15:08:09.511] [INFO   ] place card step 2 
[15:08:09.511] [INFO   ] place card step 3 
[15:08:09.511] [INFO   ] place card step 4 
[15:08:09.745] [INFO   ] before place card 
[15:08:09.963] [INFO   ] place card step 0 
[15:08:09.964] [INFO   ] place card step 1 
[15:08:09.964] [INFO   ] place card step 2 
[15:08:09.964] [INFO   ] place card step 3 
[15:08:09.964] [INFO   ] place card step 4 
[15:08:09.964] [SEVERE ] updating countdown to 60000
[15:08:10.073] [SEVERE ] removing card from slot 0
[15:08:10.182] [SEVERE ] removing card from slot 1
[15:08:10.292] [SEVERE ] removing card from slot 2
[15:08:10.402] [SEVERE ] removing card from slot 3
[15:08:10.511] [SEVERE ] removing card from slot 4
[15:08:10.621] [SEVERE ] removing card from slot 5
[15:08:10.731] [SEVERE ] removing card from slot 6
[15:08:10.842] [SEVERE ] removing card from slot 7
[15:08:10.951] [SEVERE ] removing card from slot 8
[15:08:11.061] [SEVERE ] removing card from slot 9
[15:08:11.171] [SEVERE ] removing card from slot 10
[15:08:11.280] [SEVERE ] removing card from slot 11
[15:08:11.499] [INFO   ] place card step 0 
[15:08:11.499] [INFO   ] place card step 1 
[15:08:11.609] [SEVERE ] placing card 3 in slot 0
[15:08:11.719] [SEVERE ] placing card 5 in slot 1
[15:08:11.829] [SEVERE ] placing card 24 in slot 2
[15:08:11.939] [SEVERE ] placing card 23 in slot 3
[15:08:12.049] [SEVERE ] placing card 64 in slot 4
[15:08:12.159] [SEVERE ] placing card 20 in slot 5
[15:08:12.269] [SEVERE ] placing card 75 in slot 6
[15:08:12.378] [SEVERE ] placing card 2 in slot 7
[15:08:12.488] [SEVERE ] placing card 78 in slot 8
[15:08:12.599] [SEVERE ] placing card 49 in slot 9
[15:08:12.708] [SEVERE ] placing card 22 in slot 10
[15:08:12.818] [SEVERE ] placing card 6 in slot 11
[15:08:12.818] [INFO   ] place card step 2 
[15:08:12.818] [INFO   ] place card step 3 
[15:08:12.818] [INFO   ] place card step 4 
[15:08:13.820] [SEVERE ] updating countdown to 56144
[15:08:14.039] [INFO   ] before place card 
[15:08:14.258] [INFO   ] place card step 0 
[15:08:14.258] [INFO   ] place card step 1 
[15:08:14.258] [INFO   ] place card step 2 
[15:08:14.258] [INFO   ] place card step 3 
[15:08:14.258] [INFO   ] place card step 4 
[15:08:15.273] [SEVERE ] updating countdown to 54691
[15:08:15.492] [INFO   ] before place card 
[15:08:15.711] [INFO   ] place card step 0 
[15:08:15.711] [INFO   ] place card step 1 
[15:08:15.711] [INFO   ] place card step 2 
[15:08:15.711] [INFO   ] place card step 3 
[15:08:15.711] [INFO   ] place card step 4 
[15:08:16.677] [SEVERE ] key 79 was pressed by player 2
[15:08:16.677] [SEVERE ] player 2 placing token on slot 2
[15:08:16.713] [SEVERE ] updating countdown to 53251
[15:08:16.933] [INFO   ] before place card 
[15:08:17.153] [INFO   ] place card step 0 
[15:08:17.153] [INFO   ] place card step 1 
[15:08:17.153] [INFO   ] place card step 2 
[15:08:17.153] [INFO   ] place card step 3 
[15:08:17.153] [INFO   ] place card step 4 
[15:08:18.154] [SEVERE ] updating countdown to 51810
[15:08:18.196] [SEVERE ] key 46 was pressed by player 2
[15:08:18.196] [SEVERE ] player 2 placing token on slot 10
[15:08:18.374] [INFO   ] before place card 
[15:08:18.594] [INFO   ] place card step 0 
[15:08:18.594] [INFO   ] place card step 1 
[15:08:18.594] [INFO   ] place card step 2 
[15:08:18.594] [INFO   ] place card step 3 
[15:08:18.594] [INFO   ] place card step 4 
[15:08:19.298] [SEVERE ] key 75 was pressed by player 2
[15:08:19.298] [SEVERE ] player 2 placing token on slot 5
[15:08:19.298] [SEVERE ] updating countdown to 50666
[15:08:19.313] [SEVERE ] key 90 was pressed by player 1
[15:08:19.313] [SEVERE ] player 1 placing token on slot 8
[15:08:19.517] [INFO   ] has a set!!!!!!!!!!!! 1 
[15:08:19.517] [INFO   ] has a set!!!!!!!!!!!! 2 
[15:08:19.517] [INFO   ] point step 1!!!!
[15:08:19.517] [SEVERE ] setting player 2 score to 1
[15:08:19.517] [INFO   ] point step 2
[15:08:19.517] [SEVERE ] setting player 2 freeze to 1000
[15:08:19.517] [INFO   ] point step 3
[15:08:19.517] [INFO   ] point step while!!!!!! poimt freeze1000
[15:08:19.860] [SEVERE ] key 90 was pressed by player 1
[15:08:19.860] [SEVERE ] removing player 1 token from slot 8
[15:08:20.096] [SEVERE ] key 88 was pressed by player 1
[15:08:20.520] [SEVERE ] setting player 2 freeze to 0
[15:08:20.520] [INFO   ] has a set!!!!!!!!!!!! 3 
[15:08:20.520] [SEVERE ] removing player 2 token from slot 2
[15:08:20.629] [SEVERE ] removing card from slot 2
[15:08:20.629] [SEVERE ] removing player 2 token from slot 10
[15:08:20.739] [SEVERE ] removing card from slot 10
[15:08:20.739] [SEVERE ] removing player 2 token from slot 5
[15:08:20.849] [SEVERE ] removing card from slot 5
[15:08:20.849] [INFO   ] remove  in the table step 1
[15:08:20.849] [INFO   ] remove  in the table step 2
[15:08:20.849] [SEVERE ] updating countdown to 60000
[15:08:20.849] [INFO   ] before place card 
[15:08:21.068] [INFO   ] place card step 0 
[15:08:21.068] [INFO   ] place card step 1 
[15:08:21.177] [SEVERE ] placing card 72 in slot 2
[15:08:21.286] [SEVERE ] placing card 7 in slot 5
[15:08:21.396] [SEVERE ] placing card 67 in slot 10
[15:08:21.396] [INFO   ] place card step 2 
[15:08:21.396] [INFO   ] place card step 3 
[15:08:21.396] [INFO   ] place card step 4 
[15:08:21.396] [SEVERE ] updating countdown to 59453
[15:08:21.614] [SEVERE ] setting player 2 freeze to 3000
[15:08:22.617] [SEVERE ] setting player 2 freeze to 2000
[15:08:22.757] [SEVERE ] key 90 was pressed by player 1
[15:08:23.619] [SEVERE ] setting player 2 freeze to 1000
[15:08:24.621] [SEVERE ] setting player 2 freeze to 0
[15:08:24.621] [INFO   ] remove  in the table step 1
[15:08:24.621] [INFO   ] remove  in the table step 2
[15:08:24.621] [INFO   ] before place card 
[15:08:24.841] [INFO   ] place card step 0 
[15:08:24.841] [INFO   ] place card step 1 
[15:08:24.841] [INFO   ] place card step 2 
[15:08:24.841] [INFO   ] place card step 3 
[15:08:24.841] [INFO   ] place card step 4 
[15:08:25.078] [SEVERE ] key 88 was pressed by player 1
[15:08:25.078] [SEVERE ] removing player 1 token from slot 9
[15:08:25.847] [SEVERE ] updating countdown to 55002
[15:08:26.053] [INFO   ] before place card 
[15:08:26.266] [INFO   ] place card step 0 
[15:08:26.266] [INFO   ] place card step 1 
[15:08:26.266] [INFO   ] place card step 2 
[15:08:26.266] [INFO   ] place card step 3 
[15:08:26.266] [INFO   ] place card step 4 
[15:08:27.016] [SEVERE ] key 88 was pressed by player 1
[15:08:27.016] [SEVERE ] player 1 placing token on slot 9
[15:08:27.267] [SEVERE ] updating countdown to 53582
[15:08:27.487] [INFO   ] before place card 
[15:08:27.707] [INFO   ] place card step 0 
[15:08:27.707] [INFO   ] place card step 1 
[15:08:27.707] [INFO   ] place card step 2 
[15:08:27.707] [INFO   ] place card step 3 
[15:08:27.707] [INFO   ] place card step 4 
[15:08:28.712] [SEVERE ] updating countdown to 52137
[15:08:28.931] [INFO   ] before place card 
[15:08:29.088] [SEVERE ] key 70 was pressed by player 1
[15:08:29.101] [SEVERE ] player 1 placing token on slot 7
[15:08:29.151] [INFO   ] place card step 0 
[15:08:29.151] [INFO   ] place card step 1 
[15:08:29.151] [INFO   ] place card step 2 
[15:08:29.151] [INFO   ] place card step 3 
[15:08:29.151] [INFO   ] place card step 4 
[15:08:29.151] [SEVERE ] updating countdown to 51698
[15:08:29.371] [SEVERE ] setting player 1 freeze to 3000
[15:08:29.668] [SEVERE ] key 70 was pressed by player 1
[15:08:29.668] [SEVERE ] removing player 1 token from slot 7
[15:08:30.379] [SEVERE ] setting player 1 freeze to 2000
[15:08:31.383] [SEVERE ] setting player 1 freeze to 1000
[15:08:32.385] [SEVERE ] setting player 1 freeze to 0
[15:08:32.385] [SEVERE ] removing player 1 token from slot 8
[15:08:32.385] [SEVERE ] removing player 1 token from slot 9
[15:08:32.385] [INFO   ] remove  in the table step 1
[15:08:32.385] [INFO   ] remove  in the table step 2
[15:08:32.385] [INFO   ] before place card 
[15:08:32.385] [SEVERE ] key 70 was pressed by player 1
[15:08:32.385] [SEVERE ] player 1 placing token on slot 7
[15:08:32.385] [SEVERE ] key 70 was pressed by player 1
[15:08:32.385] [SEVERE ] removing player 1 token from slot 7
[15:08:32.432] [SEVERE ] key 70 was pressed by player 1
[15:08:32.432] [SEVERE ] player 1 placing token on slot 7
[15:08:32.604] [INFO   ] place card step 0 
[15:08:32.604] [INFO   ] place card step 1 
[15:08:32.604] [INFO   ] place card step 2 
[15:08:32.604] [INFO   ] place card step 3 
[15:08:32.604] [INFO   ] place card step 4 
[15:08:32.697] [SEVERE ] key 70 was pressed by player 1
[15:08:32.697] [SEVERE ] removing player 1 token from slot 7
[15:08:33.371] [SEVERE ] key 68 was pressed by player 1
[15:08:33.371] [SEVERE ] player 1 placing token on slot 6
[15:08:33.605] [SEVERE ] updating countdown to 47244
[15:08:33.824] [INFO   ] before place card 
[15:08:34.043] [INFO   ] place card step 0 
[15:08:34.043] [INFO   ] place card step 1 
[15:08:34.043] [INFO   ] place card step 2 
[15:08:34.043] [INFO   ] place card step 3 
[15:08:34.044] [INFO   ] place card step 4 
[15:08:34.172] [SEVERE ] key 82 was pressed by player 1
[15:08:34.172] [SEVERE ] player 1 placing token on slot 3
[15:08:35.058] [SEVERE ] updating countdown to 45791
[15:08:35.277] [INFO   ] before place card 
[15:08:35.496] [INFO   ] place card step 0 
[15:08:35.496] [INFO   ] place card step 1 
[15:08:35.496] [INFO   ] place card step 2 
[15:08:35.496] [INFO   ] place card step 3 
[15:08:35.496] [INFO   ] place card step 4 
[15:08:36.044] [SEVERE ] key 88 was pressed by player 1
[15:08:36.044] [SEVERE ] player 1 placing token on slot 9
[15:08:36.044] [SEVERE ] updating countdown to 44805
[15:08:36.264] [INFO   ] has a set!!!!!!!!!!!! 1 
[15:08:36.264] [INFO   ] has a set!!!!!!!!!!!! 2 
[15:08:36.264] [INFO   ] point step 1!!!!
[15:08:36.264] [SEVERE ] setting player 1 score to 1
[15:08:36.264] [INFO   ] point step 2
[15:08:36.264] [SEVERE ] setting player 1 freeze to 1000
[15:08:36.264] [INFO   ] point step 3
[15:08:36.264] [INFO   ] point step while!!!!!! poimt freeze1000
[15:08:37.266] [SEVERE ] setting player 1 freeze to 0
[15:08:37.266] [INFO   ] has a set!!!!!!!!!!!! 3 
[15:08:37.266] [SEVERE ] removing player 1 token from slot 6
[15:08:37.375] [SEVERE ] removing card from slot 6
[15:08:37.375] [SEVERE ] removing player 1 token from slot 3
[15:08:37.484] [SEVERE ] removing card from slot 3
[15:08:37.484] [SEVERE ] removing player 1 token from slot 9
[15:08:37.595] [SEVERE ] removing card from slot 9
[15:08:37.595] [INFO   ] remove  in the table step 1
[15:08:37.595] [INFO   ] remove  in the table step 2
[15:08:37.595] [SEVERE ] updating countdown to 60000
[15:08:37.595] [INFO   ] before place card 
[15:08:37.813] [INFO   ] place card step 0 
[15:08:37.813] [INFO   ] place card step 1 
[15:08:37.923] [SEVERE ] placing card 63 in slot 3
[15:08:38.032] [SEVERE ] placing card 11 in slot 6
[15:08:38.142] [SEVERE ] placing card 34 in slot 9
[15:08:38.142] [INFO   ] place card step 2 
[15:08:38.142] [INFO   ] place card step 3 
[15:08:38.142] [INFO   ] place card step 4 
[15:08:38.142] [SEVERE ] updating countdown to 59453
[15:08:38.362] [SEVERE ] setting player 1 freeze to 3000
[15:08:39.365] [SEVERE ] setting player 1 freeze to 2000
[15:08:40.381] [SEVERE ] setting player 1 freeze to 1000
[15:08:41.396] [SEVERE ] setting player 1 freeze to 0
[15:08:41.396] [INFO   ] remove  in the table step 1
[15:08:41.396] [INFO   ] remove  in the table step 2
[15:08:41.396] [INFO   ] before place card 
[15:08:41.616] [INFO   ] place card step 0 
[15:08:41.616] [INFO   ] place card step 1 
[15:08:41.616] [INFO   ] place card step 2 
[15:08:41.616] [INFO   ] place card step 3 
[15:08:41.616] [INFO   ] place card step 4 
[15:08:42.054] [SEVERE ] exit button pressed
[15:08:42.054] [SEVERE ] updating countdown to 55541
[15:08:42.054] [INFO   ] thread Thread-0 terminated.
[15:08:42.067] [INFO   ] thread Thread-1 terminated.
[15:08:42.286] [SEVERE ] setting player 1 freeze to 3000
[15:08:43.302] [SEVERE ] setting player 1 freeze to 2000
[15:08:44.303] [SEVERE ] setting player 1 freeze to 1000
[15:08:45.305] [SEVERE ] setting player 1 freeze to 0
[15:08:45.305] [INFO   ] remove  in the table step 1
[15:08:45.305] [INFO   ] remove  in the table step 2
[15:08:45.305] [SEVERE ] setting player 2 freeze to 3000
[15:08:46.308] [SEVERE ] setting player 2 freeze to 2000
[15:08:47.313] [SEVERE ] setting player 2 freeze to 1000
[15:08:48.314] [SEVERE ] setting player 2 freeze to 0
[15:08:48.314] [INFO   ] remove  in the table step 1
[15:08:48.314] [INFO   ] remove  in the table step 2
[15:08:48.314] [INFO   ] before place card 
[15:08:48.534] [INFO   ] place card step 0 
[15:08:48.534] [INFO   ] place card step 1 
[15:08:48.534] [INFO   ] place card step 2 
[15:08:48.534] [INFO   ] place card step 3 
[15:08:48.534] [INFO   ] place card step 4 
[15:08:48.534] [SEVERE ] updating countdown to 60000
[15:08:48.644] [SEVERE ] removing card from slot 0
[15:08:48.754] [SEVERE ] removing card from slot 1
[15:08:48.864] [SEVERE ] removing card from slot 2
[15:08:48.974] [SEVERE ] removing card from slot 3
[15:08:49.084] [SEVERE ] removing card from slot 4
[15:08:49.193] [SEVERE ] removing card from slot 5
[15:08:49.303] [SEVERE ] removing card from slot 6
[15:08:49.412] [SEVERE ] removing card from slot 7
[15:08:49.522] [SEVERE ] removing card from slot 8
[15:08:49.630] [SEVERE ] removing card from slot 9
[15:08:49.740] [SEVERE ] removing card from slot 10
[15:08:49.850] [SEVERE ] removing card from slot 11
[15:08:49.850] [SEVERE ] announcing winner(s): player 1, player 2
[15:08:49.850] [INFO   ] thread dealer terminated.
[15:08:49.850] [INFO   ] thread dealer terminated.
[15:08:49.850] [SEVERE ] thanks for playing... it was fun!
[15:08:49.850] [INFO   ] thread main terminated.
