[12:27:53.901] [INFO   ] thread main starting.
[12:27:53.916] [SEVERE ] cannot read configuration file config.properties trying from resources.
[12:27:53.918] [SEVERE ] configuration file was loaded from resources directory.
[12:27:54.578] [INFO   ] thread dealer starting.
[12:27:54.579] [INFO   ] thread dealer starting.
[12:27:54.579] [SEVERE ] updating countdown to 60000
[12:27:54.580] [INFO   ] thread Thread-0 starting.
[12:27:54.580] [INFO   ] thread Thread-1 starting.
[12:27:54.588] [SEVERE ] setting player 1 freeze to 100
[12:27:54.700] [SEVERE ] setting player 2 freeze to 100
[12:27:54.817] [INFO   ] place card step 0 
[12:27:54.818] [INFO   ] place card step 1 
[12:27:54.933] [SEVERE ] placing card 28 in slot 0
[12:27:55.035] [SEVERE ] placing card 44 in slot 1
[12:27:55.149] [SEVERE ] placing card 21 in slot 2
[12:27:55.250] [SEVERE ] placing card 58 in slot 3
[12:27:55.367] [SEVERE ] placing card 52 in slot 4
[12:27:55.469] [SEVERE ] placing card 36 in slot 5
[12:27:55.584] [SEVERE ] placing card 63 in slot 6
[12:27:55.700] [SEVERE ] placing card 67 in slot 7
[12:27:55.817] [SEVERE ] placing card 24 in slot 8
[12:27:55.931] [SEVERE ] placing card 6 in slot 9
[12:27:56.042] [SEVERE ] placing card 15 in slot 10
[12:27:56.152] [SEVERE ] placing card 55 in slot 11
[12:27:56.152] [INFO   ] place card step 2 
[12:27:56.152] [INFO   ] place card step 3 
[12:27:56.152] [INFO   ] place card step 4 
[12:27:57.154] [SEVERE ] updating countdown to 57427
[12:27:57.154] [SEVERE ] setting player 1 freeze to 100
[12:27:57.261] [SEVERE ] setting player 2 freeze to 100
[12:27:57.370] [INFO   ] remove  step 9k
[12:27:57.370] [INFO   ] remove  step 7
[12:27:57.370] [INFO   ] before place card 
[12:27:57.370] [SEVERE ] setting player 1 freeze to 100
[12:27:57.479] [SEVERE ] setting player 2 freeze to 100
[12:27:57.589] [INFO   ] place card step 0 
[12:27:57.589] [INFO   ] place card step 1 
[12:27:57.589] [INFO   ] place card step 2 
[12:27:57.589] [INFO   ] place card step 3 
[12:27:57.589] [INFO   ] place card step 4 
[12:27:58.591] [SEVERE ] updating countdown to 55990
[12:27:58.591] [SEVERE ] setting player 1 freeze to 100
[12:27:58.700] [SEVERE ] setting player 2 freeze to 100
[12:27:58.809] [INFO   ] remove  step 9k
[12:27:58.809] [INFO   ] remove  step 7
[12:27:58.809] [INFO   ] before place card 
[12:27:58.809] [SEVERE ] setting player 1 freeze to 100
[12:27:58.919] [SEVERE ] setting player 2 freeze to 100
[12:27:59.028] [INFO   ] place card step 0 
[12:27:59.028] [INFO   ] place card step 1 
[12:27:59.028] [INFO   ] place card step 2 
[12:27:59.028] [INFO   ] place card step 3 
[12:27:59.028] [INFO   ] place card step 4 
[12:28:00.030] [SEVERE ] updating countdown to 54551
[12:28:00.030] [SEVERE ] setting player 1 freeze to 100
[12:28:00.140] [SEVERE ] setting player 2 freeze to 100
[12:28:00.251] [INFO   ] remove  step 9k
[12:28:00.251] [INFO   ] remove  step 7
[12:28:00.251] [INFO   ] before place card 
[12:28:00.251] [SEVERE ] setting player 1 freeze to 100
[12:28:00.266] [SEVERE ] key 90 was pressed by player 1
[12:28:00.267] [SEVERE ] player 1 placing token on slot 8
[12:28:00.362] [SEVERE ] setting player 2 freeze to 100
[12:28:00.362] [SEVERE ] key 88 was pressed by player 1
[12:28:00.363] [SEVERE ] player 1 placing token on slot 9
[12:28:00.476] [INFO   ] place card step 0 
[12:28:00.476] [INFO   ] place card step 1 
[12:28:00.476] [INFO   ] place card step 2 
[12:28:00.476] [INFO   ] place card step 3 
[12:28:00.476] [INFO   ] place card step 4 
[12:28:00.587] [SEVERE ] key 67 was pressed by player 1
[12:28:00.587] [SEVERE ] player 1 placing token on slot 10
[12:28:00.587] [SEVERE ] updating countdown to 53994
[12:28:00.587] [SEVERE ] setting player 1 freeze to 100
[12:28:00.699] [SEVERE ] setting player 2 freeze to 100
[12:28:00.808] [INFO   ] point step 1
[12:28:00.808] [SEVERE ] setting player 1 score to 1
[12:28:00.808] [SEVERE ] setting player 1 freeze to 1000
[12:28:00.808] [INFO   ] point step 2
[12:28:01.811] [SEVERE ] setting player 1 freeze to 0
[12:28:01.811] [SEVERE ] removing player 1 token from slot 8
[12:28:01.811] [INFO   ] remove fun set found step 1
[12:28:01.921] [SEVERE ] removing card from slot 8
[12:28:01.921] [INFO   ] remove fun set found step 2
[12:28:01.921] [INFO   ] remove fun set found step 2
[12:28:01.921] [SEVERE ] removing player 1 token from slot 9
[12:28:01.921] [INFO   ] remove fun set found step 1
[12:28:02.030] [SEVERE ] removing card from slot 9
[12:28:02.030] [INFO   ] remove fun set found step 2
[12:28:02.030] [INFO   ] remove fun set found step 2
[12:28:02.030] [SEVERE ] removing player 1 token from slot 10
[12:28:02.030] [INFO   ] remove fun set found step 1
[12:28:02.139] [SEVERE ] removing card from slot 10
[12:28:02.139] [INFO   ] remove fun set found step 2
[12:28:02.139] [INFO   ] remove fun set found step 2
[12:28:02.139] [INFO   ] remove  step 5
[12:28:02.139] [INFO   ] remove  in the table step 1
[12:28:02.139] [INFO   ] remove  in the table step 2
[12:28:02.139] [INFO   ] remove  step 6
[12:28:02.139] [INFO   ] remove  step 7
[12:28:02.139] [INFO   ] thread dealer terminated.
[12:28:07.153] [SEVERE ] thanks for playing... it was fun!
[12:28:07.153] [INFO   ] thread main terminated.
[12:28:07.153] [SEVERE ] disposing of user interface elements
