[14:11:42.349] [INFO   ] thread main starting.
[14:11:42.359] [SEVERE ] cannot read configuration file config.properties trying from resources.
[14:11:42.359] [SEVERE ] configuration file was loaded from resources directory.
[14:11:43.170] [INFO   ] thread dealer starting.
[14:11:43.171] [INFO   ] thread dealer starting.
[14:11:43.171] [INFO   ] thread Thread-0 starting.
[14:11:43.172] [SEVERE ] updating countdown to 60000
[14:11:43.171] [INFO   ] thread Thread-1 starting.
[14:11:43.181] [SEVERE ] setting player 1 freeze to 100
[14:11:43.291] [SEVERE ] setting player 2 freeze to 100
[14:11:43.407] [INFO   ] place card step 0 
[14:11:43.408] [INFO   ] place card step 1 
[14:11:43.523] [SEVERE ] placing card 63 in slot 0
[14:11:43.626] [SEVERE ] placing card 40 in slot 1
[14:11:43.740] [SEVERE ] placing card 19 in slot 2
[14:11:43.841] [SEVERE ] placing card 16 in slot 3
[14:11:43.957] [SEVERE ] placing card 17 in slot 4
[14:11:44.058] [SEVERE ] placing card 75 in slot 5
[14:11:44.174] [SEVERE ] placing card 53 in slot 6
[14:11:44.277] [SEVERE ] placing card 77 in slot 7
[14:11:44.391] [SEVERE ] placing card 20 in slot 8
[14:11:44.500] [SEVERE ] placing card 28 in slot 9
[14:11:44.610] [SEVERE ] placing card 34 in slot 10
[14:11:44.719] [SEVERE ] placing card 33 in slot 11
[14:11:44.719] [INFO   ] place card step 2 
[14:11:44.719] [INFO   ] place card step 3 
[14:11:44.719] [INFO   ] place card step 4 
[14:11:45.724] [SEVERE ] updating countdown to 57450
[14:11:45.724] [SEVERE ] setting player 1 freeze to 100
[14:11:45.834] [SEVERE ] setting player 2 freeze to 100
[14:11:45.943] [INFO   ] before place card 
[14:11:45.943] [SEVERE ] setting player 1 freeze to 100
[14:11:46.052] [SEVERE ] setting player 2 freeze to 100
[14:11:46.162] [INFO   ] place card step 0 
[14:11:46.162] [INFO   ] place card step 1 
[14:11:46.162] [INFO   ] place card step 2 
[14:11:46.162] [INFO   ] place card step 3 
[14:11:46.162] [INFO   ] place card step 4 
[14:11:47.165] [SEVERE ] updating countdown to 56009
[14:11:47.165] [SEVERE ] setting player 1 freeze to 100
[14:11:47.274] [SEVERE ] setting player 2 freeze to 100
[14:11:47.384] [INFO   ] before place card 
[14:11:47.384] [SEVERE ] setting player 1 freeze to 100
[14:11:47.493] [SEVERE ] setting player 2 freeze to 100
[14:11:47.603] [INFO   ] place card step 0 
[14:11:47.603] [INFO   ] place card step 1 
[14:11:47.603] [INFO   ] place card step 2 
[14:11:47.603] [INFO   ] place card step 3 
[14:11:47.603] [INFO   ] place card step 4 
[14:11:48.605] [SEVERE ] updating countdown to 54569
[14:11:48.605] [SEVERE ] setting player 1 freeze to 100
[14:11:48.714] [SEVERE ] setting player 2 freeze to 100
[14:11:48.824] [INFO   ] before place card 
[14:11:48.824] [SEVERE ] setting player 1 freeze to 100
[14:11:48.934] [SEVERE ] setting player 2 freeze to 100
[14:11:49.043] [INFO   ] place card step 0 
[14:11:49.043] [INFO   ] place card step 1 
[14:11:49.043] [INFO   ] place card step 2 
[14:11:49.043] [INFO   ] place card step 3 
[14:11:49.043] [INFO   ] place card step 4 
[14:11:49.466] [SEVERE ] key 75 was pressed by player 2
[14:11:49.466] [SEVERE ] player 2 placing token on slot 5
[14:11:50.046] [SEVERE ] updating countdown to 53128
[14:11:50.046] [SEVERE ] setting player 1 freeze to 100
[14:11:50.157] [SEVERE ] setting player 2 freeze to 100
[14:11:50.267] [INFO   ] before place card 
[14:11:50.268] [SEVERE ] setting player 1 freeze to 100
[14:11:50.331] [SEVERE ] key 76 was pressed by player 2
[14:11:50.331] [SEVERE ] player 2 placing token on slot 6
[14:11:50.376] [SEVERE ] setting player 2 freeze to 100
[14:11:50.487] [INFO   ] place card step 0 
[14:11:50.487] [INFO   ] place card step 1 
[14:11:50.487] [INFO   ] place card step 2 
[14:11:50.487] [INFO   ] place card step 3 
[14:11:50.490] [INFO   ] place card step 4 
[14:11:51.491] [SEVERE ] updating countdown to 51683
[14:11:51.491] [SEVERE ] setting player 1 freeze to 100
[14:11:51.601] [SEVERE ] setting player 2 freeze to 100
[14:11:51.710] [INFO   ] before place card 
[14:11:51.710] [SEVERE ] setting player 1 freeze to 100
[14:11:51.725] [SEVERE ] key 79 was pressed by player 2
[14:11:51.725] [SEVERE ] player 2 placing token on slot 2
[14:11:51.820] [SEVERE ] setting player 2 freeze to 100
[14:11:51.929] [INFO   ] place card step 0 
[14:11:51.929] [INFO   ] place card step 1 
[14:11:51.929] [INFO   ] place card step 2 
[14:11:51.929] [INFO   ] place card step 3 
[14:11:51.929] [INFO   ] place card step 4 
[14:11:51.929] [SEVERE ] updating countdown to 51245
[14:11:51.929] [SEVERE ] setting player 1 freeze to 100
[14:11:52.038] [SEVERE ] setting player 2 freeze to 100
[14:11:52.148] [INFO   ] removecard there is set
[14:11:52.148] [INFO   ] point step 1
[14:11:52.148] [SEVERE ] setting player 2 score to 1
[14:11:52.148] [SEVERE ] setting player 2 freeze to 1000
[14:11:52.148] [INFO   ] point step 2
[14:11:53.152] [SEVERE ] setting player 2 freeze to 0
[14:11:53.152] [SEVERE ] removing player 2 token from slot 5
[14:11:53.261] [SEVERE ] removing card from slot 5
[14:11:53.261] [SEVERE ] removing player 2 token from slot 6
[14:11:53.371] [SEVERE ] removing card from slot 6
[14:11:53.371] [SEVERE ] removing player 2 token from slot 2
[14:11:53.480] [SEVERE ] removing card from slot 2
[14:11:53.480] [INFO   ] remove  in the table step 1
[14:11:53.480] [INFO   ] remove  in the table step 2
[14:11:53.480] [SEVERE ] updating countdown to 60000
[14:11:53.480] [INFO   ] before place card 
[14:11:53.480] [SEVERE ] setting player 1 freeze to 100
[14:11:53.590] [SEVERE ] setting player 2 freeze to 100
[14:11:53.699] [INFO   ] place card step 0 
[14:11:53.699] [INFO   ] place card step 1 
[14:11:53.809] [SEVERE ] placing card 45 in slot 2
[14:11:53.918] [SEVERE ] placing card 79 in slot 5
[14:11:54.028] [SEVERE ] placing card 44 in slot 6
[14:11:54.028] [INFO   ] place card step 2 
[14:11:54.028] [INFO   ] place card step 3 
[14:11:54.028] [INFO   ] place card step 4 
[14:11:54.028] [SEVERE ] updating countdown to 59452
[14:11:54.028] [SEVERE ] setting player 1 freeze to 100
[14:11:54.137] [SEVERE ] setting player 2 freeze to 100
[14:11:54.246] [INFO   ] removecardthere is no!!!! set
[14:11:54.246] [SEVERE ] setting player 2 freeze to 3000
[14:11:55.262] [SEVERE ] setting player 2 freeze to 2000
[14:11:56.266] [SEVERE ] setting player 2 freeze to 1000
[14:11:57.267] [SEVERE ] setting player 2 freeze to 0
[14:11:57.267] [INFO   ] remove  in the table step 1
[14:11:57.267] [INFO   ] remove  in the table step 2
[14:11:57.267] [INFO   ] before place card 
[14:11:57.267] [SEVERE ] setting player 1 freeze to 100
[14:11:57.377] [SEVERE ] setting player 2 freeze to 100
[14:11:57.486] [INFO   ] place card step 0 
[14:11:57.486] [INFO   ] place card step 1 
[14:11:57.486] [INFO   ] place card step 2 
[14:11:57.486] [INFO   ] place card step 3 
[14:11:57.486] [INFO   ] place card step 4 
[14:11:58.489] [SEVERE ] updating countdown to 54991
[14:11:58.489] [SEVERE ] setting player 1 freeze to 100
[14:11:58.598] [SEVERE ] setting player 2 freeze to 100
[14:11:58.707] [INFO   ] before place card 
[14:11:58.707] [SEVERE ] setting player 1 freeze to 100
[14:11:58.817] [SEVERE ] setting player 2 freeze to 100
[14:11:58.927] [INFO   ] place card step 0 
[14:11:58.927] [INFO   ] place card step 1 
[14:11:58.927] [INFO   ] place card step 2 
[14:11:58.927] [INFO   ] place card step 3 
[14:11:58.927] [INFO   ] place card step 4 
[14:11:59.930] [SEVERE ] updating countdown to 53550
[14:11:59.930] [SEVERE ] setting player 1 freeze to 100
[14:12:00.040] [SEVERE ] setting player 2 freeze to 100
[14:12:00.150] [INFO   ] before place card 
[14:12:00.151] [SEVERE ] setting player 1 freeze to 100
[14:12:00.260] [SEVERE ] setting player 2 freeze to 100
[14:12:00.370] [INFO   ] place card step 0 
[14:12:00.370] [INFO   ] place card step 1 
[14:12:00.370] [INFO   ] place card step 2 
[14:12:00.370] [INFO   ] place card step 3 
[14:12:00.370] [INFO   ] place card step 4 
[14:12:01.376] [SEVERE ] updating countdown to 52104
[14:12:01.376] [SEVERE ] setting player 1 freeze to 100
[14:12:01.486] [SEVERE ] setting player 2 freeze to 100
[14:12:01.596] [INFO   ] before place card 
[14:12:01.596] [SEVERE ] setting player 1 freeze to 100
[14:12:01.706] [SEVERE ] setting player 2 freeze to 100
[14:12:01.815] [INFO   ] place card step 0 
[14:12:01.815] [INFO   ] place card step 1 
[14:12:01.815] [INFO   ] place card step 2 
[14:12:01.815] [INFO   ] place card step 3 
[14:12:01.815] [INFO   ] place card step 4 
[14:12:02.818] [SEVERE ] updating countdown to 50662
[14:12:02.818] [SEVERE ] setting player 1 freeze to 100
[14:12:02.928] [SEVERE ] setting player 2 freeze to 100
[14:12:03.037] [INFO   ] before place card 
[14:12:03.037] [SEVERE ] setting player 1 freeze to 100
[14:12:03.147] [SEVERE ] setting player 2 freeze to 100
[14:12:03.256] [INFO   ] place card step 0 
[14:12:03.256] [INFO   ] place card step 1 
[14:12:03.256] [INFO   ] place card step 2 
[14:12:03.256] [INFO   ] place card step 3 
[14:12:03.256] [INFO   ] place card step 4 
[14:12:04.258] [SEVERE ] updating countdown to 49222
[14:12:04.258] [SEVERE ] setting player 1 freeze to 100
[14:12:04.367] [SEVERE ] setting player 2 freeze to 100
[14:12:04.477] [INFO   ] before place card 
[14:12:04.477] [SEVERE ] setting player 1 freeze to 100
[14:12:04.586] [SEVERE ] setting player 2 freeze to 100
[14:12:04.696] [INFO   ] place card step 0 
[14:12:04.696] [INFO   ] place card step 1 
[14:12:04.696] [INFO   ] place card step 2 
[14:12:04.696] [INFO   ] place card step 3 
[14:12:04.696] [INFO   ] place card step 4 
[14:12:05.701] [SEVERE ] updating countdown to 47779
[14:12:05.701] [SEVERE ] setting player 1 freeze to 100
[14:12:05.810] [SEVERE ] setting player 2 freeze to 100
[14:12:05.920] [INFO   ] before place card 
[14:12:05.920] [SEVERE ] setting player 1 freeze to 100
[14:12:06.030] [SEVERE ] setting player 2 freeze to 100
[14:12:06.140] [INFO   ] place card step 0 
[14:12:06.140] [INFO   ] place card step 1 
[14:12:06.140] [INFO   ] place card step 2 
[14:12:06.140] [INFO   ] place card step 3 
[14:12:06.140] [INFO   ] place card step 4 
[14:12:07.143] [SEVERE ] updating countdown to 46337
[14:12:07.143] [SEVERE ] setting player 1 freeze to 100
[14:12:07.252] [SEVERE ] setting player 2 freeze to 100
[14:12:07.362] [INFO   ] before place card 
[14:12:07.362] [SEVERE ] setting player 1 freeze to 100
[14:12:07.471] [SEVERE ] setting player 2 freeze to 100
[14:12:07.581] [INFO   ] place card step 0 
[14:12:07.581] [INFO   ] place card step 1 
[14:12:07.581] [INFO   ] place card step 2 
[14:12:07.581] [INFO   ] place card step 3 
[14:12:07.581] [INFO   ] place card step 4 
[14:12:08.427] [SEVERE ] key 65 was pressed by player 1
[14:12:08.427] [SEVERE ] player 1 placing token on slot 4
[14:12:08.490] [SEVERE ] key 81 was pressed by player 1
[14:12:08.490] [SEVERE ] player 1 placing token on slot 0
[14:12:08.583] [SEVERE ] updating countdown to 44897
[14:12:08.583] [SEVERE ] setting player 1 freeze to 100
[14:12:08.693] [SEVERE ] setting player 2 freeze to 100
[14:12:08.802] [INFO   ] before place card 
[14:12:08.802] [SEVERE ] setting player 1 freeze to 100
[14:12:08.818] [SEVERE ] key 87 was pressed by player 1
[14:12:08.818] [SEVERE ] player 1 placing token on slot 1
[14:12:08.912] [SEVERE ] setting player 2 freeze to 100
[14:12:09.021] [INFO   ] place card step 0 
[14:12:09.021] [INFO   ] place card step 1 
[14:12:09.021] [INFO   ] place card step 2 
[14:12:09.021] [INFO   ] place card step 3 
[14:12:09.021] [INFO   ] place card step 4 
[14:12:09.021] [SEVERE ] updating countdown to 44459
[14:12:09.021] [SEVERE ] setting player 1 freeze to 100
[14:12:09.131] [SEVERE ] setting player 2 freeze to 100
[14:12:09.241] [INFO   ] removecard there is set
[14:12:09.241] [INFO   ] point step 1
[14:12:09.241] [SEVERE ] setting player 1 score to 1
[14:12:09.241] [SEVERE ] setting player 1 freeze to 1000
[14:12:09.241] [INFO   ] point step 2
[14:12:10.244] [SEVERE ] setting player 1 freeze to 0
[14:12:10.244] [SEVERE ] removing player 1 token from slot 4
[14:12:10.354] [SEVERE ] removing card from slot 4
[14:12:10.354] [SEVERE ] removing player 1 token from slot 0
[14:12:10.463] [SEVERE ] removing card from slot 0
[14:12:10.464] [SEVERE ] removing player 1 token from slot 1
[14:12:10.574] [SEVERE ] removing card from slot 1
[14:12:10.574] [INFO   ] remove  in the table step 1
[14:12:10.574] [INFO   ] remove  in the table step 2
[14:12:10.574] [SEVERE ] updating countdown to 60000
[14:12:10.574] [INFO   ] before place card 
[14:12:10.574] [SEVERE ] setting player 1 freeze to 100
[14:12:10.685] [SEVERE ] setting player 2 freeze to 100
[14:12:10.795] [INFO   ] place card step 0 
[14:12:10.795] [INFO   ] place card step 1 
[14:12:10.906] [SEVERE ] placing card 4 in slot 0
[14:12:11.016] [SEVERE ] placing card 18 in slot 1
[14:12:11.125] [SEVERE ] placing card 76 in slot 4
[14:12:11.125] [INFO   ] place card step 2 
[14:12:11.125] [INFO   ] place card step 3 
[14:12:11.125] [INFO   ] place card step 4 
[14:12:11.125] [SEVERE ] updating countdown to 59449
[14:12:11.125] [SEVERE ] setting player 1 freeze to 100
[14:12:11.235] [SEVERE ] setting player 2 freeze to 100
[14:12:11.345] [INFO   ] removecardthere is no!!!! set
[14:12:11.345] [SEVERE ] setting player 1 freeze to 3000
[14:12:12.360] [SEVERE ] setting player 1 freeze to 2000
[14:12:13.363] [SEVERE ] setting player 1 freeze to 1000
[14:12:14.364] [SEVERE ] setting player 1 freeze to 0
[14:12:14.364] [INFO   ] remove  in the table step 1
[14:12:14.364] [INFO   ] remove  in the table step 2
[14:12:14.364] [INFO   ] before place card 
[14:12:14.364] [SEVERE ] setting player 1 freeze to 100
[14:12:14.474] [SEVERE ] setting player 2 freeze to 100
[14:12:14.582] [INFO   ] place card step 0 
[14:12:14.582] [INFO   ] place card step 1 
[14:12:14.582] [INFO   ] place card step 2 
[14:12:14.582] [INFO   ] place card step 3 
[14:12:14.583] [INFO   ] place card step 4 
[14:12:15.585] [SEVERE ] updating countdown to 54989
[14:12:15.585] [SEVERE ] setting player 1 freeze to 100
[14:12:15.694] [SEVERE ] setting player 2 freeze to 100
[14:12:15.805] [INFO   ] before place card 
[14:12:15.805] [SEVERE ] setting player 1 freeze to 100
[14:12:15.914] [SEVERE ] setting player 2 freeze to 100
[14:12:16.024] [INFO   ] place card step 0 
[14:12:16.024] [INFO   ] place card step 1 
[14:12:16.024] [INFO   ] place card step 2 
[14:12:16.024] [INFO   ] place card step 3 
[14:12:16.024] [INFO   ] place card step 4 
[14:12:17.027] [SEVERE ] updating countdown to 53547
[14:12:17.027] [SEVERE ] setting player 1 freeze to 100
[14:12:17.136] [SEVERE ] setting player 2 freeze to 100
[14:12:17.246] [INFO   ] before place card 
[14:12:17.246] [SEVERE ] setting player 1 freeze to 100
[14:12:17.355] [SEVERE ] setting player 2 freeze to 100
[14:12:17.465] [INFO   ] place card step 0 
[14:12:17.465] [INFO   ] place card step 1 
[14:12:17.465] [INFO   ] place card step 2 
[14:12:17.465] [INFO   ] place card step 3 
[14:12:17.465] [INFO   ] place card step 4 
[14:12:18.467] [SEVERE ] updating countdown to 52107
[14:12:18.467] [SEVERE ] setting player 1 freeze to 100
[14:12:18.576] [SEVERE ] setting player 2 freeze to 100
[14:12:18.686] [INFO   ] before place card 
[14:12:18.686] [SEVERE ] setting player 1 freeze to 100
[14:12:18.795] [SEVERE ] setting player 2 freeze to 100
[14:12:18.905] [INFO   ] place card step 0 
[14:12:18.905] [INFO   ] place card step 1 
[14:12:18.905] [INFO   ] place card step 2 
[14:12:18.905] [INFO   ] place card step 3 
[14:12:18.905] [INFO   ] place card step 4 
[14:12:19.906] [SEVERE ] updating countdown to 50668
[14:12:19.906] [SEVERE ] setting player 1 freeze to 100
[14:12:20.016] [SEVERE ] setting player 2 freeze to 100
[14:12:20.126] [INFO   ] before place card 
[14:12:20.126] [SEVERE ] setting player 1 freeze to 100
[14:12:20.235] [SEVERE ] setting player 2 freeze to 100
[14:12:20.345] [INFO   ] place card step 0 
[14:12:20.345] [INFO   ] place card step 1 
[14:12:20.345] [INFO   ] place card step 2 
[14:12:20.345] [INFO   ] place card step 3 
[14:12:20.345] [INFO   ] place card step 4 
[14:12:21.346] [SEVERE ] updating countdown to 49228
[14:12:21.346] [SEVERE ] setting player 1 freeze to 100
[14:12:21.456] [SEVERE ] setting player 2 freeze to 100
[14:12:21.565] [INFO   ] before place card 
[14:12:21.565] [SEVERE ] setting player 1 freeze to 100
[14:12:21.676] [SEVERE ] setting player 2 freeze to 100
[14:12:21.786] [INFO   ] place card step 0 
[14:12:21.786] [INFO   ] place card step 1 
[14:12:21.786] [INFO   ] place card step 2 
[14:12:21.786] [INFO   ] place card step 3 
[14:12:21.786] [INFO   ] place card step 4 
[14:12:22.786] [SEVERE ] updating countdown to 47788
[14:12:22.786] [SEVERE ] setting player 1 freeze to 100
[14:12:22.896] [SEVERE ] setting player 2 freeze to 100
[14:12:23.005] [INFO   ] before place card 
[14:12:23.005] [SEVERE ] setting player 1 freeze to 100
[14:12:23.115] [SEVERE ] setting player 2 freeze to 100
[14:12:23.224] [INFO   ] place card step 0 
[14:12:23.224] [INFO   ] place card step 1 
[14:12:23.224] [INFO   ] place card step 2 
[14:12:23.224] [INFO   ] place card step 3 
[14:12:23.224] [INFO   ] place card step 4 
[14:12:24.226] [SEVERE ] updating countdown to 46348
[14:12:24.226] [SEVERE ] setting player 1 freeze to 100
[14:12:24.335] [SEVERE ] setting player 2 freeze to 100
[14:12:24.444] [INFO   ] before place card 
[14:12:24.444] [SEVERE ] setting player 1 freeze to 100
[14:12:24.554] [SEVERE ] setting player 2 freeze to 100
[14:12:24.663] [INFO   ] place card step 0 
[14:12:24.663] [INFO   ] place card step 1 
[14:12:24.663] [INFO   ] place card step 2 
[14:12:24.663] [INFO   ] place card step 3 
[14:12:24.663] [INFO   ] place card step 4 
[14:12:25.663] [SEVERE ] updating countdown to 44911
[14:12:25.663] [SEVERE ] setting player 1 freeze to 100
[14:12:25.774] [SEVERE ] setting player 2 freeze to 100
[14:12:25.884] [INFO   ] before place card 
[14:12:25.884] [SEVERE ] setting player 1 freeze to 100
[14:12:25.993] [SEVERE ] setting player 2 freeze to 100
[14:12:26.102] [INFO   ] place card step 0 
[14:12:26.102] [INFO   ] place card step 1 
[14:12:26.102] [INFO   ] place card step 2 
[14:12:26.102] [INFO   ] place card step 3 
[14:12:26.102] [INFO   ] place card step 4 
[14:12:27.106] [SEVERE ] updating countdown to 43468
[14:12:27.106] [SEVERE ] setting player 1 freeze to 100
[14:12:27.215] [SEVERE ] setting player 2 freeze to 100
[14:12:27.325] [INFO   ] before place card 
[14:12:27.325] [SEVERE ] setting player 1 freeze to 100
[14:12:27.435] [SEVERE ] setting player 2 freeze to 100
[14:12:27.544] [INFO   ] place card step 0 
[14:12:27.544] [INFO   ] place card step 1 
[14:12:27.544] [INFO   ] place card step 2 
[14:12:27.544] [INFO   ] place card step 3 
[14:12:27.544] [INFO   ] place card step 4 
[14:12:28.546] [SEVERE ] updating countdown to 42028
[14:12:28.546] [SEVERE ] setting player 1 freeze to 100
[14:12:28.655] [SEVERE ] setting player 2 freeze to 100
[14:12:28.765] [INFO   ] before place card 
[14:12:28.765] [SEVERE ] setting player 1 freeze to 100
[14:12:28.874] [SEVERE ] setting player 2 freeze to 100
[14:12:28.984] [INFO   ] place card step 0 
[14:12:28.984] [INFO   ] place card step 1 
[14:12:28.984] [INFO   ] place card step 2 
[14:12:28.984] [INFO   ] place card step 3 
[14:12:28.984] [INFO   ] place card step 4 
[14:12:29.985] [SEVERE ] updating countdown to 40589
[14:12:29.985] [SEVERE ] setting player 1 freeze to 100
[14:12:30.094] [SEVERE ] setting player 2 freeze to 100
[14:12:30.204] [INFO   ] before place card 
[14:12:30.204] [SEVERE ] setting player 1 freeze to 100
[14:12:30.313] [SEVERE ] setting player 2 freeze to 100
[14:12:30.423] [INFO   ] place card step 0 
[14:12:30.423] [INFO   ] place card step 1 
[14:12:30.423] [INFO   ] place card step 2 
[14:12:30.423] [INFO   ] place card step 3 
[14:12:30.423] [INFO   ] place card step 4 
[14:12:31.426] [SEVERE ] updating countdown to 39148
[14:12:31.426] [SEVERE ] setting player 1 freeze to 100
[14:12:31.536] [SEVERE ] setting player 2 freeze to 100
[14:12:31.646] [INFO   ] before place card 
[14:12:31.646] [SEVERE ] setting player 1 freeze to 100
[14:12:31.755] [SEVERE ] setting player 2 freeze to 100
[14:12:31.865] [INFO   ] place card step 0 
[14:12:31.865] [INFO   ] place card step 1 
[14:12:31.865] [INFO   ] place card step 2 
[14:12:31.865] [INFO   ] place card step 3 
[14:12:31.865] [INFO   ] place card step 4 
[14:12:32.867] [SEVERE ] updating countdown to 37707
[14:12:32.867] [SEVERE ] setting player 1 freeze to 100
[14:12:32.977] [SEVERE ] setting player 2 freeze to 100
[14:12:33.087] [INFO   ] before place card 
[14:12:33.087] [SEVERE ] setting player 1 freeze to 100
[14:12:33.196] [SEVERE ] setting player 2 freeze to 100
[14:12:33.307] [INFO   ] place card step 0 
[14:12:33.307] [INFO   ] place card step 1 
[14:12:33.307] [INFO   ] place card step 2 
[14:12:33.307] [INFO   ] place card step 3 
[14:12:33.307] [INFO   ] place card step 4 
[14:12:34.322] [SEVERE ] updating countdown to 36252
[14:12:34.322] [SEVERE ] setting player 1 freeze to 100
[14:12:34.433] [SEVERE ] setting player 2 freeze to 100
[14:12:34.543] [INFO   ] before place card 
[14:12:34.543] [SEVERE ] setting player 1 freeze to 100
[14:12:34.652] [SEVERE ] setting player 2 freeze to 100
[14:12:34.762] [INFO   ] place card step 0 
[14:12:34.762] [INFO   ] place card step 1 
[14:12:34.762] [INFO   ] place card step 2 
[14:12:34.762] [INFO   ] place card step 3 
[14:12:34.762] [INFO   ] place card step 4 
[14:12:35.764] [SEVERE ] updating countdown to 34810
[14:12:35.764] [SEVERE ] setting player 1 freeze to 100
[14:12:35.875] [SEVERE ] setting player 2 freeze to 100
[14:12:35.984] [INFO   ] before place card 
[14:12:35.984] [SEVERE ] setting player 1 freeze to 100
[14:12:36.094] [SEVERE ] setting player 2 freeze to 100
[14:12:36.203] [INFO   ] place card step 0 
[14:12:36.203] [INFO   ] place card step 1 
[14:12:36.203] [INFO   ] place card step 2 
[14:12:36.203] [INFO   ] place card step 3 
[14:12:36.203] [INFO   ] place card step 4 
[14:12:36.364] [SEVERE ] key 83 was pressed by player 1
[14:12:36.364] [SEVERE ] player 1 placing token on slot 5
[14:12:36.893] [SEVERE ] key 44 was pressed by player 2
[14:12:36.893] [SEVERE ] player 2 placing token on slot 9
[14:12:37.207] [SEVERE ] updating countdown to 33367
[14:12:37.207] [SEVERE ] setting player 1 freeze to 100
[14:12:37.254] [SEVERE ] key 67 was pressed by player 1
[14:12:37.254] [SEVERE ] player 1 placing token on slot 10
[14:12:37.316] [SEVERE ] setting player 2 freeze to 100
[14:12:37.426] [INFO   ] before place card 
[14:12:37.426] [SEVERE ] setting player 1 freeze to 100
[14:12:37.535] [SEVERE ] setting player 2 freeze to 100
[14:12:37.645] [INFO   ] place card step 0 
[14:12:37.645] [INFO   ] place card step 1 
[14:12:37.645] [INFO   ] place card step 2 
[14:12:37.645] [INFO   ] place card step 3 
[14:12:37.645] [INFO   ] place card step 4 
[14:12:38.645] [SEVERE ] updating countdown to 31929
[14:12:38.647] [SEVERE ] setting player 1 freeze to 100
[14:12:38.683] [SEVERE ] key 44 was pressed by player 2
[14:12:38.683] [SEVERE ] removing player 2 token from slot 9
[14:12:38.754] [SEVERE ] setting player 2 freeze to 100
[14:12:38.863] [INFO   ] before place card 
[14:12:38.863] [SEVERE ] setting player 1 freeze to 100
[14:12:38.973] [SEVERE ] setting player 2 freeze to 100
[14:12:39.083] [INFO   ] place card step 0 
[14:12:39.083] [INFO   ] place card step 1 
[14:12:39.083] [INFO   ] place card step 2 
[14:12:39.083] [INFO   ] place card step 3 
[14:12:39.083] [INFO   ] place card step 4 
[14:12:39.130] [SEVERE ] key 46 was pressed by player 2
[14:12:39.130] [SEVERE ] player 2 placing token on slot 10
[14:12:40.052] [SEVERE ] key 82 was pressed by player 1
[14:12:40.052] [SEVERE ] player 1 placing token on slot 3
[14:12:40.052] [SEVERE ] updating countdown to 30522
[14:12:40.052] [SEVERE ] setting player 1 freeze to 100
[14:12:40.162] [SEVERE ] setting player 2 freeze to 100
[14:12:40.271] [INFO   ] removecard there is set
[14:12:40.271] [INFO   ] point step 1
[14:12:40.271] [SEVERE ] setting player 1 score to 2
[14:12:40.271] [SEVERE ] setting player 1 freeze to 1000
[14:12:40.271] [INFO   ] point step 2
[14:12:40.318] [SEVERE ] key 74 was pressed by player 2
[14:12:41.273] [SEVERE ] setting player 1 freeze to 0
[14:12:41.273] [SEVERE ] removing player 1 token from slot 5
[14:12:41.382] [SEVERE ] removing card from slot 5
[14:12:41.382] [SEVERE ] removing player 1 token from slot 10
[14:12:41.493] [SEVERE ] removing card from slot 10
[14:12:41.493] [SEVERE ] removing player 2 token from slot 10
[14:12:41.493] [SEVERE ] removing player 1 token from slot 3
[14:12:41.603] [SEVERE ] removing card from slot 3
[14:12:41.603] [INFO   ] remove  in the table step 1
[14:12:41.603] [INFO   ] remove  in the table step 2
[14:12:41.603] [SEVERE ] updating countdown to 60000
[14:12:41.603] [INFO   ] before place card 
[14:12:41.603] [SEVERE ] setting player 1 freeze to 100
[14:12:41.713] [SEVERE ] setting player 2 freeze to 100
[14:12:41.823] [INFO   ] place card step 0 
[14:12:41.823] [INFO   ] place card step 1 
[14:12:41.933] [SEVERE ] placing card 74 in slot 3
[14:12:42.043] [SEVERE ] placing card 73 in slot 5
[14:12:42.152] [SEVERE ] placing card 43 in slot 10
[14:12:42.152] [INFO   ] place card step 2 
[14:12:42.152] [INFO   ] place card step 3 
[14:12:42.152] [INFO   ] place card step 4 
[14:12:42.152] [SEVERE ] updating countdown to 59451
[14:12:42.152] [SEVERE ] setting player 1 freeze to 100
[14:12:42.261] [SEVERE ] setting player 2 freeze to 100
[14:12:42.371] [INFO   ] removecardthere is no!!!! set
[14:12:42.371] [SEVERE ] setting player 1 freeze to 3000
[14:12:43.372] [SEVERE ] setting player 1 freeze to 2000
[14:12:44.375] [SEVERE ] setting player 1 freeze to 1000
[14:12:45.376] [SEVERE ] setting player 1 freeze to 0
[14:12:45.376] [INFO   ] remove  in the table step 1
[14:12:45.376] [INFO   ] remove  in the table step 2
[14:12:45.376] [INFO   ] before place card 
[14:12:45.376] [SEVERE ] setting player 1 freeze to 100
[14:12:45.486] [SEVERE ] setting player 2 freeze to 100
[14:12:45.595] [INFO   ] place card step 0 
[14:12:45.595] [INFO   ] place card step 1 
[14:12:45.595] [INFO   ] place card step 2 
[14:12:45.595] [INFO   ] place card step 3 
[14:12:45.596] [INFO   ] place card step 4 
[14:12:46.600] [SEVERE ] updating countdown to 55003
[14:12:46.600] [SEVERE ] setting player 1 freeze to 100
[14:12:46.710] [SEVERE ] setting player 2 freeze to 100
[14:12:46.819] [INFO   ] before place card 
[14:12:46.819] [SEVERE ] setting player 1 freeze to 100
[14:12:46.929] [SEVERE ] setting player 2 freeze to 100
[14:12:47.039] [INFO   ] place card step 0 
[14:12:47.039] [INFO   ] place card step 1 
[14:12:47.039] [INFO   ] place card step 2 
[14:12:47.039] [INFO   ] place card step 3 
[14:12:47.039] [INFO   ] place card step 4 
[14:12:48.041] [SEVERE ] updating countdown to 53562
[14:12:48.041] [SEVERE ] setting player 1 freeze to 100
[14:12:48.150] [SEVERE ] setting player 2 freeze to 100
[14:12:48.259] [INFO   ] before place card 
[14:12:48.259] [SEVERE ] setting player 1 freeze to 100
[14:12:48.369] [SEVERE ] setting player 2 freeze to 100
[14:12:48.478] [INFO   ] place card step 0 
[14:12:48.478] [INFO   ] place card step 1 
[14:12:48.478] [INFO   ] place card step 2 
[14:12:48.478] [INFO   ] place card step 3 
[14:12:48.478] [INFO   ] place card step 4 
[14:12:49.480] [SEVERE ] updating countdown to 52123
[14:12:49.480] [SEVERE ] setting player 1 freeze to 100
[14:12:49.590] [SEVERE ] setting player 2 freeze to 100
[14:12:49.698] [INFO   ] before place card 
[14:12:49.698] [SEVERE ] setting player 1 freeze to 100
[14:12:49.808] [SEVERE ] setting player 2 freeze to 100
[14:12:49.919] [INFO   ] place card step 0 
[14:12:49.919] [INFO   ] place card step 1 
[14:12:49.919] [INFO   ] place card step 2 
[14:12:49.919] [INFO   ] place card step 3 
[14:12:49.919] [INFO   ] place card step 4 
[14:12:50.923] [SEVERE ] updating countdown to 50680
[14:12:50.923] [SEVERE ] setting player 1 freeze to 100
[14:12:51.032] [SEVERE ] setting player 2 freeze to 100
[14:12:51.141] [INFO   ] before place card 
[14:12:51.141] [SEVERE ] setting player 1 freeze to 100
[14:12:51.251] [SEVERE ] setting player 2 freeze to 100
[14:12:51.360] [INFO   ] place card step 0 
[14:12:51.360] [INFO   ] place card step 1 
[14:12:51.360] [INFO   ] place card step 2 
[14:12:51.360] [INFO   ] place card step 3 
[14:12:51.360] [INFO   ] place card step 4 
[14:12:52.190] [SEVERE ] key 69 was pressed by player 1
[14:12:52.190] [SEVERE ] player 1 placing token on slot 2
[14:12:52.363] [SEVERE ] updating countdown to 49240
[14:12:52.363] [SEVERE ] setting player 1 freeze to 100
[14:12:52.473] [SEVERE ] setting player 2 freeze to 100
[14:12:52.582] [INFO   ] before place card 
[14:12:52.582] [SEVERE ] setting player 1 freeze to 100
[14:12:52.629] [SEVERE ] key 69 was pressed by player 1
[14:12:52.629] [SEVERE ] removing player 1 token from slot 2
[14:12:52.692] [SEVERE ] setting player 2 freeze to 100
[14:12:52.801] [INFO   ] place card step 0 
[14:12:52.801] [INFO   ] place card step 1 
[14:12:52.801] [INFO   ] place card step 2 
[14:12:52.801] [INFO   ] place card step 3 
[14:12:52.801] [INFO   ] place card step 4 
[14:12:53.068] [SEVERE ] key 87 was pressed by player 1
[14:12:53.068] [SEVERE ] player 1 placing token on slot 1
[14:12:53.802] [SEVERE ] updating countdown to 47801
[14:12:53.802] [SEVERE ] setting player 1 freeze to 100
[14:12:53.912] [SEVERE ] setting player 2 freeze to 100
[14:12:54.010] [SEVERE ] key 83 was pressed by player 1
[14:12:54.011] [SEVERE ] player 1 placing token on slot 5
[14:12:54.021] [INFO   ] before place card 
[14:12:54.021] [SEVERE ] setting player 1 freeze to 100
[14:12:54.131] [SEVERE ] setting player 2 freeze to 100
[14:12:54.241] [INFO   ] place card step 0 
[14:12:54.241] [INFO   ] place card step 1 
[14:12:54.241] [INFO   ] place card step 2 
[14:12:54.241] [INFO   ] place card step 3 
[14:12:54.241] [INFO   ] place card step 4 
[14:12:55.242] [SEVERE ] updating countdown to 46361
[14:12:55.242] [SEVERE ] setting player 1 freeze to 100
[14:12:55.352] [SEVERE ] setting player 2 freeze to 100
[14:12:55.461] [INFO   ] before place card 
[14:12:55.461] [SEVERE ] setting player 1 freeze to 100
[14:12:55.570] [SEVERE ] setting player 2 freeze to 100
[14:12:55.664] [SEVERE ] key 90 was pressed by player 1
[14:12:55.664] [SEVERE ] player 1 placing token on slot 8
[14:12:55.680] [INFO   ] place card step 0 
[14:12:55.680] [INFO   ] place card step 1 
[14:12:55.680] [INFO   ] place card step 2 
[14:12:55.680] [INFO   ] place card step 3 
[14:12:55.680] [INFO   ] place card step 4 
[14:12:55.680] [SEVERE ] updating countdown to 45923
[14:12:55.680] [SEVERE ] setting player 1 freeze to 100
[14:12:55.789] [SEVERE ] setting player 2 freeze to 100
[14:12:55.900] [INFO   ] removecardthere is no!!!! set
[14:12:55.900] [SEVERE ] setting player 1 freeze to 3000
[14:12:56.915] [SEVERE ] setting player 1 freeze to 2000
[14:12:57.917] [SEVERE ] setting player 1 freeze to 1000
[14:12:58.919] [SEVERE ] setting player 1 freeze to 0
[14:12:58.919] [SEVERE ] removing player 1 token from slot 1
[14:12:58.919] [SEVERE ] removing player 1 token from slot 5
[14:12:58.919] [SEVERE ] removing player 1 token from slot 8
[14:12:58.919] [INFO   ] remove  in the table step 1
[14:12:58.919] [INFO   ] remove  in the table step 2
[14:12:58.919] [INFO   ] before place card 
[14:12:58.919] [SEVERE ] setting player 1 freeze to 100
[14:12:59.029] [SEVERE ] setting player 2 freeze to 100
[14:12:59.138] [INFO   ] place card step 0 
[14:12:59.138] [INFO   ] place card step 1 
[14:12:59.138] [INFO   ] place card step 2 
[14:12:59.138] [INFO   ] place card step 3 
[14:12:59.138] [INFO   ] place card step 4 
[14:13:00.141] [SEVERE ] updating countdown to 41462
[14:13:00.141] [SEVERE ] setting player 1 freeze to 100
[14:13:00.251] [SEVERE ] setting player 2 freeze to 100
[14:13:00.361] [INFO   ] before place card 
[14:13:00.361] [SEVERE ] setting player 1 freeze to 100
[14:13:00.471] [SEVERE ] setting player 2 freeze to 100
[14:13:00.582] [INFO   ] place card step 0 
[14:13:00.582] [INFO   ] place card step 1 
[14:13:00.582] [INFO   ] place card step 2 
[14:13:00.582] [INFO   ] place card step 3 
[14:13:00.582] [INFO   ] place card step 4 
[14:13:01.584] [SEVERE ] updating countdown to 40019
[14:13:01.584] [SEVERE ] setting player 1 freeze to 100
[14:13:01.693] [SEVERE ] setting player 2 freeze to 100
[14:13:01.803] [INFO   ] before place card 
[14:13:01.803] [SEVERE ] setting player 1 freeze to 100
[14:13:01.913] [SEVERE ] setting player 2 freeze to 100
[14:13:02.022] [INFO   ] place card step 0 
[14:13:02.022] [INFO   ] place card step 1 
[14:13:02.022] [INFO   ] place card step 2 
[14:13:02.022] [INFO   ] place card step 3 
[14:13:02.022] [INFO   ] place card step 4 
[14:13:03.025] [SEVERE ] updating countdown to 38578
[14:13:03.025] [SEVERE ] setting player 1 freeze to 100
[14:13:03.135] [SEVERE ] setting player 2 freeze to 100
[14:13:03.244] [INFO   ] before place card 
[14:13:03.244] [SEVERE ] setting player 1 freeze to 100
[14:13:03.353] [SEVERE ] setting player 2 freeze to 100
[14:13:03.463] [INFO   ] place card step 0 
[14:13:03.463] [INFO   ] place card step 1 
[14:13:03.463] [INFO   ] place card step 2 
[14:13:03.463] [INFO   ] place card step 3 
[14:13:03.463] [INFO   ] place card step 4 
[14:13:04.464] [SEVERE ] updating countdown to 37139
[14:13:04.464] [SEVERE ] setting player 1 freeze to 100
[14:13:04.574] [SEVERE ] setting player 2 freeze to 100
[14:13:04.683] [INFO   ] before place card 
[14:13:04.683] [SEVERE ] setting player 1 freeze to 100
[14:13:04.793] [SEVERE ] setting player 2 freeze to 100
[14:13:04.902] [INFO   ] place card step 0 
[14:13:04.902] [INFO   ] place card step 1 
[14:13:04.902] [INFO   ] place card step 2 
[14:13:04.902] [INFO   ] place card step 3 
[14:13:04.902] [INFO   ] place card step 4 
[14:13:05.905] [SEVERE ] updating countdown to 35698
[14:13:05.905] [SEVERE ] setting player 1 freeze to 100
[14:13:06.015] [SEVERE ] setting player 2 freeze to 100
[14:13:06.125] [INFO   ] before place card 
[14:13:06.125] [SEVERE ] setting player 1 freeze to 100
[14:13:06.235] [SEVERE ] setting player 2 freeze to 100
[14:13:06.345] [INFO   ] place card step 0 
[14:13:06.345] [INFO   ] place card step 1 
[14:13:06.345] [INFO   ] place card step 2 
[14:13:06.345] [INFO   ] place card step 3 
[14:13:06.345] [INFO   ] place card step 4 
[14:13:06.831] [SEVERE ] key 82 was pressed by player 1
[14:13:06.831] [SEVERE ] player 1 placing token on slot 3
[14:13:07.346] [SEVERE ] updating countdown to 34257
[14:13:07.346] [SEVERE ] setting player 1 freeze to 100
[14:13:07.409] [SEVERE ] key 69 was pressed by player 1
[14:13:07.420] [SEVERE ] player 1 placing token on slot 2
[14:13:07.456] [SEVERE ] setting player 2 freeze to 100
[14:13:07.567] [INFO   ] before place card 
[14:13:07.567] [SEVERE ] setting player 1 freeze to 100
[14:13:07.677] [SEVERE ] setting player 2 freeze to 100
[14:13:07.708] [SEVERE ] key 82 was pressed by player 1
[14:13:07.708] [SEVERE ] removing player 1 token from slot 3
[14:13:07.786] [INFO   ] place card step 0 
[14:13:07.786] [INFO   ] place card step 1 
[14:13:07.786] [INFO   ] place card step 2 
[14:13:07.786] [INFO   ] place card step 3 
[14:13:07.786] [INFO   ] place card step 4 
[14:13:08.788] [SEVERE ] updating countdown to 32815
[14:13:08.788] [SEVERE ] setting player 1 freeze to 100
[14:13:08.897] [SEVERE ] setting player 2 freeze to 100
[14:13:09.007] [INFO   ] before place card 
[14:13:09.007] [SEVERE ] setting player 1 freeze to 100
[14:13:09.117] [SEVERE ] setting player 2 freeze to 100
[14:13:09.226] [INFO   ] place card step 0 
[14:13:09.226] [INFO   ] place card step 1 
[14:13:09.226] [INFO   ] place card step 2 
[14:13:09.226] [INFO   ] place card step 3 
[14:13:09.226] [INFO   ] place card step 4 
[14:13:09.870] [SEVERE ] key 68 was pressed by player 1
[14:13:09.870] [SEVERE ] player 1 placing token on slot 6
[14:13:10.229] [SEVERE ] updating countdown to 31374
[14:13:10.229] [SEVERE ] setting player 1 freeze to 100
[14:13:10.339] [SEVERE ] setting player 2 freeze to 100
[14:13:10.354] [SEVERE ] key 68 was pressed by player 1
[14:13:10.354] [SEVERE ] removing player 1 token from slot 6
[14:13:10.449] [INFO   ] before place card 
[14:13:10.449] [SEVERE ] setting player 1 freeze to 100
[14:13:10.558] [SEVERE ] setting player 2 freeze to 100
[14:13:10.607] [SEVERE ] key 83 was pressed by player 1
[14:13:10.607] [SEVERE ] player 1 placing token on slot 5
[14:13:10.668] [INFO   ] place card step 0 
[14:13:10.668] [INFO   ] place card step 1 
[14:13:10.668] [INFO   ] place card step 2 
[14:13:10.668] [INFO   ] place card step 3 
[14:13:10.668] [INFO   ] place card step 4 
[14:13:11.530] [SEVERE ] key 90 was pressed by player 1
[14:13:11.531] [SEVERE ] player 1 placing token on slot 8
[14:13:11.531] [SEVERE ] updating countdown to 30072
[14:13:11.531] [SEVERE ] setting player 1 freeze to 100
[14:13:11.637] [SEVERE ] setting player 2 freeze to 100
[14:13:11.747] [INFO   ] removecard there is set
[14:13:11.747] [INFO   ] point step 1
[14:13:11.747] [SEVERE ] setting player 1 score to 3
[14:13:11.747] [SEVERE ] setting player 1 freeze to 1000
[14:13:11.747] [INFO   ] point step 2
[14:13:12.751] [SEVERE ] setting player 1 freeze to 0
[14:13:12.751] [SEVERE ] removing player 1 token from slot 2
[14:13:12.861] [SEVERE ] removing card from slot 2
[14:13:12.861] [SEVERE ] removing player 1 token from slot 5
[14:13:12.970] [SEVERE ] removing card from slot 5
[14:13:12.970] [SEVERE ] removing player 1 token from slot 8
[14:13:13.079] [SEVERE ] removing card from slot 8
[14:13:13.079] [INFO   ] remove  in the table step 1
[14:13:13.079] [INFO   ] remove  in the table step 2
[14:13:13.079] [SEVERE ] updating countdown to 60000
[14:13:13.079] [INFO   ] before place card 
[14:13:13.079] [SEVERE ] setting player 1 freeze to 100
[14:13:13.189] [SEVERE ] setting player 2 freeze to 100
[14:13:13.298] [INFO   ] place card step 0 
[14:13:13.298] [INFO   ] place card step 1 
[14:13:13.408] [SEVERE ] placing card 58 in slot 2
[14:13:13.517] [SEVERE ] placing card 56 in slot 5
[14:13:13.627] [SEVERE ] placing card 71 in slot 8
[14:13:13.627] [INFO   ] place card step 2 
[14:13:13.627] [INFO   ] place card step 3 
[14:13:13.627] [INFO   ] place card step 4 
[14:13:13.627] [SEVERE ] updating countdown to 59452
[14:13:13.627] [SEVERE ] setting player 1 freeze to 100
[14:13:13.736] [SEVERE ] setting player 2 freeze to 100
[14:13:13.845] [INFO   ] removecardthere is no!!!! set
[14:13:13.845] [SEVERE ] setting player 1 freeze to 3000
[14:13:14.846] [SEVERE ] setting player 1 freeze to 2000
[14:13:15.848] [SEVERE ] setting player 1 freeze to 1000
[14:13:16.851] [SEVERE ] setting player 1 freeze to 0
[14:13:16.851] [INFO   ] remove  in the table step 1
[14:13:16.851] [INFO   ] remove  in the table step 2
[14:13:16.851] [INFO   ] before place card 
[14:13:16.851] [SEVERE ] setting player 1 freeze to 100
[14:13:16.962] [SEVERE ] setting player 2 freeze to 100
[14:13:17.071] [INFO   ] place card step 0 
[14:13:17.071] [INFO   ] place card step 1 
[14:13:17.071] [INFO   ] place card step 2 
[14:13:17.071] [INFO   ] place card step 3 
[14:13:17.071] [INFO   ] place card step 4 
[14:13:17.975] [SEVERE ] exit button pressed
[14:13:17.975] [SEVERE ] updating countdown to 55104
[14:13:17.975] [INFO   ] thread Thread-0 terminated.
[14:13:17.988] [SEVERE ] setting player 1 freeze to 100
[14:13:17.988] [INFO   ] thread Thread-1 terminated.
[14:13:18.090] [SEVERE ] setting player 2 freeze to 100
[14:13:18.205] [INFO   ] removecardthere is no!!!! set
[14:13:18.205] [SEVERE ] setting player 1 freeze to 3000
[14:13:19.215] [SEVERE ] setting player 1 freeze to 2000
[14:13:20.216] [SEVERE ] setting player 1 freeze to 1000
[14:13:21.218] [SEVERE ] setting player 1 freeze to 0
[14:13:21.218] [INFO   ] remove  in the table step 1
[14:13:21.218] [INFO   ] remove  in the table step 2
[14:13:21.218] [INFO   ] removecardthere is no!!!! set
[14:13:21.218] [SEVERE ] setting player 2 freeze to 3000
[14:13:22.220] [SEVERE ] setting player 2 freeze to 2000
[14:13:23.222] [SEVERE ] setting player 2 freeze to 1000
[14:13:24.222] [SEVERE ] setting player 2 freeze to 0
[14:13:24.222] [SEVERE ] removing player 2 token from slot 4
[14:13:24.222] [INFO   ] remove  in the table step 1
[14:13:24.222] [INFO   ] remove  in the table step 2
[14:13:24.222] [INFO   ] before place card 
[14:13:24.222] [SEVERE ] setting player 1 freeze to 100
[14:13:24.332] [SEVERE ] setting player 2 freeze to 100
[14:13:24.441] [INFO   ] place card step 0 
[14:13:24.441] [INFO   ] place card step 1 
[14:13:24.441] [INFO   ] place card step 2 
[14:13:24.441] [INFO   ] place card step 3 
[14:13:24.441] [INFO   ] place card step 4 
[14:13:24.441] [SEVERE ] updating countdown to 60000
[14:13:24.550] [SEVERE ] removing card from slot 0
[14:13:24.660] [SEVERE ] removing card from slot 1
[14:13:24.768] [SEVERE ] removing card from slot 2
[14:13:24.878] [SEVERE ] removing card from slot 3
[14:13:24.987] [SEVERE ] removing card from slot 4
[14:13:25.097] [SEVERE ] removing card from slot 5
[14:13:25.206] [SEVERE ] removing card from slot 6
[14:13:25.315] [SEVERE ] removing card from slot 7
[14:13:25.425] [SEVERE ] removing card from slot 8
[14:13:25.534] [SEVERE ] removing card from slot 9
[14:13:25.644] [SEVERE ] removing card from slot 10
[14:13:25.754] [SEVERE ] removing card from slot 11
[14:13:25.755] [SEVERE ] announcing winner(s): player 1, player 1
[14:13:25.755] [INFO   ] thread dealer terminated.
[14:13:25.755] [INFO   ] thread dealer terminated.
[14:13:25.755] [SEVERE ] thanks for playing... it was fun!
[14:13:25.755] [INFO   ] thread main terminated.
