[17:11:01.839] [INFO   ] thread main starting.
[17:11:01.839] [SEVERE ] cannot read configuration file config.properties trying from resources.
[17:11:01.839] [SEVERE ] configuration file was loaded from resources directory.
[17:11:02.506] [INFO   ] thread dealer starting.
[17:11:02.506] [INFO   ] thread dealer starting.
[17:11:02.510] [INFO   ] thread Thread-0 starting.
[17:11:02.512] [INFO   ] creat AI step 1 
[17:11:02.512] [INFO   ] thread computer-0 starting.
[17:11:02.512] [INFO   ] creat AI step 2 
[17:11:02.512] [INFO   ] creat AI step 3 
[17:11:02.513] [INFO   ] thread Thread-1 starting.
[17:11:02.513] [INFO   ] creat AI step 7 
[17:11:02.516] [INFO   ] AI key pressed step 1 
[17:11:02.516] [INFO   ] creat AI step 1 
[17:11:02.516] [INFO   ] thread computer-1 starting.
[17:11:02.516] [INFO   ] creat AI step 2 
[17:11:02.516] [INFO   ] AI key pressed step 2 
[17:11:02.516] [SEVERE ] updating countdown to 60000
[17:11:02.516] [INFO   ] creat AI step 3 
[17:11:02.517] [INFO   ] KP step 1
[17:11:02.517] [INFO   ] KP step 7
[17:11:02.517] [INFO   ] creat AI step 7 
[17:11:02.518] [INFO   ] AI key pressed step 1 
[17:11:02.518] [INFO   ] AI key pressed step 3, random slot: 7
[17:11:02.518] [INFO   ] creat AI step 8 
[17:11:02.518] [INFO   ] AI key pressed step 2 
[17:11:02.519] [INFO   ] KP step 1
[17:11:02.519] [INFO   ] KP step 7
[17:11:02.519] [INFO   ] AI key pressed step 3, random slot: 7
[17:11:02.519] [INFO   ] creat AI step 8 
[17:11:02.747] [INFO   ] place card step 0 
[17:11:02.748] [INFO   ] place card step 1 
[17:11:02.851] [SEVERE ] placing card 11 in slot 0
[17:11:02.952] [SEVERE ] placing card 32 in slot 1
[17:11:03.055] [SEVERE ] placing card 58 in slot 2
[17:11:03.166] [SEVERE ] placing card 48 in slot 3
[17:11:03.276] [SEVERE ] placing card 67 in slot 4
[17:11:03.385] [SEVERE ] placing card 26 in slot 5
[17:11:03.495] [SEVERE ] placing card 25 in slot 6
[17:11:03.604] [SEVERE ] placing card 41 in slot 7
[17:11:03.714] [SEVERE ] placing card 16 in slot 8
[17:11:03.819] [SEVERE ] placing card 15 in slot 9
[17:11:03.921] [SEVERE ] placing card 30 in slot 10
[17:11:04.030] [SEVERE ] placing card 53 in slot 11
[17:11:04.030] [INFO   ] place card step 2 
[17:11:04.030] [INFO   ] place card step 3 
[17:11:04.030] [INFO   ] place card step 4 if no set!!!!! 
[17:11:04.357] [SEVERE ] removing card from slot 0
[17:11:04.467] [SEVERE ] removing card from slot 1
[17:11:04.577] [SEVERE ] removing card from slot 2
[17:11:04.686] [SEVERE ] removing card from slot 3
[17:11:04.796] [SEVERE ] removing card from slot 4
[17:11:04.905] [SEVERE ] removing card from slot 5
[17:11:05.019] [SEVERE ] removing card from slot 6
[17:11:05.131] [SEVERE ] removing card from slot 7
[17:11:05.240] [SEVERE ] removing card from slot 8
[17:11:05.350] [SEVERE ] removing card from slot 9
[17:11:05.459] [SEVERE ] removing card from slot 10
[17:11:05.568] [SEVERE ] removing card from slot 11
[17:11:05.568] [INFO   ] thread dealer terminated.
[17:11:10.576] [SEVERE ] thanks for playing... it was fun!
[17:11:10.576] [INFO   ] thread main terminated.
[17:11:10.576] [SEVERE ] disposing of user interface elements
