[13:28:31.798] [INFO   ] thread main starting.
[13:28:31.808] [SEVERE ] cannot read configuration file config.properties trying from resources.
[13:28:31.812] [SEVERE ] configuration file was loaded from resources directory.
[13:28:32.492] [INFO   ] thread dealer starting.
[13:28:32.498] [INFO   ] thread dealer starting.
[13:28:32.498] [SEVERE ] updating countdown to 60000
[13:28:32.498] [INFO   ] thread Thread-0 starting.
[13:28:32.500] [INFO   ] thread Thread-1 starting.
[13:28:32.505] [SEVERE ] setting player 1 freeze to 100
[13:28:32.613] [SEVERE ] setting player 2 freeze to 100
[13:28:32.724] [INFO   ] place card step 0 
[13:28:32.724] [INFO   ] place card step 1 
[13:28:32.834] [SEVERE ] placing card 31 in slot 0
[13:28:32.943] [SEVERE ] placing card 28 in slot 1
[13:28:33.047] [SEVERE ] placing card 22 in slot 2
[13:28:33.148] [SEVERE ] placing card 68 in slot 3
[13:28:33.264] [SEVERE ] placing card 18 in slot 4
[13:28:33.381] [SEVERE ] placing card 41 in slot 5
[13:28:33.482] [SEVERE ] placing card 47 in slot 6
[13:28:33.598] [SEVERE ] placing card 50 in slot 7
[13:28:33.699] [SEVERE ] placing card 53 in slot 8
[13:28:33.813] [SEVERE ] placing card 0 in slot 9
[13:28:33.922] [SEVERE ] placing card 60 in slot 10
[13:28:34.031] [SEVERE ] placing card 36 in slot 11
[13:28:34.031] [INFO   ] place card step 2 
[13:28:34.031] [INFO   ] place card step 3 
[13:28:34.034] [INFO   ] place card step 4 
[13:28:35.047] [SEVERE ] updating countdown to 57455
[13:28:35.047] [SEVERE ] setting player 1 freeze to 100
[13:28:35.157] [SEVERE ] setting player 2 freeze to 100
[13:28:35.266] [INFO   ] before place card 
[13:28:35.266] [SEVERE ] setting player 1 freeze to 100
[13:28:35.376] [SEVERE ] setting player 2 freeze to 100
[13:28:35.485] [INFO   ] place card step 0 
[13:28:35.485] [INFO   ] place card step 1 
[13:28:35.485] [INFO   ] place card step 2 
[13:28:35.485] [INFO   ] place card step 3 
[13:28:35.485] [INFO   ] place card step 4 
[13:28:36.487] [SEVERE ] updating countdown to 56015
[13:28:36.487] [SEVERE ] setting player 1 freeze to 100
[13:28:36.596] [SEVERE ] setting player 2 freeze to 100
[13:28:36.706] [INFO   ] before place card 
[13:28:36.706] [SEVERE ] setting player 1 freeze to 100
[13:28:36.815] [SEVERE ] setting player 2 freeze to 100
[13:28:36.925] [INFO   ] place card step 0 
[13:28:36.925] [INFO   ] place card step 1 
[13:28:36.925] [INFO   ] place card step 2 
[13:28:36.925] [INFO   ] place card step 3 
[13:28:36.925] [INFO   ] place card step 4 
[13:28:37.097] [SEVERE ] key 90 was pressed by player 1
[13:28:37.097] [SEVERE ] player 1 placing token on slot 8
[13:28:37.925] [SEVERE ] updating countdown to 54577
[13:28:37.925] [SEVERE ] setting player 1 freeze to 100
[13:28:38.034] [SEVERE ] setting player 2 freeze to 100
[13:28:38.143] [INFO   ] before place card 
[13:28:38.143] [SEVERE ] setting player 1 freeze to 100
[13:28:38.253] [SEVERE ] setting player 2 freeze to 100
[13:28:38.300] [SEVERE ] key 68 was pressed by player 1
[13:28:38.300] [SEVERE ] player 1 placing token on slot 6
[13:28:38.362] [INFO   ] place card step 0 
[13:28:38.362] [INFO   ] place card step 1 
[13:28:38.363] [INFO   ] place card step 2 
[13:28:38.363] [INFO   ] place card step 3 
[13:28:38.365] [INFO   ] place card step 4 
[13:28:38.644] [SEVERE ] key 70 was pressed by player 1
[13:28:38.644] [SEVERE ] player 1 placing token on slot 7
[13:28:38.644] [SEVERE ] updating countdown to 53858
[13:28:38.644] [SEVERE ] setting player 1 freeze to 100
[13:28:38.759] [SEVERE ] setting player 2 freeze to 100
[13:28:38.869] [INFO   ] removecard there is set
[13:28:38.869] [INFO   ] point step 1
[13:28:38.869] [SEVERE ] setting player 1 score to 1
[13:28:38.869] [SEVERE ] setting player 1 freeze to 1000
[13:28:38.869] [INFO   ] point step 2
[13:28:39.873] [SEVERE ] setting player 1 freeze to 0
[13:28:39.873] [SEVERE ] removing player 1 token from slot 8
[13:28:39.982] [SEVERE ] removing card from slot 8
[13:28:39.982] [SEVERE ] removing player 1 token from slot 6
[13:28:40.092] [SEVERE ] removing card from slot 6
[13:28:40.092] [SEVERE ] removing player 1 token from slot 7
[13:28:40.201] [SEVERE ] removing card from slot 7
[13:28:40.201] [INFO   ] remove  in the table step 1
[13:28:40.201] [INFO   ] remove  in the table step 2
[13:28:40.201] [SEVERE ] updating countdown to 60000
[13:28:40.201] [INFO   ] before place card 
[13:28:40.201] [SEVERE ] setting player 1 freeze to 100
[13:28:40.310] [SEVERE ] setting player 2 freeze to 100
[13:28:40.420] [INFO   ] place card step 0 
[13:28:40.420] [INFO   ] place card step 1 
[13:28:40.529] [SEVERE ] placing card 43 in slot 6
[13:28:40.637] [SEVERE ] placing card 64 in slot 7
[13:28:40.747] [SEVERE ] placing card 17 in slot 8
[13:28:40.747] [INFO   ] place card step 2 
[13:28:40.747] [INFO   ] place card step 3 
[13:28:40.747] [INFO   ] place card step 4 
[13:28:40.747] [SEVERE ] updating countdown to 59454
[13:28:40.747] [SEVERE ] setting player 1 freeze to 100
[13:28:40.857] [SEVERE ] setting player 2 freeze to 100
[13:28:40.966] [INFO   ] removecardthere is no!!!! set
[13:28:40.966] [SEVERE ] setting player 1 freeze to 3000
[13:28:41.968] [SEVERE ] setting player 1 freeze to 2000
[13:28:42.969] [SEVERE ] setting player 1 freeze to 1000
[13:28:43.971] [SEVERE ] setting player 1 freeze to 0
[13:28:43.971] [INFO   ] remove  in the table step 1
[13:28:43.971] [INFO   ] remove  in the table step 2
[13:28:43.971] [INFO   ] before place card 
[13:28:43.971] [SEVERE ] setting player 1 freeze to 100
[13:28:44.080] [SEVERE ] setting player 2 freeze to 100
[13:28:44.190] [INFO   ] place card step 0 
[13:28:44.190] [INFO   ] place card step 1 
[13:28:44.190] [INFO   ] place card step 2 
[13:28:44.190] [INFO   ] place card step 3 
[13:28:44.190] [INFO   ] place card step 4 
[13:28:45.192] [SEVERE ] updating countdown to 55009
[13:28:45.192] [SEVERE ] setting player 1 freeze to 100
[13:28:45.301] [SEVERE ] setting player 2 freeze to 100
[13:28:45.411] [INFO   ] before place card 
[13:28:45.412] [SEVERE ] setting player 1 freeze to 100
[13:28:45.521] [SEVERE ] setting player 2 freeze to 100
[13:28:45.630] [INFO   ] place card step 0 
[13:28:45.630] [INFO   ] place card step 1 
[13:28:45.630] [INFO   ] place card step 2 
[13:28:45.630] [INFO   ] place card step 3 
[13:28:45.630] [INFO   ] place card step 4 
[13:28:46.632] [SEVERE ] updating countdown to 53569
[13:28:46.633] [SEVERE ] setting player 1 freeze to 100
[13:28:46.742] [SEVERE ] setting player 2 freeze to 100
[13:28:46.851] [INFO   ] before place card 
[13:28:46.851] [SEVERE ] setting player 1 freeze to 100
[13:28:46.961] [SEVERE ] setting player 2 freeze to 100
[13:28:47.070] [INFO   ] place card step 0 
[13:28:47.070] [INFO   ] place card step 1 
[13:28:47.070] [INFO   ] place card step 2 
[13:28:47.070] [INFO   ] place card step 3 
[13:28:47.070] [INFO   ] place card step 4 
[13:28:48.072] [SEVERE ] updating countdown to 52129
[13:28:48.072] [SEVERE ] setting player 1 freeze to 100
[13:28:48.182] [SEVERE ] setting player 2 freeze to 100
[13:28:48.291] [INFO   ] before place card 
[13:28:48.291] [SEVERE ] setting player 1 freeze to 100
[13:28:48.401] [SEVERE ] setting player 2 freeze to 100
[13:28:48.510] [INFO   ] place card step 0 
[13:28:48.510] [INFO   ] place card step 1 
[13:28:48.510] [INFO   ] place card step 2 
[13:28:48.510] [INFO   ] place card step 3 
[13:28:48.510] [INFO   ] place card step 4 
[13:28:49.510] [SEVERE ] updating countdown to 50691
[13:28:49.511] [SEVERE ] setting player 1 freeze to 100
[13:28:49.620] [SEVERE ] setting player 2 freeze to 100
[13:28:49.730] [INFO   ] before place card 
[13:28:49.730] [SEVERE ] setting player 1 freeze to 100
[13:28:49.839] [SEVERE ] setting player 2 freeze to 100
[13:28:49.948] [INFO   ] place card step 0 
[13:28:49.948] [INFO   ] place card step 1 
[13:28:49.948] [INFO   ] place card step 2 
[13:28:49.948] [INFO   ] place card step 3 
[13:28:49.948] [INFO   ] place card step 4 
[13:28:50.950] [SEVERE ] updating countdown to 49251
[13:28:50.950] [SEVERE ] setting player 1 freeze to 100
[13:28:51.059] [SEVERE ] setting player 2 freeze to 100
[13:28:51.169] [INFO   ] before place card 
[13:28:51.169] [SEVERE ] setting player 1 freeze to 100
[13:28:51.279] [SEVERE ] setting player 2 freeze to 100
[13:28:51.388] [INFO   ] place card step 0 
[13:28:51.388] [INFO   ] place card step 1 
[13:28:51.388] [INFO   ] place card step 2 
[13:28:51.388] [INFO   ] place card step 3 
[13:28:51.388] [INFO   ] place card step 4 
[13:28:52.389] [SEVERE ] updating countdown to 47812
[13:28:52.389] [SEVERE ] setting player 1 freeze to 100
[13:28:52.498] [SEVERE ] setting player 2 freeze to 100
[13:28:52.607] [INFO   ] before place card 
[13:28:52.607] [SEVERE ] setting player 1 freeze to 100
[13:28:52.717] [SEVERE ] setting player 2 freeze to 100
[13:28:52.826] [INFO   ] place card step 0 
[13:28:52.826] [INFO   ] place card step 1 
[13:28:52.826] [INFO   ] place card step 2 
[13:28:52.826] [INFO   ] place card step 3 
[13:28:52.826] [INFO   ] place card step 4 
[13:28:53.841] [SEVERE ] updating countdown to 46360
[13:28:53.842] [SEVERE ] setting player 1 freeze to 100
[13:28:53.952] [SEVERE ] setting player 2 freeze to 100
[13:28:54.061] [INFO   ] before place card 
[13:28:54.061] [SEVERE ] setting player 1 freeze to 100
[13:28:54.171] [SEVERE ] setting player 2 freeze to 100
[13:28:54.280] [INFO   ] place card step 0 
[13:28:54.280] [INFO   ] place card step 1 
[13:28:54.280] [INFO   ] place card step 2 
[13:28:54.280] [INFO   ] place card step 3 
[13:28:54.280] [INFO   ] place card step 4 
[13:28:55.281] [SEVERE ] updating countdown to 44920
[13:28:55.281] [SEVERE ] setting player 1 freeze to 100
[13:28:55.390] [SEVERE ] setting player 2 freeze to 100
[13:28:55.500] [INFO   ] before place card 
[13:28:55.500] [SEVERE ] setting player 1 freeze to 100
[13:28:55.609] [SEVERE ] setting player 2 freeze to 100
[13:28:55.718] [INFO   ] place card step 0 
[13:28:55.718] [INFO   ] place card step 1 
[13:28:55.718] [INFO   ] place card step 2 
[13:28:55.718] [INFO   ] place card step 3 
[13:28:55.718] [INFO   ] place card step 4 
[13:28:56.719] [SEVERE ] updating countdown to 43482
[13:28:56.719] [SEVERE ] setting player 1 freeze to 100
[13:28:56.828] [SEVERE ] setting player 2 freeze to 100
[13:28:56.938] [INFO   ] before place card 
[13:28:56.938] [SEVERE ] setting player 1 freeze to 100
[13:28:57.048] [SEVERE ] setting player 2 freeze to 100
[13:28:57.157] [INFO   ] place card step 0 
[13:28:57.157] [INFO   ] place card step 1 
[13:28:57.157] [INFO   ] place card step 2 
[13:28:57.157] [INFO   ] place card step 3 
[13:28:57.157] [INFO   ] place card step 4 
[13:28:58.157] [SEVERE ] updating countdown to 42044
[13:28:58.158] [SEVERE ] setting player 1 freeze to 100
[13:28:58.267] [SEVERE ] setting player 2 freeze to 100
[13:28:58.377] [INFO   ] before place card 
[13:28:58.377] [SEVERE ] setting player 1 freeze to 100
[13:28:58.487] [SEVERE ] setting player 2 freeze to 100
[13:28:58.596] [INFO   ] place card step 0 
[13:28:58.596] [INFO   ] place card step 1 
[13:28:58.596] [INFO   ] place card step 2 
[13:28:58.596] [INFO   ] place card step 3 
[13:28:58.596] [INFO   ] place card step 4 
[13:28:59.597] [SEVERE ] updating countdown to 40604
[13:28:59.597] [SEVERE ] setting player 1 freeze to 100
[13:28:59.707] [SEVERE ] setting player 2 freeze to 100
[13:28:59.816] [INFO   ] before place card 
[13:28:59.816] [SEVERE ] setting player 1 freeze to 100
[13:28:59.926] [SEVERE ] setting player 2 freeze to 100
[13:29:00.036] [INFO   ] place card step 0 
[13:29:00.036] [INFO   ] place card step 1 
[13:29:00.036] [INFO   ] place card step 2 
[13:29:00.036] [INFO   ] place card step 3 
[13:29:00.036] [INFO   ] place card step 4 
[13:29:01.038] [SEVERE ] updating countdown to 39163
[13:29:01.038] [SEVERE ] setting player 1 freeze to 100
[13:29:01.147] [SEVERE ] setting player 2 freeze to 100
[13:29:01.256] [INFO   ] before place card 
[13:29:01.256] [SEVERE ] setting player 1 freeze to 100
[13:29:01.366] [SEVERE ] setting player 2 freeze to 100
[13:29:01.475] [INFO   ] place card step 0 
[13:29:01.475] [INFO   ] place card step 1 
[13:29:01.475] [INFO   ] place card step 2 
[13:29:01.475] [INFO   ] place card step 3 
[13:29:01.475] [INFO   ] place card step 4 
[13:29:02.477] [SEVERE ] updating countdown to 37724
[13:29:02.477] [SEVERE ] setting player 1 freeze to 100
[13:29:02.588] [SEVERE ] setting player 2 freeze to 100
[13:29:02.698] [INFO   ] before place card 
[13:29:02.698] [SEVERE ] setting player 1 freeze to 100
[13:29:02.807] [SEVERE ] setting player 2 freeze to 100
[13:29:02.917] [INFO   ] place card step 0 
[13:29:02.917] [INFO   ] place card step 1 
[13:29:02.917] [INFO   ] place card step 2 
[13:29:02.917] [INFO   ] place card step 3 
[13:29:02.917] [INFO   ] place card step 4 
[13:29:03.917] [SEVERE ] updating countdown to 36284
[13:29:03.917] [SEVERE ] setting player 1 freeze to 100
[13:29:04.026] [SEVERE ] setting player 2 freeze to 100
[13:29:04.136] [INFO   ] before place card 
[13:29:04.136] [SEVERE ] setting player 1 freeze to 100
[13:29:04.245] [SEVERE ] setting player 2 freeze to 100
[13:29:04.355] [INFO   ] place card step 0 
[13:29:04.355] [INFO   ] place card step 1 
[13:29:04.355] [INFO   ] place card step 2 
[13:29:04.355] [INFO   ] place card step 3 
[13:29:04.355] [INFO   ] place card step 4 
[13:29:05.355] [SEVERE ] updating countdown to 34846
[13:29:05.355] [SEVERE ] setting player 1 freeze to 100
[13:29:05.465] [SEVERE ] setting player 2 freeze to 100
[13:29:05.575] [INFO   ] before place card 
[13:29:05.575] [SEVERE ] setting player 1 freeze to 100
[13:29:05.684] [SEVERE ] setting player 2 freeze to 100
[13:29:05.794] [INFO   ] place card step 0 
[13:29:05.794] [INFO   ] place card step 1 
[13:29:05.794] [INFO   ] place card step 2 
[13:29:05.794] [INFO   ] place card step 3 
[13:29:05.794] [INFO   ] place card step 4 
[13:29:06.796] [SEVERE ] updating countdown to 33405
[13:29:06.796] [SEVERE ] setting player 1 freeze to 100
[13:29:06.906] [SEVERE ] setting player 2 freeze to 100
[13:29:07.014] [INFO   ] before place card 
[13:29:07.014] [SEVERE ] setting player 1 freeze to 100
[13:29:07.124] [SEVERE ] setting player 2 freeze to 100
[13:29:07.235] [INFO   ] place card step 0 
[13:29:07.235] [INFO   ] place card step 1 
[13:29:07.235] [INFO   ] place card step 2 
[13:29:07.235] [INFO   ] place card step 3 
[13:29:07.235] [INFO   ] place card step 4 
[13:29:08.236] [SEVERE ] updating countdown to 31965
[13:29:08.236] [SEVERE ] setting player 1 freeze to 100
[13:29:08.346] [SEVERE ] setting player 2 freeze to 100
[13:29:08.455] [INFO   ] before place card 
[13:29:08.455] [SEVERE ] setting player 1 freeze to 100
[13:29:08.564] [SEVERE ] setting player 2 freeze to 100
[13:29:08.674] [INFO   ] place card step 0 
[13:29:08.674] [INFO   ] place card step 1 
[13:29:08.674] [INFO   ] place card step 2 
[13:29:08.674] [INFO   ] place card step 3 
[13:29:08.674] [INFO   ] place card step 4 
[13:29:09.676] [SEVERE ] updating countdown to 30525
[13:29:09.676] [SEVERE ] setting player 1 freeze to 100
[13:29:09.786] [SEVERE ] setting player 2 freeze to 100
[13:29:09.895] [INFO   ] before place card 
[13:29:09.895] [SEVERE ] setting player 1 freeze to 100
[13:29:10.004] [SEVERE ] setting player 2 freeze to 100
[13:29:10.114] [INFO   ] place card step 0 
[13:29:10.114] [INFO   ] place card step 1 
[13:29:10.114] [INFO   ] place card step 2 
[13:29:10.114] [INFO   ] place card step 3 
[13:29:10.114] [INFO   ] place card step 4 
[13:29:11.114] [SEVERE ] updating countdown to 29087
[13:29:11.114] [SEVERE ] setting player 1 freeze to 100
[13:29:11.224] [SEVERE ] setting player 2 freeze to 100
[13:29:11.334] [INFO   ] before place card 
[13:29:11.334] [SEVERE ] setting player 1 freeze to 100
[13:29:11.443] [SEVERE ] setting player 2 freeze to 100
[13:29:11.552] [INFO   ] place card step 0 
[13:29:11.552] [INFO   ] place card step 1 
[13:29:11.552] [INFO   ] place card step 2 
[13:29:11.552] [INFO   ] place card step 3 
[13:29:11.552] [INFO   ] place card step 4 
[13:29:12.553] [SEVERE ] updating countdown to 27648
[13:29:12.553] [SEVERE ] setting player 1 freeze to 100
[13:29:12.663] [SEVERE ] setting player 2 freeze to 100
[13:29:12.773] [INFO   ] before place card 
[13:29:12.773] [SEVERE ] setting player 1 freeze to 100
[13:29:12.883] [SEVERE ] setting player 2 freeze to 100
[13:29:12.993] [INFO   ] place card step 0 
[13:29:12.993] [INFO   ] place card step 1 
[13:29:12.993] [INFO   ] place card step 2 
[13:29:12.993] [INFO   ] place card step 3 
[13:29:12.993] [INFO   ] place card step 4 
[13:29:14.008] [SEVERE ] updating countdown to 26193
[13:29:14.008] [SEVERE ] setting player 1 freeze to 100
[13:29:14.118] [SEVERE ] setting player 2 freeze to 100
[13:29:14.227] [INFO   ] before place card 
[13:29:14.227] [SEVERE ] setting player 1 freeze to 100
[13:29:14.336] [SEVERE ] setting player 2 freeze to 100
[13:29:14.446] [INFO   ] place card step 0 
[13:29:14.446] [INFO   ] place card step 1 
[13:29:14.446] [INFO   ] place card step 2 
[13:29:14.446] [INFO   ] place card step 3 
[13:29:14.446] [INFO   ] place card step 4 
[13:29:15.449] [SEVERE ] updating countdown to 24752
[13:29:15.449] [SEVERE ] setting player 1 freeze to 100
[13:29:15.559] [SEVERE ] setting player 2 freeze to 100
[13:29:15.668] [INFO   ] before place card 
[13:29:15.668] [SEVERE ] setting player 1 freeze to 100
[13:29:15.779] [SEVERE ] setting player 2 freeze to 100
[13:29:15.888] [INFO   ] place card step 0 
[13:29:15.888] [INFO   ] place card step 1 
[13:29:15.888] [INFO   ] place card step 2 
[13:29:15.888] [INFO   ] place card step 3 
[13:29:15.888] [INFO   ] place card step 4 
[13:29:16.890] [SEVERE ] updating countdown to 23311
[13:29:16.890] [SEVERE ] setting player 1 freeze to 100
[13:29:16.999] [SEVERE ] setting player 2 freeze to 100
[13:29:17.108] [INFO   ] before place card 
[13:29:17.108] [SEVERE ] setting player 1 freeze to 100
[13:29:17.218] [SEVERE ] setting player 2 freeze to 100
[13:29:17.328] [INFO   ] place card step 0 
[13:29:17.328] [INFO   ] place card step 1 
[13:29:17.328] [INFO   ] place card step 2 
[13:29:17.328] [INFO   ] place card step 3 
[13:29:17.328] [INFO   ] place card step 4 
[13:29:18.328] [SEVERE ] updating countdown to 21873
[13:29:18.328] [SEVERE ] setting player 1 freeze to 100
[13:29:18.438] [SEVERE ] setting player 2 freeze to 100
[13:29:18.547] [INFO   ] before place card 
[13:29:18.547] [SEVERE ] setting player 1 freeze to 100
[13:29:18.656] [SEVERE ] setting player 2 freeze to 100
[13:29:18.766] [INFO   ] place card step 0 
[13:29:18.766] [INFO   ] place card step 1 
[13:29:18.766] [INFO   ] place card step 2 
[13:29:18.766] [INFO   ] place card step 3 
[13:29:18.766] [INFO   ] place card step 4 
[13:29:19.766] [SEVERE ] updating countdown to 20435
[13:29:19.766] [SEVERE ] setting player 1 freeze to 100
[13:29:19.875] [SEVERE ] setting player 2 freeze to 100
[13:29:19.985] [INFO   ] before place card 
[13:29:19.985] [SEVERE ] setting player 1 freeze to 100
[13:29:20.094] [SEVERE ] setting player 2 freeze to 100
[13:29:20.205] [INFO   ] place card step 0 
[13:29:20.205] [INFO   ] place card step 1 
[13:29:20.205] [INFO   ] place card step 2 
[13:29:20.205] [INFO   ] place card step 3 
[13:29:20.205] [INFO   ] place card step 4 
[13:29:21.208] [SEVERE ] updating countdown to 18993
[13:29:21.208] [SEVERE ] setting player 1 freeze to 100
[13:29:21.317] [SEVERE ] setting player 2 freeze to 100
[13:29:21.427] [INFO   ] before place card 
[13:29:21.427] [SEVERE ] setting player 1 freeze to 100
[13:29:21.536] [SEVERE ] setting player 2 freeze to 100
[13:29:21.646] [INFO   ] place card step 0 
[13:29:21.646] [INFO   ] place card step 1 
[13:29:21.646] [INFO   ] place card step 2 
[13:29:21.646] [INFO   ] place card step 3 
[13:29:21.646] [INFO   ] place card step 4 
[13:29:22.646] [SEVERE ] updating countdown to 17555
[13:29:22.646] [SEVERE ] setting player 1 freeze to 100
[13:29:22.755] [SEVERE ] setting player 2 freeze to 100
[13:29:22.865] [INFO   ] before place card 
[13:29:22.865] [SEVERE ] setting player 1 freeze to 100
[13:29:22.974] [SEVERE ] setting player 2 freeze to 100
[13:29:23.084] [INFO   ] place card step 0 
[13:29:23.084] [INFO   ] place card step 1 
[13:29:23.084] [INFO   ] place card step 2 
[13:29:23.084] [INFO   ] place card step 3 
[13:29:23.084] [INFO   ] place card step 4 
[13:29:24.084] [SEVERE ] updating countdown to 16117
[13:29:24.084] [SEVERE ] setting player 1 freeze to 100
[13:29:24.194] [SEVERE ] setting player 2 freeze to 100
[13:29:24.303] [INFO   ] before place card 
[13:29:24.303] [SEVERE ] setting player 1 freeze to 100
[13:29:24.413] [SEVERE ] setting player 2 freeze to 100
[13:29:24.522] [INFO   ] place card step 0 
[13:29:24.522] [INFO   ] place card step 1 
[13:29:24.522] [INFO   ] place card step 2 
[13:29:24.522] [INFO   ] place card step 3 
[13:29:24.522] [INFO   ] place card step 4 
[13:29:25.526] [SEVERE ] updating countdown to 14675
[13:29:25.526] [SEVERE ] setting player 1 freeze to 100
[13:29:25.635] [SEVERE ] setting player 2 freeze to 100
[13:29:25.745] [INFO   ] before place card 
[13:29:25.745] [SEVERE ] setting player 1 freeze to 100
[13:29:25.854] [SEVERE ] setting player 2 freeze to 100
[13:29:25.964] [INFO   ] place card step 0 
[13:29:25.964] [INFO   ] place card step 1 
[13:29:25.964] [INFO   ] place card step 2 
[13:29:25.964] [INFO   ] place card step 3 
[13:29:25.965] [INFO   ] place card step 4 
[13:29:26.966] [SEVERE ] updating countdown to 13235
[13:29:26.966] [SEVERE ] setting player 1 freeze to 100
[13:29:27.076] [SEVERE ] setting player 2 freeze to 100
[13:29:27.185] [INFO   ] before place card 
[13:29:27.185] [SEVERE ] setting player 1 freeze to 100
[13:29:27.295] [SEVERE ] setting player 2 freeze to 100
[13:29:27.404] [INFO   ] place card step 0 
[13:29:27.404] [INFO   ] place card step 1 
[13:29:27.404] [INFO   ] place card step 2 
[13:29:27.404] [INFO   ] place card step 3 
[13:29:27.404] [INFO   ] place card step 4 
[13:29:28.408] [SEVERE ] updating countdown to 11793
[13:29:28.408] [SEVERE ] setting player 1 freeze to 100
[13:29:28.518] [SEVERE ] setting player 2 freeze to 100
[13:29:28.627] [INFO   ] before place card 
[13:29:28.627] [SEVERE ] setting player 1 freeze to 100
[13:29:28.736] [SEVERE ] setting player 2 freeze to 100
[13:29:28.846] [INFO   ] place card step 0 
[13:29:28.846] [INFO   ] place card step 1 
[13:29:28.846] [INFO   ] place card step 2 
[13:29:28.846] [INFO   ] place card step 3 
[13:29:28.846] [INFO   ] place card step 4 
[13:29:29.849] [SEVERE ] updating countdown to 10352
[13:29:29.849] [SEVERE ] setting player 1 freeze to 100
[13:29:29.959] [SEVERE ] setting player 2 freeze to 100
[13:29:30.069] [INFO   ] before place card 
[13:29:30.069] [SEVERE ] setting player 1 freeze to 100
[13:29:30.179] [SEVERE ] setting player 2 freeze to 100
[13:29:30.289] [INFO   ] place card step 0 
[13:29:30.289] [INFO   ] place card step 1 
[13:29:30.289] [INFO   ] place card step 2 
[13:29:30.289] [INFO   ] place card step 3 
[13:29:30.289] [INFO   ] place card step 4 
[13:29:31.304] [SEVERE ] updating countdown to 8897
[13:29:31.304] [SEVERE ] setting player 1 freeze to 100
[13:29:31.413] [SEVERE ] setting player 2 freeze to 100
[13:29:31.523] [INFO   ] before place card 
[13:29:31.523] [SEVERE ] setting player 1 freeze to 100
[13:29:31.633] [SEVERE ] setting player 2 freeze to 100
[13:29:31.742] [INFO   ] place card step 0 
[13:29:31.742] [INFO   ] place card step 1 
[13:29:31.742] [INFO   ] place card step 2 
[13:29:31.742] [INFO   ] place card step 3 
[13:29:31.742] [INFO   ] place card step 4 
[13:29:32.742] [SEVERE ] updating countdown to 7459
[13:29:32.742] [SEVERE ] setting player 1 freeze to 100
[13:29:32.852] [SEVERE ] setting player 2 freeze to 100
[13:29:32.961] [INFO   ] before place card 
[13:29:32.961] [SEVERE ] setting player 1 freeze to 100
[13:29:33.071] [SEVERE ] setting player 2 freeze to 100
[13:29:33.180] [INFO   ] place card step 0 
[13:29:33.180] [INFO   ] place card step 1 
[13:29:33.180] [INFO   ] place card step 2 
[13:29:33.180] [INFO   ] place card step 3 
[13:29:33.180] [INFO   ] place card step 4 
[13:29:34.195] [SEVERE ] updating countdown to 6006
[13:29:34.195] [SEVERE ] setting player 1 freeze to 100
[13:29:34.305] [SEVERE ] setting player 2 freeze to 100
[13:29:34.414] [INFO   ] before place card 
[13:29:34.414] [SEVERE ] setting player 1 freeze to 100
[13:29:34.523] [SEVERE ] setting player 2 freeze to 100
[13:29:34.633] [INFO   ] place card step 0 
[13:29:34.633] [INFO   ] place card step 1 
[13:29:34.633] [INFO   ] place card step 2 
[13:29:34.633] [INFO   ] place card step 3 
[13:29:34.633] [INFO   ] place card step 4 
[13:29:35.650] [SEVERE ] setting player 1 freeze to 100
[13:29:35.758] [SEVERE ] setting player 2 freeze to 100
[13:29:35.868] [INFO   ] before place card 
[13:29:35.868] [SEVERE ] setting player 1 freeze to 100
[13:29:35.977] [SEVERE ] setting player 2 freeze to 100
[13:29:36.087] [INFO   ] place card step 0 
[13:29:36.087] [INFO   ] place card step 1 
[13:29:36.087] [INFO   ] place card step 2 
[13:29:36.087] [INFO   ] place card step 3 
[13:29:36.087] [INFO   ] place card step 4 
[13:29:36.103] [SEVERE ] setting player 1 freeze to 100
[13:29:36.212] [SEVERE ] setting player 2 freeze to 100
[13:29:36.323] [INFO   ] before place card 
[13:29:36.323] [SEVERE ] setting player 1 freeze to 100
[13:29:36.432] [SEVERE ] setting player 2 freeze to 100
[13:29:36.541] [INFO   ] place card step 0 
[13:29:36.541] [INFO   ] place card step 1 
[13:29:36.541] [INFO   ] place card step 2 
[13:29:36.541] [INFO   ] place card step 3 
[13:29:36.541] [INFO   ] place card step 4 
[13:29:36.557] [SEVERE ] setting player 1 freeze to 100
[13:29:36.666] [SEVERE ] setting player 2 freeze to 100
[13:29:36.776] [INFO   ] before place card 
[13:29:36.776] [SEVERE ] setting player 1 freeze to 100
[13:29:36.885] [SEVERE ] setting player 2 freeze to 100
[13:29:36.995] [INFO   ] place card step 0 
[13:29:36.995] [INFO   ] place card step 1 
[13:29:36.995] [INFO   ] place card step 2 
[13:29:36.995] [INFO   ] place card step 3 
[13:29:36.995] [INFO   ] place card step 4 
[13:29:37.010] [SEVERE ] setting player 1 freeze to 100
[13:29:37.120] [SEVERE ] setting player 2 freeze to 100
[13:29:37.229] [INFO   ] before place card 
[13:29:37.229] [SEVERE ] setting player 1 freeze to 100
[13:29:37.339] [SEVERE ] setting player 2 freeze to 100
[13:29:37.448] [INFO   ] place card step 0 
[13:29:37.448] [INFO   ] place card step 1 
[13:29:37.448] [INFO   ] place card step 2 
[13:29:37.448] [INFO   ] place card step 3 
[13:29:37.448] [INFO   ] place card step 4 
[13:29:37.463] [SEVERE ] setting player 1 freeze to 100
[13:29:37.573] [SEVERE ] setting player 2 freeze to 100
[13:29:37.682] [INFO   ] before place card 
[13:29:37.682] [SEVERE ] setting player 1 freeze to 100
[13:29:37.791] [SEVERE ] setting player 2 freeze to 100
[13:29:37.900] [INFO   ] place card step 0 
[13:29:37.900] [INFO   ] place card step 1 
[13:29:37.900] [INFO   ] place card step 2 
[13:29:37.900] [INFO   ] place card step 3 
[13:29:37.900] [INFO   ] place card step 4 
[13:29:37.916] [SEVERE ] setting player 1 freeze to 100
[13:29:38.025] [SEVERE ] setting player 2 freeze to 100
[13:29:38.135] [INFO   ] before place card 
[13:29:38.135] [SEVERE ] setting player 1 freeze to 100
[13:29:38.244] [SEVERE ] setting player 2 freeze to 100
[13:29:38.354] [INFO   ] place card step 0 
[13:29:38.354] [INFO   ] place card step 1 
[13:29:38.354] [INFO   ] place card step 2 
[13:29:38.354] [INFO   ] place card step 3 
[13:29:38.354] [INFO   ] place card step 4 
[13:29:38.370] [SEVERE ] setting player 1 freeze to 100
[13:29:38.479] [SEVERE ] setting player 2 freeze to 100
[13:29:38.589] [INFO   ] before place card 
[13:29:38.589] [SEVERE ] setting player 1 freeze to 100
[13:29:38.698] [SEVERE ] setting player 2 freeze to 100
[13:29:38.808] [INFO   ] place card step 0 
[13:29:38.808] [INFO   ] place card step 1 
[13:29:38.808] [INFO   ] place card step 2 
[13:29:38.809] [INFO   ] place card step 3 
[13:29:38.809] [INFO   ] place card step 4 
[13:29:38.824] [SEVERE ] setting player 1 freeze to 100
[13:29:38.933] [SEVERE ] setting player 2 freeze to 100
[13:29:39.043] [INFO   ] before place card 
[13:29:39.043] [SEVERE ] setting player 1 freeze to 100
[13:29:39.153] [SEVERE ] setting player 2 freeze to 100
[13:29:39.262] [INFO   ] place card step 0 
[13:29:39.262] [INFO   ] place card step 1 
[13:29:39.262] [INFO   ] place card step 2 
[13:29:39.262] [INFO   ] place card step 3 
[13:29:39.262] [INFO   ] place card step 4 
[13:29:39.278] [SEVERE ] setting player 1 freeze to 100
[13:29:39.387] [SEVERE ] setting player 2 freeze to 100
[13:29:39.496] [INFO   ] before place card 
[13:29:39.496] [SEVERE ] setting player 1 freeze to 100
[13:29:39.606] [SEVERE ] setting player 2 freeze to 100
[13:29:39.715] [INFO   ] place card step 0 
[13:29:39.715] [INFO   ] place card step 1 
[13:29:39.715] [INFO   ] place card step 2 
[13:29:39.715] [INFO   ] place card step 3 
[13:29:39.715] [INFO   ] place card step 4 
[13:29:39.731] [SEVERE ] setting player 1 freeze to 100
[13:29:39.841] [SEVERE ] setting player 2 freeze to 100
[13:29:39.949] [INFO   ] before place card 
[13:29:39.949] [SEVERE ] setting player 1 freeze to 100
[13:29:40.058] [SEVERE ] setting player 2 freeze to 100
[13:29:40.168] [INFO   ] place card step 0 
[13:29:40.168] [INFO   ] place card step 1 
[13:29:40.168] [INFO   ] place card step 2 
[13:29:40.168] [INFO   ] place card step 3 
[13:29:40.168] [INFO   ] place card step 4 
[13:29:40.183] [SEVERE ] setting player 1 freeze to 100
[13:29:40.293] [SEVERE ] setting player 2 freeze to 100
[13:29:40.397] [INFO   ] before place card 
[13:29:40.397] [SEVERE ] setting player 1 freeze to 100
[13:29:40.511] [SEVERE ] setting player 2 freeze to 100
[13:29:40.622] [INFO   ] place card step 0 
[13:29:40.622] [INFO   ] place card step 1 
[13:29:40.622] [INFO   ] place card step 2 
[13:29:40.622] [INFO   ] place card step 3 
[13:29:40.622] [INFO   ] place card step 4 
[13:29:40.622] [SEVERE ] updating countdown to 60000
[13:29:41.710] [SEVERE ] removing card from slot 0
[13:29:41.825] [SEVERE ] removing card from slot 1
[13:29:41.928] [SEVERE ] removing card from slot 2
[13:29:42.043] [SEVERE ] removing card from slot 3
[13:29:42.152] [SEVERE ] removing card from slot 4
[13:29:42.262] [SEVERE ] removing card from slot 5
[13:29:42.371] [SEVERE ] removing card from slot 6
[13:29:42.481] [SEVERE ] removing card from slot 7
[13:29:42.590] [SEVERE ] removing card from slot 8
[13:29:42.700] [SEVERE ] removing card from slot 9
[13:29:42.810] [SEVERE ] removing card from slot 10
[13:29:42.920] [SEVERE ] removing card from slot 11
[13:29:42.920] [SEVERE ] setting player 1 freeze to 100
[13:29:43.030] [SEVERE ] setting player 2 freeze to 100
[13:29:43.140] [INFO   ] place card step 0 
[13:29:43.140] [INFO   ] place card step 1 
[13:29:43.250] [SEVERE ] placing card 12 in slot 0
[13:29:43.360] [SEVERE ] placing card 34 in slot 1
[13:29:43.470] [SEVERE ] placing card 33 in slot 2
[13:29:43.580] [SEVERE ] placing card 49 in slot 3
[13:29:43.690] [SEVERE ] placing card 1 in slot 4
[13:29:43.800] [SEVERE ] placing card 32 in slot 5
[13:29:43.910] [SEVERE ] placing card 4 in slot 6
[13:29:44.020] [SEVERE ] placing card 48 in slot 7
[13:29:44.130] [SEVERE ] placing card 24 in slot 8
[13:29:44.240] [SEVERE ] placing card 8 in slot 9
[13:29:44.350] [SEVERE ] placing card 73 in slot 10
[13:29:44.459] [SEVERE ] placing card 39 in slot 11
[13:29:44.459] [INFO   ] place card step 2 
[13:29:44.459] [INFO   ] place card step 3 
[13:29:44.459] [INFO   ] place card step 4 
[13:29:45.464] [SEVERE ] updating countdown to 55158
[13:29:45.464] [SEVERE ] setting player 1 freeze to 100
[13:29:45.574] [SEVERE ] setting player 2 freeze to 100
[13:29:45.683] [INFO   ] before place card 
[13:29:45.683] [SEVERE ] setting player 1 freeze to 100
[13:29:45.793] [SEVERE ] setting player 2 freeze to 100
[13:29:45.902] [INFO   ] place card step 0 
[13:29:45.902] [INFO   ] place card step 1 
[13:29:45.902] [INFO   ] place card step 2 
[13:29:45.902] [INFO   ] place card step 3 
[13:29:45.902] [INFO   ] place card step 4 
[13:29:46.912] [SEVERE ] updating countdown to 53710
[13:29:46.912] [SEVERE ] setting player 1 freeze to 100
[13:29:47.017] [SEVERE ] setting player 2 freeze to 100
[13:29:47.127] [INFO   ] before place card 
[13:29:47.127] [SEVERE ] setting player 1 freeze to 100
[13:29:47.237] [SEVERE ] setting player 2 freeze to 100
[13:29:47.344] [INFO   ] place card step 0 
[13:29:47.344] [INFO   ] place card step 1 
[13:29:47.344] [INFO   ] place card step 2 
[13:29:47.344] [INFO   ] place card step 3 
[13:29:47.344] [INFO   ] place card step 4 
[13:29:48.349] [SEVERE ] updating countdown to 52273
[13:29:48.349] [SEVERE ] setting player 1 freeze to 100
[13:29:48.459] [SEVERE ] setting player 2 freeze to 100
[13:29:48.570] [INFO   ] before place card 
[13:29:48.570] [SEVERE ] setting player 1 freeze to 100
[13:29:48.680] [SEVERE ] setting player 2 freeze to 100
[13:29:48.790] [INFO   ] place card step 0 
[13:29:48.790] [INFO   ] place card step 1 
[13:29:48.790] [INFO   ] place card step 2 
[13:29:48.790] [INFO   ] place card step 3 
[13:29:48.790] [INFO   ] place card step 4 
[13:29:49.795] [SEVERE ] updating countdown to 50827
[13:29:49.795] [SEVERE ] setting player 1 freeze to 100
[13:29:49.906] [SEVERE ] setting player 2 freeze to 100
[13:29:50.016] [INFO   ] before place card 
[13:29:50.016] [SEVERE ] setting player 1 freeze to 100
[13:29:50.125] [SEVERE ] setting player 2 freeze to 100
[13:29:50.235] [INFO   ] place card step 0 
[13:29:50.235] [INFO   ] place card step 1 
[13:29:50.235] [INFO   ] place card step 2 
[13:29:50.235] [INFO   ] place card step 3 
[13:29:50.235] [INFO   ] place card step 4 
[13:29:51.241] [SEVERE ] updating countdown to 49381
[13:29:51.241] [SEVERE ] setting player 1 freeze to 100
[13:29:51.352] [SEVERE ] setting player 2 freeze to 100
[13:29:51.462] [INFO   ] before place card 
[13:29:51.462] [SEVERE ] setting player 1 freeze to 100
[13:29:51.573] [SEVERE ] setting player 2 freeze to 100
[13:29:51.684] [INFO   ] place card step 0 
[13:29:51.684] [INFO   ] place card step 1 
[13:29:51.685] [INFO   ] place card step 2 
[13:29:51.685] [INFO   ] place card step 3 
[13:29:51.685] [INFO   ] place card step 4 
[13:29:52.692] [SEVERE ] updating countdown to 47930
[13:29:52.692] [SEVERE ] setting player 1 freeze to 100
[13:29:52.802] [SEVERE ] setting player 2 freeze to 100
[13:29:52.912] [INFO   ] before place card 
[13:29:52.912] [SEVERE ] setting player 1 freeze to 100
[13:29:53.023] [SEVERE ] setting player 2 freeze to 100
[13:29:53.133] [INFO   ] place card step 0 
[13:29:53.133] [INFO   ] place card step 1 
[13:29:53.133] [INFO   ] place card step 2 
[13:29:53.133] [INFO   ] place card step 3 
[13:29:53.133] [INFO   ] place card step 4 
[13:29:54.138] [SEVERE ] updating countdown to 46484
[13:29:54.138] [SEVERE ] setting player 1 freeze to 100
[13:29:54.247] [SEVERE ] setting player 2 freeze to 100
[13:29:54.356] [INFO   ] before place card 
[13:29:54.356] [SEVERE ] setting player 1 freeze to 100
[13:29:54.466] [SEVERE ] setting player 2 freeze to 100
[13:29:54.576] [INFO   ] place card step 0 
[13:29:54.576] [INFO   ] place card step 1 
[13:29:54.576] [INFO   ] place card step 2 
[13:29:54.576] [INFO   ] place card step 3 
[13:29:54.576] [INFO   ] place card step 4 
[13:29:55.580] [SEVERE ] updating countdown to 45042
[13:29:55.580] [SEVERE ] setting player 1 freeze to 100
[13:29:55.689] [SEVERE ] setting player 2 freeze to 100
[13:29:55.799] [INFO   ] before place card 
[13:29:55.799] [SEVERE ] setting player 1 freeze to 100
[13:29:55.909] [SEVERE ] setting player 2 freeze to 100
[13:29:56.019] [INFO   ] place card step 0 
[13:29:56.019] [INFO   ] place card step 1 
[13:29:56.019] [INFO   ] place card step 2 
[13:29:56.019] [INFO   ] place card step 3 
[13:29:56.019] [INFO   ] place card step 4 
[13:29:57.027] [SEVERE ] updating countdown to 43595
[13:29:57.027] [SEVERE ] setting player 1 freeze to 100
[13:29:57.074] [SEVERE ] key 88 was pressed by player 1
[13:29:57.074] [SEVERE ] player 1 placing token on slot 9
[13:29:57.136] [SEVERE ] setting player 2 freeze to 100
[13:29:57.246] [INFO   ] before place card 
[13:29:57.246] [SEVERE ] setting player 1 freeze to 100
[13:29:57.355] [SEVERE ] setting player 2 freeze to 100
[13:29:57.402] [SEVERE ] key 67 was pressed by player 1
[13:29:57.402] [SEVERE ] player 1 placing token on slot 10
[13:29:57.465] [INFO   ] place card step 0 
[13:29:57.465] [INFO   ] place card step 1 
[13:29:57.465] [INFO   ] place card step 2 
[13:29:57.465] [INFO   ] place card step 3 
[13:29:57.465] [INFO   ] place card step 4 
[13:29:57.749] [SEVERE ] key 86 was pressed by player 1
[13:29:57.749] [SEVERE ] player 1 placing token on slot 11
[13:29:57.749] [SEVERE ] updating countdown to 42873
[13:29:57.749] [SEVERE ] setting player 1 freeze to 100
[13:29:57.854] [SEVERE ] setting player 2 freeze to 100
[13:29:57.963] [INFO   ] removecard there is set
[13:29:57.963] [INFO   ] point step 1
[13:29:57.963] [SEVERE ] setting player 1 score to 2
[13:29:57.963] [SEVERE ] setting player 1 freeze to 1000
[13:29:57.963] [INFO   ] point step 2
[13:29:58.979] [SEVERE ] setting player 1 freeze to 0
[13:29:58.979] [SEVERE ] removing player 1 token from slot 9
[13:29:59.088] [SEVERE ] removing card from slot 9
[13:29:59.088] [SEVERE ] removing player 1 token from slot 10
[13:29:59.198] [SEVERE ] removing card from slot 10
[13:29:59.198] [SEVERE ] removing player 1 token from slot 11
[13:29:59.308] [SEVERE ] removing card from slot 11
[13:29:59.308] [INFO   ] remove  in the table step 1
[13:29:59.308] [INFO   ] remove  in the table step 2
[13:29:59.308] [SEVERE ] updating countdown to 60000
[13:29:59.308] [INFO   ] before place card 
[13:29:59.308] [SEVERE ] setting player 1 freeze to 100
[13:29:59.417] [SEVERE ] setting player 2 freeze to 100
[13:29:59.526] [INFO   ] place card step 0 
[13:29:59.526] [INFO   ] place card step 1 
[13:29:59.638] [SEVERE ] placing card 3 in slot 9
[13:29:59.748] [SEVERE ] placing card 70 in slot 10
[13:29:59.858] [SEVERE ] placing card 13 in slot 11
[13:29:59.858] [INFO   ] place card step 2 
[13:29:59.858] [INFO   ] place card step 3 
[13:29:59.858] [INFO   ] place card step 4 
[13:30:00.858] [SEVERE ] updating countdown to 58450
[13:30:00.858] [SEVERE ] setting player 1 freeze to 100
[13:30:00.968] [SEVERE ] setting player 2 freeze to 100
[13:30:01.078] [INFO   ] before place card 
[13:30:01.078] [SEVERE ] setting player 1 freeze to 100
[13:30:01.187] [SEVERE ] setting player 2 freeze to 100
[13:30:01.297] [INFO   ] place card step 0 
[13:30:01.297] [INFO   ] place card step 1 
[13:30:01.297] [INFO   ] place card step 2 
[13:30:01.297] [INFO   ] place card step 3 
[13:30:01.297] [INFO   ] place card step 4 
[13:30:02.300] [SEVERE ] updating countdown to 57008
[13:30:02.300] [SEVERE ] setting player 1 freeze to 100
[13:30:02.409] [SEVERE ] setting player 2 freeze to 100
[13:30:02.519] [INFO   ] before place card 
[13:30:02.519] [SEVERE ] setting player 1 freeze to 100
[13:30:02.629] [SEVERE ] setting player 2 freeze to 100
[13:30:02.739] [INFO   ] place card step 0 
[13:30:02.739] [INFO   ] place card step 1 
[13:30:02.739] [INFO   ] place card step 2 
[13:30:02.739] [INFO   ] place card step 3 
[13:30:02.739] [INFO   ] place card step 4 
[13:30:03.742] [SEVERE ] updating countdown to 55566
[13:30:03.742] [SEVERE ] setting player 1 freeze to 100
[13:30:03.851] [SEVERE ] setting player 2 freeze to 100
[13:30:03.961] [INFO   ] before place card 
[13:30:03.961] [SEVERE ] setting player 1 freeze to 100
[13:30:04.070] [SEVERE ] setting player 2 freeze to 100
[13:30:04.180] [INFO   ] place card step 0 
[13:30:04.180] [INFO   ] place card step 1 
[13:30:04.180] [INFO   ] place card step 2 
[13:30:04.180] [INFO   ] place card step 3 
[13:30:04.180] [INFO   ] place card step 4 
[13:30:05.183] [SEVERE ] updating countdown to 54125
[13:30:05.183] [SEVERE ] setting player 1 freeze to 100
[13:30:05.293] [SEVERE ] setting player 2 freeze to 100
[13:30:05.402] [INFO   ] before place card 
[13:30:05.402] [SEVERE ] setting player 1 freeze to 100
[13:30:05.512] [SEVERE ] setting player 2 freeze to 100
[13:30:05.621] [INFO   ] place card step 0 
[13:30:05.621] [INFO   ] place card step 1 
[13:30:05.621] [INFO   ] place card step 2 
[13:30:05.621] [INFO   ] place card step 3 
[13:30:05.621] [INFO   ] place card step 4 
[13:30:06.624] [SEVERE ] updating countdown to 52684
[13:30:06.624] [SEVERE ] setting player 1 freeze to 100
[13:30:06.733] [SEVERE ] setting player 2 freeze to 100
[13:30:06.844] [INFO   ] before place card 
[13:30:06.844] [SEVERE ] setting player 1 freeze to 100
[13:30:06.954] [SEVERE ] setting player 2 freeze to 100
[13:30:07.066] [INFO   ] place card step 0 
[13:30:07.066] [INFO   ] place card step 1 
[13:30:07.066] [INFO   ] place card step 2 
[13:30:07.066] [INFO   ] place card step 3 
[13:30:07.066] [INFO   ] place card step 4 
[13:30:08.081] [SEVERE ] updating countdown to 51227
[13:30:08.081] [SEVERE ] setting player 1 freeze to 100
[13:30:08.191] [SEVERE ] setting player 2 freeze to 100
[13:30:08.301] [INFO   ] before place card 
[13:30:08.301] [SEVERE ] setting player 1 freeze to 100
[13:30:08.410] [SEVERE ] setting player 2 freeze to 100
[13:30:08.519] [INFO   ] place card step 0 
[13:30:08.519] [INFO   ] place card step 1 
[13:30:08.519] [INFO   ] place card step 2 
[13:30:08.519] [INFO   ] place card step 3 
[13:30:08.519] [INFO   ] place card step 4 
[13:30:09.520] [SEVERE ] updating countdown to 49788
[13:30:09.520] [SEVERE ] setting player 1 freeze to 100
[13:30:09.629] [SEVERE ] setting player 2 freeze to 100
[13:30:09.739] [INFO   ] before place card 
[13:30:09.739] [SEVERE ] setting player 1 freeze to 100
[13:30:09.848] [SEVERE ] setting player 2 freeze to 100
[13:30:09.958] [INFO   ] place card step 0 
[13:30:09.958] [INFO   ] place card step 1 
[13:30:09.958] [INFO   ] place card step 2 
[13:30:09.958] [INFO   ] place card step 3 
[13:30:09.958] [INFO   ] place card step 4 
[13:30:10.959] [SEVERE ] updating countdown to 48349
[13:30:10.959] [SEVERE ] setting player 1 freeze to 100
[13:30:11.067] [SEVERE ] setting player 2 freeze to 100
[13:30:11.176] [INFO   ] before place card 
[13:30:11.176] [SEVERE ] setting player 1 freeze to 100
[13:30:11.286] [SEVERE ] setting player 2 freeze to 100
[13:30:11.395] [INFO   ] place card step 0 
[13:30:11.395] [INFO   ] place card step 1 
[13:30:11.395] [INFO   ] place card step 2 
[13:30:11.395] [INFO   ] place card step 3 
[13:30:11.395] [INFO   ] place card step 4 
[13:30:12.400] [SEVERE ] updating countdown to 46908
[13:30:12.400] [SEVERE ] setting player 1 freeze to 100
[13:30:12.509] [SEVERE ] setting player 2 freeze to 100
[13:30:12.618] [INFO   ] before place card 
[13:30:12.618] [SEVERE ] setting player 1 freeze to 100
[13:30:12.728] [SEVERE ] setting player 2 freeze to 100
[13:30:12.838] [INFO   ] place card step 0 
[13:30:12.838] [INFO   ] place card step 1 
[13:30:12.838] [INFO   ] place card step 2 
[13:30:12.838] [INFO   ] place card step 3 
[13:30:12.838] [INFO   ] place card step 4 
[13:30:13.839] [SEVERE ] updating countdown to 45469
[13:30:13.839] [SEVERE ] setting player 1 freeze to 100
[13:30:13.950] [SEVERE ] setting player 2 freeze to 100
[13:30:14.060] [INFO   ] before place card 
[13:30:14.060] [SEVERE ] setting player 1 freeze to 100
[13:30:14.169] [SEVERE ] setting player 2 freeze to 100
[13:30:14.279] [INFO   ] place card step 0 
[13:30:14.279] [INFO   ] place card step 1 
[13:30:14.279] [INFO   ] place card step 2 
[13:30:14.279] [INFO   ] place card step 3 
[13:30:14.279] [INFO   ] place card step 4 
[13:30:15.281] [SEVERE ] updating countdown to 44027
[13:30:15.281] [SEVERE ] setting player 1 freeze to 100
[13:30:15.390] [SEVERE ] setting player 2 freeze to 100
[13:30:15.499] [INFO   ] before place card 
[13:30:15.499] [SEVERE ] setting player 1 freeze to 100
[13:30:15.609] [SEVERE ] setting player 2 freeze to 100
[13:30:15.719] [INFO   ] place card step 0 
[13:30:15.719] [INFO   ] place card step 1 
[13:30:15.719] [INFO   ] place card step 2 
[13:30:15.719] [INFO   ] place card step 3 
[13:30:15.719] [INFO   ] place card step 4 
[13:30:16.721] [SEVERE ] updating countdown to 42587
[13:30:16.721] [SEVERE ] setting player 1 freeze to 100
[13:30:16.831] [SEVERE ] setting player 2 freeze to 100
[13:30:16.940] [INFO   ] before place card 
[13:30:16.940] [SEVERE ] setting player 1 freeze to 100
[13:30:17.050] [SEVERE ] setting player 2 freeze to 100
[13:30:17.161] [INFO   ] place card step 0 
[13:30:17.161] [INFO   ] place card step 1 
[13:30:17.161] [INFO   ] place card step 2 
[13:30:17.161] [INFO   ] place card step 3 
[13:30:17.161] [INFO   ] place card step 4 
[13:30:17.369] [SEVERE ] key 46 was pressed by player 2
[13:30:17.369] [SEVERE ] player 2 placing token on slot 10
[13:30:18.168] [SEVERE ] updating countdown to 41140
[13:30:18.168] [SEVERE ] setting player 1 freeze to 100
[13:30:18.279] [SEVERE ] setting player 2 freeze to 100
[13:30:18.389] [INFO   ] before place card 
[13:30:18.389] [SEVERE ] setting player 1 freeze to 100
[13:30:18.499] [SEVERE ] setting player 2 freeze to 100
[13:30:18.609] [INFO   ] place card step 0 
[13:30:18.609] [INFO   ] place card step 1 
[13:30:18.609] [INFO   ] place card step 2 
[13:30:18.609] [INFO   ] place card step 3 
[13:30:18.609] [INFO   ] place card step 4 
[13:30:18.969] [SEVERE ] key 80 was pressed by player 2
[13:30:18.969] [SEVERE ] player 2 placing token on slot 3
[13:30:19.612] [SEVERE ] updating countdown to 39696
[13:30:19.612] [SEVERE ] setting player 1 freeze to 100
[13:30:19.722] [SEVERE ] setting player 2 freeze to 100
[13:30:19.831] [INFO   ] before place card 
[13:30:19.831] [SEVERE ] setting player 1 freeze to 100
[13:30:19.940] [SEVERE ] setting player 2 freeze to 100
[13:30:20.050] [INFO   ] place card step 0 
[13:30:20.050] [INFO   ] place card step 1 
[13:30:20.050] [INFO   ] place card step 2 
[13:30:20.050] [INFO   ] place card step 3 
[13:30:20.050] [INFO   ] place card step 4 
[13:30:21.051] [SEVERE ] updating countdown to 38257
[13:30:21.051] [SEVERE ] setting player 1 freeze to 100
[13:30:21.161] [SEVERE ] setting player 2 freeze to 100
[13:30:21.272] [INFO   ] before place card 
[13:30:21.272] [SEVERE ] setting player 1 freeze to 100
[13:30:21.300] [SEVERE ] key 74 was pressed by player 2
[13:30:21.300] [SEVERE ] player 2 placing token on slot 4
[13:30:21.383] [SEVERE ] setting player 2 freeze to 100
[13:30:21.493] [INFO   ] place card step 0 
[13:30:21.493] [INFO   ] place card step 1 
[13:30:21.493] [INFO   ] place card step 2 
[13:30:21.493] [INFO   ] place card step 3 
[13:30:21.494] [INFO   ] place card step 4 
[13:30:21.494] [SEVERE ] updating countdown to 37814
[13:30:21.494] [SEVERE ] setting player 1 freeze to 100
[13:30:21.603] [SEVERE ] setting player 2 freeze to 100
[13:30:21.712] [INFO   ] removecard there is set
[13:30:21.712] [INFO   ] point step 1
[13:30:21.712] [SEVERE ] setting player 2 score to 1
[13:30:21.712] [SEVERE ] setting player 2 freeze to 1000
[13:30:21.712] [INFO   ] point step 2
[13:30:22.716] [SEVERE ] setting player 2 freeze to 0
[13:30:22.716] [SEVERE ] removing player 2 token from slot 10
[13:30:22.826] [SEVERE ] removing card from slot 10
[13:30:22.826] [SEVERE ] removing player 2 token from slot 3
[13:30:22.935] [SEVERE ] removing card from slot 3
[13:30:22.935] [SEVERE ] removing player 2 token from slot 4
[13:30:23.045] [SEVERE ] removing card from slot 4
[13:30:23.045] [INFO   ] remove  in the table step 1
[13:30:23.045] [INFO   ] remove  in the table step 2
[13:30:23.045] [SEVERE ] updating countdown to 60000
[13:30:23.045] [INFO   ] before place card 
[13:30:23.045] [SEVERE ] setting player 1 freeze to 100
[13:30:23.154] [SEVERE ] setting player 2 freeze to 100
[13:30:23.263] [INFO   ] place card step 0 
[13:30:23.263] [INFO   ] place card step 1 
[13:30:23.373] [SEVERE ] placing card 3 in slot 3
[13:30:23.483] [SEVERE ] placing card 11 in slot 4
[13:30:23.594] [SEVERE ] placing card 62 in slot 10
[13:30:23.594] [INFO   ] place card step 2 
[13:30:23.594] [INFO   ] place card step 3 
[13:30:23.594] [INFO   ] place card step 4 
[13:30:23.594] [SEVERE ] updating countdown to 59451
[13:30:23.594] [SEVERE ] setting player 1 freeze to 100
[13:30:23.704] [SEVERE ] setting player 2 freeze to 100
[13:30:23.814] [INFO   ] removecardthere is no!!!! set
[13:30:23.814] [SEVERE ] setting player 2 freeze to 3000
[13:30:24.818] [SEVERE ] setting player 2 freeze to 2000
[13:30:25.828] [SEVERE ] setting player 2 freeze to 1000
[13:30:26.839] [SEVERE ] setting player 2 freeze to 0
[13:30:26.839] [INFO   ] remove  in the table step 1
[13:30:26.839] [INFO   ] remove  in the table step 2
[13:30:26.839] [INFO   ] before place card 
[13:30:26.839] [SEVERE ] setting player 1 freeze to 100
[13:30:26.949] [SEVERE ] setting player 2 freeze to 100
[13:30:27.059] [INFO   ] place card step 0 
[13:30:27.059] [INFO   ] place card step 1 
[13:30:27.059] [INFO   ] place card step 2 
[13:30:27.059] [INFO   ] place card step 3 
[13:30:27.059] [INFO   ] place card step 4 
[13:30:28.070] [SEVERE ] updating countdown to 54975
[13:30:28.070] [SEVERE ] setting player 1 freeze to 100
[13:30:28.181] [SEVERE ] setting player 2 freeze to 100
[13:30:28.291] [INFO   ] before place card 
[13:30:28.291] [SEVERE ] setting player 1 freeze to 100
[13:30:28.403] [SEVERE ] setting player 2 freeze to 100
[13:30:28.513] [INFO   ] place card step 0 
[13:30:28.513] [INFO   ] place card step 1 
[13:30:28.513] [INFO   ] place card step 2 
[13:30:28.513] [INFO   ] place card step 3 
[13:30:28.513] [INFO   ] place card step 4 
[13:30:29.517] [SEVERE ] updating countdown to 53528
[13:30:29.518] [SEVERE ] setting player 1 freeze to 100
[13:30:29.628] [SEVERE ] setting player 2 freeze to 100
[13:30:29.737] [INFO   ] before place card 
[13:30:29.737] [SEVERE ] setting player 1 freeze to 100
[13:30:29.847] [SEVERE ] setting player 2 freeze to 100
[13:30:29.957] [INFO   ] place card step 0 
[13:30:29.957] [INFO   ] place card step 1 
[13:30:29.957] [INFO   ] place card step 2 
[13:30:29.957] [INFO   ] place card step 3 
[13:30:29.957] [INFO   ] place card step 4 
[13:30:30.960] [SEVERE ] updating countdown to 52085
[13:30:30.960] [SEVERE ] setting player 1 freeze to 100
[13:30:31.070] [SEVERE ] setting player 2 freeze to 100
[13:30:31.179] [INFO   ] before place card 
[13:30:31.179] [SEVERE ] setting player 1 freeze to 100
[13:30:31.289] [SEVERE ] setting player 2 freeze to 100
[13:30:31.398] [INFO   ] place card step 0 
[13:30:31.398] [INFO   ] place card step 1 
[13:30:31.398] [INFO   ] place card step 2 
[13:30:31.398] [INFO   ] place card step 3 
[13:30:31.398] [INFO   ] place card step 4 
[13:30:32.403] [SEVERE ] updating countdown to 50642
[13:30:32.403] [SEVERE ] setting player 1 freeze to 100
[13:30:32.513] [SEVERE ] setting player 2 freeze to 100
[13:30:32.622] [INFO   ] before place card 
[13:30:32.622] [SEVERE ] setting player 1 freeze to 100
[13:30:32.732] [SEVERE ] setting player 2 freeze to 100
[13:30:32.841] [INFO   ] place card step 0 
[13:30:32.841] [INFO   ] place card step 1 
[13:30:32.841] [INFO   ] place card step 2 
[13:30:32.841] [INFO   ] place card step 3 
[13:30:32.841] [INFO   ] place card step 4 
[13:30:33.851] [SEVERE ] updating countdown to 49194
[13:30:33.851] [SEVERE ] setting player 1 freeze to 100
[13:30:33.960] [SEVERE ] setting player 2 freeze to 100
[13:30:34.071] [INFO   ] before place card 
[13:30:34.071] [SEVERE ] setting player 1 freeze to 100
[13:30:34.181] [SEVERE ] setting player 2 freeze to 100
[13:30:34.290] [INFO   ] place card step 0 
[13:30:34.290] [INFO   ] place card step 1 
[13:30:34.290] [INFO   ] place card step 2 
[13:30:34.290] [INFO   ] place card step 3 
[13:30:34.290] [INFO   ] place card step 4 
[13:30:35.305] [SEVERE ] updating countdown to 47740
[13:30:35.305] [SEVERE ] setting player 1 freeze to 100
[13:30:35.414] [SEVERE ] setting player 2 freeze to 100
[13:30:35.523] [INFO   ] before place card 
[13:30:35.523] [SEVERE ] setting player 1 freeze to 100
[13:30:35.633] [SEVERE ] setting player 2 freeze to 100
[13:30:35.742] [INFO   ] place card step 0 
[13:30:35.742] [INFO   ] place card step 1 
[13:30:35.742] [INFO   ] place card step 2 
[13:30:35.742] [INFO   ] place card step 3 
[13:30:35.742] [INFO   ] place card step 4 
[13:30:36.743] [SEVERE ] updating countdown to 46302
[13:30:36.743] [SEVERE ] setting player 1 freeze to 100
[13:30:36.854] [SEVERE ] setting player 2 freeze to 100
[13:30:36.969] [INFO   ] before place card 
[13:30:36.969] [SEVERE ] setting player 1 freeze to 100
[13:30:37.074] [SEVERE ] setting player 2 freeze to 100
[13:30:37.184] [INFO   ] place card step 0 
[13:30:37.184] [INFO   ] place card step 1 
[13:30:37.184] [INFO   ] place card step 2 
[13:30:37.184] [INFO   ] place card step 3 
[13:30:37.184] [INFO   ] place card step 4 
[13:30:38.199] [SEVERE ] updating countdown to 44846
[13:30:38.199] [SEVERE ] setting player 1 freeze to 100
[13:30:38.309] [SEVERE ] setting player 2 freeze to 100
[13:30:38.418] [INFO   ] before place card 
[13:30:38.418] [SEVERE ] setting player 1 freeze to 100
[13:30:38.528] [SEVERE ] setting player 2 freeze to 100
[13:30:38.637] [INFO   ] place card step 0 
[13:30:38.637] [INFO   ] place card step 1 
[13:30:38.637] [INFO   ] place card step 2 
[13:30:38.637] [INFO   ] place card step 3 
[13:30:38.637] [INFO   ] place card step 4 
[13:30:39.652] [SEVERE ] updating countdown to 43393
[13:30:39.652] [SEVERE ] setting player 1 freeze to 100
[13:30:39.761] [SEVERE ] setting player 2 freeze to 100
[13:30:39.870] [INFO   ] before place card 
[13:30:39.870] [SEVERE ] setting player 1 freeze to 100
[13:30:39.980] [SEVERE ] setting player 2 freeze to 100
[13:30:40.090] [INFO   ] place card step 0 
[13:30:40.090] [INFO   ] place card step 1 
[13:30:40.090] [INFO   ] place card step 2 
[13:30:40.090] [INFO   ] place card step 3 
[13:30:40.090] [INFO   ] place card step 4 
[13:30:41.105] [SEVERE ] updating countdown to 41940
[13:30:41.105] [SEVERE ] setting player 1 freeze to 100
[13:30:41.214] [SEVERE ] setting player 2 freeze to 100
[13:30:41.324] [INFO   ] before place card 
[13:30:41.324] [SEVERE ] setting player 1 freeze to 100
[13:30:41.433] [SEVERE ] setting player 2 freeze to 100
[13:30:41.543] [INFO   ] place card step 0 
[13:30:41.543] [INFO   ] place card step 1 
[13:30:41.543] [INFO   ] place card step 2 
[13:30:41.543] [INFO   ] place card step 3 
[13:30:41.543] [INFO   ] place card step 4 
[13:30:42.544] [SEVERE ] updating countdown to 40501
[13:30:42.544] [SEVERE ] setting player 1 freeze to 100
[13:30:42.654] [SEVERE ] setting player 2 freeze to 100
[13:30:42.763] [INFO   ] before place card 
[13:30:42.763] [SEVERE ] setting player 1 freeze to 100
[13:30:42.873] [SEVERE ] setting player 2 freeze to 100
[13:30:42.982] [INFO   ] place card step 0 
[13:30:42.982] [INFO   ] place card step 1 
[13:30:42.982] [INFO   ] place card step 2 
[13:30:42.982] [INFO   ] place card step 3 
[13:30:42.982] [INFO   ] place card step 4 
[13:30:43.986] [SEVERE ] updating countdown to 39059
[13:30:43.986] [SEVERE ] setting player 1 freeze to 100
[13:30:44.095] [SEVERE ] setting player 2 freeze to 100
[13:30:44.204] [INFO   ] before place card 
[13:30:44.204] [SEVERE ] setting player 1 freeze to 100
[13:30:44.314] [SEVERE ] setting player 2 freeze to 100
[13:30:44.423] [INFO   ] place card step 0 
[13:30:44.423] [INFO   ] place card step 1 
[13:30:44.423] [INFO   ] place card step 2 
[13:30:44.423] [INFO   ] place card step 3 
[13:30:44.423] [INFO   ] place card step 4 
[13:30:45.426] [SEVERE ] updating countdown to 37619
[13:30:45.426] [SEVERE ] setting player 1 freeze to 100
[13:30:45.535] [SEVERE ] setting player 2 freeze to 100
[13:30:45.645] [INFO   ] before place card 
[13:30:45.645] [SEVERE ] setting player 1 freeze to 100
[13:30:45.756] [SEVERE ] setting player 2 freeze to 100
[13:30:45.865] [INFO   ] place card step 0 
[13:30:45.865] [INFO   ] place card step 1 
[13:30:45.865] [INFO   ] place card step 2 
[13:30:45.865] [INFO   ] place card step 3 
[13:30:45.865] [INFO   ] place card step 4 
[13:30:46.880] [SEVERE ] updating countdown to 36165
[13:30:46.880] [SEVERE ] setting player 1 freeze to 100
[13:30:46.989] [SEVERE ] setting player 2 freeze to 100
[13:30:47.100] [INFO   ] before place card 
[13:30:47.100] [SEVERE ] setting player 1 freeze to 100
[13:30:47.210] [SEVERE ] setting player 2 freeze to 100
[13:30:47.319] [INFO   ] place card step 0 
[13:30:47.319] [INFO   ] place card step 1 
[13:30:47.319] [INFO   ] place card step 2 
[13:30:47.319] [INFO   ] place card step 3 
[13:30:47.319] [INFO   ] place card step 4 
[13:30:48.321] [SEVERE ] updating countdown to 34724
[13:30:48.321] [SEVERE ] setting player 1 freeze to 100
[13:30:48.430] [SEVERE ] setting player 2 freeze to 100
[13:30:48.540] [INFO   ] before place card 
[13:30:48.540] [SEVERE ] setting player 1 freeze to 100
[13:30:48.649] [SEVERE ] setting player 2 freeze to 100
[13:30:48.759] [INFO   ] place card step 0 
[13:30:48.759] [INFO   ] place card step 1 
[13:30:48.759] [INFO   ] place card step 2 
[13:30:48.759] [INFO   ] place card step 3 
[13:30:48.759] [INFO   ] place card step 4 
[13:30:49.761] [SEVERE ] updating countdown to 33284
[13:30:49.761] [SEVERE ] setting player 1 freeze to 100
[13:30:49.870] [SEVERE ] setting player 2 freeze to 100
[13:30:49.980] [INFO   ] before place card 
[13:30:49.980] [SEVERE ] setting player 1 freeze to 100
[13:30:50.090] [SEVERE ] setting player 2 freeze to 100
[13:30:50.200] [INFO   ] place card step 0 
[13:30:50.200] [INFO   ] place card step 1 
[13:30:50.200] [INFO   ] place card step 2 
[13:30:50.200] [INFO   ] place card step 3 
[13:30:50.200] [INFO   ] place card step 4 
[13:30:51.201] [SEVERE ] updating countdown to 31844
[13:30:51.201] [SEVERE ] setting player 1 freeze to 100
[13:30:51.311] [SEVERE ] setting player 2 freeze to 100
[13:30:51.420] [INFO   ] before place card 
[13:30:51.420] [SEVERE ] setting player 1 freeze to 100
[13:30:51.529] [SEVERE ] setting player 2 freeze to 100
[13:30:51.639] [INFO   ] place card step 0 
[13:30:51.639] [INFO   ] place card step 1 
[13:30:51.639] [INFO   ] place card step 2 
[13:30:51.639] [INFO   ] place card step 3 
[13:30:51.639] [INFO   ] place card step 4 
[13:30:52.647] [SEVERE ] updating countdown to 30398
[13:30:52.647] [SEVERE ] setting player 1 freeze to 100
[13:30:52.757] [SEVERE ] setting player 2 freeze to 100
[13:30:52.868] [INFO   ] before place card 
[13:30:52.868] [SEVERE ] setting player 1 freeze to 100
[13:30:52.978] [SEVERE ] setting player 2 freeze to 100
[13:30:53.087] [INFO   ] place card step 0 
[13:30:53.087] [INFO   ] place card step 1 
[13:30:53.087] [INFO   ] place card step 2 
[13:30:53.087] [INFO   ] place card step 3 
[13:30:53.087] [INFO   ] place card step 4 
[13:30:54.088] [SEVERE ] updating countdown to 28957
[13:30:54.088] [SEVERE ] setting player 1 freeze to 100
[13:30:54.197] [SEVERE ] setting player 2 freeze to 100
[13:30:54.306] [INFO   ] before place card 
[13:30:54.306] [SEVERE ] setting player 1 freeze to 100
[13:30:54.416] [SEVERE ] setting player 2 freeze to 100
[13:30:54.525] [INFO   ] place card step 0 
[13:30:54.525] [INFO   ] place card step 1 
[13:30:54.525] [INFO   ] place card step 2 
[13:30:54.525] [INFO   ] place card step 3 
[13:30:54.525] [INFO   ] place card step 4 
[13:30:55.541] [SEVERE ] updating countdown to 27504
[13:30:55.541] [SEVERE ] setting player 1 freeze to 100
[13:30:55.650] [SEVERE ] setting player 2 freeze to 100
[13:30:55.760] [INFO   ] before place card 
[13:30:55.760] [SEVERE ] setting player 1 freeze to 100
[13:30:55.870] [SEVERE ] setting player 2 freeze to 100
[13:30:55.979] [INFO   ] place card step 0 
[13:30:55.979] [INFO   ] place card step 1 
[13:30:55.979] [INFO   ] place card step 2 
[13:30:55.979] [INFO   ] place card step 3 
[13:30:55.979] [INFO   ] place card step 4 
[13:30:56.981] [SEVERE ] updating countdown to 26064
[13:30:56.981] [SEVERE ] setting player 1 freeze to 100
[13:30:57.091] [SEVERE ] setting player 2 freeze to 100
[13:30:57.200] [INFO   ] before place card 
[13:30:57.200] [SEVERE ] setting player 1 freeze to 100
[13:30:57.310] [SEVERE ] setting player 2 freeze to 100
[13:30:57.418] [INFO   ] place card step 0 
[13:30:57.418] [INFO   ] place card step 1 
[13:30:57.418] [INFO   ] place card step 2 
[13:30:57.418] [INFO   ] place card step 3 
[13:30:57.419] [INFO   ] place card step 4 
[13:30:58.421] [SEVERE ] updating countdown to 24624
[13:30:58.421] [SEVERE ] setting player 1 freeze to 100
[13:30:58.531] [SEVERE ] setting player 2 freeze to 100
[13:30:58.641] [INFO   ] before place card 
[13:30:58.641] [SEVERE ] setting player 1 freeze to 100
[13:30:58.751] [SEVERE ] setting player 2 freeze to 100
[13:30:58.860] [INFO   ] place card step 0 
[13:30:58.860] [INFO   ] place card step 1 
[13:30:58.860] [INFO   ] place card step 2 
[13:30:58.860] [INFO   ] place card step 3 
[13:30:58.860] [INFO   ] place card step 4 
[13:30:59.860] [SEVERE ] updating countdown to 23185
[13:30:59.860] [SEVERE ] setting player 1 freeze to 100
[13:30:59.969] [SEVERE ] setting player 2 freeze to 100
[13:31:00.079] [INFO   ] before place card 
[13:31:00.079] [SEVERE ] setting player 1 freeze to 100
[13:31:00.190] [SEVERE ] setting player 2 freeze to 100
[13:31:00.299] [INFO   ] place card step 0 
[13:31:00.299] [INFO   ] place card step 1 
[13:31:00.299] [INFO   ] place card step 2 
[13:31:00.299] [INFO   ] place card step 3 
[13:31:00.299] [INFO   ] place card step 4 
[13:31:01.302] [SEVERE ] updating countdown to 21743
[13:31:01.302] [SEVERE ] setting player 1 freeze to 100
[13:31:01.411] [SEVERE ] setting player 2 freeze to 100
[13:31:01.521] [INFO   ] before place card 
[13:31:01.521] [SEVERE ] setting player 1 freeze to 100
[13:31:01.631] [SEVERE ] setting player 2 freeze to 100
[13:31:01.740] [INFO   ] place card step 0 
[13:31:01.740] [INFO   ] place card step 1 
[13:31:01.740] [INFO   ] place card step 2 
[13:31:01.740] [INFO   ] place card step 3 
[13:31:01.740] [INFO   ] place card step 4 
[13:31:02.742] [SEVERE ] updating countdown to 20303
[13:31:02.742] [SEVERE ] setting player 1 freeze to 100
[13:31:02.852] [SEVERE ] setting player 2 freeze to 100
[13:31:02.962] [INFO   ] before place card 
[13:31:02.962] [SEVERE ] setting player 1 freeze to 100
[13:31:03.071] [SEVERE ] setting player 2 freeze to 100
[13:31:03.181] [INFO   ] place card step 0 
[13:31:03.181] [INFO   ] place card step 1 
[13:31:03.181] [INFO   ] place card step 2 
[13:31:03.181] [INFO   ] place card step 3 
[13:31:03.181] [INFO   ] place card step 4 
[13:31:04.181] [SEVERE ] updating countdown to 18864
[13:31:04.181] [SEVERE ] setting player 1 freeze to 100
[13:31:04.291] [SEVERE ] setting player 2 freeze to 100
[13:31:04.400] [INFO   ] before place card 
[13:31:04.400] [SEVERE ] setting player 1 freeze to 100
[13:31:04.510] [SEVERE ] setting player 2 freeze to 100
[13:31:04.619] [INFO   ] place card step 0 
[13:31:04.619] [INFO   ] place card step 1 
[13:31:04.619] [INFO   ] place card step 2 
[13:31:04.619] [INFO   ] place card step 3 
[13:31:04.619] [INFO   ] place card step 4 
[13:31:04.995] [SEVERE ] key 90 was pressed by player 1
[13:31:04.995] [SEVERE ] player 1 placing token on slot 8
[13:31:05.606] [SEVERE ] key 65 was pressed by player 1
[13:31:05.606] [SEVERE ] player 1 placing token on slot 4
[13:31:05.622] [SEVERE ] updating countdown to 17423
[13:31:05.622] [SEVERE ] setting player 1 freeze to 100
[13:31:05.731] [SEVERE ] setting player 2 freeze to 100
[13:31:05.841] [INFO   ] before place card 
[13:31:05.841] [SEVERE ] setting player 1 freeze to 100
[13:31:05.951] [SEVERE ] setting player 2 freeze to 100
[13:31:06.062] [INFO   ] place card step 0 
[13:31:06.062] [INFO   ] place card step 1 
[13:31:06.062] [INFO   ] place card step 2 
[13:31:06.062] [INFO   ] place card step 3 
[13:31:06.062] [INFO   ] place card step 4 
[13:31:07.067] [SEVERE ] updating countdown to 15978
[13:31:07.067] [SEVERE ] setting player 1 freeze to 100
[13:31:07.178] [SEVERE ] setting player 2 freeze to 100
[13:31:07.287] [INFO   ] before place card 
[13:31:07.287] [SEVERE ] setting player 1 freeze to 100
[13:31:07.397] [SEVERE ] setting player 2 freeze to 100
[13:31:07.506] [INFO   ] place card step 0 
[13:31:07.506] [INFO   ] place card step 1 
[13:31:07.506] [INFO   ] place card step 2 
[13:31:07.506] [INFO   ] place card step 3 
[13:31:07.506] [INFO   ] place card step 4 
[13:31:08.508] [SEVERE ] updating countdown to 14537
[13:31:08.508] [SEVERE ] setting player 1 freeze to 100
[13:31:08.619] [SEVERE ] setting player 2 freeze to 100
[13:31:08.729] [INFO   ] before place card 
[13:31:08.729] [SEVERE ] setting player 1 freeze to 100
[13:31:08.839] [SEVERE ] setting player 2 freeze to 100
[13:31:08.951] [INFO   ] place card step 0 
[13:31:08.951] [INFO   ] place card step 1 
[13:31:08.951] [INFO   ] place card step 2 
[13:31:08.951] [INFO   ] place card step 3 
[13:31:08.951] [INFO   ] place card step 4 
[13:31:09.297] [SEVERE ] key 77 was pressed by player 2
[13:31:09.297] [SEVERE ] player 2 placing token on slot 8
[13:31:09.954] [SEVERE ] updating countdown to 13091
[13:31:09.954] [SEVERE ] setting player 1 freeze to 100
[13:31:10.063] [SEVERE ] setting player 2 freeze to 100
[13:31:10.172] [INFO   ] before place card 
[13:31:10.172] [SEVERE ] setting player 1 freeze to 100
[13:31:10.282] [SEVERE ] setting player 2 freeze to 100
[13:31:10.392] [INFO   ] place card step 0 
[13:31:10.392] [INFO   ] place card step 1 
[13:31:10.392] [INFO   ] place card step 2 
[13:31:10.392] [INFO   ] place card step 3 
[13:31:10.392] [INFO   ] place card step 4 
[13:31:10.716] [SEVERE ] key 74 was pressed by player 2
[13:31:10.716] [SEVERE ] player 2 placing token on slot 4
[13:31:11.393] [SEVERE ] updating countdown to 11652
[13:31:11.393] [SEVERE ] setting player 1 freeze to 100
[13:31:11.502] [SEVERE ] setting player 2 freeze to 100
[13:31:11.612] [INFO   ] before place card 
[13:31:11.612] [SEVERE ] setting player 1 freeze to 100
[13:31:11.721] [SEVERE ] setting player 2 freeze to 100
[13:31:11.830] [INFO   ] place card step 0 
[13:31:11.830] [INFO   ] place card step 1 
[13:31:11.830] [INFO   ] place card step 2 
[13:31:11.830] [INFO   ] place card step 3 
[13:31:11.830] [INFO   ] place card step 4 
[13:31:12.835] [SEVERE ] updating countdown to 10210
[13:31:12.835] [SEVERE ] setting player 1 freeze to 100
[13:31:12.943] [SEVERE ] setting player 2 freeze to 100
[13:31:13.053] [INFO   ] before place card 
[13:31:13.053] [SEVERE ] setting player 1 freeze to 100
[13:31:13.162] [SEVERE ] setting player 2 freeze to 100
[13:31:13.272] [INFO   ] place card step 0 
[13:31:13.272] [INFO   ] place card step 1 
[13:31:13.272] [INFO   ] place card step 2 
[13:31:13.272] [INFO   ] place card step 3 
[13:31:13.272] [INFO   ] place card step 4 
[13:31:14.274] [SEVERE ] updating countdown to 8771
[13:31:14.274] [SEVERE ] setting player 1 freeze to 100
[13:31:14.384] [SEVERE ] setting player 2 freeze to 100
[13:31:14.493] [INFO   ] before place card 
[13:31:14.493] [SEVERE ] setting player 1 freeze to 100
[13:31:14.602] [SEVERE ] setting player 2 freeze to 100
[13:31:14.712] [INFO   ] place card step 0 
[13:31:14.712] [INFO   ] place card step 1 
[13:31:14.712] [INFO   ] place card step 2 
[13:31:14.712] [INFO   ] place card step 3 
[13:31:14.712] [INFO   ] place card step 4 
[13:31:15.213] [SEVERE ] key 76 was pressed by player 2
[13:31:15.215] [SEVERE ] player 2 placing token on slot 6
[13:31:15.215] [SEVERE ] updating countdown to 7830
[13:31:15.215] [SEVERE ] setting player 1 freeze to 100
[13:31:15.323] [SEVERE ] setting player 2 freeze to 100
[13:31:15.432] [INFO   ] removecard there is set
[13:31:15.432] [INFO   ] point step 1
[13:31:15.432] [SEVERE ] setting player 2 score to 2
[13:31:15.432] [SEVERE ] setting player 2 freeze to 1000
[13:31:15.432] [INFO   ] point step 2
[13:31:16.435] [SEVERE ] setting player 2 freeze to 0
[13:31:16.436] [SEVERE ] removing player 2 token from slot 8
[13:31:16.545] [SEVERE ] removing card from slot 8
[13:31:16.545] [SEVERE ] removing player 1 token from slot 8
[13:31:16.545] [SEVERE ] removing player 2 token from slot 4
[13:31:16.655] [SEVERE ] removing card from slot 4
[13:31:16.655] [SEVERE ] removing player 1 token from slot 4
[13:31:16.655] [SEVERE ] removing player 2 token from slot 6
[13:31:16.764] [SEVERE ] removing card from slot 6
[13:31:16.764] [INFO   ] remove  in the table step 1
[13:31:16.764] [INFO   ] remove  in the table step 2
[13:31:16.764] [SEVERE ] updating countdown to 60000
[13:31:16.764] [INFO   ] before place card 
[13:31:16.764] [SEVERE ] setting player 1 freeze to 100
[13:31:16.874] [SEVERE ] setting player 2 freeze to 100
[13:31:16.983] [INFO   ] place card step 0 
[13:31:16.983] [INFO   ] place card step 1 
[13:31:17.093] [SEVERE ] placing card 63 in slot 4
[13:31:17.203] [SEVERE ] placing card 1 in slot 6
[13:31:17.312] [SEVERE ] placing card 38 in slot 8
[13:31:17.312] [INFO   ] place card step 2 
[13:31:17.312] [INFO   ] place card step 3 
[13:31:17.312] [INFO   ] place card step 4 
[13:31:18.316] [SEVERE ] updating countdown to 58448
[13:31:18.316] [SEVERE ] setting player 1 freeze to 100
[13:31:18.426] [SEVERE ] setting player 2 freeze to 100
[13:31:18.536] [INFO   ] before place card 
[13:31:18.536] [SEVERE ] setting player 1 freeze to 100
[13:31:18.646] [SEVERE ] setting player 2 freeze to 100
[13:31:18.756] [INFO   ] place card step 0 
[13:31:18.756] [INFO   ] place card step 1 
[13:31:18.756] [INFO   ] place card step 2 
[13:31:18.756] [INFO   ] place card step 3 
[13:31:18.756] [INFO   ] place card step 4 
[13:31:19.771] [SEVERE ] updating countdown to 56993
[13:31:19.771] [SEVERE ] setting player 1 freeze to 100
[13:31:19.881] [SEVERE ] setting player 2 freeze to 100
[13:31:19.991] [INFO   ] before place card 
[13:31:19.991] [SEVERE ] setting player 1 freeze to 100
[13:31:20.100] [SEVERE ] setting player 2 freeze to 100
[13:31:20.209] [INFO   ] place card step 0 
[13:31:20.209] [INFO   ] place card step 1 
[13:31:20.209] [INFO   ] place card step 2 
[13:31:20.209] [INFO   ] place card step 3 
[13:31:20.209] [INFO   ] place card step 4 
[13:31:20.804] [SEVERE ] key 75 was pressed by player 2
[13:31:20.804] [SEVERE ] player 2 placing token on slot 5
[13:31:21.212] [SEVERE ] updating countdown to 55552
[13:31:21.212] [SEVERE ] setting player 1 freeze to 100
[13:31:21.321] [SEVERE ] setting player 2 freeze to 100
[13:31:21.431] [INFO   ] before place card 
[13:31:21.431] [SEVERE ] setting player 1 freeze to 100
[13:31:21.540] [SEVERE ] setting player 2 freeze to 100
[13:31:21.649] [INFO   ] place card step 0 
[13:31:21.649] [INFO   ] place card step 1 
[13:31:21.649] [INFO   ] place card step 2 
[13:31:21.649] [INFO   ] place card step 3 
[13:31:21.649] [INFO   ] place card step 4 
[13:31:21.741] [SEVERE ] key 75 was pressed by player 2
[13:31:21.741] [SEVERE ] removing player 2 token from slot 5
[13:31:22.665] [SEVERE ] updating countdown to 54099
[13:31:22.665] [SEVERE ] setting player 1 freeze to 100
[13:31:22.775] [SEVERE ] setting player 2 freeze to 100
[13:31:22.884] [INFO   ] before place card 
[13:31:22.884] [SEVERE ] setting player 1 freeze to 100
[13:31:22.994] [SEVERE ] setting player 2 freeze to 100
[13:31:23.103] [INFO   ] place card step 0 
[13:31:23.103] [INFO   ] place card step 1 
[13:31:23.103] [INFO   ] place card step 2 
[13:31:23.103] [INFO   ] place card step 3 
[13:31:23.103] [INFO   ] place card step 4 
[13:31:24.104] [SEVERE ] updating countdown to 52660
[13:31:24.104] [SEVERE ] setting player 1 freeze to 100
[13:31:24.213] [SEVERE ] setting player 2 freeze to 100
[13:31:24.323] [INFO   ] before place card 
[13:31:24.323] [SEVERE ] setting player 1 freeze to 100
[13:31:24.432] [SEVERE ] setting player 2 freeze to 100
[13:31:24.542] [INFO   ] place card step 0 
[13:31:24.542] [INFO   ] place card step 1 
[13:31:24.542] [INFO   ] place card step 2 
[13:31:24.542] [INFO   ] place card step 3 
[13:31:24.542] [INFO   ] place card step 4 
[13:31:25.543] [SEVERE ] updating countdown to 51221
[13:31:25.543] [SEVERE ] setting player 1 freeze to 100
[13:31:25.652] [SEVERE ] setting player 2 freeze to 100
[13:31:25.762] [INFO   ] before place card 
[13:31:25.762] [SEVERE ] setting player 1 freeze to 100
[13:31:25.872] [SEVERE ] setting player 2 freeze to 100
[13:31:25.981] [INFO   ] place card step 0 
[13:31:25.981] [INFO   ] place card step 1 
[13:31:25.981] [INFO   ] place card step 2 
[13:31:25.981] [INFO   ] place card step 3 
[13:31:25.981] [INFO   ] place card step 4 
[13:31:26.984] [SEVERE ] updating countdown to 49780
[13:31:26.984] [SEVERE ] setting player 1 freeze to 100
[13:31:27.093] [SEVERE ] setting player 2 freeze to 100
[13:31:27.204] [INFO   ] before place card 
[13:31:27.204] [SEVERE ] setting player 1 freeze to 100
[13:31:27.313] [SEVERE ] setting player 2 freeze to 100
[13:31:27.422] [INFO   ] place card step 0 
[13:31:27.422] [INFO   ] place card step 1 
[13:31:27.422] [INFO   ] place card step 2 
[13:31:27.422] [INFO   ] place card step 3 
[13:31:27.422] [INFO   ] place card step 4 
[13:31:28.425] [SEVERE ] updating countdown to 48339
[13:31:28.425] [SEVERE ] setting player 1 freeze to 100
[13:31:28.534] [SEVERE ] setting player 2 freeze to 100
[13:31:28.643] [INFO   ] before place card 
[13:31:28.643] [SEVERE ] setting player 1 freeze to 100
[13:31:28.753] [SEVERE ] setting player 2 freeze to 100
[13:31:28.863] [INFO   ] place card step 0 
[13:31:28.863] [INFO   ] place card step 1 
[13:31:28.863] [INFO   ] place card step 2 
[13:31:28.863] [INFO   ] place card step 3 
[13:31:28.863] [INFO   ] place card step 4 
[13:31:29.866] [SEVERE ] updating countdown to 46898
[13:31:29.866] [SEVERE ] setting player 1 freeze to 100
[13:31:29.975] [SEVERE ] setting player 2 freeze to 100
[13:31:30.085] [INFO   ] before place card 
[13:31:30.085] [SEVERE ] setting player 1 freeze to 100
[13:31:30.194] [SEVERE ] setting player 2 freeze to 100
[13:31:30.303] [INFO   ] place card step 0 
[13:31:30.303] [INFO   ] place card step 1 
[13:31:30.303] [INFO   ] place card step 2 
[13:31:30.303] [INFO   ] place card step 3 
[13:31:30.303] [INFO   ] place card step 4 
[13:31:31.306] [SEVERE ] updating countdown to 45458
[13:31:31.306] [SEVERE ] setting player 1 freeze to 100
[13:31:31.417] [SEVERE ] setting player 2 freeze to 100
[13:31:31.526] [INFO   ] before place card 
[13:31:31.526] [SEVERE ] setting player 1 freeze to 100
[13:31:31.636] [SEVERE ] setting player 2 freeze to 100
[13:31:31.745] [INFO   ] place card step 0 
[13:31:31.745] [INFO   ] place card step 1 
[13:31:31.745] [INFO   ] place card step 2 
[13:31:31.745] [INFO   ] place card step 3 
[13:31:31.745] [INFO   ] place card step 4 
[13:31:32.760] [SEVERE ] updating countdown to 44004
[13:31:32.760] [SEVERE ] setting player 1 freeze to 100
[13:31:32.867] [SEVERE ] setting player 2 freeze to 100
[13:31:32.977] [INFO   ] before place card 
[13:31:32.977] [SEVERE ] setting player 1 freeze to 100
[13:31:33.088] [SEVERE ] setting player 2 freeze to 100
[13:31:33.197] [INFO   ] place card step 0 
[13:31:33.197] [INFO   ] place card step 1 
[13:31:33.197] [INFO   ] place card step 2 
[13:31:33.197] [INFO   ] place card step 3 
[13:31:33.198] [INFO   ] place card step 4 
[13:31:34.212] [SEVERE ] updating countdown to 42552
[13:31:34.212] [SEVERE ] setting player 1 freeze to 100
[13:31:34.319] [SEVERE ] setting player 2 freeze to 100
[13:31:34.428] [INFO   ] before place card 
[13:31:34.428] [SEVERE ] setting player 1 freeze to 100
[13:31:34.540] [SEVERE ] setting player 2 freeze to 100
[13:31:34.649] [INFO   ] place card step 0 
[13:31:34.649] [INFO   ] place card step 1 
[13:31:34.649] [INFO   ] place card step 2 
[13:31:34.649] [INFO   ] place card step 3 
[13:31:34.650] [INFO   ] place card step 4 
[13:31:35.660] [SEVERE ] updating countdown to 41104
[13:31:35.660] [SEVERE ] setting player 1 freeze to 100
[13:31:35.769] [SEVERE ] setting player 2 freeze to 100
[13:31:35.878] [INFO   ] before place card 
[13:31:35.878] [SEVERE ] setting player 1 freeze to 100
[13:31:35.989] [SEVERE ] setting player 2 freeze to 100
[13:31:36.098] [INFO   ] place card step 0 
[13:31:36.098] [INFO   ] place card step 1 
[13:31:36.098] [INFO   ] place card step 2 
[13:31:36.098] [INFO   ] place card step 3 
[13:31:36.099] [INFO   ] place card step 4 
[13:31:37.107] [SEVERE ] updating countdown to 39657
[13:31:37.107] [SEVERE ] setting player 1 freeze to 100
[13:31:37.216] [SEVERE ] setting player 2 freeze to 100
[13:31:37.325] [INFO   ] before place card 
[13:31:37.325] [SEVERE ] setting player 1 freeze to 100
[13:31:37.435] [SEVERE ] setting player 2 freeze to 100
[13:31:37.543] [INFO   ] place card step 0 
[13:31:37.543] [INFO   ] place card step 1 
[13:31:37.543] [INFO   ] place card step 2 
[13:31:37.543] [INFO   ] place card step 3 
[13:31:37.544] [INFO   ] place card step 4 
[13:31:38.546] [SEVERE ] updating countdown to 38218
[13:31:38.546] [SEVERE ] setting player 1 freeze to 100
[13:31:38.657] [SEVERE ] setting player 2 freeze to 100
[13:31:38.768] [INFO   ] before place card 
[13:31:38.768] [SEVERE ] setting player 1 freeze to 100
[13:31:38.877] [SEVERE ] setting player 2 freeze to 100
[13:31:38.988] [INFO   ] place card step 0 
[13:31:38.988] [INFO   ] place card step 1 
[13:31:38.988] [INFO   ] place card step 2 
[13:31:38.988] [INFO   ] place card step 3 
[13:31:38.988] [INFO   ] place card step 4 
[13:31:40.003] [SEVERE ] updating countdown to 36761
[13:31:40.005] [SEVERE ] setting player 1 freeze to 100
[13:31:40.112] [SEVERE ] setting player 2 freeze to 100
[13:31:40.221] [INFO   ] before place card 
[13:31:40.221] [SEVERE ] setting player 1 freeze to 100
[13:31:40.330] [SEVERE ] setting player 2 freeze to 100
[13:31:40.441] [INFO   ] place card step 0 
[13:31:40.441] [INFO   ] place card step 1 
[13:31:40.441] [INFO   ] place card step 2 
[13:31:40.441] [INFO   ] place card step 3 
[13:31:40.442] [INFO   ] place card step 4 
[13:31:41.456] [SEVERE ] updating countdown to 35308
[13:31:41.456] [SEVERE ] setting player 1 freeze to 100
[13:31:41.564] [SEVERE ] setting player 2 freeze to 100
[13:31:41.673] [INFO   ] before place card 
[13:31:41.673] [SEVERE ] setting player 1 freeze to 100
[13:31:41.783] [SEVERE ] setting player 2 freeze to 100
[13:31:41.892] [INFO   ] place card step 0 
[13:31:41.892] [INFO   ] place card step 1 
[13:31:41.892] [INFO   ] place card step 2 
[13:31:41.892] [INFO   ] place card step 3 
[13:31:41.893] [INFO   ] place card step 4 
[13:31:42.894] [SEVERE ] updating countdown to 33870
[13:31:42.894] [SEVERE ] setting player 1 freeze to 100
[13:31:43.003] [SEVERE ] setting player 2 freeze to 100
[13:31:43.112] [INFO   ] before place card 
[13:31:43.112] [SEVERE ] setting player 1 freeze to 100
[13:31:43.220] [SEVERE ] setting player 2 freeze to 100
[13:31:43.329] [INFO   ] place card step 0 
[13:31:43.329] [INFO   ] place card step 1 
[13:31:43.329] [INFO   ] place card step 2 
[13:31:43.329] [INFO   ] place card step 3 
[13:31:43.330] [INFO   ] place card step 4 
[13:31:44.344] [SEVERE ] updating countdown to 32420
[13:31:44.344] [SEVERE ] setting player 1 freeze to 100
[13:31:44.454] [SEVERE ] setting player 2 freeze to 100
[13:31:44.564] [INFO   ] before place card 
[13:31:44.565] [SEVERE ] setting player 1 freeze to 100
[13:31:44.673] [SEVERE ] setting player 2 freeze to 100
[13:31:44.782] [INFO   ] place card step 0 
[13:31:44.782] [INFO   ] place card step 1 
[13:31:44.782] [INFO   ] place card step 2 
[13:31:44.782] [INFO   ] place card step 3 
[13:31:44.782] [INFO   ] place card step 4 
[13:31:45.785] [SEVERE ] updating countdown to 30979
[13:31:45.785] [SEVERE ] setting player 1 freeze to 100
[13:31:45.895] [SEVERE ] setting player 2 freeze to 100
[13:31:46.003] [INFO   ] before place card 
[13:31:46.003] [SEVERE ] setting player 1 freeze to 100
[13:31:46.113] [SEVERE ] setting player 2 freeze to 100
[13:31:46.221] [INFO   ] place card step 0 
[13:31:46.221] [INFO   ] place card step 1 
[13:31:46.221] [INFO   ] place card step 2 
[13:31:46.221] [INFO   ] place card step 3 
[13:31:46.222] [INFO   ] place card step 4 
[13:31:47.234] [SEVERE ] updating countdown to 29530
[13:31:47.234] [SEVERE ] setting player 1 freeze to 100
[13:31:47.343] [SEVERE ] setting player 2 freeze to 100
[13:31:47.453] [INFO   ] before place card 
[13:31:47.453] [SEVERE ] setting player 1 freeze to 100
[13:31:47.563] [SEVERE ] setting player 2 freeze to 100
[13:31:47.671] [INFO   ] place card step 0 
[13:31:47.671] [INFO   ] place card step 1 
[13:31:47.671] [INFO   ] place card step 2 
[13:31:47.671] [INFO   ] place card step 3 
[13:31:47.672] [INFO   ] place card step 4 
[13:31:48.686] [SEVERE ] updating countdown to 28078
[13:31:48.686] [SEVERE ] setting player 1 freeze to 100
[13:31:48.795] [SEVERE ] setting player 2 freeze to 100
[13:31:48.904] [INFO   ] before place card 
[13:31:48.904] [SEVERE ] setting player 1 freeze to 100
[13:31:49.013] [SEVERE ] setting player 2 freeze to 100
[13:31:49.122] [INFO   ] place card step 0 
[13:31:49.122] [INFO   ] place card step 1 
[13:31:49.122] [INFO   ] place card step 2 
[13:31:49.122] [INFO   ] place card step 3 
[13:31:49.123] [INFO   ] place card step 4 
[13:31:50.125] [SEVERE ] updating countdown to 26639
[13:31:50.125] [SEVERE ] setting player 1 freeze to 100
[13:31:50.235] [SEVERE ] setting player 2 freeze to 100
[13:31:50.345] [INFO   ] before place card 
[13:31:50.345] [SEVERE ] setting player 1 freeze to 100
[13:31:50.455] [SEVERE ] setting player 2 freeze to 100
[13:31:50.565] [INFO   ] place card step 0 
[13:31:50.565] [INFO   ] place card step 1 
[13:31:50.565] [INFO   ] place card step 2 
[13:31:50.565] [INFO   ] place card step 3 
[13:31:50.565] [INFO   ] place card step 4 
[13:31:51.568] [SEVERE ] updating countdown to 25196
[13:31:51.568] [SEVERE ] setting player 1 freeze to 100
[13:31:51.678] [SEVERE ] setting player 2 freeze to 100
[13:31:51.789] [INFO   ] before place card 
[13:31:51.789] [SEVERE ] setting player 1 freeze to 100
[13:31:51.899] [SEVERE ] setting player 2 freeze to 100
[13:31:51.965] [SEVERE ] key 90 was pressed by player 1
[13:31:51.965] [SEVERE ] player 1 placing token on slot 8
[13:31:52.011] [INFO   ] place card step 0 
[13:31:52.011] [INFO   ] place card step 1 
[13:31:52.011] [INFO   ] place card step 2 
[13:31:52.011] [INFO   ] place card step 3 
[13:31:52.011] [INFO   ] place card step 4 
[13:31:53.013] [SEVERE ] updating countdown to 23751
[13:31:53.013] [SEVERE ] setting player 1 freeze to 100
[13:31:53.123] [SEVERE ] setting player 2 freeze to 100
[13:31:53.234] [INFO   ] before place card 
[13:31:53.234] [SEVERE ] setting player 1 freeze to 100
[13:31:53.342] [SEVERE ] setting player 2 freeze to 100
[13:31:53.452] [INFO   ] place card step 0 
[13:31:53.452] [INFO   ] place card step 1 
[13:31:53.452] [INFO   ] place card step 2 
[13:31:53.452] [INFO   ] place card step 3 
[13:31:53.453] [INFO   ] place card step 4 
[13:31:54.028] [SEVERE ] key 87 was pressed by player 1
[13:31:54.029] [SEVERE ] player 1 placing token on slot 1
[13:31:54.453] [SEVERE ] updating countdown to 22311
[13:31:54.453] [SEVERE ] setting player 1 freeze to 100
[13:31:54.562] [SEVERE ] setting player 2 freeze to 100
[13:31:54.670] [INFO   ] before place card 
[13:31:54.670] [SEVERE ] setting player 1 freeze to 100
[13:31:54.779] [SEVERE ] setting player 2 freeze to 100
[13:31:54.888] [INFO   ] place card step 0 
[13:31:54.888] [INFO   ] place card step 1 
[13:31:54.888] [INFO   ] place card step 2 
[13:31:54.888] [INFO   ] place card step 3 
[13:31:54.888] [INFO   ] place card step 4 
[13:31:55.903] [SEVERE ] updating countdown to 20861
[13:31:55.903] [SEVERE ] setting player 1 freeze to 100
[13:31:56.013] [SEVERE ] setting player 2 freeze to 100
[13:31:56.122] [INFO   ] before place card 
[13:31:56.122] [SEVERE ] setting player 1 freeze to 100
[13:31:56.231] [SEVERE ] setting player 2 freeze to 100
[13:31:56.341] [INFO   ] place card step 0 
[13:31:56.341] [INFO   ] place card step 1 
[13:31:56.341] [INFO   ] place card step 2 
[13:31:56.341] [INFO   ] place card step 3 
[13:31:56.341] [INFO   ] place card step 4 
[13:31:57.020] [SEVERE ] key 70 was pressed by player 1
[13:31:57.021] [SEVERE ] player 1 placing token on slot 7
[13:31:57.021] [SEVERE ] updating countdown to 19743
[13:31:57.021] [SEVERE ] setting player 1 freeze to 100
[13:31:57.136] [SEVERE ] setting player 2 freeze to 100
[13:31:57.246] [INFO   ] removecard there is set
[13:31:57.246] [INFO   ] point step 1
[13:31:57.246] [SEVERE ] setting player 1 score to 3
[13:31:57.246] [SEVERE ] setting player 1 freeze to 1000
[13:31:57.246] [INFO   ] point step 2
[13:31:58.261] [SEVERE ] setting player 1 freeze to 0
[13:31:58.261] [SEVERE ] removing player 1 token from slot 8
[13:31:58.372] [SEVERE ] removing card from slot 8
[13:31:58.372] [SEVERE ] removing player 1 token from slot 1
[13:31:58.482] [SEVERE ] removing card from slot 1
[13:31:58.482] [SEVERE ] removing player 1 token from slot 7
[13:31:58.591] [SEVERE ] removing card from slot 7
[13:31:58.591] [INFO   ] remove  in the table step 1
[13:31:58.591] [INFO   ] remove  in the table step 2
[13:31:58.591] [SEVERE ] updating countdown to 60000
[13:31:58.592] [INFO   ] before place card 
[13:31:58.592] [SEVERE ] setting player 1 freeze to 100
[13:31:58.701] [SEVERE ] setting player 2 freeze to 100
[13:31:58.810] [INFO   ] place card step 0 
[13:31:58.810] [INFO   ] place card step 1 
[13:31:58.919] [SEVERE ] placing card 55 in slot 1
[13:31:59.028] [SEVERE ] placing card 2 in slot 7
[13:31:59.137] [SEVERE ] placing card 7 in slot 8
[13:31:59.137] [INFO   ] place card step 2 
[13:31:59.137] [INFO   ] place card step 3 
[13:31:59.137] [INFO   ] place card step 4 
[13:32:00.142] [SEVERE ] updating countdown to 58450
[13:32:00.142] [SEVERE ] setting player 1 freeze to 100
[13:32:00.253] [SEVERE ] setting player 2 freeze to 100
[13:32:00.364] [INFO   ] before place card 
[13:32:00.364] [SEVERE ] setting player 1 freeze to 100
[13:32:00.472] [SEVERE ] setting player 2 freeze to 100
[13:32:00.580] [INFO   ] place card step 0 
[13:32:00.580] [INFO   ] place card step 1 
[13:32:00.580] [INFO   ] place card step 2 
[13:32:00.580] [INFO   ] place card step 3 
[13:32:00.581] [INFO   ] place card step 4 
[13:32:01.592] [SEVERE ] updating countdown to 57000
[13:32:01.592] [SEVERE ] setting player 1 freeze to 100
[13:32:01.701] [SEVERE ] setting player 2 freeze to 100
[13:32:01.810] [INFO   ] before place card 
[13:32:01.810] [SEVERE ] setting player 1 freeze to 100
[13:32:01.919] [SEVERE ] setting player 2 freeze to 100
[13:32:02.029] [INFO   ] place card step 0 
[13:32:02.029] [INFO   ] place card step 1 
[13:32:02.029] [INFO   ] place card step 2 
[13:32:02.029] [INFO   ] place card step 3 
[13:32:02.029] [INFO   ] place card step 4 
[13:32:03.029] [SEVERE ] updating countdown to 55563
[13:32:03.029] [SEVERE ] setting player 1 freeze to 100
[13:32:03.138] [SEVERE ] setting player 2 freeze to 100
[13:32:03.248] [INFO   ] before place card 
[13:32:03.248] [SEVERE ] setting player 1 freeze to 100
[13:32:03.357] [SEVERE ] setting player 2 freeze to 100
[13:32:03.466] [INFO   ] place card step 0 
[13:32:03.466] [INFO   ] place card step 1 
[13:32:03.466] [INFO   ] place card step 2 
[13:32:03.466] [INFO   ] place card step 3 
[13:32:03.466] [INFO   ] place card step 4 
[13:32:04.482] [SEVERE ] updating countdown to 54110
[13:32:04.482] [SEVERE ] setting player 1 freeze to 100
[13:32:04.591] [SEVERE ] setting player 2 freeze to 100
[13:32:04.701] [INFO   ] before place card 
[13:32:04.701] [SEVERE ] setting player 1 freeze to 100
[13:32:04.810] [SEVERE ] setting player 2 freeze to 100
[13:32:04.919] [INFO   ] place card step 0 
[13:32:04.919] [INFO   ] place card step 1 
[13:32:04.919] [INFO   ] place card step 2 
[13:32:04.919] [INFO   ] place card step 3 
[13:32:04.919] [INFO   ] place card step 4 
[13:32:05.935] [SEVERE ] updating countdown to 52657
[13:32:05.935] [SEVERE ] setting player 1 freeze to 100
[13:32:06.044] [SEVERE ] setting player 2 freeze to 100
[13:32:06.153] [INFO   ] before place card 
[13:32:06.153] [SEVERE ] setting player 1 freeze to 100
[13:32:06.264] [SEVERE ] setting player 2 freeze to 100
[13:32:06.374] [INFO   ] place card step 0 
[13:32:06.374] [INFO   ] place card step 1 
[13:32:06.374] [INFO   ] place card step 2 
[13:32:06.374] [INFO   ] place card step 3 
[13:32:06.374] [INFO   ] place card step 4 
[13:32:07.377] [SEVERE ] updating countdown to 51215
[13:32:07.377] [SEVERE ] setting player 1 freeze to 100
[13:32:07.485] [SEVERE ] setting player 2 freeze to 100
[13:32:07.594] [INFO   ] before place card 
[13:32:07.594] [SEVERE ] setting player 1 freeze to 100
[13:32:07.705] [SEVERE ] setting player 2 freeze to 100
[13:32:07.814] [INFO   ] place card step 0 
[13:32:07.814] [INFO   ] place card step 1 
[13:32:07.814] [INFO   ] place card step 2 
[13:32:07.814] [INFO   ] place card step 3 
[13:32:07.814] [INFO   ] place card step 4 
[13:32:08.827] [SEVERE ] updating countdown to 49765
[13:32:08.827] [SEVERE ] setting player 1 freeze to 100
[13:32:08.937] [SEVERE ] setting player 2 freeze to 100
[13:32:09.048] [INFO   ] before place card 
[13:32:09.048] [SEVERE ] setting player 1 freeze to 100
[13:32:09.158] [SEVERE ] setting player 2 freeze to 100
[13:32:09.268] [INFO   ] place card step 0 
[13:32:09.268] [INFO   ] place card step 1 
[13:32:09.268] [INFO   ] place card step 2 
[13:32:09.268] [INFO   ] place card step 3 
[13:32:09.268] [INFO   ] place card step 4 
[13:32:09.734] [SEVERE ] exit button pressed
[13:32:09.734] [INFO   ] thread Thread-0 terminated.
[13:32:09.735] [SEVERE ] updating countdown to 48857
[13:32:09.735] [INFO   ] thread Thread-1 terminated.
[13:32:09.735] [SEVERE ] setting player 1 freeze to 100
[13:32:09.849] [SEVERE ] setting player 2 freeze to 100
[13:32:09.960] [INFO   ] removecardthere is no!!!! set
[13:32:09.960] [SEVERE ] setting player 1 freeze to 3000
[13:32:10.962] [SEVERE ] setting player 1 freeze to 2000
[13:32:11.964] [SEVERE ] setting player 1 freeze to 1000
[13:32:12.977] [SEVERE ] setting player 1 freeze to 0
[13:32:12.977] [INFO   ] remove  in the table step 1
[13:32:12.977] [INFO   ] remove  in the table step 2
[13:32:12.977] [INFO   ] removecardthere is no!!!! set
[13:32:12.977] [SEVERE ] setting player 2 freeze to 3000
[13:32:13.981] [SEVERE ] setting player 2 freeze to 2000
[13:32:14.995] [SEVERE ] setting player 2 freeze to 1000
[13:32:15.997] [SEVERE ] setting player 2 freeze to 0
[13:32:15.997] [INFO   ] remove  in the table step 1
[13:32:15.997] [INFO   ] remove  in the table step 2
[13:32:15.997] [INFO   ] before place card 
[13:32:15.997] [SEVERE ] setting player 1 freeze to 100
[13:32:16.107] [SEVERE ] setting player 2 freeze to 100
[13:32:16.215] [INFO   ] place card step 0 
[13:32:16.215] [INFO   ] place card step 1 
[13:32:16.215] [INFO   ] place card step 2 
[13:32:16.215] [INFO   ] place card step 3 
[13:32:16.216] [INFO   ] place card step 4 
[13:32:16.216] [SEVERE ] updating countdown to 60000
[13:32:16.326] [SEVERE ] removing card from slot 0
[13:32:16.437] [SEVERE ] removing card from slot 1
[13:32:16.545] [SEVERE ] removing card from slot 2
[13:32:16.653] [SEVERE ] removing card from slot 3
[13:32:16.762] [SEVERE ] removing card from slot 4
[13:32:16.873] [SEVERE ] removing card from slot 5
[13:32:16.981] [SEVERE ] removing card from slot 6
[13:32:17.090] [SEVERE ] removing card from slot 7
[13:32:17.201] [SEVERE ] removing card from slot 8
[13:32:17.311] [SEVERE ] removing card from slot 9
[13:32:17.419] [SEVERE ] removing card from slot 10
[13:32:17.530] [SEVERE ] removing card from slot 11
[13:32:17.531] [SEVERE ] announcing winner(s): player 1, player 1
[13:32:17.533] [INFO   ] thread dealer terminated.
[13:32:17.533] [INFO   ] thread dealer terminated.
[13:32:17.533] [SEVERE ] thanks for playing... it was fun!
[13:32:17.534] [INFO   ] thread main terminated.
