[12:23:02.123] [INFO   ] thread main starting.
[12:23:02.132] [SEVERE ] cannot read configuration file config.properties trying from resources.
[12:23:02.135] [SEVERE ] configuration file was loaded from resources directory.
[12:23:02.718] [INFO   ] thread dealer starting.
[12:23:02.719] [INFO   ] thread dealer starting.
[12:23:02.721] [SEVERE ] updating countdown to 60000
[12:23:02.722] [INFO   ] thread Thread-1 starting.
[12:23:02.722] [INFO   ] thread Thread-0 starting.
[12:23:02.729] [SEVERE ] setting player 1 freeze to 100
[12:23:02.835] [SEVERE ] setting player 2 freeze to 100
[12:23:02.950] [INFO   ] place card step 0 
[12:23:02.951] [INFO   ] place card step 1 
[12:23:03.064] [SEVERE ] placing card 19 in slot 0
[12:23:03.174] [SEVERE ] placing card 36 in slot 1
[12:23:03.284] [SEVERE ] placing card 12 in slot 2
[12:23:03.387] [SEVERE ] placing card 54 in slot 3
[12:23:03.504] [SEVERE ] placing card 80 in slot 4
[12:23:03.619] [SEVERE ] placing card 71 in slot 5
[12:23:03.722] [SEVERE ] placing card 32 in slot 6
[12:23:03.837] [SEVERE ] placing card 13 in slot 7
[12:23:03.953] [SEVERE ] placing card 7 in slot 8
[12:23:04.069] [SEVERE ] placing card 62 in slot 9
[12:23:04.185] [SEVERE ] placing card 42 in slot 10
[12:23:04.294] [SEVERE ] placing card 31 in slot 11
[12:23:04.294] [INFO   ] place card step 2 
[12:23:04.295] [INFO   ] place card step 3 
[12:23:04.297] [INFO   ] place card step 4 
[12:23:05.312] [SEVERE ] updating countdown to 57411
[12:23:05.312] [SEVERE ] setting player 1 freeze to 100
[12:23:05.422] [SEVERE ] setting player 2 freeze to 100
[12:23:05.531] [INFO   ] remove  step 9
[12:23:05.531] [INFO   ] remove  step 7
[12:23:05.531] [INFO   ] before place card 
[12:23:05.531] [SEVERE ] setting player 1 freeze to 100
[12:23:05.641] [SEVERE ] setting player 2 freeze to 100
[12:23:05.751] [INFO   ] place card step 0 
[12:23:05.751] [INFO   ] place card step 1 
[12:23:05.751] [INFO   ] place card step 2 
[12:23:05.751] [INFO   ] place card step 3 
[12:23:05.751] [INFO   ] place card step 4 
[12:23:06.706] [SEVERE ] key 44 was pressed by player 2
[12:23:06.706] [SEVERE ] player 2 placing token on slot 9
[12:23:06.738] [SEVERE ] key 65 was pressed by player 1
[12:23:06.738] [SEVERE ] player 1 placing token on slot 4
[12:23:06.753] [SEVERE ] updating countdown to 55970
[12:23:06.753] [SEVERE ] setting player 1 freeze to 100
[12:23:06.863] [SEVERE ] setting player 2 freeze to 100
[12:23:06.907] [SEVERE ] key 83 was pressed by player 1
[12:23:06.907] [SEVERE ] player 1 placing token on slot 5
[12:23:06.973] [INFO   ] remove  step 9
[12:23:06.973] [INFO   ] remove  step 7
[12:23:06.973] [INFO   ] before place card 
[12:23:06.973] [SEVERE ] setting player 1 freeze to 100
[12:23:07.083] [SEVERE ] setting player 2 freeze to 100
[12:23:07.192] [INFO   ] place card step 0 
[12:23:07.192] [INFO   ] place card step 1 
[12:23:07.192] [INFO   ] place card step 2 
[12:23:07.192] [INFO   ] place card step 3 
[12:23:07.192] [INFO   ] place card step 4 
[12:23:07.522] [SEVERE ] key 67 was pressed by player 1
[12:23:07.522] [SEVERE ] player 1 placing token on slot 10
[12:23:07.522] [SEVERE ] updating countdown to 55201
[12:23:07.522] [SEVERE ] setting player 1 freeze to 100
[12:23:07.633] [SEVERE ] setting player 2 freeze to 100
[12:23:07.743] [SEVERE ] setting player 1 freeze to 3000
[12:23:07.821] [SEVERE ] key 44 was pressed by player 2
[12:23:07.821] [SEVERE ] removing player 2 token from slot 9
[12:23:07.884] [SEVERE ] key 75 was pressed by player 2
[12:23:07.963] [SEVERE ] key 88 was pressed by player 1
[12:23:08.753] [SEVERE ] setting player 1 freeze to 2000
[12:23:09.755] [SEVERE ] setting player 1 freeze to 1000
[12:23:10.757] [SEVERE ] setting player 1 freeze to 0
[12:23:10.757] [SEVERE ] removing player 1 token from slot 4
[12:23:10.757] [SEVERE ] removing player 1 token from slot 5
[12:23:10.757] [SEVERE ] removing player 1 token from slot 10
[12:23:10.757] [SEVERE ] removing player 1 token from slot 9
[12:23:10.757] [INFO   ] remove  step 5
[12:23:10.757] [INFO   ] remove  step 6
[12:23:10.757] [INFO   ] remove  step 7
[12:23:10.757] [SEVERE ] key 74 was pressed by player 2
[12:23:10.757] [INFO   ] thread dealer terminated.
[12:23:10.757] [SEVERE ] key 67 was pressed by player 1
[12:23:12.659] [SEVERE ] key 65 was pressed by player 1
[12:23:12.785] [SEVERE ] key 83 was pressed by player 1
[12:23:13.619] [SEVERE ] key 65 was pressed by player 1
[12:23:13.619] [SEVERE ] removing player 1 token from slot 4
[12:23:13.949] [SEVERE ] key 44 was pressed by player 2
[12:23:14.043] [SEVERE ] key 65 was pressed by player 1
[12:23:14.482] [SEVERE ] key 83 was pressed by player 1
[12:23:14.482] [SEVERE ] removing player 1 token from slot 5
[12:23:14.795] [SEVERE ] key 83 was pressed by player 1
[12:23:15.172] [SEVERE ] key 44 was pressed by player 2
[12:23:15.172] [SEVERE ] removing player 2 token from slot 9
[12:23:15.406] [SEVERE ] key 88 was pressed by player 1
[12:23:15.562] [SEVERE ] key 44 was pressed by player 2
[12:23:15.625] [SEVERE ] key 88 was pressed by player 1
[12:23:15.625] [SEVERE ] removing player 1 token from slot 9
[12:23:15.767] [SEVERE ] thanks for playing... it was fun!
[12:23:15.767] [INFO   ] thread main terminated.
[12:23:15.767] [SEVERE ] disposing of user interface elements
