[12:17:10.258] [INFO   ] thread main starting.
[12:17:10.270] [SEVERE ] cannot read configuration file config.properties trying from resources.
[12:17:10.271] [SEVERE ] configuration file was loaded from resources directory.
[12:17:10.977] [INFO   ] thread dealer starting.
[12:17:10.977] [INFO   ] thread dealer starting.
[12:17:10.978] [SEVERE ] updating countdown to 60000
[12:17:10.978] [INFO   ] thread Thread-1 starting.
[12:17:10.978] [INFO   ] thread Thread-0 starting.
[12:17:10.986] [SEVERE ] setting player 1 freeze to 100
[12:17:11.088] [SEVERE ] setting player 2 freeze to 100
[12:17:11.203] [INFO   ] place card step 1 
[12:17:11.322] [SEVERE ] placing card 20 in slot 0
[12:17:11.424] [SEVERE ] placing card 59 in slot 1
[12:17:11.535] [SEVERE ] placing card 2 in slot 2
[12:17:11.652] [SEVERE ] placing card 24 in slot 3
[12:17:11.753] [SEVERE ] placing card 21 in slot 4
[12:17:11.869] [SEVERE ] placing card 19 in slot 5
[12:17:11.985] [SEVERE ] placing card 17 in slot 6
[12:17:12.086] [SEVERE ] placing card 22 in slot 7
[12:17:12.188] [SEVERE ] placing card 41 in slot 8
[12:17:12.301] [SEVERE ] placing card 56 in slot 9
[12:17:12.411] [SEVERE ] placing card 52 in slot 10
[12:17:12.520] [SEVERE ] placing card 66 in slot 11
[12:17:12.520] [INFO   ] place card step 2 
[12:17:12.520] [INFO   ] place card step 3 
[12:17:12.520] [INFO   ] place card step 4 
[12:17:13.522] [SEVERE ] updating countdown to 57457
[12:17:13.522] [SEVERE ] setting player 1 freeze to 100
[12:17:13.631] [SEVERE ] setting player 2 freeze to 100
[12:17:13.740] [SEVERE ] setting player 1 freeze to 100
[12:17:13.849] [SEVERE ] setting player 2 freeze to 100
[12:17:13.959] [INFO   ] place card step 1 
[12:17:13.959] [INFO   ] place card step 2 
[12:17:13.959] [INFO   ] place card step 3 
[12:17:13.959] [INFO   ] place card step 4 
[12:17:14.960] [SEVERE ] updating countdown to 56019
[12:17:14.960] [SEVERE ] setting player 1 freeze to 100
[12:17:15.070] [SEVERE ] setting player 2 freeze to 100
[12:17:15.180] [SEVERE ] setting player 1 freeze to 100
[12:17:15.289] [SEVERE ] setting player 2 freeze to 100
[12:17:15.399] [INFO   ] place card step 1 
[12:17:15.399] [INFO   ] place card step 2 
[12:17:15.399] [INFO   ] place card step 3 
[12:17:15.399] [INFO   ] place card step 4 
[12:17:16.400] [SEVERE ] updating countdown to 54579
[12:17:16.400] [SEVERE ] setting player 1 freeze to 100
[12:17:16.510] [SEVERE ] setting player 2 freeze to 100
[12:17:16.619] [SEVERE ] setting player 1 freeze to 100
[12:17:16.729] [SEVERE ] setting player 2 freeze to 100
[12:17:16.840] [INFO   ] place card step 1 
[12:17:16.840] [INFO   ] place card step 2 
[12:17:16.840] [INFO   ] place card step 3 
[12:17:16.840] [INFO   ] place card step 4 
[12:17:17.843] [SEVERE ] updating countdown to 53136
[12:17:17.843] [SEVERE ] setting player 1 freeze to 100
[12:17:17.953] [SEVERE ] setting player 2 freeze to 100
[12:17:18.062] [SEVERE ] setting player 1 freeze to 100
[12:17:18.170] [SEVERE ] setting player 2 freeze to 100
[12:17:18.281] [INFO   ] place card step 1 
[12:17:18.281] [INFO   ] place card step 2 
[12:17:18.281] [INFO   ] place card step 3 
[12:17:18.281] [INFO   ] place card step 4 
[12:17:19.284] [SEVERE ] updating countdown to 51695
[12:17:19.284] [SEVERE ] setting player 1 freeze to 100
[12:17:19.393] [SEVERE ] setting player 2 freeze to 100
[12:17:19.502] [SEVERE ] setting player 1 freeze to 100
[12:17:19.612] [SEVERE ] setting player 2 freeze to 100
[12:17:19.722] [INFO   ] place card step 1 
[12:17:19.722] [INFO   ] place card step 2 
[12:17:19.722] [INFO   ] place card step 3 
[12:17:19.722] [INFO   ] place card step 4 
[12:17:20.725] [SEVERE ] updating countdown to 50254
[12:17:20.725] [SEVERE ] setting player 1 freeze to 100
[12:17:20.834] [SEVERE ] setting player 2 freeze to 100
[12:17:20.944] [SEVERE ] setting player 1 freeze to 100
[12:17:21.054] [SEVERE ] setting player 2 freeze to 100
[12:17:21.163] [INFO   ] place card step 1 
[12:17:21.163] [INFO   ] place card step 2 
[12:17:21.163] [INFO   ] place card step 3 
[12:17:21.163] [INFO   ] place card step 4 
[12:17:22.165] [SEVERE ] updating countdown to 48814
[12:17:22.165] [SEVERE ] setting player 1 freeze to 100
[12:17:22.275] [SEVERE ] setting player 2 freeze to 100
[12:17:22.386] [SEVERE ] setting player 1 freeze to 100
[12:17:22.495] [SEVERE ] setting player 2 freeze to 100
[12:17:22.604] [INFO   ] place card step 1 
[12:17:22.604] [INFO   ] place card step 2 
[12:17:22.604] [INFO   ] place card step 3 
[12:17:22.604] [INFO   ] place card step 4 
[12:17:23.605] [SEVERE ] updating countdown to 47374
[12:17:23.605] [SEVERE ] setting player 1 freeze to 100
[12:17:23.715] [SEVERE ] setting player 2 freeze to 100
[12:17:23.824] [SEVERE ] setting player 1 freeze to 100
[12:17:23.935] [SEVERE ] setting player 2 freeze to 100
[12:17:24.044] [INFO   ] place card step 1 
[12:17:24.044] [INFO   ] place card step 2 
[12:17:24.044] [INFO   ] place card step 3 
[12:17:24.044] [INFO   ] place card step 4 
[12:17:25.048] [SEVERE ] updating countdown to 45931
[12:17:25.048] [SEVERE ] setting player 1 freeze to 100
[12:17:25.159] [SEVERE ] setting player 2 freeze to 100
[12:17:25.269] [SEVERE ] setting player 1 freeze to 100
[12:17:25.380] [SEVERE ] setting player 2 freeze to 100
[12:17:25.490] [INFO   ] place card step 1 
[12:17:25.490] [INFO   ] place card step 2 
[12:17:25.490] [INFO   ] place card step 3 
[12:17:25.490] [INFO   ] place card step 4 
[12:17:26.495] [SEVERE ] updating countdown to 44484
[12:17:26.495] [SEVERE ] setting player 1 freeze to 100
[12:17:26.606] [SEVERE ] setting player 2 freeze to 100
[12:17:26.717] [SEVERE ] setting player 1 freeze to 100
[12:17:26.827] [SEVERE ] setting player 2 freeze to 100
[12:17:26.938] [INFO   ] place card step 1 
[12:17:26.938] [INFO   ] place card step 2 
[12:17:26.938] [INFO   ] place card step 3 
[12:17:26.940] [INFO   ] place card step 4 
[12:17:27.942] [SEVERE ] updating countdown to 43037
[12:17:27.942] [SEVERE ] setting player 1 freeze to 100
[12:17:28.052] [SEVERE ] setting player 2 freeze to 100
[12:17:28.162] [SEVERE ] setting player 1 freeze to 100
[12:17:28.271] [SEVERE ] setting player 2 freeze to 100
[12:17:28.381] [INFO   ] place card step 1 
[12:17:28.381] [INFO   ] place card step 2 
[12:17:28.381] [INFO   ] place card step 3 
[12:17:28.381] [INFO   ] place card step 4 
[12:17:29.384] [SEVERE ] updating countdown to 41595
[12:17:29.384] [SEVERE ] setting player 1 freeze to 100
[12:17:29.493] [SEVERE ] setting player 2 freeze to 100
[12:17:29.602] [SEVERE ] setting player 1 freeze to 100
[12:17:29.712] [SEVERE ] setting player 2 freeze to 100
[12:17:29.822] [INFO   ] place card step 1 
[12:17:29.822] [INFO   ] place card step 2 
[12:17:29.822] [INFO   ] place card step 3 
[12:17:29.822] [INFO   ] place card step 4 
[12:17:30.825] [SEVERE ] updating countdown to 40154
[12:17:30.825] [SEVERE ] setting player 1 freeze to 100
[12:17:30.935] [SEVERE ] setting player 2 freeze to 100
[12:17:31.045] [SEVERE ] setting player 1 freeze to 100
[12:17:31.154] [SEVERE ] setting player 2 freeze to 100
[12:17:31.263] [INFO   ] place card step 1 
[12:17:31.263] [INFO   ] place card step 2 
[12:17:31.263] [INFO   ] place card step 3 
[12:17:31.263] [INFO   ] place card step 4 
[12:17:32.264] [SEVERE ] updating countdown to 38715
[12:17:32.264] [SEVERE ] setting player 1 freeze to 100
[12:17:32.374] [SEVERE ] setting player 2 freeze to 100
[12:17:32.483] [SEVERE ] setting player 1 freeze to 100
[12:17:32.592] [SEVERE ] setting player 2 freeze to 100
[12:17:32.702] [INFO   ] place card step 1 
[12:17:32.702] [INFO   ] place card step 2 
[12:17:32.702] [INFO   ] place card step 3 
[12:17:32.702] [INFO   ] place card step 4 
[12:17:33.718] [SEVERE ] updating countdown to 37261
[12:17:33.719] [SEVERE ] setting player 1 freeze to 100
[12:17:33.828] [SEVERE ] setting player 2 freeze to 100
[12:17:33.938] [SEVERE ] setting player 1 freeze to 100
[12:17:34.048] [SEVERE ] setting player 2 freeze to 100
[12:17:34.157] [INFO   ] place card step 1 
[12:17:34.157] [INFO   ] place card step 2 
[12:17:34.157] [INFO   ] place card step 3 
[12:17:34.157] [INFO   ] place card step 4 
[12:17:35.160] [SEVERE ] updating countdown to 35819
[12:17:35.160] [SEVERE ] setting player 1 freeze to 100
[12:17:35.269] [SEVERE ] setting player 2 freeze to 100
[12:17:35.378] [SEVERE ] setting player 1 freeze to 100
[12:17:35.488] [SEVERE ] setting player 2 freeze to 100
[12:17:35.598] [INFO   ] place card step 1 
[12:17:35.598] [INFO   ] place card step 2 
[12:17:35.598] [INFO   ] place card step 3 
[12:17:35.598] [INFO   ] place card step 4 
[12:17:36.599] [SEVERE ] updating countdown to 34380
[12:17:36.599] [SEVERE ] setting player 1 freeze to 100
[12:17:36.710] [SEVERE ] setting player 2 freeze to 100
[12:17:36.819] [SEVERE ] setting player 1 freeze to 100
[12:17:36.929] [SEVERE ] setting player 2 freeze to 100
[12:17:37.038] [INFO   ] place card step 1 
[12:17:37.038] [INFO   ] place card step 2 
[12:17:37.038] [INFO   ] place card step 3 
[12:17:37.038] [INFO   ] place card step 4 
[12:17:38.040] [SEVERE ] updating countdown to 32939
[12:17:38.041] [SEVERE ] setting player 1 freeze to 100
[12:17:38.148] [SEVERE ] setting player 2 freeze to 100
[12:17:38.258] [SEVERE ] setting player 1 freeze to 100
[12:17:38.367] [SEVERE ] setting player 2 freeze to 100
[12:17:38.477] [INFO   ] place card step 1 
[12:17:38.477] [INFO   ] place card step 2 
[12:17:38.477] [INFO   ] place card step 3 
[12:17:38.477] [INFO   ] place card step 4 
[12:17:39.478] [SEVERE ] updating countdown to 31501
[12:17:39.478] [SEVERE ] setting player 1 freeze to 100
[12:17:39.587] [SEVERE ] setting player 2 freeze to 100
[12:17:39.697] [SEVERE ] setting player 1 freeze to 100
[12:17:39.806] [SEVERE ] setting player 2 freeze to 100
[12:17:39.916] [INFO   ] place card step 1 
[12:17:39.916] [INFO   ] place card step 2 
[12:17:39.916] [INFO   ] place card step 3 
[12:17:39.916] [INFO   ] place card step 4 
[12:17:40.917] [SEVERE ] updating countdown to 30062
[12:17:40.917] [SEVERE ] setting player 1 freeze to 100
[12:17:41.026] [SEVERE ] setting player 2 freeze to 100
[12:17:41.135] [SEVERE ] setting player 1 freeze to 100
[12:17:41.245] [SEVERE ] setting player 2 freeze to 100
[12:17:41.292] [SEVERE ] key 80 was pressed by player 2
[12:17:41.292] [SEVERE ] player 2 placing token on slot 3
[12:17:41.355] [INFO   ] place card step 1 
[12:17:41.355] [INFO   ] place card step 2 
[12:17:41.355] [INFO   ] place card step 3 
[12:17:41.355] [INFO   ] place card step 4 
[12:17:42.356] [SEVERE ] updating countdown to 28623
[12:17:42.356] [SEVERE ] setting player 1 freeze to 100
[12:17:42.465] [SEVERE ] setting player 2 freeze to 100
[12:17:42.575] [SEVERE ] setting player 1 freeze to 100
[12:17:42.684] [SEVERE ] setting player 2 freeze to 100
[12:17:42.793] [INFO   ] place card step 1 
[12:17:42.793] [INFO   ] place card step 2 
[12:17:42.793] [INFO   ] place card step 3 
[12:17:42.793] [INFO   ] place card step 4 
[12:17:43.170] [SEVERE ] key 59 was pressed by player 2
[12:17:43.170] [SEVERE ] player 2 placing token on slot 7
[12:17:43.796] [SEVERE ] updating countdown to 27183
[12:17:43.796] [SEVERE ] setting player 1 freeze to 100
[12:17:43.906] [SEVERE ] setting player 2 freeze to 100
[12:17:44.015] [SEVERE ] setting player 1 freeze to 100
[12:17:44.125] [SEVERE ] setting player 2 freeze to 100
[12:17:44.235] [INFO   ] place card step 1 
[12:17:44.235] [INFO   ] place card step 2 
[12:17:44.235] [INFO   ] place card step 3 
[12:17:44.235] [INFO   ] place card step 4 
[12:17:45.235] [SEVERE ] updating countdown to 25744
[12:17:45.235] [SEVERE ] setting player 1 freeze to 100
[12:17:45.345] [SEVERE ] setting player 2 freeze to 100
[12:17:45.456] [SEVERE ] setting player 1 freeze to 100
[12:17:45.566] [SEVERE ] setting player 2 freeze to 100
[12:17:45.675] [INFO   ] place card step 1 
[12:17:45.675] [INFO   ] place card step 2 
[12:17:45.675] [INFO   ] place card step 3 
[12:17:45.675] [INFO   ] place card step 4 
[12:17:45.847] [SEVERE ] key 85 was pressed by player 2
[12:17:45.847] [SEVERE ] player 2 placing token on slot 0
[12:17:45.847] [SEVERE ] updating countdown to 25132
[12:17:45.847] [SEVERE ] setting player 1 freeze to 100
[12:17:45.956] [SEVERE ] setting player 2 freeze to 100
[12:17:46.066] [INFO   ] point step 1
[12:17:46.066] [SEVERE ] setting player 2 score to 1
[12:17:46.066] [SEVERE ] setting player 2 freeze to 1000
[12:17:46.066] [INFO   ] point step 2
[12:17:47.068] [SEVERE ] setting player 2 freeze to 0
[12:17:47.068] [SEVERE ] removing player 2 token from slot 3
[12:17:47.068] [INFO   ] remove fun set found step 1
[12:17:47.179] [SEVERE ] removing card from slot 3
[12:17:47.179] [INFO   ] remove fun set found step 2
[12:17:47.179] [INFO   ] remove fun set found step 2
[12:17:47.179] [SEVERE ] removing player 2 token from slot 7
[12:17:47.180] [INFO   ] remove fun set found step 1
[12:17:47.289] [SEVERE ] removing card from slot 7
[12:17:47.289] [INFO   ] remove fun set found step 2
[12:17:47.289] [INFO   ] remove fun set found step 2
[12:17:47.289] [SEVERE ] removing player 2 token from slot 0
[12:17:47.289] [INFO   ] remove fun set found step 1
[12:17:47.399] [SEVERE ] removing card from slot 0
[12:17:47.399] [INFO   ] remove fun set found step 2
[12:17:47.399] [INFO   ] remove fun set found step 2
[12:17:47.399] [INFO   ] remove  step 5
[12:17:47.404] [INFO   ] thread dealer terminated.
[12:17:52.407] [SEVERE ] thanks for playing... it was fun!
[12:17:52.407] [INFO   ] thread main terminated.
[12:17:52.407] [SEVERE ] disposing of user interface elements
