[17:04:29.679] [INFO   ] thread main starting.
[17:04:29.679] [SEVERE ] cannot read configuration file config.properties trying from resources.
[17:04:29.695] [SEVERE ] configuration file was loaded from resources directory.
[17:04:30.284] [INFO   ] thread dealer starting.
[17:04:30.285] [INFO   ] thread dealer starting.
[17:04:30.286] [INFO   ] thread Thread-0 starting.
[17:04:30.287] [INFO   ] creat AI step 1 
[17:04:30.287] [INFO   ] thread computer-0 starting.
[17:04:30.288] [INFO   ] creat AI step 2 
[17:04:30.288] [INFO   ] creat AI step 3 
[17:04:30.288] [INFO   ] creat AI step 7 
[17:04:30.288] [INFO   ] thread Thread-1 starting.
[17:04:30.290] [INFO   ] creat AI step 8 
[17:04:30.290] [INFO   ] creat AI step 1 
[17:04:30.291] [INFO   ] thread computer-1 starting.
[17:04:30.291] [INFO   ] creat AI step 2 
[17:04:30.291] [INFO   ] creat AI step 3 
[17:04:30.291] [INFO   ] creat AI step 7 
[17:04:30.291] [SEVERE ] updating countdown to 60000
[17:04:30.291] [INFO   ] creat AI step 8 
[17:04:30.520] [INFO   ] place card step 0 
[17:04:30.520] [INFO   ] place card step 1 
[17:04:30.629] [SEVERE ] placing card 47 in slot 0
[17:04:30.739] [SEVERE ] placing card 70 in slot 1
[17:04:30.850] [SEVERE ] placing card 1 in slot 2
[17:04:30.958] [SEVERE ] placing card 10 in slot 3
[17:04:31.067] [SEVERE ] placing card 32 in slot 4
[17:04:31.177] [SEVERE ] placing card 63 in slot 5
[17:04:31.288] [SEVERE ] placing card 31 in slot 6
[17:04:31.398] [SEVERE ] placing card 38 in slot 7
[17:04:31.508] [SEVERE ] placing card 13 in slot 8
[17:04:31.617] [SEVERE ] placing card 75 in slot 9
[17:04:31.719] [SEVERE ] placing card 77 in slot 10
[17:04:31.828] [SEVERE ] placing card 69 in slot 11
[17:04:31.828] [INFO   ] place card step 2 
[17:04:31.828] [INFO   ] place card step 3 
[17:04:31.828] [INFO   ] place card step 5 
[17:04:31.828] [INFO   ] place card step 6 
[17:04:31.828] [INFO   ] place card step 7 
[17:04:31.828] [INFO   ] place card step 8 
[17:04:32.832] [SEVERE ] updating countdown to 57461
[17:04:33.269] [INFO   ] place card step 0 
[17:04:33.269] [INFO   ] place card step 1 
[17:04:33.270] [INFO   ] place card step 2 
[17:04:33.270] [INFO   ] place card step 3 
[17:04:33.272] [INFO   ] place card step 5 
[17:04:33.272] [INFO   ] place card step 6 
[17:04:33.272] [INFO   ] place card step 7 
[17:04:33.272] [INFO   ] place card step 8 
[17:04:34.283] [SEVERE ] updating countdown to 56010
[17:04:34.722] [INFO   ] place card step 0 
[17:04:34.722] [INFO   ] place card step 1 
[17:04:34.722] [INFO   ] place card step 2 
[17:04:34.722] [INFO   ] place card step 3 
[17:04:34.723] [INFO   ] place card step 5 
[17:04:34.723] [INFO   ] place card step 6 
[17:04:34.723] [INFO   ] place card step 7 
[17:04:34.723] [INFO   ] place card step 8 
[17:04:35.733] [SEVERE ] updating countdown to 54560
[17:04:36.172] [INFO   ] place card step 0 
[17:04:36.172] [INFO   ] place card step 1 
[17:04:36.172] [INFO   ] place card step 2 
[17:04:36.172] [INFO   ] place card step 3 
[17:04:36.172] [INFO   ] place card step 5 
[17:04:36.172] [INFO   ] place card step 6 
[17:04:36.172] [INFO   ] place card step 7 
[17:04:36.172] [INFO   ] place card step 8 
[17:04:37.175] [SEVERE ] updating countdown to 53118
[17:04:37.606] [INFO   ] place card step 0 
[17:04:37.606] [INFO   ] place card step 1 
[17:04:37.607] [INFO   ] place card step 2 
[17:04:37.607] [INFO   ] place card step 3 
[17:04:37.608] [INFO   ] place card step 5 
[17:04:37.608] [INFO   ] place card step 6 
[17:04:37.608] [INFO   ] place card step 7 
[17:04:37.609] [INFO   ] place card step 8 
[17:04:38.611] [SEVERE ] updating countdown to 51682
[17:04:39.046] [INFO   ] place card step 0 
[17:04:39.046] [INFO   ] place card step 1 
[17:04:39.046] [INFO   ] place card step 2 
[17:04:39.046] [INFO   ] place card step 3 
[17:04:39.046] [INFO   ] place card step 5 
[17:04:39.046] [INFO   ] place card step 6 
[17:04:39.046] [INFO   ] place card step 7 
[17:04:39.046] [INFO   ] place card step 8 
[17:04:40.059] [SEVERE ] updating countdown to 50234
[17:04:40.487] [INFO   ] place card step 0 
[17:04:40.487] [INFO   ] place card step 1 
[17:04:40.487] [INFO   ] place card step 2 
[17:04:40.487] [INFO   ] place card step 3 
[17:04:40.487] [INFO   ] place card step 5 
[17:04:40.487] [INFO   ] place card step 6 
[17:04:40.487] [INFO   ] place card step 7 
[17:04:40.487] [INFO   ] place card step 8 
[17:04:41.497] [SEVERE ] updating countdown to 48796
[17:04:41.918] [INFO   ] place card step 0 
[17:04:41.918] [INFO   ] place card step 1 
[17:04:41.918] [INFO   ] place card step 2 
[17:04:41.918] [INFO   ] place card step 3 
[17:04:41.918] [INFO   ] place card step 5 
[17:04:41.918] [INFO   ] place card step 6 
[17:04:41.918] [INFO   ] place card step 7 
[17:04:41.918] [INFO   ] place card step 8 
[17:04:42.919] [SEVERE ] updating countdown to 47374
[17:04:43.348] [INFO   ] place card step 0 
[17:04:43.348] [INFO   ] place card step 1 
[17:04:43.348] [INFO   ] place card step 2 
[17:04:43.348] [INFO   ] place card step 3 
[17:04:43.348] [INFO   ] place card step 5 
[17:04:43.348] [INFO   ] place card step 6 
[17:04:43.348] [INFO   ] place card step 7 
[17:04:43.348] [INFO   ] place card step 8 
[17:04:44.351] [SEVERE ] updating countdown to 45942
[17:04:44.789] [INFO   ] place card step 0 
[17:04:44.789] [INFO   ] place card step 1 
[17:04:44.789] [INFO   ] place card step 2 
[17:04:44.789] [INFO   ] place card step 3 
[17:04:44.789] [INFO   ] place card step 5 
[17:04:44.789] [INFO   ] place card step 6 
[17:04:44.789] [INFO   ] place card step 7 
[17:04:44.789] [INFO   ] place card step 8 
[17:04:45.790] [SEVERE ] updating countdown to 44503
[17:04:46.239] [INFO   ] place card step 0 
[17:04:46.239] [INFO   ] place card step 1 
[17:04:46.239] [INFO   ] place card step 2 
[17:04:46.239] [INFO   ] place card step 3 
[17:04:46.239] [INFO   ] place card step 5 
[17:04:46.239] [INFO   ] place card step 6 
[17:04:46.239] [INFO   ] place card step 7 
[17:04:46.239] [INFO   ] place card step 8 
[17:04:46.319] [SEVERE ] exit button pressed
[17:04:47.245] [SEVERE ] updating countdown to 43048
[17:04:47.676] [INFO   ] place card step 0 
[17:04:47.676] [INFO   ] place card step 1 
[17:04:47.676] [INFO   ] place card step 2 
[17:04:47.676] [INFO   ] place card step 3 
[17:04:47.676] [INFO   ] place card step 5 
[17:04:47.676] [INFO   ] place card step 6 
[17:04:47.676] [INFO   ] place card step 7 
[17:04:47.676] [INFO   ] place card step 8 
[17:04:48.689] [SEVERE ] updating countdown to 41604
[17:04:49.128] [INFO   ] place card step 0 
[17:04:49.128] [INFO   ] place card step 1 
[17:04:49.128] [INFO   ] place card step 2 
[17:04:49.128] [INFO   ] place card step 3 
[17:04:49.128] [INFO   ] place card step 5 
[17:04:49.128] [INFO   ] place card step 6 
[17:04:49.128] [INFO   ] place card step 7 
[17:04:49.128] [INFO   ] place card step 8 
[17:04:50.133] [SEVERE ] updating countdown to 40160
[17:04:50.564] [INFO   ] place card step 0 
[17:04:50.564] [INFO   ] place card step 1 
[17:04:50.564] [INFO   ] place card step 2 
[17:04:50.564] [INFO   ] place card step 3 
[17:04:50.564] [INFO   ] place card step 5 
[17:04:50.564] [INFO   ] place card step 6 
[17:04:50.564] [INFO   ] place card step 7 
[17:04:50.564] [INFO   ] place card step 8 
[17:04:51.565] [SEVERE ] updating countdown to 38728
[17:04:52.000] [INFO   ] place card step 0 
[17:04:52.000] [INFO   ] place card step 1 
[17:04:52.000] [INFO   ] place card step 2 
[17:04:52.000] [INFO   ] place card step 3 
[17:04:52.000] [INFO   ] place card step 5 
[17:04:52.000] [INFO   ] place card step 6 
[17:04:52.000] [INFO   ] place card step 7 
[17:04:52.000] [INFO   ] place card step 8 
[17:04:53.001] [SEVERE ] updating countdown to 37292
[17:04:53.431] [INFO   ] place card step 0 
[17:04:53.431] [INFO   ] place card step 1 
[17:04:53.431] [INFO   ] place card step 2 
[17:04:53.431] [INFO   ] place card step 3 
[17:04:53.431] [INFO   ] place card step 5 
[17:04:53.431] [INFO   ] place card step 6 
[17:04:53.431] [INFO   ] place card step 7 
[17:04:53.431] [INFO   ] place card step 8 
[17:04:54.439] [SEVERE ] updating countdown to 35854
[17:04:54.877] [INFO   ] place card step 0 
[17:04:54.877] [INFO   ] place card step 1 
[17:04:54.877] [INFO   ] place card step 2 
[17:04:54.877] [INFO   ] place card step 3 
[17:04:54.877] [INFO   ] place card step 5 
[17:04:54.877] [INFO   ] place card step 6 
[17:04:54.877] [INFO   ] place card step 7 
[17:04:54.877] [INFO   ] place card step 8 
[17:04:55.886] [SEVERE ] updating countdown to 34407
[17:04:56.320] [INFO   ] place card step 0 
[17:04:56.320] [INFO   ] place card step 1 
[17:04:56.320] [INFO   ] place card step 2 
[17:04:56.320] [INFO   ] place card step 3 
[17:04:56.320] [INFO   ] place card step 5 
[17:04:56.320] [INFO   ] place card step 6 
[17:04:56.320] [INFO   ] place card step 7 
[17:04:56.320] [INFO   ] place card step 8 
[17:04:56.337] [SEVERE ] updating countdown to 33956
[17:04:56.337] [INFO   ] thread computer-0 terminated.
[17:04:56.338] [INFO   ] thread Thread-0 terminated.
[17:04:56.339] [INFO   ] thread computer-1 terminated.
[17:04:56.339] [INFO   ] thread Thread-1 terminated.
[17:04:56.558] [INFO   ] remove  in the table step 1
[17:04:56.558] [INFO   ] remove  in the table step 2
[17:04:56.558] [SEVERE ] setting player 1 freeze to 3000
[17:04:57.566] [SEVERE ] setting player 1 freeze to 2000
[17:04:58.570] [SEVERE ] setting player 1 freeze to 1000
[17:04:59.586] [SEVERE ] setting player 1 freeze to 0
[17:04:59.586] [INFO   ] remove  in the table step 1
[17:04:59.586] [INFO   ] remove  in the table step 2
[17:04:59.586] [SEVERE ] setting player 2 freeze to 3000
[17:05:00.589] [SEVERE ] setting player 2 freeze to 2000
[17:05:01.592] [SEVERE ] setting player 2 freeze to 1000
[17:05:02.607] [SEVERE ] setting player 2 freeze to 0
[17:05:02.820] [INFO   ] place card step 0 
[17:05:02.820] [INFO   ] place card step 1 
[17:05:02.820] [INFO   ] place card step 2 
[17:05:02.820] [INFO   ] place card step 3 
[17:05:02.820] [INFO   ] place card step 5 
[17:05:02.820] [INFO   ] place card step 6 
[17:05:02.820] [INFO   ] place card step 7 
[17:05:02.820] [INFO   ] place card step 8 
[17:05:02.820] [SEVERE ] updating countdown to 60000
[17:05:03.149] [SEVERE ] removing card from slot 0
[17:05:03.258] [SEVERE ] removing card from slot 1
[17:05:03.368] [SEVERE ] removing card from slot 2
[17:05:03.478] [SEVERE ] removing card from slot 3
[17:05:03.587] [SEVERE ] removing card from slot 4
[17:05:03.696] [SEVERE ] removing card from slot 5
[17:05:03.806] [SEVERE ] removing card from slot 6
[17:05:03.915] [SEVERE ] removing card from slot 7
[17:05:04.025] [SEVERE ] removing card from slot 8
[17:05:04.134] [SEVERE ] removing card from slot 9
[17:05:04.243] [SEVERE ] removing card from slot 10
[17:05:04.351] [SEVERE ] removing card from slot 11
[17:05:04.351] [SEVERE ] announcing winner(s): player 1, player 2
[17:05:04.351] [INFO   ] thread dealer terminated.
[17:05:04.351] [INFO   ] thread dealer terminated.
[17:05:04.351] [SEVERE ] thanks for playing... it was fun!
[17:05:04.351] [INFO   ] thread main terminated.
