[16:35:17.510] [INFO   ] thread main starting.
[16:35:17.519] [SEVERE ] cannot read configuration file config.properties trying from resources.
[16:35:17.519] [SEVERE ] configuration file was loaded from resources directory.
[16:35:18.188] [INFO   ] thread dealer starting.
[16:35:18.188] [INFO   ] thread dealer starting.
[16:35:18.188] [INFO   ] thread Thread-0 starting.
[16:35:18.188] [INFO   ] thread Thread-1 starting.
[16:35:18.192] [INFO   ] thread computer-1 starting.
[16:35:18.192] [SEVERE ] updating countdown to 60000
[16:35:18.414] [INFO   ] place card step 0 
[16:35:18.414] [INFO   ] place card step 1 
[16:35:18.524] [SEVERE ] placing card 45 in slot 0
[16:35:18.635] [SEVERE ] placing card 62 in slot 1
[16:35:18.736] [SEVERE ] placing card 58 in slot 2
[16:35:18.852] [SEVERE ] placing card 74 in slot 3
[16:35:18.953] [SEVERE ] placing card 52 in slot 4
[16:35:19.069] [SEVERE ] placing card 77 in slot 5
[16:35:19.185] [SEVERE ] placing card 43 in slot 6
[16:35:19.302] [SEVERE ] placing card 56 in slot 7
[16:35:19.419] [SEVERE ] placing card 61 in slot 8
[16:35:19.533] [SEVERE ] placing card 3 in slot 9
[16:35:19.641] [SEVERE ] placing card 79 in slot 10
[16:35:19.750] [SEVERE ] placing card 11 in slot 11
[16:35:19.750] [INFO   ] place card step 2 
[16:35:19.750] [INFO   ] place card step 3 
[16:35:19.750] [INFO   ] place card step 5 
[16:35:19.750] [INFO   ] place card step 6 
[16:35:19.750] [INFO   ] place card step 7 
[16:35:19.750] [INFO   ] place card step 8 
[16:35:19.750] [INFO   ] before sleepUntilWokenOrTimeout 
[16:35:20.751] [SEVERE ] updating countdown to 57441
[16:35:21.191] [INFO   ] place card step 0 
[16:35:21.191] [INFO   ] place card step 1 
[16:35:21.191] [INFO   ] place card step 2 
[16:35:21.191] [INFO   ] place card step 3 
[16:35:21.194] [INFO   ] place card step 5 
[16:35:21.194] [INFO   ] place card step 6 
[16:35:21.194] [INFO   ] place card step 7 
[16:35:21.194] [INFO   ] place card step 8 
[16:35:21.194] [INFO   ] before sleepUntilWokenOrTimeout 
[16:35:22.207] [SEVERE ] updating countdown to 55985
[16:35:22.646] [INFO   ] place card step 0 
[16:35:22.646] [INFO   ] place card step 1 
[16:35:22.646] [INFO   ] place card step 2 
[16:35:22.646] [INFO   ] place card step 3 
[16:35:22.646] [INFO   ] place card step 5 
[16:35:22.646] [INFO   ] place card step 6 
[16:35:22.646] [INFO   ] place card step 7 
[16:35:22.646] [INFO   ] place card step 8 
[16:35:22.646] [INFO   ] before sleepUntilWokenOrTimeout 
[16:35:23.647] [SEVERE ] updating countdown to 54545
[16:35:24.084] [INFO   ] place card step 0 
[16:35:24.085] [INFO   ] place card step 1 
[16:35:24.085] [INFO   ] place card step 2 
[16:35:24.085] [INFO   ] place card step 3 
[16:35:24.087] [INFO   ] place card step 5 
[16:35:24.087] [INFO   ] place card step 6 
[16:35:24.087] [INFO   ] place card step 7 
[16:35:24.087] [INFO   ] place card step 8 
[16:35:24.087] [INFO   ] before sleepUntilWokenOrTimeout 
[16:35:24.535] [SEVERE ] key 80 was pressed by player 2
[16:35:24.537] [SEVERE ] player 2 placing token on slot 3
[16:35:25.101] [SEVERE ] updating countdown to 53091
[16:35:25.320] [SEVERE ] key 76 was pressed by player 2
[16:35:25.326] [SEVERE ] player 2 placing token on slot 6
[16:35:25.539] [INFO   ] place card step 0 
[16:35:25.539] [INFO   ] place card step 1 
[16:35:25.539] [INFO   ] place card step 2 
[16:35:25.539] [INFO   ] place card step 3 
[16:35:25.539] [INFO   ] place card step 5 
[16:35:25.539] [INFO   ] place card step 6 
[16:35:25.539] [INFO   ] place card step 7 
[16:35:25.539] [INFO   ] place card step 8 
[16:35:25.539] [INFO   ] before sleepUntilWokenOrTimeout 
[16:35:26.540] [SEVERE ] updating countdown to 51652
[16:35:26.978] [INFO   ] place card step 0 
[16:35:26.978] [INFO   ] place card step 1 
[16:35:26.978] [INFO   ] place card step 2 
[16:35:26.978] [INFO   ] place card step 3 
[16:35:26.978] [INFO   ] place card step 5 
[16:35:26.978] [INFO   ] place card step 6 
[16:35:26.978] [INFO   ] place card step 7 
[16:35:26.978] [INFO   ] place card step 8 
[16:35:26.978] [INFO   ] before sleepUntilWokenOrTimeout 
[16:35:27.511] [SEVERE ] key 76 was pressed by player 2
[16:35:27.511] [SEVERE ] removing player 2 token from slot 6
[16:35:27.981] [SEVERE ] updating countdown to 50211
[16:35:28.420] [INFO   ] place card step 0 
[16:35:28.420] [INFO   ] place card step 1 
[16:35:28.420] [INFO   ] place card step 2 
[16:35:28.420] [INFO   ] place card step 3 
[16:35:28.420] [INFO   ] place card step 5 
[16:35:28.420] [INFO   ] place card step 6 
[16:35:28.420] [INFO   ] place card step 7 
[16:35:28.420] [INFO   ] place card step 8 
[16:35:28.420] [INFO   ] before sleepUntilWokenOrTimeout 
[16:35:29.422] [SEVERE ] updating countdown to 48770
[16:35:29.860] [INFO   ] place card step 0 
[16:35:29.860] [INFO   ] place card step 1 
[16:35:29.860] [INFO   ] place card step 2 
[16:35:29.860] [INFO   ] place card step 3 
[16:35:29.860] [INFO   ] place card step 5 
[16:35:29.860] [INFO   ] place card step 6 
[16:35:29.860] [INFO   ] place card step 7 
[16:35:29.860] [INFO   ] place card step 8 
[16:35:29.860] [INFO   ] before sleepUntilWokenOrTimeout 
[16:35:30.048] [SEVERE ] key 81 was pressed by player 1
[16:35:30.048] [SEVERE ] player 1 placing token on slot 0
[16:35:30.440] [SEVERE ] key 65 was pressed by player 1
[16:35:30.440] [SEVERE ] player 1 placing token on slot 4
[16:35:30.863] [SEVERE ] updating countdown to 47329
[16:35:31.300] [INFO   ] place card step 0 
[16:35:31.300] [INFO   ] place card step 1 
[16:35:31.300] [INFO   ] place card step 2 
[16:35:31.300] [INFO   ] place card step 3 
[16:35:31.300] [INFO   ] place card step 5 
[16:35:31.300] [INFO   ] place card step 6 
[16:35:31.300] [INFO   ] place card step 7 
[16:35:31.300] [INFO   ] place card step 8 
[16:35:31.300] [INFO   ] before sleepUntilWokenOrTimeout 
[16:35:32.306] [SEVERE ] updating countdown to 45886
[16:35:32.744] [INFO   ] place card step 0 
[16:35:32.744] [INFO   ] place card step 1 
[16:35:32.744] [INFO   ] place card step 2 
[16:35:32.744] [INFO   ] place card step 3 
[16:35:32.744] [INFO   ] place card step 5 
[16:35:32.744] [INFO   ] place card step 6 
[16:35:32.744] [INFO   ] place card step 7 
[16:35:32.744] [INFO   ] place card step 8 
[16:35:32.744] [INFO   ] before sleepUntilWokenOrTimeout 
[16:35:33.747] [SEVERE ] updating countdown to 44445
[16:35:34.186] [INFO   ] place card step 0 
[16:35:34.186] [INFO   ] place card step 1 
[16:35:34.186] [INFO   ] place card step 2 
[16:35:34.186] [INFO   ] place card step 3 
[16:35:34.186] [INFO   ] place card step 5 
[16:35:34.186] [INFO   ] place card step 6 
[16:35:34.186] [INFO   ] place card step 7 
[16:35:34.186] [INFO   ] place card step 8 
[16:35:34.186] [INFO   ] before sleepUntilWokenOrTimeout 
[16:35:35.186] [SEVERE ] updating countdown to 43006
[16:35:35.624] [INFO   ] place card step 0 
[16:35:35.624] [INFO   ] place card step 1 
[16:35:35.624] [INFO   ] place card step 2 
[16:35:35.624] [INFO   ] place card step 3 
[16:35:35.624] [INFO   ] place card step 5 
[16:35:35.624] [INFO   ] place card step 6 
[16:35:35.624] [INFO   ] place card step 7 
[16:35:35.624] [INFO   ] place card step 8 
[16:35:35.624] [INFO   ] before sleepUntilWokenOrTimeout 
[16:35:36.626] [SEVERE ] updating countdown to 41566
[16:35:36.753] [SEVERE ] key 46 was pressed by player 2
[16:35:36.753] [SEVERE ] player 2 placing token on slot 10
[16:35:37.065] [INFO   ] place card step 0 
[16:35:37.065] [INFO   ] place card step 1 
[16:35:37.065] [INFO   ] place card step 2 
[16:35:37.065] [INFO   ] place card step 3 
[16:35:37.065] [INFO   ] place card step 5 
[16:35:37.065] [INFO   ] place card step 6 
[16:35:37.065] [INFO   ] place card step 7 
[16:35:37.065] [INFO   ] place card step 8 
[16:35:37.065] [INFO   ] before sleepUntilWokenOrTimeout 
[16:35:38.066] [SEVERE ] updating countdown to 40126
[16:35:38.503] [INFO   ] place card step 0 
[16:35:38.503] [INFO   ] place card step 1 
[16:35:38.503] [INFO   ] place card step 2 
[16:35:38.503] [INFO   ] place card step 3 
[16:35:38.503] [INFO   ] place card step 5 
[16:35:38.503] [INFO   ] place card step 6 
[16:35:38.503] [INFO   ] place card step 7 
[16:35:38.503] [INFO   ] place card step 8 
[16:35:38.503] [INFO   ] before sleepUntilWokenOrTimeout 
[16:35:39.446] [SEVERE ] key 46 was pressed by player 2
[16:35:39.447] [SEVERE ] removing player 2 token from slot 10
[16:35:39.506] [SEVERE ] updating countdown to 38686
[16:35:39.945] [INFO   ] place card step 0 
[16:35:39.945] [INFO   ] place card step 1 
[16:35:39.945] [INFO   ] place card step 2 
[16:35:39.945] [INFO   ] place card step 3 
[16:35:39.945] [INFO   ] place card step 5 
[16:35:39.945] [INFO   ] place card step 6 
[16:35:39.945] [INFO   ] place card step 7 
[16:35:39.945] [INFO   ] place card step 8 
[16:35:39.945] [INFO   ] before sleepUntilWokenOrTimeout 
[16:35:40.945] [SEVERE ] updating countdown to 37247
[16:35:41.383] [INFO   ] place card step 0 
[16:35:41.383] [INFO   ] place card step 1 
[16:35:41.383] [INFO   ] place card step 2 
[16:35:41.383] [INFO   ] place card step 3 
[16:35:41.383] [INFO   ] place card step 5 
[16:35:41.383] [INFO   ] place card step 6 
[16:35:41.383] [INFO   ] place card step 7 
[16:35:41.383] [INFO   ] place card step 8 
[16:35:41.383] [INFO   ] before sleepUntilWokenOrTimeout 
[16:35:42.398] [SEVERE ] updating countdown to 35794
[16:35:42.837] [INFO   ] place card step 0 
[16:35:42.837] [INFO   ] place card step 1 
[16:35:42.837] [INFO   ] place card step 2 
[16:35:42.837] [INFO   ] place card step 3 
[16:35:42.837] [INFO   ] place card step 5 
[16:35:42.837] [INFO   ] place card step 6 
[16:35:42.837] [INFO   ] place card step 7 
[16:35:42.837] [INFO   ] place card step 8 
[16:35:42.837] [INFO   ] before sleepUntilWokenOrTimeout 
[16:35:43.840] [SEVERE ] updating countdown to 34352
[16:35:44.277] [INFO   ] place card step 0 
[16:35:44.277] [INFO   ] place card step 1 
[16:35:44.277] [INFO   ] place card step 2 
[16:35:44.277] [INFO   ] place card step 3 
[16:35:44.277] [INFO   ] place card step 5 
[16:35:44.277] [INFO   ] place card step 6 
[16:35:44.277] [INFO   ] place card step 7 
[16:35:44.277] [INFO   ] place card step 8 
[16:35:44.277] [INFO   ] before sleepUntilWokenOrTimeout 
[16:35:45.191] [SEVERE ] key 81 was pressed by player 1
[16:35:45.191] [SEVERE ] removing player 1 token from slot 0
[16:35:45.281] [SEVERE ] updating countdown to 32911
[16:35:45.719] [INFO   ] place card step 0 
[16:35:45.719] [INFO   ] place card step 1 
[16:35:45.719] [INFO   ] place card step 2 
[16:35:45.719] [INFO   ] place card step 3 
[16:35:45.719] [INFO   ] place card step 5 
[16:35:45.719] [INFO   ] place card step 6 
[16:35:45.719] [INFO   ] place card step 7 
[16:35:45.719] [INFO   ] place card step 8 
[16:35:45.719] [INFO   ] before sleepUntilWokenOrTimeout 
[16:35:46.125] [SEVERE ] key 65 was pressed by player 1
[16:35:46.125] [SEVERE ] removing player 1 token from slot 4
[16:35:46.721] [SEVERE ] updating countdown to 31471
[16:35:47.160] [INFO   ] place card step 0 
[16:35:47.160] [INFO   ] place card step 1 
[16:35:47.160] [INFO   ] place card step 2 
[16:35:47.160] [INFO   ] place card step 3 
[16:35:47.160] [INFO   ] place card step 5 
[16:35:47.160] [INFO   ] place card step 6 
[16:35:47.160] [INFO   ] place card step 7 
[16:35:47.160] [INFO   ] place card step 8 
[16:35:47.160] [INFO   ] before sleepUntilWokenOrTimeout 
[16:35:47.709] [SEVERE ] key 88 was pressed by player 1
[16:35:47.709] [SEVERE ] player 1 placing token on slot 9
[16:35:47.786] [SEVERE ] key 80 was pressed by player 2
[16:35:47.786] [SEVERE ] removing player 2 token from slot 3
[16:35:48.163] [SEVERE ] updating countdown to 30029
[16:35:48.601] [INFO   ] place card step 0 
[16:35:48.601] [INFO   ] place card step 1 
[16:35:48.601] [INFO   ] place card step 2 
[16:35:48.601] [INFO   ] place card step 3 
[16:35:48.601] [INFO   ] place card step 5 
[16:35:48.601] [INFO   ] place card step 6 
[16:35:48.601] [INFO   ] place card step 7 
[16:35:48.601] [INFO   ] place card step 8 
[16:35:48.601] [INFO   ] before sleepUntilWokenOrTimeout 
[16:35:49.430] [SEVERE ] key 83 was pressed by player 1
[16:35:49.430] [SEVERE ] player 1 placing token on slot 5
[16:35:49.602] [SEVERE ] updating countdown to 28590
[16:35:49.947] [SEVERE ] key 83 was pressed by player 1
[16:35:49.947] [SEVERE ] removing player 1 token from slot 5
[16:35:50.041] [INFO   ] place card step 0 
[16:35:50.041] [INFO   ] place card step 1 
[16:35:50.041] [INFO   ] place card step 2 
[16:35:50.041] [INFO   ] place card step 3 
[16:35:50.041] [INFO   ] place card step 5 
[16:35:50.041] [INFO   ] place card step 6 
[16:35:50.041] [INFO   ] place card step 7 
[16:35:50.041] [INFO   ] place card step 8 
[16:35:50.041] [INFO   ] before sleepUntilWokenOrTimeout 
[16:35:50.135] [SEVERE ] key 68 was pressed by player 1
[16:35:50.135] [SEVERE ] player 1 placing token on slot 6
[16:35:51.042] [SEVERE ] updating countdown to 27150
[16:35:51.184] [SEVERE ] key 82 was pressed by player 1
[16:35:51.200] [SEVERE ] player 1 placing token on slot 3
[16:35:51.263] [INFO   ] remove  in the table step 1
[16:35:51.263] [INFO   ] remove  in the table step 2
[16:35:51.263] [SEVERE ] setting player 1 score to 1
[16:35:51.263] [SEVERE ] setting player 1 freeze to 1000
[16:35:52.265] [SEVERE ] setting player 1 freeze to 0
[16:35:52.265] [SEVERE ] removing player 1 token from slot 9
[16:35:52.375] [SEVERE ] removing card from slot 9
[16:35:52.375] [SEVERE ] removing player 1 token from slot 6
[16:35:52.485] [SEVERE ] removing card from slot 6
[16:35:52.485] [SEVERE ] removing player 1 token from slot 3
[16:35:52.595] [SEVERE ] removing card from slot 3
[16:35:52.595] [SEVERE ] updating countdown to 60000
[16:35:52.811] [INFO   ] place card step 0 
[16:35:52.811] [INFO   ] place card step 1 
[16:35:52.921] [SEVERE ] placing card 33 in slot 3
[16:35:53.031] [SEVERE ] placing card 67 in slot 6
[16:35:53.141] [SEVERE ] placing card 50 in slot 9
[16:35:53.141] [INFO   ] place card step 2 
[16:35:53.141] [INFO   ] place card step 3 
[16:35:53.141] [INFO   ] place card step 5 
[16:35:53.141] [INFO   ] place card step 6 
[16:35:53.141] [INFO   ] place card step 7 
[16:35:53.141] [INFO   ] place card step 8 
[16:35:53.141] [INFO   ] before sleepUntilWokenOrTimeout 
[16:35:54.144] [SEVERE ] updating countdown to 58451
[16:35:54.582] [INFO   ] place card step 0 
[16:35:54.582] [INFO   ] place card step 1 
[16:35:54.582] [INFO   ] place card step 2 
[16:35:54.582] [INFO   ] place card step 3 
[16:35:54.582] [INFO   ] place card step 5 
[16:35:54.582] [INFO   ] place card step 6 
[16:35:54.582] [INFO   ] place card step 7 
[16:35:54.582] [INFO   ] place card step 8 
[16:35:54.582] [INFO   ] before sleepUntilWokenOrTimeout 
[16:35:55.583] [SEVERE ] updating countdown to 57012
[16:35:56.021] [INFO   ] place card step 0 
[16:35:56.021] [INFO   ] place card step 1 
[16:35:56.021] [INFO   ] place card step 2 
[16:35:56.021] [INFO   ] place card step 3 
[16:35:56.021] [INFO   ] place card step 5 
[16:35:56.021] [INFO   ] place card step 6 
[16:35:56.021] [INFO   ] place card step 7 
[16:35:56.021] [INFO   ] place card step 8 
[16:35:56.021] [INFO   ] before sleepUntilWokenOrTimeout 
[16:35:57.021] [SEVERE ] updating countdown to 55574
[16:35:57.458] [INFO   ] place card step 0 
[16:35:57.458] [INFO   ] place card step 1 
[16:35:57.458] [INFO   ] place card step 2 
[16:35:57.458] [INFO   ] place card step 3 
[16:35:57.458] [INFO   ] place card step 5 
[16:35:57.458] [INFO   ] place card step 6 
[16:35:57.458] [INFO   ] place card step 7 
[16:35:57.458] [INFO   ] place card step 8 
[16:35:57.458] [INFO   ] before sleepUntilWokenOrTimeout 
[16:35:58.459] [SEVERE ] updating countdown to 54136
[16:35:58.898] [INFO   ] place card step 0 
[16:35:58.898] [INFO   ] place card step 1 
[16:35:58.898] [INFO   ] place card step 2 
[16:35:58.898] [INFO   ] place card step 3 
[16:35:58.898] [INFO   ] place card step 5 
[16:35:58.898] [INFO   ] place card step 6 
[16:35:58.898] [INFO   ] place card step 7 
[16:35:58.898] [INFO   ] place card step 8 
[16:35:58.898] [INFO   ] before sleepUntilWokenOrTimeout 
[16:35:59.898] [SEVERE ] updating countdown to 52697
[16:36:00.336] [INFO   ] place card step 0 
[16:36:00.336] [INFO   ] place card step 1 
[16:36:00.336] [INFO   ] place card step 2 
[16:36:00.336] [INFO   ] place card step 3 
[16:36:00.336] [INFO   ] place card step 5 
[16:36:00.336] [INFO   ] place card step 6 
[16:36:00.336] [INFO   ] place card step 7 
[16:36:00.336] [INFO   ] place card step 8 
[16:36:00.336] [INFO   ] before sleepUntilWokenOrTimeout 
[16:36:01.340] [SEVERE ] updating countdown to 51255
[16:36:01.777] [INFO   ] place card step 0 
[16:36:01.777] [INFO   ] place card step 1 
[16:36:01.777] [INFO   ] place card step 2 
[16:36:01.777] [INFO   ] place card step 3 
[16:36:01.777] [INFO   ] place card step 5 
[16:36:01.777] [INFO   ] place card step 6 
[16:36:01.777] [INFO   ] place card step 7 
[16:36:01.777] [INFO   ] place card step 8 
[16:36:01.777] [INFO   ] before sleepUntilWokenOrTimeout 
[16:36:02.780] [SEVERE ] updating countdown to 49815
[16:36:03.218] [INFO   ] place card step 0 
[16:36:03.218] [INFO   ] place card step 1 
[16:36:03.218] [INFO   ] place card step 2 
[16:36:03.218] [INFO   ] place card step 3 
[16:36:03.218] [INFO   ] place card step 5 
[16:36:03.218] [INFO   ] place card step 6 
[16:36:03.218] [INFO   ] place card step 7 
[16:36:03.218] [INFO   ] place card step 8 
[16:36:03.218] [INFO   ] before sleepUntilWokenOrTimeout 
[16:36:04.221] [SEVERE ] updating countdown to 48374
[16:36:04.659] [INFO   ] place card step 0 
[16:36:04.659] [INFO   ] place card step 1 
[16:36:04.659] [INFO   ] place card step 2 
[16:36:04.659] [INFO   ] place card step 3 
[16:36:04.659] [INFO   ] place card step 5 
[16:36:04.659] [INFO   ] place card step 6 
[16:36:04.659] [INFO   ] place card step 7 
[16:36:04.659] [INFO   ] place card step 8 
[16:36:04.659] [INFO   ] before sleepUntilWokenOrTimeout 
[16:36:05.663] [SEVERE ] updating countdown to 46932
[16:36:06.101] [INFO   ] place card step 0 
[16:36:06.101] [INFO   ] place card step 1 
[16:36:06.101] [INFO   ] place card step 2 
[16:36:06.101] [INFO   ] place card step 3 
[16:36:06.101] [INFO   ] place card step 5 
[16:36:06.101] [INFO   ] place card step 6 
[16:36:06.101] [INFO   ] place card step 7 
[16:36:06.101] [INFO   ] place card step 8 
[16:36:06.101] [INFO   ] before sleepUntilWokenOrTimeout 
[16:36:07.118] [SEVERE ] updating countdown to 45477
[16:36:07.551] [INFO   ] place card step 0 
[16:36:07.551] [INFO   ] place card step 1 
[16:36:07.551] [INFO   ] place card step 2 
[16:36:07.551] [INFO   ] place card step 3 
[16:36:07.552] [INFO   ] place card step 5 
[16:36:07.552] [INFO   ] place card step 6 
[16:36:07.552] [INFO   ] place card step 7 
[16:36:07.552] [INFO   ] place card step 8 
[16:36:07.552] [INFO   ] before sleepUntilWokenOrTimeout 
[16:36:08.565] [SEVERE ] updating countdown to 44030
[16:36:09.007] [INFO   ] place card step 0 
[16:36:09.007] [INFO   ] place card step 1 
[16:36:09.007] [INFO   ] place card step 2 
[16:36:09.007] [INFO   ] place card step 3 
[16:36:09.007] [INFO   ] place card step 5 
[16:36:09.007] [INFO   ] place card step 6 
[16:36:09.007] [INFO   ] place card step 7 
[16:36:09.007] [INFO   ] place card step 8 
[16:36:09.007] [INFO   ] before sleepUntilWokenOrTimeout 
[16:36:10.019] [SEVERE ] updating countdown to 42576
[16:36:10.455] [INFO   ] place card step 0 
[16:36:10.455] [INFO   ] place card step 1 
[16:36:10.455] [INFO   ] place card step 2 
[16:36:10.455] [INFO   ] place card step 3 
[16:36:10.455] [INFO   ] place card step 5 
[16:36:10.455] [INFO   ] place card step 6 
[16:36:10.455] [INFO   ] place card step 7 
[16:36:10.455] [INFO   ] place card step 8 
[16:36:10.455] [INFO   ] before sleepUntilWokenOrTimeout 
[16:36:11.458] [SEVERE ] updating countdown to 41137
[16:36:11.897] [INFO   ] place card step 0 
[16:36:11.897] [INFO   ] place card step 1 
[16:36:11.897] [INFO   ] place card step 2 
[16:36:11.897] [INFO   ] place card step 3 
[16:36:11.897] [INFO   ] place card step 5 
[16:36:11.897] [INFO   ] place card step 6 
[16:36:11.897] [INFO   ] place card step 7 
[16:36:11.897] [INFO   ] place card step 8 
[16:36:11.897] [INFO   ] before sleepUntilWokenOrTimeout 
[16:36:12.379] [SEVERE ] key 79 was pressed by player 2
[16:36:12.379] [SEVERE ] player 2 placing token on slot 2
[16:36:12.414] [SEVERE ] key 73 was pressed by player 2
[16:36:12.414] [SEVERE ] player 2 placing token on slot 1
[16:36:12.911] [SEVERE ] updating countdown to 39684
[16:36:13.348] [INFO   ] place card step 0 
[16:36:13.348] [INFO   ] place card step 1 
[16:36:13.348] [INFO   ] place card step 2 
[16:36:13.348] [INFO   ] place card step 3 
[16:36:13.348] [INFO   ] place card step 5 
[16:36:13.348] [INFO   ] place card step 6 
[16:36:13.348] [INFO   ] place card step 7 
[16:36:13.348] [INFO   ] place card step 8 
[16:36:13.348] [INFO   ] before sleepUntilWokenOrTimeout 
[16:36:13.411] [SEVERE ] key 81 was pressed by player 1
[16:36:13.411] [SEVERE ] player 1 placing token on slot 0
[16:36:14.364] [SEVERE ] updating countdown to 38231
[16:36:14.803] [INFO   ] place card step 0 
[16:36:14.803] [INFO   ] place card step 1 
[16:36:14.803] [INFO   ] place card step 2 
[16:36:14.803] [INFO   ] place card step 3 
[16:36:14.803] [INFO   ] place card step 5 
[16:36:14.803] [INFO   ] place card step 6 
[16:36:14.803] [INFO   ] place card step 7 
[16:36:14.803] [INFO   ] place card step 8 
[16:36:14.803] [INFO   ] before sleepUntilWokenOrTimeout 
[16:36:15.818] [SEVERE ] updating countdown to 36777
[16:36:16.077] [SEVERE ] exit button pressed
[16:36:16.256] [INFO   ] place card step 0 
[16:36:16.256] [INFO   ] place card step 1 
[16:36:16.256] [INFO   ] place card step 2 
[16:36:16.256] [INFO   ] place card step 3 
[16:36:16.256] [INFO   ] place card step 5 
[16:36:16.256] [INFO   ] place card step 6 
[16:36:16.256] [INFO   ] place card step 7 
[16:36:16.256] [INFO   ] place card step 8 
[16:36:16.256] [INFO   ] before sleepUntilWokenOrTimeout 
[16:36:17.257] [SEVERE ] updating countdown to 35338
[16:36:17.695] [INFO   ] place card step 0 
[16:36:17.695] [INFO   ] place card step 1 
[16:36:17.695] [INFO   ] place card step 2 
[16:36:17.695] [INFO   ] place card step 3 
[16:36:17.695] [INFO   ] place card step 5 
[16:36:17.695] [INFO   ] place card step 6 
[16:36:17.695] [INFO   ] place card step 7 
[16:36:17.695] [INFO   ] place card step 8 
[16:36:17.695] [INFO   ] before sleepUntilWokenOrTimeout 
[16:36:18.699] [SEVERE ] updating countdown to 33896
[16:36:19.130] [INFO   ] place card step 0 
[16:36:19.131] [INFO   ] place card step 1 
[16:36:19.131] [INFO   ] place card step 2 
[16:36:19.131] [INFO   ] place card step 3 
[16:36:19.131] [INFO   ] place card step 5 
[16:36:19.131] [INFO   ] place card step 6 
[16:36:19.131] [INFO   ] place card step 7 
[16:36:19.131] [INFO   ] place card step 8 
[16:36:19.131] [INFO   ] before sleepUntilWokenOrTimeout 
[16:36:20.146] [SEVERE ] updating countdown to 32449
[16:36:20.585] [INFO   ] place card step 0 
[16:36:20.585] [INFO   ] place card step 1 
[16:36:20.585] [INFO   ] place card step 2 
[16:36:20.585] [INFO   ] place card step 3 
[16:36:20.585] [INFO   ] place card step 5 
[16:36:20.585] [INFO   ] place card step 6 
[16:36:20.585] [INFO   ] place card step 7 
[16:36:20.585] [INFO   ] place card step 8 
[16:36:20.585] [INFO   ] before sleepUntilWokenOrTimeout 
[16:36:21.600] [SEVERE ] updating countdown to 30995
[16:36:22.038] [INFO   ] place card step 0 
[16:36:22.038] [INFO   ] place card step 1 
[16:36:22.038] [INFO   ] place card step 2 
[16:36:22.038] [INFO   ] place card step 3 
[16:36:22.038] [INFO   ] place card step 5 
[16:36:22.038] [INFO   ] place card step 6 
[16:36:22.038] [INFO   ] place card step 7 
[16:36:22.038] [INFO   ] place card step 8 
[16:36:22.038] [INFO   ] before sleepUntilWokenOrTimeout 
[16:36:23.039] [SEVERE ] updating countdown to 29556
[16:36:23.478] [INFO   ] place card step 0 
[16:36:23.478] [INFO   ] place card step 1 
[16:36:23.478] [INFO   ] place card step 2 
[16:36:23.478] [INFO   ] place card step 3 
[16:36:23.478] [INFO   ] place card step 5 
[16:36:23.478] [INFO   ] place card step 6 
[16:36:23.478] [INFO   ] place card step 7 
[16:36:23.478] [INFO   ] place card step 8 
[16:36:23.479] [INFO   ] before sleepUntilWokenOrTimeout 
[16:36:24.482] [SEVERE ] updating countdown to 28113
[16:36:24.921] [INFO   ] place card step 0 
[16:36:24.921] [INFO   ] place card step 1 
[16:36:24.921] [INFO   ] place card step 2 
[16:36:24.921] [INFO   ] place card step 3 
[16:36:24.921] [INFO   ] place card step 5 
[16:36:24.921] [INFO   ] place card step 6 
[16:36:24.921] [INFO   ] place card step 7 
[16:36:24.921] [INFO   ] place card step 8 
[16:36:24.921] [INFO   ] before sleepUntilWokenOrTimeout 
[16:36:25.922] [SEVERE ] updating countdown to 26673
[16:36:26.094] [INFO   ] thread Thread-0 terminated.
[16:36:26.096] [INFO   ] thread computer-1 terminated.
[16:36:26.096] [INFO   ] thread Thread-1 terminated.
[16:36:26.143] [INFO   ] remove  in the table step 1
[16:36:26.143] [INFO   ] remove  in the table step 2
[16:36:26.143] [SEVERE ] setting player 1 freeze to 3000
[16:36:27.145] [SEVERE ] setting player 1 freeze to 2000
[16:36:28.158] [SEVERE ] setting player 1 freeze to 1000
[16:36:29.162] [SEVERE ] setting player 1 freeze to 0
[16:36:29.162] [SEVERE ] removing player 1 token from slot 0
[16:36:29.162] [INFO   ] remove  in the table step 1
[16:36:29.162] [INFO   ] remove  in the table step 2
[16:36:29.162] [SEVERE ] setting player 2 score to 1
[16:36:29.162] [SEVERE ] setting player 2 freeze to 1000
[16:36:30.167] [SEVERE ] setting player 2 freeze to 0
[16:36:30.167] [SEVERE ] removing player 2 token from slot 2
[16:36:30.278] [SEVERE ] removing card from slot 2
[16:36:30.278] [SEVERE ] removing player 2 token from slot 1
[16:36:30.388] [SEVERE ] removing card from slot 1
[16:36:30.388] [SEVERE ] updating countdown to 60000
[16:36:30.608] [INFO   ] place card step 0 
[16:36:30.608] [INFO   ] place card step 1 
[16:36:30.718] [SEVERE ] placing card 8 in slot 1
[16:36:30.827] [SEVERE ] placing card 51 in slot 2
[16:36:30.827] [INFO   ] place card step 2 
[16:36:30.827] [INFO   ] place card step 3 
[16:36:30.827] [INFO   ] place card step 5 
[16:36:30.827] [INFO   ] place card step 6 
[16:36:30.827] [INFO   ] place card step 7 
[16:36:30.827] [INFO   ] place card step 8 
[16:36:30.827] [SEVERE ] updating countdown to 60000
[16:36:31.155] [SEVERE ] removing card from slot 0
[16:36:31.264] [SEVERE ] removing card from slot 1
[16:36:31.374] [SEVERE ] removing card from slot 2
[16:36:31.484] [SEVERE ] removing card from slot 3
[16:36:31.593] [SEVERE ] removing card from slot 4
[16:36:31.703] [SEVERE ] removing card from slot 5
[16:36:31.812] [SEVERE ] removing card from slot 6
[16:36:31.921] [SEVERE ] removing card from slot 7
[16:36:32.031] [SEVERE ] removing card from slot 8
[16:36:32.141] [SEVERE ] removing card from slot 9
[16:36:32.250] [SEVERE ] removing card from slot 10
[16:36:32.358] [SEVERE ] removing card from slot 11
[16:36:32.359] [SEVERE ] announcing winner(s): player 1, player 2
[16:36:32.362] [INFO   ] thread dealer terminated.
[16:36:32.362] [INFO   ] thread dealer terminated.
[16:36:32.362] [SEVERE ] thanks for playing... it was fun!
[16:36:32.363] [INFO   ] thread main terminated.
