[15:59:56.151] [INFO   ] thread main starting.
[15:59:56.151] [SEVERE ] cannot read configuration file config.properties trying from resources.
[15:59:56.151] [SEVERE ] configuration file was loaded from resources directory.
[15:59:56.821] [INFO   ] thread dealer starting.
[15:59:56.822] [INFO   ] thread dealer starting.
[15:59:56.823] [SEVERE ] updating countdown to 60000
[15:59:56.823] [INFO   ] thread Thread-1 starting.
[15:59:56.823] [INFO   ] thread Thread-0 starting.
[15:59:57.039] [INFO   ] place card step 0 
[15:59:57.039] [INFO   ] place card step 1 
[15:59:57.148] [SEVERE ] placing card 5 in slot 0
[15:59:57.258] [SEVERE ] placing card 15 in slot 1
[15:59:57.360] [SEVERE ] placing card 37 in slot 2
[15:59:57.461] [SEVERE ] placing card 52 in slot 3
[15:59:57.578] [SEVERE ] placing card 56 in slot 4
[15:59:57.695] [SEVERE ] placing card 80 in slot 5
[15:59:57.796] [SEVERE ] placing card 69 in slot 6
[15:59:57.912] [SEVERE ] placing card 48 in slot 7
[15:59:58.015] [SEVERE ] placing card 14 in slot 8
[15:59:58.126] [SEVERE ] placing card 55 in slot 9
[15:59:58.239] [SEVERE ] placing card 43 in slot 10
[15:59:58.349] [SEVERE ] placing card 31 in slot 11
[15:59:58.349] [INFO   ] place card step 2 
[15:59:58.349] [INFO   ] place card step 3 
[15:59:58.349] [INFO   ] place card step 5 
[15:59:58.349] [INFO   ] place card step 6 
[15:59:58.349] [INFO   ] place card step 7 
[15:59:58.349] [INFO   ] place card step 8 
[15:59:58.349] [INFO   ] before sleepUntilWokenOrTimeout 
[15:59:59.349] [SEVERE ] updating countdown to 57475
[15:59:59.787] [INFO   ] place card step 0 
[15:59:59.787] [INFO   ] place card step 1 
[15:59:59.787] [INFO   ] place card step 2 
[15:59:59.787] [INFO   ] place card step 3 
[15:59:59.787] [INFO   ] place card step 5 
[15:59:59.787] [INFO   ] place card step 6 
[15:59:59.787] [INFO   ] place card step 7 
[15:59:59.787] [INFO   ] place card step 8 
[15:59:59.787] [INFO   ] before sleepUntilWokenOrTimeout 
[16:00:00.788] [SEVERE ] updating countdown to 56036
[16:00:01.226] [INFO   ] place card step 0 
[16:00:01.226] [INFO   ] place card step 1 
[16:00:01.226] [INFO   ] place card step 2 
[16:00:01.226] [INFO   ] place card step 3 
[16:00:01.226] [INFO   ] place card step 5 
[16:00:01.226] [INFO   ] place card step 6 
[16:00:01.226] [INFO   ] place card step 7 
[16:00:01.226] [INFO   ] place card step 8 
[16:00:01.226] [INFO   ] before sleepUntilWokenOrTimeout 
[16:00:02.228] [SEVERE ] updating countdown to 54596
[16:00:02.668] [INFO   ] place card step 0 
[16:00:02.668] [INFO   ] place card step 1 
[16:00:02.668] [INFO   ] place card step 2 
[16:00:02.668] [INFO   ] place card step 3 
[16:00:02.668] [INFO   ] place card step 5 
[16:00:02.668] [INFO   ] place card step 6 
[16:00:02.668] [INFO   ] place card step 7 
[16:00:02.668] [INFO   ] place card step 8 
[16:00:02.668] [INFO   ] before sleepUntilWokenOrTimeout 
[16:00:03.669] [SEVERE ] updating countdown to 53155
[16:00:04.109] [INFO   ] place card step 0 
[16:00:04.109] [INFO   ] place card step 1 
[16:00:04.109] [INFO   ] place card step 2 
[16:00:04.109] [INFO   ] place card step 3 
[16:00:04.109] [INFO   ] place card step 5 
[16:00:04.109] [INFO   ] place card step 6 
[16:00:04.109] [INFO   ] place card step 7 
[16:00:04.109] [INFO   ] place card step 8 
[16:00:04.109] [INFO   ] before sleepUntilWokenOrTimeout 
[16:00:05.109] [SEVERE ] updating countdown to 51715
[16:00:05.547] [INFO   ] place card step 0 
[16:00:05.547] [INFO   ] place card step 1 
[16:00:05.547] [INFO   ] place card step 2 
[16:00:05.547] [INFO   ] place card step 3 
[16:00:05.547] [INFO   ] place card step 5 
[16:00:05.547] [INFO   ] place card step 6 
[16:00:05.547] [INFO   ] place card step 7 
[16:00:05.547] [INFO   ] place card step 8 
[16:00:05.547] [INFO   ] before sleepUntilWokenOrTimeout 
[16:00:06.551] [SEVERE ] updating countdown to 50273
[16:00:06.989] [INFO   ] place card step 0 
[16:00:06.989] [INFO   ] place card step 1 
[16:00:06.989] [INFO   ] place card step 2 
[16:00:06.989] [INFO   ] place card step 3 
[16:00:06.989] [INFO   ] place card step 5 
[16:00:06.989] [INFO   ] place card step 6 
[16:00:06.989] [INFO   ] place card step 7 
[16:00:06.989] [INFO   ] place card step 8 
[16:00:06.989] [INFO   ] before sleepUntilWokenOrTimeout 
[16:00:07.989] [SEVERE ] updating countdown to 48835
[16:00:08.429] [INFO   ] place card step 0 
[16:00:08.429] [INFO   ] place card step 1 
[16:00:08.429] [INFO   ] place card step 2 
[16:00:08.429] [INFO   ] place card step 3 
[16:00:08.429] [INFO   ] place card step 5 
[16:00:08.429] [INFO   ] place card step 6 
[16:00:08.429] [INFO   ] place card step 7 
[16:00:08.429] [INFO   ] place card step 8 
[16:00:08.429] [INFO   ] before sleepUntilWokenOrTimeout 
[16:00:09.431] [SEVERE ] updating countdown to 47393
[16:00:09.869] [INFO   ] place card step 0 
[16:00:09.869] [INFO   ] place card step 1 
[16:00:09.869] [INFO   ] place card step 2 
[16:00:09.869] [INFO   ] place card step 3 
[16:00:09.869] [INFO   ] place card step 5 
[16:00:09.869] [INFO   ] place card step 6 
[16:00:09.869] [INFO   ] place card step 7 
[16:00:09.869] [INFO   ] place card step 8 
[16:00:09.869] [INFO   ] before sleepUntilWokenOrTimeout 
[16:00:10.873] [SEVERE ] updating countdown to 45951
[16:00:11.313] [INFO   ] place card step 0 
[16:00:11.313] [INFO   ] place card step 1 
[16:00:11.313] [INFO   ] place card step 2 
[16:00:11.313] [INFO   ] place card step 3 
[16:00:11.313] [INFO   ] place card step 5 
[16:00:11.313] [INFO   ] place card step 6 
[16:00:11.313] [INFO   ] place card step 7 
[16:00:11.313] [INFO   ] place card step 8 
[16:00:11.313] [INFO   ] before sleepUntilWokenOrTimeout 
[16:00:12.317] [SEVERE ] updating countdown to 44507
[16:00:12.755] [INFO   ] place card step 0 
[16:00:12.755] [INFO   ] place card step 1 
[16:00:12.755] [INFO   ] place card step 2 
[16:00:12.755] [INFO   ] place card step 3 
[16:00:12.755] [INFO   ] place card step 5 
[16:00:12.755] [INFO   ] place card step 6 
[16:00:12.755] [INFO   ] place card step 7 
[16:00:12.755] [INFO   ] place card step 8 
[16:00:12.755] [INFO   ] before sleepUntilWokenOrTimeout 
[16:00:13.757] [SEVERE ] updating countdown to 43067
[16:00:14.195] [INFO   ] place card step 0 
[16:00:14.195] [INFO   ] place card step 1 
[16:00:14.195] [INFO   ] place card step 2 
[16:00:14.195] [INFO   ] place card step 3 
[16:00:14.195] [INFO   ] place card step 5 
[16:00:14.195] [INFO   ] place card step 6 
[16:00:14.195] [INFO   ] place card step 7 
[16:00:14.195] [INFO   ] place card step 8 
[16:00:14.195] [INFO   ] before sleepUntilWokenOrTimeout 
[16:00:15.197] [SEVERE ] updating countdown to 41627
[16:00:15.637] [INFO   ] place card step 0 
[16:00:15.637] [INFO   ] place card step 1 
[16:00:15.637] [INFO   ] place card step 2 
[16:00:15.637] [INFO   ] place card step 3 
[16:00:15.637] [INFO   ] place card step 5 
[16:00:15.637] [INFO   ] place card step 6 
[16:00:15.637] [INFO   ] place card step 7 
[16:00:15.637] [INFO   ] place card step 8 
[16:00:15.637] [INFO   ] before sleepUntilWokenOrTimeout 
[16:00:16.642] [SEVERE ] updating countdown to 40182
[16:00:17.086] [INFO   ] place card step 0 
[16:00:17.086] [INFO   ] place card step 1 
[16:00:17.086] [INFO   ] place card step 2 
[16:00:17.086] [INFO   ] place card step 3 
[16:00:17.086] [INFO   ] place card step 5 
[16:00:17.086] [INFO   ] place card step 6 
[16:00:17.086] [INFO   ] place card step 7 
[16:00:17.086] [INFO   ] place card step 8 
[16:00:17.086] [INFO   ] before sleepUntilWokenOrTimeout 
[16:00:18.086] [SEVERE ] updating countdown to 38738
[16:00:18.523] [INFO   ] place card step 0 
[16:00:18.523] [INFO   ] place card step 1 
[16:00:18.523] [INFO   ] place card step 2 
[16:00:18.523] [INFO   ] place card step 3 
[16:00:18.523] [INFO   ] place card step 5 
[16:00:18.523] [INFO   ] place card step 6 
[16:00:18.523] [INFO   ] place card step 7 
[16:00:18.523] [INFO   ] place card step 8 
[16:00:18.523] [INFO   ] before sleepUntilWokenOrTimeout 
[16:00:19.525] [SEVERE ] updating countdown to 37299
[16:00:19.962] [INFO   ] place card step 0 
[16:00:19.962] [INFO   ] place card step 1 
[16:00:19.962] [INFO   ] place card step 2 
[16:00:19.962] [INFO   ] place card step 3 
[16:00:19.962] [INFO   ] place card step 5 
[16:00:19.962] [INFO   ] place card step 6 
[16:00:19.962] [INFO   ] place card step 7 
[16:00:19.962] [INFO   ] place card step 8 
[16:00:19.962] [INFO   ] before sleepUntilWokenOrTimeout 
[16:00:20.966] [SEVERE ] updating countdown to 35858
[16:00:21.403] [INFO   ] place card step 0 
[16:00:21.403] [INFO   ] place card step 1 
[16:00:21.403] [INFO   ] place card step 2 
[16:00:21.403] [INFO   ] place card step 3 
[16:00:21.403] [INFO   ] place card step 5 
[16:00:21.403] [INFO   ] place card step 6 
[16:00:21.403] [INFO   ] place card step 7 
[16:00:21.403] [INFO   ] place card step 8 
[16:00:21.403] [INFO   ] before sleepUntilWokenOrTimeout 
[16:00:22.407] [SEVERE ] updating countdown to 34417
[16:00:22.844] [INFO   ] place card step 0 
[16:00:22.844] [INFO   ] place card step 1 
[16:00:22.844] [INFO   ] place card step 2 
[16:00:22.844] [INFO   ] place card step 3 
[16:00:22.845] [INFO   ] place card step 5 
[16:00:22.845] [INFO   ] place card step 6 
[16:00:22.845] [INFO   ] place card step 7 
[16:00:22.845] [INFO   ] place card step 8 
[16:00:22.845] [INFO   ] before sleepUntilWokenOrTimeout 
[16:00:23.846] [SEVERE ] updating countdown to 32978
[16:00:23.894] [SEVERE ] key 47 was pressed by player 2
[16:00:23.894] [SEVERE ] player 2 placing token on slot 11
[16:00:24.285] [INFO   ] place card step 0 
[16:00:24.285] [INFO   ] place card step 1 
[16:00:24.285] [INFO   ] place card step 2 
[16:00:24.285] [INFO   ] place card step 3 
[16:00:24.285] [INFO   ] place card step 5 
[16:00:24.285] [INFO   ] place card step 6 
[16:00:24.285] [INFO   ] place card step 7 
[16:00:24.285] [INFO   ] place card step 8 
[16:00:24.285] [INFO   ] before sleepUntilWokenOrTimeout 
[16:00:24.956] [SEVERE ] key 80 was pressed by player 2
[16:00:24.956] [SEVERE ] player 2 placing token on slot 3
[16:00:25.286] [SEVERE ] updating countdown to 31538
[16:00:25.601] [SEVERE ] key 79 was pressed by player 2
[16:00:25.601] [SEVERE ] player 2 placing token on slot 2
[16:00:25.726] [INFO   ] place card step 0 
[16:00:25.726] [INFO   ] place card step 1 
[16:00:25.726] [INFO   ] place card step 2 
[16:00:25.726] [INFO   ] place card step 3 
[16:00:25.726] [INFO   ] place card step 5 
[16:00:25.726] [INFO   ] place card step 6 
[16:00:25.726] [INFO   ] place card step 7 
[16:00:25.726] [INFO   ] place card step 8 
[16:00:25.726] [INFO   ] before sleepUntilWokenOrTimeout 
[16:00:25.726] [SEVERE ] updating countdown to 31098
[16:00:25.945] [INFO   ] remove  in the table step 1
[16:00:25.945] [INFO   ] remove  in the table step 2
[16:00:25.945] [INFO   ] point step 1!!!!
[16:00:25.945] [SEVERE ] setting player 2 score to 1
[16:00:25.945] [INFO   ] point step 2
[16:00:25.945] [SEVERE ] setting player 2 freeze to 1000
[16:00:25.945] [INFO   ] point step 3
[16:00:25.945] [INFO   ] point step while!!!!!! poimt freeze1000
[16:00:26.948] [SEVERE ] setting player 2 freeze to 0
[16:00:26.948] [SEVERE ] removing player 2 token from slot 11
[16:00:27.058] [SEVERE ] removing card from slot 11
[16:00:27.058] [SEVERE ] removing player 2 token from slot 3
[16:00:27.167] [SEVERE ] removing card from slot 3
[16:00:27.167] [SEVERE ] removing player 2 token from slot 2
[16:00:27.277] [SEVERE ] removing card from slot 2
[16:00:27.277] [SEVERE ] updating countdown to 60000
[16:00:27.496] [INFO   ] place card step 0 
[16:00:27.496] [INFO   ] place card step 1 
[16:00:27.606] [SEVERE ] placing card 32 in slot 2
[16:00:27.716] [SEVERE ] placing card 62 in slot 3
[16:00:27.826] [SEVERE ] placing card 6 in slot 11
[16:00:27.826] [INFO   ] place card step 2 
[16:00:27.826] [INFO   ] place card step 3 
[16:00:27.826] [INFO   ] place card step 5 
[16:00:27.826] [INFO   ] place card step 6 
[16:00:27.826] [INFO   ] place card step 7 
[16:00:27.826] [INFO   ] place card step 8 
[16:00:27.826] [INFO   ] before sleepUntilWokenOrTimeout 
[16:00:28.828] [SEVERE ] updating countdown to 58449
[16:00:29.266] [INFO   ] place card step 0 
[16:00:29.266] [INFO   ] place card step 1 
[16:00:29.266] [INFO   ] place card step 2 
[16:00:29.266] [INFO   ] place card step 3 
[16:00:29.266] [INFO   ] place card step 5 
[16:00:29.266] [INFO   ] place card step 6 
[16:00:29.266] [INFO   ] place card step 7 
[16:00:29.266] [INFO   ] place card step 8 
[16:00:29.266] [INFO   ] before sleepUntilWokenOrTimeout 
[16:00:30.269] [SEVERE ] updating countdown to 57008
[16:00:30.707] [INFO   ] place card step 0 
[16:00:30.707] [INFO   ] place card step 1 
[16:00:30.707] [INFO   ] place card step 2 
[16:00:30.707] [INFO   ] place card step 3 
[16:00:30.707] [INFO   ] place card step 5 
[16:00:30.707] [INFO   ] place card step 6 
[16:00:30.707] [INFO   ] place card step 7 
[16:00:30.707] [INFO   ] place card step 8 
[16:00:30.707] [INFO   ] before sleepUntilWokenOrTimeout 
[16:00:31.710] [SEVERE ] updating countdown to 55567
[16:00:32.150] [INFO   ] place card step 0 
[16:00:32.150] [INFO   ] place card step 1 
[16:00:32.150] [INFO   ] place card step 2 
[16:00:32.150] [INFO   ] place card step 3 
[16:00:32.150] [INFO   ] place card step 5 
[16:00:32.150] [INFO   ] place card step 6 
[16:00:32.150] [INFO   ] place card step 7 
[16:00:32.150] [INFO   ] place card step 8 
[16:00:32.151] [INFO   ] before sleepUntilWokenOrTimeout 
[16:00:33.152] [SEVERE ] updating countdown to 54125
[16:00:33.590] [INFO   ] place card step 0 
[16:00:33.590] [INFO   ] place card step 1 
[16:00:33.590] [INFO   ] place card step 2 
[16:00:33.590] [INFO   ] place card step 3 
[16:00:33.590] [INFO   ] place card step 5 
[16:00:33.590] [INFO   ] place card step 6 
[16:00:33.590] [INFO   ] place card step 7 
[16:00:33.590] [INFO   ] place card step 8 
[16:00:33.590] [INFO   ] before sleepUntilWokenOrTimeout 
[16:00:34.592] [SEVERE ] updating countdown to 52685
[16:00:35.031] [INFO   ] place card step 0 
[16:00:35.031] [INFO   ] place card step 1 
[16:00:35.031] [INFO   ] place card step 2 
[16:00:35.031] [INFO   ] place card step 3 
[16:00:35.031] [INFO   ] place card step 5 
[16:00:35.031] [INFO   ] place card step 6 
[16:00:35.031] [INFO   ] place card step 7 
[16:00:35.031] [INFO   ] place card step 8 
[16:00:35.031] [INFO   ] before sleepUntilWokenOrTimeout 
[16:00:36.032] [SEVERE ] updating countdown to 51245
[16:00:36.475] [INFO   ] place card step 0 
[16:00:36.475] [INFO   ] place card step 1 
[16:00:36.475] [INFO   ] place card step 2 
[16:00:36.475] [INFO   ] place card step 3 
[16:00:36.476] [INFO   ] place card step 5 
[16:00:36.476] [INFO   ] place card step 6 
[16:00:36.476] [INFO   ] place card step 7 
[16:00:36.476] [INFO   ] place card step 8 
[16:00:36.476] [INFO   ] before sleepUntilWokenOrTimeout 
[16:00:37.478] [SEVERE ] updating countdown to 49799
[16:00:37.597] [SEVERE ] exit button pressed
[16:00:37.912] [INFO   ] place card step 0 
[16:00:37.912] [INFO   ] place card step 1 
[16:00:37.912] [INFO   ] place card step 2 
[16:00:37.912] [INFO   ] place card step 3 
[16:00:37.913] [INFO   ] place card step 5 
[16:00:37.913] [INFO   ] place card step 6 
[16:00:37.913] [INFO   ] place card step 7 
[16:00:37.913] [INFO   ] place card step 8 
[16:00:37.913] [INFO   ] before sleepUntilWokenOrTimeout 
[16:00:38.915] [SEVERE ] updating countdown to 48362
[16:00:39.354] [INFO   ] place card step 0 
[16:00:39.354] [INFO   ] place card step 1 
[16:00:39.354] [INFO   ] place card step 2 
[16:00:39.354] [INFO   ] place card step 3 
[16:00:39.354] [INFO   ] place card step 5 
[16:00:39.354] [INFO   ] place card step 6 
[16:00:39.354] [INFO   ] place card step 7 
[16:00:39.354] [INFO   ] place card step 8 
[16:00:39.354] [INFO   ] before sleepUntilWokenOrTimeout 
[16:00:40.355] [SEVERE ] updating countdown to 46922
[16:00:40.793] [INFO   ] place card step 0 
[16:00:40.793] [INFO   ] place card step 1 
[16:00:40.793] [INFO   ] place card step 2 
[16:00:40.793] [INFO   ] place card step 3 
[16:00:40.793] [INFO   ] place card step 5 
[16:00:40.793] [INFO   ] place card step 6 
[16:00:40.793] [INFO   ] place card step 7 
[16:00:40.793] [INFO   ] place card step 8 
[16:00:40.793] [INFO   ] before sleepUntilWokenOrTimeout 
[16:00:41.794] [SEVERE ] updating countdown to 45483
[16:00:42.231] [INFO   ] place card step 0 
[16:00:42.231] [INFO   ] place card step 1 
[16:00:42.231] [INFO   ] place card step 2 
[16:00:42.231] [INFO   ] place card step 3 
[16:00:42.231] [INFO   ] place card step 5 
[16:00:42.231] [INFO   ] place card step 6 
[16:00:42.231] [INFO   ] place card step 7 
[16:00:42.231] [INFO   ] place card step 8 
[16:00:42.231] [INFO   ] before sleepUntilWokenOrTimeout 
[16:00:43.238] [SEVERE ] updating countdown to 44039
[16:00:43.677] [INFO   ] place card step 0 
[16:00:43.677] [INFO   ] place card step 1 
[16:00:43.677] [INFO   ] place card step 2 
[16:00:43.677] [INFO   ] place card step 3 
[16:00:43.677] [INFO   ] place card step 5 
[16:00:43.677] [INFO   ] place card step 6 
[16:00:43.677] [INFO   ] place card step 7 
[16:00:43.677] [INFO   ] place card step 8 
[16:00:43.677] [INFO   ] before sleepUntilWokenOrTimeout 
[16:00:44.679] [SEVERE ] updating countdown to 42598
[16:00:45.118] [INFO   ] place card step 0 
[16:00:45.118] [INFO   ] place card step 1 
[16:00:45.118] [INFO   ] place card step 2 
[16:00:45.118] [INFO   ] place card step 3 
[16:00:45.118] [INFO   ] place card step 5 
[16:00:45.118] [INFO   ] place card step 6 
[16:00:45.118] [INFO   ] place card step 7 
[16:00:45.118] [INFO   ] place card step 8 
[16:00:45.118] [INFO   ] before sleepUntilWokenOrTimeout 
[16:00:46.121] [SEVERE ] updating countdown to 41156
[16:00:46.559] [INFO   ] place card step 0 
[16:00:46.559] [INFO   ] place card step 1 
[16:00:46.559] [INFO   ] place card step 2 
[16:00:46.559] [INFO   ] place card step 3 
[16:00:46.559] [INFO   ] place card step 5 
[16:00:46.559] [INFO   ] place card step 6 
[16:00:46.559] [INFO   ] place card step 7 
[16:00:46.559] [INFO   ] place card step 8 
[16:00:46.559] [INFO   ] before sleepUntilWokenOrTimeout 
[16:00:47.562] [SEVERE ] updating countdown to 39715
[16:00:47.625] [INFO   ] thread Thread-0 terminated.
[16:00:47.625] [INFO   ] thread Thread-1 terminated.
[16:00:47.783] [INFO   ] remove  in the table step 1
[16:00:47.783] [INFO   ] remove  in the table step 2
[16:00:47.783] [INFO   ] penalty step 1!!!!
[16:00:47.783] [SEVERE ] setting player 1 freeze to 3000
[16:00:47.783] [INFO   ] penalty step 1!!!!
[16:00:47.783] [INFO   ] penalty while step 1!!!!
[16:00:48.786] [INFO   ] penalty while step 2!!!!
[16:00:48.786] [SEVERE ] setting player 1 freeze to 2000
[16:00:48.786] [INFO   ] penalty while step 1!!!!
[16:00:49.788] [INFO   ] penalty while step 2!!!!
[16:00:49.788] [SEVERE ] setting player 1 freeze to 1000
[16:00:49.788] [INFO   ] penalty while step 1!!!!
[16:00:50.794] [INFO   ] penalty while step 2!!!!
[16:00:50.794] [SEVERE ] setting player 1 freeze to 0
[16:00:50.794] [INFO   ] remove  in the table step 1
[16:00:50.794] [INFO   ] remove  in the table step 2
[16:00:50.794] [INFO   ] penalty step 1!!!!
[16:00:50.794] [SEVERE ] setting player 2 freeze to 3000
[16:00:50.794] [INFO   ] penalty step 1!!!!
[16:00:50.794] [INFO   ] penalty while step 1!!!!
[16:00:51.796] [INFO   ] penalty while step 2!!!!
[16:00:51.796] [SEVERE ] setting player 2 freeze to 2000
[16:00:51.796] [INFO   ] penalty while step 1!!!!
[16:00:52.799] [INFO   ] penalty while step 2!!!!
[16:00:52.799] [SEVERE ] setting player 2 freeze to 1000
[16:00:52.799] [INFO   ] penalty while step 1!!!!
[16:00:53.801] [INFO   ] penalty while step 2!!!!
[16:00:53.801] [SEVERE ] setting player 2 freeze to 0
[16:00:54.020] [INFO   ] place card step 0 
[16:00:54.020] [INFO   ] place card step 1 
[16:00:54.020] [INFO   ] place card step 2 
[16:00:54.020] [INFO   ] place card step 3 
[16:00:54.020] [INFO   ] place card step 5 
[16:00:54.020] [INFO   ] place card step 6 
[16:00:54.020] [INFO   ] place card step 7 
[16:00:54.020] [INFO   ] place card step 8 
[16:00:54.020] [SEVERE ] updating countdown to 60000
[16:00:54.348] [SEVERE ] removing card from slot 0
[16:00:54.457] [SEVERE ] removing card from slot 1
[16:00:54.567] [SEVERE ] removing card from slot 2
[16:00:54.676] [SEVERE ] removing card from slot 3
[16:00:54.786] [SEVERE ] removing card from slot 4
[16:00:54.896] [SEVERE ] removing card from slot 5
[16:00:55.005] [SEVERE ] removing card from slot 6
[16:00:55.114] [SEVERE ] removing card from slot 7
[16:00:55.224] [SEVERE ] removing card from slot 8
[16:00:55.334] [SEVERE ] removing card from slot 9
[16:00:55.444] [SEVERE ] removing card from slot 10
[16:00:55.554] [SEVERE ] removing card from slot 11
[16:00:55.554] [SEVERE ] announcing winner(s): player 2, player 1
[16:00:55.554] [INFO   ] thread dealer terminated.
[16:00:55.554] [INFO   ] thread dealer terminated.
[16:00:55.554] [SEVERE ] thanks for playing... it was fun!
[16:00:55.554] [INFO   ] thread main terminated.
