[13:16:05.480] [INFO   ] thread main starting.
[13:16:05.492] [SEVERE ] cannot read configuration file config.properties trying from resources.
[13:16:05.492] [SEVERE ] configuration file was loaded from resources directory.
[13:16:06.158] [INFO   ] thread dealer starting.
[13:16:06.158] [INFO   ] thread dealer starting.
[13:16:06.158] [SEVERE ] updating countdown to 60000
[13:16:06.158] [INFO   ] thread Thread-1 starting.
[13:16:06.158] [INFO   ] thread Thread-0 starting.
[13:16:06.179] [SEVERE ] setting player 1 freeze to 100
[13:16:06.281] [SEVERE ] setting player 2 freeze to 100
[13:16:06.386] [INFO   ] place card step 0 
[13:16:06.387] [INFO   ] place card step 1 
[13:16:06.496] [SEVERE ] placing card 26 in slot 0
[13:16:06.606] [SEVERE ] placing card 69 in slot 1
[13:16:06.707] [SEVERE ] placing card 56 in slot 2
[13:16:06.808] [SEVERE ] placing card 66 in slot 3
[13:16:06.924] [SEVERE ] placing card 7 in slot 4
[13:16:07.041] [SEVERE ] placing card 73 in slot 5
[13:16:07.156] [SEVERE ] placing card 44 in slot 6
[13:16:07.257] [SEVERE ] placing card 67 in slot 7
[13:16:07.358] [SEVERE ] placing card 47 in slot 8
[13:16:07.466] [SEVERE ] placing card 50 in slot 9
[13:16:07.570] [SEVERE ] placing card 25 in slot 10
[13:16:07.680] [SEVERE ] placing card 2 in slot 11
[13:16:07.680] [INFO   ] place card step 2 
[13:16:07.680] [INFO   ] place card step 3 
[13:16:07.680] [INFO   ] place card step 4 
[13:16:08.681] [SEVERE ] updating countdown to 57489
[13:16:08.681] [SEVERE ] setting player 1 freeze to 100
[13:16:08.790] [SEVERE ] setting player 2 freeze to 100
[13:16:08.900] [INFO   ] before place card 
[13:16:08.900] [SEVERE ] setting player 1 freeze to 100
[13:16:09.010] [SEVERE ] setting player 2 freeze to 100
[13:16:09.120] [INFO   ] place card step 0 
[13:16:09.120] [INFO   ] place card step 1 
[13:16:09.120] [INFO   ] place card step 2 
[13:16:09.120] [INFO   ] place card step 3 
[13:16:09.120] [INFO   ] place card step 4 
[13:16:10.121] [SEVERE ] updating countdown to 56049
[13:16:10.121] [SEVERE ] setting player 1 freeze to 100
[13:16:10.231] [SEVERE ] setting player 2 freeze to 100
[13:16:10.341] [INFO   ] before place card 
[13:16:10.341] [SEVERE ] setting player 1 freeze to 100
[13:16:10.450] [SEVERE ] setting player 2 freeze to 100
[13:16:10.560] [INFO   ] place card step 0 
[13:16:10.560] [INFO   ] place card step 1 
[13:16:10.560] [INFO   ] place card step 2 
[13:16:10.560] [INFO   ] place card step 3 
[13:16:10.560] [INFO   ] place card step 4 
[13:16:11.560] [SEVERE ] updating countdown to 54610
[13:16:11.560] [SEVERE ] setting player 1 freeze to 100
[13:16:11.669] [SEVERE ] setting player 2 freeze to 100
[13:16:11.779] [INFO   ] before place card 
[13:16:11.779] [SEVERE ] setting player 1 freeze to 100
[13:16:11.889] [SEVERE ] setting player 2 freeze to 100
[13:16:11.999] [INFO   ] place card step 0 
[13:16:11.999] [INFO   ] place card step 1 
[13:16:11.999] [INFO   ] place card step 2 
[13:16:11.999] [INFO   ] place card step 3 
[13:16:11.999] [INFO   ] place card step 4 
[13:16:12.999] [SEVERE ] updating countdown to 53171
[13:16:12.999] [SEVERE ] setting player 1 freeze to 100
[13:16:13.109] [SEVERE ] setting player 2 freeze to 100
[13:16:13.219] [INFO   ] before place card 
[13:16:13.219] [SEVERE ] setting player 1 freeze to 100
[13:16:13.329] [SEVERE ] setting player 2 freeze to 100
[13:16:13.439] [INFO   ] place card step 0 
[13:16:13.439] [INFO   ] place card step 1 
[13:16:13.439] [INFO   ] place card step 2 
[13:16:13.439] [INFO   ] place card step 3 
[13:16:13.439] [INFO   ] place card step 4 
[13:16:14.439] [SEVERE ] updating countdown to 51731
[13:16:14.439] [SEVERE ] setting player 1 freeze to 100
[13:16:14.549] [SEVERE ] setting player 2 freeze to 100
[13:16:14.659] [INFO   ] before place card 
[13:16:14.659] [SEVERE ] setting player 1 freeze to 100
[13:16:14.768] [SEVERE ] setting player 2 freeze to 100
[13:16:14.878] [INFO   ] place card step 0 
[13:16:14.878] [INFO   ] place card step 1 
[13:16:14.878] [INFO   ] place card step 2 
[13:16:14.878] [INFO   ] place card step 3 
[13:16:14.878] [INFO   ] place card step 4 
[13:16:15.880] [SEVERE ] updating countdown to 50290
[13:16:15.880] [SEVERE ] setting player 1 freeze to 100
[13:16:15.989] [SEVERE ] setting player 2 freeze to 100
[13:16:16.099] [INFO   ] before place card 
[13:16:16.099] [SEVERE ] setting player 1 freeze to 100
[13:16:16.208] [SEVERE ] setting player 2 freeze to 100
[13:16:16.317] [INFO   ] place card step 0 
[13:16:16.317] [INFO   ] place card step 1 
[13:16:16.317] [INFO   ] place card step 2 
[13:16:16.317] [INFO   ] place card step 3 
[13:16:16.317] [INFO   ] place card step 4 
[13:16:17.319] [SEVERE ] updating countdown to 48851
[13:16:17.319] [SEVERE ] setting player 1 freeze to 100
[13:16:17.428] [SEVERE ] setting player 2 freeze to 100
[13:16:17.538] [INFO   ] before place card 
[13:16:17.538] [SEVERE ] setting player 1 freeze to 100
[13:16:17.647] [SEVERE ] setting player 2 freeze to 100
[13:16:17.757] [INFO   ] place card step 0 
[13:16:17.757] [INFO   ] place card step 1 
[13:16:17.757] [INFO   ] place card step 2 
[13:16:17.757] [INFO   ] place card step 3 
[13:16:17.757] [INFO   ] place card step 4 
[13:16:18.759] [SEVERE ] updating countdown to 47411
[13:16:18.759] [SEVERE ] setting player 1 freeze to 100
[13:16:18.868] [SEVERE ] setting player 2 freeze to 100
[13:16:18.978] [INFO   ] before place card 
[13:16:18.978] [SEVERE ] setting player 1 freeze to 100
[13:16:19.087] [SEVERE ] setting player 2 freeze to 100
[13:16:19.196] [INFO   ] place card step 0 
[13:16:19.196] [INFO   ] place card step 1 
[13:16:19.196] [INFO   ] place card step 2 
[13:16:19.196] [INFO   ] place card step 3 
[13:16:19.196] [INFO   ] place card step 4 
[13:16:20.200] [SEVERE ] updating countdown to 45970
[13:16:20.200] [SEVERE ] setting player 1 freeze to 100
[13:16:20.309] [SEVERE ] setting player 2 freeze to 100
[13:16:20.419] [INFO   ] before place card 
[13:16:20.419] [SEVERE ] setting player 1 freeze to 100
[13:16:20.528] [SEVERE ] setting player 2 freeze to 100
[13:16:20.637] [INFO   ] place card step 0 
[13:16:20.637] [INFO   ] place card step 1 
[13:16:20.637] [INFO   ] place card step 2 
[13:16:20.637] [INFO   ] place card step 3 
[13:16:20.637] [INFO   ] place card step 4 
[13:16:21.639] [SEVERE ] updating countdown to 44531
[13:16:21.639] [SEVERE ] setting player 1 freeze to 100
[13:16:21.749] [SEVERE ] setting player 2 freeze to 100
[13:16:21.858] [INFO   ] before place card 
[13:16:21.858] [SEVERE ] setting player 1 freeze to 100
[13:16:21.968] [SEVERE ] setting player 2 freeze to 100
[13:16:22.078] [INFO   ] place card step 0 
[13:16:22.078] [INFO   ] place card step 1 
[13:16:22.078] [INFO   ] place card step 2 
[13:16:22.078] [INFO   ] place card step 3 
[13:16:22.078] [INFO   ] place card step 4 
[13:16:23.079] [SEVERE ] updating countdown to 43091
[13:16:23.079] [SEVERE ] setting player 1 freeze to 100
[13:16:23.188] [SEVERE ] setting player 2 freeze to 100
[13:16:23.297] [INFO   ] before place card 
[13:16:23.297] [SEVERE ] setting player 1 freeze to 100
[13:16:23.407] [SEVERE ] setting player 2 freeze to 100
[13:16:23.517] [INFO   ] place card step 0 
[13:16:23.517] [INFO   ] place card step 1 
[13:16:23.517] [INFO   ] place card step 2 
[13:16:23.517] [INFO   ] place card step 3 
[13:16:23.518] [INFO   ] place card step 4 
[13:16:24.534] [SEVERE ] updating countdown to 41636
[13:16:24.534] [SEVERE ] setting player 1 freeze to 100
[13:16:24.643] [SEVERE ] setting player 2 freeze to 100
[13:16:24.752] [INFO   ] before place card 
[13:16:24.752] [SEVERE ] setting player 1 freeze to 100
[13:16:24.862] [SEVERE ] setting player 2 freeze to 100
[13:16:24.971] [INFO   ] place card step 0 
[13:16:24.971] [INFO   ] place card step 1 
[13:16:24.971] [INFO   ] place card step 2 
[13:16:24.971] [INFO   ] place card step 3 
[13:16:24.971] [INFO   ] place card step 4 
[13:16:25.987] [SEVERE ] updating countdown to 40183
[13:16:25.987] [SEVERE ] setting player 1 freeze to 100
[13:16:26.096] [SEVERE ] setting player 2 freeze to 100
[13:16:26.206] [INFO   ] before place card 
[13:16:26.206] [SEVERE ] setting player 1 freeze to 100
[13:16:26.316] [SEVERE ] setting player 2 freeze to 100
[13:16:26.425] [INFO   ] place card step 0 
[13:16:26.425] [INFO   ] place card step 1 
[13:16:26.425] [INFO   ] place card step 2 
[13:16:26.425] [INFO   ] place card step 3 
[13:16:26.425] [INFO   ] place card step 4 
[13:16:27.428] [SEVERE ] updating countdown to 38742
[13:16:27.428] [SEVERE ] setting player 1 freeze to 100
[13:16:27.538] [SEVERE ] setting player 2 freeze to 100
[13:16:27.647] [INFO   ] before place card 
[13:16:27.647] [SEVERE ] setting player 1 freeze to 100
[13:16:27.757] [SEVERE ] setting player 2 freeze to 100
[13:16:27.867] [INFO   ] place card step 0 
[13:16:27.867] [INFO   ] place card step 1 
[13:16:27.867] [INFO   ] place card step 2 
[13:16:27.867] [INFO   ] place card step 3 
[13:16:27.867] [INFO   ] place card step 4 
[13:16:28.868] [SEVERE ] updating countdown to 37302
[13:16:28.868] [SEVERE ] setting player 1 freeze to 100
[13:16:28.977] [SEVERE ] setting player 2 freeze to 100
[13:16:29.086] [INFO   ] before place card 
[13:16:29.086] [SEVERE ] setting player 1 freeze to 100
[13:16:29.196] [SEVERE ] setting player 2 freeze to 100
[13:16:29.306] [INFO   ] place card step 0 
[13:16:29.306] [INFO   ] place card step 1 
[13:16:29.306] [INFO   ] place card step 2 
[13:16:29.306] [INFO   ] place card step 3 
[13:16:29.306] [INFO   ] place card step 4 
[13:16:30.308] [SEVERE ] updating countdown to 35862
[13:16:30.308] [SEVERE ] setting player 1 freeze to 100
[13:16:30.417] [SEVERE ] setting player 2 freeze to 100
[13:16:30.526] [INFO   ] before place card 
[13:16:30.526] [SEVERE ] setting player 1 freeze to 100
[13:16:30.636] [SEVERE ] setting player 2 freeze to 100
[13:16:30.745] [INFO   ] place card step 0 
[13:16:30.745] [INFO   ] place card step 1 
[13:16:30.745] [INFO   ] place card step 2 
[13:16:30.745] [INFO   ] place card step 3 
[13:16:30.745] [INFO   ] place card step 4 
[13:16:31.746] [SEVERE ] updating countdown to 34424
[13:16:31.746] [SEVERE ] setting player 1 freeze to 100
[13:16:31.855] [SEVERE ] setting player 2 freeze to 100
[13:16:31.965] [INFO   ] before place card 
[13:16:31.965] [SEVERE ] setting player 1 freeze to 100
[13:16:32.074] [SEVERE ] setting player 2 freeze to 100
[13:16:32.184] [INFO   ] place card step 0 
[13:16:32.184] [INFO   ] place card step 1 
[13:16:32.184] [INFO   ] place card step 2 
[13:16:32.184] [INFO   ] place card step 3 
[13:16:32.184] [INFO   ] place card step 4 
[13:16:33.186] [SEVERE ] updating countdown to 32984
[13:16:33.186] [SEVERE ] setting player 1 freeze to 100
[13:16:33.295] [SEVERE ] setting player 2 freeze to 100
[13:16:33.405] [INFO   ] before place card 
[13:16:33.405] [SEVERE ] setting player 1 freeze to 100
[13:16:33.515] [SEVERE ] setting player 2 freeze to 100
[13:16:33.624] [INFO   ] place card step 0 
[13:16:33.624] [INFO   ] place card step 1 
[13:16:33.624] [INFO   ] place card step 2 
[13:16:33.624] [INFO   ] place card step 3 
[13:16:33.624] [INFO   ] place card step 4 
[13:16:34.626] [SEVERE ] updating countdown to 31544
[13:16:34.626] [SEVERE ] setting player 1 freeze to 100
[13:16:34.736] [SEVERE ] setting player 2 freeze to 100
[13:16:34.845] [INFO   ] before place card 
[13:16:34.845] [SEVERE ] setting player 1 freeze to 100
[13:16:34.955] [SEVERE ] setting player 2 freeze to 100
[13:16:35.064] [INFO   ] place card step 0 
[13:16:35.064] [INFO   ] place card step 1 
[13:16:35.064] [INFO   ] place card step 2 
[13:16:35.064] [INFO   ] place card step 3 
[13:16:35.064] [INFO   ] place card step 4 
[13:16:36.065] [SEVERE ] updating countdown to 30105
[13:16:36.065] [SEVERE ] setting player 1 freeze to 100
[13:16:36.174] [SEVERE ] setting player 2 freeze to 100
[13:16:36.283] [INFO   ] before place card 
[13:16:36.283] [SEVERE ] setting player 1 freeze to 100
[13:16:36.393] [SEVERE ] setting player 2 freeze to 100
[13:16:36.502] [INFO   ] place card step 0 
[13:16:36.502] [INFO   ] place card step 1 
[13:16:36.502] [INFO   ] place card step 2 
[13:16:36.502] [INFO   ] place card step 3 
[13:16:36.502] [INFO   ] place card step 4 
[13:16:37.503] [SEVERE ] updating countdown to 28667
[13:16:37.503] [SEVERE ] setting player 1 freeze to 100
[13:16:37.612] [SEVERE ] setting player 2 freeze to 100
[13:16:37.722] [INFO   ] before place card 
[13:16:37.722] [SEVERE ] setting player 1 freeze to 100
[13:16:37.831] [SEVERE ] setting player 2 freeze to 100
[13:16:37.941] [INFO   ] place card step 0 
[13:16:37.941] [INFO   ] place card step 1 
[13:16:37.941] [INFO   ] place card step 2 
[13:16:37.941] [INFO   ] place card step 3 
[13:16:37.941] [INFO   ] place card step 4 
[13:16:38.942] [SEVERE ] updating countdown to 27228
[13:16:38.943] [SEVERE ] setting player 1 freeze to 100
[13:16:39.053] [SEVERE ] setting player 2 freeze to 100
[13:16:39.162] [INFO   ] before place card 
[13:16:39.162] [SEVERE ] setting player 1 freeze to 100
[13:16:39.272] [SEVERE ] setting player 2 freeze to 100
[13:16:39.381] [INFO   ] place card step 0 
[13:16:39.381] [INFO   ] place card step 1 
[13:16:39.381] [INFO   ] place card step 2 
[13:16:39.381] [INFO   ] place card step 3 
[13:16:39.381] [INFO   ] place card step 4 
[13:16:40.381] [SEVERE ] updating countdown to 25789
[13:16:40.381] [SEVERE ] setting player 1 freeze to 100
[13:16:40.491] [SEVERE ] setting player 2 freeze to 100
[13:16:40.601] [INFO   ] before place card 
[13:16:40.601] [SEVERE ] setting player 1 freeze to 100
[13:16:40.710] [SEVERE ] setting player 2 freeze to 100
[13:16:40.819] [INFO   ] place card step 0 
[13:16:40.819] [INFO   ] place card step 1 
[13:16:40.819] [INFO   ] place card step 2 
[13:16:40.819] [INFO   ] place card step 3 
[13:16:40.819] [INFO   ] place card step 4 
[13:16:41.821] [SEVERE ] updating countdown to 24349
[13:16:41.821] [SEVERE ] setting player 1 freeze to 100
[13:16:41.930] [SEVERE ] setting player 2 freeze to 100
[13:16:42.039] [INFO   ] before place card 
[13:16:42.039] [SEVERE ] setting player 1 freeze to 100
[13:16:42.149] [SEVERE ] setting player 2 freeze to 100
[13:16:42.259] [INFO   ] place card step 0 
[13:16:42.259] [INFO   ] place card step 1 
[13:16:42.259] [INFO   ] place card step 2 
[13:16:42.259] [INFO   ] place card step 3 
[13:16:42.259] [INFO   ] place card step 4 
[13:16:43.260] [SEVERE ] updating countdown to 22910
[13:16:43.261] [SEVERE ] setting player 1 freeze to 100
[13:16:43.369] [SEVERE ] setting player 2 freeze to 100
[13:16:43.479] [INFO   ] before place card 
[13:16:43.479] [SEVERE ] setting player 1 freeze to 100
[13:16:43.588] [SEVERE ] setting player 2 freeze to 100
[13:16:43.697] [INFO   ] place card step 0 
[13:16:43.697] [INFO   ] place card step 1 
[13:16:43.697] [INFO   ] place card step 2 
[13:16:43.697] [INFO   ] place card step 3 
[13:16:43.697] [INFO   ] place card step 4 
[13:16:44.699] [SEVERE ] updating countdown to 21471
[13:16:44.699] [SEVERE ] setting player 1 freeze to 100
[13:16:44.809] [SEVERE ] setting player 2 freeze to 100
[13:16:44.918] [INFO   ] before place card 
[13:16:44.918] [SEVERE ] setting player 1 freeze to 100
[13:16:45.028] [SEVERE ] setting player 2 freeze to 100
[13:16:45.137] [INFO   ] place card step 0 
[13:16:45.137] [INFO   ] place card step 1 
[13:16:45.137] [INFO   ] place card step 2 
[13:16:45.137] [INFO   ] place card step 3 
[13:16:45.137] [INFO   ] place card step 4 
[13:16:46.140] [SEVERE ] updating countdown to 20030
[13:16:46.140] [SEVERE ] setting player 1 freeze to 100
[13:16:46.250] [SEVERE ] setting player 2 freeze to 100
[13:16:46.359] [INFO   ] before place card 
[13:16:46.359] [SEVERE ] setting player 1 freeze to 100
[13:16:46.469] [SEVERE ] setting player 2 freeze to 100
[13:16:46.579] [INFO   ] place card step 0 
[13:16:46.579] [INFO   ] place card step 1 
[13:16:46.579] [INFO   ] place card step 2 
[13:16:46.579] [INFO   ] place card step 3 
[13:16:46.579] [INFO   ] place card step 4 
[13:16:47.580] [SEVERE ] updating countdown to 18590
[13:16:47.580] [SEVERE ] setting player 1 freeze to 100
[13:16:47.689] [SEVERE ] setting player 2 freeze to 100
[13:16:47.797] [INFO   ] before place card 
[13:16:47.797] [SEVERE ] setting player 1 freeze to 100
[13:16:47.907] [SEVERE ] setting player 2 freeze to 100
[13:16:48.016] [INFO   ] place card step 0 
[13:16:48.016] [INFO   ] place card step 1 
[13:16:48.016] [INFO   ] place card step 2 
[13:16:48.016] [INFO   ] place card step 3 
[13:16:48.016] [INFO   ] place card step 4 
[13:16:49.019] [SEVERE ] updating countdown to 17151
[13:16:49.019] [SEVERE ] setting player 1 freeze to 100
[13:16:49.129] [SEVERE ] setting player 2 freeze to 100
[13:16:49.238] [INFO   ] before place card 
[13:16:49.238] [SEVERE ] setting player 1 freeze to 100
[13:16:49.348] [SEVERE ] setting player 2 freeze to 100
[13:16:49.457] [INFO   ] place card step 0 
[13:16:49.457] [INFO   ] place card step 1 
[13:16:49.457] [INFO   ] place card step 2 
[13:16:49.457] [INFO   ] place card step 3 
[13:16:49.457] [INFO   ] place card step 4 
[13:16:50.459] [SEVERE ] updating countdown to 15711
[13:16:50.459] [SEVERE ] setting player 1 freeze to 100
[13:16:50.568] [SEVERE ] setting player 2 freeze to 100
[13:16:50.677] [INFO   ] before place card 
[13:16:50.677] [SEVERE ] setting player 1 freeze to 100
[13:16:50.787] [SEVERE ] setting player 2 freeze to 100
[13:16:50.896] [INFO   ] place card step 0 
[13:16:50.896] [INFO   ] place card step 1 
[13:16:50.896] [INFO   ] place card step 2 
[13:16:50.896] [INFO   ] place card step 3 
[13:16:50.896] [INFO   ] place card step 4 
[13:16:51.896] [SEVERE ] updating countdown to 14274
[13:16:51.896] [SEVERE ] setting player 1 freeze to 100
[13:16:52.006] [SEVERE ] setting player 2 freeze to 100
[13:16:52.115] [INFO   ] before place card 
[13:16:52.115] [SEVERE ] setting player 1 freeze to 100
[13:16:52.224] [SEVERE ] setting player 2 freeze to 100
[13:16:52.334] [INFO   ] place card step 0 
[13:16:52.334] [INFO   ] place card step 1 
[13:16:52.334] [INFO   ] place card step 2 
[13:16:52.334] [INFO   ] place card step 3 
[13:16:52.334] [INFO   ] place card step 4 
[13:16:53.336] [SEVERE ] updating countdown to 12834
[13:16:53.336] [SEVERE ] setting player 1 freeze to 100
[13:16:53.446] [SEVERE ] setting player 2 freeze to 100
[13:16:53.555] [INFO   ] before place card 
[13:16:53.555] [SEVERE ] setting player 1 freeze to 100
[13:16:53.665] [SEVERE ] setting player 2 freeze to 100
[13:16:53.774] [INFO   ] place card step 0 
[13:16:53.774] [INFO   ] place card step 1 
[13:16:53.774] [INFO   ] place card step 2 
[13:16:53.774] [INFO   ] place card step 3 
[13:16:53.774] [INFO   ] place card step 4 
[13:16:54.775] [SEVERE ] updating countdown to 11395
[13:16:54.775] [SEVERE ] setting player 1 freeze to 100
[13:16:54.884] [SEVERE ] setting player 2 freeze to 100
[13:16:54.994] [INFO   ] before place card 
[13:16:54.994] [SEVERE ] setting player 1 freeze to 100
[13:16:55.104] [SEVERE ] setting player 2 freeze to 100
[13:16:55.213] [INFO   ] place card step 0 
[13:16:55.213] [INFO   ] place card step 1 
[13:16:55.213] [INFO   ] place card step 2 
[13:16:55.213] [INFO   ] place card step 3 
[13:16:55.213] [INFO   ] place card step 4 
[13:16:56.214] [SEVERE ] updating countdown to 9956
[13:16:56.214] [SEVERE ] setting player 1 freeze to 100
[13:16:56.323] [SEVERE ] setting player 2 freeze to 100
[13:16:56.432] [INFO   ] before place card 
[13:16:56.432] [SEVERE ] setting player 1 freeze to 100
[13:16:56.541] [SEVERE ] setting player 2 freeze to 100
[13:16:56.650] [INFO   ] place card step 0 
[13:16:56.650] [INFO   ] place card step 1 
[13:16:56.650] [INFO   ] place card step 2 
[13:16:56.650] [INFO   ] place card step 3 
[13:16:56.650] [INFO   ] place card step 4 
[13:16:57.651] [SEVERE ] updating countdown to 8519
[13:16:57.651] [SEVERE ] setting player 1 freeze to 100
[13:16:57.760] [SEVERE ] setting player 2 freeze to 100
[13:16:57.869] [INFO   ] before place card 
[13:16:57.869] [SEVERE ] setting player 1 freeze to 100
[13:16:57.979] [SEVERE ] setting player 2 freeze to 100
[13:16:58.088] [INFO   ] place card step 0 
[13:16:58.088] [INFO   ] place card step 1 
[13:16:58.088] [INFO   ] place card step 2 
[13:16:58.088] [INFO   ] place card step 3 
[13:16:58.088] [INFO   ] place card step 4 
[13:16:59.090] [SEVERE ] updating countdown to 7080
[13:16:59.090] [SEVERE ] setting player 1 freeze to 100
[13:16:59.199] [SEVERE ] setting player 2 freeze to 100
[13:16:59.309] [INFO   ] before place card 
[13:16:59.309] [SEVERE ] setting player 1 freeze to 100
[13:16:59.418] [SEVERE ] setting player 2 freeze to 100
[13:16:59.528] [INFO   ] place card step 0 
[13:16:59.528] [INFO   ] place card step 1 
[13:16:59.528] [INFO   ] place card step 2 
[13:16:59.528] [INFO   ] place card step 3 
[13:16:59.528] [INFO   ] place card step 4 
[13:17:00.529] [SEVERE ] updating countdown to 5641
[13:17:00.529] [SEVERE ] setting player 1 freeze to 100
[13:17:00.638] [SEVERE ] setting player 2 freeze to 100
[13:17:00.747] [INFO   ] before place card 
[13:17:00.747] [SEVERE ] setting player 1 freeze to 100
[13:17:00.857] [SEVERE ] setting player 2 freeze to 100
[13:17:00.967] [INFO   ] place card step 0 
[13:17:00.967] [INFO   ] place card step 1 
[13:17:00.967] [INFO   ] place card step 2 
[13:17:00.967] [INFO   ] place card step 3 
[13:17:00.967] [INFO   ] place card step 4 
[13:17:01.969] [SEVERE ] setting player 1 freeze to 100
[13:17:02.078] [SEVERE ] setting player 2 freeze to 100
[13:17:02.188] [INFO   ] before place card 
[13:17:02.188] [SEVERE ] setting player 1 freeze to 100
[13:17:02.297] [SEVERE ] setting player 2 freeze to 100
[13:17:02.407] [INFO   ] place card step 0 
[13:17:02.407] [INFO   ] place card step 1 
[13:17:02.407] [INFO   ] place card step 2 
[13:17:02.407] [INFO   ] place card step 3 
[13:17:02.407] [INFO   ] place card step 4 
[13:17:02.422] [SEVERE ] setting player 1 freeze to 100
[13:17:02.532] [SEVERE ] setting player 2 freeze to 100
[13:17:02.641] [INFO   ] before place card 
[13:17:02.641] [SEVERE ] setting player 1 freeze to 100
[13:17:02.751] [SEVERE ] setting player 2 freeze to 100
[13:17:02.861] [INFO   ] place card step 0 
[13:17:02.861] [INFO   ] place card step 1 
[13:17:02.861] [INFO   ] place card step 2 
[13:17:02.861] [INFO   ] place card step 3 
[13:17:02.861] [INFO   ] place card step 4 
[13:17:02.876] [SEVERE ] setting player 1 freeze to 100
[13:17:02.986] [SEVERE ] setting player 2 freeze to 100
[13:17:03.095] [INFO   ] before place card 
[13:17:03.095] [SEVERE ] setting player 1 freeze to 100
[13:17:03.203] [SEVERE ] setting player 2 freeze to 100
[13:17:03.314] [INFO   ] place card step 0 
[13:17:03.314] [INFO   ] place card step 1 
[13:17:03.314] [INFO   ] place card step 2 
[13:17:03.314] [INFO   ] place card step 3 
[13:17:03.314] [INFO   ] place card step 4 
[13:17:03.329] [SEVERE ] setting player 1 freeze to 100
[13:17:03.439] [SEVERE ] setting player 2 freeze to 100
[13:17:03.548] [INFO   ] before place card 
[13:17:03.548] [SEVERE ] setting player 1 freeze to 100
[13:17:03.659] [SEVERE ] setting player 2 freeze to 100
[13:17:03.769] [INFO   ] place card step 0 
[13:17:03.769] [INFO   ] place card step 1 
[13:17:03.769] [INFO   ] place card step 2 
[13:17:03.769] [INFO   ] place card step 3 
[13:17:03.769] [INFO   ] place card step 4 
[13:17:03.784] [SEVERE ] setting player 1 freeze to 100
[13:17:03.895] [SEVERE ] setting player 2 freeze to 100
[13:17:04.004] [INFO   ] before place card 
[13:17:04.004] [SEVERE ] setting player 1 freeze to 100
[13:17:04.114] [SEVERE ] setting player 2 freeze to 100
[13:17:04.223] [INFO   ] place card step 0 
[13:17:04.223] [INFO   ] place card step 1 
[13:17:04.223] [INFO   ] place card step 2 
[13:17:04.223] [INFO   ] place card step 3 
[13:17:04.223] [INFO   ] place card step 4 
[13:17:04.239] [SEVERE ] setting player 1 freeze to 100
[13:17:04.348] [SEVERE ] setting player 2 freeze to 100
[13:17:04.457] [INFO   ] before place card 
[13:17:04.457] [SEVERE ] setting player 1 freeze to 100
[13:17:04.567] [SEVERE ] setting player 2 freeze to 100
[13:17:04.677] [INFO   ] place card step 0 
[13:17:04.677] [INFO   ] place card step 1 
[13:17:04.677] [INFO   ] place card step 2 
[13:17:04.677] [INFO   ] place card step 3 
[13:17:04.677] [INFO   ] place card step 4 
[13:17:04.692] [SEVERE ] setting player 1 freeze to 100
[13:17:04.802] [SEVERE ] setting player 2 freeze to 100
[13:17:04.912] [INFO   ] before place card 
[13:17:04.912] [SEVERE ] setting player 1 freeze to 100
[13:17:05.022] [SEVERE ] setting player 2 freeze to 100
[13:17:05.132] [INFO   ] place card step 0 
[13:17:05.132] [INFO   ] place card step 1 
[13:17:05.132] [INFO   ] place card step 2 
[13:17:05.132] [INFO   ] place card step 3 
[13:17:05.132] [INFO   ] place card step 4 
[13:17:05.147] [SEVERE ] setting player 1 freeze to 100
[13:17:05.257] [SEVERE ] setting player 2 freeze to 100
[13:17:05.366] [INFO   ] before place card 
[13:17:05.366] [SEVERE ] setting player 1 freeze to 100
[13:17:05.475] [SEVERE ] setting player 2 freeze to 100
[13:17:05.585] [INFO   ] place card step 0 
[13:17:05.585] [INFO   ] place card step 1 
[13:17:05.585] [INFO   ] place card step 2 
[13:17:05.585] [INFO   ] place card step 3 
[13:17:05.585] [INFO   ] place card step 4 
[13:17:05.601] [SEVERE ] setting player 1 freeze to 100
[13:17:05.710] [SEVERE ] setting player 2 freeze to 100
[13:17:05.820] [INFO   ] before place card 
[13:17:05.820] [SEVERE ] setting player 1 freeze to 100
[13:17:05.929] [SEVERE ] setting player 2 freeze to 100
[13:17:06.039] [INFO   ] place card step 0 
[13:17:06.039] [INFO   ] place card step 1 
[13:17:06.039] [INFO   ] place card step 2 
[13:17:06.039] [INFO   ] place card step 3 
[13:17:06.039] [INFO   ] place card step 4 
[13:17:06.054] [SEVERE ] setting player 1 freeze to 100
[13:17:06.164] [SEVERE ] setting player 2 freeze to 100
[13:17:06.274] [INFO   ] before place card 
[13:17:06.274] [SEVERE ] setting player 1 freeze to 100
[13:17:06.383] [SEVERE ] setting player 2 freeze to 100
[13:17:06.493] [INFO   ] place card step 0 
[13:17:06.493] [INFO   ] place card step 1 
[13:17:06.493] [INFO   ] place card step 2 
[13:17:06.493] [INFO   ] place card step 3 
[13:17:06.493] [INFO   ] place card step 4 
[13:17:06.493] [SEVERE ] updating countdown to 60000
[13:17:06.603] [SEVERE ] removing card from slot 0
[13:17:06.706] [SEVERE ] removing card from slot 1
[13:17:06.820] [SEVERE ] removing card from slot 2
[13:17:06.932] [SEVERE ] removing card from slot 3
[13:17:07.886] [SEVERE ] removing card from slot 4
[13:17:07.998] [SEVERE ] removing card from slot 5
[13:17:08.135] [SEVERE ] removing card from slot 6
[13:17:08.243] [SEVERE ] removing card from slot 7
[13:17:08.353] [SEVERE ] removing card from slot 8
[13:17:08.472] [SEVERE ] removing card from slot 9
[13:17:08.588] [SEVERE ] removing card from slot 10
[13:17:08.698] [SEVERE ] removing card from slot 11
[13:17:08.698] [SEVERE ] setting player 1 freeze to 100
[13:17:08.808] [SEVERE ] setting player 2 freeze to 100
[13:17:08.934] [INFO   ] place card step 0 
[13:17:08.934] [INFO   ] place card step 1 
[13:17:09.059] [SEVERE ] placing card 9 in slot 0
[13:17:09.169] [SEVERE ] placing card 9 in slot 1
[13:17:09.280] [SEVERE ] placing card 77 in slot 2
[13:17:09.389] [SEVERE ] placing card 3 in slot 3
[13:17:09.495] [SEVERE ] placing card 24 in slot 4
[13:17:09.604] [SEVERE ] placing card 27 in slot 5
[13:17:09.714] [SEVERE ] placing card 18 in slot 6
[13:17:09.825] [SEVERE ] placing card 32 in slot 7
[13:17:09.935] [SEVERE ] placing card 68 in slot 8
[13:17:10.045] [SEVERE ] placing card 5 in slot 9
[13:17:10.160] [SEVERE ] placing card 53 in slot 10
[13:17:10.279] [SEVERE ] placing card 48 in slot 11
[13:17:10.279] [INFO   ] place card step 2 
[13:17:10.279] [INFO   ] place card step 3 
[13:17:10.279] [INFO   ] place card step 4 
[13:17:11.294] [SEVERE ] updating countdown to 55199
[13:17:11.294] [SEVERE ] setting player 1 freeze to 100
[13:17:11.404] [SEVERE ] setting player 2 freeze to 100
[13:17:11.514] [INFO   ] before place card 
[13:17:11.514] [SEVERE ] setting player 1 freeze to 100
[13:17:11.624] [SEVERE ] setting player 2 freeze to 100
[13:17:11.734] [INFO   ] place card step 0 
[13:17:11.734] [INFO   ] place card step 1 
[13:17:11.734] [INFO   ] place card step 2 
[13:17:11.734] [INFO   ] place card step 3 
[13:17:11.734] [INFO   ] place card step 4 
[13:17:12.734] [SEVERE ] updating countdown to 53759
[13:17:12.734] [SEVERE ] setting player 1 freeze to 100
[13:17:12.843] [SEVERE ] setting player 2 freeze to 100
[13:17:12.952] [INFO   ] before place card 
[13:17:12.952] [SEVERE ] setting player 1 freeze to 100
[13:17:13.062] [SEVERE ] setting player 2 freeze to 100
[13:17:13.173] [INFO   ] place card step 0 
[13:17:13.173] [INFO   ] place card step 1 
[13:17:13.173] [INFO   ] place card step 2 
[13:17:13.173] [INFO   ] place card step 3 
[13:17:13.173] [INFO   ] place card step 4 
[13:17:14.175] [SEVERE ] updating countdown to 52318
[13:17:14.175] [SEVERE ] setting player 1 freeze to 100
[13:17:14.280] [SEVERE ] setting player 2 freeze to 100
[13:17:14.390] [INFO   ] before place card 
[13:17:14.390] [SEVERE ] setting player 1 freeze to 100
[13:17:14.501] [SEVERE ] setting player 2 freeze to 100
[13:17:14.610] [INFO   ] place card step 0 
[13:17:14.610] [INFO   ] place card step 1 
[13:17:14.610] [INFO   ] place card step 2 
[13:17:14.610] [INFO   ] place card step 3 
[13:17:14.610] [INFO   ] place card step 4 
[13:17:15.611] [SEVERE ] updating countdown to 50882
[13:17:15.611] [SEVERE ] setting player 1 freeze to 100
[13:17:15.721] [SEVERE ] setting player 2 freeze to 100
[13:17:15.831] [INFO   ] before place card 
[13:17:15.831] [SEVERE ] setting player 1 freeze to 100
[13:17:15.941] [SEVERE ] setting player 2 freeze to 100
[13:17:16.052] [INFO   ] place card step 0 
[13:17:16.052] [INFO   ] place card step 1 
[13:17:16.052] [INFO   ] place card step 2 
[13:17:16.052] [INFO   ] place card step 3 
[13:17:16.052] [INFO   ] place card step 4 
[13:17:16.453] [SEVERE ] key 80 was pressed by player 2
[13:17:16.453] [SEVERE ] player 2 placing token on slot 3
[13:17:17.066] [SEVERE ] updating countdown to 49427
[13:17:17.066] [SEVERE ] setting player 1 freeze to 100
[13:17:17.177] [SEVERE ] setting player 2 freeze to 100
[13:17:17.279] [INFO   ] before place card 
[13:17:17.279] [SEVERE ] setting player 1 freeze to 100
[13:17:17.390] [SEVERE ] setting player 2 freeze to 100
[13:17:17.500] [INFO   ] place card step 0 
[13:17:17.500] [INFO   ] place card step 1 
[13:17:17.500] [INFO   ] place card step 2 
[13:17:17.500] [INFO   ] place card step 3 
[13:17:17.501] [INFO   ] place card step 4 
[13:17:17.516] [SEVERE ] key 73 was pressed by player 2
[13:17:17.516] [SEVERE ] player 2 placing token on slot 1
[13:17:18.502] [SEVERE ] updating countdown to 47991
[13:17:18.502] [SEVERE ] setting player 1 freeze to 100
[13:17:18.612] [SEVERE ] setting player 2 freeze to 100
[13:17:18.723] [INFO   ] before place card 
[13:17:18.723] [SEVERE ] setting player 1 freeze to 100
[13:17:18.834] [SEVERE ] setting player 2 freeze to 100
[13:17:18.944] [INFO   ] place card step 0 
[13:17:18.944] [INFO   ] place card step 1 
[13:17:18.944] [INFO   ] place card step 2 
[13:17:18.944] [INFO   ] place card step 3 
[13:17:18.944] [INFO   ] place card step 4 
[13:17:19.956] [SEVERE ] updating countdown to 46537
[13:17:19.956] [SEVERE ] setting player 1 freeze to 100
[13:17:20.067] [SEVERE ] setting player 2 freeze to 100
[13:17:20.176] [INFO   ] before place card 
[13:17:20.176] [SEVERE ] setting player 1 freeze to 100
[13:17:20.279] [SEVERE ] setting player 2 freeze to 100
[13:17:20.390] [INFO   ] place card step 0 
[13:17:20.390] [INFO   ] place card step 1 
[13:17:20.390] [INFO   ] place card step 2 
[13:17:20.390] [INFO   ] place card step 3 
[13:17:20.390] [INFO   ] place card step 4 
[13:17:20.987] [SEVERE ] key 74 was pressed by player 2
[13:17:20.987] [SEVERE ] player 2 placing token on slot 4
[13:17:20.987] [SEVERE ] updating countdown to 45506
[13:17:20.987] [SEVERE ] setting player 1 freeze to 100
[13:17:21.098] [SEVERE ] setting player 2 freeze to 100
[13:17:21.208] [INFO   ] removecard there is set
[13:17:21.208] [INFO   ] point step 1
[13:17:21.208] [SEVERE ] setting player 2 score to 1
[13:17:21.208] [SEVERE ] setting player 2 freeze to 1000
[13:17:21.208] [INFO   ] point step 2
[13:17:22.221] [SEVERE ] setting player 2 freeze to 0
[13:17:22.221] [SEVERE ] removing player 2 token from slot 3
[13:17:22.332] [SEVERE ] removing card from slot 3
[13:17:22.332] [SEVERE ] removing player 2 token from slot 1
[13:17:22.442] [SEVERE ] removing card from slot 1
[13:17:22.442] [SEVERE ] removing player 2 token from slot 4
[13:17:22.553] [SEVERE ] removing card from slot 4
[13:17:22.553] [INFO   ] remove  in the table step 1
[13:17:22.553] [INFO   ] remove  in the table step 2
[13:17:22.553] [SEVERE ] updating countdown to 60000
[13:17:22.553] [INFO   ] before place card 
[13:17:22.553] [SEVERE ] setting player 1 freeze to 100
[13:17:22.663] [SEVERE ] setting player 2 freeze to 100
[13:17:22.772] [INFO   ] place card step 0 
[13:17:22.772] [INFO   ] place card step 1 
[13:17:22.882] [SEVERE ] placing card 10 in slot 1
[13:17:22.992] [SEVERE ] placing card 49 in slot 3
[13:17:23.103] [SEVERE ] placing card 33 in slot 4
[13:17:23.103] [INFO   ] place card step 2 
[13:17:23.103] [INFO   ] place card step 3 
[13:17:23.103] [INFO   ] place card step 4 
[13:17:23.103] [SEVERE ] updating countdown to 59450
[13:17:23.103] [SEVERE ] setting player 1 freeze to 100
[13:17:23.214] [SEVERE ] setting player 2 freeze to 100
[13:17:23.324] [INFO   ] removecard there is no!!!! set
[13:17:23.324] [SEVERE ] setting player 2 freeze to 3000
[13:17:24.331] [SEVERE ] setting player 2 freeze to 2000
[13:17:25.339] [SEVERE ] setting player 2 freeze to 1000
[13:17:26.342] [SEVERE ] setting player 2 freeze to 0
[13:17:26.342] [INFO   ] remove  in the table step 1
[13:17:26.342] [INFO   ] remove  in the table step 2
[13:17:26.342] [INFO   ] before place card 
[13:17:26.342] [SEVERE ] setting player 1 freeze to 100
[13:17:26.452] [SEVERE ] setting player 2 freeze to 100
[13:17:26.562] [INFO   ] place card step 0 
[13:17:26.562] [INFO   ] place card step 1 
[13:17:26.562] [INFO   ] place card step 2 
[13:17:26.562] [INFO   ] place card step 3 
[13:17:26.562] [INFO   ] place card step 4 
[13:17:27.565] [SEVERE ] updating countdown to 54988
[13:17:27.565] [SEVERE ] setting player 1 freeze to 100
[13:17:27.674] [SEVERE ] setting player 2 freeze to 100
[13:17:27.784] [INFO   ] before place card 
[13:17:27.784] [SEVERE ] setting player 1 freeze to 100
[13:17:27.893] [SEVERE ] setting player 2 freeze to 100
[13:17:28.003] [INFO   ] place card step 0 
[13:17:28.003] [INFO   ] place card step 1 
[13:17:28.003] [INFO   ] place card step 2 
[13:17:28.003] [INFO   ] place card step 3 
[13:17:28.003] [INFO   ] place card step 4 
[13:17:29.006] [SEVERE ] updating countdown to 53547
[13:17:29.006] [SEVERE ] setting player 1 freeze to 100
[13:17:29.116] [SEVERE ] setting player 2 freeze to 100
[13:17:29.226] [INFO   ] before place card 
[13:17:29.226] [SEVERE ] setting player 1 freeze to 100
[13:17:29.335] [SEVERE ] setting player 2 freeze to 100
[13:17:29.445] [INFO   ] place card step 0 
[13:17:29.445] [INFO   ] place card step 1 
[13:17:29.445] [INFO   ] place card step 2 
[13:17:29.445] [INFO   ] place card step 3 
[13:17:29.445] [INFO   ] place card step 4 
[13:17:30.448] [SEVERE ] updating countdown to 52105
[13:17:30.448] [SEVERE ] setting player 1 freeze to 100
[13:17:30.558] [SEVERE ] setting player 2 freeze to 100
[13:17:30.667] [INFO   ] before place card 
[13:17:30.667] [SEVERE ] setting player 1 freeze to 100
[13:17:30.777] [SEVERE ] setting player 2 freeze to 100
[13:17:30.886] [INFO   ] place card step 0 
[13:17:30.886] [INFO   ] place card step 1 
[13:17:30.886] [INFO   ] place card step 2 
[13:17:30.886] [INFO   ] place card step 3 
[13:17:30.886] [INFO   ] place card step 4 
[13:17:31.886] [SEVERE ] updating countdown to 50667
[13:17:31.886] [SEVERE ] setting player 1 freeze to 100
[13:17:31.996] [SEVERE ] setting player 2 freeze to 100
[13:17:32.106] [INFO   ] before place card 
[13:17:32.106] [SEVERE ] setting player 1 freeze to 100
[13:17:32.215] [SEVERE ] setting player 2 freeze to 100
[13:17:32.325] [INFO   ] place card step 0 
[13:17:32.325] [INFO   ] place card step 1 
[13:17:32.325] [INFO   ] place card step 2 
[13:17:32.325] [INFO   ] place card step 3 
[13:17:32.325] [INFO   ] place card step 4 
[13:17:33.340] [SEVERE ] updating countdown to 49213
[13:17:33.340] [SEVERE ] setting player 1 freeze to 100
[13:17:33.340] [SEVERE ] exit button pressed
[13:17:33.340] [INFO   ] thread Thread-0 terminated.
[13:17:33.340] [INFO   ] thread Thread-1 terminated.
[13:17:33.449] [SEVERE ] setting player 2 freeze to 100
[13:17:33.559] [INFO   ] removecard there is no!!!! set
[13:17:33.559] [SEVERE ] setting player 1 freeze to 3000
[13:17:34.560] [SEVERE ] setting player 1 freeze to 2000
[13:17:35.561] [SEVERE ] setting player 1 freeze to 1000
[13:17:36.564] [SEVERE ] setting player 1 freeze to 0
[13:17:36.564] [INFO   ] remove  in the table step 1
[13:17:36.564] [INFO   ] remove  in the table step 2
[13:17:36.564] [INFO   ] removecard there is no!!!! set
[13:17:36.564] [SEVERE ] setting player 2 freeze to 3000
[13:17:37.565] [SEVERE ] setting player 2 freeze to 2000
[13:17:38.568] [SEVERE ] setting player 2 freeze to 1000
[13:17:39.570] [SEVERE ] setting player 2 freeze to 0
[13:17:39.570] [INFO   ] remove  in the table step 1
[13:17:39.570] [INFO   ] remove  in the table step 2
[13:17:39.570] [INFO   ] before place card 
[13:17:39.570] [SEVERE ] setting player 1 freeze to 100
[13:17:39.680] [SEVERE ] setting player 2 freeze to 100
[13:17:39.790] [INFO   ] place card step 0 
[13:17:39.790] [INFO   ] place card step 1 
[13:17:39.790] [INFO   ] place card step 2 
[13:17:39.790] [INFO   ] place card step 3 
[13:17:39.790] [INFO   ] place card step 4 
[13:17:39.790] [SEVERE ] updating countdown to 60000
[13:17:39.899] [SEVERE ] removing card from slot 0
[13:17:40.009] [SEVERE ] removing card from slot 1
[13:17:40.119] [SEVERE ] removing card from slot 2
[13:17:40.228] [SEVERE ] removing card from slot 3
[13:17:40.338] [SEVERE ] removing card from slot 4
[13:17:40.447] [SEVERE ] removing card from slot 5
[13:17:40.557] [SEVERE ] removing card from slot 6
[13:17:40.667] [SEVERE ] removing card from slot 7
[13:17:40.777] [SEVERE ] removing card from slot 8
[13:17:40.886] [SEVERE ] removing card from slot 9
[13:17:40.996] [SEVERE ] removing card from slot 10
[13:17:41.106] [SEVERE ] removing card from slot 11
[13:17:41.106] [SEVERE ] announcing winner(s): player 2, player 1
[13:17:41.106] [INFO   ] thread dealer terminated.
[13:17:41.106] [INFO   ] thread dealer terminated.
[13:17:41.106] [SEVERE ] thanks for playing... it was fun!
[13:17:41.106] [INFO   ] thread main terminated.
