[16:58:32.540] [INFO   ] thread main starting.
[16:58:32.554] [SEVERE ] cannot read configuration file config.properties trying from resources.
[16:58:32.557] [SEVERE ] configuration file was loaded from resources directory.
[16:58:33.239] [INFO   ] thread dealer starting.
[16:58:33.240] [INFO   ] thread dealer starting.
[16:58:33.240] [INFO   ] thread Thread-0 starting.
[16:58:33.242] [INFO   ] thread computer-0 starting.
[16:58:33.245] [INFO   ] thread Thread-1 starting.
[16:58:33.246] [INFO   ] thread computer-1 starting.
[16:58:33.246] [SEVERE ] updating countdown to 60000
[16:58:33.459] [INFO   ] place card step 0 
[16:58:33.459] [INFO   ] place card step 1 
[16:58:33.570] [SEVERE ] placing card 69 in slot 0
[16:58:33.672] [SEVERE ] placing card 31 in slot 1
[16:58:33.786] [SEVERE ] placing card 49 in slot 2
[16:58:33.887] [SEVERE ] placing card 63 in slot 3
[16:58:34.003] [SEVERE ] placing card 58 in slot 4
[16:58:34.120] [SEVERE ] placing card 52 in slot 5
[16:58:34.235] [SEVERE ] placing card 10 in slot 6
[16:58:34.336] [SEVERE ] placing card 15 in slot 7
[16:58:34.452] [SEVERE ] placing card 27 in slot 8
[16:58:34.568] [SEVERE ] placing card 76 in slot 9
[16:58:34.679] [SEVERE ] placing card 3 in slot 10
[16:58:34.789] [SEVERE ] placing card 12 in slot 11
[16:58:34.789] [INFO   ] place card step 2 
[16:58:34.789] [INFO   ] place card step 3 
[16:58:34.789] [INFO   ] place card step 5 
[16:58:34.789] [INFO   ] place card step 6 
[16:58:34.789] [INFO   ] place card step 7 
[16:58:34.789] [INFO   ] place card step 8 
[16:58:34.789] [INFO   ] before sleepUntilWokenOrTimeout 
[16:58:35.792] [SEVERE ] updating countdown to 57455
[16:58:36.231] [INFO   ] place card step 0 
[16:58:36.231] [INFO   ] place card step 1 
[16:58:36.231] [INFO   ] place card step 2 
[16:58:36.231] [INFO   ] place card step 3 
[16:58:36.240] [INFO   ] place card step 5 
[16:58:36.240] [INFO   ] place card step 6 
[16:58:36.240] [INFO   ] place card step 7 
[16:58:36.240] [INFO   ] place card step 8 
[16:58:36.240] [INFO   ] before sleepUntilWokenOrTimeout 
[16:58:37.247] [SEVERE ] updating countdown to 56000
[16:58:37.686] [INFO   ] place card step 0 
[16:58:37.686] [INFO   ] place card step 1 
[16:58:37.686] [INFO   ] place card step 2 
[16:58:37.686] [INFO   ] place card step 3 
[16:58:37.686] [INFO   ] place card step 5 
[16:58:37.686] [INFO   ] place card step 6 
[16:58:37.686] [INFO   ] place card step 7 
[16:58:37.686] [INFO   ] place card step 8 
[16:58:37.686] [INFO   ] before sleepUntilWokenOrTimeout 
[16:58:38.689] [SEVERE ] updating countdown to 54558
[16:58:39.128] [INFO   ] place card step 0 
[16:58:39.128] [INFO   ] place card step 1 
[16:58:39.128] [INFO   ] place card step 2 
[16:58:39.128] [INFO   ] place card step 3 
[16:58:39.128] [INFO   ] place card step 5 
[16:58:39.128] [INFO   ] place card step 6 
[16:58:39.128] [INFO   ] place card step 7 
[16:58:39.128] [INFO   ] place card step 8 
[16:58:39.128] [INFO   ] before sleepUntilWokenOrTimeout 
[16:58:40.133] [SEVERE ] updating countdown to 53114
[16:58:40.571] [INFO   ] place card step 0 
[16:58:40.571] [INFO   ] place card step 1 
[16:58:40.573] [INFO   ] place card step 2 
[16:58:40.573] [INFO   ] place card step 3 
[16:58:40.576] [INFO   ] place card step 5 
[16:58:40.576] [INFO   ] place card step 6 
[16:58:40.576] [INFO   ] place card step 7 
[16:58:40.577] [INFO   ] place card step 8 
[16:58:40.577] [INFO   ] before sleepUntilWokenOrTimeout 
[16:58:41.589] [SEVERE ] updating countdown to 51658
[16:58:42.027] [INFO   ] place card step 0 
[16:58:42.027] [INFO   ] place card step 1 
[16:58:42.027] [INFO   ] place card step 2 
[16:58:42.027] [INFO   ] place card step 3 
[16:58:42.027] [INFO   ] place card step 5 
[16:58:42.027] [INFO   ] place card step 6 
[16:58:42.027] [INFO   ] place card step 7 
[16:58:42.027] [INFO   ] place card step 8 
[16:58:42.027] [INFO   ] before sleepUntilWokenOrTimeout 
[16:58:43.039] [SEVERE ] updating countdown to 50208
[16:58:43.476] [INFO   ] place card step 0 
[16:58:43.477] [INFO   ] place card step 1 
[16:58:43.477] [INFO   ] place card step 2 
[16:58:43.477] [INFO   ] place card step 3 
[16:58:43.479] [INFO   ] place card step 5 
[16:58:43.479] [INFO   ] place card step 6 
[16:58:43.479] [INFO   ] place card step 7 
[16:58:43.479] [INFO   ] place card step 8 
[16:58:43.479] [INFO   ] before sleepUntilWokenOrTimeout 
[16:58:44.489] [SEVERE ] updating countdown to 48758
[16:58:44.932] [INFO   ] place card step 0 
[16:58:44.932] [INFO   ] place card step 1 
[16:58:44.933] [INFO   ] place card step 2 
[16:58:44.933] [INFO   ] place card step 3 
[16:58:44.934] [INFO   ] place card step 5 
[16:58:44.934] [INFO   ] place card step 6 
[16:58:44.935] [INFO   ] place card step 7 
[16:58:44.935] [INFO   ] place card step 8 
[16:58:44.935] [INFO   ] before sleepUntilWokenOrTimeout 
[16:58:45.936] [SEVERE ] updating countdown to 47311
[16:58:46.375] [INFO   ] place card step 0 
[16:58:46.376] [INFO   ] place card step 1 
[16:58:46.376] [INFO   ] place card step 2 
[16:58:46.376] [INFO   ] place card step 3 
[16:58:46.377] [INFO   ] place card step 5 
[16:58:46.377] [INFO   ] place card step 6 
[16:58:46.378] [INFO   ] place card step 7 
[16:58:46.378] [INFO   ] place card step 8 
[16:58:46.378] [INFO   ] before sleepUntilWokenOrTimeout 
[16:58:47.378] [SEVERE ] updating countdown to 45869
[16:58:47.816] [INFO   ] place card step 0 
[16:58:47.816] [INFO   ] place card step 1 
[16:58:47.816] [INFO   ] place card step 2 
[16:58:47.817] [INFO   ] place card step 3 
[16:58:47.818] [INFO   ] place card step 5 
[16:58:47.818] [INFO   ] place card step 6 
[16:58:47.818] [INFO   ] place card step 7 
[16:58:47.818] [INFO   ] place card step 8 
[16:58:47.818] [INFO   ] before sleepUntilWokenOrTimeout 
[16:58:47.996] [SEVERE ] key 65 was pressed by player 1
[16:58:47.996] [SEVERE ] player 1 placing token on slot 4
[16:58:48.128] [SEVERE ] key 83 was pressed by player 1
[16:58:48.128] [SEVERE ] player 1 placing token on slot 5
[16:58:48.393] [SEVERE ] key 68 was pressed by player 1
[16:58:48.393] [SEVERE ] player 1 placing token on slot 6
[16:58:48.394] [SEVERE ] updating countdown to 44853
[16:58:48.614] [INFO   ] remove  in the table step 1
[16:58:48.615] [INFO   ] remove  in the table step 2
[16:58:48.615] [SEVERE ] setting player 1 score to 1
[16:58:48.615] [SEVERE ] setting player 1 freeze to 1000
[16:58:49.627] [SEVERE ] setting player 1 freeze to 0
[16:58:49.627] [SEVERE ] removing player 1 token from slot 4
[16:58:49.735] [SEVERE ] removing card from slot 4
[16:58:49.735] [SEVERE ] removing player 1 token from slot 5
[16:58:49.843] [SEVERE ] removing card from slot 5
[16:58:49.844] [SEVERE ] removing player 1 token from slot 6
[16:58:49.955] [SEVERE ] removing card from slot 6
[16:58:49.955] [SEVERE ] updating countdown to 60000
[16:58:50.176] [INFO   ] place card step 0 
[16:58:50.176] [INFO   ] place card step 1 
[16:58:50.285] [SEVERE ] placing card 41 in slot 4
[16:58:50.396] [SEVERE ] placing card 32 in slot 5
[16:58:50.506] [SEVERE ] placing card 34 in slot 6
[16:58:50.506] [INFO   ] place card step 2 
[16:58:50.507] [INFO   ] place card step 3 
[16:58:50.507] [INFO   ] place card step 5 
[16:58:50.507] [INFO   ] place card step 6 
[16:58:50.507] [INFO   ] place card step 7 
[16:58:50.507] [INFO   ] place card step 8 
[16:58:50.507] [INFO   ] before sleepUntilWokenOrTimeout 
[16:58:51.508] [SEVERE ] updating countdown to 58448
[16:58:51.945] [INFO   ] place card step 0 
[16:58:51.945] [INFO   ] place card step 1 
[16:58:51.945] [INFO   ] place card step 2 
[16:58:51.946] [INFO   ] place card step 3 
[16:58:51.947] [INFO   ] place card step 5 
[16:58:51.947] [INFO   ] place card step 6 
[16:58:51.947] [INFO   ] place card step 7 
[16:58:51.947] [INFO   ] place card step 8 
[16:58:51.947] [INFO   ] before sleepUntilWokenOrTimeout 
[16:58:52.956] [SEVERE ] updating countdown to 57000
[16:58:53.391] [INFO   ] place card step 0 
[16:58:53.391] [INFO   ] place card step 1 
[16:58:53.392] [INFO   ] place card step 2 
[16:58:53.392] [INFO   ] place card step 3 
[16:58:53.393] [INFO   ] place card step 5 
[16:58:53.393] [INFO   ] place card step 6 
[16:58:53.393] [INFO   ] place card step 7 
[16:58:53.393] [INFO   ] place card step 8 
[16:58:53.393] [INFO   ] before sleepUntilWokenOrTimeout 
[16:58:54.404] [SEVERE ] updating countdown to 55552
[16:58:54.843] [INFO   ] place card step 0 
[16:58:54.843] [INFO   ] place card step 1 
[16:58:54.843] [INFO   ] place card step 2 
[16:58:54.844] [INFO   ] place card step 3 
[16:58:54.845] [INFO   ] place card step 5 
[16:58:54.845] [INFO   ] place card step 6 
[16:58:54.845] [INFO   ] place card step 7 
[16:58:54.845] [INFO   ] place card step 8 
[16:58:54.845] [INFO   ] before sleepUntilWokenOrTimeout 
[16:58:55.853] [SEVERE ] updating countdown to 54103
[16:58:56.289] [INFO   ] place card step 0 
[16:58:56.289] [INFO   ] place card step 1 
[16:58:56.289] [INFO   ] place card step 2 
[16:58:56.289] [INFO   ] place card step 3 
[16:58:56.289] [INFO   ] place card step 5 
[16:58:56.289] [INFO   ] place card step 6 
[16:58:56.289] [INFO   ] place card step 7 
[16:58:56.289] [INFO   ] place card step 8 
[16:58:56.289] [INFO   ] before sleepUntilWokenOrTimeout 
[16:58:57.304] [SEVERE ] updating countdown to 52652
[16:58:57.739] [INFO   ] place card step 0 
[16:58:57.739] [INFO   ] place card step 1 
[16:58:57.739] [INFO   ] place card step 2 
[16:58:57.739] [INFO   ] place card step 3 
[16:58:57.740] [INFO   ] place card step 5 
[16:58:57.741] [INFO   ] place card step 6 
[16:58:57.741] [INFO   ] place card step 7 
[16:58:57.741] [INFO   ] place card step 8 
[16:58:57.741] [INFO   ] before sleepUntilWokenOrTimeout 
[16:58:58.751] [SEVERE ] updating countdown to 51205
[16:58:59.189] [INFO   ] place card step 0 
[16:58:59.190] [INFO   ] place card step 1 
[16:58:59.190] [INFO   ] place card step 2 
[16:58:59.190] [INFO   ] place card step 3 
[16:58:59.191] [INFO   ] place card step 5 
[16:58:59.192] [INFO   ] place card step 6 
[16:58:59.192] [INFO   ] place card step 7 
[16:58:59.192] [INFO   ] place card step 8 
[16:58:59.192] [INFO   ] before sleepUntilWokenOrTimeout 
[16:59:00.193] [SEVERE ] updating countdown to 49763
[16:59:00.630] [INFO   ] place card step 0 
[16:59:00.630] [INFO   ] place card step 1 
[16:59:00.630] [INFO   ] place card step 2 
[16:59:00.630] [INFO   ] place card step 3 
[16:59:00.631] [INFO   ] place card step 5 
[16:59:00.631] [INFO   ] place card step 6 
[16:59:00.631] [INFO   ] place card step 7 
[16:59:00.631] [INFO   ] place card step 8 
[16:59:00.631] [INFO   ] before sleepUntilWokenOrTimeout 
[16:59:01.632] [SEVERE ] updating countdown to 48324
[16:59:02.038] [SEVERE ] key 65 was pressed by player 1
[16:59:02.038] [SEVERE ] player 1 placing token on slot 4
[16:59:02.070] [INFO   ] place card step 0 
[16:59:02.070] [INFO   ] place card step 1 
[16:59:02.070] [INFO   ] place card step 2 
[16:59:02.070] [INFO   ] place card step 3 
[16:59:02.070] [INFO   ] place card step 5 
[16:59:02.070] [INFO   ] place card step 6 
[16:59:02.070] [INFO   ] place card step 7 
[16:59:02.070] [INFO   ] place card step 8 
[16:59:02.070] [INFO   ] before sleepUntilWokenOrTimeout 
[16:59:03.070] [SEVERE ] updating countdown to 46886
[16:59:03.273] [SEVERE ] key 88 was pressed by player 1
[16:59:03.273] [SEVERE ] player 1 placing token on slot 9
[16:59:03.509] [INFO   ] place card step 0 
[16:59:03.509] [INFO   ] place card step 1 
[16:59:03.509] [INFO   ] place card step 2 
[16:59:03.509] [INFO   ] place card step 3 
[16:59:03.509] [SEVERE ] key 67 was pressed by player 1
[16:59:03.509] [INFO   ] place card step 5 
[16:59:03.509] [INFO   ] place card step 6 
[16:59:03.509] [INFO   ] place card step 7 
[16:59:03.509] [INFO   ] place card step 8 
[16:59:03.509] [INFO   ] before sleepUntilWokenOrTimeout 
[16:59:03.509] [SEVERE ] updating countdown to 46447
[16:59:03.729] [INFO   ] remove  in the table step 1
[16:59:03.729] [INFO   ] remove  in the table step 2
[16:59:03.729] [SEVERE ] setting player 1 score to 2
[16:59:03.729] [SEVERE ] setting player 1 freeze to 1000
[16:59:04.732] [SEVERE ] setting player 1 freeze to 0
[16:59:04.732] [SEVERE ] removing player 1 token from slot 4
[16:59:04.841] [SEVERE ] removing card from slot 4
[16:59:04.841] [SEVERE ] removing player 1 token from slot 9
[16:59:04.950] [SEVERE ] removing card from slot 9
[16:59:04.950] [SEVERE ] removing player 1 token from slot 10
[16:59:05.059] [SEVERE ] removing card from slot 10
[16:59:05.059] [SEVERE ] updating countdown to 60000
[16:59:05.278] [INFO   ] place card step 0 
[16:59:05.278] [INFO   ] place card step 1 
[16:59:05.387] [SEVERE ] placing card 36 in slot 4
[16:59:05.497] [SEVERE ] placing card 5 in slot 9
[16:59:05.607] [SEVERE ] placing card 79 in slot 10
[16:59:05.607] [INFO   ] place card step 2 
[16:59:05.607] [INFO   ] place card step 3 
[16:59:05.607] [INFO   ] place card step 5 
[16:59:05.607] [INFO   ] place card step 6 
[16:59:05.607] [INFO   ] place card step 7 
[16:59:05.607] [INFO   ] place card step 8 
[16:59:05.607] [INFO   ] before sleepUntilWokenOrTimeout 
[16:59:06.611] [SEVERE ] updating countdown to 58449
[16:59:07.049] [INFO   ] place card step 0 
[16:59:07.049] [INFO   ] place card step 1 
[16:59:07.049] [INFO   ] place card step 2 
[16:59:07.049] [INFO   ] place card step 3 
[16:59:07.049] [INFO   ] place card step 5 
[16:59:07.049] [INFO   ] place card step 6 
[16:59:07.049] [INFO   ] place card step 7 
[16:59:07.049] [INFO   ] place card step 8 
[16:59:07.049] [INFO   ] before sleepUntilWokenOrTimeout 
[16:59:08.051] [SEVERE ] updating countdown to 57009
[16:59:08.489] [INFO   ] place card step 0 
[16:59:08.489] [INFO   ] place card step 1 
[16:59:08.489] [INFO   ] place card step 2 
[16:59:08.489] [INFO   ] place card step 3 
[16:59:08.489] [INFO   ] place card step 5 
[16:59:08.489] [INFO   ] place card step 6 
[16:59:08.489] [INFO   ] place card step 7 
[16:59:08.489] [INFO   ] place card step 8 
[16:59:08.489] [INFO   ] before sleepUntilWokenOrTimeout 
[16:59:09.489] [SEVERE ] updating countdown to 55571
[16:59:09.927] [INFO   ] place card step 0 
[16:59:09.927] [INFO   ] place card step 1 
[16:59:09.927] [INFO   ] place card step 2 
[16:59:09.927] [INFO   ] place card step 3 
[16:59:09.927] [INFO   ] place card step 5 
[16:59:09.927] [INFO   ] place card step 6 
[16:59:09.927] [INFO   ] place card step 7 
[16:59:09.927] [INFO   ] place card step 8 
[16:59:09.927] [INFO   ] before sleepUntilWokenOrTimeout 
[16:59:10.931] [SEVERE ] updating countdown to 54129
[16:59:11.372] [INFO   ] place card step 0 
[16:59:11.372] [INFO   ] place card step 1 
[16:59:11.372] [INFO   ] place card step 2 
[16:59:11.372] [INFO   ] place card step 3 
[16:59:11.372] [INFO   ] place card step 5 
[16:59:11.372] [INFO   ] place card step 6 
[16:59:11.372] [INFO   ] place card step 7 
[16:59:11.372] [INFO   ] place card step 8 
[16:59:11.372] [INFO   ] before sleepUntilWokenOrTimeout 
[16:59:11.699] [SEVERE ] key 81 was pressed by player 1
[16:59:11.699] [SEVERE ] player 1 placing token on slot 0
[16:59:11.966] [SEVERE ] key 65 was pressed by player 1
[16:59:11.966] [SEVERE ] player 1 placing token on slot 4
[16:59:12.372] [SEVERE ] updating countdown to 52688
[16:59:12.812] [INFO   ] place card step 0 
[16:59:12.812] [INFO   ] place card step 1 
[16:59:12.812] [INFO   ] place card step 2 
[16:59:12.812] [INFO   ] place card step 3 
[16:59:12.812] [INFO   ] place card step 5 
[16:59:12.812] [INFO   ] place card step 6 
[16:59:12.812] [INFO   ] place card step 7 
[16:59:12.812] [INFO   ] place card step 8 
[16:59:12.812] [INFO   ] before sleepUntilWokenOrTimeout 
[16:59:13.533] [SEVERE ] key 67 was pressed by player 1
[16:59:13.533] [SEVERE ] player 1 placing token on slot 10
[16:59:13.533] [SEVERE ] updating countdown to 51527
[16:59:13.753] [INFO   ] remove  in the table step 1
[16:59:13.753] [INFO   ] remove  in the table step 2
[16:59:13.753] [SEVERE ] setting player 1 freeze to 3000
[16:59:14.757] [SEVERE ] setting player 1 freeze to 2000
[16:59:15.763] [SEVERE ] setting player 1 freeze to 1000
[16:59:16.765] [SEVERE ] setting player 1 freeze to 0
[16:59:16.765] [SEVERE ] removing player 1 token from slot 0
[16:59:16.765] [SEVERE ] removing player 1 token from slot 4
[16:59:16.765] [SEVERE ] removing player 1 token from slot 10
[16:59:16.985] [INFO   ] place card step 0 
[16:59:16.985] [INFO   ] place card step 1 
[16:59:16.985] [INFO   ] place card step 2 
[16:59:16.985] [INFO   ] place card step 3 
[16:59:16.985] [INFO   ] place card step 5 
[16:59:16.985] [INFO   ] place card step 6 
[16:59:16.985] [INFO   ] place card step 7 
[16:59:16.985] [INFO   ] place card step 8 
[16:59:16.985] [INFO   ] before sleepUntilWokenOrTimeout 
[16:59:17.610] [SEVERE ] key 81 was pressed by player 1
[16:59:17.610] [SEVERE ] player 1 placing token on slot 0
[16:59:17.829] [SEVERE ] key 65 was pressed by player 1
[16:59:17.829] [SEVERE ] player 1 placing token on slot 4
[16:59:17.986] [SEVERE ] updating countdown to 47074
[16:59:18.423] [INFO   ] place card step 0 
[16:59:18.423] [INFO   ] place card step 1 
[16:59:18.423] [INFO   ] place card step 2 
[16:59:18.423] [INFO   ] place card step 3 
[16:59:18.423] [INFO   ] place card step 5 
[16:59:18.423] [INFO   ] place card step 6 
[16:59:18.423] [INFO   ] place card step 7 
[16:59:18.423] [INFO   ] place card step 8 
[16:59:18.423] [INFO   ] before sleepUntilWokenOrTimeout 
[16:59:19.426] [SEVERE ] updating countdown to 45634
[16:59:19.552] [SEVERE ] key 86 was pressed by player 1
[16:59:19.552] [SEVERE ] player 1 placing token on slot 11
[16:59:19.645] [INFO   ] remove  in the table step 1
[16:59:19.645] [INFO   ] remove  in the table step 2
[16:59:19.645] [SEVERE ] setting player 1 score to 3
[16:59:19.645] [SEVERE ] setting player 1 freeze to 1000
[16:59:20.648] [SEVERE ] setting player 1 freeze to 0
[16:59:20.648] [SEVERE ] removing player 1 token from slot 0
[16:59:20.758] [SEVERE ] removing card from slot 0
[16:59:20.758] [SEVERE ] removing player 1 token from slot 4
[16:59:20.868] [SEVERE ] removing card from slot 4
[16:59:20.868] [SEVERE ] removing player 1 token from slot 11
[16:59:20.979] [SEVERE ] removing card from slot 11
[16:59:20.979] [SEVERE ] updating countdown to 60000
[16:59:21.200] [INFO   ] place card step 0 
[16:59:21.200] [INFO   ] place card step 1 
[16:59:21.310] [SEVERE ] placing card 35 in slot 0
[16:59:21.421] [SEVERE ] placing card 75 in slot 4
[16:59:21.530] [SEVERE ] placing card 53 in slot 11
[16:59:21.530] [INFO   ] place card step 2 
[16:59:21.531] [INFO   ] place card step 3 
[16:59:21.531] [INFO   ] place card step 5 
[16:59:21.531] [INFO   ] place card step 6 
[16:59:21.531] [INFO   ] place card step 7 
[16:59:21.531] [INFO   ] place card step 8 
[16:59:21.531] [INFO   ] before sleepUntilWokenOrTimeout 
[16:59:22.532] [SEVERE ] updating countdown to 58447
[16:59:22.970] [INFO   ] place card step 0 
[16:59:22.970] [INFO   ] place card step 1 
[16:59:22.970] [INFO   ] place card step 2 
[16:59:22.970] [INFO   ] place card step 3 
[16:59:22.970] [INFO   ] place card step 5 
[16:59:22.970] [INFO   ] place card step 6 
[16:59:22.970] [INFO   ] place card step 7 
[16:59:22.970] [INFO   ] place card step 8 
[16:59:22.970] [INFO   ] before sleepUntilWokenOrTimeout 
[16:59:23.970] [SEVERE ] updating countdown to 57009
[16:59:24.409] [INFO   ] place card step 0 
[16:59:24.409] [INFO   ] place card step 1 
[16:59:24.409] [INFO   ] place card step 2 
[16:59:24.409] [INFO   ] place card step 3 
[16:59:24.409] [INFO   ] place card step 5 
[16:59:24.409] [INFO   ] place card step 6 
[16:59:24.409] [INFO   ] place card step 7 
[16:59:24.409] [INFO   ] place card step 8 
[16:59:24.409] [INFO   ] before sleepUntilWokenOrTimeout 
[16:59:25.411] [SEVERE ] updating countdown to 55568
[16:59:25.850] [INFO   ] place card step 0 
[16:59:25.850] [INFO   ] place card step 1 
[16:59:25.850] [INFO   ] place card step 2 
[16:59:25.850] [INFO   ] place card step 3 
[16:59:25.850] [INFO   ] place card step 5 
[16:59:25.850] [INFO   ] place card step 6 
[16:59:25.850] [INFO   ] place card step 7 
[16:59:25.850] [INFO   ] place card step 8 
[16:59:25.850] [INFO   ] before sleepUntilWokenOrTimeout 
[16:59:26.854] [SEVERE ] updating countdown to 54125
[16:59:27.290] [INFO   ] place card step 0 
[16:59:27.290] [INFO   ] place card step 1 
[16:59:27.290] [INFO   ] place card step 2 
[16:59:27.290] [INFO   ] place card step 3 
[16:59:27.290] [INFO   ] place card step 5 
[16:59:27.290] [INFO   ] place card step 6 
[16:59:27.290] [INFO   ] place card step 7 
[16:59:27.290] [INFO   ] place card step 8 
[16:59:27.290] [INFO   ] before sleepUntilWokenOrTimeout 
[16:59:28.292] [SEVERE ] updating countdown to 52687
[16:59:28.730] [INFO   ] place card step 0 
[16:59:28.730] [INFO   ] place card step 1 
[16:59:28.730] [INFO   ] place card step 2 
[16:59:28.730] [INFO   ] place card step 3 
[16:59:28.730] [INFO   ] place card step 5 
[16:59:28.730] [INFO   ] place card step 6 
[16:59:28.730] [INFO   ] place card step 7 
[16:59:28.730] [INFO   ] place card step 8 
[16:59:28.730] [INFO   ] before sleepUntilWokenOrTimeout 
[16:59:29.733] [SEVERE ] updating countdown to 51246
[16:59:30.171] [INFO   ] place card step 0 
[16:59:30.171] [INFO   ] place card step 1 
[16:59:30.171] [INFO   ] place card step 2 
[16:59:30.171] [INFO   ] place card step 3 
[16:59:30.171] [INFO   ] place card step 5 
[16:59:30.171] [INFO   ] place card step 6 
[16:59:30.171] [INFO   ] place card step 7 
[16:59:30.171] [INFO   ] place card step 8 
[16:59:30.171] [INFO   ] before sleepUntilWokenOrTimeout 
[16:59:31.174] [SEVERE ] updating countdown to 49805
[16:59:31.612] [INFO   ] place card step 0 
[16:59:31.612] [INFO   ] place card step 1 
[16:59:31.612] [INFO   ] place card step 2 
[16:59:31.612] [INFO   ] place card step 3 
[16:59:31.612] [INFO   ] place card step 5 
[16:59:31.612] [INFO   ] place card step 6 
[16:59:31.612] [INFO   ] place card step 7 
[16:59:31.612] [INFO   ] place card step 8 
[16:59:31.612] [INFO   ] before sleepUntilWokenOrTimeout 
[16:59:32.615] [SEVERE ] updating countdown to 48364
[16:59:33.053] [INFO   ] place card step 0 
[16:59:33.053] [INFO   ] place card step 1 
[16:59:33.053] [INFO   ] place card step 2 
[16:59:33.053] [INFO   ] place card step 3 
[16:59:33.053] [INFO   ] place card step 5 
[16:59:33.053] [INFO   ] place card step 6 
[16:59:33.053] [INFO   ] place card step 7 
[16:59:33.053] [INFO   ] place card step 8 
[16:59:33.053] [INFO   ] before sleepUntilWokenOrTimeout 
[16:59:34.054] [SEVERE ] updating countdown to 46925
[16:59:34.492] [INFO   ] place card step 0 
[16:59:34.492] [INFO   ] place card step 1 
[16:59:34.492] [INFO   ] place card step 2 
[16:59:34.492] [INFO   ] place card step 3 
[16:59:34.492] [INFO   ] place card step 5 
[16:59:34.492] [INFO   ] place card step 6 
[16:59:34.492] [INFO   ] place card step 7 
[16:59:34.492] [INFO   ] place card step 8 
[16:59:34.492] [INFO   ] before sleepUntilWokenOrTimeout 
[16:59:35.492] [SEVERE ] updating countdown to 45487
[16:59:35.931] [INFO   ] place card step 0 
[16:59:35.931] [INFO   ] place card step 1 
[16:59:35.931] [INFO   ] place card step 2 
[16:59:35.931] [INFO   ] place card step 3 
[16:59:35.931] [INFO   ] place card step 5 
[16:59:35.931] [INFO   ] place card step 6 
[16:59:35.931] [INFO   ] place card step 7 
[16:59:35.931] [INFO   ] place card step 8 
[16:59:35.931] [INFO   ] before sleepUntilWokenOrTimeout 
[16:59:36.934] [SEVERE ] updating countdown to 44045
[16:59:37.373] [INFO   ] place card step 0 
[16:59:37.373] [INFO   ] place card step 1 
[16:59:37.373] [INFO   ] place card step 2 
[16:59:37.373] [INFO   ] place card step 3 
[16:59:37.373] [INFO   ] place card step 5 
[16:59:37.373] [INFO   ] place card step 6 
[16:59:37.373] [INFO   ] place card step 7 
[16:59:37.373] [INFO   ] place card step 8 
[16:59:37.373] [INFO   ] before sleepUntilWokenOrTimeout 
[16:59:38.373] [SEVERE ] updating countdown to 42606
[16:59:38.804] [INFO   ] place card step 0 
[16:59:38.804] [INFO   ] place card step 1 
[16:59:38.804] [INFO   ] place card step 2 
[16:59:38.804] [INFO   ] place card step 3 
[16:59:38.804] [INFO   ] place card step 5 
[16:59:38.804] [INFO   ] place card step 6 
[16:59:38.804] [INFO   ] place card step 7 
[16:59:38.804] [INFO   ] place card step 8 
[16:59:38.804] [INFO   ] before sleepUntilWokenOrTimeout 
[16:59:38.888] [SEVERE ] exit button pressed
[16:59:39.812] [SEVERE ] updating countdown to 41167
[16:59:40.251] [INFO   ] place card step 0 
[16:59:40.251] [INFO   ] place card step 1 
[16:59:40.251] [INFO   ] place card step 2 
[16:59:40.251] [INFO   ] place card step 3 
[16:59:40.251] [INFO   ] place card step 5 
[16:59:40.251] [INFO   ] place card step 6 
[16:59:40.251] [INFO   ] place card step 7 
[16:59:40.251] [INFO   ] place card step 8 
[16:59:40.251] [INFO   ] before sleepUntilWokenOrTimeout 
[16:59:41.255] [SEVERE ] updating countdown to 39724
[16:59:41.693] [INFO   ] place card step 0 
[16:59:41.693] [INFO   ] place card step 1 
[16:59:41.693] [INFO   ] place card step 2 
[16:59:41.693] [INFO   ] place card step 3 
[16:59:41.694] [INFO   ] place card step 5 
[16:59:41.694] [INFO   ] place card step 6 
[16:59:41.694] [INFO   ] place card step 7 
[16:59:41.694] [INFO   ] place card step 8 
[16:59:41.694] [INFO   ] before sleepUntilWokenOrTimeout 
[16:59:42.695] [SEVERE ] updating countdown to 38284
[16:59:43.134] [INFO   ] place card step 0 
[16:59:43.134] [INFO   ] place card step 1 
[16:59:43.134] [INFO   ] place card step 2 
[16:59:43.134] [INFO   ] place card step 3 
[16:59:43.134] [INFO   ] place card step 5 
[16:59:43.134] [INFO   ] place card step 6 
[16:59:43.134] [INFO   ] place card step 7 
[16:59:43.134] [INFO   ] place card step 8 
[16:59:43.134] [INFO   ] before sleepUntilWokenOrTimeout 
[16:59:44.136] [SEVERE ] updating countdown to 36843
[16:59:44.573] [INFO   ] place card step 0 
[16:59:44.573] [INFO   ] place card step 1 
[16:59:44.573] [INFO   ] place card step 2 
[16:59:44.573] [INFO   ] place card step 3 
[16:59:44.573] [INFO   ] place card step 5 
[16:59:44.573] [INFO   ] place card step 6 
[16:59:44.573] [INFO   ] place card step 7 
[16:59:44.573] [INFO   ] place card step 8 
[16:59:44.573] [INFO   ] before sleepUntilWokenOrTimeout 
[16:59:45.575] [SEVERE ] updating countdown to 35404
[16:59:46.015] [INFO   ] place card step 0 
[16:59:46.015] [INFO   ] place card step 1 
[16:59:46.015] [INFO   ] place card step 2 
[16:59:46.015] [INFO   ] place card step 3 
[16:59:46.015] [INFO   ] place card step 5 
[16:59:46.015] [INFO   ] place card step 6 
[16:59:46.015] [INFO   ] place card step 7 
[16:59:46.015] [INFO   ] place card step 8 
[16:59:46.015] [INFO   ] before sleepUntilWokenOrTimeout 
[16:59:47.015] [SEVERE ] updating countdown to 33964
[16:59:47.452] [INFO   ] place card step 0 
[16:59:47.452] [INFO   ] place card step 1 
[16:59:47.452] [INFO   ] place card step 2 
[16:59:47.452] [INFO   ] place card step 3 
[16:59:47.453] [INFO   ] place card step 5 
[16:59:47.453] [INFO   ] place card step 6 
[16:59:47.453] [INFO   ] place card step 7 
[16:59:47.453] [INFO   ] place card step 8 
[16:59:47.453] [INFO   ] before sleepUntilWokenOrTimeout 
[16:59:48.462] [SEVERE ] updating countdown to 32517
[16:59:48.900] [INFO   ] place card step 0 
[16:59:48.900] [INFO   ] place card step 1 
[16:59:48.900] [INFO   ] place card step 2 
[16:59:48.900] [INFO   ] place card step 3 
[16:59:48.900] [INFO   ] place card step 5 
[16:59:48.900] [INFO   ] place card step 6 
[16:59:48.900] [INFO   ] place card step 7 
[16:59:48.900] [INFO   ] place card step 8 
[16:59:48.900] [INFO   ] before sleepUntilWokenOrTimeout 
[16:59:48.915] [SEVERE ] updating countdown to 32064
[16:59:48.915] [INFO   ] thread Thread-0 terminated.
[16:59:48.916] [INFO   ] thread computer-1 terminated.
[16:59:48.916] [INFO   ] thread Thread-1 terminated.
[16:59:49.135] [INFO   ] remove  in the table step 1
[16:59:49.135] [INFO   ] remove  in the table step 2
[16:59:49.135] [SEVERE ] setting player 1 freeze to 3000
[16:59:50.145] [SEVERE ] setting player 1 freeze to 2000
[16:59:51.146] [SEVERE ] setting player 1 freeze to 1000
[16:59:52.149] [SEVERE ] setting player 1 freeze to 0
[16:59:52.149] [INFO   ] remove  in the table step 1
[16:59:52.149] [INFO   ] remove  in the table step 2
[16:59:52.149] [SEVERE ] setting player 2 freeze to 3000
[16:59:53.151] [SEVERE ] setting player 2 freeze to 2000
[16:59:54.154] [SEVERE ] setting player 2 freeze to 1000
[16:59:55.156] [SEVERE ] setting player 2 freeze to 0
[16:59:55.375] [INFO   ] place card step 0 
[16:59:55.375] [INFO   ] place card step 1 
[16:59:55.375] [INFO   ] place card step 2 
[16:59:55.375] [INFO   ] place card step 3 
[16:59:55.375] [INFO   ] place card step 5 
[16:59:55.375] [INFO   ] place card step 6 
[16:59:55.375] [INFO   ] place card step 7 
[16:59:55.375] [INFO   ] place card step 8 
[16:59:55.375] [SEVERE ] updating countdown to 60000
[16:59:55.702] [SEVERE ] removing card from slot 0
[16:59:55.813] [SEVERE ] removing card from slot 1
[16:59:55.922] [SEVERE ] removing card from slot 2
[16:59:56.031] [SEVERE ] removing card from slot 3
[16:59:56.141] [SEVERE ] removing card from slot 4
[16:59:56.250] [SEVERE ] removing card from slot 5
[16:59:56.360] [SEVERE ] removing card from slot 6
[16:59:56.469] [SEVERE ] removing card from slot 7
[16:59:56.579] [SEVERE ] removing card from slot 8
[16:59:56.689] [SEVERE ] removing card from slot 9
[16:59:56.798] [SEVERE ] removing card from slot 10
[16:59:56.907] [SEVERE ] removing card from slot 11
[16:59:56.907] [SEVERE ] announcing winner(s): player 1, player 1
[16:59:56.907] [INFO   ] thread dealer terminated.
[16:59:56.907] [INFO   ] thread dealer terminated.
[16:59:56.907] [SEVERE ] thanks for playing... it was fun!
[16:59:56.907] [INFO   ] thread main terminated.
