[14:43:41.488] [INFO   ] thread main starting.
[14:43:41.498] [SEVERE ] cannot read configuration file config.properties trying from resources.
[14:43:41.501] [SEVERE ] configuration file was loaded from resources directory.
[14:43:42.112] [INFO   ] thread dealer starting.
[14:43:42.113] [INFO   ] thread dealer starting.
[14:43:42.114] [INFO   ] thread Thread-0 starting.
[14:43:42.115] [INFO   ] creat AI step 1 
[14:43:42.116] [INFO   ] thread computer-0 starting.
[14:43:42.116] [INFO   ] creat AI step 2 
[14:43:42.116] [INFO   ] creat AI step 3 
[14:43:42.116] [INFO   ] thread Thread-0wip1
[14:43:42.116] [INFO   ] thread Thread-1 starting.
[14:43:42.116] [INFO   ] creat AI step 7 
[14:43:42.118] [INFO   ] thread Thread-0wip2
[14:43:42.119] [INFO   ] creat AI step 1 
[14:43:42.119] [INFO   ] AI key pressed step 1 
[14:43:42.119] [INFO   ] thread computer-1 starting.
[14:43:42.119] [INFO   ] thread Thread-0wip3
[14:43:42.120] [INFO   ] AI key pressed step 2 
[14:43:42.120] [INFO   ] creat AI step 2 
[14:43:42.120] [INFO   ] KP step 1computer-0
[14:43:42.120] [INFO   ] thread Thread-0wip4
[14:43:42.121] [INFO   ] KP step 10computer-0
[14:43:42.121] [SEVERE ] updating countdown to 60000
[14:43:42.121] [INFO   ] thread Thread-1wip1
[14:43:42.121] [INFO   ] creat AI step 3 
[14:43:42.122] [INFO   ] thread Thread-1wip2
[14:43:42.122] [INFO   ] AI key pressed step 3, random slot: 1
[14:43:42.123] [INFO   ] creat AI step 8 
[14:43:42.123] [INFO   ] thread Thread-1wip3
[14:43:42.123] [INFO   ] creat AI step 9 
[14:43:42.124] [INFO   ] thread Thread-1wip4
[14:43:42.124] [INFO   ] thread Thread-0wip5
[14:43:42.124] [INFO   ] thread Thread-0 after  synchronize on dealer.
[14:43:42.124] [INFO   ] thread Thread-0 before notify synchronize on dealer.
[14:43:42.124] [INFO   ] creat AI step 7 
[14:43:42.127] [INFO   ] AI key pressed step 1 
[14:43:42.127] [INFO   ] AI key pressed step 2 
[14:43:42.127] [INFO   ] KP step 1computer-1
[14:43:42.127] [INFO   ] KP step 10computer-1
[14:43:42.128] [INFO   ] AI key pressed step 3, random slot: 6
[14:43:42.128] [INFO   ] creat AI step 8 
[14:43:42.128] [INFO   ] creat AI step 9 
[14:43:42.129] [INFO   ] thread Thread-1wip5
[14:43:42.130] [INFO   ] thread Thread-1 after  synchronize on dealer.
[14:43:42.130] [INFO   ] thread Thread-1 before notify synchronize on dealer.
[14:43:42.343] [INFO   ] place card step 0 
[14:43:42.343] [INFO   ] place card step 1 
[14:43:42.452] [SEVERE ] placing card 61 in slot 0
[14:43:42.561] [SEVERE ] placing card 23 in slot 1
[14:43:42.669] [SEVERE ] placing card 52 in slot 2
[14:43:42.778] [SEVERE ] placing card 19 in slot 3
[14:43:42.889] [SEVERE ] placing card 25 in slot 4
[14:43:42.999] [SEVERE ] placing card 16 in slot 5
[14:43:43.109] [SEVERE ] placing card 54 in slot 6
[14:43:43.217] [SEVERE ] placing card 40 in slot 7
[14:43:43.327] [SEVERE ] placing card 51 in slot 8
[14:43:43.435] [SEVERE ] placing card 45 in slot 9
[14:43:43.545] [SEVERE ] placing card 80 in slot 10
[14:43:43.655] [SEVERE ] placing card 62 in slot 11
[14:43:43.656] [INFO   ] place card step 2 
[14:43:43.656] [INFO   ] place card step 3 
[14:43:43.667] [INFO   ] place card step 5 
[14:43:43.667] [INFO   ] place card step 6 
[14:43:43.668] [INFO   ] place card step 7 
[14:43:43.668] [INFO   ] place card step 8 
[14:43:44.677] [SEVERE ] updating countdown to 57446
[14:43:45.113] [INFO   ] place card step 0 
[14:43:45.113] [INFO   ] place card step 1 
[14:43:45.113] [INFO   ] place card step 2 
[14:43:45.113] [INFO   ] place card step 3 
[14:43:45.117] [INFO   ] place card step 5 
[14:43:45.117] [INFO   ] place card step 6 
[14:43:45.117] [INFO   ] place card step 7 
[14:43:45.117] [INFO   ] place card step 8 
[14:43:46.126] [SEVERE ] updating countdown to 55997
[14:43:46.558] [INFO   ] place card step 0 
[14:43:46.558] [INFO   ] place card step 1 
[14:43:46.558] [INFO   ] place card step 2 
[14:43:46.558] [INFO   ] place card step 3 
[14:43:46.559] [INFO   ] place card step 5 
[14:43:46.560] [INFO   ] place card step 6 
[14:43:46.560] [INFO   ] place card step 7 
[14:43:46.560] [INFO   ] place card step 8 
[14:43:47.574] [SEVERE ] updating countdown to 54549
[14:43:48.015] [INFO   ] place card step 0 
[14:43:48.016] [INFO   ] place card step 1 
[14:43:48.016] [INFO   ] place card step 2 
[14:43:48.017] [INFO   ] place card step 3 
[14:43:48.020] [INFO   ] place card step 5 
[14:43:48.021] [INFO   ] place card step 6 
[14:43:48.021] [INFO   ] place card step 7 
[14:43:48.021] [INFO   ] place card step 8 
[14:43:49.025] [SEVERE ] updating countdown to 53098
[14:43:49.458] [INFO   ] place card step 0 
[14:43:49.458] [INFO   ] place card step 1 
[14:43:49.458] [INFO   ] place card step 2 
[14:43:49.458] [INFO   ] place card step 3 
[14:43:49.459] [INFO   ] place card step 5 
[14:43:49.460] [INFO   ] place card step 6 
[14:43:49.460] [INFO   ] place card step 7 
[14:43:49.460] [INFO   ] place card step 8 
[14:43:50.472] [SEVERE ] updating countdown to 51651
[14:43:50.907] [INFO   ] place card step 0 
[14:43:50.907] [INFO   ] place card step 1 
[14:43:50.907] [INFO   ] place card step 2 
[14:43:50.907] [INFO   ] place card step 3 
[14:43:50.908] [INFO   ] place card step 5 
[14:43:50.908] [INFO   ] place card step 6 
[14:43:50.908] [INFO   ] place card step 7 
[14:43:50.908] [INFO   ] place card step 8 
[14:43:51.919] [SEVERE ] updating countdown to 50204
[14:43:52.353] [INFO   ] place card step 0 
[14:43:52.353] [INFO   ] place card step 1 
[14:43:52.353] [INFO   ] place card step 2 
[14:43:52.353] [INFO   ] place card step 3 
[14:43:52.354] [INFO   ] place card step 5 
[14:43:52.354] [INFO   ] place card step 6 
[14:43:52.354] [INFO   ] place card step 7 
[14:43:52.354] [INFO   ] place card step 8 
[14:43:53.366] [SEVERE ] updating countdown to 48757
[14:43:53.804] [INFO   ] place card step 0 
[14:43:53.804] [INFO   ] place card step 1 
[14:43:53.805] [INFO   ] place card step 2 
[14:43:53.805] [INFO   ] place card step 3 
[14:43:53.806] [INFO   ] place card step 5 
[14:43:53.807] [INFO   ] place card step 6 
[14:43:53.807] [INFO   ] place card step 7 
[14:43:53.807] [INFO   ] place card step 8 
[14:43:54.814] [SEVERE ] updating countdown to 47309
[14:43:55.248] [INFO   ] place card step 0 
[14:43:55.248] [INFO   ] place card step 1 
[14:43:55.248] [INFO   ] place card step 2 
[14:43:55.249] [INFO   ] place card step 3 
[14:43:55.249] [INFO   ] place card step 5 
[14:43:55.249] [INFO   ] place card step 6 
[14:43:55.250] [INFO   ] place card step 7 
[14:43:55.250] [INFO   ] place card step 8 
[14:43:56.262] [SEVERE ] updating countdown to 45861
[14:43:56.701] [INFO   ] place card step 0 
[14:43:56.701] [INFO   ] place card step 1 
[14:43:56.702] [INFO   ] place card step 2 
[14:43:56.702] [INFO   ] place card step 3 
[14:43:56.703] [INFO   ] place card step 5 
[14:43:56.703] [INFO   ] place card step 6 
[14:43:56.703] [INFO   ] place card step 7 
[14:43:56.703] [INFO   ] place card step 8 
[14:43:57.718] [SEVERE ] updating countdown to 44405
[14:43:58.154] [INFO   ] place card step 0 
[14:43:58.154] [INFO   ] place card step 1 
[14:43:58.155] [INFO   ] place card step 2 
[14:43:58.155] [INFO   ] place card step 3 
[14:43:58.155] [INFO   ] place card step 5 
[14:43:58.155] [INFO   ] place card step 6 
[14:43:58.155] [INFO   ] place card step 7 
[14:43:58.156] [INFO   ] place card step 8 
[14:43:59.163] [SEVERE ] updating countdown to 42960
[14:43:59.321] [SEVERE ] exit button pressed
[14:43:59.599] [INFO   ] place card step 0 
[14:43:59.599] [INFO   ] place card step 1 
[14:43:59.599] [INFO   ] place card step 2 
[14:43:59.599] [INFO   ] place card step 3 
[14:43:59.600] [INFO   ] place card step 5 
[14:43:59.600] [INFO   ] place card step 6 
[14:43:59.600] [INFO   ] place card step 7 
[14:43:59.600] [INFO   ] place card step 8 
[14:44:00.608] [SEVERE ] updating countdown to 41515
[14:44:01.044] [INFO   ] place card step 0 
[14:44:01.044] [INFO   ] place card step 1 
[14:44:01.044] [INFO   ] place card step 2 
[14:44:01.044] [INFO   ] place card step 3 
[14:44:01.045] [INFO   ] place card step 5 
[14:44:01.045] [INFO   ] place card step 6 
[14:44:01.045] [INFO   ] place card step 7 
[14:44:01.045] [INFO   ] place card step 8 
[14:44:02.053] [SEVERE ] updating countdown to 40070
[14:44:02.490] [INFO   ] place card step 0 
[14:44:02.491] [INFO   ] place card step 1 
[14:44:02.491] [INFO   ] place card step 2 
[14:44:02.491] [INFO   ] place card step 3 
[14:44:02.492] [INFO   ] place card step 5 
[14:44:02.492] [INFO   ] place card step 6 
[14:44:02.492] [INFO   ] place card step 7 
[14:44:02.494] [INFO   ] place card step 8 
