[15:32:33.824] [INFO   ] thread main starting.
[15:32:33.839] [SEVERE ] cannot read configuration file config.properties trying from resources.
[15:32:33.842] [SEVERE ] configuration file was loaded from resources directory.
[15:32:34.994] [INFO   ] thread dealer starting.
[15:32:34.997] [INFO   ] thread dealer starting.
[15:32:35.003] [INFO   ] thread Thread-0 starting.
[15:32:35.005] [INFO   ] creat AI step 1 
[15:32:35.006] [INFO   ] thread computer-0 starting.
[15:32:35.006] [INFO   ] creat AI step 2 
[15:32:35.006] [INFO   ] creat AI step 3 
[15:32:35.006] [INFO   ] thread Thread-0wip1
[15:32:35.007] [INFO   ] thread Thread-1 starting.
[15:32:35.007] [INFO   ] creat AI step 7 
[15:32:35.131] [INFO   ] thread Thread-0wip2
[15:32:35.132] [INFO   ] AI key pressed step 1 
[15:32:35.132] [INFO   ] thread Thread-0wip3
[15:32:35.133] [INFO   ] creat AI step 1 
[15:32:35.133] [INFO   ] AI key pressed step 2 
[15:32:35.133] [INFO   ] thread Thread-0wip4
[15:32:35.133] [INFO   ] KP step 1computer-0
[15:32:35.133] [INFO   ] thread computer-1 starting.
[15:32:35.134] [INFO   ] KP step 10computer-0
[15:32:35.134] [INFO   ] creat AI step 2 
[15:32:35.134] [INFO   ] AI key pressed step 3, random slot: 2
[15:32:35.135] [INFO   ] thread Thread-1wip1
[15:32:35.135] [INFO   ] thread Thread-1wip2
[15:32:35.137] [INFO   ] thread Thread-1wip3
[15:32:35.137] [INFO   ] thread Thread-1wip4
[15:32:35.135] [SEVERE ] updating countdown to 60000
[15:32:35.135] [INFO   ] creat AI step 3 
[15:32:35.135] [INFO   ] creat AI step 8 
[15:32:35.138] [INFO   ] creat AI step 9 
[15:32:35.138] [INFO   ] creat AI step 7 
[15:32:35.139] [INFO   ] thread Thread-0wip5
[15:32:35.140] [INFO   ] AI key pressed step 1 
[15:32:35.140] [INFO   ] thread Thread-0 after  synchronize on dealer.
[15:32:35.141] [INFO   ] thread Thread-0 before notify synchronize on dealer.
[15:32:35.141] [INFO   ] AI key pressed step 2 
[15:32:35.142] [INFO   ] KP step 1computer-1
[15:32:35.143] [INFO   ] KP step 10computer-1
[15:32:35.143] [INFO   ] AI key pressed step 3, random slot: 3
[15:32:35.143] [INFO   ] creat AI step 8 
[15:32:35.143] [INFO   ] creat AI step 9 
[15:32:35.144] [INFO   ] thread Thread-1wip5
[15:32:35.144] [INFO   ] thread Thread-1 after  synchronize on dealer.
[15:32:35.145] [INFO   ] thread Thread-1 before notify synchronize on dealer.
[15:32:35.363] [INFO   ] place card step 0 
[15:32:35.364] [INFO   ] place card step 1 
[15:32:35.472] [SEVERE ] placing card 66 in slot 0
[15:32:35.580] [SEVERE ] placing card 68 in slot 1
[15:32:35.688] [SEVERE ] placing card 71 in slot 2
[15:32:35.797] [SEVERE ] placing card 67 in slot 3
[15:32:35.905] [SEVERE ] placing card 15 in slot 4
[15:32:36.014] [SEVERE ] placing card 48 in slot 5
[15:32:36.124] [SEVERE ] placing card 52 in slot 6
[15:32:36.233] [SEVERE ] placing card 26 in slot 7
[15:32:36.342] [SEVERE ] placing card 35 in slot 8
[15:32:36.451] [SEVERE ] placing card 38 in slot 9
[15:32:36.559] [SEVERE ] placing card 4 in slot 10
[15:32:36.668] [SEVERE ] placing card 36 in slot 11
[15:32:36.668] [INFO   ] place card step 2 
[15:32:36.668] [INFO   ] place card step 3 
[15:32:36.669] [INFO   ] place card step 5 
[15:32:36.670] [INFO   ] place card step 6 
[15:32:36.670] [INFO   ] place card step 7 
[15:32:36.671] [INFO   ] place card step 8 
[15:32:37.677] [SEVERE ] updating countdown to 57463
[15:32:38.113] [INFO   ] place card step 0 
[15:32:38.114] [INFO   ] place card step 1 
[15:32:38.114] [INFO   ] place card step 2 
[15:32:38.114] [INFO   ] place card step 3 
[15:32:38.116] [INFO   ] place card step 5 
[15:32:38.116] [INFO   ] place card step 6 
[15:32:38.116] [INFO   ] place card step 7 
[15:32:38.116] [INFO   ] place card step 8 
[15:32:39.123] [SEVERE ] updating countdown to 56017
[15:32:39.559] [INFO   ] place card step 0 
[15:32:39.559] [INFO   ] place card step 1 
[15:32:39.559] [INFO   ] place card step 2 
[15:32:39.559] [INFO   ] place card step 3 
[15:32:39.562] [INFO   ] place card step 5 
[15:32:39.562] [INFO   ] place card step 6 
[15:32:39.562] [INFO   ] place card step 7 
[15:32:39.562] [INFO   ] place card step 8 
[15:32:40.572] [SEVERE ] updating countdown to 54568
[15:32:41.010] [INFO   ] place card step 0 
[15:32:41.011] [INFO   ] place card step 1 
[15:32:41.011] [INFO   ] place card step 2 
[15:32:41.011] [INFO   ] place card step 3 
[15:32:41.015] [INFO   ] place card step 5 
[15:32:41.016] [INFO   ] place card step 6 
[15:32:41.016] [INFO   ] place card step 7 
[15:32:41.016] [INFO   ] place card step 8 
[15:32:42.017] [SEVERE ] updating countdown to 53123
[15:32:42.454] [INFO   ] place card step 0 
[15:32:42.455] [INFO   ] place card step 1 
[15:32:42.455] [INFO   ] place card step 2 
[15:32:42.455] [INFO   ] place card step 3 
[15:32:42.456] [INFO   ] place card step 5 
[15:32:42.457] [INFO   ] place card step 6 
[15:32:42.457] [INFO   ] place card step 7 
[15:32:42.457] [INFO   ] place card step 8 
[15:32:43.467] [SEVERE ] updating countdown to 51673
[15:32:43.902] [INFO   ] place card step 0 
[15:32:43.902] [INFO   ] place card step 1 
[15:32:43.902] [INFO   ] place card step 2 
[15:32:43.902] [INFO   ] place card step 3 
[15:32:43.904] [INFO   ] place card step 5 
[15:32:43.904] [INFO   ] place card step 6 
[15:32:43.905] [INFO   ] place card step 7 
[15:32:43.905] [INFO   ] place card step 8 
[15:32:44.913] [SEVERE ] updating countdown to 50227
[15:32:45.355] [INFO   ] place card step 0 
[15:32:45.356] [INFO   ] place card step 1 
[15:32:45.356] [INFO   ] place card step 2 
[15:32:45.357] [INFO   ] place card step 3 
[15:32:45.359] [INFO   ] place card step 5 
[15:32:45.359] [INFO   ] place card step 6 
[15:32:45.359] [INFO   ] place card step 7 
[15:32:45.359] [INFO   ] place card step 8 
