[12:00:03.229] [INFO   ] thread main starting.
[12:00:03.248] [SEVERE ] cannot read configuration file config.properties trying from resources.
[12:00:03.254] [SEVERE ] configuration file was loaded from resources directory.
[12:00:04.428] [INFO   ] thread dealer starting.
[12:00:04.429] [INFO   ] thread dealer starting.
[12:00:04.431] [INFO   ] thread Thread-0 starting.
[12:00:04.434] [INFO   ] creat AI step 1 
[12:00:04.436] [INFO   ] thread computer-0 starting.
[12:00:04.436] [INFO   ] creat AI step 2 
[12:00:04.437] [INFO   ] creat AI step 3 
[12:00:04.437] [INFO   ] thread Thread-0wip1
[12:00:04.439] [INFO   ] thread Thread-1 starting.
[12:00:04.437] [INFO   ] creat AI step 7 
[12:00:04.449] [INFO   ] thread Thread-0wip2
[12:00:04.452] [INFO   ] AI key pressed step 1 
[12:00:04.453] [INFO   ] thread Thread-0wip3
[12:00:04.453] [INFO   ] thread Thread-0wip4
[12:00:04.453] [INFO   ] AI key pressed step 2 
[12:00:04.454] [INFO   ] KP step 1computer-0
[12:00:04.454] [INFO   ] KP step 7computer-0
[12:00:04.454] [INFO   ] KP step 8computer-0
[12:00:04.456] [INFO   ] KP step 10computer-0
[12:00:04.456] [INFO   ] AI key pressed step 3, random slot: 3
[12:00:04.456] [INFO   ] creat AI step 8 
[12:00:04.457] [INFO   ] creat AI step 9 
[12:00:04.457] [INFO   ] thread Thread-0wip5
[12:00:04.458] [INFO   ] thread Thread-0 before  synchronize on dealer.
[12:00:04.459] [INFO   ] thread Thread-0 after  synchronize on dealer.
[12:00:04.460] [INFO   ] thread Thread-0 before notify synchronize on dealer.
[12:00:04.464] [INFO   ] creat AI step 1 
[12:00:04.466] [INFO   ] thread computer-1 starting.
[12:00:04.466] [INFO   ] creat AI step 2 
[12:00:04.467] [INFO   ] creat AI step 3 
[12:00:04.467] [INFO   ] creat AI step 7 
[12:00:04.468] [INFO   ] AI key pressed step 1 
[12:00:04.468] [INFO   ] AI key pressed step 2 
[12:00:04.467] [SEVERE ] updating countdown to 60000
[12:00:04.467] [INFO   ] thread Thread-1wip1
[12:00:04.468] [INFO   ] KP step 1computer-1
[12:00:04.470] [INFO   ] KP step 7computer-1
[12:00:04.469] [INFO   ] thread Thread-1wip2
[12:00:04.470] [INFO   ] thread Thread-1wip3
[12:00:04.471] [INFO   ] thread Thread-1wip4
[12:00:04.471] [INFO   ] KP step 8computer-1
[12:00:04.471] [INFO   ] KP step 10computer-1
[12:00:04.472] [INFO   ] AI key pressed step 3, random slot: 10
[12:00:04.472] [INFO   ] creat AI step 8 
[12:00:04.472] [INFO   ] creat AI step 9 
[12:00:04.473] [INFO   ] thread Thread-1wip5
[12:00:04.473] [INFO   ] thread Thread-1 before  synchronize on dealer.
[12:00:04.474] [INFO   ] thread Thread-1 after  synchronize on dealer.
[12:00:04.474] [INFO   ] thread Thread-1 before notify synchronize on dealer.
[12:00:04.695] [INFO   ] place card step 0 
[12:00:04.696] [INFO   ] place card step 1 
[12:00:04.805] [SEVERE ] placing card 0 in slot 0
[12:00:04.916] [SEVERE ] placing card 78 in slot 1
[12:00:05.026] [SEVERE ] placing card 48 in slot 2
[12:00:05.137] [SEVERE ] placing card 8 in slot 3
[12:00:05.244] [SEVERE ] placing card 26 in slot 4
[12:00:05.351] [SEVERE ] placing card 10 in slot 5
[12:00:05.460] [SEVERE ] placing card 49 in slot 6
[12:00:05.569] [SEVERE ] placing card 7 in slot 7
[12:00:05.678] [SEVERE ] placing card 68 in slot 8
[12:00:05.786] [SEVERE ] placing card 28 in slot 9
[12:00:05.894] [SEVERE ] placing card 5 in slot 10
[12:00:06.003] [SEVERE ] placing card 80 in slot 11
[12:00:06.004] [INFO   ] place card step 2 
[12:00:06.004] [INFO   ] place card step 3 
[12:00:06.014] [INFO   ] place card step 5 
[12:00:06.015] [INFO   ] place card step 6 
[12:00:06.015] [INFO   ] place card step 7 
[12:00:06.015] [INFO   ] place card step 8 
[12:00:06.016] [SEVERE ] updating countdown to 58454
[12:00:06.239] [INFO   ] remove  in the table step 1
[12:00:06.240] [INFO   ] remove  in the table step 2
[12:00:06.240] [INFO   ] penalty
[12:00:06.241] [SEVERE ] setting player 1 freeze to 3000
[12:00:07.250] [SEVERE ] setting player 1 freeze to 2000
[12:00:08.264] [SEVERE ] setting player 1 freeze to 1000
[12:00:09.277] [SEVERE ] setting player 1 freeze to 0
[12:00:09.278] [INFO   ] remove  in the table step 1
[12:00:09.278] [INFO   ] creat AI step 10 
[12:00:09.278] [INFO   ] creat AI step 11 
[12:00:09.278] [INFO   ] remove  in the table step 2
[12:00:09.278] [INFO   ] creat AI step 3 
[12:00:09.278] [INFO   ] thread Thread-0wip1
[12:00:09.279] [INFO   ] creat AI step 4 
[12:00:09.279] [INFO   ] creat AI step 5 
[12:00:09.278] [INFO   ] penalty
[12:00:09.280] [SEVERE ] setting player 2 freeze to 3000
[12:00:09.798] [SEVERE ] exit button pressed
[12:00:10.280] [SEVERE ] setting player 2 freeze to 2000
[12:00:11.285] [SEVERE ] setting player 2 freeze to 1000
[12:00:12.293] [SEVERE ] setting player 2 freeze to 0
[12:00:12.293] [INFO   ] creat AI step 6 
[12:00:12.295] [INFO   ] creat AI step 7 
[12:00:12.293] [INFO   ] creat AI step 10 
[12:00:12.295] [INFO   ] creat AI step 11 
[12:00:12.295] [INFO   ] creat AI step 3 
[12:00:12.295] [INFO   ] creat AI step 7 
[12:00:12.296] [INFO   ] AI key pressed step 1 
[12:00:12.296] [INFO   ] AI key pressed step 2 
[12:00:12.295] [INFO   ] AI key pressed step 1 
[12:00:12.295] [INFO   ] thread Thread-0wip2
[12:00:12.297] [INFO   ] AI key pressed step 2 
[12:00:12.296] [INFO   ] KP step 1computer-1
[12:00:12.298] [INFO   ] KP step 2computer-1
[12:00:12.298] [INFO   ] KP step 4computer-1
[12:00:12.295] [INFO   ] thread Thread-1wip1
[12:00:12.299] [INFO   ] KP step 5computer-1
[12:00:12.299] [SEVERE ] player 2 placing token on slot 8
[12:00:12.297] [INFO   ] KP step 1computer-0
[12:00:12.300] [INFO   ] KP step 2computer-0
[12:00:12.297] [INFO   ] thread Thread-0wip3
[12:00:12.300] [INFO   ] KP step 4computer-0
[12:00:12.301] [INFO   ] KP step 5computer-0
[12:00:12.300] [INFO   ] KP step 6computer-1
[12:00:12.302] [INFO   ] KP step 7computer-1
[12:00:12.299] [INFO   ] thread Thread-1wip2
[12:00:12.301] [SEVERE ] player 1 placing token on slot 6
[12:00:12.301] [INFO   ] thread Thread-0wip4
[12:00:12.303] [INFO   ] KP step 6computer-0
[12:00:12.303] [INFO   ] KP step 7computer-0
[12:00:12.302] [INFO   ] thread Thread-1wip3
[12:00:12.304] [INFO   ] thread Thread-1wip4
[12:00:12.303] [INFO   ] KP step 8computer-0
[12:00:12.304] [INFO   ] KP step 8computer-1
[12:00:12.304] [INFO   ] KP step 10computer-1
[12:00:12.304] [INFO   ] AI key pressed step 3, random slot: 8
[12:00:12.306] [INFO   ] creat AI step 8 
[12:00:12.304] [INFO   ] KP step 10computer-0
[12:00:12.306] [INFO   ] creat AI step 9 
[12:00:12.306] [INFO   ] AI key pressed step 3, random slot: 6
[12:00:12.307] [INFO   ] creat AI step 8 
[12:00:12.307] [INFO   ] creat AI step 9 
[12:00:12.307] [INFO   ] thread Thread-1wip5
[12:00:12.307] [INFO   ] thread Thread-0wip5
[12:00:12.308] [INFO   ] thread Thread-1 before  synchronize on dealer.
[12:00:12.308] [INFO   ] thread Thread-0 before  synchronize on dealer.
[12:00:12.308] [INFO   ] thread Thread-1 after  synchronize on dealer.
[12:00:12.309] [INFO   ] thread Thread-1 before notify synchronize on dealer.
[12:00:12.309] [INFO   ] thread Thread-0 after  synchronize on dealer.
[12:00:12.309] [INFO   ] thread Thread-0 before notify synchronize on dealer.
[12:00:12.513] [INFO   ] place card step 0 
[12:00:12.513] [INFO   ] place card step 1 
[12:00:12.514] [INFO   ] place card step 2 
[12:00:12.514] [INFO   ] place card step 3 
[12:00:12.519] [INFO   ] place card step 5 
[12:00:12.520] [INFO   ] place card step 6 
[12:00:12.520] [INFO   ] place card step 7 
[12:00:12.520] [INFO   ] place card step 8 
[12:00:12.520] [SEVERE ] updating countdown to 51950
[12:00:12.733] [INFO   ] remove  in the table step 1
[12:00:12.733] [INFO   ] remove  in the table step 2
[12:00:12.734] [INFO   ] penalty
[12:00:12.734] [SEVERE ] setting player 2 freeze to 3000
[12:00:13.735] [SEVERE ] setting player 2 freeze to 2000
[12:00:14.743] [SEVERE ] setting player 2 freeze to 1000
[12:00:15.754] [SEVERE ] setting player 2 freeze to 0
[12:00:15.754] [SEVERE ] removing player 2 token from slot 8
[12:00:15.754] [INFO   ] remove  in the table step 1
[12:00:15.754] [INFO   ] remove  in the table step 2
[12:00:15.754] [INFO   ] creat AI step 10 
[12:00:15.756] [INFO   ] penalty
[12:00:15.756] [SEVERE ] setting player 1 freeze to 3000
[12:00:15.756] [INFO   ] thread Thread-1wip1
[12:00:15.756] [INFO   ] creat AI step 11 
[12:00:15.757] [INFO   ] creat AI step 3 
[12:00:15.757] [INFO   ] thread Thread-1wip2
[12:00:15.757] [INFO   ] thread Thread-1wip3
[12:00:15.758] [INFO   ] thread Thread-1wip4
[12:00:15.758] [INFO   ] creat AI step 4 
[12:00:15.759] [INFO   ] creat AI step 5 
[12:00:16.757] [SEVERE ] setting player 1 freeze to 2000
