[11:53:02.891] [INFO   ] thread main starting.
[11:53:02.897] [SEVERE ] cannot read configuration file config.properties trying from resources.
[11:53:02.899] [SEVERE ] configuration file was loaded from resources directory.
[11:53:03.448] [INFO   ] thread dealer starting.
[11:53:03.448] [INFO   ] thread dealer starting.
[11:53:03.449] [INFO   ] thread Thread-0 starting.
[11:53:03.450] [INFO   ] creat AI step 1 
[11:53:03.450] [INFO   ] thread computer-0 starting.
[11:53:03.450] [INFO   ] creat AI step 2 
[11:53:03.450] [INFO   ] creat AI step 3 
[11:53:03.451] [INFO   ] thread Thread-0wip1
[11:53:03.451] [INFO   ] thread Thread-1 starting.
[11:53:03.451] [INFO   ] creat AI step 7 
[11:53:03.452] [INFO   ] creat AI step 1 
[11:53:03.452] [INFO   ] thread computer-1 starting.
[11:53:03.451] [INFO   ] thread Thread-0wip2
[11:53:03.452] [INFO   ] creat AI step 2 
[11:53:03.452] [INFO   ] AI key pressed step 1 
[11:53:03.452] [SEVERE ] updating countdown to 60000
[11:53:03.452] [INFO   ] thread Thread-1wip1
[11:53:03.452] [INFO   ] creat AI step 3 
[11:53:03.452] [INFO   ] thread Thread-0wip3
[11:53:03.453] [INFO   ] thread Thread-1wip2
[11:53:03.453] [INFO   ] AI key pressed step 2 
[11:53:03.453] [INFO   ] thread Thread-1wip3
[11:53:03.453] [INFO   ] thread Thread-0wip4
[11:53:03.453] [INFO   ] thread Thread-1wip4
[11:53:03.453] [INFO   ] KP step 1computer-0
[11:53:03.454] [INFO   ] creat AI step 7 
[11:53:03.454] [INFO   ] KP step 7computer-0
[11:53:03.454] [INFO   ] AI key pressed step 1 
[11:53:03.454] [INFO   ] KP step 8computer-0
[11:53:03.454] [INFO   ] AI key pressed step 2 
[11:53:03.455] [INFO   ] KP step 10computer-0
[11:53:03.455] [INFO   ] KP step 1computer-1
[11:53:03.455] [INFO   ] AI key pressed step 3, random slot: 3
[11:53:03.455] [INFO   ] KP step 7computer-1
[11:53:03.455] [INFO   ] creat AI step 8 
[11:53:03.455] [INFO   ] KP step 8computer-1
[11:53:03.455] [INFO   ] creat AI step 9 
[11:53:03.456] [INFO   ] KP step 10computer-1
[11:53:03.457] [INFO   ] AI key pressed step 3, random slot: 6
[11:53:03.457] [INFO   ] creat AI step 8 
[11:53:03.456] [INFO   ] thread Thread-0wip5
[11:53:03.458] [INFO   ] thread Thread-0 before  synchronize on dealer.
[11:53:03.458] [INFO   ] creat AI step 9 
[11:53:03.458] [INFO   ] thread Thread-1wip5
[11:53:03.458] [INFO   ] thread Thread-0 after  synchronize on dealer.
[11:53:03.458] [INFO   ] thread Thread-1 before  synchronize on dealer.
[11:53:03.459] [INFO   ] thread Thread-0 before notify synchronize on dealer.
[11:53:03.459] [INFO   ] thread Thread-1 after  synchronize on dealer.
[11:53:03.459] [INFO   ] thread Thread-1 before notify synchronize on dealer.
[11:53:03.680] [INFO   ] place card step 0 
[11:53:03.681] [INFO   ] place card step 1 
[11:53:03.789] [SEVERE ] placing card 25 in slot 0
[11:53:03.898] [SEVERE ] placing card 53 in slot 1
[11:53:04.007] [SEVERE ] placing card 57 in slot 2
[11:53:04.116] [SEVERE ] placing card 17 in slot 3
[11:53:04.225] [SEVERE ] placing card 8 in slot 4
[11:53:04.334] [SEVERE ] placing card 39 in slot 5
[11:53:04.443] [SEVERE ] placing card 2 in slot 6
[11:53:04.554] [SEVERE ] placing card 76 in slot 7
[11:53:04.663] [SEVERE ] placing card 49 in slot 8
[11:53:04.772] [SEVERE ] placing card 48 in slot 9
[11:53:04.882] [SEVERE ] placing card 30 in slot 10
[11:53:04.991] [SEVERE ] placing card 79 in slot 11
[11:53:04.991] [INFO   ] place card step 2 
[11:53:04.992] [INFO   ] place card step 3 
[11:53:05.000] [INFO   ] place card step 5 
[11:53:05.000] [INFO   ] place card step 6 
[11:53:05.000] [INFO   ] place card step 7 
[11:53:05.000] [INFO   ] place card step 8 
[11:53:05.001] [SEVERE ] updating countdown to 58452
[11:53:05.211] [INFO   ] remove  in the table step 1
[11:53:05.212] [INFO   ] remove  in the table step 2
[11:53:05.212] [INFO   ] penalty
[11:53:05.212] [SEVERE ] setting player 1 freeze to 3000
[11:53:06.227] [SEVERE ] setting player 1 freeze to 2000
[11:53:07.228] [SEVERE ] setting player 1 freeze to 1000
[11:53:08.239] [SEVERE ] setting player 1 freeze to 0
[11:53:08.240] [INFO   ] remove  in the table step 1
[11:53:08.240] [INFO   ] remove  in the table step 2
[11:53:08.240] [INFO   ] penalty
[11:53:08.240] [INFO   ] creat AI step 10 
[11:53:08.240] [SEVERE ] setting player 2 freeze to 3000
[11:53:08.240] [INFO   ] thread Thread-0wip1
[11:53:08.240] [INFO   ] creat AI step 11 
[11:53:08.241] [INFO   ] thread Thread-0wip2
[11:53:08.241] [INFO   ] thread Thread-0wip3
[11:53:08.241] [INFO   ] thread Thread-0wip4
[11:53:08.241] [INFO   ] creat AI step 3 
[11:53:08.242] [INFO   ] creat AI step 4 
[11:53:08.242] [INFO   ] creat AI step 5 
[11:53:09.241] [SEVERE ] setting player 2 freeze to 2000
[11:53:10.251] [SEVERE ] setting player 2 freeze to 1000
[11:53:11.258] [SEVERE ] setting player 2 freeze to 0
[11:53:11.259] [INFO   ] creat AI step 10 
[11:53:11.259] [INFO   ] creat AI step 6 
[11:53:11.259] [INFO   ] creat AI step 7 
[11:53:11.259] [INFO   ] thread Thread-1wip1
[11:53:11.259] [INFO   ] creat AI step 11 
[11:53:11.259] [INFO   ] thread Thread-1wip2
[11:53:11.259] [INFO   ] AI key pressed step 1 
[11:53:11.260] [INFO   ] thread Thread-1wip3
[11:53:11.260] [INFO   ] creat AI step 3 
[11:53:11.260] [INFO   ] thread Thread-1wip4
[11:53:11.260] [INFO   ] AI key pressed step 2 
[11:53:11.261] [INFO   ] KP step 1computer-0
[11:53:11.261] [INFO   ] creat AI step 7 
[11:53:11.261] [INFO   ] AI key pressed step 1 
[11:53:11.261] [INFO   ] AI key pressed step 2 
[11:53:11.261] [INFO   ] KP step 1computer-1
[11:53:11.261] [INFO   ] KP step 2computer-0
[11:53:11.262] [INFO   ] KP step 2computer-1
[11:53:11.262] [INFO   ] KP step 4computer-1
[11:53:11.262] [INFO   ] KP step 4computer-0
[11:53:11.262] [INFO   ] KP step 5computer-1
[11:53:11.262] [INFO   ] KP step 5computer-0
[11:53:11.263] [SEVERE ] player 2 placing token on slot 6
[11:53:11.263] [SEVERE ] player 1 placing token on slot 8
[11:53:11.263] [INFO   ] KP step 6computer-1
[11:53:11.263] [INFO   ] KP step 7computer-1
[11:53:11.263] [INFO   ] KP step 6computer-0
[11:53:11.264] [INFO   ] KP step 7computer-0
[11:53:11.264] [INFO   ] KP step 8computer-0
[11:53:11.264] [INFO   ] KP step 8computer-1
[11:53:11.264] [INFO   ] KP step 10computer-0
[11:53:11.264] [INFO   ] KP step 10computer-1
[11:53:11.264] [INFO   ] AI key pressed step 3, random slot: 8
[11:53:11.265] [INFO   ] creat AI step 8 
[11:53:11.265] [INFO   ] AI key pressed step 3, random slot: 6
[11:53:11.265] [INFO   ] creat AI step 9 
[11:53:11.265] [INFO   ] creat AI step 8 
[11:53:11.265] [INFO   ] thread Thread-0wip5
[11:53:11.265] [INFO   ] creat AI step 9 
[11:53:11.265] [INFO   ] thread Thread-0 before  synchronize on dealer.
[11:53:11.266] [INFO   ] thread Thread-1wip5
[11:53:11.266] [INFO   ] thread Thread-0 after  synchronize on dealer.
[11:53:11.266] [INFO   ] thread Thread-0 before notify synchronize on dealer.
[11:53:11.266] [INFO   ] thread Thread-1 before  synchronize on dealer.
[11:53:11.266] [INFO   ] thread Thread-1 after  synchronize on dealer.
[11:53:11.266] [INFO   ] thread Thread-1 before notify synchronize on dealer.
[11:53:11.478] [INFO   ] place card step 0 
[11:53:11.478] [INFO   ] place card step 1 
[11:53:11.478] [INFO   ] place card step 2 
[11:53:11.478] [INFO   ] place card step 3 
[11:53:11.480] [INFO   ] place card step 5 
[11:53:11.480] [INFO   ] place card step 6 
[11:53:11.480] [INFO   ] place card step 7 
[11:53:11.480] [INFO   ] place card step 8 
[11:53:11.480] [SEVERE ] updating countdown to 51973
[11:53:11.697] [INFO   ] remove  in the table step 1
[11:53:11.697] [INFO   ] remove  in the table step 2
[11:53:11.697] [INFO   ] penalty
[11:53:11.698] [SEVERE ] setting player 1 freeze to 3000
[11:53:12.700] [SEVERE ] setting player 1 freeze to 2000
[11:53:13.713] [SEVERE ] setting player 1 freeze to 1000
[11:53:14.724] [SEVERE ] setting player 1 freeze to 0
[11:53:14.725] [SEVERE ] removing player 1 token from slot 8
[11:53:14.725] [INFO   ] remove  in the table step 1
[11:53:14.725] [INFO   ] remove  in the table step 2
[11:53:14.725] [INFO   ] creat AI step 10 
[11:53:14.725] [INFO   ] penalty
[11:53:14.725] [INFO   ] thread Thread-0wip1
[11:53:14.726] [INFO   ] thread Thread-0wip2
[11:53:14.726] [INFO   ] thread Thread-0wip3
[11:53:14.726] [INFO   ] thread Thread-0wip4
[11:53:14.725] [INFO   ] creat AI step 11 
[11:53:14.725] [SEVERE ] setting player 2 freeze to 3000
[11:53:14.727] [INFO   ] creat AI step 3 
[11:53:14.727] [INFO   ] creat AI step 4 
[11:53:14.728] [INFO   ] creat AI step 5 
[11:53:15.745] [SEVERE ] setting player 2 freeze to 2000
[11:53:16.762] [SEVERE ] setting player 2 freeze to 1000
[11:53:17.775] [SEVERE ] setting player 2 freeze to 0
[11:53:17.776] [SEVERE ] removing player 2 token from slot 6
[11:53:17.776] [INFO   ] creat AI step 10 
[11:53:17.776] [INFO   ] creat AI step 6 
[11:53:17.777] [INFO   ] thread Thread-1wip1
[11:53:17.777] [INFO   ] creat AI step 11 
[11:53:17.777] [INFO   ] thread Thread-1wip2
[11:53:17.778] [INFO   ] thread Thread-1wip3
[11:53:17.778] [INFO   ] thread Thread-1wip4
[11:53:17.777] [INFO   ] creat AI step 7 
[11:53:17.777] [INFO   ] creat AI step 3 
[11:53:17.779] [INFO   ] creat AI step 7 
[11:53:17.778] [INFO   ] AI key pressed step 1 
[11:53:17.779] [INFO   ] AI key pressed step 1 
[11:53:17.779] [INFO   ] AI key pressed step 2 
[11:53:17.780] [INFO   ] KP step 1computer-0
[11:53:17.780] [INFO   ] KP step 2computer-0
[11:53:17.779] [INFO   ] AI key pressed step 2 
[11:53:17.780] [INFO   ] KP step 1computer-1
[11:53:17.780] [INFO   ] KP step 4computer-0
[11:53:17.781] [INFO   ] KP step 2computer-1
[11:53:17.781] [INFO   ] KP step 5computer-0
[11:53:17.781] [INFO   ] KP step 4computer-1
[11:53:17.782] [SEVERE ] player 1 placing token on slot 9
[11:53:17.782] [INFO   ] KP step 5computer-1
[11:53:17.782] [SEVERE ] player 2 placing token on slot 8
[11:53:17.782] [INFO   ] KP step 6computer-0
[11:53:17.782] [INFO   ] KP step 6computer-1
[11:53:17.782] [INFO   ] KP step 7computer-0
[11:53:17.783] [INFO   ] KP step 8computer-0
[11:53:17.783] [INFO   ] KP step 10computer-0
[11:53:17.783] [INFO   ] KP step 7computer-1
[11:53:17.784] [INFO   ] AI key pressed step 3, random slot: 9
[11:53:17.784] [INFO   ] creat AI step 8 
[11:53:17.784] [INFO   ] creat AI step 9 
[11:53:17.784] [INFO   ] KP step 8computer-1
[11:53:17.785] [INFO   ] thread Thread-0wip5
[11:53:17.785] [INFO   ] KP step 10computer-1
[11:53:17.785] [INFO   ] thread Thread-0 before  synchronize on dealer.
[11:53:17.785] [INFO   ] AI key pressed step 3, random slot: 8
[11:53:17.786] [INFO   ] creat AI step 8 
[11:53:17.786] [INFO   ] thread Thread-0 after  synchronize on dealer.
[11:53:17.787] [INFO   ] creat AI step 9 
[11:53:17.787] [INFO   ] thread Thread-0 before notify synchronize on dealer.
[11:53:17.787] [INFO   ] thread Thread-1wip5
[11:53:17.788] [INFO   ] thread Thread-1 before  synchronize on dealer.
[11:53:17.788] [INFO   ] thread Thread-1 after  synchronize on dealer.
[11:53:17.788] [INFO   ] thread Thread-1 before notify synchronize on dealer.
[11:53:17.996] [INFO   ] place card step 0 
[11:53:17.996] [INFO   ] place card step 1 
[11:53:17.996] [INFO   ] place card step 2 
[11:53:17.996] [INFO   ] place card step 3 
[11:53:17.999] [INFO   ] place card step 5 
[11:53:17.999] [INFO   ] place card step 6 
[11:53:17.999] [INFO   ] place card step 7 
[11:53:17.999] [INFO   ] place card step 8 
[11:53:17.999] [SEVERE ] updating countdown to 45454
[11:53:18.213] [INFO   ] remove  in the table step 1
[11:53:18.213] [INFO   ] remove  in the table step 2
[11:53:18.213] [INFO   ] penalty
[11:53:18.213] [SEVERE ] setting player 1 freeze to 3000
[11:53:19.228] [SEVERE ] setting player 1 freeze to 2000
[11:53:20.242] [SEVERE ] setting player 1 freeze to 1000
[11:53:21.249] [SEVERE ] setting player 1 freeze to 0
[11:53:21.249] [SEVERE ] removing player 1 token from slot 9
[11:53:21.249] [INFO   ] remove  in the table step 1
[11:53:21.249] [INFO   ] remove  in the table step 2
[11:53:21.249] [INFO   ] creat AI step 10 
[11:53:21.249] [INFO   ] penalty
[11:53:21.249] [INFO   ] thread Thread-0wip1
[11:53:21.249] [INFO   ] thread Thread-0wip2
[11:53:21.249] [INFO   ] creat AI step 11 
[11:53:21.250] [INFO   ] thread Thread-0wip3
[11:53:21.249] [SEVERE ] setting player 2 freeze to 3000
[11:53:21.250] [INFO   ] thread Thread-0wip4
[11:53:21.250] [INFO   ] creat AI step 3 
[11:53:21.250] [INFO   ] creat AI step 4 
[11:53:21.250] [INFO   ] creat AI step 5 
[11:53:22.256] [SEVERE ] setting player 2 freeze to 2000
[11:53:23.266] [SEVERE ] setting player 2 freeze to 1000
[11:53:24.282] [SEVERE ] setting player 2 freeze to 0
[11:53:24.282] [SEVERE ] removing player 2 token from slot 8
[11:53:24.283] [INFO   ] creat AI step 10 
[11:53:24.283] [INFO   ] creat AI step 11 
[11:53:24.283] [INFO   ] thread Thread-1wip1
[11:53:24.283] [INFO   ] creat AI step 3 
[11:53:24.284] [INFO   ] creat AI step 6 
[11:53:24.284] [INFO   ] thread Thread-1wip2
[11:53:24.285] [INFO   ] thread Thread-1wip3
[11:53:24.285] [INFO   ] thread Thread-1wip4
[11:53:24.285] [INFO   ] creat AI step 7 
[11:53:24.286] [INFO   ] creat AI step 7 
[11:53:24.286] [INFO   ] AI key pressed step 1 
[11:53:24.286] [INFO   ] AI key pressed step 1 
[11:53:24.286] [INFO   ] AI key pressed step 2 
[11:53:24.286] [INFO   ] KP step 1computer-0
[11:53:24.286] [INFO   ] KP step 2computer-0
[11:53:24.286] [INFO   ] KP step 4computer-0
[11:53:24.287] [INFO   ] KP step 5computer-0
[11:53:24.287] [SEVERE ] player 1 placing token on slot 3
[11:53:24.286] [INFO   ] AI key pressed step 2 
[11:53:24.287] [INFO   ] KP step 1computer-1
[11:53:24.287] [INFO   ] KP step 2computer-1
[11:53:24.287] [INFO   ] KP step 4computer-1
[11:53:24.287] [INFO   ] KP step 6computer-0
[11:53:24.288] [INFO   ] KP step 7computer-0
[11:53:24.288] [INFO   ] KP step 8computer-0
[11:53:24.288] [INFO   ] KP step 10computer-0
[11:53:24.288] [INFO   ] AI key pressed step 3, random slot: 3
[11:53:24.288] [INFO   ] creat AI step 8 
[11:53:24.288] [INFO   ] creat AI step 9 
[11:53:24.287] [INFO   ] KP step 5computer-1
[11:53:24.288] [SEVERE ] player 2 placing token on slot 9
[11:53:24.288] [INFO   ] thread Thread-0wip5
[11:53:24.289] [INFO   ] KP step 6computer-1
[11:53:24.289] [INFO   ] KP step 7computer-1
[11:53:24.289] [INFO   ] KP step 8computer-1
[11:53:24.289] [INFO   ] thread Thread-0 before  synchronize on dealer.
[11:53:24.289] [INFO   ] KP step 10computer-1
[11:53:24.290] [INFO   ] AI key pressed step 3, random slot: 9
[11:53:24.290] [INFO   ] thread Thread-0 after  synchronize on dealer.
[11:53:24.290] [INFO   ] thread Thread-0 before notify synchronize on dealer.
[11:53:24.290] [INFO   ] creat AI step 8 
[11:53:24.291] [INFO   ] creat AI step 9 
[11:53:24.291] [INFO   ] thread Thread-1wip5
[11:53:24.291] [INFO   ] thread Thread-1 before  synchronize on dealer.
[11:53:24.291] [INFO   ] thread Thread-1 after  synchronize on dealer.
[11:53:24.291] [INFO   ] thread Thread-1 before notify synchronize on dealer.
[11:53:24.500] [INFO   ] place card step 0 
[11:53:24.501] [INFO   ] place card step 1 
[11:53:24.501] [INFO   ] place card step 2 
[11:53:24.501] [INFO   ] place card step 3 
[11:53:24.505] [INFO   ] place card step 5 
[11:53:24.505] [INFO   ] place card step 6 
[11:53:24.505] [INFO   ] place card step 7 
[11:53:24.505] [INFO   ] place card step 8 
[11:53:24.505] [SEVERE ] updating countdown to 38948
[11:53:24.716] [INFO   ] remove  in the table step 1
[11:53:24.716] [INFO   ] remove  in the table step 2
[11:53:24.716] [INFO   ] penalty
[11:53:24.717] [SEVERE ] setting player 1 freeze to 3000
[11:53:25.721] [SEVERE ] setting player 1 freeze to 2000
[11:53:26.727] [SEVERE ] setting player 1 freeze to 1000
[11:53:27.736] [SEVERE ] setting player 1 freeze to 0
[11:53:27.736] [SEVERE ] removing player 1 token from slot 3
[11:53:27.737] [INFO   ] remove  in the table step 1
[11:53:27.737] [INFO   ] creat AI step 10 
[11:53:27.737] [INFO   ] creat AI step 11 
[11:53:27.737] [INFO   ] creat AI step 3 
[11:53:27.737] [INFO   ] creat AI step 4 
[11:53:27.737] [INFO   ] creat AI step 5 
[11:53:27.737] [INFO   ] remove  in the table step 2
[11:53:27.737] [INFO   ] thread Thread-0wip1
[11:53:27.738] [INFO   ] penalty
[11:53:27.738] [SEVERE ] setting player 2 freeze to 3000
[11:53:28.754] [SEVERE ] setting player 2 freeze to 2000
[11:53:29.755] [SEVERE ] setting player 2 freeze to 1000
[11:53:30.756] [SEVERE ] setting player 2 freeze to 0
[11:53:30.757] [SEVERE ] removing player 2 token from slot 9
[11:53:30.757] [INFO   ] creat AI step 10 
[11:53:30.757] [INFO   ] creat AI step 6 
[11:53:30.757] [INFO   ] thread Thread-1wip1
[11:53:30.757] [INFO   ] thread Thread-1wip2
[11:53:30.757] [INFO   ] thread Thread-1wip3
[11:53:30.757] [INFO   ] creat AI step 11 
[11:53:30.757] [INFO   ] thread Thread-1wip4
[11:53:30.757] [INFO   ] thread Thread-0wip2
[11:53:30.757] [INFO   ] creat AI step 7 
[11:53:30.757] [INFO   ] thread Thread-0wip3
[11:53:30.757] [INFO   ] creat AI step 3 
[11:53:30.757] [INFO   ] creat AI step 7 
[11:53:30.757] [INFO   ] AI key pressed step 1 
[11:53:30.757] [INFO   ] AI key pressed step 2 
[11:53:30.757] [INFO   ] KP step 1computer-1
[11:53:30.757] [INFO   ] KP step 2computer-1
[11:53:30.757] [INFO   ] KP step 4computer-1
[11:53:30.757] [INFO   ] KP step 5computer-1
[11:53:30.757] [SEVERE ] player 2 placing token on slot 1
[11:53:30.757] [INFO   ] thread Thread-0wip4
[11:53:30.757] [INFO   ] AI key pressed step 1 
[11:53:30.758] [INFO   ] KP step 6computer-1
[11:53:30.758] [INFO   ] KP step 7computer-1
[11:53:30.758] [INFO   ] KP step 8computer-1
[11:53:30.758] [INFO   ] AI key pressed step 2 
[11:53:30.758] [INFO   ] KP step 1computer-0
[11:53:30.758] [INFO   ] KP step 2computer-0
[11:53:30.758] [INFO   ] KP step 10computer-1
[11:53:30.758] [INFO   ] KP step 4computer-0
[11:53:30.758] [INFO   ] AI key pressed step 3, random slot: 1
[11:53:30.758] [INFO   ] creat AI step 8 
[11:53:30.758] [INFO   ] KP step 5computer-0
[11:53:30.758] [INFO   ] creat AI step 9 
[11:53:30.758] [SEVERE ] player 1 placing token on slot 4
[11:53:30.758] [INFO   ] thread Thread-1wip5
[11:53:30.758] [INFO   ] thread Thread-1 before  synchronize on dealer.
[11:53:30.758] [INFO   ] KP step 6computer-0
[11:53:30.758] [INFO   ] KP step 7computer-0
[11:53:30.758] [INFO   ] KP step 8computer-0
[11:53:30.760] [INFO   ] KP step 10computer-0
[11:53:30.758] [INFO   ] thread Thread-1 after  synchronize on dealer.
[11:53:30.760] [INFO   ] thread Thread-1 before notify synchronize on dealer.
[11:53:30.760] [INFO   ] AI key pressed step 3, random slot: 4
[11:53:30.760] [INFO   ] creat AI step 8 
[11:53:30.760] [INFO   ] creat AI step 9 
[11:53:30.760] [INFO   ] thread Thread-0wip5
[11:53:30.760] [INFO   ] thread Thread-0 before  synchronize on dealer.
[11:53:30.760] [INFO   ] thread Thread-0 after  synchronize on dealer.
[11:53:30.760] [INFO   ] thread Thread-0 before notify synchronize on dealer.
[11:53:30.975] [INFO   ] place card step 0 
[11:53:30.975] [INFO   ] place card step 1 
[11:53:30.975] [INFO   ] place card step 2 
[11:53:30.975] [INFO   ] place card step 3 
[11:53:30.976] [INFO   ] place card step 5 
[11:53:30.976] [INFO   ] place card step 6 
[11:53:30.976] [INFO   ] place card step 7 
[11:53:30.977] [INFO   ] place card step 8 
[11:53:30.977] [SEVERE ] updating countdown to 32476
[11:53:31.193] [INFO   ] remove  in the table step 1
[11:53:31.193] [INFO   ] remove  in the table step 2
[11:53:31.193] [INFO   ] penalty
[11:53:31.193] [SEVERE ] setting player 2 freeze to 3000
[11:53:32.204] [SEVERE ] setting player 2 freeze to 2000
[11:53:33.221] [SEVERE ] setting player 2 freeze to 1000
[11:53:34.231] [SEVERE ] setting player 2 freeze to 0
[11:53:34.232] [SEVERE ] removing player 2 token from slot 1
[11:53:34.232] [INFO   ] remove  in the table step 1
[11:53:34.232] [INFO   ] remove  in the table step 2
[11:53:34.232] [INFO   ] creat AI step 10 
[11:53:34.232] [INFO   ] penalty
[11:53:34.232] [INFO   ] thread Thread-1wip1
[11:53:34.232] [INFO   ] creat AI step 11 
[11:53:34.233] [INFO   ] creat AI step 3 
[11:53:34.233] [INFO   ] thread Thread-1wip2
[11:53:34.232] [SEVERE ] setting player 1 freeze to 3000
[11:53:34.233] [INFO   ] thread Thread-1wip3
[11:53:34.233] [INFO   ] thread Thread-1wip4
[11:53:34.234] [INFO   ] creat AI step 4 
[11:53:34.234] [INFO   ] creat AI step 5 
[11:53:35.242] [SEVERE ] setting player 1 freeze to 2000
[11:53:36.258] [SEVERE ] setting player 1 freeze to 1000
[11:53:37.272] [SEVERE ] setting player 1 freeze to 0
[11:53:37.272] [SEVERE ] removing player 1 token from slot 4
[11:53:37.272] [INFO   ] creat AI step 6 
[11:53:37.272] [INFO   ] creat AI step 7 
[11:53:37.272] [INFO   ] AI key pressed step 1 
[11:53:37.272] [INFO   ] AI key pressed step 2 
[11:53:37.272] [INFO   ] KP step 1computer-1
[11:53:37.272] [INFO   ] KP step 2computer-1
[11:53:37.272] [INFO   ] KP step 4computer-1
[11:53:37.272] [INFO   ] creat AI step 10 
[11:53:37.272] [INFO   ] creat AI step 11 
[11:53:37.272] [INFO   ] creat AI step 3 
[11:53:37.272] [INFO   ] creat AI step 7 
[11:53:37.272] [INFO   ] AI key pressed step 1 
[11:53:37.272] [INFO   ] AI key pressed step 2 
[11:53:37.272] [INFO   ] KP step 5computer-1
[11:53:37.272] [INFO   ] KP step 1computer-0
[11:53:37.273] [INFO   ] KP step 2computer-0
[11:53:37.273] [INFO   ] KP step 4computer-0
[11:53:37.273] [INFO   ] KP step 5computer-0
[11:53:37.273] [SEVERE ] player 1 placing token on slot 9
[11:53:37.273] [INFO   ] KP step 6computer-0
[11:53:37.273] [INFO   ] KP step 7computer-0
[11:53:37.273] [INFO   ] KP step 8computer-0
[11:53:37.274] [INFO   ] KP step 10computer-0
[11:53:37.274] [INFO   ] AI key pressed step 3, random slot: 9
[11:53:37.274] [INFO   ] creat AI step 8 
[11:53:37.274] [INFO   ] creat AI step 9 
[11:53:37.273] [SEVERE ] player 2 placing token on slot 11
[11:53:37.274] [INFO   ] KP step 6computer-1
[11:53:37.274] [INFO   ] KP step 7computer-1
[11:53:37.274] [INFO   ] KP step 8computer-1
[11:53:37.274] [INFO   ] KP step 10computer-1
[11:53:37.274] [INFO   ] AI key pressed step 3, random slot: 11
[11:53:37.274] [INFO   ] creat AI step 8 
[11:53:37.274] [INFO   ] creat AI step 9 
[11:53:37.273] [INFO   ] thread Thread-0wip1
[11:53:37.274] [INFO   ] thread Thread-0wip2
[11:53:37.274] [INFO   ] thread Thread-0wip3
[11:53:37.274] [INFO   ] thread Thread-0wip4
[11:53:37.274] [INFO   ] thread Thread-1wip5
[11:53:37.274] [INFO   ] thread Thread-1 before  synchronize on dealer.
[11:53:37.274] [INFO   ] thread Thread-1 after  synchronize on dealer.
[11:53:37.274] [INFO   ] thread Thread-1 before notify synchronize on dealer.
[11:53:37.274] [INFO   ] creat AI step 10 
[11:53:37.274] [INFO   ] creat AI step 11 
[11:53:37.274] [INFO   ] creat AI step 3 
[11:53:37.274] [INFO   ] creat AI step 7 
[11:53:37.274] [INFO   ] AI key pressed step 1 
[11:53:37.274] [INFO   ] AI key pressed step 2 
[11:53:37.274] [INFO   ] KP step 1computer-0
[11:53:37.274] [INFO   ] KP step 2computer-0
[11:53:37.274] [INFO   ] KP step 4computer-0
[11:53:37.275] [INFO   ] KP step 5computer-0
[11:53:37.275] [SEVERE ] player 1 placing token on slot 7
[11:53:37.275] [INFO   ] KP step 6computer-0
[11:53:37.275] [INFO   ] KP step 7computer-0
[11:53:37.275] [INFO   ] KP step 8computer-0
[11:53:37.275] [INFO   ] KP step 10computer-0
[11:53:37.275] [INFO   ] AI key pressed step 3, random slot: 7
[11:53:37.275] [INFO   ] creat AI step 8 
[11:53:37.275] [INFO   ] creat AI step 9 
[11:53:37.275] [INFO   ] thread Thread-0wip5
[11:53:37.275] [INFO   ] thread Thread-0 before  synchronize on dealer.
[11:53:37.275] [INFO   ] thread Thread-0 after  synchronize on dealer.
[11:53:37.275] [INFO   ] thread Thread-0 before notify synchronize on dealer.
[11:53:37.489] [INFO   ] place card step 0 
[11:53:37.489] [INFO   ] place card step 1 
[11:53:37.490] [INFO   ] place card step 2 
[11:53:37.490] [INFO   ] place card step 3 
[11:53:37.491] [INFO   ] place card step 5 
[11:53:37.491] [INFO   ] place card step 6 
[11:53:37.491] [INFO   ] place card step 7 
[11:53:37.491] [INFO   ] place card step 8 
[11:53:37.491] [SEVERE ] updating countdown to 25962
[11:53:37.707] [INFO   ] remove  in the table step 1
[11:53:37.707] [INFO   ] remove  in the table step 2
[11:53:37.707] [INFO   ] penalty
[11:53:37.708] [SEVERE ] setting player 2 freeze to 3000
[11:53:38.720] [SEVERE ] setting player 2 freeze to 2000
[11:53:39.733] [SEVERE ] setting player 2 freeze to 1000
[11:53:40.746] [SEVERE ] setting player 2 freeze to 0
[11:53:40.746] [SEVERE ] removing player 2 token from slot 11
[11:53:40.746] [INFO   ] remove  in the table step 1
[11:53:40.746] [INFO   ] remove  in the table step 2
[11:53:40.746] [INFO   ] creat AI step 10 
[11:53:40.747] [INFO   ] creat AI step 11 
[11:53:40.747] [INFO   ] thread Thread-1wip1
[11:53:40.747] [INFO   ] thread Thread-1wip2
[11:53:40.747] [INFO   ] thread Thread-1wip3
[11:53:40.747] [INFO   ] thread Thread-1wip4
[11:53:40.746] [SEVERE ] setting player 1 score to 1
[11:53:40.747] [INFO   ] creat AI step 3 
[11:53:40.747] [INFO   ] creat AI step 4 
[11:53:40.748] [INFO   ] creat AI step 5 
[11:53:40.748] [SEVERE ] setting player 1 freeze to 1000
[11:53:41.757] [SEVERE ] setting player 1 freeze to 0
[11:53:41.757] [SEVERE ] removing player 1 token from slot 9
[11:53:41.865] [SEVERE ] removing card from slot 9
[11:53:41.866] [SEVERE ] removing player 1 token from slot 7
[11:53:41.976] [SEVERE ] removing card from slot 7
[11:53:41.976] [SEVERE ] updating countdown to 60000
[11:53:41.976] [INFO   ] creat AI step 10 
[11:53:41.976] [INFO   ] creat AI step 11 
[11:53:41.976] [INFO   ] creat AI step 3 
[11:53:41.976] [INFO   ] creat AI step 4 
[11:53:41.976] [INFO   ] creat AI step 7 
[11:53:41.976] [INFO   ] AI key pressed step 1 
[11:53:41.976] [INFO   ] AI key pressed step 2 
[11:53:41.976] [INFO   ] KP step 1computer-0
[11:53:41.976] [INFO   ] KP step 7computer-0
[11:53:41.976] [INFO   ] thread Thread-0wip1
[11:53:41.976] [INFO   ] KP step 8computer-0
[11:53:41.976] [INFO   ] creat AI step 6 
[11:53:41.977] [INFO   ] creat AI step 7 
[11:53:41.977] [INFO   ] AI key pressed step 1 
[11:53:41.977] [INFO   ] AI key pressed step 2 
[11:53:41.977] [INFO   ] thread Thread-0wip2
[11:53:41.977] [INFO   ] KP step 10computer-0
[11:53:41.977] [INFO   ] thread Thread-0wip3
[11:53:41.977] [INFO   ] KP step 1computer-1
[11:53:41.977] [INFO   ] thread Thread-0wip4
[11:53:41.977] [INFO   ] AI key pressed step 3, random slot: 9
[11:53:41.978] [INFO   ] creat AI step 8 
[11:53:41.978] [INFO   ] creat AI step 9 
[11:53:41.978] [INFO   ] KP step 2computer-1
[11:53:41.978] [INFO   ] KP step 4computer-1
[11:53:41.978] [INFO   ] KP step 5computer-1
[11:53:41.978] [SEVERE ] player 2 placing token on slot 8
[11:53:41.978] [INFO   ] thread Thread-0wip5
[11:53:41.978] [INFO   ] thread Thread-0 before  synchronize on dealer.
[11:53:41.979] [INFO   ] KP step 6computer-1
[11:53:41.979] [INFO   ] KP step 7computer-1
[11:53:41.979] [INFO   ] KP step 8computer-1
[11:53:41.979] [INFO   ] KP step 10computer-1
[11:53:41.979] [INFO   ] AI key pressed step 3, random slot: 8
[11:53:41.979] [INFO   ] creat AI step 8 
[11:53:41.979] [INFO   ] creat AI step 9 
[11:53:41.979] [INFO   ] thread Thread-0 after  synchronize on dealer.
[11:53:41.979] [INFO   ] thread Thread-0 before notify synchronize on dealer.
[11:53:41.979] [INFO   ] thread Thread-1wip5
[11:53:41.979] [INFO   ] thread Thread-1 before  synchronize on dealer.
[11:53:41.979] [INFO   ] thread Thread-1 after  synchronize on dealer.
[11:53:41.980] [INFO   ] thread Thread-1 before notify synchronize on dealer.
[11:53:42.194] [INFO   ] place card step 0 
[11:53:42.194] [INFO   ] place card step 1 
[11:53:42.302] [SEVERE ] placing card 43 in slot 7
[11:53:42.412] [SEVERE ] placing card 40 in slot 9
[11:53:42.412] [INFO   ] place card step 2 
[11:53:42.412] [INFO   ] place card step 3 
[11:53:42.413] [INFO   ] place card step 5 
[11:53:42.413] [INFO   ] place card step 6 
[11:53:42.413] [INFO   ] place card step 7 
[11:53:42.413] [INFO   ] place card step 8 
[11:53:42.413] [SEVERE ] updating countdown to 59563
[11:53:42.629] [INFO   ] remove  in the table step 1
[11:53:42.629] [INFO   ] remove  in the table step 2
[11:53:42.629] [INFO   ] penalty
[11:53:42.629] [SEVERE ] setting player 1 freeze to 3000
[11:53:43.632] [SEVERE ] setting player 1 freeze to 2000
[11:53:44.643] [SEVERE ] setting player 1 freeze to 1000
[11:53:45.656] [SEVERE ] setting player 1 freeze to 0
[11:53:45.656] [INFO   ] creat AI step 10 
[11:53:45.656] [INFO   ] creat AI step 11 
[11:53:45.656] [INFO   ] remove  in the table step 1
[11:53:45.656] [INFO   ] creat AI step 3 
[11:53:45.657] [INFO   ] creat AI step 4 
[11:53:45.657] [INFO   ] creat AI step 5 
[11:53:45.656] [INFO   ] thread Thread-0wip1
[11:53:45.657] [INFO   ] remove  in the table step 2
[11:53:45.657] [INFO   ] penalty
[11:53:45.657] [SEVERE ] setting player 2 freeze to 3000
[11:53:46.670] [SEVERE ] setting player 2 freeze to 2000
[11:53:47.674] [SEVERE ] setting player 2 freeze to 1000
[11:53:48.685] [SEVERE ] setting player 2 freeze to 0
[11:53:48.685] [SEVERE ] removing player 2 token from slot 8
[11:53:48.686] [INFO   ] creat AI step 6 
[11:53:48.686] [INFO   ] creat AI step 7 
[11:53:48.686] [INFO   ] AI key pressed step 1 
[11:53:48.686] [INFO   ] AI key pressed step 2 
[11:53:48.686] [INFO   ] KP step 1computer-0
[11:53:48.686] [INFO   ] creat AI step 10 
[11:53:48.686] [INFO   ] KP step 2computer-0
[11:53:48.686] [INFO   ] KP step 4computer-0
[11:53:48.687] [INFO   ] KP step 5computer-0
[11:53:48.687] [SEVERE ] player 1 placing token on slot 7
[11:53:48.686] [INFO   ] thread Thread-0wip2
[11:53:48.687] [INFO   ] thread Thread-0wip3
[11:53:48.687] [INFO   ] thread Thread-0wip4
[11:53:48.687] [INFO   ] KP step 6computer-0
[11:53:48.687] [INFO   ] KP step 7computer-0
[11:53:48.688] [INFO   ] KP step 8computer-0
[11:53:48.688] [INFO   ] KP step 10computer-0
[11:53:48.688] [INFO   ] AI key pressed step 3, random slot: 7
[11:53:48.688] [INFO   ] creat AI step 8 
[11:53:48.688] [INFO   ] creat AI step 9 
[11:53:48.686] [INFO   ] thread Thread-1wip1
[11:53:48.688] [INFO   ] thread Thread-1wip2
[11:53:48.688] [INFO   ] thread Thread-1wip3
[11:53:48.688] [INFO   ] thread Thread-1wip4
[11:53:48.686] [INFO   ] creat AI step 11 
[11:53:48.689] [INFO   ] creat AI step 3 
[11:53:48.689] [INFO   ] creat AI step 7 
[11:53:48.689] [INFO   ] AI key pressed step 1 
[11:53:48.689] [INFO   ] AI key pressed step 2 
[11:53:48.688] [INFO   ] thread Thread-0wip5
[11:53:48.689] [INFO   ] thread Thread-0 before  synchronize on dealer.
[11:53:48.689] [INFO   ] KP step 1computer-1
[11:53:48.689] [INFO   ] KP step 2computer-1
[11:53:48.689] [INFO   ] KP step 4computer-1
[11:53:48.689] [INFO   ] KP step 5computer-1
[11:53:48.689] [SEVERE ] player 2 placing token on slot 2
[11:53:48.689] [INFO   ] thread Thread-0 after  synchronize on dealer.
[11:53:48.690] [INFO   ] thread Thread-0 before notify synchronize on dealer.
[11:53:48.690] [INFO   ] KP step 6computer-1
[11:53:48.690] [INFO   ] KP step 7computer-1
[11:53:48.690] [INFO   ] KP step 8computer-1
[11:53:48.690] [INFO   ] KP step 10computer-1
[11:53:48.690] [INFO   ] AI key pressed step 3, random slot: 2
[11:53:48.690] [INFO   ] creat AI step 8 
[11:53:48.690] [INFO   ] creat AI step 9 
[11:53:48.691] [INFO   ] thread Thread-1wip5
[11:53:48.691] [INFO   ] thread Thread-1 before  synchronize on dealer.
[11:53:48.691] [INFO   ] thread Thread-1 after  synchronize on dealer.
[11:53:48.691] [INFO   ] thread Thread-1 before notify synchronize on dealer.
[11:53:48.905] [INFO   ] place card step 0 
[11:53:48.906] [INFO   ] place card step 1 
[11:53:48.906] [INFO   ] place card step 2 
[11:53:48.906] [INFO   ] place card step 3 
[11:53:48.906] [INFO   ] place card step 5 
[11:53:48.906] [INFO   ] place card step 6 
[11:53:48.906] [INFO   ] place card step 7 
[11:53:48.906] [INFO   ] place card step 8 
[11:53:48.906] [SEVERE ] updating countdown to 53070
[11:53:49.126] [INFO   ] remove  in the table step 1
[11:53:49.126] [INFO   ] remove  in the table step 2
[11:53:49.126] [INFO   ] penalty
[11:53:49.127] [SEVERE ] setting player 1 freeze to 3000
[11:53:50.140] [SEVERE ] setting player 1 freeze to 2000
[11:53:51.153] [SEVERE ] setting player 1 freeze to 1000
[11:53:52.169] [SEVERE ] setting player 1 freeze to 0
[11:53:52.169] [SEVERE ] removing player 1 token from slot 7
[11:53:52.169] [INFO   ] remove  in the table step 1
[11:53:52.169] [INFO   ] remove  in the table step 2
[11:53:52.169] [INFO   ] penalty
[11:53:52.169] [SEVERE ] setting player 2 freeze to 3000
[11:53:52.169] [INFO   ] creat AI step 10 
[11:53:52.169] [INFO   ] creat AI step 11 
[11:53:52.169] [INFO   ] thread Thread-0wip1
[11:53:52.170] [INFO   ] thread Thread-0wip2
[11:53:52.170] [INFO   ] thread Thread-0wip3
[11:53:52.170] [INFO   ] thread Thread-0wip4
[11:53:52.169] [INFO   ] creat AI step 3 
[11:53:52.170] [INFO   ] creat AI step 4 
[11:53:52.170] [INFO   ] creat AI step 5 
[11:53:53.180] [SEVERE ] setting player 2 freeze to 2000
[11:53:54.189] [SEVERE ] setting player 2 freeze to 1000
[11:53:55.203] [SEVERE ] setting player 2 freeze to 0
[11:53:55.203] [SEVERE ] removing player 2 token from slot 2
[11:53:55.203] [INFO   ] creat AI step 6 
[11:53:55.204] [INFO   ] creat AI step 7 
[11:53:55.204] [INFO   ] AI key pressed step 1 
[11:53:55.204] [INFO   ] AI key pressed step 2 
[11:53:55.204] [INFO   ] KP step 1computer-0
[11:53:55.204] [INFO   ] KP step 2computer-0
[11:53:55.204] [INFO   ] KP step 4computer-0
[11:53:55.203] [INFO   ] creat AI step 10 
[11:53:55.204] [INFO   ] creat AI step 11 
[11:53:55.204] [INFO   ] creat AI step 3 
[11:53:55.204] [INFO   ] thread Thread-1wip1
[11:53:55.204] [INFO   ] thread Thread-1wip2
[11:53:55.204] [INFO   ] thread Thread-1wip3
[11:53:55.204] [INFO   ] KP step 5computer-0
[11:53:55.204] [SEVERE ] player 1 placing token on slot 0
[11:53:55.204] [INFO   ] thread Thread-1wip4
[11:53:55.205] [INFO   ] KP step 6computer-0
[11:53:55.205] [INFO   ] KP step 7computer-0
[11:53:55.205] [INFO   ] KP step 8computer-0
[11:53:55.205] [INFO   ] KP step 10computer-0
[11:53:55.205] [INFO   ] AI key pressed step 3, random slot: 0
[11:53:55.205] [INFO   ] creat AI step 8 
[11:53:55.205] [INFO   ] creat AI step 9 
[11:53:55.204] [INFO   ] creat AI step 7 
[11:53:55.205] [INFO   ] AI key pressed step 1 
[11:53:55.205] [INFO   ] AI key pressed step 2 
[11:53:55.205] [INFO   ] KP step 1computer-1
[11:53:55.205] [INFO   ] KP step 2computer-1
[11:53:55.206] [INFO   ] KP step 4computer-1
[11:53:55.206] [INFO   ] KP step 5computer-1
[11:53:55.206] [SEVERE ] player 2 placing token on slot 1
[11:53:55.205] [INFO   ] thread Thread-0wip5
[11:53:55.206] [INFO   ] KP step 6computer-1
[11:53:55.206] [INFO   ] thread Thread-0 before  synchronize on dealer.
[11:53:55.206] [INFO   ] KP step 7computer-1
[11:53:55.206] [INFO   ] thread Thread-0 after  synchronize on dealer.
[11:53:55.206] [INFO   ] thread Thread-0 before notify synchronize on dealer.
[11:53:55.206] [INFO   ] KP step 8computer-1
[11:53:55.206] [INFO   ] KP step 10computer-1
[11:53:55.206] [INFO   ] AI key pressed step 3, random slot: 1
[11:53:55.206] [INFO   ] creat AI step 8 
[11:53:55.206] [INFO   ] creat AI step 9 
[11:53:55.206] [INFO   ] thread Thread-1wip5
[11:53:55.206] [INFO   ] thread Thread-1 before  synchronize on dealer.
[11:53:55.207] [INFO   ] thread Thread-1 after  synchronize on dealer.
[11:53:55.207] [INFO   ] thread Thread-1 before notify synchronize on dealer.
[11:53:55.420] [INFO   ] place card step 0 
[11:53:55.420] [INFO   ] place card step 1 
[11:53:55.420] [INFO   ] place card step 2 
[11:53:55.420] [INFO   ] place card step 3 
[11:53:55.422] [INFO   ] place card step 5 
[11:53:55.422] [INFO   ] place card step 6 
[11:53:55.422] [INFO   ] place card step 7 
[11:53:55.422] [INFO   ] place card step 8 
[11:53:55.422] [SEVERE ] updating countdown to 46554
[11:53:55.638] [INFO   ] remove  in the table step 1
[11:53:55.638] [INFO   ] remove  in the table step 2
[11:53:55.638] [INFO   ] penalty
[11:53:55.638] [SEVERE ] setting player 1 freeze to 3000
[11:53:56.651] [SEVERE ] setting player 1 freeze to 2000
[11:53:57.661] [SEVERE ] setting player 1 freeze to 1000
[11:53:58.672] [SEVERE ] setting player 1 freeze to 0
[11:53:58.672] [SEVERE ] removing player 1 token from slot 0
[11:53:58.672] [INFO   ] remove  in the table step 1
[11:53:58.673] [INFO   ] remove  in the table step 2
[11:53:58.673] [INFO   ] creat AI step 10 
[11:53:58.673] [INFO   ] creat AI step 11 
[11:53:58.673] [INFO   ] thread Thread-0wip1
[11:53:58.673] [INFO   ] thread Thread-0wip2
[11:53:58.673] [INFO   ] thread Thread-0wip3
[11:53:58.673] [INFO   ] thread Thread-0wip4
[11:53:58.673] [INFO   ] penalty
[11:53:58.673] [SEVERE ] setting player 2 freeze to 3000
[11:53:58.673] [INFO   ] creat AI step 3 
[11:53:58.674] [INFO   ] creat AI step 4 
[11:53:58.674] [INFO   ] creat AI step 5 
[11:53:59.686] [SEVERE ] setting player 2 freeze to 2000
[11:54:00.700] [SEVERE ] setting player 2 freeze to 1000
[11:54:01.710] [SEVERE ] setting player 2 freeze to 0
[11:54:01.710] [SEVERE ] removing player 2 token from slot 1
[11:54:01.710] [INFO   ] creat AI step 6 
[11:54:01.711] [INFO   ] creat AI step 7 
[11:54:01.711] [INFO   ] AI key pressed step 1 
[11:54:01.711] [INFO   ] AI key pressed step 2 
[11:54:01.711] [INFO   ] KP step 1computer-0
[11:54:01.711] [INFO   ] KP step 2computer-0
[11:54:01.711] [INFO   ] KP step 4computer-0
[11:54:01.711] [INFO   ] KP step 5computer-0
[11:54:01.711] [SEVERE ] player 1 placing token on slot 9
[11:54:01.710] [INFO   ] creat AI step 10 
[11:54:01.712] [INFO   ] creat AI step 11 
[11:54:01.712] [INFO   ] creat AI step 3 
[11:54:01.712] [INFO   ] creat AI step 7 
[11:54:01.712] [INFO   ] AI key pressed step 1 
[11:54:01.712] [INFO   ] AI key pressed step 2 
[11:54:01.712] [INFO   ] KP step 1computer-1
[11:54:01.712] [INFO   ] KP step 2computer-1
[11:54:01.712] [INFO   ] KP step 4computer-1
[11:54:01.712] [INFO   ] KP step 5computer-1
[11:54:01.713] [SEVERE ] player 2 placing token on slot 8
[11:54:01.711] [INFO   ] KP step 6computer-0
[11:54:01.713] [INFO   ] KP step 7computer-0
[11:54:01.713] [INFO   ] KP step 8computer-0
[11:54:01.713] [INFO   ] KP step 10computer-0
[11:54:01.713] [INFO   ] AI key pressed step 3, random slot: 9
[11:54:01.713] [INFO   ] creat AI step 8 
[11:54:01.713] [INFO   ] creat AI step 9 
[11:54:01.713] [INFO   ] KP step 6computer-1
[11:54:01.713] [INFO   ] thread Thread-0wip5
[11:54:01.714] [INFO   ] thread Thread-0 before  synchronize on dealer.
[11:54:01.712] [INFO   ] thread Thread-1wip1
[11:54:01.714] [INFO   ] thread Thread-1wip2
[11:54:01.714] [INFO   ] thread Thread-1wip3
[11:54:01.714] [INFO   ] thread Thread-1wip4
[11:54:01.714] [INFO   ] thread Thread-0 after  synchronize on dealer.
[11:54:01.714] [INFO   ] thread Thread-0 before notify synchronize on dealer.
[11:54:01.713] [INFO   ] KP step 7computer-1
[11:54:01.714] [INFO   ] KP step 8computer-1
[11:54:01.714] [INFO   ] KP step 10computer-1
[11:54:01.714] [INFO   ] AI key pressed step 3, random slot: 8
[11:54:01.714] [INFO   ] creat AI step 8 
[11:54:01.714] [INFO   ] creat AI step 9 
[11:54:01.714] [INFO   ] thread Thread-1wip5
[11:54:01.714] [INFO   ] thread Thread-1 before  synchronize on dealer.
[11:54:01.714] [INFO   ] thread Thread-1 after  synchronize on dealer.
[11:54:01.714] [INFO   ] thread Thread-1 before notify synchronize on dealer.
[11:54:01.928] [INFO   ] place card step 0 
[11:54:01.928] [INFO   ] place card step 1 
[11:54:01.928] [INFO   ] place card step 2 
[11:54:01.928] [INFO   ] place card step 3 
[11:54:01.929] [INFO   ] place card step 5 
[11:54:01.929] [INFO   ] place card step 6 
[11:54:01.929] [INFO   ] place card step 7 
[11:54:01.930] [INFO   ] place card step 8 
[11:54:01.930] [SEVERE ] updating countdown to 40046
[11:54:02.144] [INFO   ] remove  in the table step 1
[11:54:02.144] [INFO   ] remove  in the table step 2
[11:54:02.144] [INFO   ] penalty
[11:54:02.144] [SEVERE ] setting player 1 freeze to 3000
[11:54:03.160] [SEVERE ] setting player 1 freeze to 2000
[11:54:04.176] [SEVERE ] setting player 1 freeze to 1000
[11:54:05.177] [SEVERE ] setting player 1 freeze to 0
[11:54:05.177] [SEVERE ] removing player 1 token from slot 9
[11:54:05.177] [INFO   ] remove  in the table step 1
[11:54:05.177] [INFO   ] creat AI step 10 
[11:54:05.177] [INFO   ] creat AI step 11 
[11:54:05.177] [INFO   ] creat AI step 3 
[11:54:05.177] [INFO   ] creat AI step 4 
[11:54:05.177] [INFO   ] creat AI step 5 
[11:54:05.177] [INFO   ] remove  in the table step 2
[11:54:05.178] [INFO   ] penalty
[11:54:05.178] [SEVERE ] setting player 2 freeze to 3000
[11:54:05.177] [INFO   ] thread Thread-0wip1
[11:54:06.181] [SEVERE ] setting player 2 freeze to 2000
[11:54:07.194] [SEVERE ] setting player 2 freeze to 1000
[11:54:08.209] [SEVERE ] setting player 2 freeze to 0
[11:54:08.209] [SEVERE ] removing player 2 token from slot 8
[11:54:08.209] [INFO   ] creat AI step 10 
[11:54:08.209] [INFO   ] creat AI step 11 
[11:54:08.209] [INFO   ] creat AI step 3 
[11:54:08.209] [INFO   ] creat AI step 7 
[11:54:08.209] [INFO   ] AI key pressed step 1 
[11:54:08.209] [INFO   ] AI key pressed step 2 
[11:54:08.210] [INFO   ] KP step 1computer-1
[11:54:08.210] [INFO   ] KP step 2computer-1
[11:54:08.210] [INFO   ] KP step 4computer-1
[11:54:08.210] [INFO   ] KP step 5computer-1
[11:54:08.210] [SEVERE ] player 2 placing token on slot 8
[11:54:08.209] [INFO   ] creat AI step 6 
[11:54:08.210] [INFO   ] KP step 6computer-1
[11:54:08.210] [INFO   ] KP step 7computer-1
[11:54:08.210] [INFO   ] KP step 8computer-1
[11:54:08.210] [INFO   ] KP step 10computer-1
[11:54:08.210] [INFO   ] AI key pressed step 3, random slot: 8
[11:54:08.210] [INFO   ] creat AI step 8 
[11:54:08.210] [INFO   ] creat AI step 9 
[11:54:08.209] [INFO   ] thread Thread-1wip1
[11:54:08.211] [INFO   ] thread Thread-1wip2
[11:54:08.211] [INFO   ] thread Thread-1wip3
[11:54:08.211] [INFO   ] thread Thread-1wip4
[11:54:08.210] [INFO   ] thread Thread-0wip2
[11:54:08.211] [INFO   ] thread Thread-0wip3
[11:54:08.211] [INFO   ] thread Thread-0wip4
[11:54:08.210] [INFO   ] creat AI step 7 
[11:54:08.211] [INFO   ] AI key pressed step 1 
[11:54:08.211] [INFO   ] creat AI step 10 
[11:54:08.212] [INFO   ] creat AI step 11 
[11:54:08.212] [INFO   ] creat AI step 3 
[11:54:08.212] [INFO   ] creat AI step 7 
[11:54:08.212] [INFO   ] AI key pressed step 1 
[11:54:08.212] [INFO   ] AI key pressed step 2 
[11:54:08.212] [INFO   ] KP step 1computer-1
[11:54:08.212] [INFO   ] KP step 2computer-1
[11:54:08.211] [INFO   ] AI key pressed step 2 
[11:54:08.212] [INFO   ] KP step 1computer-0
[11:54:08.212] [INFO   ] KP step 2computer-0
[11:54:08.212] [INFO   ] KP step 4computer-0
[11:54:08.212] [INFO   ] KP step 5computer-0
[11:54:08.212] [SEVERE ] player 1 placing token on slot 2
[11:54:08.212] [INFO   ] KP step 4computer-1
[11:54:08.212] [INFO   ] KP step 5computer-1
[11:54:08.213] [SEVERE ] player 2 placing token on slot 10
[11:54:08.212] [INFO   ] KP step 6computer-0
[11:54:08.213] [INFO   ] KP step 7computer-0
[11:54:08.213] [INFO   ] KP step 6computer-1
[11:54:08.213] [INFO   ] KP step 7computer-1
[11:54:08.213] [INFO   ] KP step 8computer-1
[11:54:08.213] [INFO   ] KP step 10computer-1
[11:54:08.213] [INFO   ] AI key pressed step 3, random slot: 10
[11:54:08.213] [INFO   ] creat AI step 8 
[11:54:08.213] [INFO   ] creat AI step 9 
[11:54:08.213] [INFO   ] KP step 8computer-0
[11:54:08.213] [INFO   ] KP step 10computer-0
[11:54:08.213] [INFO   ] AI key pressed step 3, random slot: 2
[11:54:08.214] [INFO   ] creat AI step 8 
[11:54:08.214] [INFO   ] creat AI step 9 
[11:54:08.213] [INFO   ] thread Thread-1wip5
[11:54:08.214] [INFO   ] thread Thread-1 before  synchronize on dealer.
[11:54:08.214] [INFO   ] thread Thread-0wip5
[11:54:08.214] [INFO   ] thread Thread-0 before  synchronize on dealer.
[11:54:08.214] [INFO   ] thread Thread-1 after  synchronize on dealer.
[11:54:08.214] [INFO   ] thread Thread-1 before notify synchronize on dealer.
[11:54:08.214] [INFO   ] thread Thread-0 after  synchronize on dealer.
[11:54:08.215] [INFO   ] thread Thread-0 before notify synchronize on dealer.
[11:54:08.428] [INFO   ] place card step 0 
[11:54:08.428] [INFO   ] place card step 1 
[11:54:08.428] [INFO   ] place card step 2 
[11:54:08.428] [INFO   ] place card step 3 
[11:54:08.429] [INFO   ] place card step 5 
[11:54:08.429] [INFO   ] place card step 6 
[11:54:08.429] [INFO   ] place card step 7 
[11:54:08.429] [INFO   ] place card step 8 
[11:54:08.429] [SEVERE ] updating countdown to 33547
[11:54:08.646] [INFO   ] remove  in the table step 1
[11:54:08.646] [INFO   ] remove  in the table step 2
[11:54:08.646] [SEVERE ] setting player 2 score to 1
[11:54:08.647] [SEVERE ] setting player 2 freeze to 1000
[11:54:09.661] [SEVERE ] setting player 2 freeze to 0
[11:54:09.661] [SEVERE ] removing player 2 token from slot 8
[11:54:09.769] [SEVERE ] removing card from slot 8
[11:54:09.769] [SEVERE ] removing player 2 token from slot 10
[11:54:09.878] [SEVERE ] removing card from slot 10
[11:54:09.878] [INFO   ] remove  in the table step 1
[11:54:09.878] [INFO   ] creat AI step 10 
[11:54:09.878] [INFO   ] creat AI step 11 
[11:54:09.878] [INFO   ] remove  in the table step 2
[11:54:09.879] [INFO   ] creat AI step 3 
[11:54:09.879] [INFO   ] creat AI step 4 
[11:54:09.879] [INFO   ] creat AI step 5 
[11:54:09.878] [INFO   ] thread Thread-1wip1
[11:54:09.879] [INFO   ] penalty
[11:54:09.879] [SEVERE ] setting player 1 freeze to 3000
[11:54:10.893] [SEVERE ] setting player 1 freeze to 2000
[11:54:11.896] [SEVERE ] setting player 1 freeze to 1000
[11:54:12.908] [SEVERE ] setting player 1 freeze to 0
[11:54:12.908] [SEVERE ] removing player 1 token from slot 2
[11:54:12.908] [SEVERE ] updating countdown to 60000
[11:54:12.908] [INFO   ] creat AI step 10 
[11:54:12.908] [INFO   ] creat AI step 11 
[11:54:12.908] [INFO   ] creat AI step 3 
[11:54:12.908] [INFO   ] creat AI step 7 
[11:54:12.908] [INFO   ] AI key pressed step 1 
[11:54:12.908] [INFO   ] thread Thread-0wip1
[11:54:12.908] [INFO   ] thread Thread-0wip2
[11:54:12.908] [INFO   ] thread Thread-0wip3
[11:54:12.908] [INFO   ] thread Thread-0wip4
[11:54:12.908] [INFO   ] creat AI step 6 
[11:54:12.908] [INFO   ] creat AI step 7 
[11:54:12.909] [INFO   ] AI key pressed step 1 
[11:54:12.909] [INFO   ] AI key pressed step 2 
[11:54:12.909] [INFO   ] KP step 1computer-1
[11:54:12.909] [INFO   ] KP step 7computer-1
[11:54:12.908] [INFO   ] AI key pressed step 2 
[11:54:12.909] [INFO   ] KP step 1computer-0
[11:54:12.909] [INFO   ] KP step 2computer-0
[11:54:12.909] [INFO   ] KP step 4computer-0
[11:54:12.909] [INFO   ] KP step 5computer-0
[11:54:12.909] [SEVERE ] player 1 placing token on slot 9
[11:54:12.909] [INFO   ] thread Thread-1wip2
[11:54:12.909] [INFO   ] thread Thread-1wip3
[11:54:12.909] [INFO   ] thread Thread-1wip4
[11:54:12.909] [INFO   ] KP step 6computer-0
[11:54:12.909] [INFO   ] KP step 7computer-0
[11:54:12.909] [INFO   ] KP step 8computer-0
[11:54:12.909] [INFO   ] KP step 10computer-0
[11:54:12.909] [INFO   ] AI key pressed step 3, random slot: 9
[11:54:12.909] [INFO   ] KP step 8computer-1
[11:54:12.909] [INFO   ] KP step 10computer-1
[11:54:12.909] [INFO   ] AI key pressed step 3, random slot: 10
[11:54:12.909] [INFO   ] creat AI step 8 
[11:54:12.909] [INFO   ] creat AI step 9 
[11:54:12.909] [INFO   ] creat AI step 8 
[11:54:12.909] [INFO   ] creat AI step 9 
[11:54:12.909] [INFO   ] thread Thread-1wip5
[11:54:12.910] [INFO   ] thread Thread-1 before  synchronize on dealer.
[11:54:12.910] [INFO   ] thread Thread-1 after  synchronize on dealer.
[11:54:12.910] [INFO   ] thread Thread-1 before notify synchronize on dealer.
[11:54:12.910] [INFO   ] thread Thread-0wip5
[11:54:12.910] [INFO   ] thread Thread-0 before  synchronize on dealer.
[11:54:12.910] [INFO   ] thread Thread-0 after  synchronize on dealer.
[11:54:12.910] [INFO   ] thread Thread-0 before notify synchronize on dealer.
[11:54:13.126] [INFO   ] place card step 0 
[11:54:13.126] [INFO   ] place card step 1 
[11:54:13.234] [SEVERE ] placing card 78 in slot 8
[11:54:13.343] [SEVERE ] placing card 56 in slot 10
[11:54:13.343] [INFO   ] place card step 2 
[11:54:13.343] [INFO   ] place card step 3 
[11:54:13.344] [INFO   ] place card step 5 
[11:54:13.344] [INFO   ] place card step 6 
[11:54:13.344] [INFO   ] place card step 7 
[11:54:13.344] [INFO   ] place card step 8 
[11:54:13.344] [SEVERE ] updating countdown to 59564
[11:54:13.561] [INFO   ] remove  in the table step 1
[11:54:13.561] [INFO   ] remove  in the table step 2
[11:54:13.561] [INFO   ] penalty
[11:54:13.561] [SEVERE ] setting player 2 freeze to 3000
[11:54:14.577] [SEVERE ] setting player 2 freeze to 2000
[11:54:15.590] [SEVERE ] setting player 2 freeze to 1000
[11:54:16.604] [SEVERE ] setting player 2 freeze to 0
[11:54:16.604] [INFO   ] remove  in the table step 1
[11:54:16.604] [INFO   ] remove  in the table step 2
[11:54:16.604] [INFO   ] creat AI step 10 
[11:54:16.604] [INFO   ] penalty
[11:54:16.604] [INFO   ] thread Thread-1wip1
[11:54:16.604] [INFO   ] creat AI step 11 
[11:54:16.604] [INFO   ] creat AI step 3 
[11:54:16.604] [INFO   ] thread Thread-1wip2
[11:54:16.604] [INFO   ] thread Thread-1wip3
[11:54:16.604] [SEVERE ] setting player 1 freeze to 3000
[11:54:16.604] [INFO   ] thread Thread-1wip4
[11:54:16.606] [INFO   ] creat AI step 4 
[11:54:16.606] [INFO   ] creat AI step 5 
[11:54:17.606] [SEVERE ] setting player 1 freeze to 2000
[11:54:18.609] [SEVERE ] setting player 1 freeze to 1000
[11:54:19.610] [SEVERE ] setting player 1 freeze to 0
[11:54:19.610] [SEVERE ] removing player 1 token from slot 9
[11:54:19.610] [INFO   ] creat AI step 6 
[11:54:19.610] [INFO   ] creat AI step 7 
[11:54:19.610] [INFO   ] AI key pressed step 1 
[11:54:19.610] [INFO   ] AI key pressed step 2 
[11:54:19.610] [INFO   ] KP step 1computer-1
[11:54:19.610] [INFO   ] KP step 2computer-1
[11:54:19.610] [INFO   ] KP step 4computer-1
[11:54:19.610] [INFO   ] creat AI step 10 
[11:54:19.610] [INFO   ] creat AI step 11 
[11:54:19.610] [INFO   ] creat AI step 3 
[11:54:19.610] [INFO   ] creat AI step 7 
[11:54:19.610] [INFO   ] AI key pressed step 1 
[11:54:19.610] [INFO   ] AI key pressed step 2 
[11:54:19.610] [INFO   ] KP step 1computer-0
[11:54:19.610] [INFO   ] KP step 2computer-0
[11:54:19.610] [INFO   ] KP step 4computer-0
[11:54:19.610] [INFO   ] KP step 5computer-0
[11:54:19.610] [SEVERE ] player 1 placing token on slot 1
[11:54:19.610] [INFO   ] KP step 5computer-1
[11:54:19.610] [SEVERE ] player 2 placing token on slot 6
[11:54:19.610] [INFO   ] KP step 6computer-0
[11:54:19.610] [INFO   ] KP step 7computer-0
[11:54:19.610] [INFO   ] thread Thread-0wip1
[11:54:19.611] [INFO   ] KP step 8computer-0
[11:54:19.611] [INFO   ] KP step 10computer-0
[11:54:19.611] [INFO   ] AI key pressed step 3, random slot: 1
[11:54:19.611] [INFO   ] creat AI step 8 
[11:54:19.610] [INFO   ] KP step 6computer-1
[11:54:19.611] [INFO   ] KP step 7computer-1
[11:54:19.611] [INFO   ] KP step 8computer-1
[11:54:19.611] [INFO   ] KP step 10computer-1
[11:54:19.611] [INFO   ] AI key pressed step 3, random slot: 6
[11:54:19.611] [INFO   ] creat AI step 8 
[11:54:19.611] [INFO   ] creat AI step 9 
[11:54:19.611] [INFO   ] thread Thread-0wip2
[11:54:19.611] [INFO   ] thread Thread-0wip3
[11:54:19.611] [INFO   ] thread Thread-0wip4
[11:54:19.611] [INFO   ] thread Thread-1wip5
[11:54:19.611] [INFO   ] thread Thread-1 before  synchronize on dealer.
[11:54:19.611] [INFO   ] thread Thread-1 after  synchronize on dealer.
[11:54:19.611] [INFO   ] thread Thread-1 before notify synchronize on dealer.
[11:54:19.611] [INFO   ] creat AI step 9 
[11:54:19.611] [INFO   ] thread Thread-0wip5
[11:54:19.611] [INFO   ] thread Thread-0 before  synchronize on dealer.
[11:54:19.611] [INFO   ] thread Thread-0 after  synchronize on dealer.
[11:54:19.611] [INFO   ] thread Thread-0 before notify synchronize on dealer.
[11:54:19.829] [INFO   ] place card step 0 
[11:54:19.829] [INFO   ] place card step 1 
[11:54:19.829] [INFO   ] place card step 2 
[11:54:19.829] [INFO   ] place card step 3 
[11:54:19.830] [INFO   ] place card step 5 
[11:54:19.830] [INFO   ] place card step 6 
[11:54:19.830] [INFO   ] place card step 7 
[11:54:19.830] [INFO   ] place card step 8 
[11:54:19.830] [SEVERE ] updating countdown to 53078
[11:54:20.048] [INFO   ] remove  in the table step 1
[11:54:20.048] [INFO   ] remove  in the table step 2
[11:54:20.048] [INFO   ] penalty
[11:54:20.048] [SEVERE ] setting player 2 freeze to 3000
[11:54:21.061] [SEVERE ] setting player 2 freeze to 2000
[11:54:22.064] [SEVERE ] setting player 2 freeze to 1000
[11:54:23.074] [SEVERE ] setting player 2 freeze to 0
[11:54:23.074] [SEVERE ] removing player 2 token from slot 6
[11:54:23.074] [INFO   ] remove  in the table step 1
[11:54:23.074] [INFO   ] creat AI step 10 
[11:54:23.074] [INFO   ] creat AI step 11 
[11:54:23.074] [INFO   ] creat AI step 3 
[11:54:23.074] [INFO   ] creat AI step 4 
[11:54:23.074] [INFO   ] creat AI step 5 
[11:54:23.074] [INFO   ] remove  in the table step 2
[11:54:23.074] [INFO   ] penalty
[11:54:23.074] [INFO   ] thread Thread-1wip1
[11:54:23.074] [SEVERE ] setting player 1 freeze to 3000
[11:54:24.076] [SEVERE ] setting player 1 freeze to 2000
[11:54:25.078] [SEVERE ] setting player 1 freeze to 1000
[11:54:26.090] [SEVERE ] setting player 1 freeze to 0
[11:54:26.090] [SEVERE ] removing player 1 token from slot 1
[11:54:26.091] [INFO   ] creat AI step 10 
[11:54:26.091] [INFO   ] creat AI step 11 
[11:54:26.091] [INFO   ] creat AI step 3 
[11:54:26.091] [INFO   ] creat AI step 7 
[11:54:26.091] [INFO   ] AI key pressed step 1 
[11:54:26.091] [INFO   ] AI key pressed step 2 
[11:54:26.091] [INFO   ] KP step 1computer-0
[11:54:26.091] [INFO   ] creat AI step 6 
[11:54:26.091] [INFO   ] creat AI step 7 
[11:54:26.091] [INFO   ] AI key pressed step 1 
[11:54:26.091] [INFO   ] KP step 2computer-0
[11:54:26.091] [INFO   ] KP step 4computer-0
[11:54:26.091] [INFO   ] thread Thread-0wip1
[11:54:26.091] [INFO   ] thread Thread-0wip2
[11:54:26.091] [INFO   ] thread Thread-0wip3
[11:54:26.091] [INFO   ] thread Thread-0wip4
[11:54:26.091] [INFO   ] KP step 5computer-0
[11:54:26.092] [SEVERE ] player 1 placing token on slot 3
[11:54:26.091] [INFO   ] thread Thread-1wip2
[11:54:26.092] [INFO   ] thread Thread-1wip3
[11:54:26.092] [INFO   ] thread Thread-1wip4
[11:54:26.091] [INFO   ] AI key pressed step 2 
[11:54:26.092] [INFO   ] KP step 1computer-1
[11:54:26.092] [INFO   ] KP step 2computer-1
[11:54:26.092] [INFO   ] KP step 4computer-1
[11:54:26.092] [INFO   ] KP step 5computer-1
[11:54:26.092] [SEVERE ] player 2 placing token on slot 6
[11:54:26.092] [INFO   ] KP step 6computer-0
[11:54:26.093] [INFO   ] KP step 7computer-0
[11:54:26.093] [INFO   ] KP step 8computer-0
[11:54:26.093] [INFO   ] KP step 10computer-0
[11:54:26.093] [INFO   ] AI key pressed step 3, random slot: 3
[11:54:26.093] [INFO   ] creat AI step 8 
[11:54:26.093] [INFO   ] creat AI step 9 
[11:54:26.093] [INFO   ] KP step 6computer-1
[11:54:26.093] [INFO   ] KP step 7computer-1
[11:54:26.093] [INFO   ] KP step 8computer-1
[11:54:26.093] [INFO   ] thread Thread-0wip5
[11:54:26.093] [INFO   ] thread Thread-0 before  synchronize on dealer.
[11:54:26.093] [INFO   ] KP step 10computer-1
[11:54:26.093] [INFO   ] AI key pressed step 3, random slot: 6
[11:54:26.093] [INFO   ] creat AI step 8 
[11:54:26.094] [INFO   ] creat AI step 9 
[11:54:26.093] [INFO   ] thread Thread-0 after  synchronize on dealer.
[11:54:26.094] [INFO   ] thread Thread-0 before notify synchronize on dealer.
[11:54:26.094] [INFO   ] thread Thread-1wip5
[11:54:26.094] [INFO   ] thread Thread-1 before  synchronize on dealer.
[11:54:26.094] [INFO   ] thread Thread-1 after  synchronize on dealer.
[11:54:26.094] [INFO   ] thread Thread-1 before notify synchronize on dealer.
[11:54:26.309] [INFO   ] place card step 0 
[11:54:26.309] [INFO   ] place card step 1 
[11:54:26.309] [INFO   ] place card step 2 
[11:54:26.309] [INFO   ] place card step 3 
[11:54:26.310] [INFO   ] place card step 5 
[11:54:26.310] [INFO   ] place card step 6 
[11:54:26.311] [INFO   ] place card step 7 
[11:54:26.311] [INFO   ] place card step 8 
[11:54:26.311] [SEVERE ] updating countdown to 46597
[11:54:26.526] [INFO   ] remove  in the table step 1
[11:54:26.526] [INFO   ] remove  in the table step 2
[11:54:26.526] [INFO   ] penalty
[11:54:26.526] [SEVERE ] setting player 1 freeze to 3000
[11:54:27.539] [SEVERE ] setting player 1 freeze to 2000
[11:54:28.551] [SEVERE ] setting player 1 freeze to 1000
[11:54:29.563] [SEVERE ] setting player 1 freeze to 0
[11:54:29.563] [SEVERE ] removing player 1 token from slot 3
[11:54:29.563] [INFO   ] remove  in the table step 1
[11:54:29.563] [INFO   ] creat AI step 10 
[11:54:29.564] [INFO   ] creat AI step 11 
[11:54:29.564] [INFO   ] creat AI step 3 
[11:54:29.564] [INFO   ] creat AI step 4 
[11:54:29.564] [INFO   ] creat AI step 5 
[11:54:29.563] [INFO   ] remove  in the table step 2
[11:54:29.564] [INFO   ] thread Thread-0wip1
[11:54:29.564] [INFO   ] penalty
[11:54:29.564] [SEVERE ] setting player 2 freeze to 3000
[11:54:30.566] [SEVERE ] setting player 2 freeze to 2000
[11:54:31.567] [SEVERE ] setting player 2 freeze to 1000
[11:54:31.602] [SEVERE ] exit button pressed
[11:54:32.581] [SEVERE ] setting player 2 freeze to 0
[11:54:32.581] [SEVERE ] removing player 2 token from slot 6
[11:54:32.581] [INFO   ] creat AI step 6 
[11:54:32.581] [INFO   ] creat AI step 7 
[11:54:32.581] [INFO   ] AI key pressed step 1 
[11:54:32.581] [INFO   ] AI key pressed step 2 
[11:54:32.582] [INFO   ] KP step 1computer-0
[11:54:32.582] [INFO   ] KP step 2computer-0
[11:54:32.582] [INFO   ] KP step 4computer-0
[11:54:32.582] [INFO   ] KP step 5computer-0
[11:54:32.582] [SEVERE ] player 1 placing token on slot 7
[11:54:32.581] [INFO   ] creat AI step 10 
[11:54:32.582] [INFO   ] creat AI step 11 
[11:54:32.582] [INFO   ] creat AI step 3 
[11:54:32.582] [INFO   ] creat AI step 7 
[11:54:32.582] [INFO   ] thread Thread-1wip1
[11:54:32.582] [INFO   ] thread Thread-1wip2
[11:54:32.582] [INFO   ] thread Thread-1wip3
[11:54:32.582] [INFO   ] thread Thread-1wip4
[11:54:32.581] [INFO   ] thread Thread-0wip2
[11:54:32.582] [INFO   ] thread Thread-0wip3
[11:54:32.582] [INFO   ] thread Thread-0wip4
[11:54:32.582] [INFO   ] AI key pressed step 1 
[11:54:32.583] [INFO   ] AI key pressed step 2 
[11:54:32.582] [INFO   ] KP step 6computer-0
[11:54:32.583] [INFO   ] KP step 7computer-0
[11:54:32.583] [INFO   ] KP step 8computer-0
[11:54:32.583] [INFO   ] KP step 1computer-1
[11:54:32.583] [INFO   ] KP step 2computer-1
[11:54:32.583] [INFO   ] KP step 4computer-1
[11:54:32.583] [INFO   ] KP step 10computer-0
[11:54:32.583] [INFO   ] AI key pressed step 3, random slot: 7
[11:54:32.583] [INFO   ] creat AI step 8 
[11:54:32.583] [INFO   ] KP step 5computer-1
[11:54:32.583] [SEVERE ] player 2 placing token on slot 8
[11:54:32.583] [INFO   ] creat AI step 9 
[11:54:32.583] [INFO   ] KP step 6computer-1
[11:54:32.583] [INFO   ] thread Thread-0wip5
[11:54:32.584] [INFO   ] thread Thread-0 before  synchronize on dealer.
[11:54:32.584] [INFO   ] thread Thread-0 after  synchronize on dealer.
[11:54:32.584] [INFO   ] thread Thread-0 before notify synchronize on dealer.
[11:54:32.584] [INFO   ] KP step 7computer-1
[11:54:32.584] [INFO   ] KP step 8computer-1
[11:54:32.584] [INFO   ] KP step 10computer-1
[11:54:32.584] [INFO   ] AI key pressed step 3, random slot: 8
[11:54:32.584] [INFO   ] creat AI step 8 
[11:54:32.584] [INFO   ] creat AI step 9 
[11:54:32.584] [INFO   ] thread Thread-1wip5
[11:54:32.584] [INFO   ] thread Thread-1 before  synchronize on dealer.
[11:54:32.584] [INFO   ] thread Thread-1 after  synchronize on dealer.
[11:54:32.584] [INFO   ] thread Thread-1 before notify synchronize on dealer.
[11:54:32.798] [INFO   ] place card step 0 
[11:54:32.798] [INFO   ] place card step 1 
[11:54:32.798] [INFO   ] place card step 2 
[11:54:32.798] [INFO   ] place card step 3 
[11:54:32.799] [INFO   ] place card step 5 
[11:54:32.799] [INFO   ] place card step 6 
[11:54:32.799] [INFO   ] place card step 7 
[11:54:32.799] [INFO   ] place card step 8 
[11:54:32.799] [SEVERE ] updating countdown to 40109
[11:54:33.014] [INFO   ] remove  in the table step 1
[11:54:33.014] [INFO   ] remove  in the table step 2
[11:54:33.014] [INFO   ] penalty
[11:54:33.014] [SEVERE ] setting player 1 freeze to 3000
[11:54:34.025] [SEVERE ] setting player 1 freeze to 2000
[11:54:35.036] [SEVERE ] setting player 1 freeze to 1000
[11:54:36.049] [SEVERE ] setting player 1 freeze to 0
[11:54:36.049] [SEVERE ] removing player 1 token from slot 7
[11:54:36.049] [INFO   ] remove  in the table step 1
[11:54:36.049] [INFO   ] creat AI step 10 
[11:54:36.049] [INFO   ] creat AI step 11 
[11:54:36.049] [INFO   ] creat AI step 3 
[11:54:36.049] [INFO   ] thread Thread-0wip1
[11:54:36.049] [INFO   ] remove  in the table step 2
[11:54:36.049] [INFO   ] creat AI step 4 
[11:54:36.050] [INFO   ] creat AI step 5 
[11:54:36.050] [INFO   ] penalty
[11:54:36.050] [SEVERE ] setting player 2 freeze to 3000
[11:54:37.051] [SEVERE ] setting player 2 freeze to 2000
[11:54:38.056] [SEVERE ] setting player 2 freeze to 1000
[11:54:39.070] [SEVERE ] setting player 2 freeze to 0
[11:54:39.103] [SEVERE ] removing player 2 token from slot 8
[11:54:39.103] [INFO   ] creat AI step 10 
[11:54:39.103] [INFO   ] creat AI step 11 
[11:54:39.103] [INFO   ] creat AI step 3 
[11:54:39.103] [INFO   ] creat AI step 4 
[11:54:39.103] [INFO   ] creat AI step 5 
[11:54:39.107] [INFO   ] creat AI step 6 
[11:54:39.107] [INFO   ] creat AI step 7 
[11:54:39.108] [INFO   ] AI key pressed step 1 
[11:54:39.108] [INFO   ] AI key pressed step 2 
[11:54:39.108] [INFO   ] KP step 1computer-0
[11:54:39.108] [INFO   ] KP step 2computer-0
[11:54:39.108] [INFO   ] KP step 4computer-0
[11:54:39.108] [INFO   ] KP step 5computer-0
[11:54:39.108] [INFO   ] creat AI step 6 
[11:54:39.108] [INFO   ] creat AI step 7 
[11:54:39.108] [INFO   ] AI key pressed step 1 
[11:54:39.108] [INFO   ] AI key pressed step 2 
[11:54:39.108] [INFO   ] KP step 1computer-1
[11:54:39.108] [INFO   ] KP step 2computer-1
[11:54:39.108] [INFO   ] KP step 4computer-1
[11:54:39.108] [INFO   ] KP step 5computer-1
[11:54:39.108] [SEVERE ] player 2 placing token on slot 11
[11:54:39.108] [INFO   ] KP step 6computer-1
[11:54:39.108] [INFO   ] KP step 7computer-1
[11:54:39.108] [INFO   ] KP step 8computer-1
[11:54:39.108] [INFO   ] KP step 10computer-1
[11:54:39.108] [INFO   ] AI key pressed step 3, random slot: 11
[11:54:39.108] [INFO   ] creat AI step 8 
[11:54:39.108] [INFO   ] creat AI step 9 
[11:54:39.108] [SEVERE ] player 1 placing token on slot 3
[11:54:39.110] [INFO   ] KP step 6computer-0
[11:54:39.111] [INFO   ] KP step 7computer-0
[11:54:39.110] [INFO   ] thread Thread-1wip1
[11:54:39.111] [INFO   ] thread Thread-1wip2
[11:54:39.111] [INFO   ] thread Thread-1wip3
[11:54:39.111] [INFO   ] thread Thread-1wip4
[11:54:39.108] [INFO   ] thread Thread-0wip2
[11:54:39.112] [INFO   ] creat AI step 10 
[11:54:39.112] [INFO   ] creat AI step 11 
[11:54:39.112] [INFO   ] creat AI step 3 
[11:54:39.112] [INFO   ] creat AI step 7 
[11:54:39.112] [INFO   ] AI key pressed step 1 
[11:54:39.112] [INFO   ] AI key pressed step 2 
[11:54:39.112] [INFO   ] KP step 1computer-1
[11:54:39.112] [INFO   ] KP step 2computer-1
[11:54:39.112] [INFO   ] KP step 4computer-1
[11:54:39.112] [INFO   ] KP step 5computer-1
[11:54:39.112] [SEVERE ] player 2 placing token on slot 7
[11:54:39.112] [INFO   ] KP step 6computer-1
[11:54:39.112] [INFO   ] KP step 7computer-1
[11:54:39.112] [INFO   ] KP step 8computer-1
[11:54:39.112] [INFO   ] KP step 10computer-1
[11:54:39.112] [INFO   ] AI key pressed step 3, random slot: 7
[11:54:39.112] [INFO   ] creat AI step 8 
[11:54:39.113] [INFO   ] creat AI step 9 
[11:54:39.113] [INFO   ] thread Thread-1wip5
[11:54:39.112] [INFO   ] thread Thread-0wip3
[11:54:39.113] [INFO   ] thread Thread-1 before  synchronize on dealer.
[11:54:39.113] [INFO   ] thread Thread-0wip4
[11:54:39.113] [INFO   ] thread Thread-1 after  synchronize on dealer.
[11:54:39.113] [INFO   ] thread Thread-1 before notify synchronize on dealer.
[11:54:39.113] [INFO   ] KP step 8computer-0
[11:54:39.113] [INFO   ] KP step 10computer-0
[11:54:39.113] [INFO   ] AI key pressed step 3, random slot: 3
[11:54:39.113] [INFO   ] creat AI step 8 
[11:54:39.113] [INFO   ] creat AI step 9 
[11:54:39.113] [INFO   ] thread Thread-0wip5
[11:54:39.113] [INFO   ] thread Thread-0 before  synchronize on dealer.
[11:54:39.113] [INFO   ] thread Thread-0 after  synchronize on dealer.
[11:54:39.113] [INFO   ] thread Thread-0 before notify synchronize on dealer.
[11:54:39.339] [INFO   ] place card step 0 
[11:54:39.339] [INFO   ] place card step 1 
[11:54:39.339] [INFO   ] place card step 2 
[11:54:39.342] [INFO   ] place card step 3 
[11:54:39.343] [INFO   ] place card step 5 
[11:54:39.343] [INFO   ] place card step 6 
[11:54:39.343] [INFO   ] place card step 7 
[11:54:39.343] [INFO   ] place card step 8 
[11:54:39.343] [SEVERE ] updating countdown to 33565
[11:54:39.560] [INFO   ] remove  in the table step 1
[11:54:39.560] [INFO   ] remove  in the table step 2
[11:54:39.560] [SEVERE ] setting player 2 score to 2
[11:54:39.560] [SEVERE ] setting player 2 freeze to 1000
[11:54:40.568] [SEVERE ] setting player 2 freeze to 0
[11:54:40.568] [SEVERE ] removing player 2 token from slot 11
[11:54:40.676] [SEVERE ] removing card from slot 11
[11:54:40.676] [SEVERE ] removing player 2 token from slot 7
[11:54:40.784] [SEVERE ] removing card from slot 7
[11:54:40.784] [INFO   ] remove  in the table step 1
[11:54:40.784] [INFO   ] remove  in the table step 2
[11:54:40.784] [INFO   ] creat AI step 10 
[11:54:40.784] [INFO   ] creat AI step 11 
[11:54:40.784] [INFO   ] creat AI step 3 
[11:54:40.784] [INFO   ] creat AI step 4 
[11:54:40.784] [INFO   ] creat AI step 5 
[11:54:40.784] [INFO   ] penalty
[11:54:40.784] [SEVERE ] setting player 1 freeze to 3000
[11:54:41.608] [INFO   ] creat AI step 6 
[11:54:41.608] [INFO   ] creat AI step 7 
[11:54:41.608] [INFO   ] AI key pressed step 1 
[11:54:41.608] [INFO   ] AI key pressed step 2 
[11:54:41.608] [INFO   ] KP step 1computer-1
[11:54:41.608] [INFO   ] KP step 7computer-1
[11:54:41.608] [INFO   ] KP step 8computer-1
[11:54:41.608] [INFO   ] KP step 10computer-1
[11:54:41.608] [INFO   ] AI key pressed step 3, random slot: 4
[11:54:41.608] [INFO   ] creat AI step 8 
[11:54:41.608] [INFO   ] creat AI step 9 
[11:54:41.608] [INFO   ] creat AI step 11 
[11:54:41.608] [INFO   ] thread computer-1 terminated.
[11:54:41.608] [INFO   ] thread Thread-1 terminated.
[11:54:41.785] [SEVERE ] setting player 1 freeze to 2000
[11:54:42.787] [SEVERE ] setting player 1 freeze to 1000
[11:54:43.789] [SEVERE ] setting player 1 freeze to 0
[11:54:43.789] [SEVERE ] removing player 1 token from slot 3
[11:54:43.789] [SEVERE ] updating countdown to 60000
[11:54:43.789] [INFO   ] creat AI step 11 
[11:54:43.789] [INFO   ] thread computer-0 terminated.
[11:54:43.790] [INFO   ] thread Thread-0 terminated.
[11:54:44.007] [INFO   ] place card step 0 
[11:54:44.007] [INFO   ] place card step 1 
[11:54:44.116] [SEVERE ] placing card 27 in slot 7
[11:54:44.226] [SEVERE ] placing card 18 in slot 11
[11:54:44.226] [INFO   ] place card step 2 
[11:54:44.226] [INFO   ] place card step 3 
[11:54:44.226] [INFO   ] place card step 5 
[11:54:44.226] [INFO   ] place card step 6 
[11:54:44.226] [INFO   ] place card step 7 
[11:54:44.227] [INFO   ] place card step 8 
[11:54:44.227] [SEVERE ] updating countdown to 60000
[11:54:44.440] [INFO   ] REMOVE ALL 1 
[11:54:44.440] [INFO   ] REMOVE ALL 2 
[11:54:44.440] [INFO   ] REMOVE ALL 3 
[11:54:44.548] [SEVERE ] removing card from slot 0
[11:54:44.656] [SEVERE ] removing card from slot 1
[11:54:44.766] [SEVERE ] removing card from slot 2
[11:54:44.876] [SEVERE ] removing card from slot 3
[11:54:44.986] [SEVERE ] removing card from slot 4
[11:54:45.094] [SEVERE ] removing card from slot 5
[11:54:45.203] [SEVERE ] removing card from slot 6
[11:54:45.312] [SEVERE ] removing card from slot 7
[11:54:45.421] [SEVERE ] removing card from slot 8
[11:54:45.531] [SEVERE ] removing card from slot 9
[11:54:45.638] [SEVERE ] removing card from slot 10
[11:54:45.747] [SEVERE ] removing card from slot 11
[11:54:45.747] [INFO   ] REMOVE ALL 4 
[11:54:45.747] [INFO   ] REMOVE ALL 5 
[11:54:45.748] [SEVERE ] announcing winner(s): player 2, player 1
[11:54:45.751] [INFO   ] thread dealer terminated.
[11:54:45.751] [INFO   ] thread dealer terminated.
[11:54:45.751] [SEVERE ] thanks for playing... it was fun!
[11:54:45.752] [INFO   ] thread main terminated.
