[15:21:45.368] [INFO   ] thread main starting.
[15:21:45.379] [SEVERE ] cannot read configuration file config.properties trying from resources.
[15:21:45.381] [SEVERE ] configuration file was loaded from resources directory.
[15:21:46.356] [INFO   ] thread dealer starting.
[15:21:46.370] [INFO   ] thread dealer starting.
[15:21:46.374] [INFO   ] thread Thread-0 starting.
[15:21:46.381] [INFO   ] creat AI step 1 
[15:21:46.382] [INFO   ] thread computer-0 starting.
[15:21:46.382] [INFO   ] creat AI step 2 
[15:21:46.382] [INFO   ] creat AI step 3 
[15:21:46.382] [INFO   ] thread Thread-0wip1
[15:21:46.391] [INFO   ] thread Thread-1 starting.
[15:21:46.383] [INFO   ] creat AI step 7 
[15:21:46.439] [INFO   ] thread Thread-0wip2
[15:21:46.440] [INFO   ] AI key pressed step 1 
[15:21:46.440] [INFO   ] thread Thread-0wip3
[15:21:46.441] [INFO   ] thread Thread-0wip4
[15:21:46.441] [INFO   ] AI key pressed step 2 
[15:21:46.442] [INFO   ] KP step 1computer-0
[15:21:46.442] [INFO   ] KP step 10computer-0
[15:21:46.442] [INFO   ] AI key pressed step 3, random slot: 5
[15:21:46.442] [INFO   ] creat AI step 8 
[15:21:46.443] [INFO   ] creat AI step 9 
[15:21:46.443] [INFO   ] thread Thread-0wip5
[15:21:46.443] [INFO   ] thread Thread-0 after  synchronize on dealer.
[15:21:46.443] [INFO   ] thread Thread-0 before notify synchronize on dealer.
[15:21:46.446] [INFO   ] creat AI step 1 
[15:21:46.447] [INFO   ] thread computer-1 starting.
[15:21:46.447] [INFO   ] creat AI step 2 
[15:21:46.447] [INFO   ] creat AI step 3 
[15:21:46.448] [SEVERE ] updating countdown to 60000
[15:21:46.448] [INFO   ] thread Thread-1wip1
[15:21:46.449] [INFO   ] thread Thread-1wip2
[15:21:46.450] [INFO   ] thread Thread-1wip3
[15:21:46.451] [INFO   ] thread Thread-1wip4
[15:21:46.448] [INFO   ] creat AI step 7 
[15:21:46.453] [INFO   ] AI key pressed step 1 
[15:21:46.454] [INFO   ] AI key pressed step 2 
[15:21:46.454] [INFO   ] KP step 1computer-1
[15:21:46.454] [INFO   ] KP step 10computer-1
[15:21:46.454] [INFO   ] AI key pressed step 3, random slot: 11
[15:21:46.454] [INFO   ] creat AI step 8 
[15:21:46.455] [INFO   ] creat AI step 9 
[15:21:46.455] [INFO   ] thread Thread-1wip5
[15:21:46.456] [INFO   ] thread Thread-1 after  synchronize on dealer.
[15:21:46.456] [INFO   ] thread Thread-1 before notify synchronize on dealer.
[15:21:46.686] [INFO   ] place card step 0 
[15:21:46.687] [INFO   ] place card step 1 
[15:21:46.794] [SEVERE ] placing card 61 in slot 0
[15:21:46.902] [SEVERE ] placing card 8 in slot 1
[15:21:47.011] [SEVERE ] placing card 52 in slot 2
[15:21:47.119] [SEVERE ] placing card 79 in slot 3
[15:21:47.228] [SEVERE ] placing card 59 in slot 4
[15:21:47.339] [SEVERE ] placing card 66 in slot 5
[15:21:47.447] [SEVERE ] placing card 75 in slot 6
[15:21:47.556] [SEVERE ] placing card 36 in slot 7
[15:21:47.662] [SEVERE ] placing card 11 in slot 8
[15:21:47.772] [SEVERE ] placing card 24 in slot 9
[15:21:47.881] [SEVERE ] placing card 71 in slot 10
[15:21:47.992] [SEVERE ] placing card 21 in slot 11
[15:21:47.992] [INFO   ] place card step 2 
[15:21:47.992] [INFO   ] place card step 3 
[15:21:48.000] [INFO   ] place card step 4 if no set!!!!! 
[15:21:48.225] [INFO   ] REMOVE ALL 1 
[15:21:48.225] [INFO   ] REMOVE ALL 2 
[15:21:48.226] [INFO   ] REMOVE ALL 3 
[15:21:48.332] [SEVERE ] removing card from slot 0
[15:21:48.442] [SEVERE ] removing card from slot 1
[15:21:48.551] [SEVERE ] removing card from slot 2
[15:21:48.659] [SEVERE ] removing card from slot 3
[15:21:48.767] [SEVERE ] removing card from slot 4
[15:21:48.876] [SEVERE ] removing card from slot 5
[15:21:48.985] [SEVERE ] removing card from slot 6
[15:21:49.095] [SEVERE ] removing card from slot 7
[15:21:49.204] [SEVERE ] removing card from slot 8
[15:21:49.312] [SEVERE ] removing card from slot 9
[15:21:49.420] [SEVERE ] removing card from slot 10
[15:21:49.531] [SEVERE ] removing card from slot 11
[15:21:49.532] [INFO   ] REMOVE ALL 4 
[15:21:49.532] [INFO   ] REMOVE ALL 5 
[15:21:49.532] [INFO   ] place card step 5 if no set!!!!! 
[15:21:49.540] [INFO   ] thread dealer terminated.
[15:21:54.555] [SEVERE ] thanks for playing... it was fun!
[15:21:54.555] [INFO   ] thread main terminated.
[15:21:54.556] [SEVERE ] disposing of user interface elements
