[10:40:06.266] [INFO   ] thread main starting.
[10:40:06.282] [SEVERE ] cannot read configuration file config.properties trying from resources.
[10:40:06.286] [SEVERE ] configuration file was loaded from resources directory.
[10:40:06.856] [INFO   ] thread dealer starting.
[10:40:06.857] [INFO   ] thread dealer starting.
[10:40:06.858] [INFO   ] thread Thread-0 starting.
[10:40:06.859] [INFO   ] creat AI step 1 
[10:40:06.859] [INFO   ] thread computer-0 starting.
[10:40:06.860] [INFO   ] creat AI step 2 
[10:40:06.860] [INFO   ] creat AI step 3 
[10:40:06.860] [INFO   ] creat AI step 7 
[10:40:06.860] [INFO   ] thread Thread-1 starting.
[10:40:06.862] [INFO   ] AI key pressed step 1 
[10:40:06.862] [INFO   ] creat AI step 1 
[10:40:06.863] [INFO   ] thread computer-1 starting.
[10:40:06.863] [INFO   ] creat AI step 2 
[10:40:06.863] [INFO   ] AI key pressed step 2 
[10:40:06.863] [SEVERE ] updating countdown to 60000
[10:40:06.863] [INFO   ] creat AI step 3 
[10:40:06.864] [INFO   ] creat AI step 7 
[10:40:06.863] [INFO   ] KP step 1
[10:40:06.864] [INFO   ] AI key pressed step 1 
[10:40:06.864] [INFO   ] KP step 7
[10:40:06.864] [INFO   ] AI key pressed step 2 
[10:40:06.864] [INFO   ] KP step 1
[10:40:06.864] [INFO   ] AI key pressed step 3, random slot: 5
[10:40:06.865] [INFO   ] KP step 7
[10:40:06.865] [INFO   ] AI key pressed step 3, random slot: 1
[10:40:06.865] [INFO   ] creat AI step 8 
[10:40:06.865] [INFO   ] creat AI step 8 
[10:40:07.089] [INFO   ] place card step 0 
[10:40:07.090] [INFO   ] place card step 1 
[10:40:07.199] [SEVERE ] placing card 53 in slot 0
[10:40:07.309] [SEVERE ] placing card 24 in slot 1
[10:40:07.416] [SEVERE ] placing card 27 in slot 2
[10:40:07.528] [SEVERE ] placing card 74 in slot 3
[10:40:07.638] [SEVERE ] placing card 3 in slot 4
[10:40:07.746] [SEVERE ] placing card 19 in slot 5
[10:40:07.855] [SEVERE ] placing card 15 in slot 6
[10:40:07.964] [SEVERE ] placing card 7 in slot 7
[10:40:08.072] [SEVERE ] placing card 29 in slot 8
[10:40:08.182] [SEVERE ] placing card 60 in slot 9
[10:40:08.292] [SEVERE ] placing card 5 in slot 10
[10:40:08.400] [SEVERE ] placing card 23 in slot 11
[10:40:08.400] [INFO   ] place card step 2 
[10:40:08.400] [INFO   ] place card step 3 
[10:40:08.403] [INFO   ] place card step 5 
[10:40:08.403] [INFO   ] place card step 6 
[10:40:08.403] [INFO   ] place card step 7 
[10:40:08.403] [INFO   ] place card step 8 
[10:40:09.411] [SEVERE ] updating countdown to 57453
[10:40:09.846] [INFO   ] place card step 0 
[10:40:09.846] [INFO   ] place card step 1 
[10:40:09.847] [INFO   ] place card step 2 
[10:40:09.847] [INFO   ] place card step 3 
[10:40:09.850] [INFO   ] place card step 5 
[10:40:09.851] [INFO   ] place card step 6 
[10:40:09.851] [INFO   ] place card step 7 
[10:40:09.851] [INFO   ] place card step 8 
[10:40:10.860] [SEVERE ] updating countdown to 56004
[10:40:11.294] [INFO   ] place card step 0 
[10:40:11.294] [INFO   ] place card step 1 
[10:40:11.295] [INFO   ] place card step 2 
[10:40:11.295] [INFO   ] place card step 3 
[10:40:11.299] [INFO   ] place card step 5 
[10:40:11.299] [INFO   ] place card step 6 
[10:40:11.300] [INFO   ] place card step 7 
[10:40:11.300] [INFO   ] place card step 8 
[10:40:12.315] [SEVERE ] updating countdown to 54549
[10:40:12.754] [INFO   ] place card step 0 
[10:40:12.755] [INFO   ] place card step 1 
[10:40:12.756] [INFO   ] place card step 2 
[10:40:12.757] [INFO   ] place card step 3 
[10:40:12.766] [INFO   ] place card step 5 
[10:40:12.767] [INFO   ] place card step 6 
[10:40:12.780] [INFO   ] place card step 7 
[10:40:12.786] [INFO   ] place card step 8 
[10:40:13.796] [SEVERE ] updating countdown to 53068
[10:40:14.233] [INFO   ] place card step 0 
[10:40:14.234] [INFO   ] place card step 1 
[10:40:14.234] [INFO   ] place card step 2 
[10:40:14.234] [INFO   ] place card step 3 
[10:40:14.240] [INFO   ] place card step 5 
[10:40:14.240] [INFO   ] place card step 6 
[10:40:14.240] [INFO   ] place card step 7 
[10:40:14.242] [INFO   ] place card step 8 
[10:40:15.249] [SEVERE ] updating countdown to 51615
[10:40:15.684] [INFO   ] place card step 0 
[10:40:15.684] [INFO   ] place card step 1 
[10:40:15.684] [INFO   ] place card step 2 
[10:40:15.684] [INFO   ] place card step 3 
[10:40:15.685] [INFO   ] place card step 5 
[10:40:15.685] [INFO   ] place card step 6 
[10:40:15.686] [INFO   ] place card step 7 
[10:40:15.686] [INFO   ] place card step 8 
[10:40:16.696] [SEVERE ] updating countdown to 50168
[10:40:17.134] [INFO   ] place card step 0 
[10:40:17.134] [INFO   ] place card step 1 
[10:40:17.134] [INFO   ] place card step 2 
[10:40:17.134] [INFO   ] place card step 3 
[10:40:17.135] [INFO   ] place card step 5 
[10:40:17.135] [INFO   ] place card step 6 
[10:40:17.136] [INFO   ] place card step 7 
[10:40:17.136] [INFO   ] place card step 8 
[10:40:18.147] [SEVERE ] updating countdown to 48717
[10:40:18.585] [INFO   ] place card step 0 
[10:40:18.585] [INFO   ] place card step 1 
[10:40:18.585] [INFO   ] place card step 2 
[10:40:18.585] [INFO   ] place card step 3 
[10:40:18.586] [INFO   ] place card step 5 
[10:40:18.586] [INFO   ] place card step 6 
[10:40:18.586] [INFO   ] place card step 7 
[10:40:18.586] [INFO   ] place card step 8 
[10:40:19.596] [SEVERE ] updating countdown to 47268
[10:40:20.034] [INFO   ] place card step 0 
[10:40:20.034] [INFO   ] place card step 1 
[10:40:20.034] [INFO   ] place card step 2 
[10:40:20.035] [INFO   ] place card step 3 
[10:40:20.035] [INFO   ] place card step 5 
[10:40:20.035] [INFO   ] place card step 6 
[10:40:20.036] [INFO   ] place card step 7 
[10:40:20.036] [INFO   ] place card step 8 
[10:40:21.045] [SEVERE ] updating countdown to 45819
[10:40:21.484] [INFO   ] place card step 0 
[10:40:21.484] [INFO   ] place card step 1 
[10:40:21.486] [INFO   ] place card step 2 
[10:40:21.487] [INFO   ] place card step 3 
[10:40:21.487] [INFO   ] place card step 5 
[10:40:21.488] [INFO   ] place card step 6 
[10:40:21.488] [INFO   ] place card step 7 
[10:40:21.488] [INFO   ] place card step 8 
[10:40:21.561] [SEVERE ] exit button pressed
[10:40:22.495] [SEVERE ] updating countdown to 44369
[10:40:22.934] [INFO   ] place card step 0 
[10:40:22.934] [INFO   ] place card step 1 
[10:40:22.934] [INFO   ] place card step 2 
[10:40:22.934] [INFO   ] place card step 3 
[10:40:22.935] [INFO   ] place card step 5 
[10:40:22.935] [INFO   ] place card step 6 
[10:40:22.935] [INFO   ] place card step 7 
[10:40:22.935] [INFO   ] place card step 8 
[10:40:23.949] [SEVERE ] updating countdown to 42915
[10:40:24.385] [INFO   ] place card step 0 
[10:40:24.385] [INFO   ] place card step 1 
[10:40:24.385] [INFO   ] place card step 2 
[10:40:24.385] [INFO   ] place card step 3 
[10:40:24.386] [INFO   ] place card step 5 
[10:40:24.386] [INFO   ] place card step 6 
[10:40:24.386] [INFO   ] place card step 7 
[10:40:24.386] [INFO   ] place card step 8 
[10:40:25.397] [SEVERE ] updating countdown to 41467
[10:40:25.833] [INFO   ] place card step 0 
[10:40:25.833] [INFO   ] place card step 1 
[10:40:25.833] [INFO   ] place card step 2 
[10:40:25.833] [INFO   ] place card step 3 
[10:40:25.834] [INFO   ] place card step 5 
[10:40:25.834] [INFO   ] place card step 6 
[10:40:25.834] [INFO   ] place card step 7 
[10:40:25.834] [INFO   ] place card step 8 
[10:40:26.845] [SEVERE ] updating countdown to 40019
[10:40:27.280] [INFO   ] place card step 0 
[10:40:27.280] [INFO   ] place card step 1 
[10:40:27.280] [INFO   ] place card step 2 
[10:40:27.280] [INFO   ] place card step 3 
[10:40:27.282] [INFO   ] place card step 5 
[10:40:27.282] [INFO   ] place card step 6 
[10:40:27.282] [INFO   ] place card step 7 
[10:40:27.282] [INFO   ] place card step 8 
[10:40:28.290] [SEVERE ] updating countdown to 38574
[10:40:28.725] [INFO   ] place card step 0 
[10:40:28.725] [INFO   ] place card step 1 
[10:40:28.725] [INFO   ] place card step 2 
[10:40:28.726] [INFO   ] place card step 3 
[10:40:28.726] [INFO   ] place card step 5 
[10:40:28.726] [INFO   ] place card step 6 
[10:40:28.727] [INFO   ] place card step 7 
[10:40:28.727] [INFO   ] place card step 8 
[10:40:29.735] [SEVERE ] updating countdown to 37129
[10:40:30.174] [INFO   ] place card step 0 
[10:40:30.174] [INFO   ] place card step 1 
[10:40:30.174] [INFO   ] place card step 2 
[10:40:30.174] [INFO   ] place card step 3 
[10:40:30.175] [INFO   ] place card step 5 
[10:40:30.175] [INFO   ] place card step 6 
[10:40:30.175] [INFO   ] place card step 7 
[10:40:30.175] [INFO   ] place card step 8 
[10:40:31.185] [SEVERE ] updating countdown to 35679
[10:40:31.575] [INFO   ] thread computer-1 terminated.
[10:40:31.575] [INFO   ] thread Thread-1 terminated.
[10:40:31.576] [INFO   ] thread computer-0 terminated.
[10:40:31.576] [INFO   ] thread Thread-0 terminated.
[10:40:31.620] [INFO   ] place card step 0 
[10:40:31.620] [INFO   ] place card step 1 
[10:40:31.620] [INFO   ] place card step 2 
[10:40:31.620] [INFO   ] place card step 3 
[10:40:31.621] [INFO   ] place card step 5 
[10:40:31.621] [INFO   ] place card step 6 
[10:40:31.621] [INFO   ] place card step 7 
[10:40:31.621] [INFO   ] place card step 8 
[10:40:31.621] [SEVERE ] updating countdown to 60000
[10:40:31.838] [INFO   ] REMOVE ALL 1 
[10:40:31.838] [INFO   ] remove  in the table step 1
[10:40:31.838] [INFO   ] remove  in the table step 2
[10:40:31.838] [INFO   ] remove  in the table step 1
[10:40:31.839] [INFO   ] remove  in the table step 2
[10:40:31.839] [INFO   ] REMOVE ALL 2 
[10:40:31.839] [INFO   ] REMOVE ALL 3 
[10:40:31.947] [SEVERE ] removing card from slot 0
[10:40:32.055] [SEVERE ] removing card from slot 1
[10:40:32.165] [SEVERE ] removing card from slot 2
[10:40:32.274] [SEVERE ] removing card from slot 3
[10:40:32.382] [SEVERE ] removing card from slot 4
[10:40:32.490] [SEVERE ] removing card from slot 5
[10:40:32.600] [SEVERE ] removing card from slot 6
[10:40:32.708] [SEVERE ] removing card from slot 7
[10:40:32.817] [SEVERE ] removing card from slot 8
[10:40:32.927] [SEVERE ] removing card from slot 9
[10:40:33.037] [SEVERE ] removing card from slot 10
[10:40:33.146] [SEVERE ] removing card from slot 11
[10:40:33.147] [INFO   ] REMOVE ALL 4 
[10:40:33.148] [INFO   ] REMOVE ALL 5 
[10:40:33.150] [SEVERE ] announcing winner(s): player 1, player 2
[10:40:33.155] [INFO   ] thread dealer terminated.
[10:40:33.156] [INFO   ] thread dealer terminated.
[10:40:33.156] [SEVERE ] thanks for playing... it was fun!
[10:40:33.156] [INFO   ] thread main terminated.
