[10:19:07.140] [INFO   ] thread main starting.
[10:19:07.151] [SEVERE ] cannot read configuration file config.properties trying from resources.
[10:19:07.153] [SEVERE ] configuration file was loaded from resources directory.
[10:19:07.889] [INFO   ] thread dealer starting.
[10:19:07.890] [INFO   ] thread dealer starting.
[10:19:07.891] [SEVERE ] updating countdown to 60000
[10:19:07.892] [INFO   ] thread Thread-0 starting.
[10:19:07.892] [INFO   ] thread Thread-1 starting.
[10:19:08.111] [INFO   ] place card step 0 
[10:19:08.112] [INFO   ] place card step 1 
[10:19:08.221] [SEVERE ] placing card 1 in slot 0
[10:19:08.330] [SEVERE ] placing card 0 in slot 1
[10:19:08.440] [SEVERE ] placing card 60 in slot 2
[10:19:08.549] [SEVERE ] placing card 30 in slot 3
[10:19:08.657] [SEVERE ] placing card 45 in slot 4
[10:19:08.766] [SEVERE ] placing card 27 in slot 5
[10:19:08.874] [SEVERE ] placing card 31 in slot 6
[10:19:08.983] [SEVERE ] placing card 44 in slot 7
[10:19:09.092] [SEVERE ] placing card 47 in slot 8
[10:19:09.201] [SEVERE ] placing card 21 in slot 9
[10:19:09.312] [SEVERE ] placing card 49 in slot 10
[10:19:09.420] [SEVERE ] placing card 65 in slot 11
[10:19:09.420] [INFO   ] place card step 2 
[10:19:09.421] [INFO   ] place card step 3 
[10:19:09.426] [INFO   ] place card step 5 
[10:19:09.426] [INFO   ] place card step 6 
[10:19:09.426] [INFO   ] place card step 7 
[10:19:09.426] [INFO   ] place card step 8 
[10:19:09.801] [SEVERE ] exit button pressed
[10:19:10.434] [SEVERE ] updating countdown to 57459
[10:19:10.872] [INFO   ] place card step 0 
[10:19:10.872] [INFO   ] place card step 1 
[10:19:10.873] [INFO   ] place card step 2 
[10:19:10.873] [INFO   ] place card step 3 
[10:19:10.878] [INFO   ] place card step 5 
[10:19:10.879] [INFO   ] place card step 6 
[10:19:10.879] [INFO   ] place card step 7 
[10:19:10.879] [INFO   ] place card step 8 
[10:19:11.884] [SEVERE ] updating countdown to 56009
[10:19:12.321] [INFO   ] place card step 0 
[10:19:12.321] [INFO   ] place card step 1 
[10:19:12.321] [INFO   ] place card step 2 
[10:19:12.321] [INFO   ] place card step 3 
[10:19:12.323] [INFO   ] place card step 5 
[10:19:12.323] [INFO   ] place card step 6 
[10:19:12.323] [INFO   ] place card step 7 
[10:19:12.324] [INFO   ] place card step 8 
[10:19:13.329] [SEVERE ] updating countdown to 54564
[10:19:13.766] [INFO   ] place card step 0 
[10:19:13.766] [INFO   ] place card step 1 
[10:19:13.766] [INFO   ] place card step 2 
[10:19:13.767] [INFO   ] place card step 3 
[10:19:13.770] [INFO   ] place card step 5 
[10:19:13.770] [INFO   ] place card step 6 
[10:19:13.770] [INFO   ] place card step 7 
[10:19:13.770] [INFO   ] place card step 8 
[10:19:14.772] [SEVERE ] updating countdown to 53121
[10:19:15.207] [INFO   ] place card step 0 
[10:19:15.208] [INFO   ] place card step 1 
[10:19:15.208] [INFO   ] place card step 2 
[10:19:15.208] [INFO   ] place card step 3 
[10:19:15.212] [INFO   ] place card step 5 
[10:19:15.212] [INFO   ] place card step 6 
[10:19:15.212] [INFO   ] place card step 7 
[10:19:15.212] [INFO   ] place card step 8 
[10:19:16.221] [SEVERE ] updating countdown to 51672
[10:19:16.656] [INFO   ] place card step 0 
[10:19:16.657] [INFO   ] place card step 1 
[10:19:16.657] [INFO   ] place card step 2 
[10:19:16.657] [INFO   ] place card step 3 
[10:19:16.659] [INFO   ] place card step 5 
[10:19:16.659] [INFO   ] place card step 6 
[10:19:16.659] [INFO   ] place card step 7 
[10:19:16.659] [INFO   ] place card step 8 
[10:19:17.667] [SEVERE ] updating countdown to 50226
[10:19:18.106] [INFO   ] place card step 0 
[10:19:18.106] [INFO   ] place card step 1 
[10:19:18.106] [INFO   ] place card step 2 
[10:19:18.107] [INFO   ] place card step 3 
[10:19:18.107] [INFO   ] place card step 5 
[10:19:18.107] [INFO   ] place card step 6 
[10:19:18.107] [INFO   ] place card step 7 
[10:19:18.107] [INFO   ] place card step 8 
[10:19:19.117] [SEVERE ] updating countdown to 48776
[10:19:19.555] [INFO   ] place card step 0 
[10:19:19.555] [INFO   ] place card step 1 
[10:19:19.556] [INFO   ] place card step 2 
[10:19:19.556] [INFO   ] place card step 3 
[10:19:19.557] [INFO   ] place card step 5 
[10:19:19.557] [INFO   ] place card step 6 
[10:19:19.557] [INFO   ] place card step 7 
[10:19:19.557] [INFO   ] place card step 8 
[10:19:19.819] [INFO   ] thread Thread-1 terminated.
[10:19:19.819] [SEVERE ] updating countdown to 48074
[10:19:19.820] [INFO   ] thread Thread-0 terminated.
[10:19:20.036] [INFO   ] remove  in the table step 1
[10:19:20.037] [INFO   ] remove  in the table step 2
[10:19:20.038] [SEVERE ] setting player 2 freeze to 3000
[10:19:21.048] [SEVERE ] setting player 2 freeze to 2000
[10:19:22.061] [SEVERE ] setting player 2 freeze to 1000
[10:19:23.075] [SEVERE ] setting player 2 freeze to 0
[10:19:23.075] [INFO   ] remove  in the table step 1
[10:19:23.076] [INFO   ] remove  in the table step 2
[10:19:23.076] [SEVERE ] setting player 1 freeze to 3000
[10:19:24.086] [SEVERE ] setting player 1 freeze to 2000
[10:19:25.097] [SEVERE ] setting player 1 freeze to 1000
[10:19:26.108] [SEVERE ] setting player 1 freeze to 0
[10:19:26.326] [INFO   ] place card step 0 
[10:19:26.326] [INFO   ] place card step 1 
[10:19:26.327] [INFO   ] place card step 2 
[10:19:26.327] [INFO   ] place card step 3 
[10:19:26.329] [INFO   ] place card step 5 
[10:19:26.329] [INFO   ] place card step 6 
[10:19:26.329] [INFO   ] place card step 7 
[10:19:26.329] [INFO   ] place card step 8 
[10:19:26.329] [SEVERE ] updating countdown to 60000
[10:19:26.545] [INFO   ] REMOVE ALL 1 
[10:19:26.545] [INFO   ] REMOVE ALL 2 
[10:19:26.545] [INFO   ] REMOVE ALL 3 
[10:19:26.654] [SEVERE ] removing card from slot 0
[10:19:26.763] [SEVERE ] removing card from slot 1
[10:19:26.872] [SEVERE ] removing card from slot 2
[10:19:26.983] [SEVERE ] removing card from slot 3
[10:19:27.092] [SEVERE ] removing card from slot 4
[10:19:27.203] [SEVERE ] removing card from slot 5
[10:19:27.313] [SEVERE ] removing card from slot 6
[10:19:27.422] [SEVERE ] removing card from slot 7
[10:19:27.532] [SEVERE ] removing card from slot 8
[10:19:27.640] [SEVERE ] removing card from slot 9
[10:19:27.748] [SEVERE ] removing card from slot 10
[10:19:27.857] [SEVERE ] removing card from slot 11
[10:19:27.858] [INFO   ] REMOVE ALL 4 
[10:19:27.859] [INFO   ] REMOVE ALL 5 
[10:19:27.859] [SEVERE ] announcing winner(s): player 1, player 2
[10:19:27.862] [INFO   ] thread dealer terminated.
[10:19:27.864] [INFO   ] thread dealer terminated.
[10:19:27.864] [SEVERE ] thanks for playing... it was fun!
[10:19:27.864] [INFO   ] thread main terminated.
