[14:54:36.295] [INFO   ] thread main starting.
[14:54:36.308] [SEVERE ] cannot read configuration file config.properties trying from resources.
[14:54:36.311] [SEVERE ] configuration file was loaded from resources directory.
[14:54:37.135] [INFO   ] thread dealer starting.
[14:54:37.136] [INFO   ] thread dealer starting.
[14:54:37.137] [INFO   ] thread Thread-0 starting.
[14:54:37.139] [INFO   ] creat AI step 1 
[14:54:37.140] [INFO   ] thread computer-0 starting.
[14:54:37.140] [INFO   ] creat AI step 2 
[14:54:37.140] [INFO   ] creat AI step 3 
[14:54:37.140] [INFO   ] thread Thread-0wip1
[14:54:37.141] [INFO   ] creat AI step 7 
[14:54:37.141] [INFO   ] thread Thread-1 starting.
[14:54:37.142] [INFO   ] AI key pressed step 1 
[14:54:37.142] [INFO   ] thread Thread-0wip2
[14:54:37.143] [INFO   ] creat AI step 1 
[14:54:37.144] [INFO   ] AI key pressed step 2 
[14:54:37.144] [INFO   ] KP step 1computer-0
[14:54:37.144] [INFO   ] thread Thread-0wip3
[14:54:37.144] [INFO   ] KP step 10computer-0
[14:54:37.144] [INFO   ] thread computer-1 starting.
[14:54:37.145] [INFO   ] creat AI step 2 
[14:54:37.145] [INFO   ] AI key pressed step 3, random slot: 10
[14:54:37.144] [INFO   ] thread Thread-0wip4
[14:54:37.147] [INFO   ] creat AI step 8 
[14:54:37.146] [SEVERE ] updating countdown to 60000
[14:54:37.146] [INFO   ] thread Thread-1wip1
[14:54:37.146] [INFO   ] creat AI step 3 
[14:54:37.148] [INFO   ] thread Thread-1wip2
[14:54:37.147] [INFO   ] creat AI step 9 
[14:54:37.149] [INFO   ] thread Thread-1wip3
[14:54:37.149] [INFO   ] thread Thread-0wip5
[14:54:37.149] [INFO   ] thread Thread-1wip4
[14:54:37.151] [INFO   ] thread Thread-0 after  synchronize on dealer.
[14:54:37.151] [INFO   ] creat AI step 7 
[14:54:37.151] [INFO   ] AI key pressed step 1 
[14:54:37.151] [INFO   ] thread Thread-0 before notify synchronize on dealer.
[14:54:37.151] [INFO   ] AI key pressed step 2 
[14:54:37.152] [INFO   ] KP step 1computer-1
[14:54:37.152] [INFO   ] KP step 10computer-1
[14:54:37.153] [INFO   ] AI key pressed step 3, random slot: 9
[14:54:37.153] [INFO   ] creat AI step 8 
[14:54:37.153] [INFO   ] creat AI step 9 
[14:54:37.153] [INFO   ] thread Thread-1wip5
[14:54:37.155] [INFO   ] thread Thread-1 after  synchronize on dealer.
[14:54:37.155] [INFO   ] thread Thread-1 before notify synchronize on dealer.
[14:54:37.378] [INFO   ] place card step 0 
[14:54:37.379] [INFO   ] place card step 1 
[14:54:37.487] [SEVERE ] placing card 27 in slot 0
[14:54:37.595] [SEVERE ] placing card 34 in slot 1
[14:54:37.707] [SEVERE ] placing card 70 in slot 2
[14:54:37.816] [SEVERE ] placing card 48 in slot 3
[14:54:37.924] [SEVERE ] placing card 49 in slot 4
[14:54:38.032] [SEVERE ] placing card 53 in slot 5
[14:54:38.142] [SEVERE ] placing card 60 in slot 6
[14:54:38.250] [SEVERE ] placing card 76 in slot 7
[14:54:38.358] [SEVERE ] placing card 22 in slot 8
[14:54:38.467] [SEVERE ] placing card 28 in slot 9
[14:54:38.575] [SEVERE ] placing card 45 in slot 10
[14:54:38.684] [SEVERE ] placing card 17 in slot 11
[14:54:38.685] [INFO   ] place card step 2 
[14:54:38.685] [INFO   ] place card step 3 
[14:54:38.694] [INFO   ] place card step 5 
[14:54:38.695] [INFO   ] place card step 6 
[14:54:38.696] [INFO   ] place card step 7 
[14:54:38.696] [INFO   ] place card step 8 
[14:54:39.710] [SEVERE ] updating countdown to 57439
[14:54:40.146] [INFO   ] place card step 0 
[14:54:40.146] [INFO   ] place card step 1 
[14:54:40.146] [INFO   ] place card step 2 
[14:54:40.146] [INFO   ] place card step 3 
[14:54:40.149] [INFO   ] place card step 5 
[14:54:40.149] [INFO   ] place card step 6 
[14:54:40.149] [INFO   ] place card step 7 
[14:54:40.149] [INFO   ] place card step 8 
[14:54:41.160] [SEVERE ] updating countdown to 55989
[14:54:41.599] [INFO   ] place card step 0 
[14:54:41.599] [INFO   ] place card step 1 
[14:54:41.599] [INFO   ] place card step 2 
[14:54:41.599] [INFO   ] place card step 3 
[14:54:41.601] [INFO   ] place card step 5 
[14:54:41.601] [INFO   ] place card step 6 
[14:54:41.601] [INFO   ] place card step 7 
[14:54:41.602] [INFO   ] place card step 8 
[14:54:42.613] [SEVERE ] updating countdown to 54536
[14:54:43.048] [INFO   ] place card step 0 
[14:54:43.048] [INFO   ] place card step 1 
[14:54:43.048] [INFO   ] place card step 2 
[14:54:43.049] [INFO   ] place card step 3 
[14:54:43.052] [INFO   ] place card step 5 
[14:54:43.053] [INFO   ] place card step 6 
[14:54:43.053] [INFO   ] place card step 7 
[14:54:43.053] [INFO   ] place card step 8 
[14:54:44.056] [SEVERE ] updating countdown to 53093
[14:54:44.494] [INFO   ] place card step 0 
[14:54:44.494] [INFO   ] place card step 1 
[14:54:44.494] [INFO   ] place card step 2 
[14:54:44.495] [INFO   ] place card step 3 
[14:54:44.497] [INFO   ] place card step 5 
[14:54:44.497] [INFO   ] place card step 6 
[14:54:44.498] [INFO   ] place card step 7 
[14:54:44.498] [INFO   ] place card step 8 
[14:54:45.500] [SEVERE ] updating countdown to 51649
[14:54:45.934] [INFO   ] place card step 0 
[14:54:45.934] [INFO   ] place card step 1 
[14:54:45.936] [INFO   ] place card step 2 
[14:54:45.936] [INFO   ] place card step 3 
[14:54:45.939] [INFO   ] place card step 5 
[14:54:45.939] [INFO   ] place card step 6 
[14:54:45.940] [INFO   ] place card step 7 
[14:54:45.940] [INFO   ] place card step 8 
[14:54:46.948] [SEVERE ] updating countdown to 50201
[14:54:47.381] [INFO   ] place card step 0 
[14:54:47.381] [INFO   ] place card step 1 
[14:54:47.382] [INFO   ] place card step 2 
[14:54:47.382] [INFO   ] place card step 3 
[14:54:47.383] [INFO   ] place card step 5 
[14:54:47.384] [INFO   ] place card step 6 
[14:54:47.384] [INFO   ] place card step 7 
[14:54:47.384] [INFO   ] place card step 8 
[14:54:47.672] [SEVERE ] exit button pressed
[14:54:48.396] [SEVERE ] updating countdown to 48753
[14:54:48.831] [INFO   ] place card step 0 
[14:54:48.831] [INFO   ] place card step 1 
[14:54:48.831] [INFO   ] place card step 2 
[14:54:48.831] [INFO   ] place card step 3 
[14:54:48.832] [INFO   ] place card step 5 
[14:54:48.832] [INFO   ] place card step 6 
[14:54:48.832] [INFO   ] place card step 7 
[14:54:48.832] [INFO   ] place card step 8 
[14:54:49.838] [SEVERE ] updating countdown to 47311
