[15:20:49.479] [INFO   ] thread main starting.
[15:20:49.496] [SEVERE ] cannot read configuration file config.properties trying from resources.
[15:20:49.500] [SEVERE ] configuration file was loaded from resources directory.
[15:20:50.589] [INFO   ] thread dealer starting.
[15:20:50.592] [INFO   ] thread dealer starting.
[15:20:50.594] [INFO   ] thread Thread-0 starting.
[15:20:50.621] [INFO   ] creat AI step 1 
[15:20:50.623] [INFO   ] thread computer-0 starting.
[15:20:50.623] [INFO   ] creat AI step 2 
[15:20:50.624] [INFO   ] thread Thread-0wip1
[15:20:50.624] [INFO   ] creat AI step 3 
[15:20:50.641] [INFO   ] thread Thread-1 starting.
[15:20:50.624] [INFO   ] thread Thread-0wip2
[15:20:50.686] [INFO   ] thread Thread-0wip3
[15:20:50.686] [INFO   ] thread Thread-0wip4
[15:20:50.687] [INFO   ] creat AI step 7 
[15:20:50.687] [INFO   ] AI key pressed step 1 
[15:20:50.688] [INFO   ] AI key pressed step 2 
[15:20:50.688] [INFO   ] KP step 1computer-0
[15:20:50.688] [INFO   ] KP step 10computer-0
[15:20:50.689] [INFO   ] AI key pressed step 3, random slot: 2
[15:20:50.689] [INFO   ] creat AI step 8 
[15:20:50.689] [INFO   ] creat AI step 9 
[15:20:50.690] [INFO   ] thread Thread-0wip5
[15:20:50.690] [INFO   ] thread Thread-0 after  synchronize on dealer.
[15:20:50.690] [INFO   ] thread Thread-0 before notify synchronize on dealer.
[15:20:50.694] [INFO   ] creat AI step 1 
[15:20:50.697] [INFO   ] thread computer-1 starting.
[15:20:50.698] [INFO   ] creat AI step 2 
[15:20:50.698] [SEVERE ] updating countdown to 60000
[15:20:50.699] [INFO   ] thread Thread-1wip1
[15:20:50.700] [INFO   ] thread Thread-1wip2
[15:20:50.700] [INFO   ] thread Thread-1wip3
[15:20:50.700] [INFO   ] creat AI step 3 
[15:20:50.702] [INFO   ] thread Thread-1wip4
[15:20:50.703] [INFO   ] creat AI step 7 
[15:20:50.703] [INFO   ] AI key pressed step 1 
[15:20:50.703] [INFO   ] AI key pressed step 2 
[15:20:50.703] [INFO   ] KP step 1computer-1
[15:20:50.704] [INFO   ] KP step 10computer-1
[15:20:50.704] [INFO   ] AI key pressed step 3, random slot: 7
[15:20:50.705] [INFO   ] creat AI step 8 
[15:20:50.705] [INFO   ] creat AI step 9 
[15:20:50.705] [INFO   ] thread Thread-1wip5
[15:20:50.706] [INFO   ] thread Thread-1 after  synchronize on dealer.
[15:20:50.706] [INFO   ] thread Thread-1 before notify synchronize on dealer.
[15:20:50.930] [INFO   ] place card step 0 
[15:20:50.930] [INFO   ] place card step 1 
[15:20:51.037] [SEVERE ] placing card 58 in slot 0
[15:20:51.146] [SEVERE ] placing card 29 in slot 1
[15:20:51.254] [SEVERE ] placing card 30 in slot 2
[15:20:51.363] [SEVERE ] placing card 37 in slot 3
[15:20:51.472] [SEVERE ] placing card 5 in slot 4
[15:20:51.582] [SEVERE ] placing card 36 in slot 5
[15:20:51.691] [SEVERE ] placing card 65 in slot 6
[15:20:51.801] [SEVERE ] placing card 55 in slot 7
[15:20:51.911] [SEVERE ] placing card 22 in slot 8
[15:20:52.021] [SEVERE ] placing card 15 in slot 9
[15:20:52.129] [SEVERE ] placing card 54 in slot 10
[15:20:52.239] [SEVERE ] placing card 4 in slot 11
[15:20:52.239] [INFO   ] place card step 2 
[15:20:52.240] [INFO   ] place card step 3 
[15:20:52.251] [INFO   ] place card step 5 
[15:20:52.251] [INFO   ] place card step 6 
[15:20:52.252] [INFO   ] place card step 7 
[15:20:52.252] [INFO   ] place card step 8 
[15:20:53.267] [SEVERE ] updating countdown to 57435
[15:20:53.702] [INFO   ] place card step 0 
[15:20:53.702] [INFO   ] place card step 1 
[15:20:53.702] [INFO   ] place card step 2 
[15:20:53.702] [INFO   ] place card step 3 
[15:20:53.706] [INFO   ] place card step 5 
[15:20:53.706] [INFO   ] place card step 6 
[15:20:53.706] [INFO   ] place card step 7 
[15:20:53.706] [INFO   ] place card step 8 
[15:20:54.721] [SEVERE ] updating countdown to 55980
[15:20:55.162] [INFO   ] place card step 0 
[15:20:55.162] [INFO   ] place card step 1 
[15:20:55.162] [INFO   ] place card step 2 
[15:20:55.162] [INFO   ] place card step 3 
[15:20:55.166] [INFO   ] place card step 5 
[15:20:55.166] [INFO   ] place card step 6 
[15:20:55.166] [INFO   ] place card step 7 
[15:20:55.167] [INFO   ] place card step 8 
[15:20:56.174] [SEVERE ] updating countdown to 54527
[15:20:56.611] [INFO   ] place card step 0 
[15:20:56.611] [INFO   ] place card step 1 
[15:20:56.611] [INFO   ] place card step 2 
[15:20:56.611] [INFO   ] place card step 3 
[15:20:56.612] [INFO   ] place card step 5 
[15:20:56.614] [INFO   ] place card step 6 
[15:20:56.614] [INFO   ] place card step 7 
[15:20:56.614] [INFO   ] place card step 8 
[15:20:56.801] [SEVERE ] exit button pressed
[15:20:57.621] [SEVERE ] updating countdown to 53080
[15:20:58.052] [INFO   ] place card step 0 
[15:20:58.052] [INFO   ] place card step 1 
[15:20:58.052] [INFO   ] place card step 2 
[15:20:58.054] [INFO   ] place card step 3 
[15:20:58.057] [INFO   ] place card step 5 
[15:20:58.058] [INFO   ] place card step 6 
[15:20:58.058] [INFO   ] place card step 7 
[15:20:58.058] [INFO   ] place card step 8 
