[15:33:22.185] [INFO   ] thread main starting.
[15:33:22.199] [SEVERE ] cannot read configuration file config.properties trying from resources.
[15:33:22.202] [SEVERE ] configuration file was loaded from resources directory.
[15:33:23.208] [INFO   ] thread dealer starting.
[15:33:23.209] [INFO   ] thread dealer starting.
[15:33:23.209] [INFO   ] thread Thread-0 starting.
[15:33:23.212] [INFO   ] creat AI step 1 
[15:33:23.212] [INFO   ] thread computer-0 starting.
[15:33:23.213] [INFO   ] creat AI step 2 
[15:33:23.213] [INFO   ] creat AI step 3 
[15:33:23.213] [INFO   ] thread Thread-0wip1
[15:33:23.213] [INFO   ] thread Thread-1 starting.
[15:33:23.213] [INFO   ] creat AI step 7 
[15:33:23.215] [INFO   ] thread Thread-0wip2
[15:33:23.216] [INFO   ] creat AI step 1 
[15:33:23.216] [INFO   ] AI key pressed step 1 
[15:33:23.216] [INFO   ] thread computer-1 starting.
[15:33:23.216] [INFO   ] thread Thread-0wip3
[15:33:23.217] [INFO   ] AI key pressed step 2 
[15:33:23.217] [INFO   ] creat AI step 2 
[15:33:23.218] [INFO   ] KP step 1computer-0
[15:33:23.217] [INFO   ] thread Thread-0wip4
[15:33:23.218] [INFO   ] KP step 10computer-0
[15:33:23.218] [SEVERE ] updating countdown to 60000
[15:33:23.218] [INFO   ] thread Thread-1wip1
[15:33:23.218] [INFO   ] creat AI step 3 
[15:33:23.221] [INFO   ] thread Thread-1wip2
[15:33:23.220] [INFO   ] AI key pressed step 3, random slot: 11
[15:33:23.221] [INFO   ] thread Thread-1wip3
[15:33:23.222] [INFO   ] creat AI step 8 
[15:33:23.222] [INFO   ] thread Thread-1wip4
[15:33:23.222] [INFO   ] creat AI step 9 
[15:33:23.223] [INFO   ] creat AI step 7 
[15:33:23.224] [INFO   ] thread Thread-0wip5
[15:33:23.224] [INFO   ] AI key pressed step 1 
[15:33:23.224] [INFO   ] thread Thread-0 after  synchronize on dealer.
[15:33:23.225] [INFO   ] AI key pressed step 2 
[15:33:23.225] [INFO   ] thread Thread-0 before notify synchronize on dealer.
[15:33:23.225] [INFO   ] KP step 1computer-1
[15:33:23.226] [INFO   ] KP step 10computer-1
[15:33:23.226] [INFO   ] creat AI step 10 
[15:33:23.226] [INFO   ] creat AI step 11 
[15:33:23.226] [INFO   ] AI key pressed step 3, random slot: 8
[15:33:23.227] [INFO   ] creat AI step 3 
[15:33:23.227] [INFO   ] creat AI step 7 
[15:33:23.227] [INFO   ] creat AI step 8 
[15:33:23.227] [INFO   ] AI key pressed step 1 
[15:33:23.228] [INFO   ] creat AI step 9 
[15:33:23.228] [INFO   ] AI key pressed step 2 
[15:33:23.228] [INFO   ] thread Thread-1wip5
[15:33:23.228] [INFO   ] KP step 1computer-0
[15:33:23.229] [INFO   ] KP step 10computer-0
[15:33:23.229] [INFO   ] AI key pressed step 3, random slot: 5
[15:33:23.230] [INFO   ] creat AI step 8 
[15:33:23.230] [INFO   ] creat AI step 9 
[15:33:23.230] [INFO   ] creat AI step 10 
[15:33:23.230] [INFO   ] creat AI step 11 
[15:33:23.231] [INFO   ] creat AI step 3 
[15:33:23.231] [INFO   ] creat AI step 7 
[15:33:23.231] [INFO   ] AI key pressed step 1 
[15:33:23.232] [INFO   ] AI key pressed step 2 
[15:33:23.232] [INFO   ] KP step 1computer-0
[15:33:23.232] [INFO   ] KP step 10computer-0
[15:33:23.232] [INFO   ] AI key pressed step 3, random slot: 4
[15:33:23.233] [INFO   ] creat AI step 8 
[15:33:23.233] [INFO   ] creat AI step 9 
[15:33:23.233] [INFO   ] creat AI step 10 
[15:33:23.233] [INFO   ] creat AI step 11 
[15:33:23.234] [INFO   ] creat AI step 3 
[15:33:23.234] [INFO   ] creat AI step 7 
[15:33:23.229] [INFO   ] thread Thread-1 after  synchronize on dealer.
[15:33:23.234] [INFO   ] AI key pressed step 1 
[15:33:23.235] [INFO   ] AI key pressed step 2 
[15:33:23.235] [INFO   ] KP step 1computer-0
[15:33:23.235] [INFO   ] KP step 10computer-0
[15:33:23.236] [INFO   ] AI key pressed step 3, random slot: 5
[15:33:23.236] [INFO   ] creat AI step 8 
[15:33:23.236] [INFO   ] creat AI step 9 
[15:33:23.236] [INFO   ] creat AI step 10 
[15:33:23.235] [INFO   ] thread Thread-1 before notify synchronize on dealer.
[15:33:23.236] [INFO   ] creat AI step 11 
[15:33:23.237] [INFO   ] creat AI step 10 
[15:33:23.237] [INFO   ] creat AI step 3 
[15:33:23.237] [INFO   ] creat AI step 11 
[15:33:23.238] [INFO   ] creat AI step 7 
[15:33:23.238] [INFO   ] creat AI step 3 
[15:33:23.238] [INFO   ] AI key pressed step 1 
[15:33:23.238] [INFO   ] creat AI step 7 
[15:33:23.238] [INFO   ] AI key pressed step 2 
[15:33:23.240] [INFO   ] AI key pressed step 1 
[15:33:23.240] [INFO   ] KP step 1computer-0
[15:33:23.241] [INFO   ] AI key pressed step 2 
[15:33:23.242] [INFO   ] KP step 1computer-1
[15:33:23.241] [INFO   ] KP step 10computer-0
[15:33:23.242] [INFO   ] KP step 10computer-1
[15:33:23.242] [INFO   ] AI key pressed step 3, random slot: 11
[15:33:23.242] [INFO   ] AI key pressed step 3, random slot: 8
[15:33:23.243] [INFO   ] creat AI step 8 
[15:33:23.243] [INFO   ] creat AI step 8 
[15:33:23.243] [INFO   ] creat AI step 9 
[15:33:23.244] [INFO   ] creat AI step 9 
[15:33:23.244] [INFO   ] creat AI step 10 
[15:33:23.244] [INFO   ] creat AI step 10 
[15:33:23.245] [INFO   ] creat AI step 11 
[15:33:23.245] [INFO   ] creat AI step 3 
[15:33:23.246] [INFO   ] creat AI step 7 
[15:33:23.246] [INFO   ] AI key pressed step 1 
[15:33:23.246] [INFO   ] AI key pressed step 2 
[15:33:23.246] [INFO   ] KP step 1computer-0
[15:33:23.246] [INFO   ] KP step 10computer-0
[15:33:23.247] [INFO   ] AI key pressed step 3, random slot: 0
[15:33:23.247] [INFO   ] creat AI step 8 
[15:33:23.247] [INFO   ] creat AI step 9 
[15:33:23.245] [INFO   ] creat AI step 11 
[15:33:23.247] [INFO   ] creat AI step 10 
[15:33:23.248] [INFO   ] creat AI step 11 
[15:33:23.248] [INFO   ] creat AI step 3 
[15:33:23.248] [INFO   ] creat AI step 7 
[15:33:23.248] [INFO   ] AI key pressed step 1 
[15:33:23.248] [INFO   ] AI key pressed step 2 
[15:33:23.249] [INFO   ] KP step 1computer-0
[15:33:23.247] [INFO   ] creat AI step 3 
[15:33:23.249] [INFO   ] KP step 10computer-0
[15:33:23.249] [INFO   ] creat AI step 7 
[15:33:23.249] [INFO   ] AI key pressed step 3, random slot: 1
[15:33:23.250] [INFO   ] creat AI step 8 
[15:33:23.250] [INFO   ] creat AI step 9 
[15:33:23.253] [INFO   ] creat AI step 10 
[15:33:23.254] [INFO   ] creat AI step 11 
[15:33:23.254] [INFO   ] creat AI step 3 
[15:33:23.254] [INFO   ] creat AI step 7 
[15:33:23.254] [INFO   ] AI key pressed step 1 
[15:33:23.255] [INFO   ] AI key pressed step 2 
[15:33:23.250] [INFO   ] AI key pressed step 1 
[15:33:23.255] [INFO   ] KP step 1computer-0
[15:33:23.256] [INFO   ] KP step 10computer-0
[15:33:23.256] [INFO   ] AI key pressed step 3, random slot: 0
[15:33:23.256] [INFO   ] creat AI step 8 
[15:33:23.256] [INFO   ] creat AI step 9 
[15:33:23.257] [INFO   ] creat AI step 10 
[15:33:23.257] [INFO   ] creat AI step 11 
[15:33:23.256] [INFO   ] AI key pressed step 2 
[15:33:23.257] [INFO   ] creat AI step 3 
[15:33:23.258] [INFO   ] creat AI step 7 
[15:33:23.258] [INFO   ] KP step 1computer-1
[15:33:23.259] [INFO   ] AI key pressed step 1 
[15:33:23.259] [INFO   ] AI key pressed step 2 
[15:33:23.259] [INFO   ] KP step 10computer-1
[15:33:23.259] [INFO   ] KP step 1computer-0
[15:33:23.259] [INFO   ] AI key pressed step 3, random slot: 7
[15:33:23.259] [INFO   ] KP step 10computer-0
[15:33:23.260] [INFO   ] creat AI step 8 
[15:33:23.260] [INFO   ] AI key pressed step 3, random slot: 4
[15:33:23.261] [INFO   ] creat AI step 8 
[15:33:23.261] [INFO   ] creat AI step 9 
[15:33:23.260] [INFO   ] creat AI step 9 
[15:33:23.261] [INFO   ] creat AI step 10 
[15:33:23.261] [INFO   ] creat AI step 11 
[15:33:23.262] [INFO   ] creat AI step 3 
[15:33:23.262] [INFO   ] creat AI step 7 
[15:33:23.261] [INFO   ] creat AI step 10 
[15:33:23.262] [INFO   ] AI key pressed step 1 
[15:33:23.263] [INFO   ] creat AI step 11 
[15:33:23.263] [INFO   ] AI key pressed step 2 
[15:33:23.263] [INFO   ] KP step 1computer-0
[15:33:23.263] [INFO   ] creat AI step 3 
[15:33:23.264] [INFO   ] KP step 10computer-0
[15:33:23.264] [INFO   ] creat AI step 7 
[15:33:23.264] [INFO   ] AI key pressed step 3, random slot: 1
[15:33:23.264] [INFO   ] AI key pressed step 1 
[15:33:23.264] [INFO   ] creat AI step 8 
[15:33:23.265] [INFO   ] creat AI step 9 
[15:33:23.265] [INFO   ] AI key pressed step 2 
[15:33:23.265] [INFO   ] creat AI step 10 
[15:33:23.266] [INFO   ] creat AI step 11 
[15:33:23.266] [INFO   ] creat AI step 3 
[15:33:23.266] [INFO   ] creat AI step 7 
[15:33:23.266] [INFO   ] AI key pressed step 1 
[15:33:23.265] [INFO   ] KP step 1computer-1
[15:33:23.266] [INFO   ] AI key pressed step 2 
[15:33:23.266] [INFO   ] KP step 10computer-1
[15:33:23.267] [INFO   ] KP step 1computer-0
[15:33:23.267] [INFO   ] AI key pressed step 3, random slot: 10
[15:33:23.267] [INFO   ] KP step 10computer-0
[15:33:23.267] [INFO   ] creat AI step 8 
[15:33:23.267] [INFO   ] creat AI step 9 
[15:33:23.267] [INFO   ] AI key pressed step 3, random slot: 9
[15:33:23.268] [INFO   ] creat AI step 10 
[15:33:23.268] [INFO   ] creat AI step 8 
[15:33:23.268] [INFO   ] creat AI step 11 
[15:33:23.268] [INFO   ] creat AI step 9 
[15:33:23.268] [INFO   ] creat AI step 3 
[15:33:23.268] [INFO   ] creat AI step 10 
[15:33:23.269] [INFO   ] creat AI step 7 
[15:33:23.269] [INFO   ] creat AI step 11 
[15:33:23.269] [INFO   ] creat AI step 3 
[15:33:23.270] [INFO   ] creat AI step 7 
[15:33:23.269] [INFO   ] AI key pressed step 1 
[15:33:23.270] [INFO   ] AI key pressed step 1 
[15:33:23.270] [INFO   ] AI key pressed step 2 
[15:33:23.271] [INFO   ] AI key pressed step 2 
[15:33:23.271] [INFO   ] KP step 1computer-0
[15:33:23.271] [INFO   ] KP step 10computer-0
[15:33:23.271] [INFO   ] KP step 1computer-1
[15:33:23.272] [INFO   ] KP step 10computer-1
[15:33:23.271] [INFO   ] AI key pressed step 3, random slot: 9
[15:33:23.272] [INFO   ] creat AI step 8 
[15:33:23.272] [INFO   ] creat AI step 9 
[15:33:23.272] [INFO   ] creat AI step 10 
[15:33:23.273] [INFO   ] creat AI step 11 
[15:33:23.273] [INFO   ] creat AI step 3 
[15:33:23.272] [INFO   ] AI key pressed step 3, random slot: 1
[15:33:23.273] [INFO   ] creat AI step 7 
[15:33:23.274] [INFO   ] creat AI step 8 
[15:33:23.274] [INFO   ] AI key pressed step 1 
[15:33:23.275] [INFO   ] AI key pressed step 2 
[15:33:23.275] [INFO   ] creat AI step 9 
[15:33:23.275] [INFO   ] KP step 1computer-0
[15:33:23.276] [INFO   ] KP step 10computer-0
[15:33:23.276] [INFO   ] AI key pressed step 3, random slot: 0
[15:33:23.276] [INFO   ] creat AI step 8 
[15:33:23.276] [INFO   ] creat AI step 9 
[15:33:23.276] [INFO   ] creat AI step 10 
[15:33:23.276] [INFO   ] creat AI step 11 
[15:33:23.276] [INFO   ] creat AI step 3 
[15:33:23.277] [INFO   ] creat AI step 7 
[15:33:23.277] [INFO   ] AI key pressed step 1 
[15:33:23.277] [INFO   ] AI key pressed step 2 
[15:33:23.277] [INFO   ] creat AI step 10 
[15:33:23.277] [INFO   ] KP step 1computer-0
[15:33:23.277] [INFO   ] creat AI step 11 
[15:33:23.278] [INFO   ] creat AI step 3 
[15:33:23.278] [INFO   ] creat AI step 7 
[15:33:23.278] [INFO   ] AI key pressed step 1 
[15:33:23.278] [INFO   ] AI key pressed step 2 
[15:33:23.278] [INFO   ] KP step 1computer-1
[15:33:23.278] [INFO   ] KP step 10computer-0
[15:33:23.278] [INFO   ] KP step 10computer-1
[15:33:23.279] [INFO   ] AI key pressed step 3, random slot: 1
[15:33:23.278] [INFO   ] AI key pressed step 3, random slot: 2
[15:33:23.279] [INFO   ] creat AI step 8 
[15:33:23.279] [INFO   ] creat AI step 9 
[15:33:23.279] [INFO   ] creat AI step 10 
[15:33:23.279] [INFO   ] creat AI step 11 
[15:33:23.279] [INFO   ] creat AI step 3 
[15:33:23.279] [INFO   ] creat AI step 7 
[15:33:23.279] [INFO   ] AI key pressed step 1 
[15:33:23.279] [INFO   ] creat AI step 8 
[15:33:23.280] [INFO   ] AI key pressed step 2 
[15:33:23.280] [INFO   ] KP step 1computer-1
[15:33:23.280] [INFO   ] creat AI step 9 
[15:33:23.281] [INFO   ] KP step 10computer-1
[15:33:23.281] [INFO   ] creat AI step 10 
[15:33:23.281] [INFO   ] creat AI step 11 
[15:33:23.281] [INFO   ] creat AI step 3 
[15:33:23.282] [INFO   ] creat AI step 7 
[15:33:23.281] [INFO   ] AI key pressed step 3, random slot: 3
[15:33:23.282] [INFO   ] AI key pressed step 1 
[15:33:23.282] [INFO   ] AI key pressed step 2 
[15:33:23.282] [INFO   ] creat AI step 8 
[15:33:23.283] [INFO   ] KP step 1computer-0
[15:33:23.283] [INFO   ] KP step 10computer-0
[15:33:23.283] [INFO   ] AI key pressed step 3, random slot: 8
[15:33:23.284] [INFO   ] creat AI step 8 
[15:33:23.284] [INFO   ] creat AI step 9 
[15:33:23.284] [INFO   ] creat AI step 10 
[15:33:23.284] [INFO   ] creat AI step 11 
[15:33:23.284] [INFO   ] creat AI step 3 
[15:33:23.284] [INFO   ] creat AI step 7 
[15:33:23.284] [INFO   ] AI key pressed step 1 
[15:33:23.284] [INFO   ] AI key pressed step 2 
[15:33:23.285] [INFO   ] KP step 1computer-0
[15:33:23.285] [INFO   ] KP step 10computer-0
[15:33:23.285] [INFO   ] AI key pressed step 3, random slot: 0
[15:33:23.285] [INFO   ] creat AI step 8 
[15:33:23.285] [INFO   ] creat AI step 9 
[15:33:23.286] [INFO   ] creat AI step 10 
[15:33:23.286] [INFO   ] creat AI step 11 
[15:33:23.286] [INFO   ] creat AI step 3 
[15:33:23.283] [INFO   ] creat AI step 9 
[15:33:23.286] [INFO   ] creat AI step 7 
[15:33:23.286] [INFO   ] AI key pressed step 1 
[15:33:23.286] [INFO   ] AI key pressed step 2 
[15:33:23.287] [INFO   ] KP step 1computer-0
[15:33:23.287] [INFO   ] KP step 10computer-0
[15:33:23.287] [INFO   ] AI key pressed step 3, random slot: 4
[15:33:23.287] [INFO   ] creat AI step 8 
[15:33:23.287] [INFO   ] creat AI step 9 
[15:33:23.287] [INFO   ] creat AI step 10 
[15:33:23.287] [INFO   ] creat AI step 11 
[15:33:23.287] [INFO   ] creat AI step 3 
[15:33:23.287] [INFO   ] creat AI step 7 
[15:33:23.287] [INFO   ] creat AI step 10 
[15:33:23.288] [INFO   ] AI key pressed step 1 
[15:33:23.288] [INFO   ] creat AI step 11 
[15:33:23.288] [INFO   ] AI key pressed step 2 
[15:33:23.289] [INFO   ] KP step 1computer-0
[15:33:23.288] [INFO   ] creat AI step 3 
[15:33:23.289] [INFO   ] creat AI step 7 
[15:33:23.289] [INFO   ] KP step 10computer-0
[15:33:23.290] [INFO   ] AI key pressed step 3, random slot: 9
[15:33:23.291] [INFO   ] creat AI step 8 
[15:33:23.291] [INFO   ] creat AI step 9 
[15:33:23.291] [INFO   ] creat AI step 10 
[15:33:23.291] [INFO   ] creat AI step 11 
[15:33:23.291] [INFO   ] creat AI step 3 
[15:33:23.291] [INFO   ] creat AI step 7 
[15:33:23.291] [INFO   ] AI key pressed step 1 
[15:33:23.292] [INFO   ] AI key pressed step 2 
[15:33:23.292] [INFO   ] KP step 1computer-0
[15:33:23.292] [INFO   ] KP step 10computer-0
[15:33:23.292] [INFO   ] AI key pressed step 3, random slot: 6
[15:33:23.292] [INFO   ] creat AI step 8 
[15:33:23.293] [INFO   ] creat AI step 9 
[15:33:23.289] [INFO   ] AI key pressed step 1 
[15:33:23.293] [INFO   ] creat AI step 10 
[15:33:23.293] [INFO   ] creat AI step 11 
[15:33:23.293] [INFO   ] creat AI step 3 
[15:33:23.293] [INFO   ] creat AI step 7 
[15:33:23.293] [INFO   ] AI key pressed step 1 
[15:33:23.293] [INFO   ] AI key pressed step 2 
[15:33:23.294] [INFO   ] KP step 1computer-0
[15:33:23.293] [INFO   ] AI key pressed step 2 
[15:33:23.294] [INFO   ] KP step 10computer-0
[15:33:23.294] [INFO   ] AI key pressed step 3, random slot: 6
[15:33:23.294] [INFO   ] creat AI step 8 
[15:33:23.294] [INFO   ] creat AI step 9 
[15:33:23.294] [INFO   ] KP step 1computer-1
[15:33:23.295] [INFO   ] creat AI step 10 
[15:33:23.299] [INFO   ] creat AI step 11 
[15:33:23.299] [INFO   ] creat AI step 3 
[15:33:23.299] [INFO   ] creat AI step 7 
[15:33:23.299] [INFO   ] AI key pressed step 1 
[15:33:23.299] [INFO   ] AI key pressed step 2 
[15:33:23.299] [INFO   ] KP step 1computer-0
[15:33:23.299] [INFO   ] KP step 10computer-0
[15:33:23.299] [INFO   ] AI key pressed step 3, random slot: 1
[15:33:23.300] [INFO   ] creat AI step 8 
[15:33:23.300] [INFO   ] creat AI step 9 
[15:33:23.300] [INFO   ] creat AI step 10 
[15:33:23.300] [INFO   ] creat AI step 11 
[15:33:23.300] [INFO   ] creat AI step 3 
[15:33:23.301] [INFO   ] creat AI step 7 
[15:33:23.301] [INFO   ] AI key pressed step 1 
[15:33:23.301] [INFO   ] AI key pressed step 2 
[15:33:23.301] [INFO   ] KP step 1computer-0
[15:33:23.301] [INFO   ] KP step 10computer-0
[15:33:23.301] [INFO   ] AI key pressed step 3, random slot: 11
[15:33:23.301] [INFO   ] creat AI step 8 
[15:33:23.298] [INFO   ] KP step 10computer-1
[15:33:23.302] [INFO   ] AI key pressed step 3, random slot: 10
[15:33:23.301] [INFO   ] creat AI step 9 
[15:33:23.302] [INFO   ] creat AI step 10 
[15:33:23.302] [INFO   ] creat AI step 11 
[15:33:23.302] [INFO   ] creat AI step 3 
[15:33:23.302] [INFO   ] creat AI step 7 
[15:33:23.303] [INFO   ] AI key pressed step 1 
[15:33:23.303] [INFO   ] AI key pressed step 2 
[15:33:23.303] [INFO   ] KP step 1computer-0
[15:33:23.303] [INFO   ] KP step 10computer-0
[15:33:23.303] [INFO   ] AI key pressed step 3, random slot: 10
[15:33:23.303] [INFO   ] creat AI step 8 
[15:33:23.303] [INFO   ] creat AI step 9 
[15:33:23.303] [INFO   ] creat AI step 10 
[15:33:23.303] [INFO   ] creat AI step 11 
[15:33:23.303] [INFO   ] creat AI step 3 
[15:33:23.304] [INFO   ] creat AI step 7 
[15:33:23.304] [INFO   ] AI key pressed step 1 
[15:33:23.304] [INFO   ] AI key pressed step 2 
[15:33:23.304] [INFO   ] KP step 1computer-0
[15:33:23.304] [INFO   ] KP step 10computer-0
[15:33:23.304] [INFO   ] AI key pressed step 3, random slot: 4
[15:33:23.304] [INFO   ] creat AI step 8 
[15:33:23.305] [INFO   ] creat AI step 9 
[15:33:23.306] [INFO   ] creat AI step 10 
[15:33:23.306] [INFO   ] creat AI step 11 
[15:33:23.306] [INFO   ] creat AI step 3 
[15:33:23.306] [INFO   ] creat AI step 7 
[15:33:23.306] [INFO   ] AI key pressed step 1 
[15:33:23.306] [INFO   ] AI key pressed step 2 
[15:33:23.307] [INFO   ] KP step 1computer-0
[15:33:23.307] [INFO   ] KP step 10computer-0
[15:33:23.307] [INFO   ] AI key pressed step 3, random slot: 7
[15:33:23.307] [INFO   ] creat AI step 8 
[15:33:23.307] [INFO   ] creat AI step 9 
[15:33:23.308] [INFO   ] creat AI step 10 
[15:33:23.308] [INFO   ] creat AI step 11 
[15:33:23.308] [INFO   ] creat AI step 3 
[15:33:23.308] [INFO   ] creat AI step 7 
[15:33:23.309] [INFO   ] AI key pressed step 1 
[15:33:23.309] [INFO   ] AI key pressed step 2 
[15:33:23.309] [INFO   ] KP step 1computer-0
[15:33:23.309] [INFO   ] KP step 10computer-0
[15:33:23.309] [INFO   ] AI key pressed step 3, random slot: 4
[15:33:23.309] [INFO   ] creat AI step 8 
[15:33:23.309] [INFO   ] creat AI step 9 
[15:33:23.309] [INFO   ] creat AI step 10 
[15:33:23.309] [INFO   ] creat AI step 11 
[15:33:23.309] [INFO   ] creat AI step 3 
[15:33:23.310] [INFO   ] creat AI step 7 
[15:33:23.310] [INFO   ] AI key pressed step 1 
[15:33:23.310] [INFO   ] AI key pressed step 2 
[15:33:23.310] [INFO   ] KP step 1computer-0
[15:33:23.310] [INFO   ] KP step 10computer-0
[15:33:23.310] [INFO   ] AI key pressed step 3, random slot: 4
[15:33:23.310] [INFO   ] creat AI step 8 
[15:33:23.310] [INFO   ] creat AI step 9 
[15:33:23.310] [INFO   ] creat AI step 10 
[15:33:23.310] [INFO   ] creat AI step 11 
[15:33:23.310] [INFO   ] creat AI step 3 
[15:33:23.310] [INFO   ] creat AI step 7 
[15:33:23.311] [INFO   ] AI key pressed step 1 
[15:33:23.311] [INFO   ] AI key pressed step 2 
[15:33:23.311] [INFO   ] KP step 1computer-0
[15:33:23.311] [INFO   ] KP step 10computer-0
[15:33:23.311] [INFO   ] AI key pressed step 3, random slot: 10
[15:33:23.311] [INFO   ] creat AI step 8 
[15:33:23.302] [INFO   ] creat AI step 8 
[15:33:23.311] [INFO   ] creat AI step 9 
[15:33:23.311] [INFO   ] creat AI step 9 
[15:33:23.312] [INFO   ] creat AI step 10 
[15:33:23.312] [INFO   ] creat AI step 11 
[15:33:23.312] [INFO   ] creat AI step 3 
[15:33:23.312] [INFO   ] creat AI step 7 
[15:33:23.312] [INFO   ] AI key pressed step 1 
[15:33:23.313] [INFO   ] AI key pressed step 2 
[15:33:23.313] [INFO   ] KP step 1computer-0
[15:33:23.313] [INFO   ] KP step 10computer-0
[15:33:23.313] [INFO   ] AI key pressed step 3, random slot: 11
[15:33:23.313] [INFO   ] creat AI step 8 
[15:33:23.313] [INFO   ] creat AI step 9 
[15:33:23.313] [INFO   ] creat AI step 10 
[15:33:23.313] [INFO   ] creat AI step 11 
[15:33:23.314] [INFO   ] creat AI step 3 
[15:33:23.314] [INFO   ] creat AI step 7 
[15:33:23.314] [INFO   ] AI key pressed step 1 
[15:33:23.314] [INFO   ] AI key pressed step 2 
[15:33:23.314] [INFO   ] KP step 1computer-0
[15:33:23.315] [INFO   ] KP step 10computer-0
[15:33:23.315] [INFO   ] AI key pressed step 3, random slot: 10
[15:33:23.315] [INFO   ] creat AI step 8 
[15:33:23.315] [INFO   ] creat AI step 9 
[15:33:23.315] [INFO   ] creat AI step 10 
[15:33:23.315] [INFO   ] creat AI step 11 
[15:33:23.315] [INFO   ] creat AI step 3 
[15:33:23.315] [INFO   ] creat AI step 7 
[15:33:23.315] [INFO   ] AI key pressed step 1 
[15:33:23.316] [INFO   ] AI key pressed step 2 
[15:33:23.316] [INFO   ] KP step 1computer-0
[15:33:23.316] [INFO   ] KP step 10computer-0
[15:33:23.316] [INFO   ] AI key pressed step 3, random slot: 3
[15:33:23.316] [INFO   ] creat AI step 8 
[15:33:23.316] [INFO   ] creat AI step 9 
[15:33:23.316] [INFO   ] creat AI step 10 
[15:33:23.316] [INFO   ] creat AI step 11 
[15:33:23.316] [INFO   ] creat AI step 3 
[15:33:23.316] [INFO   ] creat AI step 7 
[15:33:23.316] [INFO   ] AI key pressed step 1 
[15:33:23.316] [INFO   ] AI key pressed step 2 
[15:33:23.317] [INFO   ] KP step 1computer-0
[15:33:23.317] [INFO   ] KP step 10computer-0
[15:33:23.317] [INFO   ] AI key pressed step 3, random slot: 5
[15:33:23.317] [INFO   ] creat AI step 8 
[15:33:23.317] [INFO   ] creat AI step 9 
[15:33:23.311] [INFO   ] creat AI step 10 
[15:33:23.317] [INFO   ] creat AI step 11 
[15:33:23.318] [INFO   ] creat AI step 3 
[15:33:23.317] [INFO   ] creat AI step 10 
[15:33:23.318] [INFO   ] creat AI step 11 
[15:33:23.318] [INFO   ] creat AI step 3 
[15:33:23.318] [INFO   ] creat AI step 7 
[15:33:23.318] [INFO   ] creat AI step 7 
[15:33:23.318] [INFO   ] AI key pressed step 1 
[15:33:23.318] [INFO   ] AI key pressed step 2 
[15:33:23.318] [INFO   ] KP step 1computer-1
[15:33:23.318] [INFO   ] KP step 10computer-1
[15:33:23.318] [INFO   ] AI key pressed step 3, random slot: 5
[15:33:23.318] [INFO   ] creat AI step 8 
[15:33:23.318] [INFO   ] creat AI step 9 
[15:33:23.320] [INFO   ] creat AI step 10 
[15:33:23.318] [INFO   ] AI key pressed step 1 
[15:33:23.323] [INFO   ] creat AI step 11 
[15:33:23.324] [INFO   ] creat AI step 3 
[15:33:23.324] [INFO   ] creat AI step 7 
[15:33:23.324] [INFO   ] AI key pressed step 2 
[15:33:23.324] [INFO   ] AI key pressed step 1 
[15:33:23.324] [INFO   ] KP step 1computer-0
[15:33:23.324] [INFO   ] AI key pressed step 2 
[15:33:23.325] [INFO   ] KP step 1computer-1
[15:33:23.325] [INFO   ] KP step 10computer-0
[15:33:23.326] [INFO   ] KP step 10computer-1
[15:33:23.326] [INFO   ] AI key pressed step 3, random slot: 0
[15:33:23.326] [INFO   ] AI key pressed step 3, random slot: 7
[15:33:23.326] [INFO   ] creat AI step 8 
[15:33:23.326] [INFO   ] creat AI step 9 
[15:33:23.326] [INFO   ] creat AI step 8 
[15:33:23.326] [INFO   ] creat AI step 9 
[15:33:23.327] [INFO   ] creat AI step 10 
[15:33:23.327] [INFO   ] creat AI step 11 
[15:33:23.326] [INFO   ] creat AI step 10 
[15:33:23.327] [INFO   ] creat AI step 3 
[15:33:23.327] [INFO   ] creat AI step 7 
[15:33:23.327] [INFO   ] AI key pressed step 1 
[15:33:23.327] [INFO   ] AI key pressed step 2 
[15:33:23.327] [INFO   ] KP step 1computer-1
[15:33:23.327] [INFO   ] KP step 10computer-1
[15:33:23.327] [INFO   ] AI key pressed step 3, random slot: 8
[15:33:23.327] [INFO   ] creat AI step 8 
[15:33:23.327] [INFO   ] creat AI step 9 
[15:33:23.328] [INFO   ] creat AI step 10 
[15:33:23.328] [INFO   ] creat AI step 11 
[15:33:23.328] [INFO   ] creat AI step 3 
[15:33:23.328] [INFO   ] creat AI step 7 
[15:33:23.328] [INFO   ] AI key pressed step 1 
[15:33:23.329] [INFO   ] AI key pressed step 2 
[15:33:23.329] [INFO   ] KP step 1computer-1
[15:33:23.329] [INFO   ] KP step 10computer-1
[15:33:23.329] [INFO   ] AI key pressed step 3, random slot: 11
[15:33:23.329] [INFO   ] creat AI step 8 
[15:33:23.329] [INFO   ] creat AI step 9 
[15:33:23.329] [INFO   ] creat AI step 10 
[15:33:23.329] [INFO   ] creat AI step 11 
[15:33:23.329] [INFO   ] creat AI step 3 
[15:33:23.330] [INFO   ] creat AI step 7 
[15:33:23.330] [INFO   ] AI key pressed step 1 
[15:33:23.330] [INFO   ] AI key pressed step 2 
[15:33:23.330] [INFO   ] KP step 1computer-1
[15:33:23.330] [INFO   ] KP step 10computer-1
[15:33:23.330] [INFO   ] AI key pressed step 3, random slot: 8
[15:33:23.330] [INFO   ] creat AI step 8 
[15:33:23.330] [INFO   ] creat AI step 9 
[15:33:23.330] [INFO   ] creat AI step 10 
[15:33:23.330] [INFO   ] creat AI step 11 
[15:33:23.330] [INFO   ] creat AI step 3 
[15:33:23.330] [INFO   ] creat AI step 7 
[15:33:23.330] [INFO   ] AI key pressed step 1 
[15:33:23.330] [INFO   ] AI key pressed step 2 
[15:33:23.331] [INFO   ] KP step 1computer-1
[15:33:23.331] [INFO   ] KP step 10computer-1
[15:33:23.327] [INFO   ] creat AI step 11 
[15:33:23.331] [INFO   ] creat AI step 3 
[15:33:23.331] [INFO   ] creat AI step 7 
[15:33:23.331] [INFO   ] AI key pressed step 1 
[15:33:23.331] [INFO   ] AI key pressed step 2 
[15:33:23.331] [INFO   ] KP step 1computer-0
[15:33:23.331] [INFO   ] KP step 10computer-0
[15:33:23.332] [INFO   ] AI key pressed step 3, random slot: 10
[15:33:23.332] [INFO   ] creat AI step 8 
[15:33:23.332] [INFO   ] creat AI step 9 
[15:33:23.332] [INFO   ] creat AI step 10 
[15:33:23.331] [INFO   ] AI key pressed step 3, random slot: 8
[15:33:23.333] [INFO   ] creat AI step 8 
[15:33:23.332] [INFO   ] creat AI step 11 
[15:33:23.333] [INFO   ] creat AI step 3 
[15:33:23.333] [INFO   ] creat AI step 9 
[15:33:23.333] [INFO   ] creat AI step 7 
[15:33:23.333] [INFO   ] creat AI step 10 
[15:33:23.333] [INFO   ] AI key pressed step 1 
[15:33:23.333] [INFO   ] creat AI step 11 
[15:33:23.333] [INFO   ] AI key pressed step 2 
[15:33:23.334] [INFO   ] KP step 1computer-0
[15:33:23.333] [INFO   ] creat AI step 3 
[15:33:23.334] [INFO   ] KP step 10computer-0
[15:33:23.334] [INFO   ] creat AI step 7 
[15:33:23.334] [INFO   ] AI key pressed step 1 
[15:33:23.334] [INFO   ] AI key pressed step 3, random slot: 10
[15:33:23.334] [INFO   ] creat AI step 8 
[15:33:23.335] [INFO   ] creat AI step 9 
[15:33:23.335] [INFO   ] creat AI step 10 
[15:33:23.335] [INFO   ] creat AI step 11 
[15:33:23.336] [INFO   ] creat AI step 3 
[15:33:23.336] [INFO   ] creat AI step 7 
[15:33:23.336] [INFO   ] AI key pressed step 1 
[15:33:23.336] [INFO   ] AI key pressed step 2 
[15:33:23.336] [INFO   ] KP step 1computer-0
[15:33:23.336] [INFO   ] KP step 10computer-0
[15:33:23.336] [INFO   ] AI key pressed step 3, random slot: 8
[15:33:23.336] [INFO   ] creat AI step 8 
[15:33:23.336] [INFO   ] creat AI step 9 
[15:33:23.336] [INFO   ] creat AI step 10 
[15:33:23.336] [INFO   ] creat AI step 11 
[15:33:23.336] [INFO   ] creat AI step 3 
[15:33:23.336] [INFO   ] creat AI step 7 
[15:33:23.336] [INFO   ] AI key pressed step 1 
[15:33:23.336] [INFO   ] AI key pressed step 2 
[15:33:23.337] [INFO   ] KP step 1computer-0
[15:33:23.337] [INFO   ] KP step 10computer-0
[15:33:23.337] [INFO   ] AI key pressed step 3, random slot: 4
[15:33:23.337] [INFO   ] creat AI step 8 
[15:33:23.334] [INFO   ] AI key pressed step 2 
[15:33:23.337] [INFO   ] creat AI step 9 
[15:33:23.337] [INFO   ] KP step 1computer-1
[15:33:23.337] [INFO   ] creat AI step 10 
[15:33:23.338] [INFO   ] creat AI step 11 
[15:33:23.338] [INFO   ] creat AI step 3 
[15:33:23.338] [INFO   ] creat AI step 7 
[15:33:23.338] [INFO   ] AI key pressed step 1 
[15:33:23.337] [INFO   ] KP step 10computer-1
[15:33:23.338] [INFO   ] AI key pressed step 2 
[15:33:23.338] [INFO   ] AI key pressed step 3, random slot: 4
[15:33:23.338] [INFO   ] creat AI step 8 
[15:33:23.338] [INFO   ] KP step 1computer-0
[15:33:23.338] [INFO   ] creat AI step 9 
[15:33:23.338] [INFO   ] KP step 10computer-0
[15:33:23.338] [INFO   ] AI key pressed step 3, random slot: 3
[15:33:23.338] [INFO   ] creat AI step 8 
[15:33:23.338] [INFO   ] creat AI step 9 
[15:33:23.338] [INFO   ] creat AI step 10 
[15:33:23.340] [INFO   ] creat AI step 10 
[15:33:23.340] [INFO   ] creat AI step 11 
[15:33:23.340] [INFO   ] creat AI step 3 
[15:33:23.340] [INFO   ] creat AI step 11 
[15:33:23.340] [INFO   ] creat AI step 3 
[15:33:23.340] [INFO   ] creat AI step 7 
[15:33:23.341] [INFO   ] AI key pressed step 1 
[15:33:23.340] [INFO   ] creat AI step 7 
[15:33:23.341] [INFO   ] AI key pressed step 1 
[15:33:23.341] [INFO   ] AI key pressed step 2 
[15:33:23.341] [INFO   ] AI key pressed step 2 
[15:33:23.341] [INFO   ] KP step 1computer-1
[15:33:23.341] [INFO   ] KP step 1computer-0
[15:33:23.341] [INFO   ] KP step 10computer-1
[15:33:23.341] [INFO   ] KP step 10computer-0
[15:33:23.342] [INFO   ] AI key pressed step 3, random slot: 6
[15:33:23.342] [INFO   ] AI key pressed step 3, random slot: 5
[15:33:23.342] [INFO   ] creat AI step 8 
[15:33:23.342] [INFO   ] creat AI step 9 
[15:33:23.342] [INFO   ] creat AI step 8 
[15:33:23.342] [INFO   ] creat AI step 10 
[15:33:23.342] [INFO   ] creat AI step 9 
[15:33:23.343] [INFO   ] creat AI step 11 
[15:33:23.343] [INFO   ] creat AI step 3 
[15:33:23.343] [INFO   ] creat AI step 10 
[15:33:23.343] [INFO   ] creat AI step 11 
[15:33:23.343] [INFO   ] creat AI step 3 
[15:33:23.343] [INFO   ] creat AI step 7 
[15:33:23.343] [INFO   ] AI key pressed step 1 
[15:33:23.343] [INFO   ] AI key pressed step 2 
[15:33:23.343] [INFO   ] creat AI step 7 
[15:33:23.343] [INFO   ] AI key pressed step 1 
[15:33:23.343] [INFO   ] KP step 1computer-1
[15:33:23.344] [INFO   ] KP step 10computer-1
[15:33:23.344] [INFO   ] AI key pressed step 3, random slot: 5
[15:33:23.344] [INFO   ] creat AI step 8 
[15:33:23.344] [INFO   ] creat AI step 9 
[15:33:23.344] [INFO   ] creat AI step 10 
[15:33:23.344] [INFO   ] creat AI step 11 
[15:33:23.344] [INFO   ] creat AI step 3 
[15:33:23.344] [INFO   ] creat AI step 7 
[15:33:23.344] [INFO   ] AI key pressed step 1 
[15:33:23.344] [INFO   ] AI key pressed step 2 
[15:33:23.345] [INFO   ] KP step 1computer-1
[15:33:23.345] [INFO   ] KP step 10computer-1
[15:33:23.345] [INFO   ] AI key pressed step 3, random slot: 9
[15:33:23.345] [INFO   ] creat AI step 8 
[15:33:23.345] [INFO   ] creat AI step 9 
[15:33:23.344] [INFO   ] AI key pressed step 2 
[15:33:23.345] [INFO   ] KP step 1computer-0
[15:33:23.345] [INFO   ] KP step 10computer-0
[15:33:23.345] [INFO   ] AI key pressed step 3, random slot: 8
[15:33:23.345] [INFO   ] creat AI step 8 
[15:33:23.345] [INFO   ] creat AI step 9 
[15:33:23.346] [INFO   ] creat AI step 10 
[15:33:23.346] [INFO   ] creat AI step 11 
[15:33:23.346] [INFO   ] creat AI step 3 
[15:33:23.346] [INFO   ] creat AI step 7 
[15:33:23.346] [INFO   ] AI key pressed step 1 
[15:33:23.346] [INFO   ] AI key pressed step 2 
[15:33:23.346] [INFO   ] KP step 1computer-0
[15:33:23.346] [INFO   ] KP step 10computer-0
[15:33:23.346] [INFO   ] AI key pressed step 3, random slot: 9
[15:33:23.345] [INFO   ] creat AI step 10 
[15:33:23.346] [INFO   ] creat AI step 11 
[15:33:23.346] [INFO   ] creat AI step 8 
[15:33:23.347] [INFO   ] creat AI step 9 
[15:33:23.346] [INFO   ] creat AI step 3 
[15:33:23.347] [INFO   ] creat AI step 7 
[15:33:23.347] [INFO   ] AI key pressed step 1 
[15:33:23.347] [INFO   ] creat AI step 10 
[15:33:23.347] [INFO   ] AI key pressed step 2 
[15:33:23.347] [INFO   ] creat AI step 11 
[15:33:23.347] [INFO   ] KP step 1computer-1
[15:33:23.348] [INFO   ] creat AI step 3 
[15:33:23.348] [INFO   ] creat AI step 7 
[15:33:23.348] [INFO   ] AI key pressed step 1 
[15:33:23.348] [INFO   ] AI key pressed step 2 
[15:33:23.348] [INFO   ] KP step 10computer-1
[15:33:23.348] [INFO   ] KP step 1computer-0
[15:33:23.348] [INFO   ] KP step 10computer-0
[15:33:23.348] [INFO   ] AI key pressed step 3, random slot: 4
[15:33:23.348] [INFO   ] AI key pressed step 3, random slot: 1
[15:33:23.348] [INFO   ] creat AI step 8 
[15:33:23.348] [INFO   ] creat AI step 9 
[15:33:23.348] [INFO   ] creat AI step 8 
[15:33:23.349] [INFO   ] creat AI step 9 
[15:33:23.349] [INFO   ] creat AI step 10 
[15:33:23.349] [INFO   ] creat AI step 11 
[15:33:23.349] [INFO   ] creat AI step 3 
[15:33:23.349] [INFO   ] creat AI step 7 
[15:33:23.349] [INFO   ] AI key pressed step 1 
[15:33:23.349] [INFO   ] creat AI step 10 
[15:33:23.349] [INFO   ] creat AI step 11 
[15:33:23.349] [INFO   ] AI key pressed step 2 
[15:33:23.349] [INFO   ] creat AI step 3 
[15:33:23.349] [INFO   ] KP step 1computer-0
[15:33:23.350] [INFO   ] creat AI step 7 
[15:33:23.350] [INFO   ] AI key pressed step 1 
[15:33:23.350] [INFO   ] KP step 10computer-0
[15:33:23.350] [INFO   ] AI key pressed step 2 
[15:33:23.350] [INFO   ] AI key pressed step 3, random slot: 9
[15:33:23.351] [INFO   ] creat AI step 8 
[15:33:23.350] [INFO   ] KP step 1computer-1
[15:33:23.351] [INFO   ] KP step 10computer-1
[15:33:23.351] [INFO   ] creat AI step 9 
[15:33:23.351] [INFO   ] creat AI step 10 
[15:33:23.351] [INFO   ] creat AI step 11 
[15:33:23.351] [INFO   ] creat AI step 3 
[15:33:23.351] [INFO   ] creat AI step 7 
[15:33:23.351] [INFO   ] AI key pressed step 1 
[15:33:23.351] [INFO   ] AI key pressed step 2 
[15:33:23.351] [INFO   ] KP step 1computer-0
[15:33:23.351] [INFO   ] KP step 10computer-0
[15:33:23.351] [INFO   ] AI key pressed step 3, random slot: 0
[15:33:23.352] [INFO   ] creat AI step 8 
[15:33:23.352] [INFO   ] AI key pressed step 3, random slot: 8
[15:33:23.352] [INFO   ] creat AI step 8 
[15:33:23.352] [INFO   ] creat AI step 9 
[15:33:23.352] [INFO   ] creat AI step 9 
[15:33:23.352] [INFO   ] creat AI step 10 
[15:33:23.352] [INFO   ] creat AI step 10 
[15:33:23.352] [INFO   ] creat AI step 11 
[15:33:23.352] [INFO   ] creat AI step 3 
[15:33:23.352] [INFO   ] creat AI step 7 
[15:33:23.352] [INFO   ] creat AI step 11 
[15:33:23.353] [INFO   ] creat AI step 3 
[15:33:23.353] [INFO   ] AI key pressed step 1 
[15:33:23.353] [INFO   ] creat AI step 7 
[15:33:23.353] [INFO   ] AI key pressed step 2 
[15:33:23.353] [INFO   ] AI key pressed step 1 
[15:33:23.353] [INFO   ] KP step 1computer-1
[15:33:23.353] [INFO   ] AI key pressed step 2 
[15:33:23.353] [INFO   ] KP step 1computer-0
[15:33:23.353] [INFO   ] KP step 10computer-1
[15:33:23.353] [INFO   ] KP step 10computer-0
[15:33:23.354] [INFO   ] AI key pressed step 3, random slot: 4
[15:33:23.354] [INFO   ] creat AI step 8 
[15:33:23.354] [INFO   ] creat AI step 9 
[15:33:23.354] [INFO   ] AI key pressed step 3, random slot: 1
[15:33:23.354] [INFO   ] creat AI step 10 
[15:33:23.354] [INFO   ] creat AI step 11 
[15:33:23.354] [INFO   ] creat AI step 3 
[15:33:23.354] [INFO   ] creat AI step 7 
[15:33:23.354] [INFO   ] AI key pressed step 1 
[15:33:23.354] [INFO   ] creat AI step 8 
[15:33:23.354] [INFO   ] creat AI step 9 
[15:33:23.354] [INFO   ] AI key pressed step 2 
[15:33:23.354] [INFO   ] creat AI step 10 
[15:33:23.355] [INFO   ] creat AI step 11 
[15:33:23.355] [INFO   ] creat AI step 3 
[15:33:23.354] [INFO   ] KP step 1computer-0
[15:33:23.355] [INFO   ] creat AI step 7 
[15:33:23.355] [INFO   ] AI key pressed step 1 
[15:33:23.355] [INFO   ] AI key pressed step 2 
[15:33:23.355] [INFO   ] KP step 10computer-0
[15:33:23.355] [INFO   ] KP step 1computer-1
[15:33:23.355] [INFO   ] KP step 10computer-1
[15:33:23.355] [INFO   ] AI key pressed step 3, random slot: 3
[15:33:23.355] [INFO   ] creat AI step 8 
[15:33:23.355] [INFO   ] creat AI step 9 
[15:33:23.356] [INFO   ] creat AI step 10 
[15:33:23.356] [INFO   ] creat AI step 11 
[15:33:23.356] [INFO   ] creat AI step 3 
[15:33:23.356] [INFO   ] creat AI step 7 
[15:33:23.356] [INFO   ] AI key pressed step 1 
[15:33:23.356] [INFO   ] AI key pressed step 2 
[15:33:23.356] [INFO   ] KP step 1computer-0
[15:33:23.356] [INFO   ] KP step 10computer-0
[15:33:23.356] [INFO   ] AI key pressed step 3, random slot: 11
[15:33:23.356] [INFO   ] creat AI step 8 
[15:33:23.356] [INFO   ] creat AI step 9 
[15:33:23.357] [INFO   ] creat AI step 10 
[15:33:23.357] [INFO   ] creat AI step 11 
[15:33:23.357] [INFO   ] creat AI step 3 
[15:33:23.357] [INFO   ] creat AI step 7 
[15:33:23.357] [INFO   ] AI key pressed step 1 
[15:33:23.357] [INFO   ] AI key pressed step 2 
[15:33:23.357] [INFO   ] KP step 1computer-0
[15:33:23.357] [INFO   ] KP step 10computer-0
[15:33:23.357] [INFO   ] AI key pressed step 3, random slot: 6
[15:33:23.357] [INFO   ] creat AI step 8 
[15:33:23.357] [INFO   ] creat AI step 9 
[15:33:23.357] [INFO   ] creat AI step 10 
[15:33:23.357] [INFO   ] creat AI step 11 
[15:33:23.358] [INFO   ] creat AI step 3 
[15:33:23.358] [INFO   ] creat AI step 7 
[15:33:23.358] [INFO   ] AI key pressed step 1 
[15:33:23.355] [INFO   ] AI key pressed step 3, random slot: 9
[15:33:23.358] [INFO   ] creat AI step 8 
[15:33:23.358] [INFO   ] creat AI step 9 
[15:33:23.358] [INFO   ] AI key pressed step 2 
[15:33:23.358] [INFO   ] creat AI step 10 
[15:33:23.358] [INFO   ] creat AI step 11 
[15:33:23.358] [INFO   ] KP step 1computer-0
[15:33:23.359] [INFO   ] KP step 10computer-0
[15:33:23.358] [INFO   ] creat AI step 3 
[15:33:23.359] [INFO   ] creat AI step 7 
[15:33:23.359] [INFO   ] AI key pressed step 3, random slot: 5
[15:33:23.359] [INFO   ] creat AI step 8 
[15:33:23.359] [INFO   ] AI key pressed step 1 
[15:33:23.359] [INFO   ] creat AI step 9 
[15:33:23.359] [INFO   ] AI key pressed step 2 
[15:33:23.359] [INFO   ] creat AI step 10 
[15:33:23.359] [INFO   ] creat AI step 11 
[15:33:23.359] [INFO   ] creat AI step 3 
[15:33:23.359] [INFO   ] creat AI step 7 
[15:33:23.359] [INFO   ] AI key pressed step 1 
[15:33:23.359] [INFO   ] KP step 1computer-1
[15:33:23.359] [INFO   ] AI key pressed step 2 
[15:33:23.359] [INFO   ] KP step 10computer-1
[15:33:23.359] [INFO   ] KP step 1computer-0
[15:33:23.359] [INFO   ] AI key pressed step 3, random slot: 4
[15:33:23.360] [INFO   ] creat AI step 8 
[15:33:23.360] [INFO   ] KP step 10computer-0
[15:33:23.360] [INFO   ] AI key pressed step 3, random slot: 10
[15:33:23.360] [INFO   ] creat AI step 8 
[15:33:23.360] [INFO   ] creat AI step 9 
[15:33:23.360] [INFO   ] creat AI step 9 
[15:33:23.360] [INFO   ] creat AI step 10 
[15:33:23.360] [INFO   ] creat AI step 10 
[15:33:23.360] [INFO   ] creat AI step 11 
[15:33:23.360] [INFO   ] creat AI step 3 
[15:33:23.361] [INFO   ] creat AI step 7 
[15:33:23.361] [INFO   ] AI key pressed step 1 
[15:33:23.361] [INFO   ] AI key pressed step 2 
[15:33:23.360] [INFO   ] creat AI step 11 
[15:33:23.361] [INFO   ] KP step 1computer-0
[15:33:23.361] [INFO   ] KP step 10computer-0
[15:33:23.361] [INFO   ] creat AI step 3 
[15:33:23.361] [INFO   ] AI key pressed step 3, random slot: 7
[15:33:23.361] [INFO   ] creat AI step 8 
[15:33:23.361] [INFO   ] creat AI step 9 
[15:33:23.361] [INFO   ] creat AI step 7 
[15:33:23.362] [INFO   ] AI key pressed step 1 
[15:33:23.362] [INFO   ] creat AI step 10 
[15:33:23.362] [INFO   ] creat AI step 11 
[15:33:23.362] [INFO   ] AI key pressed step 2 
[15:33:23.362] [INFO   ] creat AI step 3 
[15:33:23.363] [INFO   ] creat AI step 7 
[15:33:23.363] [INFO   ] AI key pressed step 1 
[15:33:23.362] [INFO   ] KP step 1computer-1
[15:33:23.363] [INFO   ] AI key pressed step 2 
[15:33:23.363] [INFO   ] KP step 10computer-1
[15:33:23.363] [INFO   ] KP step 1computer-0
[15:33:23.363] [INFO   ] AI key pressed step 3, random slot: 7
[15:33:23.363] [INFO   ] creat AI step 8 
[15:33:23.363] [INFO   ] KP step 10computer-0
[15:33:23.363] [INFO   ] creat AI step 9 
[15:33:23.363] [INFO   ] AI key pressed step 3, random slot: 7
[15:33:23.363] [INFO   ] creat AI step 10 
[15:33:23.363] [INFO   ] creat AI step 8 
[15:33:23.364] [INFO   ] creat AI step 9 
[15:33:23.364] [INFO   ] creat AI step 11 
[15:33:23.364] [INFO   ] creat AI step 3 
[15:33:23.364] [INFO   ] creat AI step 10 
[15:33:23.364] [INFO   ] creat AI step 11 
[15:33:23.364] [INFO   ] creat AI step 3 
[15:33:23.364] [INFO   ] creat AI step 7 
[15:33:23.364] [INFO   ] AI key pressed step 1 
[15:33:23.364] [INFO   ] creat AI step 7 
[15:33:23.364] [INFO   ] AI key pressed step 2 
[15:33:23.364] [INFO   ] AI key pressed step 1 
[15:33:23.364] [INFO   ] AI key pressed step 2 
[15:33:23.364] [INFO   ] KP step 1computer-1
[15:33:23.364] [INFO   ] KP step 10computer-1
[15:33:23.364] [INFO   ] AI key pressed step 3, random slot: 11
[15:33:23.364] [INFO   ] creat AI step 8 
[15:33:23.365] [INFO   ] creat AI step 9 
[15:33:23.364] [INFO   ] KP step 1computer-0
[15:33:23.365] [INFO   ] creat AI step 10 
[15:33:23.365] [INFO   ] creat AI step 11 
[15:33:23.365] [INFO   ] KP step 10computer-0
[15:33:23.365] [INFO   ] creat AI step 3 
[15:33:23.365] [INFO   ] AI key pressed step 3, random slot: 4
[15:33:23.365] [INFO   ] creat AI step 8 
[15:33:23.365] [INFO   ] creat AI step 7 
[15:33:23.365] [INFO   ] creat AI step 9 
[15:33:23.365] [INFO   ] AI key pressed step 1 
[15:33:23.365] [INFO   ] creat AI step 10 
[15:33:23.365] [INFO   ] AI key pressed step 2 
[15:33:23.366] [INFO   ] creat AI step 11 
[15:33:23.366] [INFO   ] creat AI step 3 
[15:33:23.366] [INFO   ] creat AI step 7 
[15:33:23.366] [INFO   ] AI key pressed step 1 
[15:33:23.366] [INFO   ] KP step 1computer-1
[15:33:23.366] [INFO   ] AI key pressed step 2 
[15:33:23.366] [INFO   ] KP step 10computer-1
[15:33:23.366] [INFO   ] AI key pressed step 3, random slot: 11
[15:33:23.366] [INFO   ] KP step 1computer-0
[15:33:23.366] [INFO   ] KP step 10computer-0
[15:33:23.366] [INFO   ] AI key pressed step 3, random slot: 3
[15:33:23.366] [INFO   ] creat AI step 8 
[15:33:23.366] [INFO   ] creat AI step 9 
[15:33:23.366] [INFO   ] creat AI step 8 
[15:33:23.367] [INFO   ] creat AI step 9 
[15:33:23.367] [INFO   ] creat AI step 10 
[15:33:23.367] [INFO   ] creat AI step 11 
[15:33:23.367] [INFO   ] creat AI step 3 
[15:33:23.367] [INFO   ] creat AI step 7 
[15:33:23.367] [INFO   ] AI key pressed step 1 
[15:33:23.367] [INFO   ] creat AI step 10 
[15:33:23.367] [INFO   ] AI key pressed step 2 
[15:33:23.367] [INFO   ] creat AI step 11 
[15:33:23.367] [INFO   ] creat AI step 3 
[15:33:23.367] [INFO   ] KP step 1computer-0
[15:33:23.368] [INFO   ] KP step 10computer-0
[15:33:23.368] [INFO   ] creat AI step 7 
[15:33:23.368] [INFO   ] AI key pressed step 1 
[15:33:23.368] [INFO   ] AI key pressed step 3, random slot: 3
[15:33:23.368] [INFO   ] creat AI step 8 
[15:33:23.368] [INFO   ] AI key pressed step 2 
[15:33:23.368] [INFO   ] KP step 1computer-1
[15:33:23.368] [INFO   ] creat AI step 9 
[15:33:23.368] [INFO   ] KP step 10computer-1
[15:33:23.368] [INFO   ] creat AI step 10 
[15:33:23.368] [INFO   ] creat AI step 11 
[15:33:23.368] [INFO   ] creat AI step 3 
[15:33:23.368] [INFO   ] creat AI step 7 
[15:33:23.368] [INFO   ] AI key pressed step 1 
[15:33:23.368] [INFO   ] AI key pressed step 3, random slot: 1
[15:33:23.368] [INFO   ] creat AI step 8 
[15:33:23.368] [INFO   ] AI key pressed step 2 
[15:33:23.369] [INFO   ] creat AI step 9 
[15:33:23.369] [INFO   ] KP step 1computer-0
[15:33:23.370] [INFO   ] KP step 10computer-0
[15:33:23.370] [INFO   ] AI key pressed step 3, random slot: 6
[15:33:23.370] [INFO   ] creat AI step 8 
[15:33:23.370] [INFO   ] creat AI step 9 
[15:33:23.369] [INFO   ] creat AI step 10 
[15:33:23.370] [INFO   ] creat AI step 11 
[15:33:23.370] [INFO   ] creat AI step 3 
[15:33:23.370] [INFO   ] creat AI step 7 
[15:33:23.370] [INFO   ] AI key pressed step 1 
[15:33:23.370] [INFO   ] creat AI step 10 
[15:33:23.370] [INFO   ] creat AI step 11 
[15:33:23.370] [INFO   ] AI key pressed step 2 
[15:33:23.370] [INFO   ] creat AI step 3 
[15:33:23.371] [INFO   ] KP step 1computer-1
[15:33:23.371] [INFO   ] creat AI step 7 
[15:33:23.371] [INFO   ] AI key pressed step 1 
[15:33:23.371] [INFO   ] KP step 10computer-1
[15:33:23.371] [INFO   ] AI key pressed step 2 
[15:33:23.371] [INFO   ] AI key pressed step 3, random slot: 6
[15:33:23.371] [INFO   ] KP step 1computer-0
[15:33:23.372] [INFO   ] KP step 10computer-0
[15:33:23.372] [INFO   ] AI key pressed step 3, random slot: 9
[15:33:23.372] [INFO   ] creat AI step 8 
[15:33:23.372] [INFO   ] creat AI step 9 
[15:33:23.372] [INFO   ] creat AI step 8 
[15:33:23.372] [INFO   ] creat AI step 10 
[15:33:23.372] [INFO   ] creat AI step 11 
[15:33:23.372] [INFO   ] creat AI step 3 
[15:33:23.372] [INFO   ] creat AI step 7 
[15:33:23.372] [INFO   ] AI key pressed step 1 
[15:33:23.372] [INFO   ] AI key pressed step 2 
[15:33:23.372] [INFO   ] KP step 1computer-0
[15:33:23.372] [INFO   ] creat AI step 9 
[15:33:23.372] [INFO   ] KP step 10computer-0
[15:33:23.372] [INFO   ] AI key pressed step 3, random slot: 10
[15:33:23.373] [INFO   ] creat AI step 8 
[15:33:23.373] [INFO   ] creat AI step 9 
[15:33:23.372] [INFO   ] creat AI step 10 
[15:33:23.373] [INFO   ] creat AI step 11 
[15:33:23.373] [INFO   ] creat AI step 3 
[15:33:23.373] [INFO   ] creat AI step 7 
[15:33:23.373] [INFO   ] AI key pressed step 1 
[15:33:23.373] [INFO   ] creat AI step 10 
[15:33:23.373] [INFO   ] AI key pressed step 2 
[15:33:23.373] [INFO   ] creat AI step 11 
[15:33:23.373] [INFO   ] KP step 1computer-1
[15:33:23.373] [INFO   ] creat AI step 3 
[15:33:23.373] [INFO   ] creat AI step 7 
[15:33:23.373] [INFO   ] KP step 10computer-1
[15:33:23.373] [INFO   ] AI key pressed step 1 
[15:33:23.374] [INFO   ] AI key pressed step 2 
[15:33:23.374] [INFO   ] KP step 1computer-0
[15:33:23.374] [INFO   ] KP step 10computer-0
[15:33:23.374] [INFO   ] AI key pressed step 3, random slot: 9
[15:33:23.374] [INFO   ] creat AI step 8 
[15:33:23.374] [INFO   ] creat AI step 9 
[15:33:23.374] [INFO   ] creat AI step 10 
[15:33:23.374] [INFO   ] creat AI step 11 
[15:33:23.374] [INFO   ] creat AI step 3 
[15:33:23.374] [INFO   ] creat AI step 7 
[15:33:23.374] [INFO   ] AI key pressed step 1 
[15:33:23.373] [INFO   ] AI key pressed step 3, random slot: 9
[15:33:23.374] [INFO   ] creat AI step 8 
[15:33:23.374] [INFO   ] AI key pressed step 2 
[15:33:23.375] [INFO   ] KP step 1computer-0
[15:33:23.375] [INFO   ] KP step 10computer-0
[15:33:23.375] [INFO   ] AI key pressed step 3, random slot: 3
[15:33:23.375] [INFO   ] creat AI step 8 
[15:33:23.375] [INFO   ] creat AI step 9 
[15:33:23.374] [INFO   ] creat AI step 9 
[15:33:23.375] [INFO   ] creat AI step 10 
[15:33:23.375] [INFO   ] creat AI step 11 
[15:33:23.375] [INFO   ] creat AI step 3 
[15:33:23.375] [INFO   ] creat AI step 7 
[15:33:23.376] [INFO   ] AI key pressed step 1 
[15:33:23.376] [INFO   ] AI key pressed step 2 
[15:33:23.376] [INFO   ] KP step 1computer-0
[15:33:23.376] [INFO   ] KP step 10computer-0
[15:33:23.376] [INFO   ] AI key pressed step 3, random slot: 3
[15:33:23.376] [INFO   ] creat AI step 8 
[15:33:23.376] [INFO   ] creat AI step 9 
[15:33:23.376] [INFO   ] creat AI step 10 
[15:33:23.376] [INFO   ] creat AI step 11 
[15:33:23.376] [INFO   ] creat AI step 10 
[15:33:23.378] [INFO   ] creat AI step 11 
[15:33:23.378] [INFO   ] creat AI step 3 
[15:33:23.378] [INFO   ] creat AI step 3 
[15:33:23.378] [INFO   ] creat AI step 7 
[15:33:23.378] [INFO   ] creat AI step 7 
[15:33:23.378] [INFO   ] AI key pressed step 1 
[15:33:23.379] [INFO   ] AI key pressed step 2 
[15:33:23.379] [INFO   ] KP step 1computer-0
[15:33:23.379] [INFO   ] KP step 10computer-0
[15:33:23.379] [INFO   ] AI key pressed step 3, random slot: 0
[15:33:23.379] [INFO   ] creat AI step 8 
[15:33:23.380] [INFO   ] creat AI step 9 
[15:33:23.380] [INFO   ] creat AI step 10 
[15:33:23.379] [INFO   ] AI key pressed step 1 
[15:33:23.381] [INFO   ] creat AI step 11 
[15:33:23.381] [INFO   ] creat AI step 3 
[15:33:23.381] [INFO   ] creat AI step 7 
[15:33:23.381] [INFO   ] AI key pressed step 1 
[15:33:23.381] [INFO   ] AI key pressed step 2 
[15:33:23.381] [INFO   ] KP step 1computer-0
[15:33:23.381] [INFO   ] KP step 10computer-0
[15:33:23.381] [INFO   ] AI key pressed step 3, random slot: 2
[15:33:23.381] [INFO   ] creat AI step 8 
[15:33:23.381] [INFO   ] creat AI step 9 
[15:33:23.381] [INFO   ] creat AI step 10 
[15:33:23.381] [INFO   ] creat AI step 11 
[15:33:23.382] [INFO   ] creat AI step 3 
[15:33:23.382] [INFO   ] creat AI step 7 
[15:33:23.382] [INFO   ] AI key pressed step 1 
[15:33:23.382] [INFO   ] AI key pressed step 2 
[15:33:23.382] [INFO   ] KP step 1computer-0
[15:33:23.382] [INFO   ] KP step 10computer-0
[15:33:23.382] [INFO   ] AI key pressed step 3, random slot: 2
[15:33:23.382] [INFO   ] creat AI step 8 
[15:33:23.382] [INFO   ] creat AI step 9 
[15:33:23.381] [INFO   ] AI key pressed step 2 
[15:33:23.382] [INFO   ] creat AI step 10 
[15:33:23.383] [INFO   ] creat AI step 11 
[15:33:23.383] [INFO   ] creat AI step 3 
[15:33:23.383] [INFO   ] creat AI step 7 
[15:33:23.383] [INFO   ] AI key pressed step 1 
[15:33:23.383] [INFO   ] AI key pressed step 2 
[15:33:23.383] [INFO   ] KP step 1computer-0
[15:33:23.383] [INFO   ] KP step 10computer-0
[15:33:23.383] [INFO   ] AI key pressed step 3, random slot: 6
[15:33:23.383] [INFO   ] creat AI step 8 
[15:33:23.383] [INFO   ] creat AI step 9 
[15:33:23.383] [INFO   ] creat AI step 10 
[15:33:23.383] [INFO   ] creat AI step 11 
[15:33:23.383] [INFO   ] creat AI step 3 
[15:33:23.383] [INFO   ] creat AI step 7 
[15:33:23.383] [INFO   ] AI key pressed step 1 
[15:33:23.383] [INFO   ] AI key pressed step 2 
[15:33:23.383] [INFO   ] KP step 1computer-0
[15:33:23.384] [INFO   ] KP step 10computer-0
[15:33:23.384] [INFO   ] AI key pressed step 3, random slot: 0
[15:33:23.384] [INFO   ] creat AI step 8 
[15:33:23.384] [INFO   ] creat AI step 9 
[15:33:23.384] [INFO   ] KP step 1computer-1
[15:33:23.384] [INFO   ] creat AI step 10 
[15:33:23.384] [INFO   ] creat AI step 11 
[15:33:23.384] [INFO   ] creat AI step 3 
[15:33:23.384] [INFO   ] creat AI step 7 
[15:33:23.384] [INFO   ] AI key pressed step 1 
[15:33:23.384] [INFO   ] KP step 10computer-1
[15:33:23.384] [INFO   ] AI key pressed step 2 
[15:33:23.384] [INFO   ] KP step 1computer-0
[15:33:23.384] [INFO   ] KP step 10computer-0
[15:33:23.384] [INFO   ] AI key pressed step 3, random slot: 1
[15:33:23.384] [INFO   ] creat AI step 8 
[15:33:23.384] [INFO   ] creat AI step 9 
[15:33:23.384] [INFO   ] AI key pressed step 3, random slot: 4
[15:33:23.384] [INFO   ] creat AI step 10 
[15:33:23.385] [INFO   ] creat AI step 11 
[15:33:23.385] [INFO   ] creat AI step 3 
[15:33:23.385] [INFO   ] creat AI step 7 
[15:33:23.385] [INFO   ] AI key pressed step 1 
[15:33:23.384] [INFO   ] creat AI step 8 
[15:33:23.385] [INFO   ] creat AI step 9 
[15:33:23.385] [INFO   ] AI key pressed step 2 
[15:33:23.385] [INFO   ] creat AI step 10 
[15:33:23.385] [INFO   ] creat AI step 11 
[15:33:23.385] [INFO   ] creat AI step 3 
[15:33:23.385] [INFO   ] creat AI step 7 
[15:33:23.385] [INFO   ] KP step 1computer-0
[15:33:23.385] [INFO   ] AI key pressed step 1 
[15:33:23.385] [INFO   ] KP step 10computer-0
[15:33:23.385] [INFO   ] AI key pressed step 3, random slot: 3
[15:33:23.385] [INFO   ] AI key pressed step 2 
[15:33:23.386] [INFO   ] creat AI step 8 
[15:33:23.386] [INFO   ] creat AI step 9 
[15:33:23.386] [INFO   ] KP step 1computer-1
[15:33:23.386] [INFO   ] creat AI step 10 
[15:33:23.386] [INFO   ] creat AI step 11 
[15:33:23.386] [INFO   ] creat AI step 3 
[15:33:23.386] [INFO   ] creat AI step 7 
[15:33:23.386] [INFO   ] AI key pressed step 1 
[15:33:23.386] [INFO   ] KP step 10computer-1
[15:33:23.386] [INFO   ] AI key pressed step 2 
[15:33:23.386] [INFO   ] AI key pressed step 3, random slot: 2
[15:33:23.386] [INFO   ] creat AI step 8 
[15:33:23.386] [INFO   ] creat AI step 9 
[15:33:23.386] [INFO   ] KP step 1computer-0
[15:33:23.387] [INFO   ] creat AI step 10 
[15:33:23.387] [INFO   ] KP step 10computer-0
[15:33:23.387] [INFO   ] creat AI step 11 
[15:33:23.387] [INFO   ] creat AI step 3 
[15:33:23.387] [INFO   ] creat AI step 7 
[15:33:23.387] [INFO   ] AI key pressed step 1 
[15:33:23.387] [INFO   ] AI key pressed step 3, random slot: 4
[15:33:23.387] [INFO   ] creat AI step 8 
[15:33:23.387] [INFO   ] creat AI step 9 
[15:33:23.387] [INFO   ] AI key pressed step 2 
[15:33:23.388] [INFO   ] creat AI step 10 
[15:33:23.388] [INFO   ] creat AI step 11 
[15:33:23.388] [INFO   ] KP step 1computer-1
[15:33:23.388] [INFO   ] creat AI step 3 
[15:33:23.388] [INFO   ] KP step 10computer-1
[15:33:23.388] [INFO   ] creat AI step 7 
[15:33:23.388] [INFO   ] AI key pressed step 1 
[15:33:23.388] [INFO   ] AI key pressed step 3, random slot: 1
[15:33:23.388] [INFO   ] AI key pressed step 2 
[15:33:23.388] [INFO   ] creat AI step 8 
[15:33:23.388] [INFO   ] KP step 1computer-0
[15:33:23.388] [INFO   ] KP step 10computer-0
[15:33:23.389] [INFO   ] AI key pressed step 3, random slot: 5
[15:33:23.389] [INFO   ] creat AI step 8 
[15:33:23.389] [INFO   ] creat AI step 9 
[15:33:23.388] [INFO   ] creat AI step 9 
[15:33:23.389] [INFO   ] creat AI step 10 
[15:33:23.389] [INFO   ] creat AI step 11 
[15:33:23.389] [INFO   ] creat AI step 3 
[15:33:23.389] [INFO   ] creat AI step 7 
[15:33:23.389] [INFO   ] AI key pressed step 1 
[15:33:23.389] [INFO   ] creat AI step 10 
[15:33:23.389] [INFO   ] AI key pressed step 2 
[15:33:23.389] [INFO   ] KP step 1computer-0
[15:33:23.389] [INFO   ] KP step 10computer-0
[15:33:23.389] [INFO   ] creat AI step 11 
[15:33:23.389] [INFO   ] creat AI step 3 
[15:33:23.389] [INFO   ] AI key pressed step 3, random slot: 4
[15:33:23.389] [INFO   ] creat AI step 8 
[15:33:23.389] [INFO   ] creat AI step 9 
[15:33:23.389] [INFO   ] creat AI step 7 
[15:33:23.389] [INFO   ] creat AI step 10 
[15:33:23.389] [INFO   ] creat AI step 11 
[15:33:23.389] [INFO   ] creat AI step 3 
[15:33:23.389] [INFO   ] creat AI step 7 
[15:33:23.389] [INFO   ] AI key pressed step 1 
[15:33:23.389] [INFO   ] AI key pressed step 1 
[15:33:23.389] [INFO   ] AI key pressed step 2 
[15:33:23.389] [INFO   ] AI key pressed step 2 
[15:33:23.390] [INFO   ] KP step 1computer-0
[15:33:23.390] [INFO   ] KP step 10computer-0
[15:33:23.390] [INFO   ] AI key pressed step 3, random slot: 3
[15:33:23.390] [INFO   ] creat AI step 8 
[15:33:23.390] [INFO   ] creat AI step 9 
[15:33:23.390] [INFO   ] KP step 1computer-1
[15:33:23.390] [INFO   ] creat AI step 10 
[15:33:23.390] [INFO   ] creat AI step 11 
[15:33:23.390] [INFO   ] creat AI step 3 
[15:33:23.390] [INFO   ] creat AI step 7 
[15:33:23.390] [INFO   ] AI key pressed step 1 
[15:33:23.390] [INFO   ] KP step 10computer-1
[15:33:23.390] [INFO   ] AI key pressed step 2 
[15:33:23.390] [INFO   ] KP step 1computer-0
[15:33:23.390] [INFO   ] KP step 10computer-0
[15:33:23.390] [INFO   ] AI key pressed step 3, random slot: 7
[15:33:23.390] [INFO   ] creat AI step 8 
[15:33:23.391] [INFO   ] creat AI step 9 
[15:33:23.390] [INFO   ] AI key pressed step 3, random slot: 6
[15:33:23.391] [INFO   ] creat AI step 10 
[15:33:23.391] [INFO   ] creat AI step 11 
[15:33:23.391] [INFO   ] creat AI step 3 
[15:33:23.391] [INFO   ] creat AI step 8 
[15:33:23.391] [INFO   ] creat AI step 7 
[15:33:23.391] [INFO   ] AI key pressed step 1 
[15:33:23.391] [INFO   ] creat AI step 9 
[15:33:23.391] [INFO   ] AI key pressed step 2 
[15:33:23.392] [INFO   ] creat AI step 10 
[15:33:23.392] [INFO   ] creat AI step 11 
[15:33:23.392] [INFO   ] creat AI step 3 
[15:33:23.392] [INFO   ] creat AI step 7 
[15:33:23.392] [INFO   ] AI key pressed step 1 
[15:33:23.392] [INFO   ] KP step 1computer-0
[15:33:23.392] [INFO   ] KP step 10computer-0
[15:33:23.392] [INFO   ] AI key pressed step 2 
[15:33:23.392] [INFO   ] AI key pressed step 3, random slot: 6
[15:33:23.392] [INFO   ] creat AI step 8 
[15:33:23.392] [INFO   ] creat AI step 9 
[15:33:23.392] [INFO   ] KP step 1computer-1
[15:33:23.392] [INFO   ] creat AI step 10 
[15:33:23.393] [INFO   ] creat AI step 11 
[15:33:23.393] [INFO   ] creat AI step 3 
[15:33:23.393] [INFO   ] creat AI step 7 
[15:33:23.393] [INFO   ] AI key pressed step 1 
[15:33:23.392] [INFO   ] KP step 10computer-1
[15:33:23.393] [INFO   ] AI key pressed step 2 
[15:33:23.393] [INFO   ] KP step 1computer-0
[15:33:23.393] [INFO   ] KP step 10computer-0
[15:33:23.393] [INFO   ] AI key pressed step 3, random slot: 1
[15:33:23.393] [INFO   ] creat AI step 8 
[15:33:23.393] [INFO   ] creat AI step 9 
[15:33:23.393] [INFO   ] AI key pressed step 3, random slot: 7
[15:33:23.393] [INFO   ] creat AI step 10 
[15:33:23.393] [INFO   ] creat AI step 11 
[15:33:23.393] [INFO   ] creat AI step 3 
[15:33:23.394] [INFO   ] creat AI step 7 
[15:33:23.394] [INFO   ] AI key pressed step 1 
[15:33:23.394] [INFO   ] AI key pressed step 2 
[15:33:23.393] [INFO   ] creat AI step 8 
[15:33:23.394] [INFO   ] KP step 1computer-0
[15:33:23.394] [INFO   ] creat AI step 9 
[15:33:23.394] [INFO   ] KP step 10computer-0
[15:33:23.394] [INFO   ] AI key pressed step 3, random slot: 11
[15:33:23.394] [INFO   ] creat AI step 8 
[15:33:23.394] [INFO   ] creat AI step 9 
[15:33:23.394] [INFO   ] creat AI step 10 
[15:33:23.394] [INFO   ] creat AI step 10 
[15:33:23.394] [INFO   ] creat AI step 11 
[15:33:23.394] [INFO   ] creat AI step 11 
[15:33:23.394] [INFO   ] creat AI step 3 
[15:33:23.395] [INFO   ] creat AI step 7 
[15:33:23.394] [INFO   ] creat AI step 3 
[15:33:23.395] [INFO   ] AI key pressed step 1 
[15:33:23.395] [INFO   ] AI key pressed step 2 
[15:33:23.395] [INFO   ] creat AI step 7 
[15:33:23.395] [INFO   ] KP step 1computer-0
[15:33:23.396] [INFO   ] KP step 10computer-0
[15:33:23.396] [INFO   ] AI key pressed step 3, random slot: 2
[15:33:23.396] [INFO   ] creat AI step 8 
[15:33:23.396] [INFO   ] creat AI step 9 
[15:33:23.396] [INFO   ] creat AI step 10 
[15:33:23.396] [INFO   ] creat AI step 11 
[15:33:23.396] [INFO   ] creat AI step 3 
[15:33:23.396] [INFO   ] creat AI step 7 
[15:33:23.396] [INFO   ] AI key pressed step 1 
[15:33:23.397] [INFO   ] AI key pressed step 2 
[15:33:23.397] [INFO   ] KP step 1computer-0
[15:33:23.397] [INFO   ] KP step 10computer-0
[15:33:23.396] [INFO   ] AI key pressed step 1 
[15:33:23.397] [INFO   ] AI key pressed step 3, random slot: 3
[15:33:23.397] [INFO   ] creat AI step 8 
[15:33:23.397] [INFO   ] creat AI step 9 
[15:33:23.397] [INFO   ] AI key pressed step 2 
[15:33:23.398] [INFO   ] creat AI step 10 
[15:33:23.398] [INFO   ] creat AI step 11 
[15:33:23.398] [INFO   ] creat AI step 3 
[15:33:23.398] [INFO   ] creat AI step 7 
[15:33:23.398] [INFO   ] KP step 1computer-1
[15:33:23.398] [INFO   ] AI key pressed step 1 
[15:33:23.398] [INFO   ] KP step 10computer-1
[15:33:23.398] [INFO   ] AI key pressed step 3, random slot: 11
[15:33:23.399] [INFO   ] creat AI step 8 
[15:33:23.398] [INFO   ] AI key pressed step 2 
[15:33:23.399] [INFO   ] creat AI step 9 
[15:33:23.399] [INFO   ] KP step 1computer-0
[15:33:23.399] [INFO   ] creat AI step 10 
[15:33:23.399] [INFO   ] creat AI step 11 
[15:33:23.399] [INFO   ] KP step 10computer-0
[15:33:23.399] [INFO   ] creat AI step 3 
[15:33:23.399] [INFO   ] AI key pressed step 3, random slot: 11
[15:33:23.399] [INFO   ] creat AI step 8 
[15:33:23.399] [INFO   ] creat AI step 7 
[15:33:23.399] [INFO   ] AI key pressed step 1 
[15:33:23.399] [INFO   ] creat AI step 9 
[15:33:23.399] [INFO   ] AI key pressed step 2 
[15:33:23.399] [INFO   ] KP step 1computer-1
[15:33:23.399] [INFO   ] KP step 10computer-1
[15:33:23.400] [INFO   ] creat AI step 10 
[15:33:23.400] [INFO   ] AI key pressed step 3, random slot: 9
[15:33:23.400] [INFO   ] creat AI step 11 
[15:33:23.400] [INFO   ] creat AI step 8 
[15:33:23.400] [INFO   ] creat AI step 3 
[15:33:23.400] [INFO   ] creat AI step 7 
[15:33:23.400] [INFO   ] creat AI step 9 
[15:33:23.400] [INFO   ] AI key pressed step 1 
[15:33:23.400] [INFO   ] creat AI step 10 
[15:33:23.401] [INFO   ] creat AI step 11 
[15:33:23.401] [INFO   ] creat AI step 3 
[15:33:23.401] [INFO   ] creat AI step 7 
[15:33:23.401] [INFO   ] AI key pressed step 1 
[15:33:23.401] [INFO   ] AI key pressed step 2 
[15:33:23.400] [INFO   ] AI key pressed step 2 
[15:33:23.401] [INFO   ] KP step 1computer-1
[15:33:23.401] [INFO   ] KP step 1computer-0
[15:33:23.401] [INFO   ] KP step 10computer-1
[15:33:23.401] [INFO   ] AI key pressed step 3, random slot: 9
[15:33:23.401] [INFO   ] creat AI step 8 
[15:33:23.401] [INFO   ] creat AI step 9 
[15:33:23.401] [INFO   ] KP step 10computer-0
[15:33:23.401] [INFO   ] creat AI step 10 
[15:33:23.402] [INFO   ] creat AI step 11 
[15:33:23.402] [INFO   ] creat AI step 3 
[15:33:23.402] [INFO   ] creat AI step 7 
[15:33:23.401] [INFO   ] AI key pressed step 3, random slot: 6
[15:33:23.402] [INFO   ] creat AI step 8 
[15:33:23.402] [INFO   ] AI key pressed step 1 
[15:33:23.402] [INFO   ] creat AI step 9 
[15:33:23.402] [INFO   ] AI key pressed step 2 
[15:33:23.402] [INFO   ] creat AI step 10 
[15:33:23.402] [INFO   ] creat AI step 11 
[15:33:23.402] [INFO   ] creat AI step 3 
[15:33:23.402] [INFO   ] creat AI step 7 
[15:33:23.402] [INFO   ] AI key pressed step 1 
[15:33:23.402] [INFO   ] KP step 1computer-1
[15:33:23.402] [INFO   ] AI key pressed step 2 
[15:33:23.402] [INFO   ] KP step 1computer-0
[15:33:23.403] [INFO   ] KP step 10computer-0
[15:33:23.402] [INFO   ] KP step 10computer-1
[15:33:23.403] [INFO   ] AI key pressed step 3, random slot: 11
[15:33:23.403] [INFO   ] creat AI step 8 
[15:33:23.403] [INFO   ] creat AI step 9 
[15:33:23.403] [INFO   ] AI key pressed step 3, random slot: 5
[15:33:23.403] [INFO   ] creat AI step 10 
[15:33:23.403] [INFO   ] creat AI step 11 
[15:33:23.403] [INFO   ] creat AI step 3 
[15:33:23.403] [INFO   ] creat AI step 7 
[15:33:23.403] [INFO   ] AI key pressed step 1 
[15:33:23.403] [INFO   ] creat AI step 8 
[15:33:23.403] [INFO   ] creat AI step 9 
[15:33:23.403] [INFO   ] AI key pressed step 2 
[15:33:23.403] [INFO   ] creat AI step 10 
[15:33:23.403] [INFO   ] creat AI step 11 
[15:33:23.403] [INFO   ] creat AI step 3 
[15:33:23.404] [INFO   ] creat AI step 7 
[15:33:23.404] [INFO   ] AI key pressed step 1 
[15:33:23.403] [INFO   ] KP step 1computer-0
[15:33:23.404] [INFO   ] AI key pressed step 2 
[15:33:23.404] [INFO   ] KP step 1computer-1
[15:33:23.404] [INFO   ] KP step 10computer-1
[15:33:23.404] [INFO   ] KP step 10computer-0
[15:33:23.404] [INFO   ] AI key pressed step 3, random slot: 2
[15:33:23.404] [INFO   ] creat AI step 8 
[15:33:23.404] [INFO   ] creat AI step 9 
[15:33:23.404] [INFO   ] AI key pressed step 3, random slot: 5
[15:33:23.404] [INFO   ] creat AI step 8 
[15:33:23.404] [INFO   ] creat AI step 10 
[15:33:23.404] [INFO   ] creat AI step 11 
[15:33:23.404] [INFO   ] creat AI step 3 
[15:33:23.404] [INFO   ] creat AI step 7 
[15:33:23.405] [INFO   ] AI key pressed step 1 
[15:33:23.405] [INFO   ] AI key pressed step 2 
[15:33:23.404] [INFO   ] creat AI step 9 
[15:33:23.405] [INFO   ] KP step 1computer-1
[15:33:23.405] [INFO   ] creat AI step 10 
[15:33:23.405] [INFO   ] KP step 10computer-1
[15:33:23.405] [INFO   ] AI key pressed step 3, random slot: 7
[15:33:23.405] [INFO   ] creat AI step 8 
[15:33:23.405] [INFO   ] creat AI step 9 
[15:33:23.405] [INFO   ] creat AI step 11 
[15:33:23.405] [INFO   ] creat AI step 3 
[15:33:23.405] [INFO   ] creat AI step 10 
[15:33:23.405] [INFO   ] creat AI step 11 
[15:33:23.405] [INFO   ] creat AI step 3 
[15:33:23.405] [INFO   ] creat AI step 7 
[15:33:23.405] [INFO   ] creat AI step 7 
[15:33:23.406] [INFO   ] AI key pressed step 1 
[15:33:23.406] [INFO   ] AI key pressed step 1 
[15:33:23.406] [INFO   ] AI key pressed step 2 
[15:33:23.406] [INFO   ] AI key pressed step 2 
[15:33:23.406] [INFO   ] KP step 1computer-1
[15:33:23.406] [INFO   ] KP step 10computer-1
[15:33:23.406] [INFO   ] KP step 1computer-0
[15:33:23.406] [INFO   ] AI key pressed step 3, random slot: 1
[15:33:23.406] [INFO   ] creat AI step 8 
[15:33:23.406] [INFO   ] KP step 10computer-0
[15:33:23.406] [INFO   ] creat AI step 9 
[15:33:23.407] [INFO   ] AI key pressed step 3, random slot: 2
[15:33:23.407] [INFO   ] creat AI step 10 
[15:33:23.407] [INFO   ] creat AI step 11 
[15:33:23.407] [INFO   ] creat AI step 3 
[15:33:23.407] [INFO   ] creat AI step 7 
[15:33:23.407] [INFO   ] AI key pressed step 1 
[15:33:23.407] [INFO   ] creat AI step 8 
[15:33:23.407] [INFO   ] AI key pressed step 2 
[15:33:23.407] [INFO   ] creat AI step 9 
[15:33:23.407] [INFO   ] KP step 1computer-1
[15:33:23.407] [INFO   ] creat AI step 10 
[15:33:23.407] [INFO   ] creat AI step 11 
[15:33:23.408] [INFO   ] creat AI step 3 
[15:33:23.408] [INFO   ] creat AI step 7 
[15:33:23.408] [INFO   ] AI key pressed step 1 
[15:33:23.407] [INFO   ] KP step 10computer-1
[15:33:23.408] [INFO   ] AI key pressed step 2 
[15:33:23.408] [INFO   ] KP step 1computer-0
[15:33:23.408] [INFO   ] AI key pressed step 3, random slot: 8
[15:33:23.408] [INFO   ] KP step 10computer-0
[15:33:23.408] [INFO   ] AI key pressed step 3, random slot: 9
[15:33:23.408] [INFO   ] creat AI step 8 
[15:33:23.408] [INFO   ] creat AI step 9 
[15:33:23.408] [INFO   ] creat AI step 8 
[15:33:23.408] [INFO   ] creat AI step 10 
[15:33:23.408] [INFO   ] creat AI step 9 
[15:33:23.408] [INFO   ] creat AI step 11 
[15:33:23.409] [INFO   ] creat AI step 3 
[15:33:23.409] [INFO   ] creat AI step 10 
[15:33:23.409] [INFO   ] creat AI step 7 
[15:33:23.409] [INFO   ] AI key pressed step 1 
[15:33:23.409] [INFO   ] creat AI step 11 
[15:33:23.410] [INFO   ] creat AI step 3 
[15:33:23.409] [INFO   ] AI key pressed step 2 
[15:33:23.410] [INFO   ] creat AI step 7 
[15:33:23.410] [INFO   ] KP step 1computer-0
[15:33:23.410] [INFO   ] AI key pressed step 1 
[15:33:23.410] [INFO   ] KP step 10computer-0
[15:33:23.410] [INFO   ] AI key pressed step 2 
[15:33:23.411] [INFO   ] AI key pressed step 3, random slot: 10
[15:33:23.411] [INFO   ] creat AI step 8 
[15:33:23.411] [INFO   ] creat AI step 9 
[15:33:23.411] [INFO   ] creat AI step 10 
[15:33:23.411] [INFO   ] creat AI step 11 
[15:33:23.411] [INFO   ] creat AI step 3 
[15:33:23.411] [INFO   ] KP step 1computer-1
[15:33:23.411] [INFO   ] creat AI step 7 
[15:33:23.411] [INFO   ] AI key pressed step 1 
[15:33:23.411] [INFO   ] KP step 10computer-1
[15:33:23.411] [INFO   ] AI key pressed step 3, random slot: 4
[15:33:23.411] [INFO   ] creat AI step 8 
[15:33:23.412] [INFO   ] creat AI step 9 
[15:33:23.411] [INFO   ] AI key pressed step 2 
[15:33:23.412] [INFO   ] KP step 1computer-0
[15:33:23.412] [INFO   ] creat AI step 10 
[15:33:23.424] [INFO   ] KP step 10computer-0
[15:33:23.424] [INFO   ] creat AI step 11 
[15:33:23.424] [INFO   ] creat AI step 3 
[15:33:23.424] [INFO   ] AI key pressed step 3, random slot: 3
[15:33:23.425] [INFO   ] creat AI step 7 
[15:33:23.425] [INFO   ] AI key pressed step 1 
[15:33:23.425] [INFO   ] creat AI step 8 
[15:33:23.425] [INFO   ] AI key pressed step 2 
[15:33:23.425] [INFO   ] creat AI step 9 
[15:33:23.425] [INFO   ] KP step 1computer-1
[15:33:23.425] [INFO   ] creat AI step 10 
[15:33:23.425] [INFO   ] KP step 10computer-1
[15:33:23.425] [INFO   ] creat AI step 11 
[15:33:23.425] [INFO   ] AI key pressed step 3, random slot: 11
[15:33:23.425] [INFO   ] creat AI step 8 
[15:33:23.425] [INFO   ] creat AI step 9 
[15:33:23.425] [INFO   ] creat AI step 3 
[15:33:23.426] [INFO   ] creat AI step 7 
[15:33:23.426] [INFO   ] creat AI step 10 
[15:33:23.426] [INFO   ] creat AI step 11 
[15:33:23.426] [INFO   ] AI key pressed step 1 
[15:33:23.426] [INFO   ] creat AI step 3 
[15:33:23.426] [INFO   ] AI key pressed step 2 
[15:33:23.426] [INFO   ] creat AI step 7 
[15:33:23.426] [INFO   ] AI key pressed step 1 
[15:33:23.426] [INFO   ] KP step 1computer-0
[15:33:23.426] [INFO   ] KP step 10computer-0
[15:33:23.426] [INFO   ] AI key pressed step 3, random slot: 3
[15:33:23.426] [INFO   ] creat AI step 8 
[15:33:23.426] [INFO   ] creat AI step 9 
[15:33:23.426] [INFO   ] AI key pressed step 2 
[15:33:23.426] [INFO   ] creat AI step 10 
[15:33:23.427] [INFO   ] creat AI step 11 
[15:33:23.427] [INFO   ] creat AI step 3 
[15:33:23.427] [INFO   ] creat AI step 7 
[15:33:23.427] [INFO   ] AI key pressed step 1 
[15:33:23.427] [INFO   ] AI key pressed step 2 
[15:33:23.427] [INFO   ] KP step 1computer-1
[15:33:23.427] [INFO   ] KP step 10computer-1
[15:33:23.427] [INFO   ] AI key pressed step 3, random slot: 8
[15:33:23.427] [INFO   ] creat AI step 8 
[15:33:23.427] [INFO   ] creat AI step 9 
[15:33:23.427] [INFO   ] KP step 1computer-0
[15:33:23.427] [INFO   ] creat AI step 10 
[15:33:23.427] [INFO   ] creat AI step 11 
[15:33:23.427] [INFO   ] creat AI step 3 
[15:33:23.427] [INFO   ] KP step 10computer-0
[15:33:23.427] [INFO   ] AI key pressed step 3, random slot: 8
[15:33:23.427] [INFO   ] creat AI step 7 
[15:33:23.428] [INFO   ] creat AI step 8 
[15:33:23.428] [INFO   ] creat AI step 9 
[15:33:23.428] [INFO   ] AI key pressed step 1 
[15:33:23.428] [INFO   ] creat AI step 10 
[15:33:23.428] [INFO   ] AI key pressed step 2 
[15:33:23.428] [INFO   ] creat AI step 11 
[15:33:23.428] [INFO   ] KP step 1computer-1
[15:33:23.428] [INFO   ] KP step 10computer-1
[15:33:23.428] [INFO   ] creat AI step 3 
[15:33:23.428] [INFO   ] creat AI step 7 
[15:33:23.428] [INFO   ] AI key pressed step 1 
[15:33:23.428] [INFO   ] AI key pressed step 3, random slot: 6
[15:33:23.429] [INFO   ] creat AI step 8 
[15:33:23.428] [INFO   ] AI key pressed step 2 
[15:33:23.429] [INFO   ] creat AI step 9 
[15:33:23.429] [INFO   ] KP step 1computer-0
[15:33:23.429] [INFO   ] creat AI step 10 
[15:33:23.429] [INFO   ] KP step 10computer-0
[15:33:23.429] [INFO   ] creat AI step 11 
[15:33:23.429] [INFO   ] creat AI step 3 
[15:33:23.429] [INFO   ] AI key pressed step 3, random slot: 1
[15:33:23.429] [INFO   ] creat AI step 7 
[15:33:23.429] [INFO   ] AI key pressed step 1 
[15:33:23.429] [INFO   ] creat AI step 8 
[15:33:23.429] [INFO   ] creat AI step 9 
[15:33:23.429] [INFO   ] AI key pressed step 2 
[15:33:23.429] [INFO   ] creat AI step 10 
[15:33:23.429] [INFO   ] creat AI step 11 
[15:33:23.429] [INFO   ] creat AI step 3 
[15:33:23.429] [INFO   ] creat AI step 7 
[15:33:23.429] [INFO   ] AI key pressed step 1 
[15:33:23.429] [INFO   ] KP step 1computer-1
[15:33:23.429] [INFO   ] AI key pressed step 2 
[15:33:23.430] [INFO   ] KP step 10computer-1
[15:33:23.430] [INFO   ] AI key pressed step 3, random slot: 1
[15:33:23.430] [INFO   ] creat AI step 8 
[15:33:23.430] [INFO   ] KP step 1computer-0
[15:33:23.431] [INFO   ] creat AI step 9 
[15:33:23.431] [INFO   ] KP step 10computer-0
[15:33:23.431] [INFO   ] creat AI step 10 
[15:33:23.431] [INFO   ] creat AI step 11 
[15:33:23.431] [INFO   ] creat AI step 3 
[15:33:23.431] [INFO   ] creat AI step 7 
[15:33:23.431] [INFO   ] AI key pressed step 1 
[15:33:23.431] [INFO   ] AI key pressed step 3, random slot: 0
[15:33:23.431] [INFO   ] AI key pressed step 2 
[15:33:23.432] [INFO   ] creat AI step 8 
[15:33:23.432] [INFO   ] KP step 1computer-1
[15:33:23.432] [INFO   ] creat AI step 9 
[15:33:23.432] [INFO   ] KP step 10computer-1
[15:33:23.433] [INFO   ] creat AI step 10 
[15:33:23.433] [INFO   ] creat AI step 11 
[15:33:23.433] [INFO   ] creat AI step 3 
[15:33:23.433] [INFO   ] AI key pressed step 3, random slot: 2
[15:33:23.433] [INFO   ] creat AI step 8 
[15:33:23.433] [INFO   ] creat AI step 9 
[15:33:23.433] [INFO   ] creat AI step 10 
[15:33:23.434] [INFO   ] creat AI step 11 
[15:33:23.434] [INFO   ] creat AI step 3 
[15:33:23.433] [INFO   ] creat AI step 7 
[15:33:23.434] [INFO   ] creat AI step 7 
[15:33:23.434] [INFO   ] AI key pressed step 1 
[15:33:23.434] [INFO   ] AI key pressed step 1 
[15:33:23.434] [INFO   ] AI key pressed step 2 
[15:33:23.434] [INFO   ] KP step 1computer-1
[15:33:23.434] [INFO   ] KP step 10computer-1
[15:33:23.434] [INFO   ] AI key pressed step 3, random slot: 3
[15:33:23.434] [INFO   ] creat AI step 8 
[15:33:23.434] [INFO   ] creat AI step 9 
[15:33:23.434] [INFO   ] creat AI step 10 
[15:33:23.434] [INFO   ] creat AI step 11 
[15:33:23.434] [INFO   ] creat AI step 3 
[15:33:23.434] [INFO   ] creat AI step 7 
[15:33:23.434] [INFO   ] AI key pressed step 1 
[15:33:23.434] [INFO   ] AI key pressed step 2 
[15:33:23.434] [INFO   ] AI key pressed step 2 
[15:33:23.435] [INFO   ] KP step 1computer-0
[15:33:23.435] [INFO   ] KP step 10computer-0
[15:33:23.435] [INFO   ] KP step 1computer-1
[15:33:23.435] [INFO   ] AI key pressed step 3, random slot: 3
[15:33:23.435] [INFO   ] creat AI step 8 
[15:33:23.435] [INFO   ] KP step 10computer-1
[15:33:23.436] [INFO   ] creat AI step 9 
[15:33:23.436] [INFO   ] AI key pressed step 3, random slot: 7
[15:33:23.436] [INFO   ] creat AI step 8 
[15:33:23.436] [INFO   ] creat AI step 9 
[15:33:23.436] [INFO   ] creat AI step 10 
[15:33:23.436] [INFO   ] creat AI step 10 
[15:33:23.436] [INFO   ] creat AI step 11 
[15:33:23.436] [INFO   ] creat AI step 3 
[15:33:23.436] [INFO   ] creat AI step 7 
[15:33:23.436] [INFO   ] AI key pressed step 1 
[15:33:23.436] [INFO   ] creat AI step 11 
[15:33:23.437] [INFO   ] creat AI step 3 
[15:33:23.437] [INFO   ] creat AI step 7 
[15:33:23.437] [INFO   ] AI key pressed step 1 
[15:33:23.436] [INFO   ] AI key pressed step 2 
[15:33:23.437] [INFO   ] KP step 1computer-1
[15:33:23.437] [INFO   ] AI key pressed step 2 
[15:33:23.437] [INFO   ] KP step 10computer-1
[15:33:23.437] [INFO   ] KP step 1computer-0
[15:33:23.437] [INFO   ] AI key pressed step 3, random slot: 11
[15:33:23.437] [INFO   ] creat AI step 8 
[15:33:23.437] [INFO   ] creat AI step 9 
[15:33:23.437] [INFO   ] KP step 10computer-0
[15:33:23.437] [INFO   ] creat AI step 10 
[15:33:23.437] [INFO   ] AI key pressed step 3, random slot: 1
[15:33:23.437] [INFO   ] creat AI step 8 
[15:33:23.437] [INFO   ] creat AI step 11 
[15:33:23.438] [INFO   ] creat AI step 3 
[15:33:23.438] [INFO   ] creat AI step 9 
[15:33:23.438] [INFO   ] creat AI step 7 
[15:33:23.438] [INFO   ] creat AI step 10 
[15:33:23.438] [INFO   ] creat AI step 11 
[15:33:23.438] [INFO   ] creat AI step 3 
[15:33:23.438] [INFO   ] AI key pressed step 1 
[15:33:23.438] [INFO   ] creat AI step 7 
[15:33:23.438] [INFO   ] AI key pressed step 1 
[15:33:23.438] [INFO   ] AI key pressed step 2 
[15:33:23.438] [INFO   ] AI key pressed step 2 
[15:33:23.438] [INFO   ] KP step 1computer-1
[15:33:23.438] [INFO   ] KP step 10computer-1
[15:33:23.438] [INFO   ] KP step 1computer-0
[15:33:23.438] [INFO   ] AI key pressed step 3, random slot: 2
[15:33:23.438] [INFO   ] KP step 10computer-0
[15:33:23.438] [INFO   ] creat AI step 8 
[15:33:23.438] [INFO   ] AI key pressed step 3, random slot: 8
[15:33:23.438] [INFO   ] creat AI step 8 
[15:33:23.438] [INFO   ] creat AI step 9 
[15:33:23.438] [INFO   ] creat AI step 9 
[15:33:23.438] [INFO   ] creat AI step 10 
[15:33:23.440] [INFO   ] creat AI step 11 
[15:33:23.440] [INFO   ] creat AI step 3 
[15:33:23.440] [INFO   ] creat AI step 7 
[15:33:23.440] [INFO   ] AI key pressed step 1 
[15:33:23.440] [INFO   ] creat AI step 10 
[15:33:23.440] [INFO   ] creat AI step 11 
[15:33:23.440] [INFO   ] creat AI step 3 
[15:33:23.440] [INFO   ] creat AI step 7 
[15:33:23.440] [INFO   ] AI key pressed step 1 
[15:33:23.440] [INFO   ] AI key pressed step 2 
[15:33:23.440] [INFO   ] AI key pressed step 2 
[15:33:23.440] [INFO   ] KP step 1computer-1
[15:33:23.440] [INFO   ] KP step 1computer-0
[15:33:23.440] [INFO   ] KP step 10computer-0
[15:33:23.440] [INFO   ] KP step 10computer-1
[15:33:23.440] [INFO   ] AI key pressed step 3, random slot: 6
[15:33:23.440] [INFO   ] creat AI step 8 
[15:33:23.441] [INFO   ] creat AI step 9 
[15:33:23.440] [INFO   ] AI key pressed step 3, random slot: 9
[15:33:23.441] [INFO   ] creat AI step 8 
[15:33:23.441] [INFO   ] creat AI step 9 
[15:33:23.441] [INFO   ] creat AI step 10 
[15:33:23.441] [INFO   ] creat AI step 11 
[15:33:23.441] [INFO   ] creat AI step 3 
[15:33:23.441] [INFO   ] creat AI step 7 
[15:33:23.441] [INFO   ] AI key pressed step 1 
[15:33:23.441] [INFO   ] creat AI step 10 
[15:33:23.441] [INFO   ] creat AI step 11 
[15:33:23.441] [INFO   ] creat AI step 3 
[15:33:23.441] [INFO   ] creat AI step 7 
[15:33:23.441] [INFO   ] AI key pressed step 1 
[15:33:23.441] [INFO   ] AI key pressed step 2 
[15:33:23.441] [INFO   ] AI key pressed step 2 
[15:33:23.441] [INFO   ] KP step 1computer-1
[15:33:23.441] [INFO   ] KP step 1computer-0
[15:33:23.441] [INFO   ] KP step 10computer-1
[15:33:23.442] [INFO   ] AI key pressed step 3, random slot: 2
[15:33:23.442] [INFO   ] creat AI step 8 
[15:33:23.442] [INFO   ] creat AI step 9 
[15:33:23.442] [INFO   ] KP step 10computer-0
[15:33:23.442] [INFO   ] creat AI step 10 
[15:33:23.442] [INFO   ] creat AI step 11 
[15:33:23.442] [INFO   ] AI key pressed step 3, random slot: 1
[15:33:23.442] [INFO   ] creat AI step 3 
[15:33:23.442] [INFO   ] creat AI step 7 
[15:33:23.442] [INFO   ] AI key pressed step 1 
[15:33:23.442] [INFO   ] creat AI step 8 
[15:33:23.442] [INFO   ] creat AI step 9 
[15:33:23.442] [INFO   ] AI key pressed step 2 
[15:33:23.442] [INFO   ] creat AI step 10 
[15:33:23.442] [INFO   ] creat AI step 11 
[15:33:23.443] [INFO   ] creat AI step 3 
[15:33:23.443] [INFO   ] creat AI step 7 
[15:33:23.443] [INFO   ] AI key pressed step 1 
[15:33:23.443] [INFO   ] AI key pressed step 2 
[15:33:23.443] [INFO   ] KP step 1computer-0
[15:33:23.443] [INFO   ] KP step 10computer-0
[15:33:23.442] [INFO   ] KP step 1computer-1
[15:33:23.443] [INFO   ] KP step 10computer-1
[15:33:23.443] [INFO   ] AI key pressed step 3, random slot: 2
[15:33:23.443] [INFO   ] AI key pressed step 3, random slot: 5
[15:33:23.443] [INFO   ] creat AI step 8 
[15:33:23.443] [INFO   ] creat AI step 8 
[15:33:23.443] [INFO   ] creat AI step 9 
[15:33:23.443] [INFO   ] creat AI step 9 
[15:33:23.443] [INFO   ] creat AI step 10 
[15:33:23.443] [INFO   ] creat AI step 11 
[15:33:23.444] [INFO   ] creat AI step 3 
[15:33:23.444] [INFO   ] creat AI step 7 
[15:33:23.444] [INFO   ] AI key pressed step 1 
[15:33:23.443] [INFO   ] creat AI step 10 
[15:33:23.444] [INFO   ] AI key pressed step 2 
[15:33:23.444] [INFO   ] creat AI step 11 
[15:33:23.444] [INFO   ] KP step 1computer-0
[15:33:23.444] [INFO   ] KP step 10computer-0
[15:33:23.444] [INFO   ] creat AI step 3 
[15:33:23.444] [INFO   ] AI key pressed step 3, random slot: 1
[15:33:23.444] [INFO   ] creat AI step 8 
[15:33:23.444] [INFO   ] creat AI step 7 
[15:33:23.444] [INFO   ] AI key pressed step 1 
[15:33:23.444] [INFO   ] creat AI step 9 
[15:33:23.444] [INFO   ] AI key pressed step 2 
[15:33:23.444] [INFO   ] creat AI step 10 
[15:33:23.445] [INFO   ] creat AI step 11 
[15:33:23.445] [INFO   ] creat AI step 3 
[15:33:23.445] [INFO   ] creat AI step 7 
[15:33:23.445] [INFO   ] AI key pressed step 1 
[15:33:23.445] [INFO   ] KP step 1computer-1
[15:33:23.445] [INFO   ] AI key pressed step 2 
[15:33:23.445] [INFO   ] KP step 1computer-0
[15:33:23.445] [INFO   ] KP step 10computer-0
[15:33:23.445] [INFO   ] AI key pressed step 3, random slot: 7
[15:33:23.445] [INFO   ] creat AI step 8 
[15:33:23.445] [INFO   ] creat AI step 9 
[15:33:23.445] [INFO   ] creat AI step 10 
[15:33:23.445] [INFO   ] KP step 10computer-1
[15:33:23.445] [INFO   ] creat AI step 11 
[15:33:23.446] [INFO   ] creat AI step 3 
[15:33:23.445] [INFO   ] AI key pressed step 3, random slot: 5
[15:33:23.446] [INFO   ] creat AI step 8 
[15:33:23.446] [INFO   ] creat AI step 7 
[15:33:23.446] [INFO   ] creat AI step 9 
[15:33:23.446] [INFO   ] AI key pressed step 1 
[15:33:23.446] [INFO   ] creat AI step 10 
[15:33:23.446] [INFO   ] creat AI step 11 
[15:33:23.446] [INFO   ] creat AI step 3 
[15:33:23.446] [INFO   ] AI key pressed step 2 
[15:33:23.446] [INFO   ] creat AI step 7 
[15:33:23.446] [INFO   ] AI key pressed step 1 
[15:33:23.446] [INFO   ] KP step 1computer-0
[15:33:23.447] [INFO   ] AI key pressed step 2 
[15:33:23.447] [INFO   ] KP step 10computer-0
[15:33:23.447] [INFO   ] KP step 1computer-1
[15:33:23.447] [INFO   ] KP step 10computer-1
[15:33:23.447] [INFO   ] AI key pressed step 3, random slot: 9
[15:33:23.447] [INFO   ] AI key pressed step 3, random slot: 9
[15:33:23.447] [INFO   ] creat AI step 8 
[15:33:23.447] [INFO   ] creat AI step 9 
[15:33:23.447] [INFO   ] creat AI step 8 
[15:33:23.447] [INFO   ] creat AI step 10 
[15:33:23.447] [INFO   ] creat AI step 9 
[15:33:23.447] [INFO   ] creat AI step 11 
[15:33:23.447] [INFO   ] creat AI step 10 
[15:33:23.447] [INFO   ] creat AI step 11 
[15:33:23.447] [INFO   ] creat AI step 3 
[15:33:23.447] [INFO   ] creat AI step 7 
[15:33:23.449] [INFO   ] AI key pressed step 1 
[15:33:23.447] [INFO   ] creat AI step 3 
[15:33:23.449] [INFO   ] place card step 0 
[15:33:23.449] [INFO   ] AI key pressed step 2 
[15:33:23.449] [INFO   ] creat AI step 4 
[15:33:23.449] [INFO   ] place card step 1 
[15:33:23.449] [INFO   ] KP step 1computer-0
[15:33:23.449] [INFO   ] creat AI step 5 
[15:33:23.449] [INFO   ] KP step 10computer-0
[15:33:23.449] [INFO   ] AI key pressed step 3, random slot: 6
[15:33:23.449] [INFO   ] creat AI step 8 
[15:33:23.449] [INFO   ] creat AI step 9 
[15:33:23.449] [INFO   ] creat AI step 10 
[15:33:23.449] [INFO   ] creat AI step 11 
[15:33:23.450] [INFO   ] creat AI step 3 
[15:33:23.450] [INFO   ] creat AI step 4 
[15:33:23.450] [INFO   ] creat AI step 5 
[15:33:23.563] [SEVERE ] placing card 11 in slot 0
[15:33:23.673] [SEVERE ] placing card 34 in slot 1
[15:33:23.784] [SEVERE ] placing card 18 in slot 2
[15:33:23.891] [SEVERE ] placing card 36 in slot 3
[15:33:24.000] [SEVERE ] placing card 52 in slot 4
[15:33:24.110] [SEVERE ] placing card 65 in slot 5
[15:33:24.220] [SEVERE ] placing card 46 in slot 6
[15:33:24.327] [SEVERE ] placing card 78 in slot 7
[15:33:24.436] [SEVERE ] placing card 63 in slot 8
[15:33:24.544] [SEVERE ] placing card 44 in slot 9
[15:33:24.652] [SEVERE ] placing card 48 in slot 10
[15:33:24.761] [SEVERE ] placing card 12 in slot 11
[15:33:24.761] [INFO   ] place card step 2 
[15:33:24.762] [INFO   ] place card step 3 
[15:33:24.771] [INFO   ] place card step 5 
[15:33:24.771] [INFO   ] place card step 6 
[15:33:24.771] [INFO   ] place card step 7 
[15:33:24.771] [INFO   ] place card step 8 
[15:33:24.771] [INFO   ] creat AI step 6 
[15:33:24.772] [INFO   ] creat AI step 7 
[15:33:24.772] [INFO   ] AI key pressed step 1 
[15:33:24.772] [INFO   ] creat AI step 6 
[15:33:24.772] [INFO   ] creat AI step 7 
[15:33:24.772] [INFO   ] AI key pressed step 1 
[15:33:24.772] [INFO   ] AI key pressed step 2 
[15:33:24.772] [INFO   ] KP step 1computer-1
[15:33:24.772] [INFO   ] AI key pressed step 2 
[15:33:24.772] [INFO   ] KP step 2computer-1
[15:33:24.772] [INFO   ] KP step 4computer-1
[15:33:24.772] [INFO   ] KP step 1computer-0
[15:33:24.772] [INFO   ] KP step 2computer-0
[15:33:24.772] [INFO   ] KP step 4computer-0
[15:33:24.772] [INFO   ] KP step 5computer-1
[15:33:24.772] [INFO   ] KP step 5computer-0
[15:33:24.772] [SEVERE ] player 1 placing token on slot 4
[15:33:24.772] [SEVERE ] player 2 placing token on slot 9
[15:33:24.772] [INFO   ] KP step 6computer-1
[15:33:24.772] [INFO   ] KP step 7computer-1
[15:33:24.772] [INFO   ] KP step 6computer-0
[15:33:24.772] [INFO   ] KP step 8computer-1
[15:33:24.773] [INFO   ] KP step 10computer-1
[15:33:24.773] [INFO   ] AI key pressed step 3, random slot: 9
[15:33:24.773] [INFO   ] creat AI step 8 
[15:33:24.773] [INFO   ] creat AI step 9 
[15:33:24.772] [INFO   ] KP step 7computer-0
[15:33:24.773] [INFO   ] creat AI step 10 
[15:33:24.773] [INFO   ] creat AI step 11 
[15:33:24.773] [INFO   ] creat AI step 3 
[15:33:24.773] [INFO   ] creat AI step 7 
[15:33:24.773] [INFO   ] AI key pressed step 1 
[15:33:24.773] [INFO   ] KP step 8computer-0
[15:33:24.773] [INFO   ] KP step 10computer-0
[15:33:24.773] [INFO   ] AI key pressed step 3, random slot: 4
[15:33:24.773] [INFO   ] AI key pressed step 2 
[15:33:24.773] [INFO   ] creat AI step 8 
[15:33:24.773] [INFO   ] creat AI step 9 
[15:33:24.773] [INFO   ] KP step 1computer-1
[15:33:24.773] [INFO   ] creat AI step 10 
[15:33:24.774] [INFO   ] creat AI step 11 
[15:33:24.774] [INFO   ] creat AI step 3 
[15:33:24.774] [INFO   ] creat AI step 7 
[15:33:24.774] [INFO   ] AI key pressed step 1 
[15:33:24.773] [INFO   ] KP step 2computer-1
[15:33:24.774] [INFO   ] AI key pressed step 2 
[15:33:24.774] [INFO   ] KP step 4computer-1
[15:33:24.774] [INFO   ] KP step 1computer-0
[15:33:24.774] [INFO   ] KP step 5computer-1
[15:33:24.774] [SEVERE ] player 2 placing token on slot 10
[15:33:24.774] [INFO   ] KP step 2computer-0
[15:33:24.774] [INFO   ] KP step 4computer-0
[15:33:24.774] [INFO   ] KP step 5computer-0
[15:33:24.774] [SEVERE ] player 1 placing token on slot 2
[15:33:24.774] [INFO   ] KP step 6computer-1
[15:33:24.774] [INFO   ] KP step 7computer-1
[15:33:24.774] [INFO   ] KP step 8computer-1
[15:33:24.774] [INFO   ] KP step 10computer-1
[15:33:24.774] [INFO   ] AI key pressed step 3, random slot: 10
[15:33:24.774] [INFO   ] creat AI step 8 
[15:33:24.774] [INFO   ] creat AI step 9 
[15:33:24.775] [INFO   ] KP step 6computer-0
[15:33:24.775] [INFO   ] KP step 7computer-0
[15:33:24.775] [INFO   ] KP step 8computer-0
[15:33:24.775] [INFO   ] KP step 10computer-0
[15:33:24.775] [INFO   ] creat AI step 10 
[15:33:24.775] [INFO   ] creat AI step 11 
[15:33:24.775] [INFO   ] AI key pressed step 3, random slot: 2
[15:33:24.775] [INFO   ] creat AI step 3 
[15:33:24.775] [INFO   ] creat AI step 7 
[15:33:24.775] [INFO   ] AI key pressed step 1 
[15:33:24.775] [INFO   ] creat AI step 8 
[15:33:24.775] [INFO   ] creat AI step 9 
[15:33:24.775] [INFO   ] creat AI step 10 
[15:33:24.775] [INFO   ] creat AI step 11 
[15:33:24.775] [INFO   ] creat AI step 3 
[15:33:24.775] [INFO   ] creat AI step 7 
[15:33:24.775] [INFO   ] AI key pressed step 1 
[15:33:24.775] [INFO   ] AI key pressed step 2 
[15:33:24.775] [INFO   ] AI key pressed step 2 
[15:33:24.776] [INFO   ] KP step 1computer-0
[15:33:24.776] [INFO   ] KP step 1computer-1
[15:33:24.776] [INFO   ] KP step 2computer-0
[15:33:24.776] [INFO   ] KP step 2computer-1
[15:33:24.776] [INFO   ] KP step 4computer-0
[15:33:24.776] [INFO   ] KP step 4computer-1
[15:33:24.776] [INFO   ] KP step 5computer-0
[15:33:24.776] [SEVERE ] player 1 placing token on slot 10
[15:33:24.776] [INFO   ] KP step 5computer-1
[15:33:24.776] [INFO   ] KP step 6computer-0
[15:33:24.776] [INFO   ] KP step 7computer-0
[15:33:24.776] [SEVERE ] player 2 placing token on slot 5
[15:33:24.776] [INFO   ] KP step 8computer-0
[15:33:24.776] [INFO   ] KP step 6computer-1
[15:33:24.776] [INFO   ] KP step 9computer-0
[15:33:24.776] [INFO   ] KP step 7computer-1
[15:33:24.776] [INFO   ] KP step 8computer-1
[15:33:24.776] [INFO   ] KP step 9computer-1
[15:33:24.776] [INFO   ] KP step 10computer-0
[15:33:24.777] [INFO   ] KP step 10computer-1
[15:33:24.777] [INFO   ] AI key pressed step 3, random slot: 5
[15:33:24.777] [INFO   ] creat AI step 8 
[15:33:24.777] [INFO   ] creat AI step 9 
[15:33:24.777] [INFO   ] AI key pressed step 3, random slot: 10
[15:33:24.777] [INFO   ] creat AI step 8 
[15:33:24.777] [INFO   ] creat AI step 10 
[15:33:24.777] [INFO   ] creat AI step 11 
[15:33:24.777] [INFO   ] creat AI step 9 
[15:33:24.777] [INFO   ] creat AI step 3 
[15:33:24.777] [INFO   ] creat AI step 10 
[15:33:24.777] [INFO   ] creat AI step 11 
[15:33:24.777] [INFO   ] creat AI step 3 
[15:33:24.777] [INFO   ] creat AI step 7 
[15:33:24.777] [INFO   ] AI key pressed step 1 
[15:33:24.777] [INFO   ] creat AI step 7 
[15:33:24.777] [INFO   ] AI key pressed step 2 
[15:33:24.780] [INFO   ] KP step 1computer-0
[15:33:24.780] [INFO   ] KP step 2computer-0
[15:33:24.778] [INFO   ] AI key pressed step 1 
[15:33:24.780] [INFO   ] AI key pressed step 2 
[15:33:24.780] [INFO   ] KP step 3computer-0
[15:33:24.780] [SEVERE ] removing player 1 token from slot 10
[15:33:24.780] [INFO   ] KP step 1computer-1
[15:33:24.780] [INFO   ] KP step 7computer-0
[15:33:24.780] [INFO   ] KP step 8computer-0
[15:33:24.780] [INFO   ] KP step 10computer-0
[15:33:24.780] [INFO   ] KP step 2computer-1
[15:33:24.780] [INFO   ] AI key pressed step 3, random slot: 10
[15:33:24.780] [INFO   ] creat AI step 8 
[15:33:24.780] [INFO   ] creat AI step 9 
[15:33:24.780] [INFO   ] KP step 4computer-1
[15:33:24.781] [INFO   ] creat AI step 10 
[15:33:24.781] [INFO   ] creat AI step 11 
[15:33:24.781] [INFO   ] creat AI step 3 
[15:33:24.781] [INFO   ] creat AI step 7 
[15:33:24.781] [INFO   ] AI key pressed step 1 
[15:33:24.781] [INFO   ] AI key pressed step 2 
[15:33:24.781] [INFO   ] KP step 1computer-0
[15:33:24.781] [INFO   ] KP step 2computer-0
[15:33:24.781] [INFO   ] KP step 4computer-0
[15:33:24.781] [INFO   ] KP step 5computer-0
[15:33:24.781] [SEVERE ] player 1 placing token on slot 3
[15:33:24.781] [INFO   ] KP step 6computer-0
[15:33:24.781] [INFO   ] KP step 7computer-0
[15:33:24.781] [INFO   ] KP step 8computer-0
[15:33:24.781] [INFO   ] KP step 9computer-0
[15:33:24.781] [INFO   ] KP step 10computer-0
[15:33:24.781] [INFO   ] AI key pressed step 3, random slot: 3
[15:33:24.781] [INFO   ] creat AI step 8 
[15:33:24.782] [INFO   ] creat AI step 9 
[15:33:24.782] [INFO   ] creat AI step 10 
[15:33:24.782] [INFO   ] creat AI step 11 
[15:33:24.782] [INFO   ] creat AI step 3 
[15:33:24.782] [INFO   ] creat AI step 7 
[15:33:24.782] [INFO   ] AI key pressed step 1 
[15:33:24.782] [INFO   ] AI key pressed step 2 
[15:33:24.782] [INFO   ] KP step 1computer-0
[15:33:24.782] [INFO   ] KP step 2computer-0
[15:33:24.782] [INFO   ] KP step 4computer-0
[15:33:25.773] [SEVERE ] updating countdown to 57449
[15:33:26.208] [INFO   ] place card step 0 
[15:33:26.208] [INFO   ] place card step 1 
[15:33:26.208] [INFO   ] place card step 2 
[15:33:26.208] [INFO   ] place card step 3 
[15:33:26.211] [INFO   ] place card step 5 
[15:33:26.212] [INFO   ] place card step 6 
[15:33:26.212] [INFO   ] place card step 7 
[15:33:26.212] [INFO   ] place card step 8 
[15:33:27.219] [SEVERE ] updating countdown to 56003
[15:33:27.655] [INFO   ] place card step 0 
[15:33:27.655] [INFO   ] place card step 1 
[15:33:27.655] [INFO   ] place card step 2 
[15:33:27.655] [INFO   ] place card step 3 
[15:33:27.661] [INFO   ] place card step 5 
[15:33:27.662] [INFO   ] place card step 6 
[15:33:27.662] [INFO   ] place card step 7 
[15:33:27.662] [INFO   ] place card step 8 
[15:33:28.666] [SEVERE ] updating countdown to 54556
[15:33:29.100] [INFO   ] place card step 0 
[15:33:29.101] [INFO   ] place card step 1 
[15:33:29.101] [INFO   ] place card step 2 
[15:33:29.101] [INFO   ] place card step 3 
[15:33:29.105] [INFO   ] place card step 5 
[15:33:29.105] [INFO   ] place card step 6 
[15:33:29.105] [INFO   ] place card step 7 
[15:33:29.105] [INFO   ] place card step 8 
[15:33:30.115] [SEVERE ] updating countdown to 53107
[15:33:30.551] [INFO   ] place card step 0 
[15:33:30.551] [INFO   ] place card step 1 
[15:33:30.551] [INFO   ] place card step 2 
[15:33:30.551] [INFO   ] place card step 3 
[15:33:30.553] [INFO   ] place card step 5 
[15:33:30.553] [INFO   ] place card step 6 
[15:33:30.553] [INFO   ] place card step 7 
[15:33:30.553] [INFO   ] place card step 8 
[15:33:31.567] [SEVERE ] updating countdown to 51655
[15:33:32.002] [INFO   ] place card step 0 
[15:33:32.002] [INFO   ] place card step 1 
[15:33:32.002] [INFO   ] place card step 2 
[15:33:32.002] [INFO   ] place card step 3 
[15:33:32.003] [INFO   ] place card step 5 
[15:33:32.003] [INFO   ] place card step 6 
[15:33:32.003] [INFO   ] place card step 7 
[15:33:32.003] [INFO   ] place card step 8 
[15:33:33.012] [SEVERE ] updating countdown to 50210
[15:33:33.449] [INFO   ] place card step 0 
[15:33:33.449] [INFO   ] place card step 1 
[15:33:33.449] [INFO   ] place card step 2 
[15:33:33.449] [INFO   ] place card step 3 
[15:33:33.450] [INFO   ] place card step 5 
[15:33:33.450] [INFO   ] place card step 6 
[15:33:33.450] [INFO   ] place card step 7 
[15:33:33.450] [INFO   ] place card step 8 
[15:33:34.459] [SEVERE ] updating countdown to 48763
[15:33:34.897] [INFO   ] place card step 0 
[15:33:34.897] [INFO   ] place card step 1 
[15:33:34.897] [INFO   ] place card step 2 
[15:33:34.897] [INFO   ] place card step 3 
[15:33:34.898] [INFO   ] place card step 5 
[15:33:34.898] [INFO   ] place card step 6 
[15:33:34.898] [INFO   ] place card step 7 
[15:33:34.898] [INFO   ] place card step 8 
[15:33:35.908] [SEVERE ] updating countdown to 47314
[15:33:36.342] [INFO   ] place card step 0 
[15:33:36.342] [INFO   ] place card step 1 
[15:33:36.342] [INFO   ] place card step 2 
[15:33:36.342] [INFO   ] place card step 3 
[15:33:36.344] [INFO   ] place card step 5 
[15:33:36.344] [INFO   ] place card step 6 
[15:33:36.344] [INFO   ] place card step 7 
[15:33:36.344] [INFO   ] place card step 8 
[15:33:37.356] [SEVERE ] updating countdown to 45866
[15:33:37.790] [INFO   ] place card step 0 
[15:33:37.790] [INFO   ] place card step 1 
[15:33:37.790] [INFO   ] place card step 2 
[15:33:37.790] [INFO   ] place card step 3 
[15:33:37.791] [INFO   ] place card step 5 
[15:33:37.791] [INFO   ] place card step 6 
[15:33:37.791] [INFO   ] place card step 7 
[15:33:37.791] [INFO   ] place card step 8 
[15:33:38.801] [SEVERE ] updating countdown to 44421
[15:33:39.237] [INFO   ] place card step 0 
[15:33:39.237] [INFO   ] place card step 1 
[15:33:39.237] [INFO   ] place card step 2 
[15:33:39.237] [INFO   ] place card step 3 
[15:33:39.238] [INFO   ] place card step 5 
[15:33:39.238] [INFO   ] place card step 6 
[15:33:39.238] [INFO   ] place card step 7 
[15:33:39.238] [INFO   ] place card step 8 
[15:33:40.245] [SEVERE ] updating countdown to 42977
[15:33:40.678] [INFO   ] place card step 0 
[15:33:40.678] [INFO   ] place card step 1 
[15:33:40.678] [INFO   ] place card step 2 
[15:33:40.678] [INFO   ] place card step 3 
[15:33:40.678] [INFO   ] place card step 5 
[15:33:40.678] [INFO   ] place card step 6 
[15:33:40.678] [INFO   ] place card step 7 
[15:33:40.678] [INFO   ] place card step 8 
[15:33:41.689] [SEVERE ] updating countdown to 41533
[15:33:42.122] [INFO   ] place card step 0 
[15:33:42.122] [INFO   ] place card step 1 
[15:33:42.122] [INFO   ] place card step 2 
[15:33:42.122] [INFO   ] place card step 3 
[15:33:42.123] [INFO   ] place card step 5 
[15:33:42.123] [INFO   ] place card step 6 
[15:33:42.123] [INFO   ] place card step 7 
[15:33:42.123] [INFO   ] place card step 8 
[15:33:43.131] [SEVERE ] updating countdown to 40091
[15:33:43.566] [INFO   ] place card step 0 
[15:33:43.566] [INFO   ] place card step 1 
[15:33:43.566] [INFO   ] place card step 2 
[15:33:43.566] [INFO   ] place card step 3 
[15:33:43.566] [INFO   ] place card step 5 
[15:33:43.566] [INFO   ] place card step 6 
[15:33:43.566] [INFO   ] place card step 7 
[15:33:43.566] [INFO   ] place card step 8 
[15:33:44.577] [SEVERE ] updating countdown to 38645
[15:33:45.014] [INFO   ] place card step 0 
[15:33:45.014] [INFO   ] place card step 1 
[15:33:45.014] [INFO   ] place card step 2 
[15:33:45.014] [INFO   ] place card step 3 
[15:33:45.014] [INFO   ] place card step 5 
[15:33:45.014] [INFO   ] place card step 6 
[15:33:45.014] [INFO   ] place card step 7 
[15:33:45.014] [INFO   ] place card step 8 
[15:33:46.014] [SEVERE ] updating countdown to 37208
[15:33:46.448] [INFO   ] place card step 0 
[15:33:46.448] [INFO   ] place card step 1 
[15:33:46.448] [INFO   ] place card step 2 
[15:33:46.448] [INFO   ] place card step 3 
[15:33:46.449] [INFO   ] place card step 5 
[15:33:46.449] [INFO   ] place card step 6 
[15:33:46.449] [INFO   ] place card step 7 
[15:33:46.449] [INFO   ] place card step 8 
[15:33:47.461] [SEVERE ] updating countdown to 35762
[15:33:47.898] [INFO   ] place card step 0 
[15:33:47.898] [INFO   ] place card step 1 
[15:33:47.898] [INFO   ] place card step 2 
[15:33:47.898] [INFO   ] place card step 3 
[15:33:47.898] [INFO   ] place card step 5 
[15:33:47.898] [INFO   ] place card step 6 
[15:33:47.898] [INFO   ] place card step 7 
[15:33:47.898] [INFO   ] place card step 8 
[15:33:48.908] [SEVERE ] updating countdown to 34314
[15:33:49.341] [INFO   ] place card step 0 
[15:33:49.341] [INFO   ] place card step 1 
[15:33:49.341] [INFO   ] place card step 2 
[15:33:49.341] [INFO   ] place card step 3 
[15:33:49.342] [INFO   ] place card step 5 
[15:33:49.342] [INFO   ] place card step 6 
[15:33:49.342] [INFO   ] place card step 7 
[15:33:49.342] [INFO   ] place card step 8 
[15:33:50.008] [SEVERE ] exit button pressed
[15:33:50.357] [SEVERE ] updating countdown to 32865
[15:33:50.790] [INFO   ] place card step 0 
[15:33:50.790] [INFO   ] place card step 1 
[15:33:50.790] [INFO   ] place card step 2 
[15:33:50.790] [INFO   ] place card step 3 
[15:33:50.790] [INFO   ] place card step 5 
[15:33:50.790] [INFO   ] place card step 6 
[15:33:50.790] [INFO   ] place card step 7 
[15:33:50.790] [INFO   ] place card step 8 
[15:33:51.799] [SEVERE ] updating countdown to 31423
[15:33:52.235] [INFO   ] place card step 0 
[15:33:52.235] [INFO   ] place card step 1 
[15:33:52.235] [INFO   ] place card step 2 
[15:33:52.235] [INFO   ] place card step 3 
[15:33:52.236] [INFO   ] place card step 5 
[15:33:52.236] [INFO   ] place card step 6 
[15:33:52.236] [INFO   ] place card step 7 
[15:33:52.236] [INFO   ] place card step 8 
[15:33:53.246] [SEVERE ] updating countdown to 29976
[15:33:53.683] [INFO   ] place card step 0 
[15:33:53.683] [INFO   ] place card step 1 
[15:33:53.683] [INFO   ] place card step 2 
[15:33:53.683] [INFO   ] place card step 3 
[15:33:53.684] [INFO   ] place card step 5 
[15:33:53.684] [INFO   ] place card step 6 
[15:33:53.684] [INFO   ] place card step 7 
[15:33:53.684] [INFO   ] place card step 8 
