[11:24:32.242] [INFO   ] thread main starting.
[11:24:32.255] [SEVERE ] cannot read configuration file config.properties trying from resources.
[11:24:32.260] [SEVERE ] configuration file was loaded from resources directory.
[11:24:33.399] [INFO   ] thread dealer starting.
[11:24:33.405] [INFO   ] thread dealer starting.
[11:24:33.410] [INFO   ] thread Thread-0 starting.
[11:24:33.413] [INFO   ] creat AI step 1 
[11:24:33.413] [INFO   ] thread computer-0 starting.
[11:24:33.413] [INFO   ] creat AI step 2 
[11:24:33.414] [INFO   ] creat AI step 3 
[11:24:33.414] [INFO   ] thread Thread-0wip1
[11:24:33.415] [INFO   ] creat AI step 7 
[11:24:33.417] [INFO   ] thread Thread-0wip2
[11:24:33.418] [INFO   ] AI key pressed step 1 
[11:24:33.418] [INFO   ] thread Thread-0wip3
[11:24:33.419] [INFO   ] thread Thread-0wip4
[11:24:33.420] [INFO   ] AI key pressed step 2 
[11:24:33.420] [INFO   ] KP step 1
[11:24:33.421] [INFO   ] KP step 7
[11:24:33.421] [INFO   ] KP step 8
[11:24:33.422] [INFO   ] KP step 10
[11:24:33.422] [INFO   ] AI key pressed step 3, random slot: 3
[11:24:33.422] [INFO   ] creat AI step 8 
[11:24:33.423] [INFO   ] creat AI step 9 
[11:24:33.430] [INFO   ] thread Thread-0wip5
[11:24:33.424] [INFO   ] thread Thread-1 starting.
[11:24:33.431] [INFO   ] thread Thread-0 before  synchronize on dealer.
[11:24:33.432] [INFO   ] thread Thread-0 after  synchronize on dealer.
[11:24:33.432] [INFO   ] thread Thread-0 before notify synchronize on dealer.
[11:24:33.439] [INFO   ] creat AI step 1 
[11:24:33.441] [INFO   ] thread computer-1 starting.
[11:24:33.441] [INFO   ] creat AI step 2 
[11:24:33.442] [SEVERE ] updating countdown to 60000
[11:24:33.442] [INFO   ] creat AI step 3 
[11:24:33.443] [INFO   ] creat AI step 7 
[11:24:33.444] [INFO   ] AI key pressed step 1 
[11:24:33.444] [INFO   ] AI key pressed step 2 
[11:24:33.444] [INFO   ] KP step 1
[11:24:33.444] [INFO   ] KP step 7
[11:24:33.444] [INFO   ] KP step 8
[11:24:33.442] [INFO   ] thread Thread-1wip1
[11:24:33.445] [INFO   ] thread Thread-1wip2
[11:24:33.445] [INFO   ] thread Thread-1wip3
[11:24:33.445] [INFO   ] thread Thread-1wip4
[11:24:33.445] [INFO   ] KP step 10
[11:24:33.447] [INFO   ] AI key pressed step 3, random slot: 11
[11:24:33.447] [INFO   ] creat AI step 8 
[11:24:33.448] [INFO   ] creat AI step 9 
[11:24:33.448] [INFO   ] thread Thread-1wip5
[11:24:33.448] [INFO   ] thread Thread-1 before  synchronize on dealer.
[11:24:33.449] [INFO   ] thread Thread-1 after  synchronize on dealer.
[11:24:33.450] [INFO   ] thread Thread-1 before notify synchronize on dealer.
[11:24:33.664] [INFO   ] place card step 0 
[11:24:33.665] [INFO   ] place card step 1 
[11:24:33.771] [SEVERE ] placing card 40 in slot 0
[11:24:33.882] [SEVERE ] placing card 53 in slot 1
[11:24:33.991] [SEVERE ] placing card 66 in slot 2
[11:24:34.099] [SEVERE ] placing card 8 in slot 3
[11:24:34.210] [SEVERE ] placing card 28 in slot 4
[11:24:34.320] [SEVERE ] placing card 11 in slot 5
[11:24:34.428] [SEVERE ] placing card 43 in slot 6
[11:24:34.537] [SEVERE ] placing card 33 in slot 7
[11:24:34.645] [SEVERE ] placing card 73 in slot 8
[11:24:34.753] [SEVERE ] placing card 5 in slot 9
[11:24:34.863] [SEVERE ] placing card 0 in slot 10
[11:24:34.971] [SEVERE ] placing card 26 in slot 11
[11:24:34.971] [INFO   ] place card step 2 
[11:24:34.972] [INFO   ] place card step 3 
[11:24:34.977] [INFO   ] place card step 5 
[11:24:34.978] [INFO   ] place card step 6 
[11:24:34.978] [INFO   ] place card step 7 
[11:24:34.978] [INFO   ] place card step 8 
[11:24:34.978] [SEVERE ] updating countdown to 58466
[11:24:35.188] [INFO   ] remove  in the table step 1
[11:24:35.188] [INFO   ] remove  in the table step 2
[11:24:35.189] [SEVERE ] setting player 1 freeze to 3000
[11:24:36.200] [SEVERE ] setting player 1 freeze to 2000
[11:24:37.212] [SEVERE ] setting player 1 freeze to 1000
[11:24:38.218] [SEVERE ] setting player 1 freeze to 0
[11:24:38.218] [INFO   ] remove  in the table step 1
[11:24:38.218] [INFO   ] creat AI step 10 
[11:24:38.218] [INFO   ] remove  in the table step 2
[11:24:38.218] [INFO   ] thread Thread-0wip1
[11:24:38.219] [INFO   ] thread Thread-0wip2
[11:24:38.219] [INFO   ] thread Thread-0wip3
[11:24:38.218] [INFO   ] creat AI step 11 
[11:24:38.219] [INFO   ] thread Thread-0wip4
[11:24:38.219] [SEVERE ] setting player 2 freeze to 3000
[11:24:38.219] [INFO   ] creat AI step 3 
[11:24:38.219] [INFO   ] creat AI step 4 
[11:24:38.219] [INFO   ] creat AI step 5 
[11:24:39.227] [SEVERE ] setting player 2 freeze to 2000
[11:24:40.239] [SEVERE ] setting player 2 freeze to 1000
[11:24:41.252] [SEVERE ] setting player 2 freeze to 0
[11:24:41.252] [INFO   ] creat AI step 10 
[11:24:41.252] [INFO   ] creat AI step 11 
[11:24:41.252] [INFO   ] creat AI step 6 
[11:24:41.252] [INFO   ] creat AI step 3 
[11:24:41.252] [INFO   ] thread Thread-1wip1
[11:24:41.253] [INFO   ] creat AI step 7 
[11:24:41.253] [INFO   ] AI key pressed step 1 
[11:24:41.253] [INFO   ] AI key pressed step 2 
[11:24:41.252] [INFO   ] creat AI step 7 
[11:24:41.253] [INFO   ] KP step 1
[11:24:41.253] [INFO   ] KP step 2
[11:24:41.253] [INFO   ] KP step 4
[11:24:41.253] [INFO   ] thread Thread-1wip2
[11:24:41.253] [INFO   ] KP step 5
[11:24:41.253] [INFO   ] AI key pressed step 1 
[11:24:41.253] [SEVERE ] player 2 placing token on slot 7
[11:24:41.253] [INFO   ] thread Thread-1wip3
[11:24:41.255] [INFO   ] KP step 6
[11:24:41.255] [INFO   ] AI key pressed step 2 
[11:24:41.255] [INFO   ] KP step 7
[11:24:41.255] [INFO   ] thread Thread-1wip4
[11:24:41.255] [INFO   ] KP step 1
[11:24:41.255] [INFO   ] KP step 8
[11:24:41.255] [INFO   ] KP step 2
[11:24:41.256] [INFO   ] KP step 4
[11:24:41.256] [INFO   ] KP step 10
[11:24:41.256] [INFO   ] KP step 5
[11:24:41.256] [SEVERE ] player 1 placing token on slot 9
[11:24:41.256] [INFO   ] AI key pressed step 3, random slot: 7
[11:24:41.256] [INFO   ] creat AI step 8 
[11:24:41.256] [INFO   ] KP step 6
[11:24:41.257] [INFO   ] creat AI step 9 
[11:24:41.257] [INFO   ] KP step 7
[11:24:41.257] [INFO   ] thread Thread-1wip5
[11:24:41.257] [INFO   ] thread Thread-1 before  synchronize on dealer.
[11:24:41.257] [INFO   ] KP step 8
[11:24:41.257] [INFO   ] thread Thread-1 after  synchronize on dealer.
[11:24:41.257] [INFO   ] KP step 10
[11:24:41.258] [INFO   ] thread Thread-1 before notify synchronize on dealer.
[11:24:41.258] [INFO   ] AI key pressed step 3, random slot: 9
[11:24:41.259] [INFO   ] creat AI step 8 
[11:24:41.259] [INFO   ] creat AI step 9 
[11:24:41.259] [INFO   ] thread Thread-0wip5
[11:24:41.259] [INFO   ] thread Thread-0 before  synchronize on dealer.
[11:24:41.259] [INFO   ] thread Thread-0 after  synchronize on dealer.
[11:24:41.259] [INFO   ] thread Thread-0 before notify synchronize on dealer.
[11:24:41.470] [INFO   ] place card step 0 
[11:24:41.470] [INFO   ] place card step 1 
[11:24:41.471] [INFO   ] place card step 2 
[11:24:41.471] [INFO   ] place card step 3 
[11:24:41.476] [INFO   ] place card step 5 
[11:24:41.476] [INFO   ] place card step 6 
[11:24:41.476] [INFO   ] place card step 7 
[11:24:41.476] [INFO   ] place card step 8 
[11:24:41.476] [SEVERE ] updating countdown to 51968
[11:24:41.687] [INFO   ] remove  in the table step 1
[11:24:41.687] [INFO   ] remove  in the table step 2
[11:24:41.690] [SEVERE ] setting player 2 freeze to 3000
[11:24:42.698] [SEVERE ] setting player 2 freeze to 2000
[11:24:43.709] [SEVERE ] setting player 2 freeze to 1000
[11:24:44.720] [SEVERE ] setting player 2 freeze to 0
[11:24:44.720] [SEVERE ] removing player 2 token from slot 7
[11:24:44.720] [INFO   ] remove  in the table step 1
[11:24:44.720] [INFO   ] remove  in the table step 2
[11:24:44.720] [INFO   ] creat AI step 10 
[11:24:44.721] [INFO   ] creat AI step 11 
[11:24:44.721] [INFO   ] creat AI step 3 
[11:24:44.720] [SEVERE ] setting player 1 freeze to 3000
[11:24:44.721] [INFO   ] creat AI step 4 
[11:24:44.721] [INFO   ] thread Thread-1wip1
[11:24:44.721] [INFO   ] creat AI step 5 
[11:24:45.730] [SEVERE ] setting player 1 freeze to 2000
[11:24:46.744] [SEVERE ] setting player 1 freeze to 1000
[11:24:47.755] [SEVERE ] setting player 1 freeze to 0
[11:24:47.755] [SEVERE ] removing player 1 token from slot 9
[11:24:47.756] [INFO   ] creat AI step 10 
[11:24:47.756] [INFO   ] creat AI step 11 
[11:24:47.756] [INFO   ] creat AI step 6 
[11:24:47.756] [INFO   ] creat AI step 3 
[11:24:47.757] [INFO   ] creat AI step 7 
[11:24:47.757] [INFO   ] AI key pressed step 1 
[11:24:47.756] [INFO   ] thread Thread-0wip1
[11:24:47.757] [INFO   ] AI key pressed step 2 
[11:24:47.758] [INFO   ] KP step 1
[11:24:47.757] [INFO   ] thread Thread-1wip2
[11:24:47.757] [INFO   ] creat AI step 7 
[11:24:47.759] [INFO   ] AI key pressed step 1 
[11:24:47.759] [INFO   ] thread Thread-1wip3
[11:24:47.758] [INFO   ] KP step 2
[11:24:47.757] [INFO   ] thread Thread-0wip2
[11:24:47.759] [INFO   ] KP step 4
[11:24:47.759] [INFO   ] thread Thread-1wip4
[11:24:47.759] [INFO   ] AI key pressed step 2 
[11:24:47.760] [INFO   ] KP step 1
[11:24:47.760] [INFO   ] KP step 5
[11:24:47.759] [INFO   ] thread Thread-0wip3
[11:24:47.760] [SEVERE ] player 1 placing token on slot 0
[11:24:47.760] [INFO   ] KP step 2
[11:24:47.761] [INFO   ] KP step 6
[11:24:47.761] [INFO   ] thread Thread-0wip4
[11:24:47.761] [INFO   ] KP step 7
[11:24:47.761] [INFO   ] KP step 8
[11:24:47.762] [INFO   ] KP step 10
[11:24:47.761] [INFO   ] KP step 4
[11:24:47.762] [INFO   ] AI key pressed step 3, random slot: 0
[11:24:47.762] [INFO   ] KP step 5
[11:24:47.762] [INFO   ] creat AI step 8 
[11:24:47.762] [INFO   ] creat AI step 9 
[11:24:47.762] [SEVERE ] player 2 placing token on slot 1
[11:24:47.763] [INFO   ] thread Thread-0wip5
[11:24:47.763] [INFO   ] thread Thread-0 before  synchronize on dealer.
[11:24:47.763] [INFO   ] KP step 6
[11:24:47.763] [INFO   ] KP step 7
[11:24:47.763] [INFO   ] thread Thread-0 after  synchronize on dealer.
[11:24:47.763] [INFO   ] thread Thread-0 before notify synchronize on dealer.
[11:24:47.763] [INFO   ] KP step 8
[11:24:47.763] [INFO   ] KP step 10
[11:24:47.763] [INFO   ] AI key pressed step 3, random slot: 1
[11:24:47.763] [INFO   ] creat AI step 8 
[11:24:47.763] [INFO   ] creat AI step 9 
[11:24:47.763] [INFO   ] thread Thread-1wip5
[11:24:47.765] [INFO   ] thread Thread-1 before  synchronize on dealer.
[11:24:47.765] [INFO   ] thread Thread-1 after  synchronize on dealer.
[11:24:47.765] [INFO   ] thread Thread-1 before notify synchronize on dealer.
[11:24:47.973] [INFO   ] place card step 0 
[11:24:47.973] [INFO   ] place card step 1 
[11:24:47.973] [INFO   ] place card step 2 
[11:24:47.973] [INFO   ] place card step 3 
[11:24:47.975] [INFO   ] place card step 5 
[11:24:47.975] [INFO   ] place card step 6 
[11:24:47.975] [INFO   ] place card step 7 
[11:24:47.976] [INFO   ] place card step 8 
[11:24:47.976] [SEVERE ] updating countdown to 45468
[11:24:48.192] [INFO   ] remove  in the table step 1
[11:24:48.192] [INFO   ] remove  in the table step 2
[11:24:48.192] [SEVERE ] setting player 1 freeze to 3000
[11:24:49.204] [SEVERE ] setting player 1 freeze to 2000
[11:24:50.213] [SEVERE ] setting player 1 freeze to 1000
[11:24:51.221] [SEVERE ] setting player 1 freeze to 0
[11:24:51.221] [SEVERE ] removing player 1 token from slot 0
[11:24:51.221] [INFO   ] remove  in the table step 1
[11:24:51.221] [INFO   ] remove  in the table step 2
[11:24:51.221] [INFO   ] creat AI step 10 
[11:24:51.221] [SEVERE ] setting player 2 freeze to 3000
[11:24:51.222] [INFO   ] thread Thread-0wip1
[11:24:51.221] [INFO   ] creat AI step 11 
[11:24:51.222] [INFO   ] thread Thread-0wip2
[11:24:51.222] [INFO   ] creat AI step 3 
[11:24:51.222] [INFO   ] thread Thread-0wip3
[11:24:51.223] [INFO   ] thread Thread-0wip4
[11:24:51.223] [INFO   ] creat AI step 4 
[11:24:51.223] [INFO   ] creat AI step 5 
[11:24:52.222] [SEVERE ] setting player 2 freeze to 2000
[11:24:53.233] [SEVERE ] setting player 2 freeze to 1000
[11:24:54.241] [SEVERE ] setting player 2 freeze to 0
[11:24:54.241] [SEVERE ] removing player 2 token from slot 1
[11:24:54.242] [INFO   ] creat AI step 6 
[11:24:54.242] [INFO   ] creat AI step 7 
[11:24:54.242] [INFO   ] creat AI step 10 
[11:24:54.242] [INFO   ] AI key pressed step 1 
[11:24:54.243] [INFO   ] thread Thread-1wip1
[11:24:54.243] [INFO   ] creat AI step 11 
[11:24:54.243] [INFO   ] thread Thread-1wip2
[11:24:54.243] [INFO   ] AI key pressed step 2 
[11:24:54.244] [INFO   ] thread Thread-1wip3
[11:24:54.244] [INFO   ] creat AI step 3 
[11:24:54.245] [INFO   ] thread Thread-1wip4
[11:24:54.244] [INFO   ] KP step 1
[11:24:54.245] [INFO   ] creat AI step 7 
[11:24:54.245] [INFO   ] AI key pressed step 1 
[11:24:54.245] [INFO   ] KP step 2
[11:24:54.245] [INFO   ] AI key pressed step 2 
[11:24:54.245] [INFO   ] KP step 4
[11:24:54.246] [INFO   ] KP step 1
[11:24:54.246] [INFO   ] KP step 2
[11:24:54.246] [INFO   ] KP step 4
[11:24:54.246] [INFO   ] KP step 5
[11:24:54.246] [INFO   ] KP step 5
[11:24:54.247] [SEVERE ] player 2 placing token on slot 4
[11:24:54.247] [SEVERE ] player 1 placing token on slot 10
[11:24:54.247] [INFO   ] KP step 6
[11:24:54.247] [INFO   ] KP step 7
[11:24:54.247] [INFO   ] KP step 6
[11:24:54.248] [INFO   ] KP step 7
[11:24:54.248] [INFO   ] KP step 8
[11:24:54.248] [INFO   ] KP step 10
[11:24:54.248] [INFO   ] KP step 8
[11:24:54.248] [INFO   ] KP step 10
[11:24:54.248] [INFO   ] AI key pressed step 3, random slot: 10
[11:24:54.249] [INFO   ] creat AI step 8 
[11:24:54.249] [INFO   ] creat AI step 9 
[11:24:54.249] [INFO   ] AI key pressed step 3, random slot: 4
[11:24:54.249] [INFO   ] creat AI step 8 
[11:24:54.249] [INFO   ] thread Thread-0wip5
[11:24:54.250] [INFO   ] thread Thread-0 before  synchronize on dealer.
[11:24:54.250] [INFO   ] creat AI step 9 
[11:24:54.250] [INFO   ] thread Thread-0 after  synchronize on dealer.
[11:24:54.250] [INFO   ] thread Thread-1wip5
[11:24:54.250] [INFO   ] thread Thread-0 before notify synchronize on dealer.
[11:24:54.251] [INFO   ] thread Thread-1 before  synchronize on dealer.
[11:24:54.251] [INFO   ] thread Thread-1 after  synchronize on dealer.
[11:24:54.251] [INFO   ] thread Thread-1 before notify synchronize on dealer.
[11:24:54.443] [INFO   ] place card step 0 
[11:24:54.443] [INFO   ] place card step 1 
[11:24:54.443] [INFO   ] place card step 2 
[11:24:54.443] [INFO   ] place card step 3 
[11:24:54.446] [INFO   ] place card step 5 
[11:24:54.446] [INFO   ] place card step 6 
[11:24:54.446] [INFO   ] place card step 7 
[11:24:54.446] [INFO   ] place card step 8 
[11:24:54.446] [SEVERE ] updating countdown to 38998
[11:24:54.662] [INFO   ] remove  in the table step 1
[11:24:54.662] [INFO   ] remove  in the table step 2
[11:24:54.662] [SEVERE ] setting player 1 freeze to 3000
[11:24:55.669] [SEVERE ] setting player 1 freeze to 2000
[11:24:56.678] [SEVERE ] setting player 1 freeze to 1000
[11:24:57.687] [SEVERE ] setting player 1 freeze to 0
[11:24:57.687] [SEVERE ] removing player 1 token from slot 10
[11:24:57.687] [INFO   ] remove  in the table step 1
[11:24:57.687] [INFO   ] creat AI step 10 
[11:24:57.687] [INFO   ] remove  in the table step 2
[11:24:57.687] [INFO   ] thread Thread-0wip1
[11:24:57.688] [INFO   ] thread Thread-0wip2
[11:24:57.687] [INFO   ] creat AI step 11 
[11:24:57.688] [INFO   ] thread Thread-0wip3
[11:24:57.688] [INFO   ] thread Thread-0wip4
[11:24:57.688] [SEVERE ] setting player 2 freeze to 3000
[11:24:57.688] [INFO   ] creat AI step 3 
[11:24:57.688] [INFO   ] creat AI step 4 
[11:24:57.688] [INFO   ] creat AI step 5 
[11:24:58.698] [SEVERE ] setting player 2 freeze to 2000
[11:24:59.705] [SEVERE ] setting player 2 freeze to 1000
[11:25:00.713] [SEVERE ] setting player 2 freeze to 0
[11:25:00.713] [SEVERE ] removing player 2 token from slot 4
[11:25:00.714] [INFO   ] creat AI step 6 
[11:25:00.714] [INFO   ] creat AI step 7 
[11:25:00.714] [INFO   ] AI key pressed step 1 
[11:25:00.714] [INFO   ] creat AI step 10 
[11:25:00.714] [INFO   ] AI key pressed step 2 
[11:25:00.714] [INFO   ] thread Thread-1wip1
[11:25:00.714] [INFO   ] creat AI step 11 
[11:25:00.714] [INFO   ] thread Thread-1wip2
[11:25:00.714] [INFO   ] KP step 1
[11:25:00.714] [INFO   ] thread Thread-1wip3
[11:25:00.714] [INFO   ] creat AI step 3 
[11:25:00.715] [INFO   ] thread Thread-1wip4
[11:25:00.715] [INFO   ] KP step 2
[11:25:00.715] [INFO   ] KP step 4
[11:25:00.715] [INFO   ] creat AI step 7 
[11:25:00.715] [INFO   ] AI key pressed step 1 
[11:25:00.715] [INFO   ] KP step 5
[11:25:00.715] [INFO   ] AI key pressed step 2 
[11:25:00.715] [SEVERE ] player 1 placing token on slot 8
[11:25:00.715] [INFO   ] KP step 1
[11:25:00.715] [INFO   ] KP step 6
[11:25:00.715] [INFO   ] KP step 7
[11:25:00.715] [INFO   ] KP step 8
[11:25:00.715] [INFO   ] KP step 10
[11:25:00.715] [INFO   ] KP step 2
[11:25:00.715] [INFO   ] AI key pressed step 3, random slot: 8
[11:25:00.715] [INFO   ] KP step 4
[11:25:00.715] [INFO   ] KP step 5
[11:25:00.715] [INFO   ] creat AI step 8 
[11:25:00.716] [SEVERE ] player 2 placing token on slot 0
[11:25:00.716] [INFO   ] creat AI step 9 
[11:25:00.716] [INFO   ] KP step 6
[11:25:00.716] [INFO   ] KP step 7
[11:25:00.716] [INFO   ] KP step 8
[11:25:00.716] [INFO   ] KP step 10
[11:25:00.716] [INFO   ] AI key pressed step 3, random slot: 0
[11:25:00.716] [INFO   ] creat AI step 8 
[11:25:00.716] [INFO   ] creat AI step 9 
[11:25:00.716] [INFO   ] thread Thread-0wip5
[11:25:00.716] [INFO   ] thread Thread-0 before  synchronize on dealer.
[11:25:00.716] [INFO   ] thread Thread-1wip5
[11:25:00.716] [INFO   ] thread Thread-1 before  synchronize on dealer.
[11:25:00.716] [INFO   ] thread Thread-0 after  synchronize on dealer.
[11:25:00.717] [INFO   ] thread Thread-0 before notify synchronize on dealer.
[11:25:00.717] [INFO   ] thread Thread-1 after  synchronize on dealer.
[11:25:00.717] [INFO   ] thread Thread-1 before notify synchronize on dealer.
[11:25:00.929] [INFO   ] place card step 0 
[11:25:00.929] [INFO   ] place card step 1 
[11:25:00.929] [INFO   ] place card step 2 
[11:25:00.930] [INFO   ] place card step 3 
[11:25:00.932] [INFO   ] place card step 5 
[11:25:00.932] [INFO   ] place card step 6 
[11:25:00.932] [INFO   ] place card step 7 
[11:25:00.932] [INFO   ] place card step 8 
[11:25:00.932] [SEVERE ] updating countdown to 32512
[11:25:01.149] [INFO   ] remove  in the table step 1
[11:25:01.149] [INFO   ] remove  in the table step 2
[11:25:01.150] [SEVERE ] setting player 1 freeze to 3000
[11:25:02.158] [SEVERE ] setting player 1 freeze to 2000
[11:25:03.171] [SEVERE ] setting player 1 freeze to 1000
[11:25:04.180] [SEVERE ] setting player 1 freeze to 0
[11:25:04.181] [SEVERE ] removing player 1 token from slot 8
[11:25:04.181] [INFO   ] creat AI step 10 
[11:25:04.181] [INFO   ] creat AI step 11 
[11:25:04.181] [INFO   ] creat AI step 3 
[11:25:04.181] [INFO   ] creat AI step 4 
[11:25:04.181] [INFO   ] creat AI step 5 
[11:25:04.181] [INFO   ] remove  in the table step 1
[11:25:04.181] [INFO   ] thread Thread-0wip1
[11:25:04.181] [INFO   ] remove  in the table step 2
[11:25:04.182] [SEVERE ] setting player 2 freeze to 3000
[11:25:05.183] [SEVERE ] setting player 2 freeze to 2000
[11:25:06.187] [SEVERE ] setting player 2 freeze to 1000
[11:25:07.200] [SEVERE ] setting player 2 freeze to 0
[11:25:07.200] [SEVERE ] removing player 2 token from slot 0
[11:25:07.200] [INFO   ] creat AI step 6 
[11:25:07.200] [INFO   ] creat AI step 7 
[11:25:07.200] [INFO   ] AI key pressed step 1 
[11:25:07.200] [INFO   ] AI key pressed step 2 
[11:25:07.201] [INFO   ] KP step 1
[11:25:07.201] [INFO   ] KP step 2
[11:25:07.201] [INFO   ] KP step 4
[11:25:07.201] [INFO   ] KP step 5
[11:25:07.201] [SEVERE ] player 1 placing token on slot 11
[11:25:07.200] [INFO   ] creat AI step 10 
[11:25:07.201] [INFO   ] creat AI step 11 
[11:25:07.201] [INFO   ] creat AI step 3 
[11:25:07.201] [INFO   ] creat AI step 7 
[11:25:07.201] [INFO   ] AI key pressed step 1 
[11:25:07.201] [INFO   ] AI key pressed step 2 
[11:25:07.201] [INFO   ] KP step 1
[11:25:07.201] [INFO   ] KP step 2
[11:25:07.201] [INFO   ] KP step 4
[11:25:07.201] [INFO   ] KP step 5
[11:25:07.201] [SEVERE ] player 2 placing token on slot 3
[11:25:07.200] [INFO   ] thread Thread-0wip2
[11:25:07.201] [INFO   ] thread Thread-0wip3
[11:25:07.201] [INFO   ] KP step 6
[11:25:07.202] [INFO   ] KP step 7
[11:25:07.202] [INFO   ] KP step 8
[11:25:07.202] [INFO   ] KP step 10
[11:25:07.202] [INFO   ] AI key pressed step 3, random slot: 3
[11:25:07.201] [INFO   ] thread Thread-1wip1
[11:25:07.201] [INFO   ] KP step 6
[11:25:07.202] [INFO   ] KP step 7
[11:25:07.202] [INFO   ] thread Thread-1wip2
[11:25:07.202] [INFO   ] creat AI step 8 
[11:25:07.202] [INFO   ] thread Thread-0wip4
[11:25:07.202] [INFO   ] thread Thread-1wip3
[11:25:07.203] [INFO   ] thread Thread-1wip4
[11:25:07.203] [INFO   ] KP step 8
[11:25:07.203] [INFO   ] KP step 10
[11:25:07.203] [INFO   ] AI key pressed step 3, random slot: 11
[11:25:07.203] [INFO   ] creat AI step 8 
[11:25:07.203] [INFO   ] creat AI step 9 
[11:25:07.203] [INFO   ] creat AI step 9 
[11:25:07.203] [INFO   ] thread Thread-0wip5
[11:25:07.203] [INFO   ] thread Thread-0 before  synchronize on dealer.
[11:25:07.203] [INFO   ] thread Thread-1wip5
[11:25:07.203] [INFO   ] thread Thread-1 before  synchronize on dealer.
[11:25:07.203] [INFO   ] thread Thread-0 after  synchronize on dealer.
[11:25:07.203] [INFO   ] thread Thread-0 before notify synchronize on dealer.
[11:25:07.203] [INFO   ] thread Thread-1 after  synchronize on dealer.
[11:25:07.203] [INFO   ] thread Thread-1 before notify synchronize on dealer.
[11:25:07.421] [INFO   ] place card step 0 
[11:25:07.421] [INFO   ] place card step 1 
[11:25:07.421] [INFO   ] place card step 2 
[11:25:07.421] [INFO   ] place card step 3 
[11:25:07.423] [INFO   ] place card step 5 
[11:25:07.423] [INFO   ] place card step 6 
[11:25:07.423] [INFO   ] place card step 7 
[11:25:07.423] [INFO   ] place card step 8 
[11:25:07.423] [SEVERE ] updating countdown to 26021
[11:25:07.639] [INFO   ] remove  in the table step 1
[11:25:07.639] [INFO   ] remove  in the table step 2
[11:25:07.639] [SEVERE ] setting player 1 freeze to 3000
[11:25:08.650] [SEVERE ] setting player 1 freeze to 2000
[11:25:09.662] [SEVERE ] setting player 1 freeze to 1000
[11:25:10.676] [SEVERE ] setting player 1 freeze to 0
[11:25:10.676] [SEVERE ] removing player 1 token from slot 11
[11:25:10.676] [INFO   ] remove  in the table step 1
[11:25:10.676] [INFO   ] remove  in the table step 2
[11:25:10.676] [SEVERE ] setting player 2 freeze to 3000
[11:25:10.676] [INFO   ] creat AI step 10 
[11:25:10.676] [INFO   ] creat AI step 11 
[11:25:10.676] [INFO   ] creat AI step 3 
[11:25:10.676] [INFO   ] thread Thread-0wip1
[11:25:10.676] [INFO   ] creat AI step 4 
[11:25:10.677] [INFO   ] creat AI step 5 
[11:25:11.682] [SEVERE ] setting player 2 freeze to 2000
[11:25:12.689] [SEVERE ] setting player 2 freeze to 1000
[11:25:13.704] [SEVERE ] setting player 2 freeze to 0
[11:25:13.705] [SEVERE ] removing player 2 token from slot 3
[11:25:13.705] [INFO   ] creat AI step 10 
[11:25:13.705] [INFO   ] creat AI step 11 
[11:25:13.705] [INFO   ] creat AI step 3 
[11:25:13.705] [INFO   ] creat AI step 7 
[11:25:13.705] [INFO   ] creat AI step 6 
[11:25:13.705] [INFO   ] AI key pressed step 1 
[11:25:13.705] [INFO   ] AI key pressed step 2 
[11:25:13.705] [INFO   ] thread Thread-1wip1
[11:25:13.706] [INFO   ] KP step 1
[11:25:13.706] [INFO   ] KP step 2
[11:25:13.706] [INFO   ] KP step 4
[11:25:13.706] [INFO   ] KP step 5
[11:25:13.706] [SEVERE ] player 2 placing token on slot 7
[11:25:13.705] [INFO   ] thread Thread-0wip2
[11:25:13.706] [INFO   ] KP step 6
[11:25:13.707] [INFO   ] KP step 7
[11:25:13.705] [INFO   ] creat AI step 7 
[11:25:13.707] [INFO   ] AI key pressed step 1 
[11:25:13.707] [INFO   ] AI key pressed step 2 
[11:25:13.707] [INFO   ] thread Thread-0wip3
[11:25:13.708] [INFO   ] thread Thread-0wip4
[11:25:13.706] [INFO   ] thread Thread-1wip2
[11:25:13.707] [INFO   ] KP step 1
[11:25:13.709] [INFO   ] KP step 2
[11:25:13.709] [INFO   ] KP step 4
[11:25:13.709] [INFO   ] KP step 5
[11:25:13.709] [INFO   ] thread Thread-1wip3
[11:25:13.709] [SEVERE ] player 1 placing token on slot 6
[11:25:13.709] [INFO   ] thread Thread-1wip4
[11:25:13.710] [INFO   ] KP step 6
[11:25:13.710] [INFO   ] KP step 7
[11:25:13.710] [INFO   ] KP step 8
[11:25:13.710] [INFO   ] KP step 8
[11:25:13.711] [INFO   ] KP step 10
[11:25:13.711] [INFO   ] KP step 10
[11:25:13.711] [INFO   ] AI key pressed step 3, random slot: 7
[11:25:13.711] [INFO   ] creat AI step 8 
[11:25:13.711] [INFO   ] creat AI step 9 
[11:25:13.711] [INFO   ] AI key pressed step 3, random slot: 6
[11:25:13.711] [INFO   ] creat AI step 8 
[11:25:13.711] [INFO   ] creat AI step 9 
[11:25:13.711] [INFO   ] thread Thread-1wip5
[11:25:13.712] [INFO   ] thread Thread-1 before  synchronize on dealer.
[11:25:13.712] [INFO   ] thread Thread-0wip5
[11:25:13.712] [INFO   ] thread Thread-0 before  synchronize on dealer.
[11:25:13.712] [INFO   ] thread Thread-1 after  synchronize on dealer.
[11:25:13.712] [INFO   ] thread Thread-1 before notify synchronize on dealer.
[11:25:13.712] [INFO   ] thread Thread-0 after  synchronize on dealer.
[11:25:13.712] [INFO   ] thread Thread-0 before notify synchronize on dealer.
[11:25:13.921] [INFO   ] place card step 0 
[11:25:13.921] [INFO   ] place card step 1 
[11:25:13.921] [INFO   ] place card step 2 
[11:25:13.922] [INFO   ] place card step 3 
[11:25:13.923] [INFO   ] place card step 5 
[11:25:13.923] [INFO   ] place card step 6 
[11:25:13.923] [INFO   ] place card step 7 
[11:25:13.923] [INFO   ] place card step 8 
[11:25:13.923] [SEVERE ] updating countdown to 19521
[11:25:14.138] [INFO   ] remove  in the table step 1
[11:25:14.138] [INFO   ] remove  in the table step 2
[11:25:14.138] [SEVERE ] setting player 2 freeze to 3000
[11:25:15.149] [SEVERE ] setting player 2 freeze to 2000
[11:25:16.159] [SEVERE ] setting player 2 freeze to 1000
[11:25:17.170] [SEVERE ] setting player 2 freeze to 0
[11:25:17.171] [SEVERE ] removing player 2 token from slot 7
[11:25:17.171] [INFO   ] remove  in the table step 1
[11:25:17.172] [INFO   ] remove  in the table step 2
[11:25:17.171] [INFO   ] creat AI step 10 
[11:25:17.172] [INFO   ] creat AI step 11 
[11:25:17.172] [INFO   ] creat AI step 3 
[11:25:17.172] [INFO   ] creat AI step 4 
[11:25:17.172] [INFO   ] creat AI step 5 
[11:25:17.172] [SEVERE ] setting player 1 freeze to 3000
[11:25:17.172] [INFO   ] thread Thread-1wip1
[11:25:18.175] [SEVERE ] setting player 1 freeze to 2000
[11:25:19.179] [SEVERE ] setting player 1 freeze to 1000
[11:25:20.190] [SEVERE ] setting player 1 freeze to 0
[11:25:20.190] [SEVERE ] removing player 1 token from slot 6
[11:25:20.190] [INFO   ] creat AI step 10 
[11:25:20.190] [INFO   ] creat AI step 6 
[11:25:20.191] [INFO   ] thread Thread-0wip1
[11:25:20.191] [INFO   ] thread Thread-0wip2
[11:25:20.191] [INFO   ] creat AI step 11 
[11:25:20.191] [INFO   ] thread Thread-0wip3
[11:25:20.191] [INFO   ] thread Thread-1wip2
[11:25:20.191] [INFO   ] creat AI step 7 
[11:25:20.191] [INFO   ] AI key pressed step 1 
[11:25:20.191] [INFO   ] AI key pressed step 2 
[11:25:20.191] [INFO   ] KP step 1
[11:25:20.191] [INFO   ] KP step 2
[11:25:20.191] [INFO   ] thread Thread-1wip3
[11:25:20.191] [INFO   ] thread Thread-0wip4
[11:25:20.191] [INFO   ] creat AI step 3 
[11:25:20.192] [INFO   ] creat AI step 7 
[11:25:20.192] [INFO   ] AI key pressed step 1 
[11:25:20.192] [INFO   ] AI key pressed step 2 
[11:25:20.192] [INFO   ] KP step 1
[11:25:20.192] [INFO   ] KP step 2
[11:25:20.192] [INFO   ] KP step 4
[11:25:20.192] [INFO   ] thread Thread-1wip4
[11:25:20.192] [INFO   ] KP step 4
[11:25:20.192] [INFO   ] KP step 5
[11:25:20.193] [SEVERE ] player 1 placing token on slot 11
[11:25:20.192] [INFO   ] KP step 5
[11:25:20.193] [SEVERE ] player 2 placing token on slot 6
[11:25:20.193] [INFO   ] KP step 6
[11:25:20.193] [INFO   ] KP step 7
[11:25:20.193] [INFO   ] KP step 8
[11:25:20.193] [INFO   ] KP step 10
[11:25:20.193] [INFO   ] KP step 6
[11:25:20.193] [INFO   ] KP step 7
[11:25:20.193] [INFO   ] KP step 8
[11:25:20.193] [INFO   ] KP step 10
[11:25:20.193] [INFO   ] AI key pressed step 3, random slot: 6
[11:25:20.193] [INFO   ] AI key pressed step 3, random slot: 11
[11:25:20.194] [INFO   ] creat AI step 8 
[11:25:20.194] [INFO   ] creat AI step 9 
[11:25:20.194] [INFO   ] creat AI step 8 
[11:25:20.194] [INFO   ] creat AI step 9 
[11:25:20.194] [INFO   ] thread Thread-0wip5
[11:25:20.194] [INFO   ] thread Thread-1wip5
[11:25:20.194] [INFO   ] thread Thread-1 before  synchronize on dealer.
[11:25:20.194] [INFO   ] thread Thread-0 before  synchronize on dealer.
[11:25:20.194] [INFO   ] thread Thread-1 after  synchronize on dealer.
[11:25:20.194] [INFO   ] thread Thread-1 before notify synchronize on dealer.
[11:25:20.195] [INFO   ] thread Thread-0 after  synchronize on dealer.
[11:25:20.195] [INFO   ] thread Thread-0 before notify synchronize on dealer.
[11:25:20.408] [INFO   ] place card step 0 
[11:25:20.408] [INFO   ] place card step 1 
[11:25:20.408] [INFO   ] place card step 2 
[11:25:20.408] [INFO   ] place card step 3 
[11:25:20.410] [INFO   ] place card step 5 
[11:25:20.410] [INFO   ] place card step 6 
[11:25:20.410] [INFO   ] place card step 7 
[11:25:20.410] [INFO   ] place card step 8 
[11:25:20.410] [SEVERE ] updating countdown to 13034
[11:25:20.625] [INFO   ] remove  in the table step 1
[11:25:20.625] [INFO   ] remove  in the table step 2
[11:25:20.625] [SEVERE ] setting player 2 freeze to 3000
[11:25:21.636] [SEVERE ] setting player 2 freeze to 2000
[11:25:22.643] [SEVERE ] setting player 2 freeze to 1000
[11:25:23.658] [SEVERE ] setting player 2 freeze to 0
[11:25:23.658] [SEVERE ] removing player 2 token from slot 6
[11:25:23.659] [INFO   ] remove  in the table step 1
[11:25:23.659] [INFO   ] remove  in the table step 2
[11:25:23.659] [INFO   ] creat AI step 10 
[11:25:23.659] [INFO   ] creat AI step 11 
[11:25:23.659] [INFO   ] creat AI step 3 
[11:25:23.659] [INFO   ] creat AI step 4 
[11:25:23.659] [INFO   ] creat AI step 5 
[11:25:23.659] [SEVERE ] setting player 1 freeze to 3000
[11:25:23.659] [INFO   ] thread Thread-1wip1
[11:25:24.666] [SEVERE ] setting player 1 freeze to 2000
[11:25:25.676] [SEVERE ] setting player 1 freeze to 1000
[11:25:26.686] [SEVERE ] setting player 1 freeze to 0
[11:25:26.687] [SEVERE ] removing player 1 token from slot 11
[11:25:26.687] [INFO   ] creat AI step 10 
[11:25:26.687] [INFO   ] creat AI step 6 
[11:25:26.688] [INFO   ] creat AI step 7 
[11:25:26.688] [INFO   ] AI key pressed step 1 
[11:25:26.688] [INFO   ] AI key pressed step 2 
[11:25:26.688] [INFO   ] KP step 1
[11:25:26.688] [INFO   ] thread Thread-0wip1
[11:25:26.688] [INFO   ] thread Thread-0wip2
[11:25:26.688] [INFO   ] creat AI step 11 
[11:25:26.689] [INFO   ] creat AI step 3 
[11:25:26.689] [INFO   ] thread Thread-0wip3
[11:25:26.688] [INFO   ] KP step 2
[11:25:26.688] [INFO   ] thread Thread-1wip2
[11:25:26.689] [INFO   ] KP step 4
[11:25:26.690] [INFO   ] KP step 5
[11:25:26.689] [INFO   ] thread Thread-0wip4
[11:25:26.691] [SEVERE ] player 2 placing token on slot 0
[11:25:26.689] [INFO   ] thread Thread-1wip3
[11:25:26.692] [INFO   ] thread Thread-1wip4
[11:25:26.692] [INFO   ] KP step 6
[11:25:26.691] [INFO   ] creat AI step 7 
[11:25:26.692] [INFO   ] AI key pressed step 1 
[11:25:26.692] [INFO   ] KP step 7
[11:25:26.693] [INFO   ] KP step 8
[11:25:26.693] [INFO   ] KP step 10
[11:25:26.693] [INFO   ] AI key pressed step 3, random slot: 0
[11:25:26.693] [INFO   ] creat AI step 8 
[11:25:26.693] [INFO   ] creat AI step 9 
[11:25:26.693] [INFO   ] AI key pressed step 2 
[11:25:26.693] [INFO   ] KP step 1
[11:25:26.693] [INFO   ] KP step 2
[11:25:26.693] [INFO   ] KP step 4
[11:25:26.694] [INFO   ] KP step 5
[11:25:26.693] [INFO   ] thread Thread-1wip5
[11:25:26.694] [SEVERE ] player 1 placing token on slot 0
[11:25:26.694] [INFO   ] thread Thread-1 before  synchronize on dealer.
[11:25:26.695] [INFO   ] thread Thread-1 after  synchronize on dealer.
[11:25:26.695] [INFO   ] thread Thread-1 before notify synchronize on dealer.
[11:25:26.695] [INFO   ] KP step 6
[11:25:26.695] [INFO   ] KP step 7
[11:25:26.695] [INFO   ] KP step 8
[11:25:26.695] [INFO   ] KP step 10
[11:25:26.695] [INFO   ] AI key pressed step 3, random slot: 0
[11:25:26.696] [INFO   ] creat AI step 8 
[11:25:26.696] [INFO   ] creat AI step 9 
[11:25:26.696] [INFO   ] thread Thread-0wip5
[11:25:26.696] [INFO   ] thread Thread-0 before  synchronize on dealer.
[11:25:26.696] [INFO   ] thread Thread-0 after  synchronize on dealer.
[11:25:26.697] [INFO   ] thread Thread-0 before notify synchronize on dealer.
[11:25:26.903] [INFO   ] place card step 0 
[11:25:26.904] [INFO   ] place card step 1 
[11:25:26.904] [INFO   ] place card step 2 
[11:25:26.904] [INFO   ] place card step 3 
[11:25:26.904] [INFO   ] place card step 5 
[11:25:26.904] [INFO   ] place card step 6 
[11:25:26.904] [INFO   ] place card step 7 
[11:25:26.904] [INFO   ] place card step 8 
[11:25:26.904] [SEVERE ] updating countdown to 6540
[11:25:27.120] [INFO   ] remove  in the table step 1
[11:25:27.120] [INFO   ] remove  in the table step 2
[11:25:27.121] [SEVERE ] setting player 2 freeze to 3000
[11:25:28.128] [SEVERE ] setting player 2 freeze to 2000
[11:25:29.140] [SEVERE ] setting player 2 freeze to 1000
[11:25:30.155] [SEVERE ] setting player 2 freeze to 0
[11:25:30.155] [SEVERE ] removing player 2 token from slot 0
[11:25:30.155] [INFO   ] remove  in the table step 1
[11:25:30.155] [INFO   ] remove  in the table step 2
[11:25:30.155] [SEVERE ] setting player 1 freeze to 3000
[11:25:30.155] [INFO   ] creat AI step 10 
[11:25:30.155] [INFO   ] creat AI step 11 
[11:25:30.155] [INFO   ] creat AI step 3 
[11:25:30.155] [INFO   ] creat AI step 4 
[11:25:30.155] [INFO   ] creat AI step 5 
[11:25:30.155] [INFO   ] thread Thread-1wip1
[11:25:31.160] [SEVERE ] setting player 1 freeze to 2000
[11:25:32.171] [SEVERE ] setting player 1 freeze to 1000
[11:25:33.182] [SEVERE ] setting player 1 freeze to 0
[11:25:33.182] [SEVERE ] removing player 1 token from slot 0
[11:25:33.182] [INFO   ] creat AI step 10 
[11:25:33.182] [INFO   ] creat AI step 11 
[11:25:33.182] [INFO   ] thread Thread-0wip1
[11:25:33.182] [INFO   ] creat AI step 6 
[11:25:33.183] [INFO   ] thread Thread-0wip2
[11:25:33.183] [INFO   ] thread Thread-0wip3
[11:25:33.183] [INFO   ] thread Thread-0wip4
[11:25:33.182] [INFO   ] creat AI step 3 
[11:25:33.183] [INFO   ] creat AI step 7 
[11:25:33.184] [INFO   ] AI key pressed step 1 
[11:25:33.184] [INFO   ] AI key pressed step 2 
[11:25:33.184] [INFO   ] KP step 1
[11:25:33.184] [INFO   ] KP step 2
[11:25:33.184] [INFO   ] KP step 4
[11:25:33.183] [INFO   ] thread Thread-1wip2
[11:25:33.183] [INFO   ] creat AI step 7 
[11:25:33.184] [INFO   ] thread Thread-1wip3
[11:25:33.184] [INFO   ] KP step 5
[11:25:33.186] [INFO   ] thread Thread-1wip4
[11:25:33.184] [INFO   ] AI key pressed step 1 
[11:25:33.186] [SEVERE ] player 1 placing token on slot 4
[11:25:33.186] [INFO   ] AI key pressed step 2 
[11:25:33.187] [INFO   ] KP step 1
[11:25:33.188] [INFO   ] KP step 2
[11:25:33.188] [INFO   ] KP step 4
[11:25:33.187] [INFO   ] KP step 6
[11:25:33.188] [INFO   ] KP step 7
[11:25:33.188] [INFO   ] KP step 8
[11:25:33.188] [INFO   ] KP step 5
[11:25:33.188] [SEVERE ] player 2 placing token on slot 1
[11:25:33.188] [INFO   ] KP step 10
[11:25:33.189] [INFO   ] KP step 6
[11:25:33.189] [INFO   ] KP step 7
[11:25:33.189] [INFO   ] KP step 8
[11:25:33.189] [INFO   ] KP step 10
[11:25:33.189] [INFO   ] AI key pressed step 3, random slot: 1
[11:25:33.189] [INFO   ] creat AI step 8 
[11:25:33.189] [INFO   ] creat AI step 9 
[11:25:33.189] [INFO   ] AI key pressed step 3, random slot: 4
[11:25:33.189] [INFO   ] thread Thread-1wip5
[11:25:33.190] [INFO   ] thread Thread-1 before  synchronize on dealer.
[11:25:33.190] [INFO   ] creat AI step 8 
[11:25:33.191] [INFO   ] thread Thread-1 after  synchronize on dealer.
[11:25:33.191] [INFO   ] thread Thread-1 before notify synchronize on dealer.
[11:25:33.191] [INFO   ] creat AI step 9 
[11:25:33.191] [INFO   ] thread Thread-0wip5
[11:25:33.192] [INFO   ] thread Thread-0 before  synchronize on dealer.
[11:25:33.192] [INFO   ] thread Thread-0 after  synchronize on dealer.
[11:25:33.192] [INFO   ] thread Thread-0 before notify synchronize on dealer.
[11:25:33.398] [INFO   ] place card step 0 
[11:25:33.398] [INFO   ] place card step 1 
[11:25:33.398] [INFO   ] place card step 2 
[11:25:33.398] [INFO   ] place card step 3 
[11:25:33.400] [INFO   ] place card step 5 
[11:25:33.400] [INFO   ] place card step 6 
[11:25:33.400] [INFO   ] place card step 7 
[11:25:33.400] [INFO   ] place card step 8 
[11:25:33.616] [INFO   ] remove  in the table step 1
[11:25:33.616] [INFO   ] remove  in the table step 2
[11:25:33.616] [SEVERE ] setting player 2 freeze to 3000
[11:25:34.588] [SEVERE ] exit button pressed
[11:25:34.630] [SEVERE ] setting player 2 freeze to 2000
[11:25:35.644] [SEVERE ] setting player 2 freeze to 1000
[11:25:36.655] [SEVERE ] setting player 2 freeze to 0
[11:25:36.655] [SEVERE ] removing player 2 token from slot 1
[11:25:36.655] [INFO   ] remove  in the table step 1
[11:25:36.655] [INFO   ] creat AI step 10 
[11:25:36.655] [INFO   ] remove  in the table step 2
[11:25:36.655] [INFO   ] thread Thread-1wip1
[11:25:36.655] [INFO   ] creat AI step 11 
[11:25:36.655] [INFO   ] creat AI step 3 
[11:25:36.655] [INFO   ] thread Thread-1wip2
[11:25:36.656] [INFO   ] thread Thread-1wip3
[11:25:36.655] [SEVERE ] setting player 1 freeze to 3000
[11:25:36.656] [INFO   ] thread Thread-1wip4
[11:25:36.656] [INFO   ] creat AI step 4 
[11:25:36.656] [INFO   ] creat AI step 5 
[11:25:37.660] [SEVERE ] setting player 1 freeze to 2000
[11:25:38.672] [SEVERE ] setting player 1 freeze to 1000
[11:25:39.686] [SEVERE ] setting player 1 freeze to 0
[11:25:39.686] [SEVERE ] removing player 1 token from slot 4
[11:25:39.686] [INFO   ] creat AI step 10 
[11:25:39.686] [INFO   ] creat AI step 11 
[11:25:39.687] [INFO   ] creat AI step 3 
[11:25:39.686] [INFO   ] creat AI step 6 
[11:25:39.687] [INFO   ] creat AI step 7 
[11:25:39.687] [INFO   ] thread Thread-0wip1
[11:25:39.687] [INFO   ] AI key pressed step 1 
[11:25:39.687] [INFO   ] AI key pressed step 2 
[11:25:39.687] [INFO   ] creat AI step 7 
[11:25:39.687] [INFO   ] KP step 1
[11:25:39.687] [INFO   ] thread Thread-0wip2
[11:25:39.688] [INFO   ] KP step 2
[11:25:39.687] [INFO   ] AI key pressed step 1 
[11:25:39.688] [INFO   ] KP step 4
[11:25:39.688] [INFO   ] thread Thread-0wip3
[11:25:39.688] [INFO   ] KP step 5
[11:25:39.688] [INFO   ] AI key pressed step 2 
[11:25:39.689] [SEVERE ] player 1 placing token on slot 10
[11:25:39.688] [INFO   ] thread Thread-0wip4
[11:25:39.689] [INFO   ] KP step 1
[11:25:39.689] [INFO   ] KP step 6
[11:25:39.689] [INFO   ] KP step 7
[11:25:39.689] [INFO   ] KP step 2
[11:25:39.689] [INFO   ] KP step 4
[11:25:39.689] [INFO   ] KP step 8
[11:25:39.690] [INFO   ] KP step 5
[11:25:39.690] [INFO   ] KP step 10
[11:25:39.690] [SEVERE ] player 2 placing token on slot 6
[11:25:39.690] [INFO   ] AI key pressed step 3, random slot: 10
[11:25:39.691] [INFO   ] creat AI step 8 
[11:25:39.691] [INFO   ] creat AI step 9 
[11:25:39.691] [INFO   ] KP step 6
[11:25:39.691] [INFO   ] KP step 7
[11:25:39.691] [INFO   ] KP step 8
[11:25:39.691] [INFO   ] KP step 10
[11:25:39.691] [INFO   ] thread Thread-0wip5
[11:25:39.691] [INFO   ] AI key pressed step 3, random slot: 6
[11:25:39.692] [INFO   ] creat AI step 8 
[11:25:39.692] [INFO   ] creat AI step 9 
[11:25:39.691] [INFO   ] thread Thread-0 before  synchronize on dealer.
[11:25:39.692] [INFO   ] thread Thread-1wip5
[11:25:39.692] [INFO   ] thread Thread-0 after  synchronize on dealer.
[11:25:39.692] [INFO   ] thread Thread-1 before  synchronize on dealer.
[11:25:39.692] [INFO   ] thread Thread-0 before notify synchronize on dealer.
[11:25:39.692] [INFO   ] thread Thread-1 after  synchronize on dealer.
[11:25:39.692] [INFO   ] thread Thread-1 before notify synchronize on dealer.
[11:25:39.904] [INFO   ] place card step 0 
[11:25:39.904] [INFO   ] place card step 1 
[11:25:39.904] [INFO   ] place card step 2 
[11:25:39.904] [INFO   ] place card step 3 
[11:25:39.905] [INFO   ] place card step 5 
[11:25:39.905] [INFO   ] place card step 6 
[11:25:39.905] [INFO   ] place card step 7 
[11:25:39.905] [INFO   ] place card step 8 
[11:25:39.905] [SEVERE ] updating countdown to 60000
[11:25:40.123] [INFO   ] REMOVE ALL 1 
[11:25:40.123] [INFO   ] remove  in the table step 1
[11:25:40.123] [INFO   ] remove  in the table step 2
[11:25:40.123] [INFO   ] remove  in the table step 1
[11:25:40.123] [INFO   ] remove  in the table step 2
[11:25:40.123] [INFO   ] creat AI step 10 
[11:25:40.123] [INFO   ] creat AI step 10 
[11:25:40.124] [INFO   ] creat AI step 11 
[11:25:40.123] [INFO   ] REMOVE ALL 2 
[11:25:40.124] [INFO   ] creat AI step 3 
[11:25:40.124] [INFO   ] thread Thread-1wip1
[11:25:40.124] [INFO   ] thread Thread-0wip1
[11:25:40.124] [INFO   ] creat AI step 11 
[11:25:40.124] [INFO   ] thread Thread-0wip2
[11:25:40.124] [INFO   ] creat AI step 4 
[11:25:40.124] [SEVERE ] removing player 1 token from slot 10
[11:25:40.125] [INFO   ] creat AI step 5 
[11:25:40.125] [INFO   ] thread Thread-0wip3
[11:25:40.124] [INFO   ] creat AI step 3 
[11:25:40.125] [INFO   ] thread Thread-0wip4
[11:25:40.125] [SEVERE ] removing player 2 token from slot 6
[11:25:40.125] [INFO   ] creat AI step 4 
[11:25:40.125] [INFO   ] REMOVE ALL 3 
[11:25:40.125] [INFO   ] creat AI step 5 
[11:25:40.226] [SEVERE ] removing card from slot 0
[11:25:40.327] [SEVERE ] removing card from slot 1
[11:25:40.428] [SEVERE ] removing card from slot 2
[11:25:40.529] [SEVERE ] removing card from slot 3
[11:25:40.630] [SEVERE ] removing card from slot 4
[11:25:40.730] [SEVERE ] removing card from slot 5
[11:25:40.839] [SEVERE ] removing card from slot 6
[11:25:40.948] [SEVERE ] removing card from slot 7
[11:25:41.058] [SEVERE ] removing card from slot 8
[11:25:41.166] [SEVERE ] removing card from slot 9
[11:25:41.276] [SEVERE ] removing card from slot 10
[11:25:41.385] [SEVERE ] removing card from slot 11
[11:25:41.385] [INFO   ] REMOVE ALL 4 
[11:25:41.385] [INFO   ] REMOVE ALL 5 
[11:25:41.385] [INFO   ] creat AI step 6 
[11:25:41.385] [INFO   ] creat AI step 7 
[11:25:41.385] [INFO   ] creat AI step 6 
[11:25:41.386] [INFO   ] creat AI step 7 
[11:25:41.386] [INFO   ] AI key pressed step 1 
[11:25:41.386] [INFO   ] AI key pressed step 2 
[11:25:41.385] [INFO   ] thread Thread-1wip2
[11:25:41.385] [INFO   ] AI key pressed step 1 
[11:25:41.386] [INFO   ] AI key pressed step 2 
[11:25:41.386] [INFO   ] KP step 1
[11:25:41.386] [INFO   ] KP step 7
[11:25:41.386] [INFO   ] thread Thread-1wip3
[11:25:41.386] [INFO   ] KP step 1
[11:25:41.387] [INFO   ] KP step 7
[11:25:41.387] [INFO   ] KP step 8
[11:25:41.387] [INFO   ] KP step 10
[11:25:41.387] [INFO   ] AI key pressed step 3, random slot: 4
[11:25:41.387] [INFO   ] creat AI step 8 
[11:25:41.387] [INFO   ] thread Thread-1wip4
[11:25:41.387] [INFO   ] KP step 8
[11:25:41.387] [INFO   ] KP step 10
[11:25:41.387] [INFO   ] AI key pressed step 3, random slot: 8
[11:25:41.387] [INFO   ] creat AI step 8 
[11:25:41.387] [INFO   ] creat AI step 9 
[11:25:41.387] [INFO   ] creat AI step 9 
[11:25:41.388] [INFO   ] thread Thread-1wip5
[11:25:41.388] [INFO   ] thread Thread-1 before  synchronize on dealer.
[11:25:41.388] [INFO   ] thread Thread-1 after  synchronize on dealer.
[11:25:41.388] [INFO   ] thread Thread-1 before notify synchronize on dealer.
[11:25:41.388] [INFO   ] thread Thread-0wip5
[11:25:41.388] [INFO   ] thread Thread-0 before  synchronize on dealer.
[11:25:41.388] [INFO   ] thread Thread-0 after  synchronize on dealer.
[11:25:41.389] [INFO   ] thread Thread-0 before notify synchronize on dealer.
[11:25:41.588] [INFO   ] place card step 0 
[11:25:41.588] [INFO   ] place card step 1 
[11:25:41.695] [SEVERE ] placing card 25 in slot 0
[11:25:41.805] [SEVERE ] placing card 6 in slot 1
[11:25:41.913] [SEVERE ] placing card 7 in slot 2
[11:25:42.020] [SEVERE ] placing card 1 in slot 3
[11:25:42.128] [SEVERE ] placing card 37 in slot 4
[11:25:42.236] [SEVERE ] placing card 39 in slot 5
[11:25:42.347] [SEVERE ] placing card 57 in slot 6
[11:25:42.456] [SEVERE ] placing card 79 in slot 7
[11:25:42.565] [SEVERE ] placing card 13 in slot 8
[11:25:42.674] [SEVERE ] placing card 44 in slot 9
[11:25:42.781] [SEVERE ] placing card 51 in slot 10
[11:25:42.889] [SEVERE ] placing card 4 in slot 11
[11:25:42.889] [INFO   ] place card step 2 
[11:25:42.889] [INFO   ] place card step 3 
[11:25:42.890] [INFO   ] place card step 5 
[11:25:42.890] [INFO   ] place card step 6 
[11:25:42.890] [INFO   ] place card step 7 
[11:25:42.890] [INFO   ] place card step 8 
[11:25:42.890] [SEVERE ] updating countdown to 57015
[11:25:43.108] [INFO   ] remove  in the table step 1
[11:25:43.108] [INFO   ] remove  in the table step 2
[11:25:43.108] [SEVERE ] setting player 2 freeze to 3000
[11:25:44.115] [SEVERE ] setting player 2 freeze to 2000
[11:25:45.117] [SEVERE ] setting player 2 freeze to 1000
[11:25:46.117] [SEVERE ] setting player 2 freeze to 0
[11:25:46.118] [INFO   ] creat AI step 11 
[11:25:46.118] [INFO   ] thread computer-1 terminated.
[11:25:46.118] [INFO   ] thread Thread-1 terminated.
[11:25:46.118] [INFO   ] creat AI step 11 
[11:25:46.118] [INFO   ] thread computer-0 terminated.
[11:25:46.118] [INFO   ] thread Thread-0 terminated.
[11:25:46.121] [INFO   ] thread dealer terminated.
[11:25:46.121] [SEVERE ] thanks for playing... it was fun!
[11:25:46.122] [INFO   ] thread main terminated.
