[11:46:07.833] [INFO   ] thread main starting.
[11:46:07.849] [SEVERE ] cannot read configuration file config.properties trying from resources.
[11:46:07.853] [SEVERE ] configuration file was loaded from resources directory.
[11:46:08.767] [INFO   ] thread dealer starting.
[11:46:08.768] [INFO   ] thread dealer starting.
[11:46:08.769] [INFO   ] thread Thread-0 starting.
[11:46:08.772] [INFO   ] creat AI step 1 
[11:46:08.772] [INFO   ] thread computer-0 starting.
[11:46:08.772] [INFO   ] creat AI step 2 
[11:46:08.773] [INFO   ] thread Thread-0wip1
[11:46:08.773] [INFO   ] creat AI step 3 
[11:46:08.774] [INFO   ] thread Thread-1 starting.
[11:46:08.773] [INFO   ] thread Thread-0wip2
[11:46:08.777] [INFO   ] thread Thread-0wip3
[11:46:08.777] [INFO   ] creat AI step 1 
[11:46:08.777] [INFO   ] thread Thread-0wip4
[11:46:08.777] [INFO   ] thread computer-1 starting.
[11:46:08.778] [INFO   ] creat AI step 2 
[11:46:08.778] [INFO   ] creat AI step 3 
[11:46:08.778] [INFO   ] creat AI step 7 
[11:46:08.779] [INFO   ] creat AI step 7 
[11:46:08.779] [INFO   ] AI key pressed step 1 
[11:46:08.778] [SEVERE ] updating countdown to 60000
[11:46:08.778] [INFO   ] thread Thread-1wip1
[11:46:08.780] [INFO   ] AI key pressed step 2 
[11:46:08.779] [INFO   ] AI key pressed step 1 
[11:46:08.781] [INFO   ] KP step 1computer-1
[11:46:08.780] [INFO   ] thread Thread-1wip2
[11:46:08.781] [INFO   ] KP step 7computer-1
[11:46:08.781] [INFO   ] AI key pressed step 2 
[11:46:08.781] [INFO   ] thread Thread-1wip3
[11:46:08.782] [INFO   ] KP step 1computer-0
[11:46:08.782] [INFO   ] thread Thread-1wip4
[11:46:08.782] [INFO   ] KP step 7computer-0
[11:46:08.782] [INFO   ] KP step 8computer-1
[11:46:08.783] [INFO   ] KP step 8computer-0
[11:46:08.783] [INFO   ] KP step 10computer-1
[11:46:08.783] [INFO   ] KP step 10computer-0
[11:46:08.784] [INFO   ] AI key pressed step 3, random slot: 2
[11:46:08.784] [INFO   ] AI key pressed step 3, random slot: 2
[11:46:08.785] [INFO   ] creat AI step 8 
[11:46:08.784] [INFO   ] creat AI step 8 
[11:46:08.785] [INFO   ] creat AI step 9 
[11:46:08.785] [INFO   ] thread Thread-0wip5
[11:46:08.786] [INFO   ] thread Thread-0 before  synchronize on dealer.
[11:46:08.785] [INFO   ] creat AI step 9 
[11:46:08.787] [INFO   ] thread Thread-0 after  synchronize on dealer.
[11:46:08.787] [INFO   ] thread Thread-1wip5
[11:46:08.787] [INFO   ] thread Thread-1 before  synchronize on dealer.
[11:46:08.787] [INFO   ] thread Thread-0 before notify synchronize on dealer.
[11:46:08.788] [INFO   ] thread Thread-1 after  synchronize on dealer.
[11:46:08.789] [INFO   ] thread Thread-1 before notify synchronize on dealer.
[11:46:09.013] [INFO   ] place card step 0 
[11:46:09.013] [INFO   ] place card step 1 
[11:46:09.125] [SEVERE ] placing card 73 in slot 0
[11:46:09.232] [SEVERE ] placing card 25 in slot 1
[11:46:09.341] [SEVERE ] placing card 75 in slot 2
[11:46:09.449] [SEVERE ] placing card 72 in slot 3
[11:46:09.556] [SEVERE ] placing card 29 in slot 4
[11:46:09.664] [SEVERE ] placing card 45 in slot 5
[11:46:09.771] [SEVERE ] placing card 21 in slot 6
[11:46:09.882] [SEVERE ] placing card 5 in slot 7
[11:46:09.991] [SEVERE ] placing card 39 in slot 8
[11:46:10.100] [SEVERE ] placing card 27 in slot 9
[11:46:10.210] [SEVERE ] placing card 6 in slot 10
[11:46:10.319] [SEVERE ] placing card 60 in slot 11
[11:46:10.319] [INFO   ] place card step 2 
[11:46:10.320] [INFO   ] place card step 3 
[11:46:10.332] [INFO   ] place card step 5 
[11:46:10.332] [INFO   ] place card step 6 
[11:46:10.333] [INFO   ] place card step 7 
[11:46:10.333] [INFO   ] place card step 8 
[11:46:10.333] [SEVERE ] updating countdown to 58448
[11:46:10.552] [INFO   ] remove  in the table step 1
[11:46:10.553] [INFO   ] remove  in the table step 2
[11:46:10.553] [INFO   ] penalty
[11:46:10.554] [SEVERE ] setting player 1 freeze to 3000
[11:46:11.565] [SEVERE ] setting player 1 freeze to 2000
[11:46:12.572] [SEVERE ] setting player 1 freeze to 1000
[11:46:13.587] [SEVERE ] setting player 1 freeze to 0
[11:46:13.588] [INFO   ] remove  in the table step 1
[11:46:13.588] [INFO   ] creat AI step 10 
[11:46:13.588] [INFO   ] remove  in the table step 2
[11:46:13.589] [INFO   ] creat AI step 11 
[11:46:13.590] [INFO   ] creat AI step 3 
[11:46:13.589] [INFO   ] thread Thread-0wip1
[11:46:13.590] [INFO   ] creat AI step 4 
[11:46:13.591] [INFO   ] creat AI step 5 
[11:46:13.589] [INFO   ] penalty
[11:46:13.591] [SEVERE ] setting player 2 freeze to 3000
[11:46:14.594] [SEVERE ] setting player 2 freeze to 2000
[11:46:15.595] [SEVERE ] setting player 2 freeze to 1000
[11:46:16.603] [SEVERE ] setting player 2 freeze to 0
[11:46:16.603] [INFO   ] creat AI step 10 
[11:46:16.603] [INFO   ] creat AI step 6 
[11:46:16.603] [INFO   ] thread Thread-1wip1
[11:46:16.603] [INFO   ] creat AI step 11 
[11:46:16.603] [INFO   ] thread Thread-1wip2
[11:46:16.603] [INFO   ] thread Thread-0wip2
[11:46:16.605] [INFO   ] thread Thread-0wip3
[11:46:16.605] [INFO   ] thread Thread-0wip4
[11:46:16.603] [INFO   ] creat AI step 7 
[11:46:16.605] [INFO   ] thread Thread-1wip3
[11:46:16.605] [INFO   ] creat AI step 3 
[11:46:16.606] [INFO   ] thread Thread-1wip4
[11:46:16.605] [INFO   ] AI key pressed step 1 
[11:46:16.606] [INFO   ] creat AI step 7 
[11:46:16.606] [INFO   ] AI key pressed step 2 
[11:46:16.606] [INFO   ] AI key pressed step 1 
[11:46:16.607] [INFO   ] KP step 1computer-0
[11:46:16.607] [INFO   ] AI key pressed step 2 
[11:46:16.607] [INFO   ] KP step 2computer-0
[11:46:16.607] [INFO   ] KP step 1computer-1
[11:46:16.607] [INFO   ] KP step 4computer-0
[11:46:16.608] [INFO   ] KP step 2computer-1
[11:46:16.608] [INFO   ] KP step 4computer-1
[11:46:16.608] [INFO   ] KP step 5computer-1
[11:46:16.608] [INFO   ] KP step 5computer-0
[11:46:16.608] [SEVERE ] player 2 placing token on slot 3
[11:46:16.608] [SEVERE ] player 1 placing token on slot 1
[11:46:16.608] [INFO   ] KP step 6computer-1
[11:46:16.608] [INFO   ] KP step 6computer-0
[11:46:16.608] [INFO   ] KP step 7computer-1
[11:46:16.608] [INFO   ] KP step 7computer-0
[11:46:16.608] [INFO   ] KP step 8computer-0
[11:46:16.608] [INFO   ] KP step 8computer-1
[11:46:16.608] [INFO   ] KP step 10computer-0
[11:46:16.609] [INFO   ] KP step 10computer-1
[11:46:16.609] [INFO   ] AI key pressed step 3, random slot: 1
[11:46:16.609] [INFO   ] AI key pressed step 3, random slot: 3
[11:46:16.609] [INFO   ] creat AI step 8 
[11:46:16.609] [INFO   ] creat AI step 8 
[11:46:16.609] [INFO   ] creat AI step 9 
[11:46:16.609] [INFO   ] creat AI step 9 
[11:46:16.609] [INFO   ] thread Thread-0wip5
[11:46:16.609] [INFO   ] thread Thread-1wip5
[11:46:16.609] [INFO   ] thread Thread-0 before  synchronize on dealer.
[11:46:16.609] [INFO   ] thread Thread-0 after  synchronize on dealer.
[11:46:16.609] [INFO   ] thread Thread-1 before  synchronize on dealer.
[11:46:16.609] [INFO   ] thread Thread-0 before notify synchronize on dealer.
[11:46:16.611] [INFO   ] thread Thread-1 after  synchronize on dealer.
[11:46:16.611] [INFO   ] thread Thread-1 before notify synchronize on dealer.
[11:46:16.823] [INFO   ] place card step 0 
[11:46:16.823] [INFO   ] place card step 1 
[11:46:16.824] [INFO   ] place card step 2 
[11:46:16.824] [INFO   ] place card step 3 
[11:46:16.829] [INFO   ] place card step 5 
[11:46:16.829] [INFO   ] place card step 6 
[11:46:16.829] [INFO   ] place card step 7 
[11:46:16.830] [INFO   ] place card step 8 
[11:46:16.830] [SEVERE ] updating countdown to 51951
[11:46:17.043] [INFO   ] remove  in the table step 1
[11:46:17.043] [INFO   ] remove  in the table step 2
[11:46:17.043] [INFO   ] penalty
[11:46:17.044] [SEVERE ] setting player 1 freeze to 3000
[11:46:18.058] [SEVERE ] setting player 1 freeze to 2000
[11:46:19.070] [SEVERE ] setting player 1 freeze to 1000
[11:46:20.078] [SEVERE ] setting player 1 freeze to 0
[11:46:20.079] [SEVERE ] removing player 1 token from slot 1
[11:46:20.079] [INFO   ] remove  in the table step 1
[11:46:20.079] [INFO   ] creat AI step 10 
[11:46:20.079] [INFO   ] creat AI step 11 
[11:46:20.080] [INFO   ] creat AI step 3 
[11:46:20.080] [INFO   ] creat AI step 4 
[11:46:20.080] [INFO   ] creat AI step 5 
[11:46:20.079] [INFO   ] remove  in the table step 2
[11:46:20.079] [INFO   ] thread Thread-0wip1
[11:46:20.080] [INFO   ] penalty
[11:46:20.080] [SEVERE ] setting player 2 freeze to 3000
[11:46:20.612] [SEVERE ] exit button pressed
[11:46:21.082] [SEVERE ] setting player 2 freeze to 2000
[11:46:22.092] [SEVERE ] setting player 2 freeze to 1000
[11:46:23.101] [SEVERE ] setting player 2 freeze to 0
[11:46:23.102] [SEVERE ] removing player 2 token from slot 3
[11:46:23.102] [INFO   ] creat AI step 6 
[11:46:23.102] [INFO   ] creat AI step 7 
[11:46:23.102] [INFO   ] AI key pressed step 1 
[11:46:23.103] [INFO   ] AI key pressed step 2 
[11:46:23.103] [INFO   ] KP step 1computer-0
[11:46:23.103] [INFO   ] KP step 2computer-0
[11:46:23.103] [INFO   ] KP step 4computer-0
[11:46:23.103] [INFO   ] KP step 5computer-0
[11:46:23.103] [SEVERE ] player 1 placing token on slot 6
[11:46:23.102] [INFO   ] creat AI step 10 
[11:46:23.103] [INFO   ] creat AI step 11 
[11:46:23.105] [INFO   ] creat AI step 3 
[11:46:23.105] [INFO   ] creat AI step 7 
[11:46:23.105] [INFO   ] AI key pressed step 1 
[11:46:23.105] [INFO   ] AI key pressed step 2 
[11:46:23.103] [INFO   ] KP step 6computer-0
[11:46:23.106] [INFO   ] KP step 7computer-0
[11:46:23.102] [INFO   ] thread Thread-0wip2
[11:46:23.106] [INFO   ] thread Thread-0wip3
[11:46:23.106] [INFO   ] thread Thread-0wip4
[11:46:23.105] [INFO   ] KP step 1computer-1
[11:46:23.105] [INFO   ] thread Thread-1wip1
[11:46:23.107] [INFO   ] KP step 2computer-1
[11:46:23.107] [INFO   ] KP step 4computer-1
[11:46:23.107] [INFO   ] KP step 8computer-0
[11:46:23.108] [INFO   ] KP step 10computer-0
[11:46:23.108] [INFO   ] AI key pressed step 3, random slot: 6
[11:46:23.108] [INFO   ] creat AI step 8 
[11:46:23.108] [INFO   ] creat AI step 9 
[11:46:23.107] [INFO   ] KP step 5computer-1
[11:46:23.108] [SEVERE ] player 2 placing token on slot 6
[11:46:23.107] [INFO   ] thread Thread-1wip2
[11:46:23.109] [INFO   ] thread Thread-1wip3
[11:46:23.109] [INFO   ] thread Thread-1wip4
[11:46:23.109] [INFO   ] KP step 6computer-1
[11:46:23.109] [INFO   ] KP step 7computer-1
[11:46:23.109] [INFO   ] KP step 8computer-1
[11:46:23.110] [INFO   ] KP step 10computer-1
[11:46:23.110] [INFO   ] AI key pressed step 3, random slot: 6
[11:46:23.110] [INFO   ] creat AI step 8 
[11:46:23.110] [INFO   ] creat AI step 9 
[11:46:23.108] [INFO   ] thread Thread-0wip5
[11:46:23.110] [INFO   ] thread Thread-0 before  synchronize on dealer.
[11:46:23.111] [INFO   ] thread Thread-0 after  synchronize on dealer.
[11:46:23.111] [INFO   ] thread Thread-0 before notify synchronize on dealer.
[11:46:23.110] [INFO   ] thread Thread-1wip5
[11:46:23.111] [INFO   ] thread Thread-1 before  synchronize on dealer.
[11:46:23.111] [INFO   ] thread Thread-1 after  synchronize on dealer.
[11:46:23.112] [INFO   ] thread Thread-1 before notify synchronize on dealer.
[11:46:23.320] [INFO   ] place card step 0 
[11:46:23.320] [INFO   ] place card step 1 
[11:46:23.320] [INFO   ] place card step 2 
[11:46:23.320] [INFO   ] place card step 3 
[11:46:23.322] [INFO   ] place card step 5 
[11:46:23.323] [INFO   ] place card step 6 
[11:46:23.323] [INFO   ] place card step 7 
[11:46:23.323] [INFO   ] place card step 8 
[11:46:23.323] [SEVERE ] updating countdown to 45458
[11:46:23.538] [INFO   ] remove  in the table step 1
[11:46:23.538] [INFO   ] remove  in the table step 2
[11:46:23.538] [INFO   ] penalty
[11:46:23.539] [SEVERE ] setting player 1 freeze to 3000
[11:46:24.552] [SEVERE ] setting player 1 freeze to 2000
[11:46:25.567] [SEVERE ] setting player 1 freeze to 1000
[11:46:26.576] [SEVERE ] setting player 1 freeze to 0
[11:46:26.577] [SEVERE ] removing player 1 token from slot 6
[11:46:26.578] [INFO   ] remove  in the table step 1
[11:46:26.578] [INFO   ] remove  in the table step 2
[11:46:26.578] [INFO   ] creat AI step 10 
[11:46:26.578] [INFO   ] penalty
[11:46:26.578] [SEVERE ] setting player 2 freeze to 3000
[11:46:26.578] [INFO   ] thread Thread-0wip1
[11:46:26.578] [INFO   ] thread Thread-0wip2
[11:46:26.578] [INFO   ] thread Thread-0wip3
[11:46:26.578] [INFO   ] creat AI step 11 
[11:46:26.579] [INFO   ] creat AI step 3 
[11:46:26.578] [INFO   ] thread Thread-0wip4
[11:46:26.579] [INFO   ] creat AI step 4 
[11:46:26.579] [INFO   ] creat AI step 5 
[11:46:27.579] [SEVERE ] setting player 2 freeze to 2000
[11:46:28.584] [SEVERE ] setting player 2 freeze to 1000
[11:46:29.596] [SEVERE ] setting player 2 freeze to 0
[11:46:29.596] [SEVERE ] removing player 2 token from slot 6
[11:46:29.597] [INFO   ] creat AI step 10 
[11:46:29.597] [INFO   ] creat AI step 11 
[11:46:29.597] [INFO   ] creat AI step 3 
[11:46:29.597] [INFO   ] creat AI step 7 
[11:46:29.597] [INFO   ] AI key pressed step 1 
[11:46:29.597] [INFO   ] creat AI step 6 
[11:46:29.598] [INFO   ] creat AI step 7 
[11:46:29.598] [INFO   ] AI key pressed step 1 
[11:46:29.598] [INFO   ] AI key pressed step 2 
[11:46:29.598] [INFO   ] KP step 1computer-1
[11:46:29.598] [INFO   ] KP step 2computer-1
[11:46:29.597] [INFO   ] thread Thread-1wip1
[11:46:29.599] [INFO   ] thread Thread-1wip2
[11:46:29.599] [INFO   ] thread Thread-1wip3
[11:46:29.599] [INFO   ] thread Thread-1wip4
[11:46:29.598] [INFO   ] KP step 4computer-1
[11:46:29.599] [INFO   ] KP step 5computer-1
[11:46:29.599] [SEVERE ] player 2 placing token on slot 9
[11:46:29.598] [INFO   ] AI key pressed step 2 
[11:46:29.600] [INFO   ] KP step 1computer-0
[11:46:29.600] [INFO   ] KP step 2computer-0
[11:46:29.600] [INFO   ] KP step 4computer-0
[11:46:29.600] [INFO   ] KP step 6computer-1
[11:46:29.600] [INFO   ] KP step 7computer-1
[11:46:29.600] [INFO   ] KP step 8computer-1
[11:46:29.600] [INFO   ] KP step 5computer-0
[11:46:29.601] [SEVERE ] player 1 placing token on slot 8
[11:46:29.601] [INFO   ] KP step 10computer-1
[11:46:29.601] [INFO   ] AI key pressed step 3, random slot: 9
[11:46:29.601] [INFO   ] creat AI step 8 
[11:46:29.602] [INFO   ] creat AI step 9 
[11:46:29.601] [INFO   ] KP step 6computer-0
[11:46:29.602] [INFO   ] KP step 7computer-0
[11:46:29.602] [INFO   ] KP step 8computer-0
[11:46:29.602] [INFO   ] KP step 10computer-0
[11:46:29.602] [INFO   ] AI key pressed step 3, random slot: 8
[11:46:29.602] [INFO   ] creat AI step 8 
[11:46:29.602] [INFO   ] creat AI step 9 
[11:46:29.602] [INFO   ] thread Thread-1wip5
[11:46:29.603] [INFO   ] thread Thread-1 before  synchronize on dealer.
[11:46:29.603] [INFO   ] thread Thread-1 after  synchronize on dealer.
[11:46:29.603] [INFO   ] thread Thread-1 before notify synchronize on dealer.
[11:46:29.603] [INFO   ] thread Thread-0wip5
[11:46:29.604] [INFO   ] thread Thread-0 before  synchronize on dealer.
[11:46:29.604] [INFO   ] thread Thread-0 after  synchronize on dealer.
[11:46:29.604] [INFO   ] thread Thread-0 before notify synchronize on dealer.
[11:46:29.815] [INFO   ] place card step 0 
[11:46:29.816] [INFO   ] place card step 1 
[11:46:29.816] [INFO   ] place card step 2 
[11:46:29.816] [INFO   ] place card step 3 
[11:46:29.820] [INFO   ] place card step 5 
[11:46:29.820] [INFO   ] place card step 6 
[11:46:29.820] [INFO   ] place card step 7 
[11:46:29.820] [INFO   ] place card step 8 
[11:46:29.820] [SEVERE ] updating countdown to 38961
[11:46:30.030] [INFO   ] remove  in the table step 1
[11:46:30.030] [INFO   ] remove  in the table step 2
[11:46:30.030] [INFO   ] penalty
[11:46:30.030] [SEVERE ] setting player 2 freeze to 3000
[11:46:31.045] [SEVERE ] setting player 2 freeze to 2000
[11:46:32.046] [SEVERE ] setting player 2 freeze to 1000
[11:46:33.050] [SEVERE ] setting player 2 freeze to 0
[11:46:33.050] [SEVERE ] removing player 2 token from slot 9
[11:46:33.051] [INFO   ] remove  in the table step 1
[11:46:33.051] [INFO   ] remove  in the table step 2
[11:46:33.051] [INFO   ] penalty
[11:46:33.051] [INFO   ] creat AI step 11 
[11:46:33.051] [INFO   ] thread computer-1 terminated.
[11:46:33.051] [SEVERE ] setting player 1 freeze to 3000
[11:46:33.052] [INFO   ] thread Thread-1 terminated.
[11:46:34.059] [SEVERE ] setting player 1 freeze to 2000
[11:46:35.074] [SEVERE ] setting player 1 freeze to 1000
[11:46:36.082] [SEVERE ] setting player 1 freeze to 0
[11:46:36.082] [SEVERE ] removing player 1 token from slot 8
[11:46:36.083] [INFO   ] creat AI step 11 
[11:46:36.083] [INFO   ] thread computer-0 terminated.
[11:46:36.083] [INFO   ] thread Thread-0 terminated.
[11:46:36.301] [INFO   ] place card step 0 
[11:46:36.301] [INFO   ] place card step 1 
[11:46:36.301] [INFO   ] place card step 2 
[11:46:36.301] [INFO   ] place card step 3 
[11:46:36.304] [INFO   ] place card step 5 
[11:46:36.304] [INFO   ] place card step 6 
[11:46:36.304] [INFO   ] place card step 7 
[11:46:36.304] [INFO   ] place card step 8 
[11:46:36.304] [SEVERE ] updating countdown to 60000
[11:46:36.519] [INFO   ] REMOVE ALL 1 
[11:46:36.520] [INFO   ] REMOVE ALL 2 
[11:46:36.520] [INFO   ] REMOVE ALL 3 
[11:46:36.628] [SEVERE ] removing card from slot 0
[11:46:36.739] [SEVERE ] removing card from slot 1
[11:46:36.848] [SEVERE ] removing card from slot 2
[11:46:36.957] [SEVERE ] removing card from slot 3
[11:46:37.066] [SEVERE ] removing card from slot 4
[11:46:37.175] [SEVERE ] removing card from slot 5
[11:46:37.283] [SEVERE ] removing card from slot 6
[11:46:37.392] [SEVERE ] removing card from slot 7
[11:46:37.503] [SEVERE ] removing card from slot 8
[11:46:37.610] [SEVERE ] removing card from slot 9
[11:46:37.720] [SEVERE ] removing card from slot 10
[11:46:37.829] [SEVERE ] removing card from slot 11
[11:46:37.829] [INFO   ] REMOVE ALL 4 
[11:46:37.829] [INFO   ] REMOVE ALL 5 
[11:46:37.830] [SEVERE ] announcing winner(s): player 1, player 2
[11:46:37.838] [INFO   ] thread dealer terminated.
[11:46:37.838] [INFO   ] thread dealer terminated.
[11:46:37.838] [SEVERE ] thanks for playing... it was fun!
[11:46:37.839] [INFO   ] thread main terminated.
