[10:15:10.898] [INFO   ] thread main starting.
[10:15:10.906] [SEVERE ] cannot read configuration file config.properties trying from resources.
[10:15:10.909] [SEVERE ] configuration file was loaded from resources directory.
[10:15:11.746] [INFO   ] thread dealer starting.
[10:15:11.747] [INFO   ] thread dealer starting.
[10:15:11.748] [SEVERE ] updating countdown to 60000
[10:15:11.748] [INFO   ] thread Thread-1 starting.
[10:15:11.748] [INFO   ] thread Thread-0 starting.
[10:15:11.975] [INFO   ] place card step 0 
[10:15:11.976] [INFO   ] place card step 1 
[10:15:12.084] [SEVERE ] placing card 76 in slot 0
[10:15:12.193] [SEVERE ] placing card 68 in slot 1
[10:15:12.303] [SEVERE ] placing card 8 in slot 2
[10:15:12.412] [SEVERE ] placing card 37 in slot 3
[10:15:12.520] [SEVERE ] placing card 18 in slot 4
[10:15:12.631] [SEVERE ] placing card 21 in slot 5
[10:15:12.740] [SEVERE ] placing card 32 in slot 6
[10:15:12.848] [SEVERE ] placing card 48 in slot 7
[10:15:12.958] [SEVERE ] placing card 17 in slot 8
[10:15:13.067] [SEVERE ] placing card 52 in slot 9
[10:15:13.176] [SEVERE ] placing card 69 in slot 10
[10:15:13.285] [SEVERE ] placing card 36 in slot 11
[10:15:13.285] [INFO   ] place card step 2 
[10:15:13.286] [INFO   ] place card step 3 
[10:15:13.290] [INFO   ] place card step 5 
[10:15:13.291] [INFO   ] place card step 6 
[10:15:13.291] [INFO   ] place card step 7 
[10:15:13.291] [INFO   ] place card step 8 
[10:15:14.295] [SEVERE ] updating countdown to 57455
[10:15:14.734] [INFO   ] place card step 0 
[10:15:14.735] [INFO   ] place card step 1 
[10:15:14.735] [INFO   ] place card step 2 
[10:15:14.735] [INFO   ] place card step 3 
[10:15:14.738] [INFO   ] place card step 5 
[10:15:14.739] [INFO   ] place card step 6 
[10:15:14.739] [INFO   ] place card step 7 
[10:15:14.739] [INFO   ] place card step 8 
[10:15:15.744] [SEVERE ] updating countdown to 56006
[10:15:16.183] [INFO   ] place card step 0 
[10:15:16.183] [INFO   ] place card step 1 
[10:15:16.183] [INFO   ] place card step 2 
[10:15:16.183] [INFO   ] place card step 3 
[10:15:16.186] [INFO   ] place card step 5 
[10:15:16.186] [INFO   ] place card step 6 
[10:15:16.186] [INFO   ] place card step 7 
[10:15:16.186] [INFO   ] place card step 8 
[10:15:17.195] [SEVERE ] updating countdown to 54555
[10:15:17.630] [INFO   ] place card step 0 
[10:15:17.630] [INFO   ] place card step 1 
[10:15:17.630] [INFO   ] place card step 2 
[10:15:17.630] [INFO   ] place card step 3 
[10:15:17.633] [INFO   ] place card step 5 
[10:15:17.634] [INFO   ] place card step 6 
[10:15:17.634] [INFO   ] place card step 7 
[10:15:17.634] [INFO   ] place card step 8 
[10:15:18.639] [SEVERE ] updating countdown to 53111
[10:15:19.072] [INFO   ] place card step 0 
[10:15:19.072] [INFO   ] place card step 1 
[10:15:19.073] [INFO   ] place card step 2 
[10:15:19.073] [INFO   ] place card step 3 
[10:15:19.075] [INFO   ] place card step 5 
[10:15:19.076] [INFO   ] place card step 6 
[10:15:19.076] [INFO   ] place card step 7 
[10:15:19.076] [INFO   ] place card step 8 
[10:15:20.087] [SEVERE ] updating countdown to 51663
[10:15:20.521] [INFO   ] place card step 0 
[10:15:20.521] [INFO   ] place card step 1 
[10:15:20.522] [INFO   ] place card step 2 
[10:15:20.522] [INFO   ] place card step 3 
[10:15:20.522] [INFO   ] place card step 5 
[10:15:20.522] [INFO   ] place card step 6 
[10:15:20.522] [INFO   ] place card step 7 
[10:15:20.522] [INFO   ] place card step 8 
[10:15:21.533] [SEVERE ] updating countdown to 50217
[10:15:21.968] [INFO   ] place card step 0 
[10:15:21.968] [INFO   ] place card step 1 
[10:15:21.971] [INFO   ] place card step 2 
[10:15:21.971] [INFO   ] place card step 3 
[10:15:21.971] [INFO   ] place card step 5 
[10:15:21.971] [INFO   ] place card step 6 
[10:15:21.971] [INFO   ] place card step 7 
[10:15:21.971] [INFO   ] place card step 8 
[10:15:22.985] [SEVERE ] updating countdown to 48765
[10:15:23.417] [INFO   ] place card step 0 
[10:15:23.417] [INFO   ] place card step 1 
[10:15:23.417] [INFO   ] place card step 2 
[10:15:23.417] [INFO   ] place card step 3 
[10:15:23.419] [INFO   ] place card step 5 
[10:15:23.419] [INFO   ] place card step 6 
[10:15:23.419] [INFO   ] place card step 7 
[10:15:23.419] [INFO   ] place card step 8 
[10:15:24.429] [SEVERE ] updating countdown to 47321
[10:15:24.866] [INFO   ] place card step 0 
[10:15:24.866] [INFO   ] place card step 1 
[10:15:24.866] [INFO   ] place card step 2 
[10:15:24.867] [INFO   ] place card step 3 
[10:15:24.867] [INFO   ] place card step 5 
[10:15:24.867] [INFO   ] place card step 6 
[10:15:24.868] [INFO   ] place card step 7 
[10:15:24.868] [INFO   ] place card step 8 
[10:15:25.875] [SEVERE ] updating countdown to 45875
[10:15:26.311] [INFO   ] place card step 0 
[10:15:26.311] [INFO   ] place card step 1 
[10:15:26.311] [INFO   ] place card step 2 
[10:15:26.311] [INFO   ] place card step 3 
[10:15:26.312] [INFO   ] place card step 5 
[10:15:26.313] [INFO   ] place card step 6 
[10:15:26.313] [INFO   ] place card step 7 
[10:15:26.313] [INFO   ] place card step 8 
[10:15:27.321] [SEVERE ] updating countdown to 44429
[10:15:27.750] [INFO   ] place card step 0 
[10:15:27.750] [INFO   ] place card step 1 
[10:15:27.750] [INFO   ] place card step 2 
[10:15:27.750] [INFO   ] place card step 3 
[10:15:27.751] [INFO   ] place card step 5 
[10:15:27.751] [INFO   ] place card step 6 
[10:15:27.751] [INFO   ] place card step 7 
[10:15:27.751] [INFO   ] place card step 8 
[10:15:28.382] [SEVERE ] exit button pressed
[10:15:28.763] [SEVERE ] updating countdown to 42987
[10:15:29.199] [INFO   ] place card step 0 
[10:15:29.199] [INFO   ] place card step 1 
[10:15:29.200] [INFO   ] place card step 2 
[10:15:29.200] [INFO   ] place card step 3 
[10:15:29.200] [INFO   ] place card step 5 
[10:15:29.200] [INFO   ] place card step 6 
[10:15:29.201] [INFO   ] place card step 7 
[10:15:29.201] [INFO   ] place card step 8 
[10:15:30.210] [SEVERE ] updating countdown to 41540
[10:15:30.646] [INFO   ] place card step 0 
[10:15:30.646] [INFO   ] place card step 1 
[10:15:30.646] [INFO   ] place card step 2 
[10:15:30.646] [INFO   ] place card step 3 
[10:15:30.647] [INFO   ] place card step 5 
[10:15:30.647] [INFO   ] place card step 6 
[10:15:30.647] [INFO   ] place card step 7 
[10:15:30.647] [INFO   ] place card step 8 
[10:15:31.659] [SEVERE ] updating countdown to 40091
[10:15:32.094] [INFO   ] place card step 0 
[10:15:32.094] [INFO   ] place card step 1 
[10:15:32.094] [INFO   ] place card step 2 
[10:15:32.095] [INFO   ] place card step 3 
[10:15:32.096] [INFO   ] place card step 5 
[10:15:32.096] [INFO   ] place card step 6 
[10:15:32.096] [INFO   ] place card step 7 
[10:15:32.096] [INFO   ] place card step 8 
[10:15:33.106] [SEVERE ] updating countdown to 38644
[10:15:33.538] [INFO   ] place card step 0 
[10:15:33.538] [INFO   ] place card step 1 
[10:15:33.538] [INFO   ] place card step 2 
[10:15:33.538] [INFO   ] place card step 3 
[10:15:33.539] [INFO   ] place card step 5 
[10:15:33.539] [INFO   ] place card step 6 
[10:15:33.539] [INFO   ] place card step 7 
[10:15:33.539] [INFO   ] place card step 8 
[10:15:34.553] [SEVERE ] updating countdown to 37197
[10:15:34.989] [INFO   ] place card step 0 
[10:15:34.989] [INFO   ] place card step 1 
[10:15:34.989] [INFO   ] place card step 2 
[10:15:34.989] [INFO   ] place card step 3 
[10:15:34.990] [INFO   ] place card step 5 
[10:15:34.990] [INFO   ] place card step 6 
[10:15:34.990] [INFO   ] place card step 7 
[10:15:34.990] [INFO   ] place card step 8 
[10:15:36.001] [SEVERE ] updating countdown to 35749
[10:15:36.439] [INFO   ] place card step 0 
[10:15:36.439] [INFO   ] place card step 1 
[10:15:36.439] [INFO   ] place card step 2 
[10:15:36.440] [INFO   ] place card step 3 
[10:15:36.441] [INFO   ] place card step 5 
[10:15:36.441] [INFO   ] place card step 6 
[10:15:36.441] [INFO   ] place card step 7 
[10:15:36.441] [INFO   ] place card step 8 
[10:15:37.450] [SEVERE ] updating countdown to 34300
[10:15:37.883] [INFO   ] place card step 0 
[10:15:37.884] [INFO   ] place card step 1 
[10:15:37.884] [INFO   ] place card step 2 
[10:15:37.884] [INFO   ] place card step 3 
[10:15:37.885] [INFO   ] place card step 5 
[10:15:37.885] [INFO   ] place card step 6 
[10:15:37.885] [INFO   ] place card step 7 
[10:15:37.886] [INFO   ] place card step 8 
[10:15:38.410] [SEVERE ] updating countdown to 33340
[10:15:38.410] [INFO   ] thread Thread-1 terminated.
[10:15:38.411] [INFO   ] thread Thread-0 terminated.
[10:15:38.627] [INFO   ] remove  in the table step 1
[10:15:38.628] [INFO   ] remove  in the table step 2
[10:15:38.628] [SEVERE ] setting player 2 freeze to 3000
[10:15:39.639] [SEVERE ] setting player 2 freeze to 2000
[10:15:40.651] [SEVERE ] setting player 2 freeze to 1000
[10:15:41.655] [SEVERE ] setting player 2 freeze to 0
[10:15:41.655] [INFO   ] remove  in the table step 1
[10:15:41.656] [INFO   ] remove  in the table step 2
[10:15:41.656] [SEVERE ] setting player 1 freeze to 3000
[10:15:42.665] [SEVERE ] setting player 1 freeze to 2000
[10:15:43.679] [SEVERE ] setting player 1 freeze to 1000
[10:15:44.692] [SEVERE ] setting player 1 freeze to 0
[10:15:44.911] [INFO   ] place card step 0 
[10:15:44.911] [INFO   ] place card step 1 
[10:15:44.911] [INFO   ] place card step 2 
[10:15:44.912] [INFO   ] place card step 3 
[10:15:44.913] [INFO   ] place card step 5 
[10:15:44.913] [INFO   ] place card step 6 
[10:15:44.913] [INFO   ] place card step 7 
[10:15:44.914] [INFO   ] place card step 8 
[10:15:44.914] [SEVERE ] updating countdown to 60000
[10:15:45.126] [INFO   ] REMOVE ALL 1 
[10:15:45.126] [INFO   ] REMOVE ALL 2 
[10:15:45.127] [INFO   ] REMOVE ALL 3 
[10:15:45.234] [SEVERE ] removing card from slot 0
[10:15:45.344] [SEVERE ] removing card from slot 1
[10:15:45.452] [SEVERE ] removing card from slot 2
[10:15:45.560] [SEVERE ] removing card from slot 3
[10:15:45.666] [SEVERE ] removing card from slot 4
[10:15:45.778] [SEVERE ] removing card from slot 5
[10:15:45.888] [SEVERE ] removing card from slot 6
[10:15:45.997] [SEVERE ] removing card from slot 7
[10:15:46.106] [SEVERE ] removing card from slot 8
[10:15:46.214] [SEVERE ] removing card from slot 9
[10:15:46.323] [SEVERE ] removing card from slot 10
[10:15:46.432] [SEVERE ] removing card from slot 11
[10:15:46.432] [INFO   ] REMOVE ALL 4 
[10:15:46.434] [INFO   ] REMOVE ALL 5 
[10:15:46.436] [SEVERE ] announcing winner(s): player 1, player 2
[10:15:46.439] [INFO   ] thread dealer terminated.
[10:15:46.440] [INFO   ] thread dealer terminated.
[10:15:46.440] [SEVERE ] thanks for playing... it was fun!
[10:15:46.440] [INFO   ] thread main terminated.
