[12:03:23.359] [INFO   ] thread main starting.
[12:03:23.373] [SEVERE ] cannot read configuration file config.properties trying from resources.
[12:03:23.377] [SEVERE ] configuration file was loaded from resources directory.
[12:03:24.642] [INFO   ] thread dealer starting.
[12:03:24.643] [INFO   ] thread dealer starting.
[12:03:24.663] [INFO   ] thread Thread-0 starting.
[12:03:24.668] [INFO   ] creat AI step 1 
[12:03:24.669] [INFO   ] thread computer-0 starting.
[12:03:24.669] [INFO   ] creat AI step 2 
[12:03:24.669] [INFO   ] creat AI step 3 
[12:03:24.669] [INFO   ] thread Thread-0wip1
[12:03:24.670] [INFO   ] creat AI step 7 
[12:03:24.672] [INFO   ] thread Thread-0wip2
[12:03:24.672] [INFO   ] AI key pressed step 1 
[12:03:24.673] [INFO   ] thread Thread-0wip3
[12:03:24.674] [INFO   ] thread Thread-0wip4
[12:03:24.674] [INFO   ] AI key pressed step 2 
[12:03:24.675] [INFO   ] KP step 1computer-0
[12:03:24.678] [INFO   ] KP step 10computer-0
[12:03:24.678] [INFO   ] AI key pressed step 3, random slot: 3
[12:03:24.679] [INFO   ] creat AI step 8 
[12:03:24.679] [INFO   ] creat AI step 9 
[12:03:24.680] [INFO   ] thread Thread-0wip5
[12:03:24.681] [INFO   ] thread Thread-0 before  synchronize on dealer.
[12:03:24.681] [INFO   ] thread Thread-0 after  synchronize on dealer.
[12:03:24.682] [INFO   ] thread Thread-0 before notify synchronize on dealer.
[12:03:24.698] [INFO   ] thread Thread-1 starting.
[12:03:24.701] [INFO   ] creat AI step 1 
[12:03:24.701] [INFO   ] thread computer-1 starting.
[12:03:24.704] [INFO   ] creat AI step 2 
[12:03:24.706] [INFO   ] creat AI step 3 
[12:03:24.708] [INFO   ] creat AI step 7 
[12:03:24.722] [INFO   ] AI key pressed step 1 
[12:03:24.725] [INFO   ] AI key pressed step 2 
[12:03:24.726] [INFO   ] KP step 1computer-1
[12:03:24.726] [INFO   ] KP step 10computer-1
[12:03:24.726] [INFO   ] AI key pressed step 3, random slot: 1
[12:03:24.726] [INFO   ] creat AI step 8 
[12:03:24.726] [INFO   ] creat AI step 9 
[12:03:24.712] [SEVERE ] updating countdown to 60000
[12:03:24.722] [INFO   ] thread Thread-1wip1
[12:03:24.730] [INFO   ] thread Thread-1wip2
[12:03:24.730] [INFO   ] thread Thread-1wip3
[12:03:24.730] [INFO   ] thread Thread-1wip4
[12:03:24.731] [INFO   ] creat AI step 10 
[12:03:24.731] [INFO   ] creat AI step 11 
[12:03:24.731] [INFO   ] creat AI step 3 
[12:03:24.731] [INFO   ] creat AI step 7 
[12:03:24.732] [INFO   ] AI key pressed step 1 
[12:03:24.732] [INFO   ] AI key pressed step 2 
[12:03:24.732] [INFO   ] KP step 1computer-1
[12:03:24.732] [INFO   ] KP step 10computer-1
[12:03:24.732] [INFO   ] AI key pressed step 3, random slot: 3
[12:03:24.732] [INFO   ] creat AI step 8 
[12:03:24.733] [INFO   ] creat AI step 9 
[12:03:24.733] [INFO   ] thread Thread-1wip5
[12:03:24.733] [INFO   ] thread Thread-1 before  synchronize on dealer.
[12:03:24.734] [INFO   ] thread Thread-1 after  synchronize on dealer.
[12:03:24.734] [INFO   ] thread Thread-1 before notify synchronize on dealer.
[12:03:24.951] [INFO   ] place card step 0 
[12:03:24.953] [INFO   ] place card step 1 
[12:03:25.061] [SEVERE ] placing card 11 in slot 0
[12:03:25.170] [SEVERE ] placing card 9 in slot 1
[12:03:25.279] [SEVERE ] placing card 32 in slot 2
[12:03:25.388] [SEVERE ] placing card 36 in slot 3
[12:03:25.496] [SEVERE ] placing card 62 in slot 4
[12:03:25.606] [SEVERE ] placing card 44 in slot 5
[12:03:25.712] [SEVERE ] placing card 6 in slot 6
[12:03:25.820] [SEVERE ] placing card 23 in slot 7
[12:03:25.928] [SEVERE ] placing card 15 in slot 8
[12:03:26.035] [SEVERE ] placing card 24 in slot 9
[12:03:26.145] [SEVERE ] placing card 55 in slot 10
[12:03:26.254] [SEVERE ] placing card 30 in slot 11
[12:03:26.254] [INFO   ] place card step 2 
[12:03:26.255] [INFO   ] place card step 3 
[12:03:26.264] [INFO   ] place card step 5 
[12:03:26.266] [INFO   ] place card step 6 
[12:03:26.266] [INFO   ] place card step 7 
[12:03:26.266] [INFO   ] place card step 8 
[12:03:26.266] [SEVERE ] updating countdown to 58465
[12:03:26.484] [INFO   ] remove  in the table step 1
[12:03:26.485] [INFO   ] remove  in the table step 2
[12:03:26.486] [INFO   ] penalty
[12:03:26.486] [SEVERE ] setting player 1 freeze to 3000
[12:03:27.497] [SEVERE ] setting player 1 freeze to 2000
[12:03:28.509] [SEVERE ] setting player 1 freeze to 1000
[12:03:29.519] [SEVERE ] setting player 1 freeze to 0
[12:03:29.519] [INFO   ] remove  in the table step 1
[12:03:29.519] [INFO   ] remove  in the table step 2
[12:03:29.519] [INFO   ] creat AI step 10 
[12:03:29.519] [INFO   ] penalty
[12:03:29.520] [SEVERE ] setting player 2 freeze to 3000
[12:03:29.520] [INFO   ] thread Thread-0wip1
[12:03:29.520] [INFO   ] creat AI step 11 
[12:03:29.520] [INFO   ] creat AI step 3 
[12:03:29.520] [INFO   ] thread Thread-0wip2
[12:03:29.520] [INFO   ] thread Thread-0wip3
[12:03:29.520] [INFO   ] thread Thread-0wip4
[12:03:29.521] [INFO   ] creat AI step 4 
[12:03:29.521] [INFO   ] creat AI step 5 
[12:03:30.522] [SEVERE ] setting player 2 freeze to 2000
[12:03:31.532] [SEVERE ] setting player 2 freeze to 1000
[12:03:32.545] [SEVERE ] setting player 2 freeze to 0
[12:03:32.545] [INFO   ] creat AI step 10 
[12:03:32.545] [INFO   ] creat AI step 6 
[12:03:32.546] [INFO   ] thread Thread-1wip1
[12:03:32.547] [INFO   ] thread Thread-1wip2
[12:03:32.546] [INFO   ] creat AI step 11 
[12:03:32.547] [INFO   ] thread Thread-1wip3
[12:03:32.546] [INFO   ] creat AI step 7 
[12:03:32.547] [INFO   ] thread Thread-1wip4
[12:03:32.547] [INFO   ] creat AI step 3 
[12:03:32.547] [INFO   ] AI key pressed step 1 
[12:03:32.548] [INFO   ] creat AI step 7 
[12:03:32.548] [INFO   ] AI key pressed step 2 
[12:03:32.548] [INFO   ] AI key pressed step 1 
[12:03:32.549] [INFO   ] KP step 1computer-0
[12:03:32.549] [INFO   ] AI key pressed step 2 
[12:03:32.549] [INFO   ] KP step 2computer-0
[12:03:32.549] [INFO   ] KP step 1computer-1
[12:03:32.549] [INFO   ] KP step 4computer-0
[12:03:32.549] [INFO   ] KP step 2computer-1
[12:03:32.550] [INFO   ] KP step 5computer-0
[12:03:32.550] [SEVERE ] player 1 placing token on slot 10
[12:03:32.550] [INFO   ] KP step 4computer-1
[12:03:32.551] [INFO   ] KP step 6computer-0
[12:03:32.551] [INFO   ] KP step 7computer-0
[12:03:32.551] [INFO   ] KP step 8computer-0
[12:03:32.551] [INFO   ] KP step 10computer-0
[12:03:32.552] [INFO   ] AI key pressed step 3, random slot: 10
[12:03:32.552] [INFO   ] creat AI step 8 
[12:03:32.552] [INFO   ] creat AI step 9 
[12:03:32.552] [INFO   ] thread Thread-0wip5
[12:03:32.552] [INFO   ] thread Thread-0 before  synchronize on dealer.
[12:03:32.552] [INFO   ] thread Thread-0 after  synchronize on dealer.
[12:03:32.552] [INFO   ] thread Thread-0 before notify synchronize on dealer.
[12:03:32.551] [INFO   ] KP step 5computer-1
[12:03:32.553] [SEVERE ] player 2 placing token on slot 2
[12:03:32.553] [INFO   ] KP step 6computer-1
[12:03:32.553] [INFO   ] KP step 7computer-1
[12:03:32.553] [INFO   ] KP step 8computer-1
[12:03:32.553] [INFO   ] KP step 10computer-1
[12:03:32.553] [INFO   ] AI key pressed step 3, random slot: 2
[12:03:32.554] [INFO   ] creat AI step 8 
[12:03:32.554] [INFO   ] creat AI step 9 
[12:03:32.554] [INFO   ] thread Thread-1wip5
[12:03:32.554] [INFO   ] thread Thread-1 before  synchronize on dealer.
[12:03:32.554] [INFO   ] thread Thread-1 after  synchronize on dealer.
[12:03:32.554] [INFO   ] thread Thread-1 before notify synchronize on dealer.
[12:03:32.762] [INFO   ] place card step 0 
[12:03:32.763] [INFO   ] place card step 1 
[12:03:32.763] [INFO   ] place card step 2 
[12:03:32.763] [INFO   ] place card step 3 
[12:03:32.772] [INFO   ] place card step 5 
[12:03:32.773] [INFO   ] place card step 6 
[12:03:32.773] [INFO   ] place card step 7 
[12:03:32.773] [INFO   ] place card step 8 
[12:03:32.773] [SEVERE ] updating countdown to 51958
[12:03:32.996] [INFO   ] remove  in the table step 1
[12:03:32.996] [INFO   ] remove  in the table step 2
[12:03:32.997] [INFO   ] penalty
[12:03:32.997] [SEVERE ] setting player 1 freeze to 3000
[12:03:34.004] [SEVERE ] setting player 1 freeze to 2000
[12:03:35.017] [SEVERE ] setting player 1 freeze to 1000
[12:03:35.850] [SEVERE ] exit button pressed
[12:03:36.031] [SEVERE ] setting player 1 freeze to 0
[12:03:36.031] [SEVERE ] removing player 1 token from slot 10
[12:03:36.032] [INFO   ] remove  in the table step 1
[12:03:36.032] [INFO   ] remove  in the table step 2
[12:03:36.032] [INFO   ] creat AI step 10 
[12:03:36.032] [INFO   ] creat AI step 11 
[12:03:36.033] [INFO   ] creat AI step 3 
[12:03:36.033] [INFO   ] creat AI step 4 
[12:03:36.033] [INFO   ] creat AI step 5 
[12:03:36.032] [INFO   ] penalty
[12:03:36.033] [SEVERE ] setting player 2 freeze to 3000
[12:03:36.032] [INFO   ] thread Thread-0wip1
[12:03:37.043] [SEVERE ] setting player 2 freeze to 2000
