[10:18:03.388] [INFO   ] thread main starting.
[10:18:03.401] [SEVERE ] cannot read configuration file config.properties trying from resources.
[10:18:03.404] [SEVERE ] configuration file was loaded from resources directory.
[10:18:04.308] [INFO   ] thread dealer starting.
[10:18:04.309] [INFO   ] thread dealer starting.
[10:18:04.310] [SEVERE ] updating countdown to 60000
[10:18:04.310] [INFO   ] thread Thread-1 starting.
[10:18:04.310] [INFO   ] thread Thread-0 starting.
[10:18:04.543] [INFO   ] place card step 0 
[10:18:04.544] [INFO   ] place card step 1 
[10:18:04.652] [SEVERE ] placing card 33 in slot 0
[10:18:04.758] [SEVERE ] placing card 2 in slot 1
[10:18:04.866] [SEVERE ] placing card 80 in slot 2
[10:18:04.974] [SEVERE ] placing card 24 in slot 3
[10:18:05.081] [SEVERE ] placing card 40 in slot 4
[10:18:05.191] [SEVERE ] placing card 76 in slot 5
[10:18:05.300] [SEVERE ] placing card 57 in slot 6
[10:18:05.410] [SEVERE ] placing card 61 in slot 7
[10:18:05.519] [SEVERE ] placing card 37 in slot 8
[10:18:05.629] [SEVERE ] placing card 22 in slot 9
[10:18:05.737] [SEVERE ] placing card 44 in slot 10
[10:18:05.847] [SEVERE ] placing card 66 in slot 11
[10:18:05.847] [INFO   ] place card step 2 
[10:18:05.848] [INFO   ] place card step 3 
[10:18:05.852] [INFO   ] place card step 5 
[10:18:05.852] [INFO   ] place card step 6 
[10:18:05.852] [INFO   ] place card step 7 
[10:18:05.852] [INFO   ] place card step 8 
[10:18:06.857] [SEVERE ] updating countdown to 57454
[10:18:07.290] [INFO   ] place card step 0 
[10:18:07.290] [INFO   ] place card step 1 
[10:18:07.290] [INFO   ] place card step 2 
[10:18:07.291] [INFO   ] place card step 3 
[10:18:07.294] [INFO   ] place card step 5 
[10:18:07.294] [INFO   ] place card step 6 
[10:18:07.294] [INFO   ] place card step 7 
[10:18:07.294] [INFO   ] place card step 8 
[10:18:08.303] [SEVERE ] updating countdown to 56008
[10:18:08.738] [INFO   ] place card step 0 
[10:18:08.738] [INFO   ] place card step 1 
[10:18:08.738] [INFO   ] place card step 2 
[10:18:08.738] [INFO   ] place card step 3 
[10:18:08.741] [INFO   ] place card step 5 
[10:18:08.742] [INFO   ] place card step 6 
[10:18:08.742] [INFO   ] place card step 7 
[10:18:08.742] [INFO   ] place card step 8 
[10:18:09.751] [SEVERE ] updating countdown to 54560
[10:18:10.190] [INFO   ] place card step 0 
[10:18:10.190] [INFO   ] place card step 1 
[10:18:10.190] [INFO   ] place card step 2 
[10:18:10.190] [INFO   ] place card step 3 
[10:18:10.191] [INFO   ] place card step 5 
[10:18:10.192] [INFO   ] place card step 6 
[10:18:10.192] [INFO   ] place card step 7 
[10:18:10.192] [INFO   ] place card step 8 
[10:18:11.207] [SEVERE ] updating countdown to 53104
[10:18:11.642] [INFO   ] place card step 0 
[10:18:11.642] [INFO   ] place card step 1 
[10:18:11.642] [INFO   ] place card step 2 
[10:18:11.642] [INFO   ] place card step 3 
[10:18:11.643] [INFO   ] place card step 5 
[10:18:11.643] [INFO   ] place card step 6 
[10:18:11.643] [INFO   ] place card step 7 
[10:18:11.643] [INFO   ] place card step 8 
[10:18:12.656] [SEVERE ] updating countdown to 51655
[10:18:13.093] [INFO   ] place card step 0 
[10:18:13.093] [INFO   ] place card step 1 
[10:18:13.093] [INFO   ] place card step 2 
[10:18:13.094] [INFO   ] place card step 3 
[10:18:13.095] [INFO   ] place card step 5 
[10:18:13.095] [INFO   ] place card step 6 
[10:18:13.095] [INFO   ] place card step 7 
[10:18:13.095] [INFO   ] place card step 8 
[10:18:14.104] [SEVERE ] updating countdown to 50207
[10:18:14.541] [INFO   ] place card step 0 
[10:18:14.541] [INFO   ] place card step 1 
[10:18:14.541] [INFO   ] place card step 2 
[10:18:14.541] [INFO   ] place card step 3 
[10:18:14.542] [INFO   ] place card step 5 
[10:18:14.542] [INFO   ] place card step 6 
[10:18:14.542] [INFO   ] place card step 7 
[10:18:14.542] [INFO   ] place card step 8 
[10:18:15.542] [SEVERE ] updating countdown to 48769
[10:18:15.975] [INFO   ] place card step 0 
[10:18:15.975] [INFO   ] place card step 1 
[10:18:15.975] [INFO   ] place card step 2 
[10:18:15.975] [INFO   ] place card step 3 
[10:18:15.976] [INFO   ] place card step 5 
[10:18:15.976] [INFO   ] place card step 6 
[10:18:15.976] [INFO   ] place card step 7 
[10:18:15.976] [INFO   ] place card step 8 
[10:18:16.988] [SEVERE ] updating countdown to 47323
[10:18:17.061] [SEVERE ] exit button pressed
[10:18:17.424] [INFO   ] place card step 0 
[10:18:17.424] [INFO   ] place card step 1 
[10:18:17.424] [INFO   ] place card step 2 
[10:18:17.424] [INFO   ] place card step 3 
[10:18:17.425] [INFO   ] place card step 5 
[10:18:17.425] [INFO   ] place card step 6 
[10:18:17.425] [INFO   ] place card step 7 
[10:18:17.426] [INFO   ] place card step 8 
[10:18:18.439] [SEVERE ] updating countdown to 45872
[10:18:18.872] [INFO   ] place card step 0 
[10:18:18.872] [INFO   ] place card step 1 
[10:18:18.873] [INFO   ] place card step 2 
[10:18:18.873] [INFO   ] place card step 3 
[10:18:18.875] [INFO   ] place card step 5 
[10:18:18.875] [INFO   ] place card step 6 
[10:18:18.875] [INFO   ] place card step 7 
[10:18:18.875] [INFO   ] place card step 8 
[10:18:19.885] [SEVERE ] updating countdown to 44426
[10:18:20.323] [INFO   ] place card step 0 
[10:18:20.323] [INFO   ] place card step 1 
[10:18:20.323] [INFO   ] place card step 2 
[10:18:20.323] [INFO   ] place card step 3 
[10:18:20.324] [INFO   ] place card step 5 
[10:18:20.324] [INFO   ] place card step 6 
[10:18:20.324] [INFO   ] place card step 7 
[10:18:20.324] [INFO   ] place card step 8 
[10:18:21.333] [SEVERE ] updating countdown to 42978
[10:18:21.770] [INFO   ] place card step 0 
[10:18:21.770] [INFO   ] place card step 1 
[10:18:21.770] [INFO   ] place card step 2 
[10:18:21.770] [INFO   ] place card step 3 
[10:18:21.772] [INFO   ] place card step 5 
[10:18:21.772] [INFO   ] place card step 6 
[10:18:21.772] [INFO   ] place card step 7 
[10:18:21.772] [INFO   ] place card step 8 
[10:18:22.779] [SEVERE ] updating countdown to 41532
[10:18:23.217] [INFO   ] place card step 0 
[10:18:23.217] [INFO   ] place card step 1 
[10:18:23.217] [INFO   ] place card step 2 
[10:18:23.217] [INFO   ] place card step 3 
[10:18:23.218] [INFO   ] place card step 5 
[10:18:23.218] [INFO   ] place card step 6 
[10:18:23.218] [INFO   ] place card step 7 
[10:18:23.218] [INFO   ] place card step 8 
[10:18:24.227] [SEVERE ] updating countdown to 40084
[10:18:24.663] [INFO   ] place card step 0 
[10:18:24.663] [INFO   ] place card step 1 
[10:18:24.663] [INFO   ] place card step 2 
[10:18:24.663] [INFO   ] place card step 3 
[10:18:24.664] [INFO   ] place card step 5 
[10:18:24.664] [INFO   ] place card step 6 
[10:18:24.664] [INFO   ] place card step 7 
[10:18:24.664] [INFO   ] place card step 8 
[10:18:25.674] [SEVERE ] updating countdown to 38637
[10:18:26.112] [INFO   ] place card step 0 
[10:18:26.112] [INFO   ] place card step 1 
[10:18:26.112] [INFO   ] place card step 2 
[10:18:26.112] [INFO   ] place card step 3 
[10:18:26.113] [INFO   ] place card step 5 
[10:18:26.113] [INFO   ] place card step 6 
[10:18:26.113] [INFO   ] place card step 7 
[10:18:26.114] [INFO   ] place card step 8 
[10:18:27.074] [SEVERE ] updating countdown to 37237
[10:18:27.075] [INFO   ] thread Thread-1 terminated.
[10:18:27.076] [INFO   ] thread Thread-0 terminated.
[10:18:27.294] [INFO   ] remove  in the table step 1
[10:18:27.295] [INFO   ] remove  in the table step 2
[10:18:27.297] [SEVERE ] setting player 2 freeze to 3000
[10:18:28.305] [SEVERE ] setting player 2 freeze to 2000
[10:18:29.322] [SEVERE ] setting player 2 freeze to 1000
[10:18:30.337] [SEVERE ] setting player 2 freeze to 0
[10:18:30.337] [INFO   ] remove  in the table step 1
[10:18:30.337] [INFO   ] remove  in the table step 2
[10:18:30.337] [SEVERE ] setting player 1 freeze to 3000
[10:18:31.346] [SEVERE ] setting player 1 freeze to 2000
[10:18:32.358] [SEVERE ] setting player 1 freeze to 1000
[10:18:33.363] [SEVERE ] setting player 1 freeze to 0
[10:18:33.584] [INFO   ] place card step 0 
[10:18:33.585] [INFO   ] place card step 1 
[10:18:33.585] [INFO   ] place card step 2 
[10:18:33.586] [INFO   ] place card step 3 
[10:18:33.586] [INFO   ] place card step 5 
[10:18:33.587] [INFO   ] place card step 6 
[10:18:33.587] [INFO   ] place card step 7 
[10:18:33.587] [INFO   ] place card step 8 
[10:18:33.587] [SEVERE ] updating countdown to 60000
[10:18:33.801] [INFO   ] REMOVE ALL 1 
[10:18:33.801] [INFO   ] REMOVE ALL 2 
[10:18:33.801] [INFO   ] REMOVE ALL 3 
[10:18:33.908] [SEVERE ] removing card from slot 0
[10:18:34.018] [SEVERE ] removing card from slot 1
[10:18:34.126] [SEVERE ] removing card from slot 2
[10:18:34.235] [SEVERE ] removing card from slot 3
[10:18:34.343] [SEVERE ] removing card from slot 4
[10:18:34.452] [SEVERE ] removing card from slot 5
[10:18:34.561] [SEVERE ] removing card from slot 6
[10:18:34.670] [SEVERE ] removing card from slot 7
[10:18:34.779] [SEVERE ] removing card from slot 8
[10:18:34.888] [SEVERE ] removing card from slot 9
[10:18:34.995] [SEVERE ] removing card from slot 10
[10:18:35.106] [SEVERE ] removing card from slot 11
[10:18:35.106] [INFO   ] REMOVE ALL 4 
[10:18:35.106] [INFO   ] REMOVE ALL 5 
[10:18:35.107] [SEVERE ] announcing winner(s): player 1, player 2
[10:18:35.112] [INFO   ] thread dealer terminated.
[10:18:35.112] [INFO   ] thread dealer terminated.
[10:18:35.112] [SEVERE ] thanks for playing... it was fun!
[10:18:35.113] [INFO   ] thread main terminated.
