[12:00:41.630] [INFO   ] thread main starting.
[12:00:41.640] [SEVERE ] cannot read configuration file config.properties trying from resources.
[12:00:41.643] [SEVERE ] configuration file was loaded from resources directory.
[12:00:42.666] [INFO   ] thread dealer starting.
[12:00:42.667] [INFO   ] thread dealer starting.
[12:00:42.669] [INFO   ] thread Thread-0 starting.
[12:00:42.670] [INFO   ] creat AI step 1 
[12:00:42.671] [INFO   ] thread computer-0 starting.
[12:00:42.671] [INFO   ] creat AI step 2 
[12:00:42.671] [INFO   ] creat AI step 3 
[12:00:42.671] [INFO   ] thread Thread-0wip1
[12:00:42.672] [INFO   ] thread Thread-1 starting.
[12:00:42.672] [INFO   ] creat AI step 7 
[12:00:42.674] [INFO   ] thread Thread-0wip2
[12:00:42.675] [INFO   ] thread Thread-0wip3
[12:00:42.675] [INFO   ] AI key pressed step 1 
[12:00:42.675] [INFO   ] creat AI step 1 
[12:00:42.676] [INFO   ] thread Thread-0wip4
[12:00:42.677] [INFO   ] thread computer-1 starting.
[12:00:42.677] [INFO   ] AI key pressed step 2 
[12:00:42.677] [INFO   ] creat AI step 2 
[12:00:42.678] [INFO   ] KP step 1computer-0
[12:00:42.678] [SEVERE ] updating countdown to 60000
[12:00:42.678] [INFO   ] thread Thread-1wip1
[12:00:42.678] [INFO   ] creat AI step 3 
[12:00:42.680] [INFO   ] thread Thread-1wip2
[12:00:42.685] [INFO   ] thread Thread-1wip3
[12:00:42.678] [INFO   ] KP step 7computer-0
[12:00:42.686] [INFO   ] KP step 8computer-0
[12:00:42.686] [INFO   ] KP step 10computer-0
[12:00:42.687] [INFO   ] AI key pressed step 3, random slot: 1
[12:00:42.687] [INFO   ] creat AI step 8 
[12:00:42.687] [INFO   ] creat AI step 9 
[12:00:42.689] [INFO   ] thread Thread-0wip5
[12:00:42.686] [INFO   ] thread Thread-1wip4
[12:00:42.690] [INFO   ] thread Thread-0 before  synchronize on dealer.
[12:00:42.692] [INFO   ] creat AI step 7 
[12:00:42.693] [INFO   ] thread Thread-0 after  synchronize on dealer.
[12:00:42.693] [INFO   ] AI key pressed step 1 
[12:00:42.694] [INFO   ] thread Thread-0 before notify synchronize on dealer.
[12:00:42.694] [INFO   ] AI key pressed step 2 
[12:00:42.695] [INFO   ] KP step 1computer-1
[12:00:42.695] [INFO   ] KP step 7computer-1
[12:00:42.696] [INFO   ] KP step 8computer-1
[12:00:42.696] [INFO   ] KP step 10computer-1
[12:00:42.696] [INFO   ] AI key pressed step 3, random slot: 0
[12:00:42.696] [INFO   ] creat AI step 8 
[12:00:42.696] [INFO   ] creat AI step 9 
[12:00:42.697] [INFO   ] thread Thread-1wip5
[12:00:42.697] [INFO   ] thread Thread-1 before  synchronize on dealer.
[12:00:42.697] [INFO   ] thread Thread-1 after  synchronize on dealer.
[12:00:42.698] [INFO   ] thread Thread-1 before notify synchronize on dealer.
[12:00:42.908] [INFO   ] place card step 0 
[12:00:42.909] [INFO   ] place card step 1 
[12:00:43.017] [SEVERE ] placing card 26 in slot 0
[12:00:43.127] [SEVERE ] placing card 68 in slot 1
[12:00:43.235] [SEVERE ] placing card 60 in slot 2
[12:00:43.345] [SEVERE ] placing card 74 in slot 3
[12:00:43.453] [SEVERE ] placing card 30 in slot 4
[12:00:43.562] [SEVERE ] placing card 79 in slot 5
[12:00:43.669] [SEVERE ] placing card 73 in slot 6
[12:00:43.778] [SEVERE ] placing card 50 in slot 7
[12:00:43.889] [SEVERE ] placing card 45 in slot 8
[12:00:43.999] [SEVERE ] placing card 3 in slot 9
[12:00:44.109] [SEVERE ] placing card 63 in slot 10
[12:00:44.217] [SEVERE ] placing card 76 in slot 11
[12:00:44.218] [INFO   ] place card step 2 
[12:00:44.218] [INFO   ] place card step 3 
[12:00:44.220] [INFO   ] place card step 5 
[12:00:44.220] [INFO   ] place card step 6 
[12:00:44.220] [INFO   ] place card step 7 
[12:00:44.220] [INFO   ] place card step 8 
[12:00:44.220] [SEVERE ] updating countdown to 58462
[12:00:44.433] [INFO   ] remove  in the table step 1
[12:00:44.434] [INFO   ] remove  in the table step 2
[12:00:44.435] [INFO   ] penalty
[12:00:44.435] [SEVERE ] setting player 1 freeze to 3000
[12:00:45.451] [SEVERE ] setting player 1 freeze to 2000
[12:00:46.463] [SEVERE ] setting player 1 freeze to 1000
[12:00:47.477] [SEVERE ] setting player 1 freeze to 0
[12:00:47.478] [INFO   ] remove  in the table step 1
[12:00:47.478] [INFO   ] creat AI step 10 
[12:00:47.478] [INFO   ] remove  in the table step 2
[12:00:47.479] [INFO   ] creat AI step 11 
[12:00:47.480] [INFO   ] creat AI step 3 
[12:00:47.479] [INFO   ] thread Thread-0wip1
[12:00:47.480] [INFO   ] creat AI step 4 
[12:00:47.481] [INFO   ] creat AI step 5 
[12:00:47.479] [INFO   ] penalty
[12:00:47.481] [SEVERE ] setting player 2 freeze to 3000
[12:00:48.482] [SEVERE ] setting player 2 freeze to 2000
[12:00:49.490] [SEVERE ] setting player 2 freeze to 1000
[12:00:50.503] [SEVERE ] setting player 2 freeze to 0
[12:00:50.504] [INFO   ] creat AI step 10 
[12:00:50.504] [INFO   ] creat AI step 11 
[12:00:50.504] [INFO   ] creat AI step 6 
[12:00:50.504] [INFO   ] creat AI step 3 
[12:00:50.504] [INFO   ] thread Thread-1wip1
[12:00:50.505] [INFO   ] creat AI step 7 
[12:00:50.505] [INFO   ] thread Thread-0wip2
[12:00:50.505] [INFO   ] creat AI step 7 
[12:00:50.506] [INFO   ] thread Thread-0wip3
[12:00:50.506] [INFO   ] AI key pressed step 1 
[12:00:50.506] [INFO   ] thread Thread-1wip2
[12:00:50.508] [INFO   ] AI key pressed step 2 
[12:00:50.508] [INFO   ] KP step 1computer-1
[12:00:50.507] [INFO   ] thread Thread-0wip4
[12:00:50.507] [INFO   ] AI key pressed step 1 
[12:00:50.509] [INFO   ] AI key pressed step 2 
[12:00:50.509] [INFO   ] KP step 1computer-0
[12:00:50.510] [INFO   ] KP step 2computer-0
[12:00:50.510] [INFO   ] KP step 4computer-0
[12:00:50.509] [INFO   ] KP step 2computer-1
[12:00:50.508] [INFO   ] thread Thread-1wip3
[12:00:50.510] [INFO   ] KP step 4computer-1
[12:00:50.510] [INFO   ] KP step 5computer-0
[12:00:50.511] [INFO   ] KP step 5computer-1
[12:00:50.510] [INFO   ] thread Thread-1wip4
[12:00:50.511] [SEVERE ] player 2 placing token on slot 10
[12:00:50.511] [SEVERE ] player 1 placing token on slot 7
[12:00:50.512] [INFO   ] KP step 6computer-1
[12:00:50.512] [INFO   ] KP step 6computer-0
[12:00:50.512] [INFO   ] KP step 7computer-1
[12:00:50.513] [INFO   ] KP step 7computer-0
[12:00:50.513] [INFO   ] KP step 8computer-1
[12:00:50.513] [INFO   ] KP step 10computer-1
[12:00:50.514] [INFO   ] AI key pressed step 3, random slot: 10
[12:00:50.514] [INFO   ] creat AI step 8 
[12:00:50.513] [INFO   ] KP step 8computer-0
[12:00:50.514] [INFO   ] creat AI step 9 
[12:00:50.514] [INFO   ] KP step 10computer-0
[12:00:50.516] [INFO   ] AI key pressed step 3, random slot: 7
[12:00:50.517] [INFO   ] creat AI step 8 
[12:00:50.514] [INFO   ] thread Thread-1wip5
[12:00:50.517] [INFO   ] creat AI step 9 
[12:00:50.517] [INFO   ] thread Thread-1 before  synchronize on dealer.
[12:00:50.518] [INFO   ] thread Thread-0wip5
[12:00:50.518] [INFO   ] thread Thread-1 after  synchronize on dealer.
[12:00:50.518] [INFO   ] thread Thread-0 before  synchronize on dealer.
[12:00:50.518] [INFO   ] thread Thread-1 before notify synchronize on dealer.
[12:00:50.519] [INFO   ] thread Thread-0 after  synchronize on dealer.
[12:00:50.519] [INFO   ] thread Thread-0 before notify synchronize on dealer.
[12:00:50.723] [INFO   ] place card step 0 
[12:00:50.723] [INFO   ] place card step 1 
[12:00:50.723] [INFO   ] place card step 2 
[12:00:50.723] [INFO   ] place card step 3 
[12:00:50.727] [INFO   ] place card step 5 
[12:00:50.727] [INFO   ] place card step 6 
[12:00:50.728] [INFO   ] place card step 7 
[12:00:50.728] [INFO   ] place card step 8 
[12:00:50.728] [SEVERE ] updating countdown to 51954
[12:00:50.940] [INFO   ] remove  in the table step 1
[12:00:50.940] [INFO   ] remove  in the table step 2
[12:00:50.941] [INFO   ] penalty
[12:00:50.941] [SEVERE ] setting player 2 freeze to 3000
[12:00:51.951] [SEVERE ] setting player 2 freeze to 2000
[12:00:52.955] [SEVERE ] setting player 2 freeze to 1000
[12:00:53.964] [SEVERE ] setting player 2 freeze to 0
[12:00:53.964] [SEVERE ] removing player 2 token from slot 10
[12:00:53.965] [INFO   ] remove  in the table step 1
[12:00:53.965] [INFO   ] creat AI step 10 
[12:00:53.965] [INFO   ] remove  in the table step 2
[12:00:53.965] [INFO   ] thread Thread-1wip1
[12:00:53.966] [INFO   ] thread Thread-1wip2
[12:00:53.966] [INFO   ] thread Thread-1wip3
[12:00:53.965] [INFO   ] creat AI step 11 
[12:00:53.966] [INFO   ] thread Thread-1wip4
[12:00:53.966] [INFO   ] penalty
[12:00:53.966] [INFO   ] creat AI step 3 
[12:00:53.966] [INFO   ] creat AI step 4 
[12:00:53.966] [SEVERE ] setting player 1 freeze to 3000
[12:00:53.966] [INFO   ] creat AI step 5 
[12:00:54.972] [SEVERE ] setting player 1 freeze to 2000
[12:00:55.984] [SEVERE ] setting player 1 freeze to 1000
[12:00:56.999] [SEVERE ] setting player 1 freeze to 0
[12:00:57.000] [SEVERE ] removing player 1 token from slot 7
[12:00:57.000] [INFO   ] creat AI step 10 
[12:00:57.001] [INFO   ] creat AI step 11 
[12:00:57.001] [INFO   ] creat AI step 3 
[12:00:57.001] [INFO   ] creat AI step 7 
[12:00:57.001] [INFO   ] AI key pressed step 1 
[12:00:57.001] [INFO   ] AI key pressed step 2 
[12:00:57.000] [INFO   ] creat AI step 6 
[12:00:57.002] [INFO   ] creat AI step 7 
[12:00:57.002] [INFO   ] AI key pressed step 1 
[12:00:57.002] [INFO   ] AI key pressed step 2 
[12:00:57.002] [INFO   ] KP step 1computer-1
[12:00:57.002] [INFO   ] KP step 1computer-0
[12:00:57.001] [INFO   ] thread Thread-0wip1
[12:00:57.003] [INFO   ] KP step 2computer-0
[12:00:57.003] [INFO   ] KP step 2computer-1
[12:00:57.003] [INFO   ] KP step 4computer-0
[12:00:57.003] [INFO   ] thread Thread-0wip2
[12:00:57.004] [INFO   ] KP step 5computer-0
[12:00:57.004] [INFO   ] KP step 4computer-1
[12:00:57.004] [SEVERE ] player 1 placing token on slot 10
[12:00:57.004] [INFO   ] thread Thread-0wip3
[12:00:57.006] [INFO   ] KP step 6computer-0
[12:00:57.004] [INFO   ] KP step 5computer-1
[12:00:57.007] [SEVERE ] player 2 placing token on slot 11
[12:00:57.006] [INFO   ] KP step 7computer-0
[12:00:57.006] [INFO   ] thread Thread-0wip4
[12:00:57.007] [INFO   ] KP step 6computer-1
[12:00:57.007] [INFO   ] KP step 8computer-0
[12:00:57.008] [INFO   ] KP step 7computer-1
[12:00:57.008] [INFO   ] KP step 10computer-0
[12:00:57.009] [INFO   ] AI key pressed step 3, random slot: 10
[12:00:57.009] [INFO   ] creat AI step 8 
[12:00:57.009] [INFO   ] creat AI step 9 
[12:00:57.008] [INFO   ] KP step 8computer-1
[12:00:57.010] [INFO   ] thread Thread-0wip5
[12:00:57.010] [INFO   ] thread Thread-0 before  synchronize on dealer.
[12:00:57.010] [INFO   ] thread Thread-0 after  synchronize on dealer.
[12:00:57.011] [INFO   ] thread Thread-0 before notify synchronize on dealer.
[12:00:57.010] [INFO   ] KP step 10computer-1
[12:00:57.011] [INFO   ] AI key pressed step 3, random slot: 11
[12:00:57.011] [INFO   ] creat AI step 8 
[12:00:57.012] [INFO   ] creat AI step 9 
[12:00:57.012] [INFO   ] thread Thread-1wip5
[12:00:57.013] [INFO   ] thread Thread-1 before  synchronize on dealer.
[12:00:57.013] [INFO   ] thread Thread-1 after  synchronize on dealer.
[12:00:57.013] [INFO   ] thread Thread-1 before notify synchronize on dealer.
[12:00:57.218] [INFO   ] place card step 0 
[12:00:57.218] [INFO   ] place card step 1 
[12:00:57.218] [INFO   ] place card step 2 
[12:00:57.218] [INFO   ] place card step 3 
[12:00:57.219] [INFO   ] place card step 5 
[12:00:57.220] [INFO   ] place card step 6 
[12:00:57.220] [INFO   ] place card step 7 
[12:00:57.220] [INFO   ] place card step 8 
[12:00:57.220] [SEVERE ] updating countdown to 45462
[12:00:57.437] [INFO   ] remove  in the table step 1
[12:00:57.437] [INFO   ] remove  in the table step 2
[12:00:57.437] [INFO   ] penalty
[12:00:57.437] [SEVERE ] setting player 1 freeze to 3000
[12:00:58.446] [SEVERE ] setting player 1 freeze to 2000
[12:00:59.458] [SEVERE ] setting player 1 freeze to 1000
[12:01:00.473] [SEVERE ] setting player 1 freeze to 0
[12:01:00.474] [SEVERE ] removing player 1 token from slot 10
[12:01:00.474] [INFO   ] remove  in the table step 1
[12:01:00.474] [INFO   ] creat AI step 10 
[12:01:00.474] [INFO   ] remove  in the table step 2
[12:01:00.474] [INFO   ] thread Thread-0wip1
[12:01:00.474] [INFO   ] creat AI step 11 
[12:01:00.475] [INFO   ] thread Thread-0wip2
[12:01:00.475] [INFO   ] penalty
[12:01:00.475] [INFO   ] thread Thread-0wip3
[12:01:00.475] [INFO   ] creat AI step 3 
[12:01:00.476] [INFO   ] thread Thread-0wip4
[12:01:00.476] [SEVERE ] setting player 2 freeze to 3000
[12:01:00.476] [INFO   ] creat AI step 4 
[12:01:00.477] [INFO   ] creat AI step 5 
[12:01:00.613] [SEVERE ] exit button pressed
[12:01:01.492] [SEVERE ] setting player 2 freeze to 2000
[12:01:02.506] [SEVERE ] setting player 2 freeze to 1000
[12:01:03.519] [SEVERE ] setting player 2 freeze to 0
[12:01:03.521] [SEVERE ] removing player 2 token from slot 11
[12:01:03.521] [INFO   ] creat AI step 6 
[12:01:03.521] [INFO   ] creat AI step 7 
[12:01:03.521] [INFO   ] creat AI step 10 
[12:01:03.522] [INFO   ] creat AI step 11 
[12:01:03.522] [INFO   ] creat AI step 3 
[12:01:03.522] [INFO   ] creat AI step 7 
[12:01:03.522] [INFO   ] AI key pressed step 1 
[12:01:03.523] [INFO   ] AI key pressed step 2 
[12:01:03.523] [INFO   ] KP step 1computer-1
[12:01:03.523] [INFO   ] KP step 2computer-1
[12:01:03.523] [INFO   ] KP step 4computer-1
[12:01:03.522] [INFO   ] AI key pressed step 1 
[12:01:03.524] [INFO   ] AI key pressed step 2 
[12:01:03.524] [INFO   ] KP step 1computer-0
[12:01:03.524] [INFO   ] KP step 2computer-0
[12:01:03.524] [INFO   ] KP step 4computer-0
[12:01:03.524] [INFO   ] KP step 5computer-0
[12:01:03.523] [INFO   ] KP step 5computer-1
[12:01:03.522] [INFO   ] thread Thread-1wip1
[12:01:03.525] [INFO   ] thread Thread-1wip2
[12:01:03.525] [INFO   ] thread Thread-1wip3
[12:01:03.525] [INFO   ] thread Thread-1wip4
[12:01:03.525] [SEVERE ] player 2 placing token on slot 10
[12:01:03.524] [SEVERE ] player 1 placing token on slot 5
[12:01:03.526] [INFO   ] KP step 6computer-1
[12:01:03.526] [INFO   ] KP step 6computer-0
[12:01:03.526] [INFO   ] KP step 7computer-1
[12:01:03.526] [INFO   ] KP step 8computer-1
[12:01:03.526] [INFO   ] KP step 7computer-0
[12:01:03.527] [INFO   ] KP step 8computer-0
[12:01:03.527] [INFO   ] KP step 10computer-0
[12:01:03.527] [INFO   ] KP step 10computer-1
[12:01:03.528] [INFO   ] AI key pressed step 3, random slot: 10
[12:01:03.528] [INFO   ] creat AI step 8 
[12:01:03.528] [INFO   ] creat AI step 9 
[12:01:03.527] [INFO   ] AI key pressed step 3, random slot: 5
[12:01:03.528] [INFO   ] creat AI step 8 
[12:01:03.528] [INFO   ] creat AI step 9 
[12:01:03.528] [INFO   ] thread Thread-1wip5
[12:01:03.529] [INFO   ] thread Thread-1 before  synchronize on dealer.
[12:01:03.529] [INFO   ] thread Thread-0wip5
[12:01:03.529] [INFO   ] thread Thread-0 before  synchronize on dealer.
[12:01:03.529] [INFO   ] thread Thread-1 after  synchronize on dealer.
[12:01:03.530] [INFO   ] thread Thread-1 before notify synchronize on dealer.
[12:01:03.530] [INFO   ] thread Thread-0 after  synchronize on dealer.
[12:01:03.530] [INFO   ] thread Thread-0 before notify synchronize on dealer.
[12:01:03.736] [INFO   ] place card step 0 
[12:01:03.736] [INFO   ] place card step 1 
[12:01:03.736] [INFO   ] place card step 2 
[12:01:03.736] [INFO   ] place card step 3 
[12:01:03.737] [INFO   ] place card step 5 
[12:01:03.737] [INFO   ] place card step 6 
[12:01:03.737] [INFO   ] place card step 7 
[12:01:03.737] [INFO   ] place card step 8 
[12:01:03.737] [SEVERE ] updating countdown to 38945
[12:01:03.954] [INFO   ] remove  in the table step 1
[12:01:03.954] [INFO   ] remove  in the table step 2
[12:01:03.954] [INFO   ] penalty
[12:01:03.954] [SEVERE ] setting player 2 freeze to 3000
[12:01:04.964] [SEVERE ] setting player 2 freeze to 2000
[12:01:05.969] [SEVERE ] setting player 2 freeze to 1000
[12:01:06.984] [SEVERE ] setting player 2 freeze to 0
[12:01:06.985] [SEVERE ] removing player 2 token from slot 10
[12:01:06.985] [INFO   ] creat AI step 10 
[12:01:06.985] [INFO   ] creat AI step 11 
[12:01:06.985] [INFO   ] remove  in the table step 1
[12:01:06.985] [INFO   ] thread Thread-1wip1
[12:01:06.985] [INFO   ] thread Thread-1wip2
[12:01:06.985] [INFO   ] thread Thread-1wip3
[12:01:06.986] [INFO   ] thread Thread-1wip4
[12:01:06.985] [INFO   ] creat AI step 3 
[12:01:06.986] [INFO   ] creat AI step 4 
[12:01:06.986] [INFO   ] creat AI step 5 
[12:01:06.985] [INFO   ] remove  in the table step 2
[12:01:06.986] [INFO   ] penalty
[12:01:06.986] [SEVERE ] setting player 1 freeze to 3000
