[20:50:26.160] [INFO   ] thread main starting.
[20:50:26.168] [SEVERE ] cannot read configuration file config.properties trying from resources.
[20:50:26.170] [SEVERE ] configuration file was loaded from resources directory.
[20:50:26.697] [INFO   ] thread dealer starting.
[20:50:26.698] [INFO   ] thread dealer starting.
[20:50:26.700] [INFO   ] thread Thread-0 starting.
[20:50:26.702] [INFO   ] thread computer-0 starting.
[20:50:26.703] [INFO   ] thread Thread-1 starting.
[20:50:26.704] [INFO   ] thread computer-1 starting.
[20:50:26.704] [INFO   ] thread Thread-2 starting.
[20:50:26.710] [INFO   ] thread computer-2 starting.
[20:50:26.713] [INFO   ] thread Thread-3 starting.
[20:50:26.715] [INFO   ] thread computer-3 starting.
[20:50:26.715] [SEVERE ] updating countdown to 10000
[20:50:26.723] [INFO   ] thread dealer run step 1.
[20:50:27.239] [SEVERE ] placing card 64 in slot 0
[20:50:27.350] [SEVERE ] placing card 6 in slot 1
[20:50:27.457] [SEVERE ] placing card 57 in slot 2
[20:50:27.566] [SEVERE ] placing card 40 in slot 3
[20:50:27.674] [SEVERE ] placing card 1 in slot 4
[20:50:27.785] [SEVERE ] placing card 30 in slot 5
[20:50:27.895] [SEVERE ] placing card 63 in slot 6
[20:50:28.003] [SEVERE ] placing card 44 in slot 7
[20:50:28.113] [SEVERE ] placing card 53 in slot 8
[20:50:28.222] [SEVERE ] placing card 7 in slot 9
[20:50:28.330] [SEVERE ] placing card 75 in slot 10
[20:50:28.440] [SEVERE ] placing card 34 in slot 11
[20:50:28.441] [INFO   ] thread dealer step 1.
[20:50:28.441] [SEVERE ] updating countdown to 8276
[20:50:28.442] [INFO   ] thread dealer step 2.
[20:50:28.442] [INFO   ] thread dealer step 2.
[20:50:28.442] [INFO   ] thread dealer step 2.
[20:50:28.443] [INFO   ] thread dealer step 2.
[20:50:28.443] [INFO   ] thread dealer step 2.
[20:50:28.443] [INFO   ] thread dealer step 2.
[20:50:28.443] [INFO   ] thread dealer step 2.
[20:50:28.444] [INFO   ] thread dealer step 2.
[20:50:28.444] [INFO   ] thread dealer step 2.
[20:50:28.444] [INFO   ] thread dealer step 2.
[20:50:28.444] [INFO   ] thread dealer step 2.
[20:50:28.445] [INFO   ] thread dealer step 2.
[20:50:28.445] [INFO   ] thread dealer step 3.
[20:50:28.445] [SEVERE ] updating countdown to 8272
[20:50:28.455] [INFO   ] thread dealer step 4.
[20:50:28.456] [INFO   ] thread dealer step 10.
[20:50:28.456] [INFO   ] thread dealer step 11.
[20:50:28.457] [INFO   ] thread dealer step 12.
[20:50:28.457] [INFO   ] thread dealer run step 2.
[20:50:28.457] [INFO   ] thread dealer timer loop 1.
[20:50:28.816] [SEVERE ] player 3 placing token on slot 11
[20:50:28.816] [SEVERE ] player 1 placing token on slot 6
[20:50:28.816] [SEVERE ] player 2 placing token on slot 1
[20:50:28.816] [SEVERE ] player 4 placing token on slot 6
[20:50:29.168] [SEVERE ] player 3 placing token on slot 4
[20:50:29.168] [SEVERE ] player 1 placing token on slot 8
[20:50:29.175] [SEVERE ] player 2 placing token on slot 10
[20:50:29.175] [SEVERE ] removing player 4 token from slot 6
[20:50:29.468] [INFO   ] thread dealer timer loop 2.
[20:50:29.468] [SEVERE ] updating countdown to 7249
[20:50:29.469] [INFO   ] thread dealer timer loop 3.
[20:50:29.531] [SEVERE ] removing player 2 token from slot 10
[20:50:29.531] [SEVERE ] player 1 placing token on slot 0
[20:50:29.531] [SEVERE ] player 4 placing token on slot 2
[20:50:29.531] [SEVERE ] player 3 placing token on slot 7
[20:50:29.883] [SEVERE ] player 2 placing token on slot 7
[20:50:29.890] [SEVERE ] player 4 placing token on slot 9
[20:50:29.906] [INFO   ] remove  in the table step 1
[20:50:29.907] [INFO   ] remove  in the table step 2
[20:50:29.907] [SEVERE ] updating countdown to 6810
[20:50:29.907] [SEVERE ] removing player 1 token from slot 6
[20:50:29.908] [SEVERE ] updating countdown to 6809
[20:50:29.908] [SEVERE ] updating countdown to 6809
[20:50:29.908] [SEVERE ] removing player 1 token from slot 8
[20:50:29.909] [SEVERE ] updating countdown to 6808
[20:50:29.909] [SEVERE ] updating countdown to 6808
[20:50:29.909] [SEVERE ] removing player 1 token from slot 0
[20:50:29.909] [SEVERE ] updating countdown to 6808
[20:50:29.910] [INFO   ] thread dealerstep 2.
[20:50:29.910] [SEVERE ] updating countdown to 6807
[20:50:29.910] [INFO   ] remove  in the table step 1
[20:50:29.910] [INFO   ] remove  in the table step 2
[20:50:29.910] [INFO   ] thread Thread-0 player was notified by dealer.
[20:50:29.911] [INFO   ] penalty
[20:50:29.910] [SEVERE ] updating countdown to 6807
[20:50:29.911] [SEVERE ] setting player 1 freeze to 0
[20:50:29.912] [SEVERE ] removing player 3 token from slot 11
[20:50:29.912] [SEVERE ] updating countdown to 6805
[20:50:29.913] [SEVERE ] updating countdown to 6804
[20:50:29.913] [SEVERE ] removing player 3 token from slot 4
[20:50:29.913] [SEVERE ] updating countdown to 6804
[20:50:29.913] [SEVERE ] updating countdown to 6804
[20:50:29.913] [SEVERE ] removing player 3 token from slot 7
[20:50:29.913] [SEVERE ] updating countdown to 6804
[20:50:29.914] [INFO   ] thread dealerstep 2.
[20:50:29.914] [SEVERE ] updating countdown to 6803
[20:50:29.914] [INFO   ] thread dealer timer loop 4.
[20:50:29.914] [INFO   ] thread Thread-2 player was notified by dealer.
[20:50:29.914] [INFO   ] penalty
[20:50:29.914] [SEVERE ] setting player 3 freeze to 0
[20:50:30.237] [SEVERE ] player 2 placing token on slot 11
[20:50:30.252] [SEVERE ] player 4 placing token on slot 5
[20:50:30.268] [SEVERE ] player 3 placing token on slot 11
[20:50:30.268] [SEVERE ] player 1 placing token on slot 4
[20:50:30.346] [INFO   ] thread dealer step 1.
[20:50:30.346] [SEVERE ] updating countdown to 6371
[20:50:30.347] [INFO   ] thread dealer step 2.
[20:50:30.347] [INFO   ] thread dealer step 2.
[20:50:30.347] [INFO   ] thread dealer step 2.
[20:50:30.347] [INFO   ] thread dealer step 2.
[20:50:30.348] [INFO   ] thread dealer step 2.
[20:50:30.348] [INFO   ] thread dealer step 2.
[20:50:30.348] [INFO   ] thread dealer step 2.
[20:50:30.348] [INFO   ] thread dealer step 2.
[20:50:30.348] [INFO   ] thread dealer step 2.
[20:50:30.348] [INFO   ] thread dealer step 2.
[20:50:30.349] [INFO   ] thread dealer step 2.
[20:50:30.349] [INFO   ] thread dealer step 2.
[20:50:30.349] [INFO   ] thread dealer step 3.
[20:50:30.349] [SEVERE ] updating countdown to 6368
[20:50:30.356] [INFO   ] thread dealer step 4.
[20:50:30.357] [INFO   ] thread dealer step 10.
[20:50:30.357] [INFO   ] thread dealer step 11.
[20:50:30.357] [INFO   ] thread dealer step 12.
[20:50:30.357] [INFO   ] thread dealer timer loop 5.
[20:50:30.358] [INFO   ] thread dealer timer loop 1.
[20:50:30.358] [INFO   ] thread dealer timer loop 2.
[20:50:30.358] [SEVERE ] updating countdown to 6359
[20:50:30.358] [INFO   ] thread dealer timer loop 3.
[20:50:30.629] [SEVERE ] player 3 placing token on slot 5
[20:50:30.629] [SEVERE ] player 1 placing token on slot 3
[20:50:30.804] [INFO   ] remove  in the table step 1
[20:50:30.804] [INFO   ] remove  in the table step 2
[20:50:30.804] [SEVERE ] updating countdown to 5913
[20:50:30.805] [SEVERE ] removing player 2 token from slot 1
[20:50:30.805] [SEVERE ] updating countdown to 5912
[20:50:30.805] [SEVERE ] updating countdown to 5912
[20:50:30.805] [SEVERE ] removing player 2 token from slot 7
[20:50:30.805] [SEVERE ] updating countdown to 5912
[20:50:30.805] [SEVERE ] updating countdown to 5912
[20:50:30.805] [SEVERE ] removing player 2 token from slot 11
[20:50:30.805] [SEVERE ] updating countdown to 5912
[20:50:30.806] [INFO   ] thread dealerstep 2.
[20:50:30.806] [SEVERE ] updating countdown to 5911
[20:50:30.806] [INFO   ] remove  in the table step 1
[20:50:30.806] [INFO   ] remove  in the table step 2
[20:50:30.806] [INFO   ] thread Thread-1 player was notified by dealer.
[20:50:30.806] [INFO   ] penalty
[20:50:30.806] [SEVERE ] updating countdown to 5911
[20:50:30.806] [SEVERE ] setting player 2 freeze to 0
[20:50:30.806] [SEVERE ] removing player 4 token from slot 2
[20:50:30.807] [SEVERE ] updating countdown to 5910
[20:50:30.807] [SEVERE ] updating countdown to 5910
[20:50:30.807] [SEVERE ] removing player 4 token from slot 9
[20:50:30.807] [SEVERE ] updating countdown to 5910
[20:50:30.807] [SEVERE ] updating countdown to 5910
[20:50:30.807] [SEVERE ] removing player 4 token from slot 5
[20:50:30.807] [SEVERE ] updating countdown to 5910
[20:50:30.807] [INFO   ] thread dealerstep 2.
[20:50:30.807] [SEVERE ] updating countdown to 5910
[20:50:30.807] [INFO   ] thread dealer timer loop 4.
[20:50:30.807] [INFO   ] thread Thread-3 player was notified by dealer.
[20:50:30.807] [INFO   ] penalty
[20:50:30.807] [SEVERE ] setting player 4 freeze to 0
[20:50:30.992] [SEVERE ] player 3 placing token on slot 0
[20:50:30.992] [SEVERE ] player 1 placing token on slot 5
[20:50:31.163] [SEVERE ] player 4 placing token on slot 2
[20:50:31.163] [SEVERE ] player 2 placing token on slot 10
[20:50:31.241] [INFO   ] thread dealer step 1.
[20:50:31.241] [SEVERE ] updating countdown to 5476
[20:50:31.241] [INFO   ] thread dealer step 2.
[20:50:31.242] [INFO   ] thread dealer step 2.
[20:50:31.242] [INFO   ] thread dealer step 2.
[20:50:31.242] [INFO   ] thread dealer step 2.
[20:50:31.242] [INFO   ] thread dealer step 2.
[20:50:31.242] [INFO   ] thread dealer step 2.
[20:50:31.242] [INFO   ] thread dealer step 2.
[20:50:31.242] [INFO   ] thread dealer step 2.
[20:50:31.242] [INFO   ] thread dealer step 2.
[20:50:31.242] [INFO   ] thread dealer step 2.
[20:50:31.242] [INFO   ] thread dealer step 2.
[20:50:31.242] [INFO   ] thread dealer step 2.
[20:50:31.242] [INFO   ] thread dealer step 3.
[20:50:31.242] [SEVERE ] updating countdown to 5475
[20:50:31.246] [INFO   ] thread dealer step 4.
[20:50:31.246] [INFO   ] thread dealer step 10.
[20:50:31.246] [INFO   ] thread dealer step 11.
[20:50:31.246] [INFO   ] thread dealer step 12.
[20:50:31.247] [INFO   ] thread dealer timer loop 5.
[20:50:31.247] [INFO   ] thread dealer timer loop 1.
[20:50:31.247] [INFO   ] thread dealer timer loop 2.
[20:50:31.247] [SEVERE ] updating countdown to 5470
[20:50:31.247] [INFO   ] thread dealer timer loop 3.
[20:50:31.527] [SEVERE ] removing player 4 token from slot 2
[20:50:31.527] [SEVERE ] player 2 placing token on slot 3
[20:50:31.685] [INFO   ] remove  in the table step 1
[20:50:31.685] [INFO   ] remove  in the table step 2
[20:50:31.685] [SEVERE ] updating countdown to 5032
[20:50:31.685] [SEVERE ] removing player 3 token from slot 11
[20:50:31.685] [SEVERE ] updating countdown to 5032
[20:50:31.685] [SEVERE ] updating countdown to 5032
[20:50:31.685] [SEVERE ] removing player 3 token from slot 5
[20:50:31.686] [SEVERE ] updating countdown to 5031
[20:50:31.686] [SEVERE ] updating countdown to 5031
[20:50:31.686] [SEVERE ] removing player 3 token from slot 0
[20:50:31.686] [SEVERE ] updating countdown to 5031
[20:50:31.686] [INFO   ] thread dealerstep 2.
[20:50:31.686] [SEVERE ] updating countdown to 5031
[20:50:31.686] [INFO   ] remove  in the table step 1
[20:50:31.686] [INFO   ] thread Thread-2 player was notified by dealer.
[20:50:31.686] [INFO   ] penalty
[20:50:31.686] [INFO   ] remove  in the table step 2
[20:50:31.686] [SEVERE ] setting player 3 freeze to 0
[20:50:31.686] [SEVERE ] updating countdown to 5031
[20:50:31.686] [SEVERE ] removing player 1 token from slot 4
[20:50:31.687] [SEVERE ] updating countdown to 5030
[20:50:31.687] [SEVERE ] updating countdown to 5030
[20:50:31.687] [SEVERE ] removing player 1 token from slot 3
[20:50:31.687] [SEVERE ] updating countdown to 5030
[20:50:31.687] [SEVERE ] updating countdown to 5030
[20:50:31.687] [SEVERE ] removing player 1 token from slot 5
[20:50:31.687] [SEVERE ] updating countdown to 5030
[20:50:31.687] [INFO   ] thread dealerstep 2.
[20:50:31.687] [SEVERE ] updating countdown to 5030
[20:50:31.687] [INFO   ] thread dealer timer loop 4.
[20:50:31.687] [INFO   ] thread Thread-0 player was notified by dealer.
[20:50:31.688] [INFO   ] penalty
[20:50:31.688] [SEVERE ] setting player 1 freeze to 0
[20:50:31.883] [SEVERE ] player 4 placing token on slot 4
[20:50:31.883] [SEVERE ] player 2 placing token on slot 11
[20:50:32.040] [SEVERE ] player 3 placing token on slot 0
[20:50:32.040] [SEVERE ] player 1 placing token on slot 1
[20:50:32.119] [INFO   ] thread dealer step 1.
[20:50:32.119] [INFO   ] thread dealer step 2.
[20:50:32.119] [INFO   ] thread dealer step 2.
[20:50:32.119] [INFO   ] thread dealer step 2.
[20:50:32.119] [INFO   ] thread dealer step 2.
[20:50:32.119] [INFO   ] thread dealer step 2.
[20:50:32.119] [INFO   ] thread dealer step 2.
[20:50:32.119] [INFO   ] thread dealer step 2.
[20:50:32.119] [INFO   ] thread dealer step 2.
[20:50:32.119] [INFO   ] thread dealer step 2.
[20:50:32.119] [INFO   ] thread dealer step 2.
[20:50:32.119] [INFO   ] thread dealer step 2.
[20:50:32.119] [INFO   ] thread dealer step 2.
[20:50:32.119] [INFO   ] thread dealer step 3.
[20:50:32.119] [INFO   ] thread dealer step 4.
[20:50:32.119] [INFO   ] thread dealer step 10.
[20:50:32.119] [INFO   ] thread dealer step 11.
[20:50:32.119] [INFO   ] thread dealer step 12.
[20:50:32.119] [INFO   ] thread dealer timer loop 5.
[20:50:32.119] [INFO   ] thread dealer timer loop 1.
[20:50:32.119] [INFO   ] thread dealer timer loop 2.
[20:50:32.119] [INFO   ] thread dealer timer loop 3.
[20:50:32.247] [SEVERE ] player 4 placing token on slot 5
[20:50:32.403] [SEVERE ] player 1 placing token on slot 9
[20:50:32.403] [SEVERE ] player 3 placing token on slot 2
[20:50:32.560] [INFO   ] remove  in the table step 1
[20:50:32.560] [INFO   ] remove  in the table step 2
[20:50:32.560] [SEVERE ] removing player 2 token from slot 10
[20:50:32.560] [SEVERE ] removing player 2 token from slot 3
[20:50:32.560] [SEVERE ] removing player 2 token from slot 11
[20:50:32.560] [INFO   ] thread dealerstep 2.
[20:50:32.560] [INFO   ] thread dealer timer loop 4.
[20:50:32.560] [INFO   ] thread Thread-1 player was notified by dealer.
[20:50:32.564] [INFO   ] penalty
[20:50:32.564] [SEVERE ] setting player 2 freeze to 0
[20:50:32.611] [SEVERE ] player 4 placing token on slot 2
[20:50:32.767] [SEVERE ] player 3 placing token on slot 9
[20:50:32.767] [SEVERE ] player 1 placing token on slot 11
[20:50:32.924] [SEVERE ] player 2 placing token on slot 11
[20:50:33.002] [INFO   ] thread dealer step 1.
[20:50:33.002] [INFO   ] thread dealer step 2.
[20:50:33.002] [INFO   ] thread dealer step 2.
[20:50:33.002] [INFO   ] thread dealer step 2.
[20:50:33.002] [INFO   ] thread dealer step 2.
[20:50:33.002] [INFO   ] thread dealer step 2.
[20:50:33.002] [INFO   ] thread dealer step 2.
[20:50:33.002] [INFO   ] thread dealer step 2.
[20:50:33.002] [INFO   ] thread dealer step 2.
[20:50:33.002] [INFO   ] thread dealer step 2.
[20:50:33.002] [INFO   ] thread dealer step 2.
[20:50:33.002] [INFO   ] thread dealer step 2.
[20:50:33.002] [INFO   ] thread dealer step 2.
[20:50:33.002] [INFO   ] thread dealer step 3.
[20:50:33.002] [INFO   ] thread dealer step 4.
[20:50:33.002] [INFO   ] thread dealer step 10.
[20:50:33.002] [INFO   ] thread dealer step 11.
[20:50:33.002] [INFO   ] thread dealer step 12.
[20:50:33.002] [INFO   ] thread dealer timer loop 5.
[20:50:33.002] [INFO   ] thread dealer timer loop 1.
[20:50:33.002] [INFO   ] thread dealer timer loop 2.
[20:50:33.002] [INFO   ] thread dealer timer loop 3.
[20:50:33.282] [SEVERE ] player 2 placing token on slot 10
[20:50:33.439] [INFO   ] remove  in the table step 1
[20:50:33.439] [INFO   ] remove  in the table step 2
[20:50:33.439] [SEVERE ] removing player 4 token from slot 4
[20:50:33.439] [SEVERE ] removing player 4 token from slot 5
[20:50:33.439] [SEVERE ] removing player 4 token from slot 2
[20:50:33.439] [INFO   ] thread dealerstep 2.
[20:50:33.439] [INFO   ] remove  in the table step 1
[20:50:33.439] [INFO   ] remove  in the table step 2
[20:50:33.441] [SEVERE ] removing player 3 token from slot 0
[20:50:33.439] [INFO   ] thread Thread-3 player was notified by dealer.
[20:50:33.442] [INFO   ] penalty
[20:50:33.441] [SEVERE ] removing player 3 token from slot 2
[20:50:33.442] [SEVERE ] setting player 4 freeze to 0
[20:50:33.442] [SEVERE ] removing player 3 token from slot 9
[20:50:33.443] [INFO   ] thread dealerstep 2.
[20:50:33.443] [INFO   ] remove  in the table step 1
[20:50:33.443] [INFO   ] remove  in the table step 2
[20:50:33.443] [INFO   ] thread Thread-2 player was notified by dealer.
[20:50:33.444] [INFO   ] penalty
[20:50:33.444] [SEVERE ] removing player 1 token from slot 1
[20:50:33.444] [SEVERE ] setting player 3 freeze to 0
[20:50:33.444] [SEVERE ] removing player 1 token from slot 9
[20:50:33.445] [SEVERE ] removing player 1 token from slot 11
[20:50:33.445] [INFO   ] thread dealerstep 2.
[20:50:33.445] [INFO   ] thread dealer timer loop 4.
[20:50:33.445] [INFO   ] thread Thread-0 player was notified by dealer.
[20:50:33.445] [INFO   ] penalty
[20:50:33.445] [SEVERE ] setting player 1 freeze to 0
[20:50:33.648] [SEVERE ] player 2 placing token on slot 6
[20:50:33.804] [SEVERE ] player 4 placing token on slot 9
[20:50:33.804] [SEVERE ] player 3 placing token on slot 0
[20:50:33.804] [SEVERE ] player 1 placing token on slot 5
[20:50:33.883] [INFO   ] thread dealer step 1.
[20:50:33.883] [INFO   ] thread dealer step 2.
[20:50:33.883] [INFO   ] thread dealer step 2.
[20:50:33.883] [INFO   ] thread dealer step 2.
[20:50:33.883] [INFO   ] thread dealer step 2.
[20:50:33.883] [INFO   ] thread dealer step 2.
[20:50:33.883] [INFO   ] thread dealer step 2.
[20:50:33.883] [INFO   ] thread dealer step 2.
[20:50:33.883] [INFO   ] thread dealer step 2.
[20:50:33.883] [INFO   ] thread dealer step 2.
[20:50:33.883] [INFO   ] thread dealer step 2.
[20:50:33.883] [INFO   ] thread dealer step 2.
[20:50:33.883] [INFO   ] thread dealer step 2.
[20:50:33.883] [INFO   ] thread dealer step 3.
[20:50:33.883] [INFO   ] thread dealer step 4.
[20:50:33.883] [INFO   ] thread dealer step 10.
[20:50:33.883] [INFO   ] thread dealer step 11.
[20:50:33.883] [INFO   ] thread dealer step 12.
[20:50:33.883] [INFO   ] thread dealer timer loop 5.
[20:50:33.883] [INFO   ] thread dealer timer loop 1.
[20:50:33.883] [INFO   ] thread dealer timer loop 2.
[20:50:33.883] [INFO   ] thread dealer timer loop 3.
[20:50:34.167] [SEVERE ] player 3 placing token on slot 6
[20:50:34.167] [SEVERE ] removing player 1 token from slot 5
[20:50:34.167] [SEVERE ] player 4 placing token on slot 10
[20:50:34.325] [INFO   ] remove  in the table step 1
[20:50:34.325] [INFO   ] remove  in the table step 2
[20:50:34.325] [SEVERE ] removing player 2 token from slot 11
[20:50:34.325] [SEVERE ] removing player 2 token from slot 10
[20:50:34.325] [SEVERE ] removing player 2 token from slot 6
[20:50:34.325] [INFO   ] thread dealerstep 2.
[20:50:34.325] [INFO   ] thread dealer timer loop 4.
[20:50:34.325] [INFO   ] thread Thread-1 player was notified by dealer.
[20:50:34.325] [INFO   ] penalty
[20:50:34.325] [SEVERE ] setting player 2 freeze to 0
[20:50:34.529] [SEVERE ] removing player 4 token from slot 9
[20:50:34.529] [SEVERE ] player 3 placing token on slot 10
[20:50:34.529] [SEVERE ] player 1 placing token on slot 10
[20:50:34.688] [SEVERE ] player 2 placing token on slot 5
[20:50:34.767] [INFO   ] thread dealer step 1.
[20:50:34.767] [INFO   ] thread dealer step 2.
[20:50:34.767] [INFO   ] thread dealer step 2.
[20:50:34.767] [INFO   ] thread dealer step 2.
[20:50:34.767] [INFO   ] thread dealer step 2.
[20:50:34.767] [INFO   ] thread dealer step 2.
[20:50:34.767] [INFO   ] thread dealer step 2.
[20:50:34.767] [INFO   ] thread dealer step 2.
[20:50:34.767] [INFO   ] thread dealer step 2.
[20:50:34.767] [INFO   ] thread dealer step 2.
[20:50:34.767] [INFO   ] thread dealer step 2.
[20:50:34.767] [INFO   ] thread dealer step 2.
[20:50:34.767] [INFO   ] thread dealer step 2.
[20:50:34.767] [INFO   ] thread dealer step 3.
[20:50:34.767] [INFO   ] thread dealer step 4.
[20:50:34.767] [INFO   ] thread dealer step 10.
[20:50:34.767] [INFO   ] thread dealer step 11.
[20:50:34.767] [INFO   ] thread dealer step 12.
[20:50:34.767] [INFO   ] thread dealer timer loop 5.
[20:50:34.767] [INFO   ] thread dealer timer loop 1.
[20:50:34.767] [INFO   ] thread dealer timer loop 2.
[20:50:34.767] [INFO   ] thread dealer timer loop 3.
[20:50:34.892] [SEVERE ] player 1 placing token on slot 3
[20:50:34.892] [SEVERE ] player 4 placing token on slot 2
[20:50:35.049] [SEVERE ] player 2 placing token on slot 0
[20:50:35.205] [INFO   ] remove  in the table step 1
[20:50:35.205] [INFO   ] remove  in the table step 2
[20:50:35.205] [SEVERE ] removing player 3 token from slot 0
[20:50:35.205] [SEVERE ] removing player 3 token from slot 6
[20:50:35.205] [SEVERE ] removing player 3 token from slot 10
[20:50:35.205] [INFO   ] thread dealerstep 2.
[20:50:35.205] [INFO   ] thread dealer timer loop 4.
[20:50:35.205] [INFO   ] thread Thread-2 player was notified by dealer.
[20:50:35.205] [INFO   ] penalty
[20:50:35.205] [SEVERE ] setting player 3 freeze to 0
[20:50:35.252] [SEVERE ] player 1 placing token on slot 1
[20:50:35.252] [SEVERE ] player 4 placing token on slot 6
[20:50:35.410] [SEVERE ] removing player 2 token from slot 0
[20:50:35.566] [SEVERE ] player 3 placing token on slot 11
[20:50:35.648] [INFO   ] thread dealer step 1.
[20:50:35.648] [INFO   ] thread dealer step 2.
[20:50:35.648] [INFO   ] thread dealer step 2.
[20:50:35.648] [INFO   ] thread dealer step 2.
[20:50:35.648] [INFO   ] thread dealer step 2.
[20:50:35.648] [INFO   ] thread dealer step 2.
[20:50:35.648] [INFO   ] thread dealer step 2.
[20:50:35.648] [INFO   ] thread dealer step 2.
[20:50:35.648] [INFO   ] thread dealer step 2.
[20:50:35.648] [INFO   ] thread dealer step 2.
[20:50:35.648] [INFO   ] thread dealer step 2.
[20:50:35.648] [INFO   ] thread dealer step 2.
[20:50:35.648] [INFO   ] thread dealer step 2.
[20:50:35.648] [INFO   ] thread dealer step 3.
[20:50:35.648] [INFO   ] thread dealer step 4.
[20:50:35.648] [INFO   ] thread dealer step 10.
[20:50:35.648] [INFO   ] thread dealer step 11.
[20:50:35.648] [INFO   ] thread dealer step 12.
[20:50:35.648] [INFO   ] thread dealer timer loop 5.
[20:50:35.648] [INFO   ] thread dealer timer loop 1.
[20:50:35.648] [INFO   ] thread dealer timer loop 2.
[20:50:35.648] [INFO   ] thread dealer timer loop 3.
[20:50:35.773] [SEVERE ] player 2 placing token on slot 6
[20:50:35.929] [SEVERE ] player 3 placing token on slot 2
[20:50:36.085] [INFO   ] remove  in the table step 1
[20:50:36.085] [INFO   ] remove  in the table step 2
[20:50:36.085] [SEVERE ] removing player 1 token from slot 10
[20:50:36.085] [SEVERE ] removing player 1 token from slot 3
[20:50:36.085] [SEVERE ] removing player 1 token from slot 1
[20:50:36.085] [INFO   ] thread dealerstep 2.
[20:50:36.085] [INFO   ] remove  in the table step 1
[20:50:36.085] [INFO   ] thread Thread-0 player was notified by dealer.
[20:50:36.088] [INFO   ] penalty
[20:50:36.085] [INFO   ] remove  in the table step 2
[20:50:36.088] [SEVERE ] setting player 1 freeze to 0
[20:50:36.088] [SEVERE ] removing player 4 token from slot 10
[20:50:36.089] [SEVERE ] removing player 4 token from slot 2
[20:50:36.089] [SEVERE ] removing player 4 token from slot 6
[20:50:36.089] [INFO   ] thread dealerstep 2.
[20:50:36.089] [INFO   ] thread dealer timer loop 4.
[20:50:36.089] [INFO   ] thread Thread-3 player was notified by dealer.
[20:50:36.089] [INFO   ] penalty
[20:50:36.089] [SEVERE ] setting player 4 freeze to 0
[20:50:36.136] [SEVERE ] player 2 placing token on slot 2
[20:50:36.292] [SEVERE ] player 3 placing token on slot 0
[20:50:36.449] [SEVERE ] player 4 placing token on slot 1
[20:50:36.449] [SEVERE ] player 1 placing token on slot 2
[20:50:36.528] [INFO   ] thread dealer step 1.
[20:50:36.528] [INFO   ] thread dealer step 2.
[20:50:36.528] [INFO   ] thread dealer step 2.
[20:50:36.528] [INFO   ] thread dealer step 2.
[20:50:36.528] [INFO   ] thread dealer step 2.
[20:50:36.528] [INFO   ] thread dealer step 2.
[20:50:36.528] [INFO   ] thread dealer step 2.
[20:50:36.528] [INFO   ] thread dealer step 2.
[20:50:36.528] [INFO   ] thread dealer step 2.
[20:50:36.528] [INFO   ] thread dealer step 2.
[20:50:36.528] [INFO   ] thread dealer step 2.
[20:50:36.528] [INFO   ] thread dealer step 2.
[20:50:36.528] [INFO   ] thread dealer step 2.
[20:50:36.528] [INFO   ] thread dealer step 3.
[20:50:36.528] [INFO   ] thread dealer step 4.
[20:50:36.528] [INFO   ] thread dealer step 10.
[20:50:36.528] [INFO   ] thread dealer step 11.
[20:50:36.528] [INFO   ] thread dealer step 12.
[20:50:36.528] [INFO   ] thread dealer timer loop 5.
[20:50:36.528] [INFO   ] thread dealer timer loop 1.
[20:50:36.528] [INFO   ] thread dealer timer loop 2.
[20:50:36.528] [INFO   ] thread dealer timer loop 3.
[20:50:36.810] [SEVERE ] player 4 placing token on slot 6
[20:50:36.810] [SEVERE ] player 1 placing token on slot 3
[20:50:36.966] [INFO   ] remove  in the table step 1
[20:50:36.966] [INFO   ] remove  in the table step 2
[20:50:36.966] [SEVERE ] removing player 2 token from slot 5
[20:50:36.966] [SEVERE ] removing player 2 token from slot 6
[20:50:36.966] [SEVERE ] removing player 2 token from slot 2
[20:50:36.966] [INFO   ] thread dealerstep 2.
[20:50:36.966] [INFO   ] remove  in the table step 1
[20:50:36.966] [INFO   ] remove  in the table step 2
[20:50:36.966] [SEVERE ] removing player 3 token from slot 11
[20:50:36.966] [SEVERE ] removing player 3 token from slot 2
[20:50:36.966] [SEVERE ] removing player 3 token from slot 0
[20:50:36.969] [INFO   ] thread dealerstep 2.
[20:50:36.966] [INFO   ] thread Thread-1 player was notified by dealer.
[20:50:36.970] [INFO   ] penalty
[20:50:36.970] [INFO   ] thread Thread-2 player was notified by dealer.
[20:50:36.970] [INFO   ] penalty
[20:50:36.970] [SEVERE ] setting player 3 freeze to 0
[20:50:36.969] [INFO   ] thread dealer timer loop 4.
[20:50:36.970] [SEVERE ] setting player 2 freeze to 0
[20:50:37.174] [SEVERE ] player 4 placing token on slot 9
[20:50:37.174] [SEVERE ] player 1 placing token on slot 1
[20:50:37.331] [SEVERE ] player 3 placing token on slot 8
[20:50:37.331] [SEVERE ] player 2 placing token on slot 7
[20:50:37.410] [INFO   ] thread dealer step 1.
[20:50:37.410] [INFO   ] thread dealer step 2.
[20:50:37.410] [INFO   ] thread dealer step 2.
[20:50:37.410] [INFO   ] thread dealer step 2.
[20:50:37.410] [INFO   ] thread dealer step 2.
[20:50:37.410] [INFO   ] thread dealer step 2.
[20:50:37.410] [INFO   ] thread dealer step 2.
[20:50:37.410] [INFO   ] thread dealer step 2.
[20:50:37.410] [INFO   ] thread dealer step 2.
[20:50:37.410] [INFO   ] thread dealer step 2.
[20:50:37.410] [INFO   ] thread dealer step 2.
[20:50:37.410] [INFO   ] thread dealer step 2.
[20:50:37.410] [INFO   ] thread dealer step 2.
[20:50:37.410] [INFO   ] thread dealer step 3.
[20:50:37.410] [INFO   ] thread dealer step 4.
[20:50:37.410] [INFO   ] thread dealer step 10.
[20:50:37.410] [INFO   ] thread dealer step 11.
[20:50:37.410] [INFO   ] thread dealer step 12.
[20:50:37.410] [INFO   ] thread dealer timer loop 5.
[20:50:37.410] [INFO   ] thread dealer run step 3.
[20:50:37.410] [SEVERE ] updating countdown to 10000
[20:50:37.690] [SEVERE ] player 3 placing token on slot 6
[20:50:37.690] [SEVERE ] player 2 placing token on slot 6
[20:50:37.847] [INFO   ] remove  in the table step 1
[20:50:37.847] [INFO   ] remove  in the table step 2
[20:50:37.847] [INFO   ] remove  in the table step 1
[20:50:37.847] [INFO   ] remove  in the table step 2
[20:50:37.847] [SEVERE ] removing player 1 token from slot 2
[20:50:37.847] [INFO   ] thread Thread-3 player was notified by dealer.
[20:50:37.848] [INFO   ] penalty
[20:50:37.847] [INFO   ] thread Thread-0 player was notified by dealer.
[20:50:37.848] [INFO   ] penalty
[20:50:37.848] [SEVERE ] setting player 1 freeze to 0
[20:50:37.847] [SEVERE ] removing player 1 token from slot 3
[20:50:37.848] [SEVERE ] setting player 4 freeze to 0
[20:50:37.848] [SEVERE ] removing player 1 token from slot 1
[20:50:37.849] [SEVERE ] removing player 2 token from slot 7
[20:50:37.849] [SEVERE ] removing player 2 token from slot 6
[20:50:37.849] [SEVERE ] removing player 3 token from slot 8
[20:50:37.849] [SEVERE ] removing player 3 token from slot 6
[20:50:37.849] [SEVERE ] removing player 4 token from slot 1
[20:50:37.849] [SEVERE ] removing player 4 token from slot 6
[20:50:37.849] [SEVERE ] removing player 4 token from slot 9
[20:50:37.849] [SEVERE ] updating countdown to 9561
[20:50:37.958] [SEVERE ] removing card from slot 0
[20:50:38.068] [SEVERE ] removing card from slot 1
[20:50:38.178] [SEVERE ] removing card from slot 2
[20:50:38.288] [SEVERE ] removing card from slot 3
[20:50:38.397] [SEVERE ] removing card from slot 4
[20:50:38.506] [SEVERE ] removing card from slot 5
[20:50:38.616] [SEVERE ] removing card from slot 6
[20:50:38.717] [SEVERE ] removing card from slot 7
[20:50:38.827] [SEVERE ] removing card from slot 8
[20:50:38.936] [SEVERE ] removing card from slot 9
[20:50:39.046] [SEVERE ] removing card from slot 10
[20:50:39.155] [SEVERE ] removing card from slot 11
[20:50:39.155] [INFO   ] thread dealer run step 1.
[20:50:39.703] [SEVERE ] placing card 23 in slot 0
[20:50:39.813] [SEVERE ] placing card 19 in slot 1
[20:50:39.923] [SEVERE ] placing card 26 in slot 2
[20:50:40.032] [SEVERE ] placing card 15 in slot 3
[20:50:40.142] [SEVERE ] placing card 47 in slot 4
[20:50:40.251] [SEVERE ] placing card 62 in slot 5
[20:50:40.361] [SEVERE ] placing card 48 in slot 6
[20:50:40.470] [SEVERE ] placing card 78 in slot 7
[20:50:40.580] [SEVERE ] placing card 30 in slot 8
[20:50:40.689] [SEVERE ] placing card 50 in slot 9
[20:50:40.799] [SEVERE ] placing card 36 in slot 10
[20:50:40.908] [SEVERE ] placing card 45 in slot 11
[20:50:40.908] [INFO   ] thread dealer step 1.
[20:50:40.908] [SEVERE ] updating countdown to 6502
[20:50:40.908] [INFO   ] thread dealer step 2.
[20:50:40.908] [INFO   ] thread dealer step 2.
[20:50:40.908] [INFO   ] thread dealer step 2.
[20:50:40.908] [INFO   ] thread dealer step 2.
[20:50:40.908] [INFO   ] thread dealer step 2.
[20:50:40.908] [INFO   ] thread dealer step 2.
[20:50:40.908] [INFO   ] thread dealer step 2.
[20:50:40.908] [INFO   ] thread dealer step 2.
[20:50:40.908] [INFO   ] thread dealer step 2.
[20:50:40.908] [INFO   ] thread dealer step 2.
[20:50:40.908] [INFO   ] thread dealer step 2.
[20:50:40.908] [INFO   ] thread dealer step 2.
[20:50:40.908] [INFO   ] thread dealer step 3.
[20:50:40.908] [SEVERE ] updating countdown to 6502
[20:50:40.908] [INFO   ] thread dealer step 4.
[20:50:40.908] [INFO   ] thread dealer step 10.
[20:50:40.908] [INFO   ] thread dealer step 11.
[20:50:40.908] [INFO   ] thread dealer step 12.
[20:50:40.908] [INFO   ] thread dealer run step 2.
[20:50:40.908] [INFO   ] thread dealer timer loop 1.
[20:50:40.908] [INFO   ] thread dealer timer loop 2.
[20:50:40.908] [SEVERE ] updating countdown to 6502
[20:50:40.908] [INFO   ] thread dealer timer loop 3.
[20:50:41.350] [INFO   ] remove  in the table step 1
[20:50:41.350] [INFO   ] remove  in the table step 2
[20:50:41.350] [SEVERE ] updating countdown to 6060
[20:50:41.352] [INFO   ] thread dealer terminated.
[20:50:46.356] [SEVERE ] thanks for playing... it was fun!
[20:50:46.356] [INFO   ] thread main terminated.
[20:50:46.356] [SEVERE ] disposing of user interface elements
