[10:48:20.581] [INFO   ] thread main starting.
[10:48:20.596] [SEVERE ] cannot read configuration file config.properties trying from resources.
[10:48:20.602] [SEVERE ] configuration file was loaded from resources directory.
[10:48:21.843] [INFO   ] thread dealer starting.
[10:48:21.849] [INFO   ] thread dealer starting.
[10:48:21.854] [INFO   ] thread Thread-0 starting.
[10:48:21.857] [INFO   ] creat AI step 1 
[10:48:21.857] [INFO   ] thread computer-0 starting.
[10:48:21.857] [INFO   ] creat AI step 2 
[10:48:21.858] [INFO   ] creat AI step 3 
[10:48:21.858] [INFO   ] thread Thread-0wip1
[10:48:21.861] [INFO   ] thread Thread-1 starting.
[10:48:21.858] [INFO   ] creat AI step 7 
[10:48:21.890] [INFO   ] thread Thread-0wip2
[10:48:21.891] [INFO   ] AI key pressed step 1 
[10:48:21.892] [INFO   ] thread Thread-0wip3
[10:48:21.892] [INFO   ] thread Thread-0wip4
[10:48:21.893] [INFO   ] AI key pressed step 2 
[10:48:21.894] [INFO   ] KP step 1computer-0
[10:48:21.894] [INFO   ] KP step 10computer-0
[10:48:21.894] [INFO   ] AI key pressed step 3, random slot: 8
[10:48:21.895] [INFO   ] creat AI step 8 
[10:48:21.895] [INFO   ] creat AI step 9 
[10:48:21.897] [INFO   ] thread Thread-0wip5
[10:48:21.897] [INFO   ] thread Thread-0 after  synchronize on dealer.
[10:48:21.897] [INFO   ] thread Thread-0 before notify synchronize on dealer.
[10:48:21.898] [INFO   ] thread Thread-0 while is not checked.
[10:48:21.898] [INFO   ] creat AI step 10 
[10:48:21.898] [INFO   ] creat AI step 11 
[10:48:21.899] [INFO   ] creat AI step 3 
[10:48:21.899] [INFO   ] creat AI step 7 
[10:48:21.899] [INFO   ] AI key pressed step 1 
[10:48:21.899] [INFO   ] AI key pressed step 2 
[10:48:21.899] [INFO   ] KP step 1computer-0
[10:48:21.900] [INFO   ] KP step 10computer-0
[10:48:21.900] [INFO   ] AI key pressed step 3, random slot: 9
[10:48:21.900] [INFO   ] creat AI step 8 
[10:48:21.900] [INFO   ] creat AI step 9 
[10:48:21.901] [INFO   ] thread Thread-0 wake up because is checked.
[10:48:21.901] [INFO   ] thread Thread-0 while is not checked.
[10:48:21.902] [INFO   ] creat AI step 10 
[10:48:21.902] [INFO   ] creat AI step 11 
[10:48:21.902] [INFO   ] creat AI step 3 
[10:48:21.903] [INFO   ] creat AI step 7 
[10:48:21.903] [INFO   ] AI key pressed step 1 
[10:48:21.903] [INFO   ] AI key pressed step 2 
[10:48:21.904] [INFO   ] KP step 1computer-0
[10:48:21.904] [INFO   ] KP step 10computer-0
[10:48:21.904] [INFO   ] AI key pressed step 3, random slot: 3
[10:48:21.905] [INFO   ] creat AI step 8 
[10:48:21.905] [INFO   ] creat AI step 9 
[10:48:21.905] [INFO   ] thread Thread-0 wake up because is checked.
[10:48:21.906] [INFO   ] thread Thread-0 while is not checked.
[10:48:21.906] [INFO   ] creat AI step 10 
[10:48:21.906] [INFO   ] creat AI step 11 
[10:48:21.906] [INFO   ] creat AI step 3 
[10:48:21.907] [INFO   ] creat AI step 7 
[10:48:21.907] [INFO   ] AI key pressed step 1 
[10:48:21.907] [INFO   ] AI key pressed step 2 
[10:48:21.908] [INFO   ] KP step 1computer-0
[10:48:21.908] [INFO   ] KP step 10computer-0
[10:48:21.908] [INFO   ] creat AI step 1 
[10:48:21.908] [INFO   ] AI key pressed step 3, random slot: 5
[10:48:21.908] [INFO   ] thread computer-1 starting.
[10:48:21.909] [INFO   ] creat AI step 8 
[10:48:21.909] [INFO   ] creat AI step 2 
[10:48:21.909] [INFO   ] creat AI step 9 
[10:48:21.910] [INFO   ] thread Thread-0 wake up because is checked.
[10:48:21.910] [INFO   ] thread Thread-1wip1
[10:48:21.911] [INFO   ] thread Thread-1wip2
[10:48:21.911] [INFO   ] thread Thread-1wip3
[10:48:21.911] [INFO   ] thread Thread-1wip4
[10:48:21.910] [SEVERE ] updating countdown to 60000
[10:48:21.910] [INFO   ] creat AI step 3 
[10:48:21.910] [INFO   ] thread Thread-0 while is not checked.
[10:48:21.914] [INFO   ] creat AI step 10 
[10:48:21.914] [INFO   ] creat AI step 11 
[10:48:21.914] [INFO   ] creat AI step 3 
[10:48:21.914] [INFO   ] creat AI step 7 
[10:48:21.914] [INFO   ] AI key pressed step 1 
[10:48:21.915] [INFO   ] AI key pressed step 2 
[10:48:21.913] [INFO   ] creat AI step 7 
[10:48:21.915] [INFO   ] KP step 1computer-0
[10:48:21.915] [INFO   ] AI key pressed step 1 
[10:48:21.916] [INFO   ] KP step 10computer-0
[10:48:21.916] [INFO   ] AI key pressed step 2 
[10:48:21.916] [INFO   ] AI key pressed step 3, random slot: 4
[10:48:21.917] [INFO   ] KP step 1computer-1
[10:48:21.918] [INFO   ] creat AI step 8 
[10:48:21.918] [INFO   ] KP step 10computer-1
[10:48:21.918] [INFO   ] creat AI step 9 
[10:48:21.919] [INFO   ] thread Thread-0 wake up because is checked.
[10:48:21.920] [INFO   ] thread Thread-0 while is not checked.
[10:48:21.919] [INFO   ] AI key pressed step 3, random slot: 10
[10:48:21.920] [INFO   ] creat AI step 10 
[10:48:21.920] [INFO   ] creat AI step 8 
[10:48:21.920] [INFO   ] creat AI step 11 
[10:48:21.921] [INFO   ] creat AI step 9 
[10:48:21.921] [INFO   ] thread Thread-1wip5
[10:48:21.921] [INFO   ] creat AI step 3 
[10:48:21.921] [INFO   ] thread Thread-1 after  synchronize on dealer.
[10:48:21.922] [INFO   ] creat AI step 7 
[10:48:21.922] [INFO   ] thread Thread-1 before notify synchronize on dealer.
[10:48:21.922] [INFO   ] AI key pressed step 1 
[10:48:21.923] [INFO   ] AI key pressed step 2 
[10:48:21.923] [INFO   ] KP step 1computer-0
[10:48:21.923] [INFO   ] KP step 10computer-0
[10:48:21.923] [INFO   ] AI key pressed step 3, random slot: 10
[10:48:21.923] [INFO   ] creat AI step 8 
[10:48:21.923] [INFO   ] creat AI step 9 
[10:48:21.922] [INFO   ] thread Thread-1 while is not checked.
[10:48:21.924] [INFO   ] thread Thread-0 wake up because is checked.
[10:48:21.924] [INFO   ] creat AI step 10 
[10:48:21.925] [INFO   ] thread Thread-0 while is not checked.
[10:48:21.925] [INFO   ] creat AI step 11 
[10:48:21.925] [INFO   ] creat AI step 10 
[10:48:21.925] [INFO   ] creat AI step 3 
[10:48:21.925] [INFO   ] creat AI step 11 
[10:48:21.926] [INFO   ] creat AI step 7 
[10:48:21.926] [INFO   ] creat AI step 3 
[10:48:21.926] [INFO   ] AI key pressed step 1 
[10:48:21.927] [INFO   ] creat AI step 7 
[10:48:21.929] [INFO   ] AI key pressed step 1 
[10:48:21.929] [INFO   ] AI key pressed step 2 
[10:48:21.929] [INFO   ] KP step 1computer-0
[10:48:21.929] [INFO   ] KP step 10computer-0
[10:48:21.929] [INFO   ] AI key pressed step 3, random slot: 11
[10:48:21.928] [INFO   ] AI key pressed step 2 
[10:48:21.929] [INFO   ] creat AI step 8 
[10:48:21.930] [INFO   ] creat AI step 9 
[10:48:21.930] [INFO   ] thread Thread-0 wake up because is checked.
[10:48:21.930] [INFO   ] thread Thread-0 while is not checked.
[10:48:21.931] [INFO   ] creat AI step 10 
[10:48:21.930] [INFO   ] KP step 1computer-1
[10:48:21.931] [INFO   ] creat AI step 11 
[10:48:21.931] [INFO   ] creat AI step 3 
[10:48:21.932] [INFO   ] creat AI step 7 
[10:48:21.932] [INFO   ] AI key pressed step 1 
[10:48:21.932] [INFO   ] AI key pressed step 2 
[10:48:21.931] [INFO   ] KP step 10computer-1
[10:48:21.932] [INFO   ] KP step 1computer-0
[10:48:21.934] [INFO   ] AI key pressed step 3, random slot: 2
[10:48:21.935] [INFO   ] KP step 10computer-0
[10:48:21.937] [INFO   ] creat AI step 8 
[10:48:21.937] [INFO   ] AI key pressed step 3, random slot: 5
[10:48:21.937] [INFO   ] creat AI step 9 
[10:48:21.938] [INFO   ] creat AI step 8 
[10:48:21.938] [INFO   ] thread Thread-1 wake up because is checked.
[10:48:21.938] [INFO   ] creat AI step 9 
[10:48:21.938] [INFO   ] thread Thread-1 while is not checked.
[10:48:21.938] [INFO   ] thread Thread-0 wake up because is checked.
[10:48:21.939] [INFO   ] creat AI step 10 
[10:48:21.939] [INFO   ] thread Thread-0 while is not checked.
[10:48:21.939] [INFO   ] creat AI step 10 
[10:48:21.940] [INFO   ] creat AI step 11 
[10:48:21.939] [INFO   ] creat AI step 11 
[10:48:21.940] [INFO   ] creat AI step 3 
[10:48:21.941] [INFO   ] creat AI step 3 
[10:48:21.941] [INFO   ] creat AI step 7 
[10:48:21.943] [INFO   ] creat AI step 7 
[10:48:21.943] [INFO   ] AI key pressed step 1 
[10:48:21.944] [INFO   ] AI key pressed step 1 
[10:48:21.944] [INFO   ] AI key pressed step 2 
[10:48:21.945] [INFO   ] KP step 1computer-0
[10:48:21.944] [INFO   ] AI key pressed step 2 
[10:48:21.945] [INFO   ] KP step 10computer-0
[10:48:21.945] [INFO   ] AI key pressed step 3, random slot: 1
[10:48:21.945] [INFO   ] creat AI step 8 
[10:48:21.945] [INFO   ] KP step 1computer-1
[10:48:21.946] [INFO   ] creat AI step 9 
[10:48:21.946] [INFO   ] thread Thread-0 wake up because is checked.
[10:48:21.946] [INFO   ] KP step 10computer-1
[10:48:21.946] [INFO   ] thread Thread-0 while is not checked.
[10:48:21.946] [INFO   ] creat AI step 10 
[10:48:21.946] [INFO   ] AI key pressed step 3, random slot: 8
[10:48:21.947] [INFO   ] creat AI step 11 
[10:48:21.947] [INFO   ] creat AI step 3 
[10:48:21.947] [INFO   ] creat AI step 7 
[10:48:21.947] [INFO   ] AI key pressed step 1 
[10:48:21.947] [INFO   ] AI key pressed step 2 
[10:48:21.948] [INFO   ] KP step 1computer-0
[10:48:21.948] [INFO   ] KP step 10computer-0
[10:48:21.948] [INFO   ] AI key pressed step 3, random slot: 4
[10:48:21.948] [INFO   ] creat AI step 8 
[10:48:21.948] [INFO   ] creat AI step 9 
[10:48:21.948] [INFO   ] thread Thread-0 wake up because is checked.
[10:48:21.948] [INFO   ] thread Thread-0 while is not checked.
[10:48:21.950] [INFO   ] creat AI step 10 
[10:48:21.950] [INFO   ] creat AI step 11 
[10:48:21.950] [INFO   ] creat AI step 3 
[10:48:21.950] [INFO   ] creat AI step 7 
[10:48:21.951] [INFO   ] AI key pressed step 1 
[10:48:21.951] [INFO   ] AI key pressed step 2 
[10:48:21.947] [INFO   ] creat AI step 8 
[10:48:21.951] [INFO   ] KP step 1computer-0
[10:48:21.952] [INFO   ] KP step 10computer-0
[10:48:21.952] [INFO   ] AI key pressed step 3, random slot: 8
[10:48:21.952] [INFO   ] creat AI step 8 
[10:48:21.952] [INFO   ] creat AI step 9 
[10:48:21.952] [INFO   ] thread Thread-0 wake up because is checked.
[10:48:21.952] [INFO   ] creat AI step 9 
[10:48:21.953] [INFO   ] thread Thread-0 while is not checked.
[10:48:21.953] [INFO   ] thread Thread-1 wake up because is checked.
[10:48:21.953] [INFO   ] creat AI step 10 
[10:48:21.954] [INFO   ] thread Thread-1 while is not checked.
[10:48:21.954] [INFO   ] creat AI step 11 
[10:48:21.954] [INFO   ] creat AI step 10 
[10:48:21.954] [INFO   ] creat AI step 3 
[10:48:21.954] [INFO   ] creat AI step 11 
[10:48:21.954] [INFO   ] creat AI step 7 
[10:48:21.955] [INFO   ] creat AI step 3 
[10:48:21.955] [INFO   ] AI key pressed step 1 
[10:48:21.955] [INFO   ] creat AI step 7 
[10:48:21.955] [INFO   ] AI key pressed step 2 
[10:48:21.956] [INFO   ] KP step 1computer-0
[10:48:21.955] [INFO   ] AI key pressed step 1 
[10:48:21.957] [INFO   ] AI key pressed step 2 
[10:48:21.958] [INFO   ] KP step 1computer-1
[10:48:21.958] [INFO   ] KP step 10computer-1
[10:48:21.959] [INFO   ] AI key pressed step 3, random slot: 5
[10:48:21.959] [INFO   ] creat AI step 8 
[10:48:21.959] [INFO   ] creat AI step 9 
[10:48:21.959] [INFO   ] thread Thread-1 wake up because is checked.
[10:48:21.959] [INFO   ] thread Thread-1 while is not checked.
[10:48:21.959] [INFO   ] creat AI step 10 
[10:48:21.959] [INFO   ] creat AI step 11 
[10:48:21.959] [INFO   ] creat AI step 3 
[10:48:21.959] [INFO   ] creat AI step 7 
[10:48:21.959] [INFO   ] AI key pressed step 1 
[10:48:21.960] [INFO   ] AI key pressed step 2 
[10:48:21.960] [INFO   ] KP step 1computer-1
[10:48:21.960] [INFO   ] KP step 10computer-1
[10:48:21.961] [INFO   ] AI key pressed step 3, random slot: 9
[10:48:21.957] [INFO   ] KP step 10computer-0
[10:48:21.962] [INFO   ] creat AI step 8 
[10:48:21.963] [INFO   ] AI key pressed step 3, random slot: 1
[10:48:21.963] [INFO   ] creat AI step 9 
[10:48:21.963] [INFO   ] creat AI step 8 
[10:48:21.963] [INFO   ] thread Thread-1 wake up because is checked.
[10:48:21.963] [INFO   ] creat AI step 9 
[10:48:21.967] [INFO   ] thread Thread-1 while is not checked.
[10:48:21.967] [INFO   ] thread Thread-0 wake up because is checked.
[10:48:21.968] [INFO   ] creat AI step 10 
[10:48:21.968] [INFO   ] thread Thread-0 while is not checked.
[10:48:21.968] [INFO   ] creat AI step 11 
[10:48:21.968] [INFO   ] creat AI step 10 
[10:48:21.969] [INFO   ] creat AI step 3 
[10:48:21.969] [INFO   ] creat AI step 11 
[10:48:21.970] [INFO   ] creat AI step 7 
[10:48:21.970] [INFO   ] creat AI step 3 
[10:48:21.970] [INFO   ] AI key pressed step 1 
[10:48:21.970] [INFO   ] creat AI step 7 
[10:48:21.970] [INFO   ] AI key pressed step 2 
[10:48:21.971] [INFO   ] AI key pressed step 1 
[10:48:21.971] [INFO   ] KP step 1computer-1
[10:48:21.971] [INFO   ] KP step 10computer-1
[10:48:21.971] [INFO   ] AI key pressed step 2 
[10:48:21.972] [INFO   ] AI key pressed step 3, random slot: 3
[10:48:21.972] [INFO   ] KP step 1computer-0
[10:48:21.977] [INFO   ] KP step 10computer-0
[10:48:21.977] [INFO   ] AI key pressed step 3, random slot: 11
[10:48:21.976] [INFO   ] creat AI step 8 
[10:48:21.977] [INFO   ] creat AI step 8 
[10:48:21.977] [INFO   ] creat AI step 9 
[10:48:21.977] [INFO   ] creat AI step 9 
[10:48:21.977] [INFO   ] thread Thread-1 wake up because is checked.
[10:48:21.977] [INFO   ] thread Thread-0 wake up because is checked.
[10:48:21.977] [INFO   ] thread Thread-1 while is not checked.
[10:48:21.977] [INFO   ] thread Thread-0 while is not checked.
[10:48:21.978] [INFO   ] creat AI step 10 
[10:48:21.978] [INFO   ] creat AI step 10 
[10:48:21.979] [INFO   ] creat AI step 11 
[10:48:21.979] [INFO   ] creat AI step 11 
[10:48:21.980] [INFO   ] creat AI step 3 
[10:48:21.980] [INFO   ] creat AI step 7 
[10:48:21.980] [INFO   ] AI key pressed step 1 
[10:48:21.980] [INFO   ] AI key pressed step 2 
[10:48:21.980] [INFO   ] KP step 1computer-0
[10:48:21.980] [INFO   ] KP step 10computer-0
[10:48:21.980] [INFO   ] AI key pressed step 3, random slot: 6
[10:48:21.981] [INFO   ] creat AI step 8 
[10:48:21.981] [INFO   ] creat AI step 9 
[10:48:21.981] [INFO   ] thread Thread-0 wake up because is checked.
[10:48:21.981] [INFO   ] thread Thread-0 while is not checked.
[10:48:21.981] [INFO   ] creat AI step 10 
[10:48:21.981] [INFO   ] creat AI step 11 
[10:48:21.981] [INFO   ] creat AI step 3 
[10:48:21.982] [INFO   ] creat AI step 7 
[10:48:21.982] [INFO   ] AI key pressed step 1 
[10:48:21.982] [INFO   ] AI key pressed step 2 
[10:48:21.982] [INFO   ] KP step 1computer-0
[10:48:21.982] [INFO   ] KP step 10computer-0
[10:48:21.982] [INFO   ] AI key pressed step 3, random slot: 3
[10:48:21.982] [INFO   ] creat AI step 8 
[10:48:21.983] [INFO   ] creat AI step 9 
[10:48:21.983] [INFO   ] thread Thread-0 wake up because is checked.
[10:48:21.983] [INFO   ] thread Thread-0 while is not checked.
[10:48:21.980] [INFO   ] creat AI step 3 
[10:48:21.983] [INFO   ] creat AI step 10 
[10:48:21.984] [INFO   ] creat AI step 11 
[10:48:21.984] [INFO   ] creat AI step 3 
[10:48:21.984] [INFO   ] creat AI step 7 
[10:48:21.984] [INFO   ] AI key pressed step 1 
[10:48:21.984] [INFO   ] AI key pressed step 2 
[10:48:21.986] [INFO   ] KP step 1computer-0
[10:48:21.984] [INFO   ] creat AI step 7 
[10:48:21.986] [INFO   ] KP step 10computer-0
[10:48:21.986] [INFO   ] AI key pressed step 1 
[10:48:21.986] [INFO   ] AI key pressed step 3, random slot: 3
[10:48:21.987] [INFO   ] creat AI step 8 
[10:48:21.987] [INFO   ] creat AI step 9 
[10:48:21.987] [INFO   ] thread Thread-0 wake up because is checked.
[10:48:21.987] [INFO   ] thread Thread-0 while is not checked.
[10:48:21.987] [INFO   ] AI key pressed step 2 
[10:48:21.988] [INFO   ] KP step 1computer-1
[10:48:21.987] [INFO   ] creat AI step 10 
[10:48:21.988] [INFO   ] KP step 10computer-1
[10:48:21.988] [INFO   ] creat AI step 11 
[10:48:21.988] [INFO   ] AI key pressed step 3, random slot: 0
[10:48:21.988] [INFO   ] creat AI step 3 
[10:48:21.988] [INFO   ] creat AI step 8 
[10:48:21.988] [INFO   ] creat AI step 7 
[10:48:21.988] [INFO   ] creat AI step 9 
[10:48:21.989] [INFO   ] AI key pressed step 1 
[10:48:21.989] [INFO   ] thread Thread-1 wake up because is checked.
[10:48:21.989] [INFO   ] AI key pressed step 2 
[10:48:21.989] [INFO   ] thread Thread-1 while is not checked.
[10:48:21.990] [INFO   ] creat AI step 10 
[10:48:21.990] [INFO   ] creat AI step 11 
[10:48:21.989] [INFO   ] KP step 1computer-0
[10:48:21.991] [INFO   ] creat AI step 3 
[10:48:21.991] [INFO   ] KP step 10computer-0
[10:48:21.991] [INFO   ] creat AI step 7 
[10:48:21.991] [INFO   ] AI key pressed step 3, random slot: 7
[10:48:21.993] [INFO   ] AI key pressed step 1 
[10:48:21.994] [INFO   ] creat AI step 8 
[10:48:21.994] [INFO   ] AI key pressed step 2 
[10:48:21.994] [INFO   ] creat AI step 9 
[10:48:21.994] [INFO   ] KP step 1computer-1
[10:48:21.994] [INFO   ] thread Thread-0 wake up because is checked.
[10:48:21.994] [INFO   ] KP step 10computer-1
[10:48:21.995] [INFO   ] thread Thread-0 while is not checked.
[10:48:21.995] [INFO   ] AI key pressed step 3, random slot: 2
[10:48:21.995] [INFO   ] creat AI step 10 
[10:48:21.995] [INFO   ] creat AI step 8 
[10:48:21.995] [INFO   ] creat AI step 11 
[10:48:21.995] [INFO   ] creat AI step 9 
[10:48:21.995] [INFO   ] creat AI step 3 
[10:48:21.996] [INFO   ] creat AI step 7 
[10:48:21.996] [INFO   ] AI key pressed step 1 
[10:48:21.995] [INFO   ] thread Thread-1 wake up because is checked.
[10:48:21.997] [INFO   ] AI key pressed step 2 
[10:48:21.997] [INFO   ] thread Thread-1 while is not checked.
[10:48:21.997] [INFO   ] KP step 1computer-0
[10:48:21.997] [INFO   ] creat AI step 10 
[10:48:21.998] [INFO   ] creat AI step 11 
[10:48:21.998] [INFO   ] KP step 10computer-0
[10:48:21.998] [INFO   ] AI key pressed step 3, random slot: 5
[10:48:21.998] [INFO   ] creat AI step 3 
[10:48:21.998] [INFO   ] creat AI step 7 
[10:48:21.998] [INFO   ] creat AI step 8 
[10:48:21.998] [INFO   ] AI key pressed step 1 
[10:48:21.999] [INFO   ] AI key pressed step 2 
[10:48:21.999] [INFO   ] KP step 1computer-1
[10:48:21.998] [INFO   ] creat AI step 9 
[10:48:22.000] [INFO   ] KP step 10computer-1
[10:48:22.000] [INFO   ] thread Thread-0 wake up because is checked.
[10:48:22.001] [INFO   ] thread Thread-0 while is not checked.
[10:48:22.001] [INFO   ] AI key pressed step 3, random slot: 3
[10:48:22.002] [INFO   ] creat AI step 10 
[10:48:22.002] [INFO   ] creat AI step 11 
[10:48:22.002] [INFO   ] creat AI step 3 
[10:48:22.002] [INFO   ] creat AI step 7 
[10:48:22.002] [INFO   ] AI key pressed step 1 
[10:48:22.002] [INFO   ] AI key pressed step 2 
[10:48:22.002] [INFO   ] creat AI step 8 
[10:48:22.003] [INFO   ] creat AI step 9 
[10:48:22.003] [INFO   ] thread Thread-1 wake up because is checked.
[10:48:22.003] [INFO   ] KP step 1computer-0
[10:48:22.003] [INFO   ] thread Thread-1 while is not checked.
[10:48:22.003] [INFO   ] KP step 10computer-0
[10:48:22.003] [INFO   ] creat AI step 10 
[10:48:22.004] [INFO   ] AI key pressed step 3, random slot: 5
[10:48:22.004] [INFO   ] creat AI step 11 
[10:48:22.004] [INFO   ] creat AI step 8 
[10:48:22.004] [INFO   ] creat AI step 3 
[10:48:22.004] [INFO   ] creat AI step 9 
[10:48:22.004] [INFO   ] creat AI step 7 
[10:48:22.004] [INFO   ] AI key pressed step 1 
[10:48:22.004] [INFO   ] AI key pressed step 2 
[10:48:22.004] [INFO   ] thread Thread-0 wake up because is checked.
[10:48:22.004] [INFO   ] KP step 1computer-1
[10:48:22.006] [INFO   ] thread Thread-0 while is not checked.
[10:48:22.006] [INFO   ] KP step 10computer-1
[10:48:22.006] [INFO   ] creat AI step 10 
[10:48:22.006] [INFO   ] AI key pressed step 3, random slot: 1
[10:48:22.006] [INFO   ] creat AI step 8 
[10:48:22.006] [INFO   ] creat AI step 9 
[10:48:22.008] [INFO   ] thread Thread-1 wake up because is checked.
[10:48:22.008] [INFO   ] thread Thread-1 while is not checked.
[10:48:22.008] [INFO   ] creat AI step 10 
[10:48:22.006] [INFO   ] creat AI step 11 
[10:48:22.008] [INFO   ] creat AI step 11 
[10:48:22.008] [INFO   ] creat AI step 3 
[10:48:22.008] [INFO   ] creat AI step 3 
[10:48:22.009] [INFO   ] creat AI step 7 
[10:48:22.009] [INFO   ] creat AI step 7 
[10:48:22.009] [INFO   ] AI key pressed step 1 
[10:48:22.009] [INFO   ] AI key pressed step 1 
[10:48:22.009] [INFO   ] AI key pressed step 2 
[10:48:22.009] [INFO   ] AI key pressed step 2 
[10:48:22.009] [INFO   ] KP step 1computer-0
[10:48:22.009] [INFO   ] KP step 1computer-1
[10:48:22.010] [INFO   ] KP step 10computer-0
[10:48:22.010] [INFO   ] KP step 10computer-1
[10:48:22.010] [INFO   ] AI key pressed step 3, random slot: 2
[10:48:22.010] [INFO   ] AI key pressed step 3, random slot: 7
[10:48:22.010] [INFO   ] creat AI step 8 
[10:48:22.010] [INFO   ] creat AI step 8 
[10:48:22.010] [INFO   ] creat AI step 9 
[10:48:22.011] [INFO   ] creat AI step 9 
[10:48:22.011] [INFO   ] thread Thread-0 wake up because is checked.
[10:48:22.011] [INFO   ] thread Thread-1 wake up because is checked.
[10:48:22.011] [INFO   ] thread Thread-0 while is not checked.
[10:48:22.011] [INFO   ] thread Thread-1 while is not checked.
[10:48:22.011] [INFO   ] creat AI step 10 
[10:48:22.011] [INFO   ] creat AI step 10 
[10:48:22.011] [INFO   ] creat AI step 11 
[10:48:22.011] [INFO   ] creat AI step 3 
[10:48:22.011] [INFO   ] creat AI step 7 
[10:48:22.011] [INFO   ] AI key pressed step 1 
[10:48:22.011] [INFO   ] creat AI step 11 
[10:48:22.013] [INFO   ] AI key pressed step 2 
[10:48:22.014] [INFO   ] creat AI step 3 
[10:48:22.014] [INFO   ] KP step 1computer-1
[10:48:22.014] [INFO   ] creat AI step 7 
[10:48:22.014] [INFO   ] KP step 10computer-1
[10:48:22.014] [INFO   ] AI key pressed step 1 
[10:48:22.014] [INFO   ] AI key pressed step 3, random slot: 2
[10:48:22.014] [INFO   ] AI key pressed step 2 
[10:48:22.014] [INFO   ] creat AI step 8 
[10:48:22.014] [INFO   ] KP step 1computer-0
[10:48:22.014] [INFO   ] creat AI step 9 
[10:48:22.016] [INFO   ] KP step 10computer-0
[10:48:22.016] [INFO   ] thread Thread-1 wake up because is checked.
[10:48:22.016] [INFO   ] AI key pressed step 3, random slot: 2
[10:48:22.016] [INFO   ] thread Thread-1 while is not checked.
[10:48:22.016] [INFO   ] creat AI step 8 
[10:48:22.016] [INFO   ] creat AI step 10 
[10:48:22.016] [INFO   ] creat AI step 9 
[10:48:22.016] [INFO   ] creat AI step 11 
[10:48:22.017] [INFO   ] thread Thread-0 wake up because is checked.
[10:48:22.017] [INFO   ] creat AI step 3 
[10:48:22.017] [INFO   ] thread Thread-0 while is not checked.
[10:48:22.017] [INFO   ] creat AI step 7 
[10:48:22.018] [INFO   ] creat AI step 10 
[10:48:22.018] [INFO   ] AI key pressed step 1 
[10:48:22.018] [INFO   ] creat AI step 11 
[10:48:22.018] [INFO   ] AI key pressed step 2 
[10:48:22.019] [INFO   ] creat AI step 3 
[10:48:22.019] [INFO   ] KP step 1computer-1
[10:48:22.019] [INFO   ] creat AI step 7 
[10:48:22.019] [INFO   ] KP step 10computer-1
[10:48:22.019] [INFO   ] AI key pressed step 1 
[10:48:22.019] [INFO   ] AI key pressed step 3, random slot: 8
[10:48:22.019] [INFO   ] AI key pressed step 2 
[10:48:22.020] [INFO   ] creat AI step 8 
[10:48:22.020] [INFO   ] KP step 1computer-0
[10:48:22.020] [INFO   ] creat AI step 9 
[10:48:22.020] [INFO   ] KP step 10computer-0
[10:48:22.020] [INFO   ] thread Thread-1 wake up because is checked.
[10:48:22.020] [INFO   ] AI key pressed step 3, random slot: 3
[10:48:22.020] [INFO   ] thread Thread-1 while is not checked.
[10:48:22.020] [INFO   ] creat AI step 8 
[10:48:22.021] [INFO   ] creat AI step 9 
[10:48:22.022] [INFO   ] thread Thread-0 wake up because is checked.
[10:48:22.022] [INFO   ] thread Thread-0 while is not checked.
[10:48:22.022] [INFO   ] creat AI step 10 
[10:48:22.022] [INFO   ] creat AI step 11 
[10:48:22.022] [INFO   ] creat AI step 3 
[10:48:22.022] [INFO   ] creat AI step 7 
[10:48:22.022] [INFO   ] AI key pressed step 1 
[10:48:22.021] [INFO   ] creat AI step 10 
[10:48:22.023] [INFO   ] AI key pressed step 2 
[10:48:22.023] [INFO   ] creat AI step 11 
[10:48:22.024] [INFO   ] creat AI step 3 
[10:48:22.024] [INFO   ] creat AI step 7 
[10:48:22.024] [INFO   ] AI key pressed step 1 
[10:48:22.024] [INFO   ] AI key pressed step 2 
[10:48:22.024] [INFO   ] KP step 1computer-1
[10:48:22.024] [INFO   ] KP step 10computer-1
[10:48:22.024] [INFO   ] AI key pressed step 3, random slot: 3
[10:48:22.024] [INFO   ] creat AI step 8 
[10:48:22.024] [INFO   ] creat AI step 9 
[10:48:22.024] [INFO   ] thread Thread-1 wake up because is checked.
[10:48:22.024] [INFO   ] thread Thread-1 while is not checked.
[10:48:22.024] [INFO   ] creat AI step 10 
[10:48:22.023] [INFO   ] KP step 1computer-0
[10:48:22.026] [INFO   ] creat AI step 11 
[10:48:22.026] [INFO   ] creat AI step 3 
[10:48:22.026] [INFO   ] KP step 10computer-0
[10:48:22.026] [INFO   ] creat AI step 7 
[10:48:22.026] [INFO   ] AI key pressed step 1 
[10:48:22.026] [INFO   ] AI key pressed step 2 
[10:48:22.027] [INFO   ] KP step 1computer-1
[10:48:22.027] [INFO   ] KP step 10computer-1
[10:48:22.027] [INFO   ] AI key pressed step 3, random slot: 6
[10:48:22.027] [INFO   ] creat AI step 8 
[10:48:22.027] [INFO   ] creat AI step 9 
[10:48:22.027] [INFO   ] thread Thread-1 wake up because is checked.
[10:48:22.027] [INFO   ] thread Thread-1 while is not checked.
[10:48:22.027] [INFO   ] creat AI step 10 
[10:48:22.026] [INFO   ] AI key pressed step 3, random slot: 11
[10:48:22.029] [INFO   ] creat AI step 8 
[10:48:22.029] [INFO   ] creat AI step 11 
[10:48:22.030] [INFO   ] creat AI step 3 
[10:48:22.029] [INFO   ] creat AI step 9 
[10:48:22.030] [INFO   ] creat AI step 7 
[10:48:22.031] [INFO   ] thread Thread-0 wake up because is checked.
[10:48:22.031] [INFO   ] AI key pressed step 1 
[10:48:22.031] [INFO   ] AI key pressed step 2 
[10:48:22.031] [INFO   ] thread Thread-0 while is not checked.
[10:48:22.032] [INFO   ] creat AI step 10 
[10:48:22.032] [INFO   ] creat AI step 11 
[10:48:22.032] [INFO   ] creat AI step 3 
[10:48:22.032] [INFO   ] creat AI step 7 
[10:48:22.032] [INFO   ] AI key pressed step 1 
[10:48:22.032] [INFO   ] AI key pressed step 2 
[10:48:22.032] [INFO   ] KP step 1computer-0
[10:48:22.032] [INFO   ] KP step 10computer-0
[10:48:22.032] [INFO   ] AI key pressed step 3, random slot: 9
[10:48:22.032] [INFO   ] creat AI step 8 
[10:48:22.034] [INFO   ] creat AI step 9 
[10:48:22.034] [INFO   ] thread Thread-0 wake up because is checked.
[10:48:22.034] [INFO   ] thread Thread-0 while is not checked.
[10:48:22.034] [INFO   ] creat AI step 10 
[10:48:22.034] [INFO   ] creat AI step 11 
[10:48:22.035] [INFO   ] creat AI step 3 
[10:48:22.031] [INFO   ] KP step 1computer-1
[10:48:22.035] [INFO   ] creat AI step 7 
[10:48:22.035] [INFO   ] AI key pressed step 1 
[10:48:22.035] [INFO   ] KP step 10computer-1
[10:48:22.035] [INFO   ] AI key pressed step 2 
[10:48:22.035] [INFO   ] AI key pressed step 3, random slot: 9
[10:48:22.036] [INFO   ] KP step 1computer-0
[10:48:22.036] [INFO   ] creat AI step 8 
[10:48:22.036] [INFO   ] creat AI step 9 
[10:48:22.036] [INFO   ] KP step 10computer-0
[10:48:22.036] [INFO   ] thread Thread-1 wake up because is checked.
[10:48:22.036] [INFO   ] AI key pressed step 3, random slot: 10
[10:48:22.037] [INFO   ] creat AI step 8 
[10:48:22.037] [INFO   ] creat AI step 9 
[10:48:22.037] [INFO   ] thread Thread-0 wake up because is checked.
[10:48:22.037] [INFO   ] thread Thread-0 while is not checked.
[10:48:22.036] [INFO   ] thread Thread-1 while is not checked.
[10:48:22.037] [INFO   ] creat AI step 10 
[10:48:22.037] [INFO   ] creat AI step 10 
[10:48:22.037] [INFO   ] creat AI step 11 
[10:48:22.037] [INFO   ] creat AI step 3 
[10:48:22.037] [INFO   ] creat AI step 11 
[10:48:22.037] [INFO   ] creat AI step 7 
[10:48:22.038] [INFO   ] AI key pressed step 1 
[10:48:22.038] [INFO   ] creat AI step 3 
[10:48:22.038] [INFO   ] AI key pressed step 2 
[10:48:22.038] [INFO   ] creat AI step 7 
[10:48:22.038] [INFO   ] KP step 1computer-0
[10:48:22.038] [INFO   ] AI key pressed step 1 
[10:48:22.038] [INFO   ] KP step 10computer-0
[10:48:22.038] [INFO   ] AI key pressed step 2 
[10:48:22.039] [INFO   ] AI key pressed step 3, random slot: 3
[10:48:22.039] [INFO   ] KP step 1computer-1
[10:48:22.039] [INFO   ] creat AI step 8 
[10:48:22.039] [INFO   ] KP step 10computer-1
[10:48:22.039] [INFO   ] creat AI step 9 
[10:48:22.039] [INFO   ] AI key pressed step 3, random slot: 1
[10:48:22.040] [INFO   ] creat AI step 8 
[10:48:22.040] [INFO   ] creat AI step 9 
[10:48:22.039] [INFO   ] thread Thread-0 wake up because is checked.
[10:48:22.040] [INFO   ] thread Thread-0 while is not checked.
[10:48:22.040] [INFO   ] thread Thread-1 wake up because is checked.
[10:48:22.040] [INFO   ] creat AI step 10 
[10:48:22.041] [INFO   ] thread Thread-1 while is not checked.
[10:48:22.041] [INFO   ] creat AI step 11 
[10:48:22.041] [INFO   ] creat AI step 10 
[10:48:22.041] [INFO   ] creat AI step 11 
[10:48:22.041] [INFO   ] creat AI step 3 
[10:48:22.041] [INFO   ] creat AI step 3 
[10:48:22.042] [INFO   ] creat AI step 7 
[10:48:22.042] [INFO   ] creat AI step 7 
[10:48:22.042] [INFO   ] AI key pressed step 1 
[10:48:22.042] [INFO   ] AI key pressed step 1 
[10:48:22.042] [INFO   ] AI key pressed step 2 
[10:48:22.042] [INFO   ] AI key pressed step 2 
[10:48:22.043] [INFO   ] KP step 1computer-1
[10:48:22.043] [INFO   ] KP step 1computer-0
[10:48:22.043] [INFO   ] KP step 10computer-1
[10:48:22.044] [INFO   ] AI key pressed step 3, random slot: 1
[10:48:22.044] [INFO   ] creat AI step 8 
[10:48:22.044] [INFO   ] creat AI step 9 
[10:48:22.044] [INFO   ] thread Thread-1 wake up because is checked.
[10:48:22.043] [INFO   ] KP step 10computer-0
[10:48:22.044] [INFO   ] thread Thread-1 while is not checked.
[10:48:22.044] [INFO   ] AI key pressed step 3, random slot: 0
[10:48:22.044] [INFO   ] creat AI step 8 
[10:48:22.044] [INFO   ] creat AI step 10 
[10:48:22.045] [INFO   ] creat AI step 9 
[10:48:22.045] [INFO   ] creat AI step 11 
[10:48:22.045] [INFO   ] creat AI step 3 
[10:48:22.045] [INFO   ] creat AI step 7 
[10:48:22.045] [INFO   ] AI key pressed step 1 
[10:48:22.045] [INFO   ] AI key pressed step 2 
[10:48:22.045] [INFO   ] KP step 1computer-1
[10:48:22.045] [INFO   ] KP step 10computer-1
[10:48:22.045] [INFO   ] AI key pressed step 3, random slot: 1
[10:48:22.045] [INFO   ] creat AI step 8 
[10:48:22.045] [INFO   ] creat AI step 9 
[10:48:22.046] [INFO   ] thread Thread-1 wake up because is checked.
[10:48:22.045] [INFO   ] thread Thread-0 wake up because is checked.
[10:48:22.046] [INFO   ] thread Thread-1 while is not checked.
[10:48:22.046] [INFO   ] thread Thread-0 while is not checked.
[10:48:22.046] [INFO   ] creat AI step 10 
[10:48:22.046] [INFO   ] creat AI step 10 
[10:48:22.046] [INFO   ] creat AI step 11 
[10:48:22.046] [INFO   ] creat AI step 11 
[10:48:22.046] [INFO   ] creat AI step 3 
[10:48:22.047] [INFO   ] creat AI step 3 
[10:48:22.047] [INFO   ] creat AI step 7 
[10:48:22.047] [INFO   ] creat AI step 7 
[10:48:22.047] [INFO   ] AI key pressed step 1 
[10:48:22.049] [INFO   ] AI key pressed step 2 
[10:48:22.049] [INFO   ] KP step 1computer-0
[10:48:22.049] [INFO   ] KP step 10computer-0
[10:48:22.049] [INFO   ] AI key pressed step 3, random slot: 7
[10:48:22.049] [INFO   ] creat AI step 8 
[10:48:22.049] [INFO   ] creat AI step 9 
[10:48:22.049] [INFO   ] thread Thread-0 wake up because is checked.
[10:48:22.049] [INFO   ] thread Thread-0 while is not checked.
[10:48:22.049] [INFO   ] creat AI step 10 
[10:48:22.049] [INFO   ] creat AI step 11 
[10:48:22.049] [INFO   ] creat AI step 3 
[10:48:22.049] [INFO   ] creat AI step 7 
[10:48:22.049] [INFO   ] AI key pressed step 1 
[10:48:22.049] [INFO   ] AI key pressed step 2 
[10:48:22.049] [INFO   ] KP step 1computer-0
[10:48:22.050] [INFO   ] KP step 10computer-0
[10:48:22.050] [INFO   ] AI key pressed step 3, random slot: 6
[10:48:22.050] [INFO   ] creat AI step 8 
[10:48:22.050] [INFO   ] creat AI step 9 
[10:48:22.050] [INFO   ] thread Thread-0 wake up because is checked.
[10:48:22.048] [INFO   ] AI key pressed step 1 
[10:48:22.050] [INFO   ] thread Thread-0 while is not checked.
[10:48:22.050] [INFO   ] AI key pressed step 2 
[10:48:22.051] [INFO   ] creat AI step 10 
[10:48:22.051] [INFO   ] KP step 1computer-1
[10:48:22.051] [INFO   ] creat AI step 11 
[10:48:22.051] [INFO   ] creat AI step 3 
[10:48:22.051] [INFO   ] creat AI step 7 
[10:48:22.052] [INFO   ] AI key pressed step 1 
[10:48:22.052] [INFO   ] AI key pressed step 2 
[10:48:22.052] [INFO   ] KP step 1computer-0
[10:48:22.052] [INFO   ] KP step 10computer-0
[10:48:22.052] [INFO   ] AI key pressed step 3, random slot: 3
[10:48:22.051] [INFO   ] KP step 10computer-1
[10:48:22.052] [INFO   ] creat AI step 8 
[10:48:22.052] [INFO   ] creat AI step 9 
[10:48:22.053] [INFO   ] thread Thread-0 wake up because is checked.
[10:48:22.053] [INFO   ] thread Thread-0 while is not checked.
[10:48:22.053] [INFO   ] creat AI step 10 
[10:48:22.053] [INFO   ] creat AI step 11 
[10:48:22.053] [INFO   ] creat AI step 3 
[10:48:22.053] [INFO   ] creat AI step 7 
[10:48:22.053] [INFO   ] AI key pressed step 1 
[10:48:22.053] [INFO   ] AI key pressed step 2 
[10:48:22.053] [INFO   ] KP step 1computer-0
[10:48:22.053] [INFO   ] KP step 10computer-0
[10:48:22.052] [INFO   ] AI key pressed step 3, random slot: 3
[10:48:22.053] [INFO   ] AI key pressed step 3, random slot: 4
[10:48:22.053] [INFO   ] creat AI step 8 
[10:48:22.053] [INFO   ] creat AI step 8 
[10:48:22.054] [INFO   ] creat AI step 9 
[10:48:22.054] [INFO   ] creat AI step 9 
[10:48:22.054] [INFO   ] thread Thread-0 wake up because is checked.
[10:48:22.054] [INFO   ] thread Thread-1 wake up because is checked.
[10:48:22.054] [INFO   ] thread Thread-0 while is not checked.
[10:48:22.054] [INFO   ] thread Thread-1 while is not checked.
[10:48:22.054] [INFO   ] creat AI step 10 
[10:48:22.054] [INFO   ] creat AI step 10 
[10:48:22.054] [INFO   ] creat AI step 11 
[10:48:22.054] [INFO   ] creat AI step 11 
[10:48:22.054] [INFO   ] creat AI step 3 
[10:48:22.054] [INFO   ] creat AI step 3 
[10:48:22.054] [INFO   ] creat AI step 7 
[10:48:22.056] [INFO   ] AI key pressed step 1 
[10:48:22.056] [INFO   ] creat AI step 7 
[10:48:22.056] [INFO   ] AI key pressed step 1 
[10:48:22.056] [INFO   ] AI key pressed step 2 
[10:48:22.056] [INFO   ] AI key pressed step 2 
[10:48:22.056] [INFO   ] KP step 1computer-1
[10:48:22.056] [INFO   ] KP step 1computer-0
[10:48:22.057] [INFO   ] KP step 10computer-0
[10:48:22.057] [INFO   ] AI key pressed step 3, random slot: 10
[10:48:22.057] [INFO   ] creat AI step 8 
[10:48:22.057] [INFO   ] creat AI step 9 
[10:48:22.057] [INFO   ] thread Thread-0 wake up because is checked.
[10:48:22.057] [INFO   ] thread Thread-0 while is not checked.
[10:48:22.057] [INFO   ] creat AI step 10 
[10:48:22.057] [INFO   ] creat AI step 11 
[10:48:22.057] [INFO   ] creat AI step 3 
[10:48:22.057] [INFO   ] creat AI step 7 
[10:48:22.057] [INFO   ] AI key pressed step 1 
[10:48:22.057] [INFO   ] AI key pressed step 2 
[10:48:22.057] [INFO   ] KP step 1computer-0
[10:48:22.057] [INFO   ] KP step 10computer-0
[10:48:22.057] [INFO   ] AI key pressed step 3, random slot: 4
[10:48:22.057] [INFO   ] creat AI step 8 
[10:48:22.057] [INFO   ] creat AI step 9 
[10:48:22.058] [INFO   ] thread Thread-0 wake up because is checked.
[10:48:22.058] [INFO   ] thread Thread-0 while is not checked.
[10:48:22.058] [INFO   ] creat AI step 10 
[10:48:22.058] [INFO   ] creat AI step 11 
[10:48:22.058] [INFO   ] creat AI step 3 
[10:48:22.058] [INFO   ] creat AI step 7 
[10:48:22.058] [INFO   ] AI key pressed step 1 
[10:48:22.058] [INFO   ] AI key pressed step 2 
[10:48:22.058] [INFO   ] KP step 1computer-0
[10:48:22.058] [INFO   ] KP step 10computer-0
[10:48:22.058] [INFO   ] AI key pressed step 3, random slot: 1
[10:48:22.058] [INFO   ] creat AI step 8 
[10:48:22.059] [INFO   ] creat AI step 9 
[10:48:22.059] [INFO   ] thread Thread-0 wake up because is checked.
[10:48:22.059] [INFO   ] thread Thread-0 while is not checked.
[10:48:22.059] [INFO   ] creat AI step 10 
[10:48:22.059] [INFO   ] creat AI step 11 
[10:48:22.060] [INFO   ] creat AI step 3 
[10:48:22.060] [INFO   ] creat AI step 7 
[10:48:22.060] [INFO   ] AI key pressed step 1 
[10:48:22.060] [INFO   ] AI key pressed step 2 
[10:48:22.060] [INFO   ] KP step 1computer-0
[10:48:22.060] [INFO   ] KP step 10computer-0
[10:48:22.060] [INFO   ] AI key pressed step 3, random slot: 6
[10:48:22.060] [INFO   ] creat AI step 8 
[10:48:22.060] [INFO   ] creat AI step 9 
[10:48:22.060] [INFO   ] thread Thread-0 wake up because is checked.
[10:48:22.060] [INFO   ] thread Thread-0 while is not checked.
[10:48:22.061] [INFO   ] creat AI step 10 
[10:48:22.061] [INFO   ] creat AI step 11 
[10:48:22.061] [INFO   ] creat AI step 3 
[10:48:22.061] [INFO   ] creat AI step 7 
[10:48:22.061] [INFO   ] AI key pressed step 1 
[10:48:22.061] [INFO   ] AI key pressed step 2 
[10:48:22.062] [INFO   ] KP step 1computer-0
[10:48:22.062] [INFO   ] KP step 10computer-0
[10:48:22.062] [INFO   ] AI key pressed step 3, random slot: 4
[10:48:22.062] [INFO   ] creat AI step 8 
[10:48:22.062] [INFO   ] creat AI step 9 
[10:48:22.062] [INFO   ] thread Thread-0 wake up because is checked.
[10:48:22.062] [INFO   ] thread Thread-0 while is not checked.
[10:48:22.056] [INFO   ] KP step 10computer-1
[10:48:22.063] [INFO   ] AI key pressed step 3, random slot: 8
[10:48:22.063] [INFO   ] creat AI step 8 
[10:48:22.063] [INFO   ] creat AI step 9 
[10:48:22.063] [INFO   ] creat AI step 10 
[10:48:22.063] [INFO   ] creat AI step 11 
[10:48:22.063] [INFO   ] creat AI step 3 
[10:48:22.063] [INFO   ] creat AI step 7 
[10:48:22.063] [INFO   ] AI key pressed step 1 
[10:48:22.063] [INFO   ] thread Thread-1 wake up because is checked.
[10:48:22.063] [INFO   ] thread Thread-1 while is not checked.
[10:48:22.063] [INFO   ] AI key pressed step 2 
[10:48:22.064] [INFO   ] KP step 1computer-0
[10:48:22.064] [INFO   ] KP step 10computer-0
[10:48:22.064] [INFO   ] AI key pressed step 3, random slot: 8
[10:48:22.064] [INFO   ] creat AI step 8 
[10:48:22.064] [INFO   ] creat AI step 9 
[10:48:22.064] [INFO   ] thread Thread-0 wake up because is checked.
[10:48:22.064] [INFO   ] thread Thread-0 while is not checked.
[10:48:22.064] [INFO   ] creat AI step 10 
[10:48:22.064] [INFO   ] creat AI step 11 
[10:48:22.066] [INFO   ] creat AI step 3 
[10:48:22.066] [INFO   ] creat AI step 7 
[10:48:22.066] [INFO   ] AI key pressed step 1 
[10:48:22.066] [INFO   ] AI key pressed step 2 
[10:48:22.066] [INFO   ] KP step 1computer-0
[10:48:22.066] [INFO   ] KP step 10computer-0
[10:48:22.066] [INFO   ] AI key pressed step 3, random slot: 6
[10:48:22.066] [INFO   ] creat AI step 8 
[10:48:22.066] [INFO   ] creat AI step 9 
[10:48:22.066] [INFO   ] thread Thread-0 wake up because is checked.
[10:48:22.066] [INFO   ] thread Thread-0 while is not checked.
[10:48:22.066] [INFO   ] creat AI step 10 
[10:48:22.066] [INFO   ] creat AI step 11 
[10:48:22.066] [INFO   ] creat AI step 3 
[10:48:22.066] [INFO   ] creat AI step 7 
[10:48:22.066] [INFO   ] AI key pressed step 1 
[10:48:22.066] [INFO   ] AI key pressed step 2 
[10:48:22.066] [INFO   ] KP step 1computer-0
[10:48:22.066] [INFO   ] KP step 10computer-0
[10:48:22.067] [INFO   ] AI key pressed step 3, random slot: 0
[10:48:22.067] [INFO   ] creat AI step 8 
[10:48:22.067] [INFO   ] creat AI step 9 
[10:48:22.067] [INFO   ] thread Thread-0 wake up because is checked.
[10:48:22.067] [INFO   ] thread Thread-0 while is not checked.
[10:48:22.067] [INFO   ] creat AI step 10 
[10:48:22.067] [INFO   ] creat AI step 11 
[10:48:22.067] [INFO   ] creat AI step 3 
[10:48:22.067] [INFO   ] creat AI step 7 
[10:48:22.067] [INFO   ] creat AI step 10 
[10:48:22.067] [INFO   ] AI key pressed step 1 
[10:48:22.068] [INFO   ] creat AI step 11 
[10:48:22.068] [INFO   ] AI key pressed step 2 
[10:48:22.068] [INFO   ] KP step 1computer-0
[10:48:22.068] [INFO   ] KP step 10computer-0
[10:48:22.068] [INFO   ] AI key pressed step 3, random slot: 6
[10:48:22.068] [INFO   ] creat AI step 8 
[10:48:22.068] [INFO   ] creat AI step 9 
[10:48:22.068] [INFO   ] thread Thread-0 wake up because is checked.
[10:48:22.069] [INFO   ] thread Thread-0 while is not checked.
[10:48:22.069] [INFO   ] creat AI step 10 
[10:48:22.069] [INFO   ] creat AI step 11 
[10:48:22.069] [INFO   ] creat AI step 3 
[10:48:22.069] [INFO   ] creat AI step 7 
[10:48:22.069] [INFO   ] AI key pressed step 1 
[10:48:22.069] [INFO   ] AI key pressed step 2 
[10:48:22.069] [INFO   ] KP step 1computer-0
[10:48:22.069] [INFO   ] KP step 10computer-0
[10:48:22.069] [INFO   ] AI key pressed step 3, random slot: 10
[10:48:22.069] [INFO   ] creat AI step 8 
[10:48:22.069] [INFO   ] creat AI step 9 
[10:48:22.069] [INFO   ] thread Thread-0 wake up because is checked.
[10:48:22.070] [INFO   ] thread Thread-0 while is not checked.
[10:48:22.070] [INFO   ] creat AI step 10 
[10:48:22.070] [INFO   ] creat AI step 11 
[10:48:22.070] [INFO   ] creat AI step 3 
[10:48:22.070] [INFO   ] creat AI step 7 
[10:48:22.070] [INFO   ] AI key pressed step 1 
[10:48:22.070] [INFO   ] AI key pressed step 2 
[10:48:22.070] [INFO   ] KP step 1computer-0
[10:48:22.070] [INFO   ] KP step 10computer-0
[10:48:22.070] [INFO   ] AI key pressed step 3, random slot: 0
[10:48:22.070] [INFO   ] creat AI step 8 
[10:48:22.070] [INFO   ] creat AI step 9 
[10:48:22.070] [INFO   ] thread Thread-0 wake up because is checked.
[10:48:22.070] [INFO   ] thread Thread-0 while is not checked.
[10:48:22.070] [INFO   ] creat AI step 10 
[10:48:22.070] [INFO   ] creat AI step 11 
[10:48:22.071] [INFO   ] creat AI step 3 
[10:48:22.071] [INFO   ] creat AI step 7 
[10:48:22.071] [INFO   ] AI key pressed step 1 
[10:48:22.071] [INFO   ] AI key pressed step 2 
[10:48:22.071] [INFO   ] KP step 1computer-0
[10:48:22.071] [INFO   ] KP step 10computer-0
[10:48:22.071] [INFO   ] AI key pressed step 3, random slot: 5
[10:48:22.071] [INFO   ] creat AI step 8 
[10:48:22.071] [INFO   ] creat AI step 9 
[10:48:22.071] [INFO   ] thread Thread-0 wake up because is checked.
[10:48:22.071] [INFO   ] thread Thread-0 while is not checked.
[10:48:22.071] [INFO   ] creat AI step 10 
[10:48:22.072] [INFO   ] creat AI step 11 
[10:48:22.072] [INFO   ] creat AI step 3 
[10:48:22.072] [INFO   ] creat AI step 7 
[10:48:22.072] [INFO   ] AI key pressed step 1 
[10:48:22.072] [INFO   ] AI key pressed step 2 
[10:48:22.072] [INFO   ] KP step 1computer-0
[10:48:22.072] [INFO   ] KP step 10computer-0
[10:48:22.072] [INFO   ] AI key pressed step 3, random slot: 3
[10:48:22.072] [INFO   ] creat AI step 8 
[10:48:22.072] [INFO   ] creat AI step 9 
[10:48:22.072] [INFO   ] thread Thread-0 wake up because is checked.
[10:48:22.072] [INFO   ] thread Thread-0 while is not checked.
[10:48:22.072] [INFO   ] creat AI step 10 
[10:48:22.072] [INFO   ] creat AI step 11 
[10:48:22.072] [INFO   ] creat AI step 3 
[10:48:22.073] [INFO   ] creat AI step 7 
[10:48:22.073] [INFO   ] AI key pressed step 1 
[10:48:22.073] [INFO   ] AI key pressed step 2 
[10:48:22.073] [INFO   ] KP step 1computer-0
[10:48:22.073] [INFO   ] KP step 10computer-0
[10:48:22.073] [INFO   ] AI key pressed step 3, random slot: 10
[10:48:22.073] [INFO   ] creat AI step 8 
[10:48:22.073] [INFO   ] creat AI step 9 
[10:48:22.073] [INFO   ] thread Thread-0 wake up because is checked.
[10:48:22.073] [INFO   ] thread Thread-0 while is not checked.
[10:48:22.073] [INFO   ] creat AI step 10 
[10:48:22.073] [INFO   ] creat AI step 11 
[10:48:22.073] [INFO   ] creat AI step 3 
[10:48:22.073] [INFO   ] creat AI step 7 
[10:48:22.074] [INFO   ] AI key pressed step 1 
[10:48:22.074] [INFO   ] AI key pressed step 2 
[10:48:22.074] [INFO   ] KP step 1computer-0
[10:48:22.074] [INFO   ] KP step 10computer-0
[10:48:22.074] [INFO   ] AI key pressed step 3, random slot: 9
[10:48:22.068] [INFO   ] creat AI step 3 
[10:48:22.074] [INFO   ] creat AI step 8 
[10:48:22.074] [INFO   ] creat AI step 9 
[10:48:22.074] [INFO   ] thread Thread-0 wake up because is checked.
[10:48:22.074] [INFO   ] thread Thread-0 while is not checked.
[10:48:22.074] [INFO   ] creat AI step 10 
[10:48:22.074] [INFO   ] creat AI step 11 
[10:48:22.074] [INFO   ] creat AI step 3 
[10:48:22.074] [INFO   ] creat AI step 7 
[10:48:22.074] [INFO   ] AI key pressed step 1 
[10:48:22.076] [INFO   ] AI key pressed step 2 
[10:48:22.076] [INFO   ] KP step 1computer-0
[10:48:22.076] [INFO   ] KP step 10computer-0
[10:48:22.076] [INFO   ] AI key pressed step 3, random slot: 1
[10:48:22.076] [INFO   ] creat AI step 8 
[10:48:22.076] [INFO   ] creat AI step 9 
[10:48:22.076] [INFO   ] thread Thread-0 wake up because is checked.
[10:48:22.077] [INFO   ] thread Thread-0 while is not checked.
[10:48:22.077] [INFO   ] creat AI step 10 
[10:48:22.077] [INFO   ] creat AI step 11 
[10:48:22.077] [INFO   ] creat AI step 3 
[10:48:22.077] [INFO   ] creat AI step 7 
[10:48:22.077] [INFO   ] AI key pressed step 1 
[10:48:22.077] [INFO   ] AI key pressed step 2 
[10:48:22.077] [INFO   ] KP step 1computer-0
[10:48:22.078] [INFO   ] KP step 10computer-0
[10:48:22.078] [INFO   ] AI key pressed step 3, random slot: 1
[10:48:22.078] [INFO   ] creat AI step 8 
[10:48:22.078] [INFO   ] creat AI step 9 
[10:48:22.078] [INFO   ] thread Thread-0 wake up because is checked.
[10:48:22.078] [INFO   ] thread Thread-0 while is not checked.
[10:48:22.078] [INFO   ] creat AI step 10 
[10:48:22.078] [INFO   ] creat AI step 11 
[10:48:22.078] [INFO   ] creat AI step 3 
[10:48:22.078] [INFO   ] creat AI step 7 
[10:48:22.078] [INFO   ] AI key pressed step 1 
[10:48:22.078] [INFO   ] AI key pressed step 2 
[10:48:22.078] [INFO   ] KP step 1computer-0
[10:48:22.078] [INFO   ] KP step 10computer-0
[10:48:22.079] [INFO   ] AI key pressed step 3, random slot: 5
[10:48:22.079] [INFO   ] creat AI step 8 
[10:48:22.079] [INFO   ] creat AI step 9 
[10:48:22.079] [INFO   ] thread Thread-0 wake up because is checked.
[10:48:22.079] [INFO   ] thread Thread-0 while is not checked.
[10:48:22.079] [INFO   ] creat AI step 10 
[10:48:22.079] [INFO   ] creat AI step 11 
[10:48:22.079] [INFO   ] creat AI step 3 
[10:48:22.079] [INFO   ] creat AI step 7 
[10:48:22.079] [INFO   ] AI key pressed step 1 
[10:48:22.079] [INFO   ] AI key pressed step 2 
[10:48:22.079] [INFO   ] KP step 1computer-0
[10:48:22.080] [INFO   ] KP step 10computer-0
[10:48:22.080] [INFO   ] AI key pressed step 3, random slot: 8
[10:48:22.080] [INFO   ] creat AI step 8 
[10:48:22.080] [INFO   ] creat AI step 9 
[10:48:22.080] [INFO   ] thread Thread-0 wake up because is checked.
[10:48:22.080] [INFO   ] thread Thread-0 while is not checked.
[10:48:22.080] [INFO   ] creat AI step 10 
[10:48:22.080] [INFO   ] creat AI step 11 
[10:48:22.080] [INFO   ] creat AI step 3 
[10:48:22.080] [INFO   ] creat AI step 7 
[10:48:22.080] [INFO   ] AI key pressed step 1 
[10:48:22.080] [INFO   ] AI key pressed step 2 
[10:48:22.074] [INFO   ] creat AI step 7 
[10:48:22.080] [INFO   ] KP step 1computer-0
[10:48:22.080] [INFO   ] KP step 10computer-0
[10:48:22.080] [INFO   ] AI key pressed step 1 
[10:48:22.081] [INFO   ] AI key pressed step 3, random slot: 6
[10:48:22.081] [INFO   ] creat AI step 8 
[10:48:22.081] [INFO   ] creat AI step 9 
[10:48:22.081] [INFO   ] AI key pressed step 2 
[10:48:22.081] [INFO   ] thread Thread-0 wake up because is checked.
[10:48:22.081] [INFO   ] thread Thread-0 while is not checked.
[10:48:22.081] [INFO   ] KP step 1computer-1
[10:48:22.081] [INFO   ] creat AI step 10 
[10:48:22.081] [INFO   ] creat AI step 11 
[10:48:22.081] [INFO   ] creat AI step 3 
[10:48:22.082] [INFO   ] creat AI step 7 
[10:48:22.082] [INFO   ] AI key pressed step 1 
[10:48:22.081] [INFO   ] KP step 10computer-1
[10:48:22.082] [INFO   ] AI key pressed step 3, random slot: 6
[10:48:22.082] [INFO   ] creat AI step 8 
[10:48:22.082] [INFO   ] creat AI step 9 
[10:48:22.082] [INFO   ] AI key pressed step 2 
[10:48:22.082] [INFO   ] KP step 1computer-0
[10:48:22.082] [INFO   ] KP step 10computer-0
[10:48:22.082] [INFO   ] AI key pressed step 3, random slot: 4
[10:48:22.082] [INFO   ] creat AI step 8 
[10:48:22.082] [INFO   ] creat AI step 9 
[10:48:22.082] [INFO   ] thread Thread-0 wake up because is checked.
[10:48:22.082] [INFO   ] thread Thread-0 while is not checked.
[10:48:22.082] [INFO   ] creat AI step 10 
[10:48:22.082] [INFO   ] creat AI step 11 
[10:48:22.082] [INFO   ] creat AI step 3 
[10:48:22.082] [INFO   ] creat AI step 7 
[10:48:22.082] [INFO   ] AI key pressed step 1 
[10:48:22.082] [INFO   ] AI key pressed step 2 
[10:48:22.082] [INFO   ] KP step 1computer-0
[10:48:22.083] [INFO   ] KP step 10computer-0
[10:48:22.083] [INFO   ] AI key pressed step 3, random slot: 6
[10:48:22.083] [INFO   ] creat AI step 8 
[10:48:22.082] [INFO   ] thread Thread-1 wake up because is checked.
[10:48:22.083] [INFO   ] creat AI step 9 
[10:48:22.083] [INFO   ] thread Thread-0 wake up because is checked.
[10:48:22.083] [INFO   ] thread Thread-1 while is not checked.
[10:48:22.084] [INFO   ] thread Thread-0 while is not checked.
[10:48:22.084] [INFO   ] creat AI step 10 
[10:48:22.084] [INFO   ] creat AI step 11 
[10:48:22.084] [INFO   ] creat AI step 3 
[10:48:22.084] [INFO   ] creat AI step 7 
[10:48:22.084] [INFO   ] AI key pressed step 1 
[10:48:22.084] [INFO   ] creat AI step 10 
[10:48:22.084] [INFO   ] creat AI step 11 
[10:48:22.084] [INFO   ] creat AI step 3 
[10:48:22.084] [INFO   ] creat AI step 7 
[10:48:22.084] [INFO   ] AI key pressed step 1 
[10:48:22.084] [INFO   ] AI key pressed step 2 
[10:48:22.084] [INFO   ] AI key pressed step 2 
[10:48:22.084] [INFO   ] KP step 1computer-1
[10:48:22.085] [INFO   ] KP step 10computer-1
[10:48:22.085] [INFO   ] KP step 1computer-0
[10:48:22.085] [INFO   ] AI key pressed step 3, random slot: 3
[10:48:22.085] [INFO   ] creat AI step 8 
[10:48:22.085] [INFO   ] KP step 10computer-0
[10:48:22.085] [INFO   ] creat AI step 9 
[10:48:22.085] [INFO   ] AI key pressed step 3, random slot: 9
[10:48:22.086] [INFO   ] thread Thread-1 wake up because is checked.
[10:48:22.086] [INFO   ] creat AI step 8 
[10:48:22.086] [INFO   ] creat AI step 9 
[10:48:22.086] [INFO   ] thread Thread-1 while is not checked.
[10:48:22.086] [INFO   ] creat AI step 10 
[10:48:22.086] [INFO   ] creat AI step 11 
[10:48:22.086] [INFO   ] creat AI step 3 
[10:48:22.086] [INFO   ] creat AI step 7 
[10:48:22.086] [INFO   ] AI key pressed step 1 
[10:48:22.086] [INFO   ] thread Thread-0 wake up because is checked.
[10:48:22.086] [INFO   ] thread Thread-0 while is not checked.
[10:48:22.086] [INFO   ] AI key pressed step 2 
[10:48:22.086] [INFO   ] KP step 1computer-1
[10:48:22.086] [INFO   ] KP step 10computer-1
[10:48:22.086] [INFO   ] AI key pressed step 3, random slot: 1
[10:48:22.088] [INFO   ] creat AI step 8 
[10:48:22.088] [INFO   ] creat AI step 9 
[10:48:22.088] [INFO   ] creat AI step 10 
[10:48:22.088] [INFO   ] thread Thread-1 wake up because is checked.
[10:48:22.088] [INFO   ] creat AI step 11 
[10:48:22.088] [INFO   ] creat AI step 3 
[10:48:22.088] [INFO   ] thread Thread-1 while is not checked.
[10:48:22.088] [INFO   ] creat AI step 7 
[10:48:22.088] [INFO   ] AI key pressed step 1 
[10:48:22.088] [INFO   ] creat AI step 10 
[10:48:22.088] [INFO   ] AI key pressed step 2 
[10:48:22.088] [INFO   ] creat AI step 11 
[10:48:22.088] [INFO   ] KP step 1computer-0
[10:48:22.089] [INFO   ] creat AI step 3 
[10:48:22.089] [INFO   ] KP step 10computer-0
[10:48:22.089] [INFO   ] creat AI step 7 
[10:48:22.089] [INFO   ] AI key pressed step 1 
[10:48:22.089] [INFO   ] AI key pressed step 3, random slot: 11
[10:48:22.089] [INFO   ] creat AI step 8 
[10:48:22.089] [INFO   ] creat AI step 9 
[10:48:22.089] [INFO   ] AI key pressed step 2 
[10:48:22.089] [INFO   ] thread Thread-0 wake up because is checked.
[10:48:22.089] [INFO   ] KP step 1computer-1
[10:48:22.089] [INFO   ] KP step 10computer-1
[10:48:22.089] [INFO   ] thread Thread-0 while is not checked.
[10:48:22.089] [INFO   ] AI key pressed step 3, random slot: 8
[10:48:22.090] [INFO   ] creat AI step 8 
[10:48:22.090] [INFO   ] creat AI step 9 
[10:48:22.090] [INFO   ] creat AI step 10 
[10:48:22.090] [INFO   ] thread Thread-1 wake up because is checked.
[10:48:22.090] [INFO   ] thread Thread-1 while is not checked.
[10:48:22.090] [INFO   ] creat AI step 11 
[10:48:22.090] [INFO   ] creat AI step 3 
[10:48:22.090] [INFO   ] creat AI step 10 
[10:48:22.090] [INFO   ] creat AI step 7 
[10:48:22.090] [INFO   ] AI key pressed step 1 
[10:48:22.090] [INFO   ] creat AI step 11 
[10:48:22.091] [INFO   ] AI key pressed step 2 
[10:48:22.091] [INFO   ] creat AI step 3 
[10:48:22.091] [INFO   ] KP step 1computer-0
[10:48:22.091] [INFO   ] creat AI step 7 
[10:48:22.091] [INFO   ] KP step 10computer-0
[10:48:22.091] [INFO   ] AI key pressed step 1 
[10:48:22.091] [INFO   ] AI key pressed step 3, random slot: 2
[10:48:22.091] [INFO   ] creat AI step 8 
[10:48:22.091] [INFO   ] AI key pressed step 2 
[10:48:22.091] [INFO   ] creat AI step 9 
[10:48:22.091] [INFO   ] KP step 1computer-1
[10:48:22.092] [INFO   ] KP step 10computer-1
[10:48:22.092] [INFO   ] AI key pressed step 3, random slot: 3
[10:48:22.092] [INFO   ] creat AI step 8 
[10:48:22.092] [INFO   ] thread Thread-0 wake up because is checked.
[10:48:22.092] [INFO   ] thread Thread-0 while is not checked.
[10:48:22.092] [INFO   ] creat AI step 10 
[10:48:22.092] [INFO   ] creat AI step 11 
[10:48:22.092] [INFO   ] creat AI step 3 
[10:48:22.092] [INFO   ] creat AI step 7 
[10:48:22.092] [INFO   ] AI key pressed step 1 
[10:48:22.092] [INFO   ] AI key pressed step 2 
[10:48:22.093] [INFO   ] KP step 1computer-0
[10:48:22.093] [INFO   ] KP step 10computer-0
[10:48:22.093] [INFO   ] AI key pressed step 3, random slot: 10
[10:48:22.092] [INFO   ] creat AI step 9 
[10:48:22.093] [INFO   ] creat AI step 8 
[10:48:22.093] [INFO   ] creat AI step 9 
[10:48:22.093] [INFO   ] thread Thread-1 wake up because is checked.
[10:48:22.093] [INFO   ] thread Thread-0 wake up because is checked.
[10:48:22.093] [INFO   ] thread Thread-1 while is not checked.
[10:48:22.093] [INFO   ] thread Thread-0 while is not checked.
[10:48:22.093] [INFO   ] creat AI step 10 
[10:48:22.094] [INFO   ] creat AI step 11 
[10:48:22.094] [INFO   ] creat AI step 3 
[10:48:22.094] [INFO   ] creat AI step 10 
[10:48:22.094] [INFO   ] creat AI step 7 
[10:48:22.094] [INFO   ] AI key pressed step 1 
[10:48:22.094] [INFO   ] creat AI step 11 
[10:48:22.094] [INFO   ] AI key pressed step 2 
[10:48:22.094] [INFO   ] creat AI step 3 
[10:48:22.095] [INFO   ] KP step 1computer-1
[10:48:22.095] [INFO   ] creat AI step 7 
[10:48:22.095] [INFO   ] KP step 10computer-1
[10:48:22.095] [INFO   ] AI key pressed step 1 
[10:48:22.095] [INFO   ] AI key pressed step 2 
[10:48:22.095] [INFO   ] KP step 1computer-0
[10:48:22.095] [INFO   ] AI key pressed step 3, random slot: 6
[10:48:22.095] [INFO   ] creat AI step 8 
[10:48:22.095] [INFO   ] KP step 10computer-0
[10:48:22.096] [INFO   ] creat AI step 9 
[10:48:22.096] [INFO   ] AI key pressed step 3, random slot: 3
[10:48:22.096] [INFO   ] creat AI step 8 
[10:48:22.096] [INFO   ] creat AI step 9 
[10:48:22.096] [INFO   ] thread Thread-1 wake up because is checked.
[10:48:22.096] [INFO   ] thread Thread-0 wake up because is checked.
[10:48:22.096] [INFO   ] thread Thread-0 while is not checked.
[10:48:22.096] [INFO   ] creat AI step 10 
[10:48:22.096] [INFO   ] creat AI step 11 
[10:48:22.096] [INFO   ] creat AI step 3 
[10:48:22.096] [INFO   ] thread Thread-1 while is not checked.
[10:48:22.096] [INFO   ] creat AI step 7 
[10:48:22.096] [INFO   ] AI key pressed step 1 
[10:48:22.096] [INFO   ] AI key pressed step 2 
[10:48:22.097] [INFO   ] KP step 1computer-0
[10:48:22.097] [INFO   ] KP step 10computer-0
[10:48:22.097] [INFO   ] AI key pressed step 3, random slot: 7
[10:48:22.097] [INFO   ] creat AI step 8 
[10:48:22.097] [INFO   ] creat AI step 9 
[10:48:22.097] [INFO   ] creat AI step 10 
[10:48:22.097] [INFO   ] creat AI step 11 
[10:48:22.097] [INFO   ] creat AI step 3 
[10:48:22.097] [INFO   ] creat AI step 7 
[10:48:22.097] [INFO   ] AI key pressed step 1 
[10:48:22.097] [INFO   ] thread Thread-0 wake up because is checked.
[10:48:22.097] [INFO   ] AI key pressed step 2 
[10:48:22.097] [INFO   ] thread Thread-0 while is not checked.
[10:48:22.097] [INFO   ] KP step 1computer-1
[10:48:22.098] [INFO   ] creat AI step 10 
[10:48:22.098] [INFO   ] KP step 10computer-1
[10:48:22.098] [INFO   ] creat AI step 11 
[10:48:22.098] [INFO   ] AI key pressed step 3, random slot: 2
[10:48:22.098] [INFO   ] creat AI step 3 
[10:48:22.098] [INFO   ] creat AI step 8 
[10:48:22.098] [INFO   ] creat AI step 9 
[10:48:22.098] [INFO   ] creat AI step 7 
[10:48:22.098] [INFO   ] thread Thread-1 wake up because is checked.
[10:48:22.099] [INFO   ] thread Thread-1 while is not checked.
[10:48:22.098] [INFO   ] AI key pressed step 1 
[10:48:22.099] [INFO   ] creat AI step 10 
[10:48:22.099] [INFO   ] AI key pressed step 2 
[10:48:22.099] [INFO   ] KP step 1computer-0
[10:48:22.099] [INFO   ] KP step 10computer-0
[10:48:22.100] [INFO   ] AI key pressed step 3, random slot: 5
[10:48:22.100] [INFO   ] creat AI step 8 
[10:48:22.099] [INFO   ] creat AI step 11 
[10:48:22.100] [INFO   ] creat AI step 9 
[10:48:22.100] [INFO   ] creat AI step 3 
[10:48:22.100] [INFO   ] thread Thread-0 wake up because is checked.
[10:48:22.100] [INFO   ] creat AI step 7 
[10:48:22.100] [INFO   ] thread Thread-0 while is not checked.
[10:48:22.100] [INFO   ] AI key pressed step 1 
[10:48:22.100] [INFO   ] creat AI step 10 
[10:48:22.101] [INFO   ] creat AI step 11 
[10:48:22.102] [INFO   ] creat AI step 3 
[10:48:22.102] [INFO   ] creat AI step 7 
[10:48:22.102] [INFO   ] AI key pressed step 1 
[10:48:22.102] [INFO   ] AI key pressed step 2 
[10:48:22.102] [INFO   ] KP step 1computer-0
[10:48:22.102] [INFO   ] KP step 10computer-0
[10:48:22.102] [INFO   ] AI key pressed step 3, random slot: 5
[10:48:22.102] [INFO   ] creat AI step 8 
[10:48:22.102] [INFO   ] creat AI step 9 
[10:48:22.101] [INFO   ] AI key pressed step 2 
[10:48:22.103] [INFO   ] KP step 1computer-1
[10:48:22.103] [INFO   ] KP step 10computer-1
[10:48:22.103] [INFO   ] AI key pressed step 3, random slot: 8
[10:48:22.103] [INFO   ] creat AI step 8 
[10:48:22.103] [INFO   ] creat AI step 9 
[10:48:22.103] [INFO   ] thread Thread-1 wake up because is checked.
[10:48:22.103] [INFO   ] thread Thread-1 while is not checked.
[10:48:22.103] [INFO   ] creat AI step 10 
[10:48:22.103] [INFO   ] creat AI step 11 
[10:48:22.103] [INFO   ] creat AI step 3 
[10:48:22.103] [INFO   ] creat AI step 7 
[10:48:22.103] [INFO   ] AI key pressed step 1 
[10:48:22.103] [INFO   ] AI key pressed step 2 
[10:48:22.103] [INFO   ] KP step 1computer-1
[10:48:22.103] [INFO   ] KP step 10computer-1
[10:48:22.103] [INFO   ] AI key pressed step 3, random slot: 6
[10:48:22.103] [INFO   ] thread Thread-0 wake up because is checked.
[10:48:22.103] [INFO   ] creat AI step 8 
[10:48:22.104] [INFO   ] creat AI step 9 
[10:48:22.103] [INFO   ] thread Thread-0 while is not checked.
[10:48:22.104] [INFO   ] thread Thread-1 wake up because is checked.
[10:48:22.104] [INFO   ] thread Thread-1 while is not checked.
[10:48:22.104] [INFO   ] creat AI step 10 
[10:48:22.104] [INFO   ] creat AI step 11 
[10:48:22.104] [INFO   ] creat AI step 3 
[10:48:22.104] [INFO   ] creat AI step 7 
[10:48:22.104] [INFO   ] AI key pressed step 1 
[10:48:22.104] [INFO   ] creat AI step 10 
[10:48:22.104] [INFO   ] creat AI step 11 
[10:48:22.104] [INFO   ] creat AI step 3 
[10:48:22.104] [INFO   ] creat AI step 7 
[10:48:22.104] [INFO   ] AI key pressed step 1 
[10:48:22.104] [INFO   ] AI key pressed step 2 
[10:48:22.104] [INFO   ] AI key pressed step 2 
[10:48:22.104] [INFO   ] KP step 1computer-0
[10:48:22.104] [INFO   ] KP step 1computer-1
[10:48:22.104] [INFO   ] KP step 10computer-0
[10:48:22.104] [INFO   ] KP step 10computer-1
[10:48:22.104] [INFO   ] AI key pressed step 3, random slot: 1
[10:48:22.104] [INFO   ] creat AI step 8 
[10:48:22.104] [INFO   ] creat AI step 9 
[10:48:22.106] [INFO   ] thread Thread-1 wake up because is checked.
[10:48:22.104] [INFO   ] AI key pressed step 3, random slot: 5
[10:48:22.106] [INFO   ] creat AI step 8 
[10:48:22.106] [INFO   ] creat AI step 9 
[10:48:22.106] [INFO   ] thread Thread-1 while is not checked.
[10:48:22.106] [INFO   ] thread Thread-0 wake up because is checked.
[10:48:22.106] [INFO   ] thread Thread-0 while is not checked.
[10:48:22.106] [INFO   ] creat AI step 10 
[10:48:22.106] [INFO   ] creat AI step 10 
[10:48:22.106] [INFO   ] creat AI step 11 
[10:48:22.106] [INFO   ] creat AI step 3 
[10:48:22.106] [INFO   ] creat AI step 7 
[10:48:22.106] [INFO   ] AI key pressed step 1 
[10:48:22.106] [INFO   ] creat AI step 11 
[10:48:22.106] [INFO   ] creat AI step 3 
[10:48:22.106] [INFO   ] AI key pressed step 2 
[10:48:22.106] [INFO   ] creat AI step 7 
[10:48:22.107] [INFO   ] AI key pressed step 1 
[10:48:22.107] [INFO   ] KP step 1computer-0
[10:48:22.107] [INFO   ] AI key pressed step 2 
[10:48:22.107] [INFO   ] KP step 10computer-0
[10:48:22.107] [INFO   ] KP step 1computer-1
[10:48:22.107] [INFO   ] AI key pressed step 3, random slot: 9
[10:48:22.107] [INFO   ] creat AI step 8 
[10:48:22.107] [INFO   ] creat AI step 9 
[10:48:22.107] [INFO   ] KP step 10computer-1
[10:48:22.107] [INFO   ] thread Thread-0 wake up because is checked.
[10:48:22.107] [INFO   ] AI key pressed step 3, random slot: 1
[10:48:22.108] [INFO   ] creat AI step 8 
[10:48:22.108] [INFO   ] creat AI step 9 
[10:48:22.107] [INFO   ] thread Thread-0 while is not checked.
[10:48:22.108] [INFO   ] thread Thread-1 wake up because is checked.
[10:48:22.108] [INFO   ] creat AI step 10 
[10:48:22.108] [INFO   ] creat AI step 11 
[10:48:22.108] [INFO   ] creat AI step 3 
[10:48:22.108] [INFO   ] creat AI step 7 
[10:48:22.108] [INFO   ] AI key pressed step 1 
[10:48:22.108] [INFO   ] thread Thread-1 while is not checked.
[10:48:22.108] [INFO   ] AI key pressed step 2 
[10:48:22.108] [INFO   ] creat AI step 10 
[10:48:22.109] [INFO   ] creat AI step 11 
[10:48:22.109] [INFO   ] creat AI step 3 
[10:48:22.108] [INFO   ] KP step 1computer-0
[10:48:22.109] [INFO   ] creat AI step 7 
[10:48:22.109] [INFO   ] AI key pressed step 1 
[10:48:22.109] [INFO   ] KP step 10computer-0
[10:48:22.109] [INFO   ] AI key pressed step 2 
[10:48:22.109] [INFO   ] AI key pressed step 3, random slot: 7
[10:48:22.109] [INFO   ] KP step 1computer-1
[10:48:22.109] [INFO   ] creat AI step 8 
[10:48:22.109] [INFO   ] creat AI step 9 
[10:48:22.109] [INFO   ] KP step 10computer-1
[10:48:22.110] [INFO   ] AI key pressed step 3, random slot: 0
[10:48:22.109] [INFO   ] thread Thread-0 wake up because is checked.
[10:48:22.110] [INFO   ] creat AI step 8 
[10:48:22.110] [INFO   ] thread Thread-0 while is not checked.
[10:48:22.110] [INFO   ] creat AI step 9 
[10:48:22.110] [INFO   ] creat AI step 10 
[10:48:22.110] [INFO   ] thread Thread-1 wake up because is checked.
[10:48:22.112] [INFO   ] thread Thread-1 while is not checked.
[10:48:22.112] [INFO   ] creat AI step 11 
[10:48:22.112] [INFO   ] creat AI step 3 
[10:48:22.112] [INFO   ] creat AI step 10 
[10:48:22.112] [INFO   ] creat AI step 7 
[10:48:22.112] [INFO   ] AI key pressed step 1 
[10:48:22.112] [INFO   ] creat AI step 11 
[10:48:22.112] [INFO   ] creat AI step 3 
[10:48:22.112] [INFO   ] AI key pressed step 2 
[10:48:22.112] [INFO   ] KP step 1computer-0
[10:48:22.112] [INFO   ] KP step 10computer-0
[10:48:22.112] [INFO   ] AI key pressed step 3, random slot: 7
[10:48:22.112] [INFO   ] creat AI step 8 
[10:48:22.112] [INFO   ] creat AI step 9 
[10:48:22.112] [INFO   ] thread Thread-0 wake up because is checked.
[10:48:22.112] [INFO   ] thread Thread-0 while is not checked.
[10:48:22.112] [INFO   ] creat AI step 10 
[10:48:22.112] [INFO   ] creat AI step 11 
[10:48:22.112] [INFO   ] creat AI step 3 
[10:48:22.112] [INFO   ] creat AI step 7 
[10:48:22.112] [INFO   ] AI key pressed step 1 
[10:48:22.113] [INFO   ] AI key pressed step 2 
[10:48:22.113] [INFO   ] KP step 1computer-0
[10:48:22.113] [INFO   ] KP step 10computer-0
[10:48:22.113] [INFO   ] AI key pressed step 3, random slot: 3
[10:48:22.113] [INFO   ] creat AI step 8 
[10:48:22.113] [INFO   ] creat AI step 9 
[10:48:22.113] [INFO   ] thread Thread-0 wake up because is checked.
[10:48:22.113] [INFO   ] thread Thread-0 while is not checked.
[10:48:22.112] [INFO   ] creat AI step 7 
[10:48:22.113] [INFO   ] AI key pressed step 1 
[10:48:22.113] [INFO   ] AI key pressed step 2 
[10:48:22.113] [INFO   ] KP step 1computer-1
[10:48:22.113] [INFO   ] KP step 10computer-1
[10:48:22.113] [INFO   ] creat AI step 10 
[10:48:22.114] [INFO   ] creat AI step 11 
[10:48:22.114] [INFO   ] creat AI step 3 
[10:48:22.114] [INFO   ] creat AI step 7 
[10:48:22.114] [INFO   ] AI key pressed step 1 
[10:48:22.113] [INFO   ] AI key pressed step 3, random slot: 5
[10:48:22.114] [INFO   ] creat AI step 8 
[10:48:22.114] [INFO   ] AI key pressed step 2 
[10:48:22.114] [INFO   ] KP step 1computer-0
[10:48:22.114] [INFO   ] creat AI step 9 
[10:48:22.114] [INFO   ] KP step 10computer-0
[10:48:22.114] [INFO   ] thread Thread-1 wake up because is checked.
[10:48:22.114] [INFO   ] thread Thread-1 while is not checked.
[10:48:22.114] [INFO   ] AI key pressed step 3, random slot: 6
[10:48:22.114] [INFO   ] creat AI step 10 
[10:48:22.114] [INFO   ] creat AI step 11 
[10:48:22.114] [INFO   ] creat AI step 3 
[10:48:22.114] [INFO   ] creat AI step 8 
[10:48:22.114] [INFO   ] creat AI step 9 
[10:48:22.114] [INFO   ] creat AI step 7 
[10:48:22.116] [INFO   ] AI key pressed step 1 
[10:48:22.116] [INFO   ] AI key pressed step 2 
[10:48:22.116] [INFO   ] thread Thread-0 wake up because is checked.
[10:48:22.116] [INFO   ] KP step 1computer-1
[10:48:22.116] [INFO   ] KP step 10computer-1
[10:48:22.116] [INFO   ] AI key pressed step 3, random slot: 0
[10:48:22.116] [INFO   ] thread Thread-0 while is not checked.
[10:48:22.117] [INFO   ] creat AI step 8 
[10:48:22.117] [INFO   ] creat AI step 10 
[10:48:22.117] [INFO   ] creat AI step 9 
[10:48:22.117] [INFO   ] creat AI step 11 
[10:48:22.117] [INFO   ] creat AI step 3 
[10:48:22.117] [INFO   ] thread Thread-1 wake up because is checked.
[10:48:22.117] [INFO   ] creat AI step 7 
[10:48:22.117] [INFO   ] AI key pressed step 1 
[10:48:22.117] [INFO   ] thread Thread-1 while is not checked.
[10:48:22.117] [INFO   ] AI key pressed step 2 
[10:48:22.117] [INFO   ] creat AI step 10 
[10:48:22.117] [INFO   ] KP step 1computer-0
[10:48:22.117] [INFO   ] KP step 10computer-0
[10:48:22.117] [INFO   ] creat AI step 11 
[10:48:22.117] [INFO   ] AI key pressed step 3, random slot: 7
[10:48:22.117] [INFO   ] creat AI step 8 
[10:48:22.118] [INFO   ] creat AI step 9 
[10:48:22.117] [INFO   ] creat AI step 3 
[10:48:22.118] [INFO   ] creat AI step 7 
[10:48:22.118] [INFO   ] AI key pressed step 1 
[10:48:22.118] [INFO   ] thread Thread-0 wake up because is checked.
[10:48:22.118] [INFO   ] AI key pressed step 2 
[10:48:22.118] [INFO   ] thread Thread-0 while is not checked.
[10:48:22.118] [INFO   ] KP step 1computer-1
[10:48:22.118] [INFO   ] creat AI step 10 
[10:48:22.118] [INFO   ] KP step 10computer-1
[10:48:22.118] [INFO   ] AI key pressed step 3, random slot: 8
[10:48:22.118] [INFO   ] creat AI step 11 
[10:48:22.118] [INFO   ] creat AI step 8 
[10:48:22.119] [INFO   ] creat AI step 3 
[10:48:22.119] [INFO   ] creat AI step 7 
[10:48:22.119] [INFO   ] creat AI step 9 
[10:48:22.119] [INFO   ] AI key pressed step 1 
[10:48:22.119] [INFO   ] thread Thread-1 wake up because is checked.
[10:48:22.119] [INFO   ] AI key pressed step 2 
[10:48:22.119] [INFO   ] thread Thread-1 while is not checked.
[10:48:22.119] [INFO   ] KP step 1computer-0
[10:48:22.120] [INFO   ] KP step 10computer-0
[10:48:22.119] [INFO   ] creat AI step 10 
[10:48:22.120] [INFO   ] AI key pressed step 3, random slot: 9
[10:48:22.120] [INFO   ] creat AI step 8 
[10:48:22.120] [INFO   ] creat AI step 9 
[10:48:22.120] [INFO   ] creat AI step 11 
[10:48:22.120] [INFO   ] creat AI step 3 
[10:48:22.120] [INFO   ] thread Thread-0 wake up because is checked.
[10:48:22.120] [INFO   ] creat AI step 7 
[10:48:22.120] [INFO   ] AI key pressed step 1 
[10:48:22.120] [INFO   ] thread Thread-0 while is not checked.
[10:48:22.120] [INFO   ] AI key pressed step 2 
[10:48:22.121] [INFO   ] KP step 1computer-1
[10:48:22.121] [INFO   ] KP step 10computer-1
[10:48:22.121] [INFO   ] AI key pressed step 3, random slot: 7
[10:48:22.121] [INFO   ] creat AI step 8 
[10:48:22.121] [INFO   ] creat AI step 9 
[10:48:22.122] [INFO   ] thread Thread-1 wake up because is checked.
[10:48:22.122] [INFO   ] thread Thread-1 while is not checked.
[10:48:22.122] [INFO   ] creat AI step 10 
[10:48:22.122] [INFO   ] creat AI step 11 
[10:48:22.122] [INFO   ] creat AI step 3 
[10:48:22.122] [INFO   ] creat AI step 7 
[10:48:22.122] [INFO   ] AI key pressed step 1 
[10:48:22.122] [INFO   ] AI key pressed step 2 
[10:48:22.121] [INFO   ] creat AI step 10 
[10:48:22.122] [INFO   ] KP step 1computer-1
[10:48:22.122] [INFO   ] creat AI step 11 
[10:48:22.123] [INFO   ] creat AI step 3 
[10:48:22.122] [INFO   ] KP step 10computer-1
[10:48:22.123] [INFO   ] AI key pressed step 3, random slot: 8
[10:48:22.124] [INFO   ] creat AI step 8 
[10:48:22.124] [INFO   ] creat AI step 9 
[10:48:22.124] [INFO   ] thread Thread-1 wake up because is checked.
[10:48:22.124] [INFO   ] thread Thread-1 while is not checked.
[10:48:22.124] [INFO   ] creat AI step 10 
[10:48:22.124] [INFO   ] creat AI step 11 
[10:48:22.124] [INFO   ] creat AI step 3 
[10:48:22.124] [INFO   ] creat AI step 7 
[10:48:22.124] [INFO   ] AI key pressed step 1 
[10:48:22.124] [INFO   ] AI key pressed step 2 
[10:48:22.124] [INFO   ] KP step 1computer-1
[10:48:22.124] [INFO   ] KP step 10computer-1
[10:48:22.124] [INFO   ] AI key pressed step 3, random slot: 8
[10:48:22.124] [INFO   ] creat AI step 8 
[10:48:22.124] [INFO   ] creat AI step 9 
[10:48:22.124] [INFO   ] thread Thread-1 wake up because is checked.
[10:48:22.124] [INFO   ] thread Thread-1 while is not checked.
[10:48:22.123] [INFO   ] creat AI step 7 
[10:48:22.124] [INFO   ] creat AI step 10 
[10:48:22.124] [INFO   ] creat AI step 11 
[10:48:22.124] [INFO   ] creat AI step 3 
[10:48:22.124] [INFO   ] creat AI step 7 
[10:48:22.124] [INFO   ] AI key pressed step 1 
[10:48:22.124] [INFO   ] AI key pressed step 1 
[10:48:22.126] [INFO   ] AI key pressed step 2 
[10:48:22.126] [INFO   ] AI key pressed step 2 
[10:48:22.126] [INFO   ] KP step 1computer-0
[10:48:22.126] [INFO   ] KP step 10computer-0
[10:48:22.126] [INFO   ] KP step 1computer-1
[10:48:22.126] [INFO   ] AI key pressed step 3, random slot: 5
[10:48:22.126] [INFO   ] creat AI step 8 
[10:48:22.126] [INFO   ] KP step 10computer-1
[10:48:22.126] [INFO   ] creat AI step 9 
[10:48:22.126] [INFO   ] AI key pressed step 3, random slot: 11
[10:48:22.126] [INFO   ] creat AI step 8 
[10:48:22.126] [INFO   ] creat AI step 9 
[10:48:22.126] [INFO   ] thread Thread-0 wake up because is checked.
[10:48:22.127] [INFO   ] thread Thread-0 while is not checked.
[10:48:22.127] [INFO   ] thread Thread-1 wake up because is checked.
[10:48:22.127] [INFO   ] thread Thread-1 while is not checked.
[10:48:22.127] [INFO   ] creat AI step 10 
[10:48:22.127] [INFO   ] creat AI step 11 
[10:48:22.127] [INFO   ] creat AI step 3 
[10:48:22.127] [INFO   ] creat AI step 7 
[10:48:22.127] [INFO   ] creat AI step 10 
[10:48:22.127] [INFO   ] creat AI step 11 
[10:48:22.127] [INFO   ] AI key pressed step 1 
[10:48:22.127] [INFO   ] creat AI step 3 
[10:48:22.127] [INFO   ] creat AI step 7 
[10:48:22.127] [INFO   ] AI key pressed step 1 
[10:48:22.127] [INFO   ] AI key pressed step 2 
[10:48:22.127] [INFO   ] KP step 1computer-0
[10:48:22.127] [INFO   ] KP step 10computer-0
[10:48:22.127] [INFO   ] AI key pressed step 2 
[10:48:22.127] [INFO   ] AI key pressed step 3, random slot: 7
[10:48:22.127] [INFO   ] creat AI step 8 
[10:48:22.127] [INFO   ] KP step 1computer-1
[10:48:22.127] [INFO   ] KP step 10computer-1
[10:48:22.128] [INFO   ] AI key pressed step 3, random slot: 2
[10:48:22.128] [INFO   ] creat AI step 8 
[10:48:22.127] [INFO   ] creat AI step 9 
[10:48:22.128] [INFO   ] creat AI step 9 
[10:48:22.128] [INFO   ] thread Thread-0 wake up because is checked.
[10:48:22.128] [INFO   ] thread Thread-0 while is not checked.
[10:48:22.128] [INFO   ] thread Thread-1 wake up because is checked.
[10:48:22.128] [INFO   ] creat AI step 10 
[10:48:22.128] [INFO   ] creat AI step 11 
[10:48:22.128] [INFO   ] creat AI step 3 
[10:48:22.128] [INFO   ] creat AI step 7 
[10:48:22.128] [INFO   ] thread Thread-1 while is not checked.
[10:48:22.128] [INFO   ] AI key pressed step 1 
[10:48:22.128] [INFO   ] creat AI step 10 
[10:48:22.130] [INFO   ] creat AI step 11 
[10:48:22.130] [INFO   ] creat AI step 3 
[10:48:22.130] [INFO   ] AI key pressed step 2 
[10:48:22.130] [INFO   ] KP step 1computer-0
[10:48:22.130] [INFO   ] creat AI step 7 
[10:48:22.130] [INFO   ] AI key pressed step 1 
[10:48:22.130] [INFO   ] KP step 10computer-0
[10:48:22.130] [INFO   ] AI key pressed step 2 
[10:48:22.130] [INFO   ] KP step 1computer-1
[10:48:22.130] [INFO   ] AI key pressed step 3, random slot: 10
[10:48:22.131] [INFO   ] KP step 10computer-1
[10:48:22.131] [INFO   ] AI key pressed step 3, random slot: 6
[10:48:22.131] [INFO   ] creat AI step 8 
[10:48:22.131] [INFO   ] creat AI step 9 
[10:48:22.131] [INFO   ] creat AI step 8 
[10:48:22.132] [INFO   ] creat AI step 9 
[10:48:22.132] [INFO   ] thread Thread-0 wake up because is checked.
[10:48:22.132] [INFO   ] thread Thread-0 while is not checked.
[10:48:22.132] [INFO   ] creat AI step 10 
[10:48:22.132] [INFO   ] creat AI step 11 
[10:48:22.132] [INFO   ] creat AI step 3 
[10:48:22.132] [INFO   ] creat AI step 7 
[10:48:22.132] [INFO   ] AI key pressed step 1 
[10:48:22.132] [INFO   ] AI key pressed step 2 
[10:48:22.132] [INFO   ] KP step 1computer-0
[10:48:22.132] [INFO   ] KP step 10computer-0
[10:48:22.132] [INFO   ] AI key pressed step 3, random slot: 0
[10:48:22.132] [INFO   ] creat AI step 8 
[10:48:22.132] [INFO   ] creat AI step 9 
[10:48:22.132] [INFO   ] thread Thread-0 wake up because is checked.
[10:48:22.132] [INFO   ] thread Thread-0 while is not checked.
[10:48:22.133] [INFO   ] creat AI step 10 
[10:48:22.133] [INFO   ] creat AI step 11 
[10:48:22.133] [INFO   ] creat AI step 3 
[10:48:22.133] [INFO   ] creat AI step 7 
[10:48:22.133] [INFO   ] AI key pressed step 1 
[10:48:22.133] [INFO   ] AI key pressed step 2 
[10:48:22.133] [INFO   ] KP step 1computer-0
[10:48:22.133] [INFO   ] KP step 10computer-0
[10:48:22.133] [INFO   ] AI key pressed step 3, random slot: 2
[10:48:22.133] [INFO   ] creat AI step 8 
[10:48:22.133] [INFO   ] creat AI step 9 
[10:48:22.133] [INFO   ] thread Thread-0 wake up because is checked.
[10:48:22.133] [INFO   ] thread Thread-0 while is not checked.
[10:48:22.131] [INFO   ] thread Thread-1 wake up because is checked.
[10:48:22.133] [INFO   ] creat AI step 10 
[10:48:22.134] [INFO   ] creat AI step 11 
[10:48:22.134] [INFO   ] creat AI step 3 
[10:48:22.134] [INFO   ] creat AI step 7 
[10:48:22.134] [INFO   ] AI key pressed step 1 
[10:48:22.134] [INFO   ] AI key pressed step 2 
[10:48:22.134] [INFO   ] KP step 1computer-0
[10:48:22.134] [INFO   ] KP step 10computer-0
[10:48:22.134] [INFO   ] AI key pressed step 3, random slot: 0
[10:48:22.134] [INFO   ] creat AI step 8 
[10:48:22.134] [INFO   ] creat AI step 9 
[10:48:22.134] [INFO   ] thread Thread-1 while is not checked.
[10:48:22.134] [INFO   ] thread Thread-0 wake up because is checked.
[10:48:22.134] [INFO   ] thread Thread-0 while is not checked.
[10:48:22.134] [INFO   ] creat AI step 10 
[10:48:22.134] [INFO   ] creat AI step 10 
[10:48:22.136] [INFO   ] creat AI step 11 
[10:48:22.136] [INFO   ] creat AI step 3 
[10:48:22.136] [INFO   ] creat AI step 11 
[10:48:22.136] [INFO   ] creat AI step 3 
[10:48:22.136] [INFO   ] creat AI step 7 
[10:48:22.136] [INFO   ] AI key pressed step 1 
[10:48:22.136] [INFO   ] creat AI step 7 
[10:48:22.136] [INFO   ] AI key pressed step 1 
[10:48:22.136] [INFO   ] AI key pressed step 2 
[10:48:22.136] [INFO   ] AI key pressed step 2 
[10:48:22.137] [INFO   ] KP step 1computer-0
[10:48:22.137] [INFO   ] KP step 10computer-0
[10:48:22.137] [INFO   ] KP step 1computer-1
[10:48:22.137] [INFO   ] AI key pressed step 3, random slot: 10
[10:48:22.137] [INFO   ] creat AI step 8 
[10:48:22.137] [INFO   ] creat AI step 9 
[10:48:22.137] [INFO   ] KP step 10computer-1
[10:48:22.137] [INFO   ] thread Thread-0 wake up because is checked.
[10:48:22.137] [INFO   ] AI key pressed step 3, random slot: 6
[10:48:22.137] [INFO   ] creat AI step 8 
[10:48:22.137] [INFO   ] creat AI step 9 
[10:48:22.137] [INFO   ] thread Thread-0 while is not checked.
[10:48:22.137] [INFO   ] thread Thread-1 wake up because is checked.
[10:48:22.137] [INFO   ] thread Thread-1 while is not checked.
[10:48:22.137] [INFO   ] creat AI step 10 
[10:48:22.137] [INFO   ] creat AI step 11 
[10:48:22.137] [INFO   ] creat AI step 3 
[10:48:22.137] [INFO   ] creat AI step 7 
[10:48:22.137] [INFO   ] AI key pressed step 1 
[10:48:22.137] [INFO   ] creat AI step 10 
[10:48:22.137] [INFO   ] creat AI step 11 
[10:48:22.137] [INFO   ] creat AI step 3 
[10:48:22.137] [INFO   ] AI key pressed step 2 
[10:48:22.138] [INFO   ] KP step 1computer-0
[10:48:22.138] [INFO   ] creat AI step 7 
[10:48:22.138] [INFO   ] KP step 10computer-0
[10:48:22.138] [INFO   ] AI key pressed step 1 
[10:48:22.138] [INFO   ] AI key pressed step 3, random slot: 10
[10:48:22.139] [INFO   ] AI key pressed step 2 
[10:48:22.139] [INFO   ] KP step 1computer-1
[10:48:22.139] [INFO   ] creat AI step 8 
[10:48:22.139] [INFO   ] creat AI step 9 
[10:48:22.139] [INFO   ] KP step 10computer-1
[10:48:22.139] [INFO   ] thread Thread-0 wake up because is checked.
[10:48:22.139] [INFO   ] AI key pressed step 3, random slot: 11
[10:48:22.139] [INFO   ] creat AI step 8 
[10:48:22.139] [INFO   ] creat AI step 9 
[10:48:22.139] [INFO   ] thread Thread-1 wake up because is checked.
[10:48:22.139] [INFO   ] thread Thread-0 while is not checked.
[10:48:22.139] [INFO   ] thread Thread-1 while is not checked.
[10:48:22.139] [INFO   ] creat AI step 10 
[10:48:22.139] [INFO   ] creat AI step 10 
[10:48:22.139] [INFO   ] creat AI step 11 
[10:48:22.140] [INFO   ] creat AI step 3 
[10:48:22.140] [INFO   ] creat AI step 7 
[10:48:22.140] [INFO   ] AI key pressed step 1 
[10:48:22.139] [INFO   ] creat AI step 11 
[10:48:22.140] [INFO   ] creat AI step 3 
[10:48:22.140] [INFO   ] AI key pressed step 2 
[10:48:22.140] [INFO   ] creat AI step 7 
[10:48:22.140] [INFO   ] KP step 1computer-0
[10:48:22.140] [INFO   ] AI key pressed step 1 
[10:48:22.140] [INFO   ] KP step 10computer-0
[10:48:22.140] [INFO   ] AI key pressed step 3, random slot: 1
[10:48:22.140] [INFO   ] creat AI step 8 
[10:48:22.140] [INFO   ] creat AI step 9 
[10:48:22.140] [INFO   ] AI key pressed step 2 
[10:48:22.140] [INFO   ] thread Thread-0 wake up because is checked.
[10:48:22.141] [INFO   ] KP step 1computer-1
[10:48:22.141] [INFO   ] KP step 10computer-1
[10:48:22.141] [INFO   ] AI key pressed step 3, random slot: 7
[10:48:22.141] [INFO   ] creat AI step 8 
[10:48:22.141] [INFO   ] creat AI step 9 
[10:48:22.141] [INFO   ] thread Thread-1 wake up because is checked.
[10:48:22.141] [INFO   ] thread Thread-1 while is not checked.
[10:48:22.141] [INFO   ] creat AI step 10 
[10:48:22.141] [INFO   ] creat AI step 11 
[10:48:22.141] [INFO   ] creat AI step 3 
[10:48:22.141] [INFO   ] creat AI step 7 
[10:48:22.141] [INFO   ] thread Thread-0 while is not checked.
[10:48:22.141] [INFO   ] AI key pressed step 1 
[10:48:22.142] [INFO   ] AI key pressed step 2 
[10:48:22.142] [INFO   ] KP step 1computer-1
[10:48:22.142] [INFO   ] KP step 10computer-1
[10:48:22.142] [INFO   ] AI key pressed step 3, random slot: 4
[10:48:22.142] [INFO   ] creat AI step 8 
[10:48:22.142] [INFO   ] creat AI step 9 
[10:48:22.142] [INFO   ] thread Thread-1 wake up because is checked.
[10:48:22.142] [INFO   ] thread Thread-1 while is not checked.
[10:48:22.143] [INFO   ] creat AI step 10 
[10:48:22.143] [INFO   ] creat AI step 11 
[10:48:22.143] [INFO   ] creat AI step 3 
[10:48:22.143] [INFO   ] creat AI step 7 
[10:48:22.143] [INFO   ] AI key pressed step 1 
[10:48:22.143] [INFO   ] AI key pressed step 2 
[10:48:22.143] [INFO   ] KP step 1computer-1
[10:48:22.143] [INFO   ] KP step 10computer-1
[10:48:22.143] [INFO   ] AI key pressed step 3, random slot: 7
[10:48:22.143] [INFO   ] creat AI step 8 
[10:48:22.143] [INFO   ] creat AI step 9 
[10:48:22.143] [INFO   ] thread Thread-1 wake up because is checked.
[10:48:22.143] [INFO   ] thread Thread-1 while is not checked.
[10:48:22.143] [INFO   ] creat AI step 10 
[10:48:22.143] [INFO   ] creat AI step 11 
[10:48:22.143] [INFO   ] creat AI step 3 
[10:48:22.143] [INFO   ] creat AI step 7 
[10:48:22.143] [INFO   ] AI key pressed step 1 
[10:48:22.144] [INFO   ] AI key pressed step 2 
[10:48:22.144] [INFO   ] KP step 1computer-1
[10:48:22.144] [INFO   ] KP step 10computer-1
[10:48:22.144] [INFO   ] AI key pressed step 3, random slot: 1
[10:48:22.144] [INFO   ] creat AI step 8 
[10:48:22.144] [INFO   ] creat AI step 9 
[10:48:22.144] [INFO   ] thread Thread-1 wake up because is checked.
[10:48:22.144] [INFO   ] thread Thread-1 while is not checked.
[10:48:22.144] [INFO   ] creat AI step 10 
[10:48:22.144] [INFO   ] creat AI step 11 
[10:48:22.144] [INFO   ] creat AI step 3 
[10:48:22.144] [INFO   ] creat AI step 7 
[10:48:22.144] [INFO   ] AI key pressed step 1 
[10:48:22.144] [INFO   ] AI key pressed step 2 
[10:48:22.144] [INFO   ] KP step 1computer-1
[10:48:22.144] [INFO   ] KP step 10computer-1
[10:48:22.144] [INFO   ] AI key pressed step 3, random slot: 8
[10:48:22.144] [INFO   ] creat AI step 8 
[10:48:22.144] [INFO   ] creat AI step 9 
[10:48:22.144] [INFO   ] thread Thread-1 wake up because is checked.
[10:48:22.144] [INFO   ] thread Thread-1 while is not checked.
[10:48:22.144] [INFO   ] creat AI step 10 
[10:48:22.144] [INFO   ] creat AI step 11 
[10:48:22.144] [INFO   ] creat AI step 3 
[10:48:22.144] [INFO   ] creat AI step 7 
[10:48:22.144] [INFO   ] AI key pressed step 1 
[10:48:22.141] [INFO   ] creat AI step 10 
[10:48:22.144] [INFO   ] creat AI step 11 
[10:48:22.144] [INFO   ] creat AI step 3 
[10:48:22.146] [INFO   ] creat AI step 7 
[10:48:22.146] [INFO   ] AI key pressed step 1 
[10:48:22.146] [INFO   ] AI key pressed step 2 
[10:48:22.146] [INFO   ] KP step 1computer-0
[10:48:22.146] [INFO   ] KP step 10computer-0
[10:48:22.146] [INFO   ] AI key pressed step 2 
[10:48:22.146] [INFO   ] KP step 1computer-1
[10:48:22.146] [INFO   ] KP step 10computer-1
[10:48:22.146] [INFO   ] AI key pressed step 3, random slot: 10
[10:48:22.146] [INFO   ] creat AI step 8 
[10:48:22.146] [INFO   ] creat AI step 9 
[10:48:22.146] [INFO   ] thread Thread-1 wake up because is checked.
[10:48:22.146] [INFO   ] thread Thread-1 while is not checked.
[10:48:22.146] [INFO   ] creat AI step 10 
[10:48:22.146] [INFO   ] creat AI step 11 
[10:48:22.146] [INFO   ] creat AI step 3 
[10:48:22.146] [INFO   ] creat AI step 4 
[10:48:22.146] [INFO   ] creat AI step 5 
[10:48:22.146] [INFO   ] AI key pressed step 3, random slot: 0
[10:48:22.146] [INFO   ] place card step 0 
[10:48:22.146] [INFO   ] creat AI step 8 
[10:48:22.146] [INFO   ] creat AI step 9 
[10:48:22.147] [INFO   ] thread Thread-0 wake up because is checked.
[10:48:22.147] [INFO   ] thread Thread-0 while is not checked.
[10:48:22.147] [INFO   ] place card step 1 
[10:48:22.147] [INFO   ] creat AI step 10 
[10:48:22.147] [INFO   ] creat AI step 11 
[10:48:22.147] [INFO   ] creat AI step 3 
[10:48:22.147] [INFO   ] creat AI step 4 
[10:48:22.147] [INFO   ] creat AI step 5 
[10:48:22.256] [SEVERE ] placing card 27 in slot 0
[10:48:22.364] [SEVERE ] placing card 22 in slot 1
[10:48:22.474] [SEVERE ] placing card 39 in slot 2
[10:48:22.585] [SEVERE ] placing card 19 in slot 3
[10:48:22.693] [SEVERE ] placing card 12 in slot 4
[10:48:22.803] [SEVERE ] placing card 10 in slot 5
[10:48:22.912] [SEVERE ] placing card 17 in slot 6
[10:48:23.020] [SEVERE ] placing card 46 in slot 7
[10:48:23.128] [SEVERE ] placing card 44 in slot 8
[10:48:23.237] [SEVERE ] placing card 52 in slot 9
[10:48:23.346] [SEVERE ] placing card 65 in slot 10
[10:48:23.455] [SEVERE ] placing card 41 in slot 11
[10:48:23.455] [INFO   ] place card step 2 
[10:48:23.455] [INFO   ] place card step 3 
[10:48:23.466] [INFO   ] place card step 5 
[10:48:23.466] [INFO   ] place card step 6 
[10:48:23.466] [INFO   ] place card step 7 
[10:48:23.466] [INFO   ] place card step 8 
[10:48:23.466] [INFO   ] creat AI step 6 
[10:48:23.466] [INFO   ] creat AI step 7 
[10:48:23.468] [INFO   ] AI key pressed step 1 
[10:48:23.466] [INFO   ] creat AI step 6 
[10:48:23.468] [INFO   ] creat AI step 7 
[10:48:23.468] [INFO   ] AI key pressed step 1 
[10:48:23.468] [INFO   ] AI key pressed step 2 
[10:48:23.468] [INFO   ] AI key pressed step 2 
[10:48:23.468] [INFO   ] KP step 1computer-1
[10:48:23.468] [INFO   ] KP step 2computer-1
[10:48:23.468] [INFO   ] KP step 4computer-1
[10:48:23.468] [INFO   ] KP step 1computer-0
[10:48:23.468] [INFO   ] KP step 5computer-1
[10:48:23.469] [INFO   ] KP step 2computer-0
[10:48:23.469] [INFO   ] KP step 4computer-0
[10:48:23.469] [SEVERE ] player 2 placing token on slot 10
[10:48:23.469] [INFO   ] KP step 5computer-0
[10:48:23.469] [SEVERE ] player 1 placing token on slot 7
[10:48:23.469] [INFO   ] KP step 6computer-0
[10:48:23.469] [INFO   ] KP step 6computer-1
[10:48:23.469] [INFO   ] KP step 7computer-1
[10:48:23.469] [INFO   ] KP step 8computer-1
[10:48:23.469] [INFO   ] KP step 7computer-0
[10:48:23.470] [INFO   ] KP step 8computer-0
[10:48:23.470] [INFO   ] KP step 10computer-1
[10:48:23.470] [INFO   ] KP step 10computer-0
[10:48:23.470] [INFO   ] AI key pressed step 3, random slot: 7
[10:48:23.470] [INFO   ] creat AI step 8 
[10:48:23.470] [INFO   ] creat AI step 9 
[10:48:23.470] [INFO   ] AI key pressed step 3, random slot: 10
[10:48:23.470] [INFO   ] thread Thread-0 wake up because is checked.
[10:48:23.470] [INFO   ] thread Thread-0 while is not checked.
[10:48:23.470] [INFO   ] creat AI step 8 
[10:48:23.471] [INFO   ] creat AI step 10 
[10:48:23.471] [INFO   ] creat AI step 11 
[10:48:23.471] [INFO   ] creat AI step 3 
[10:48:23.471] [INFO   ] creat AI step 7 
[10:48:23.471] [INFO   ] AI key pressed step 1 
[10:48:23.471] [INFO   ] creat AI step 9 
[10:48:23.471] [INFO   ] AI key pressed step 2 
[10:48:23.471] [INFO   ] thread Thread-1 wake up because is checked.
[10:48:23.472] [INFO   ] thread Thread-1 while is not checked.
[10:48:23.472] [INFO   ] creat AI step 10 
[10:48:23.472] [INFO   ] creat AI step 11 
[10:48:23.472] [INFO   ] creat AI step 3 
[10:48:23.472] [INFO   ] creat AI step 7 
[10:48:23.472] [INFO   ] AI key pressed step 1 
[10:48:23.471] [INFO   ] KP step 1computer-0
[10:48:23.472] [INFO   ] AI key pressed step 2 
[10:48:23.472] [INFO   ] KP step 2computer-0
[10:48:23.472] [INFO   ] KP step 1computer-1
[10:48:23.472] [INFO   ] KP step 2computer-1
[10:48:23.472] [INFO   ] KP step 4computer-1
[10:48:23.472] [INFO   ] KP step 5computer-1
[10:48:23.473] [SEVERE ] player 2 placing token on slot 3
[10:48:23.473] [INFO   ] KP step 6computer-1
[10:48:23.473] [INFO   ] KP step 7computer-1
[10:48:23.473] [INFO   ] KP step 8computer-1
[10:48:23.473] [INFO   ] KP step 10computer-1
[10:48:23.472] [INFO   ] KP step 4computer-0
[10:48:23.473] [INFO   ] AI key pressed step 3, random slot: 3
[10:48:23.473] [INFO   ] creat AI step 8 
[10:48:23.473] [INFO   ] KP step 5computer-0
[10:48:23.473] [INFO   ] creat AI step 9 
[10:48:23.474] [INFO   ] thread Thread-1 wake up because is checked.
[10:48:23.474] [INFO   ] thread Thread-1 while is not checked.
[10:48:23.474] [INFO   ] creat AI step 10 
[10:48:23.474] [INFO   ] creat AI step 11 
[10:48:23.474] [INFO   ] creat AI step 3 
[10:48:23.474] [INFO   ] creat AI step 7 
[10:48:23.474] [INFO   ] AI key pressed step 1 
[10:48:23.474] [INFO   ] AI key pressed step 2 
[10:48:23.474] [INFO   ] KP step 1computer-1
[10:48:23.473] [SEVERE ] player 1 placing token on slot 10
[10:48:23.474] [INFO   ] KP step 2computer-1
[10:48:23.475] [INFO   ] KP step 6computer-0
[10:48:23.475] [INFO   ] KP step 7computer-0
[10:48:23.475] [INFO   ] KP step 4computer-1
[10:48:23.475] [INFO   ] KP step 8computer-0
[10:48:23.475] [INFO   ] KP step 10computer-0
[10:48:23.475] [INFO   ] AI key pressed step 3, random slot: 10
[10:48:23.475] [INFO   ] creat AI step 8 
[10:48:23.475] [INFO   ] creat AI step 9 
[10:48:23.475] [INFO   ] thread Thread-0 wake up because is checked.
[10:48:23.475] [INFO   ] thread Thread-0 while is not checked.
[10:48:23.475] [INFO   ] KP step 5computer-1
[10:48:23.475] [INFO   ] creat AI step 10 
[10:48:23.475] [SEVERE ] player 2 placing token on slot 0
[10:48:23.476] [INFO   ] creat AI step 11 
[10:48:23.476] [INFO   ] creat AI step 3 
[10:48:23.476] [INFO   ] creat AI step 7 
[10:48:23.476] [INFO   ] AI key pressed step 1 
[10:48:23.476] [INFO   ] KP step 6computer-1
[10:48:23.476] [INFO   ] AI key pressed step 2 
[10:48:23.476] [INFO   ] KP step 1computer-0
[10:48:23.476] [INFO   ] KP step 2computer-0
[10:48:23.476] [INFO   ] KP step 7computer-1
[10:48:23.476] [INFO   ] KP step 4computer-0
[10:48:23.476] [INFO   ] KP step 8computer-1
[10:48:23.476] [INFO   ] KP step 5computer-0
[10:48:23.476] [INFO   ] KP step 9computer-1
[10:48:23.476] [SEVERE ] player 1 placing token on slot 0
[10:48:23.476] [INFO   ] KP step 6computer-0
[10:48:23.477] [INFO   ] KP step 7computer-0
[10:48:23.477] [INFO   ] KP step 8computer-0
[10:48:23.477] [INFO   ] KP step 9computer-0
[10:48:24.467] [SEVERE ] updating countdown to 57447
[10:48:24.467] [INFO   ] thread dealer start remove cards.
[10:48:24.904] [INFO   ] place card step 0 
[10:48:24.904] [INFO   ] place card step 1 
[10:48:24.904] [INFO   ] place card step 2 
[10:48:24.904] [INFO   ] place card step 3 
[10:48:24.906] [INFO   ] place card step 5 
[10:48:24.906] [INFO   ] place card step 6 
[10:48:24.906] [INFO   ] place card step 7 
[10:48:24.906] [INFO   ] place card step 8 
[10:48:25.917] [SEVERE ] updating countdown to 55997
[10:48:25.917] [INFO   ] thread dealer start remove cards.
[10:48:26.354] [INFO   ] place card step 0 
[10:48:26.354] [INFO   ] place card step 1 
[10:48:26.354] [INFO   ] place card step 2 
[10:48:26.354] [INFO   ] place card step 3 
[10:48:26.358] [INFO   ] place card step 5 
[10:48:26.358] [INFO   ] place card step 6 
[10:48:26.358] [INFO   ] place card step 7 
[10:48:26.359] [INFO   ] place card step 8 
[10:48:27.369] [SEVERE ] updating countdown to 54545
[10:48:27.369] [INFO   ] thread dealer start remove cards.
[10:48:27.805] [INFO   ] place card step 0 
[10:48:27.805] [INFO   ] place card step 1 
[10:48:27.805] [INFO   ] place card step 2 
[10:48:27.805] [INFO   ] place card step 3 
[10:48:27.808] [INFO   ] place card step 5 
[10:48:27.808] [INFO   ] place card step 6 
[10:48:27.808] [INFO   ] place card step 7 
[10:48:27.808] [INFO   ] place card step 8 
[10:48:28.808] [SEVERE ] updating countdown to 53106
[10:48:28.808] [INFO   ] thread dealer start remove cards.
[10:48:29.241] [INFO   ] place card step 0 
[10:48:29.242] [INFO   ] place card step 1 
[10:48:29.242] [INFO   ] place card step 2 
[10:48:29.243] [INFO   ] place card step 3 
[10:48:29.245] [INFO   ] place card step 5 
[10:48:29.245] [INFO   ] place card step 6 
[10:48:29.245] [INFO   ] place card step 7 
[10:48:29.245] [INFO   ] place card step 8 
[10:48:29.309] [SEVERE ] exit button pressed
[10:48:30.254] [SEVERE ] updating countdown to 51660
[10:48:30.256] [INFO   ] thread dealer start remove cards.
[10:48:30.687] [INFO   ] place card step 0 
[10:48:30.687] [INFO   ] place card step 1 
[10:48:30.687] [INFO   ] place card step 2 
[10:48:30.687] [INFO   ] place card step 3 
[10:48:30.687] [INFO   ] place card step 5 
[10:48:30.687] [INFO   ] place card step 6 
[10:48:30.687] [INFO   ] place card step 7 
[10:48:30.687] [INFO   ] place card step 8 
