[22:20:06.586] [INFO   ] thread main starting.
[22:20:06.596] [SEVERE ] cannot read configuration file config.properties trying from resources.
[22:20:06.599] [SEVERE ] configuration file was loaded from resources directory.
[22:20:07.170] [INFO   ] thread dealer starting.
[22:20:07.173] [INFO   ] thread dealer starting.
[22:20:07.184] [INFO   ] thread Thread-0 starting.
[22:20:07.195] [INFO   ] thread computer-0 starting.
[22:20:07.202] [INFO   ] thread Thread-1 starting.
[22:20:07.208] [INFO   ] thread computer-1 starting.
[22:20:07.210] [INFO   ] thread Thread-2 starting.
[22:20:07.211] [INFO   ] thread computer-2 starting.
[22:20:07.214] [INFO   ] thread Thread-3 starting.
[22:20:07.215] [INFO   ] thread computer-3 starting.
[22:20:07.215] [SEVERE ] updating countdown to 10000
[22:20:07.222] [INFO   ] thread dealer run step 1.
[22:20:07.731] [SEVERE ] placing card 56 in slot 0
[22:20:07.841] [SEVERE ] placing card 72 in slot 1
[22:20:07.952] [SEVERE ] placing card 68 in slot 2
[22:20:08.060] [SEVERE ] placing card 58 in slot 3
[22:20:08.167] [SEVERE ] placing card 66 in slot 4
[22:20:08.278] [SEVERE ] placing card 79 in slot 5
[22:20:08.388] [SEVERE ] placing card 61 in slot 6
[22:20:08.496] [SEVERE ] placing card 16 in slot 7
[22:20:08.607] [SEVERE ] placing card 46 in slot 8
[22:20:08.717] [SEVERE ] placing card 51 in slot 9
[22:20:08.828] [SEVERE ] placing card 12 in slot 10
[22:20:08.936] [SEVERE ] placing card 38 in slot 11
[22:20:08.937] [INFO   ] thread dealer step 1.
[22:20:08.937] [SEVERE ] updating countdown to 8280
[22:20:08.937] [INFO   ] thread dealer step 2.
[22:20:08.938] [INFO   ] thread dealer step 2.
[22:20:08.938] [INFO   ] thread dealer step 2.
[22:20:08.938] [INFO   ] thread dealer step 2.
[22:20:08.939] [INFO   ] thread dealer step 2.
[22:20:08.939] [INFO   ] thread dealer step 2.
[22:20:08.939] [INFO   ] thread dealer step 2.
[22:20:08.939] [INFO   ] thread dealer step 2.
[22:20:08.940] [INFO   ] thread dealer step 2.
[22:20:08.940] [INFO   ] thread dealer step 2.
[22:20:08.940] [INFO   ] thread dealer step 2.
[22:20:08.940] [INFO   ] thread dealer step 2.
[22:20:08.941] [INFO   ] thread dealer step 3.
[22:20:08.941] [SEVERE ] updating countdown to 8276
[22:20:08.947] [INFO   ] thread dealer step 4.
[22:20:08.948] [INFO   ] thread dealer step 10.
[22:20:08.948] [INFO   ] thread dealer step 11.
[22:20:08.948] [INFO   ] thread dealer step 12.
[22:20:08.948] [INFO   ] thread dealer run step 2.
[22:20:08.949] [INFO   ] thread dealer timer loop 1.
[22:20:09.310] [SEVERE ] player 4 placing token on slot 10
[22:20:09.310] [SEVERE ] player 2 placing token on slot 2
[22:20:09.310] [SEVERE ] player 3 placing token on slot 10
[22:20:09.310] [SEVERE ] player 1 placing token on slot 3
[22:20:09.662] [SEVERE ] removing player 4 token from slot 10
[22:20:09.672] [SEVERE ] player 2 placing token on slot 11
[22:20:09.672] [SEVERE ] player 1 placing token on slot 5
[22:20:09.672] [SEVERE ] player 3 placing token on slot 2
[22:20:09.952] [INFO   ] thread dealer timer loop 2.
[22:20:09.952] [SEVERE ] updating countdown to 7265
[22:20:09.953] [INFO   ] thread dealer timer loop 3.
[22:20:10.015] [SEVERE ] player 4 placing token on slot 0
[22:20:10.031] [SEVERE ] player 3 placing token on slot 6
[22:20:10.031] [SEVERE ] player 2 placing token on slot 8
[22:20:10.031] [SEVERE ] player 1 placing token on slot 10
[22:20:10.372] [SEVERE ] player 4 placing token on slot 2
[22:20:10.388] [INFO   ] thread dealer rm 1.
[22:20:10.389] [INFO   ] thread dealer rm 2.
[22:20:10.389] [INFO   ] remove  in the table step 1
[22:20:10.389] [INFO   ] remove  in the table step 2
[22:20:10.389] [INFO   ] thread dealer rm 3.
[22:20:10.390] [INFO   ] thread dealer rm 5.
[22:20:10.390] [INFO   ] thread dealer rm 6.slotQueue.size3queueCounter3
[22:20:10.390] [SEVERE ] updating countdown to 6827
[22:20:10.390] [INFO   ] thread dealer rm 7.
[22:20:10.391] [INFO   ] thread dealer rm 8.
[22:20:10.391] [SEVERE ] removing player 3 token from slot 10
[22:20:10.391] [SEVERE ] updating countdown to 6826
[22:20:10.391] [INFO   ] thread dealer rm 9.
[22:20:10.392] [INFO   ] thread dealer rm 6.slotQueue.size2queueCounter3
[22:20:10.392] [SEVERE ] updating countdown to 6825
[22:20:10.392] [INFO   ] thread dealer rm 7.
[22:20:10.392] [INFO   ] thread dealer rm 8.
[22:20:10.393] [SEVERE ] removing player 3 token from slot 2
[22:20:10.393] [SEVERE ] updating countdown to 6824
[22:20:10.393] [INFO   ] thread dealer rm 9.
[22:20:10.393] [INFO   ] thread dealer rm 17.
[22:20:10.394] [INFO   ] thread dealer rm 18.
[22:20:10.394] [INFO   ] thread dealerrm 19 .
[22:20:10.394] [INFO   ] thread dealer rm 20.
[22:20:10.394] [SEVERE ] updating countdown to 6823
[22:20:10.394] [INFO   ] thread dealer rm 22.
[22:20:10.395] [INFO   ] thread dealer rm 23.
[22:20:10.395] [INFO   ] thread dealer rm 2.
[22:20:10.395] [INFO   ] thread Thread-2 player was notified by dealer.
[22:20:10.395] [INFO   ] remove  in the table step 1
[22:20:10.395] [INFO   ] remove  in the table step 2
[22:20:10.396] [INFO   ] thread dealer rm 3.
[22:20:10.395] [INFO   ] penalty
[22:20:10.396] [SEVERE ] setting player 3 freeze to 0
[22:20:10.396] [INFO   ] thread dealer rm 5.
[22:20:10.397] [INFO   ] thread dealer rm 6.slotQueue.size3queueCounter3
[22:20:10.397] [SEVERE ] updating countdown to 6820
[22:20:10.397] [INFO   ] thread dealer rm 7.
[22:20:10.397] [INFO   ] thread dealer rm 8.
[22:20:10.397] [SEVERE ] removing player 2 token from slot 2
[22:20:10.398] [SEVERE ] updating countdown to 6820
[22:20:10.398] [INFO   ] thread dealer rm 9.
[22:20:10.398] [INFO   ] thread dealer rm 6.slotQueue.size2queueCounter3
[22:20:10.398] [SEVERE ] updating countdown to 6819
[22:20:10.398] [INFO   ] thread dealer rm 7.
[22:20:10.399] [INFO   ] thread dealer rm 8.
[22:20:10.399] [SEVERE ] removing player 2 token from slot 11
[22:20:10.399] [SEVERE ] updating countdown to 6818
[22:20:10.399] [INFO   ] thread dealer rm 9.
[22:20:10.399] [INFO   ] thread dealer rm 17.
[22:20:10.399] [INFO   ] thread dealer rm 18.
[22:20:10.399] [INFO   ] thread dealerrm 19 .
[22:20:10.399] [INFO   ] thread dealer rm 20.
[22:20:10.399] [SEVERE ] updating countdown to 6818
[22:20:10.400] [INFO   ] thread dealer rm 22.
[22:20:10.400] [INFO   ] thread dealer rm 23.
[22:20:10.400] [INFO   ] thread dealer rm 2.
[22:20:10.400] [INFO   ] remove  in the table step 1
[22:20:10.400] [INFO   ] thread Thread-1 player was notified by dealer.
[22:20:10.400] [INFO   ] penalty
[22:20:10.400] [SEVERE ] setting player 2 freeze to 0
[22:20:10.400] [INFO   ] remove  in the table step 2
[22:20:10.401] [INFO   ] thread dealer rm 3.
[22:20:10.401] [INFO   ] thread dealer rm 5.
[22:20:10.401] [INFO   ] thread dealer rm 6.slotQueue.size3queueCounter3
[22:20:10.401] [SEVERE ] updating countdown to 6816
[22:20:10.401] [INFO   ] thread dealer rm 7.
[22:20:10.401] [INFO   ] thread dealer rm 8.
[22:20:10.401] [SEVERE ] removing player 1 token from slot 3
[22:20:10.402] [SEVERE ] updating countdown to 6815
[22:20:10.402] [INFO   ] thread dealer rm 9.
[22:20:10.402] [INFO   ] thread dealer rm 6.slotQueue.size2queueCounter3
[22:20:10.402] [SEVERE ] updating countdown to 6815
[22:20:10.402] [INFO   ] thread dealer rm 7.
[22:20:10.402] [INFO   ] thread dealer rm 8.
[22:20:10.402] [SEVERE ] removing player 1 token from slot 5
[22:20:10.402] [SEVERE ] updating countdown to 6815
[22:20:10.402] [INFO   ] thread dealer rm 9.
[22:20:10.402] [INFO   ] thread dealer rm 17.
[22:20:10.402] [INFO   ] thread dealer rm 18.
[22:20:10.403] [INFO   ] thread dealerrm 19 .
[22:20:10.403] [INFO   ] thread dealer rm 20.
[22:20:10.403] [SEVERE ] updating countdown to 6814
[22:20:10.403] [INFO   ] thread dealer rm 22.
[22:20:10.403] [INFO   ] thread dealer rm 23.
[22:20:10.403] [INFO   ] thread dealer timer loop 4.
[22:20:10.403] [INFO   ] thread Thread-0 player was notified by dealer.
[22:20:10.403] [INFO   ] penalty
[22:20:10.403] [SEVERE ] setting player 1 freeze to 0
[22:20:10.733] [SEVERE ] player 4 placing token on slot 1
[22:20:10.749] [SEVERE ] player 3 placing token on slot 9
[22:20:10.764] [SEVERE ] player 2 placing token on slot 4
[22:20:10.764] [SEVERE ] player 1 placing token on slot 8
[22:20:10.843] [INFO   ] thread dealer step 1.
[22:20:10.843] [SEVERE ] updating countdown to 6374
[22:20:10.843] [INFO   ] thread dealer step 2.
[22:20:10.843] [INFO   ] thread dealer step 2.
[22:20:10.843] [INFO   ] thread dealer step 2.
[22:20:10.843] [INFO   ] thread dealer step 2.
[22:20:10.843] [INFO   ] thread dealer step 2.
[22:20:10.843] [INFO   ] thread dealer step 2.
[22:20:10.843] [INFO   ] thread dealer step 2.
[22:20:10.843] [INFO   ] thread dealer step 2.
[22:20:10.843] [INFO   ] thread dealer step 2.
[22:20:10.843] [INFO   ] thread dealer step 2.
[22:20:10.843] [INFO   ] thread dealer step 2.
[22:20:10.844] [INFO   ] thread dealer step 2.
[22:20:10.844] [INFO   ] thread dealer step 3.
[22:20:10.844] [SEVERE ] updating countdown to 6373
[22:20:10.846] [INFO   ] thread dealer step 4.
[22:20:10.846] [INFO   ] thread dealer step 10.
[22:20:10.846] [INFO   ] thread dealer step 11.
[22:20:10.846] [INFO   ] thread dealer step 12.
[22:20:10.846] [INFO   ] thread dealer timer loop 5.
[22:20:10.846] [INFO   ] thread dealer timer loop 1.
[22:20:10.846] [INFO   ] thread dealer timer loop 2.
[22:20:10.846] [SEVERE ] updating countdown to 6371
[22:20:10.846] [INFO   ] thread dealer timer loop 3.
[22:20:11.109] [SEVERE ] player 3 placing token on slot 9
[22:20:11.125] [SEVERE ] player 1 placing token on slot 9
[22:20:11.125] [SEVERE ] removing player 2 token from slot 8
[22:20:11.280] [INFO   ] thread dealer rm 1.
[22:20:11.280] [INFO   ] thread dealer rm 2.
[22:20:11.280] [INFO   ] remove  in the table step 1
[22:20:11.280] [INFO   ] remove  in the table step 2
[22:20:11.280] [INFO   ] thread dealer rm 3.
[22:20:11.280] [INFO   ] thread dealer rm 5.
[22:20:11.281] [INFO   ] thread dealer rm 6.slotQueue.size3queueCounter3
[22:20:11.281] [SEVERE ] updating countdown to 5936
[22:20:11.281] [INFO   ] thread dealer rm 7.
[22:20:11.281] [INFO   ] thread dealer rm 8.
[22:20:11.282] [SEVERE ] removing player 4 token from slot 0
[22:20:11.282] [SEVERE ] updating countdown to 5935
[22:20:11.282] [INFO   ] thread dealer rm 9.
[22:20:11.282] [INFO   ] thread dealer rm 6.slotQueue.size2queueCounter3
[22:20:11.282] [SEVERE ] updating countdown to 5935
[22:20:11.282] [INFO   ] thread dealer rm 7.
[22:20:11.282] [INFO   ] thread dealer rm 8.
[22:20:11.282] [SEVERE ] removing player 4 token from slot 2
[22:20:11.282] [SEVERE ] updating countdown to 5935
[22:20:11.282] [INFO   ] thread dealer rm 9.
[22:20:11.282] [INFO   ] thread dealer rm 17.
[22:20:11.282] [INFO   ] thread dealer rm 18.
[22:20:11.282] [INFO   ] thread dealerrm 19 .
[22:20:11.283] [INFO   ] thread dealer rm 20.
[22:20:11.283] [SEVERE ] updating countdown to 5934
[22:20:11.283] [INFO   ] thread dealer rm 22.
[22:20:11.283] [INFO   ] thread dealer rm 23.
[22:20:11.283] [INFO   ] thread dealer timer loop 4.
[22:20:11.283] [INFO   ] thread Thread-3 player was notified by dealer.
[22:20:11.283] [INFO   ] penalty
[22:20:11.283] [SEVERE ] setting player 4 freeze to 0
[22:20:11.470] [SEVERE ] removing player 3 token from slot 6
[22:20:11.485] [SEVERE ] player 2 placing token on slot 2
[22:20:11.642] [SEVERE ] player 4 placing token on slot 10
[22:20:11.706] [INFO   ] thread dealer step 1.
[22:20:11.706] [SEVERE ] updating countdown to 5511
[22:20:11.706] [INFO   ] thread dealer step 2.
[22:20:11.706] [INFO   ] thread dealer step 2.
[22:20:11.706] [INFO   ] thread dealer step 2.
[22:20:11.706] [INFO   ] thread dealer step 2.
[22:20:11.706] [INFO   ] thread dealer step 2.
[22:20:11.706] [INFO   ] thread dealer step 2.
[22:20:11.706] [INFO   ] thread dealer step 2.
[22:20:11.706] [INFO   ] thread dealer step 2.
[22:20:11.706] [INFO   ] thread dealer step 2.
[22:20:11.706] [INFO   ] thread dealer step 2.
[22:20:11.707] [INFO   ] thread dealer step 2.
[22:20:11.707] [INFO   ] thread dealer step 2.
[22:20:11.707] [INFO   ] thread dealer step 3.
[22:20:11.707] [SEVERE ] updating countdown to 5510
[22:20:11.709] [INFO   ] thread dealer step 4.
[22:20:11.709] [INFO   ] thread dealer step 10.
[22:20:11.709] [INFO   ] thread dealer step 11.
[22:20:11.709] [INFO   ] thread dealer step 12.
[22:20:11.709] [INFO   ] thread dealer timer loop 5.
[22:20:11.709] [INFO   ] thread dealer timer loop 1.
[22:20:11.833] [SEVERE ] player 3 placing token on slot 7
[22:20:11.849] [SEVERE ] player 2 placing token on slot 3
[22:20:12.006] [SEVERE ] player 4 placing token on slot 10
[22:20:12.723] [INFO   ] thread dealer timer loop 2.
[22:20:12.726] [INFO   ] thread dealer timer loop 3.
[22:20:13.164] [INFO   ] thread dealer rm 1.
[22:20:13.164] [INFO   ] thread dealer timer loop 4.
[22:20:13.600] [INFO   ] thread dealer step 1.
[22:20:13.600] [INFO   ] thread dealer step 2.
[22:20:13.601] [INFO   ] thread dealer step 2.
[22:20:13.601] [INFO   ] thread dealer step 2.
[22:20:13.601] [INFO   ] thread dealer step 2.
[22:20:13.601] [INFO   ] thread dealer step 2.
[22:20:13.601] [INFO   ] thread dealer step 2.
[22:20:13.601] [INFO   ] thread dealer step 2.
[22:20:13.601] [INFO   ] thread dealer step 2.
[22:20:13.601] [INFO   ] thread dealer step 2.
[22:20:13.601] [INFO   ] thread dealer step 2.
[22:20:13.601] [INFO   ] thread dealer step 2.
[22:20:13.601] [INFO   ] thread dealer step 2.
[22:20:13.602] [INFO   ] thread dealer step 3.
[22:20:13.605] [INFO   ] thread dealer step 4.
[22:20:13.605] [INFO   ] thread dealer step 10.
[22:20:13.605] [INFO   ] thread dealer step 11.
[22:20:13.605] [INFO   ] thread dealer step 12.
[22:20:13.605] [INFO   ] thread dealer timer loop 5.
[22:20:13.605] [INFO   ] thread dealer timer loop 1.
[22:20:13.615] [INFO   ] thread dealer timer loop 2.
[22:20:13.615] [INFO   ] thread dealer timer loop 3.
[22:20:14.056] [INFO   ] thread dealer rm 1.
[22:20:14.056] [INFO   ] thread dealer timer loop 4.
[22:20:14.497] [INFO   ] thread dealer step 1.
[22:20:14.497] [INFO   ] thread dealer step 2.
[22:20:14.497] [INFO   ] thread dealer step 2.
[22:20:14.497] [INFO   ] thread dealer step 2.
[22:20:14.497] [INFO   ] thread dealer step 2.
[22:20:14.497] [INFO   ] thread dealer step 2.
[22:20:14.497] [INFO   ] thread dealer step 2.
[22:20:14.498] [INFO   ] thread dealer step 2.
[22:20:14.498] [INFO   ] thread dealer step 2.
[22:20:14.498] [INFO   ] thread dealer step 2.
[22:20:14.498] [INFO   ] thread dealer step 2.
[22:20:14.498] [INFO   ] thread dealer step 2.
[22:20:14.498] [INFO   ] thread dealer step 2.
[22:20:14.498] [INFO   ] thread dealer step 3.
[22:20:14.499] [INFO   ] thread dealer step 4.
[22:20:14.499] [INFO   ] thread dealer step 10.
[22:20:14.499] [INFO   ] thread dealer step 11.
[22:20:14.499] [INFO   ] thread dealer step 12.
[22:20:14.499] [INFO   ] thread dealer timer loop 5.
[22:20:14.499] [INFO   ] thread dealer timer loop 1.
[22:20:14.513] [INFO   ] thread dealer timer loop 2.
[22:20:14.513] [INFO   ] thread dealer timer loop 3.
[22:20:14.953] [INFO   ] thread dealer rm 1.
[22:20:14.953] [INFO   ] thread dealer timer loop 4.
[22:20:15.394] [INFO   ] thread dealer step 1.
[22:20:15.394] [INFO   ] thread dealer step 2.
[22:20:15.395] [INFO   ] thread dealer step 2.
[22:20:15.395] [INFO   ] thread dealer step 2.
[22:20:15.395] [INFO   ] thread dealer step 2.
[22:20:15.395] [INFO   ] thread dealer step 2.
[22:20:15.395] [INFO   ] thread dealer step 2.
[22:20:15.395] [INFO   ] thread dealer step 2.
[22:20:15.395] [INFO   ] thread dealer step 2.
[22:20:15.395] [INFO   ] thread dealer step 2.
[22:20:15.395] [INFO   ] thread dealer step 2.
[22:20:15.395] [INFO   ] thread dealer step 2.
[22:20:15.395] [INFO   ] thread dealer step 2.
[22:20:15.396] [INFO   ] thread dealer step 3.
[22:20:15.398] [INFO   ] thread dealer step 4.
[22:20:15.399] [INFO   ] thread dealer step 10.
[22:20:15.399] [INFO   ] thread dealer step 11.
[22:20:15.399] [INFO   ] thread dealer step 12.
[22:20:15.399] [INFO   ] thread dealer timer loop 5.
[22:20:15.399] [INFO   ] thread dealer timer loop 1.
[22:20:15.409] [INFO   ] thread dealer timer loop 2.
[22:20:15.409] [INFO   ] thread dealer timer loop 3.
[22:20:15.843] [INFO   ] thread dealer rm 1.
[22:20:15.843] [INFO   ] thread dealer timer loop 4.
[22:20:16.279] [INFO   ] thread dealer step 1.
[22:20:16.279] [INFO   ] thread dealer step 2.
[22:20:16.279] [INFO   ] thread dealer step 2.
[22:20:16.279] [INFO   ] thread dealer step 2.
[22:20:16.279] [INFO   ] thread dealer step 2.
[22:20:16.279] [INFO   ] thread dealer step 2.
[22:20:16.279] [INFO   ] thread dealer step 2.
[22:20:16.279] [INFO   ] thread dealer step 2.
[22:20:16.279] [INFO   ] thread dealer step 2.
[22:20:16.279] [INFO   ] thread dealer step 2.
[22:20:16.279] [INFO   ] thread dealer step 2.
[22:20:16.279] [INFO   ] thread dealer step 2.
[22:20:16.279] [INFO   ] thread dealer step 2.
[22:20:16.279] [INFO   ] thread dealer step 3.
[22:20:16.280] [INFO   ] thread dealer step 4.
[22:20:16.280] [INFO   ] thread dealer step 10.
[22:20:16.280] [INFO   ] thread dealer step 11.
[22:20:16.280] [INFO   ] thread dealer step 12.
[22:20:16.280] [INFO   ] thread dealer timer loop 5.
[22:20:16.280] [INFO   ] thread dealer timer loop 1.
[22:20:16.295] [INFO   ] thread dealer timer loop 2.
[22:20:16.295] [INFO   ] thread dealer timer loop 3.
[22:20:16.734] [INFO   ] thread dealer rm 1.
[22:20:16.734] [INFO   ] thread dealer timer loop 4.
[22:20:17.167] [INFO   ] thread dealer step 1.
[22:20:17.167] [INFO   ] thread dealer step 2.
[22:20:17.167] [INFO   ] thread dealer step 2.
[22:20:17.167] [INFO   ] thread dealer step 2.
[22:20:17.168] [INFO   ] thread dealer step 2.
[22:20:17.168] [INFO   ] thread dealer step 2.
[22:20:17.168] [INFO   ] thread dealer step 2.
[22:20:17.168] [INFO   ] thread dealer step 2.
[22:20:17.168] [INFO   ] thread dealer step 2.
[22:20:17.168] [INFO   ] thread dealer step 2.
[22:20:17.168] [INFO   ] thread dealer step 2.
[22:20:17.168] [INFO   ] thread dealer step 2.
[22:20:17.168] [INFO   ] thread dealer step 2.
[22:20:17.168] [INFO   ] thread dealer step 3.
[22:20:17.169] [INFO   ] thread dealer step 4.
[22:20:17.169] [INFO   ] thread dealer step 10.
[22:20:17.169] [INFO   ] thread dealer step 11.
[22:20:17.169] [INFO   ] thread dealer step 12.
[22:20:17.170] [INFO   ] thread dealer timer loop 5.
[22:20:17.170] [INFO   ] thread dealer timer loop 1.
[22:20:17.183] [INFO   ] thread dealer timer loop 2.
[22:20:17.183] [INFO   ] thread dealer timer loop 3.
[22:20:17.619] [INFO   ] thread dealer rm 1.
[22:20:17.619] [INFO   ] thread dealer timer loop 4.
[22:20:18.058] [INFO   ] thread dealer step 1.
[22:20:18.058] [INFO   ] thread dealer step 2.
[22:20:18.059] [INFO   ] thread dealer step 2.
[22:20:18.059] [INFO   ] thread dealer step 2.
[22:20:18.059] [INFO   ] thread dealer step 2.
[22:20:18.059] [INFO   ] thread dealer step 2.
[22:20:18.059] [INFO   ] thread dealer step 2.
[22:20:18.059] [INFO   ] thread dealer step 2.
[22:20:18.059] [INFO   ] thread dealer step 2.
[22:20:18.059] [INFO   ] thread dealer step 2.
[22:20:18.059] [INFO   ] thread dealer step 2.
[22:20:18.059] [INFO   ] thread dealer step 2.
[22:20:18.059] [INFO   ] thread dealer step 2.
[22:20:18.059] [INFO   ] thread dealer step 3.
[22:20:18.060] [INFO   ] thread dealer step 4.
[22:20:18.060] [INFO   ] thread dealer step 10.
[22:20:18.060] [INFO   ] thread dealer step 11.
[22:20:18.060] [INFO   ] thread dealer step 12.
[22:20:18.060] [INFO   ] thread dealer timer loop 5.
[22:20:18.061] [INFO   ] thread dealer run step 3.
[22:20:18.061] [SEVERE ] updating countdown to 10000
[22:20:18.498] [SEVERE ] removing player 1 token from slot 9
[22:20:18.499] [SEVERE ] removing player 1 token from slot 8
[22:20:18.499] [SEVERE ] removing player 2 token from slot 3
[22:20:18.499] [SEVERE ] removing player 2 token from slot 2
[22:20:18.499] [SEVERE ] removing player 3 token from slot 7
[22:20:18.500] [SEVERE ] removing player 3 token from slot 9
[22:20:18.500] [SEVERE ] removing player 4 token from slot 10
[22:20:18.500] [SEVERE ] removing player 4 token from slot 10
[22:20:18.500] [SEVERE ] updating countdown to 9561
[22:20:18.607] [SEVERE ] removing card from slot 0
[22:20:18.716] [SEVERE ] removing card from slot 1
[22:20:18.824] [SEVERE ] removing card from slot 2
[22:20:18.934] [SEVERE ] removing card from slot 3
[22:20:19.044] [SEVERE ] removing card from slot 4
[22:20:19.154] [SEVERE ] removing card from slot 5
[22:20:19.263] [SEVERE ] removing card from slot 6
[22:20:19.371] [SEVERE ] removing card from slot 7
[22:20:19.481] [SEVERE ] removing card from slot 8
[22:20:19.590] [SEVERE ] removing card from slot 9
[22:20:19.701] [SEVERE ] removing card from slot 10
[22:20:19.811] [SEVERE ] removing card from slot 11
[22:20:19.811] [INFO   ] thread dealer run step 1.
[22:20:20.355] [SEVERE ] placing card 20 in slot 0
[22:20:20.464] [SEVERE ] placing card 5 in slot 1
[22:20:20.573] [SEVERE ] placing card 24 in slot 2
[22:20:20.683] [SEVERE ] placing card 21 in slot 3
[22:20:20.792] [SEVERE ] placing card 76 in slot 4
[22:20:20.902] [SEVERE ] placing card 26 in slot 5
[22:20:21.010] [SEVERE ] placing card 78 in slot 6
[22:20:21.121] [SEVERE ] placing card 38 in slot 7
[22:20:21.230] [SEVERE ] placing card 71 in slot 8
[22:20:21.340] [SEVERE ] placing card 27 in slot 9
[22:20:21.450] [SEVERE ] placing card 46 in slot 10
[22:20:21.559] [SEVERE ] placing card 64 in slot 11
[22:20:21.559] [INFO   ] thread dealer step 1.
[22:20:21.559] [SEVERE ] updating countdown to 6502
[22:20:21.560] [INFO   ] thread dealer step 2.
[22:20:21.560] [INFO   ] thread dealer step 2.
[22:20:21.560] [INFO   ] thread dealer step 2.
[22:20:21.560] [INFO   ] thread dealer step 2.
[22:20:21.560] [INFO   ] thread dealer step 2.
[22:20:21.560] [INFO   ] thread dealer step 2.
[22:20:21.560] [INFO   ] thread dealer step 2.
[22:20:21.560] [INFO   ] thread dealer step 2.
[22:20:21.560] [INFO   ] thread dealer step 2.
[22:20:21.560] [INFO   ] thread dealer step 2.
[22:20:21.560] [INFO   ] thread dealer step 2.
[22:20:21.560] [INFO   ] thread dealer step 2.
[22:20:21.560] [INFO   ] thread dealer step 3.
[22:20:21.560] [SEVERE ] updating countdown to 6501
[22:20:21.561] [INFO   ] thread dealer step 4.
[22:20:21.561] [INFO   ] thread dealer step 10.
[22:20:21.562] [INFO   ] thread dealer step 11.
[22:20:21.562] [INFO   ] thread dealer step 12.
[22:20:21.562] [INFO   ] thread dealer run step 2.
[22:20:21.562] [INFO   ] thread dealer timer loop 1.
[22:20:22.577] [INFO   ] thread dealer timer loop 2.
[22:20:22.577] [SEVERE ] updating countdown to 5484
[22:20:22.577] [INFO   ] thread dealer timer loop 3.
[22:20:23.019] [INFO   ] thread dealer rm 1.
[22:20:23.019] [INFO   ] thread dealer timer loop 4.
[22:20:23.447] [INFO   ] thread dealer step 1.
[22:20:23.447] [INFO   ] thread dealer step 2.
[22:20:23.447] [INFO   ] thread dealer step 2.
[22:20:23.447] [INFO   ] thread dealer step 2.
[22:20:23.448] [INFO   ] thread dealer step 2.
[22:20:23.448] [INFO   ] thread dealer step 2.
[22:20:23.448] [INFO   ] thread dealer step 2.
[22:20:23.448] [INFO   ] thread dealer step 2.
[22:20:23.448] [INFO   ] thread dealer step 2.
[22:20:23.448] [INFO   ] thread dealer step 2.
[22:20:23.448] [INFO   ] thread dealer step 2.
[22:20:23.448] [INFO   ] thread dealer step 2.
[22:20:23.448] [INFO   ] thread dealer step 2.
[22:20:23.448] [INFO   ] thread dealer step 3.
[22:20:23.449] [INFO   ] thread dealer step 4.
[22:20:23.449] [INFO   ] thread dealer step 10.
[22:20:23.449] [INFO   ] thread dealer step 11.
[22:20:23.449] [INFO   ] thread dealer step 12.
[22:20:23.449] [INFO   ] thread dealer timer loop 5.
[22:20:23.449] [INFO   ] thread dealer timer loop 1.
[22:20:23.463] [INFO   ] thread dealer timer loop 2.
[22:20:23.463] [INFO   ] thread dealer timer loop 3.
[22:20:23.900] [INFO   ] thread dealer rm 1.
[22:20:23.900] [INFO   ] thread dealer timer loop 4.
[22:20:24.337] [INFO   ] thread dealer step 1.
[22:20:24.337] [INFO   ] thread dealer step 2.
[22:20:24.337] [INFO   ] thread dealer step 2.
[22:20:24.338] [INFO   ] thread dealer step 2.
[22:20:24.338] [INFO   ] thread dealer step 2.
[22:20:24.338] [INFO   ] thread dealer step 2.
[22:20:24.338] [INFO   ] thread dealer step 2.
[22:20:24.338] [INFO   ] thread dealer step 2.
[22:20:24.338] [INFO   ] thread dealer step 2.
[22:20:24.338] [INFO   ] thread dealer step 2.
[22:20:24.338] [INFO   ] thread dealer step 2.
[22:20:24.338] [INFO   ] thread dealer step 2.
[22:20:24.338] [INFO   ] thread dealer step 2.
[22:20:24.338] [INFO   ] thread dealer step 3.
[22:20:24.339] [INFO   ] thread dealer step 4.
[22:20:24.339] [INFO   ] thread dealer step 10.
[22:20:24.340] [INFO   ] thread dealer step 11.
[22:20:24.340] [INFO   ] thread dealer step 12.
[22:20:24.340] [INFO   ] thread dealer timer loop 5.
[22:20:24.340] [INFO   ] thread dealer timer loop 1.
[22:20:24.352] [INFO   ] thread dealer timer loop 2.
[22:20:24.352] [INFO   ] thread dealer timer loop 3.
[22:20:24.792] [INFO   ] thread dealer rm 1.
[22:20:24.792] [INFO   ] thread dealer timer loop 4.
[22:20:25.234] [INFO   ] thread dealer step 1.
[22:20:25.234] [INFO   ] thread dealer step 2.
[22:20:25.234] [INFO   ] thread dealer step 2.
[22:20:25.234] [INFO   ] thread dealer step 2.
[22:20:25.235] [INFO   ] thread dealer step 2.
[22:20:25.235] [INFO   ] thread dealer step 2.
[22:20:25.235] [INFO   ] thread dealer step 2.
[22:20:25.235] [INFO   ] thread dealer step 2.
[22:20:25.235] [INFO   ] thread dealer step 2.
[22:20:25.235] [INFO   ] thread dealer step 2.
[22:20:25.235] [INFO   ] thread dealer step 2.
[22:20:25.235] [INFO   ] thread dealer step 2.
[22:20:25.235] [INFO   ] thread dealer step 2.
[22:20:25.235] [INFO   ] thread dealer step 3.
[22:20:25.236] [INFO   ] thread dealer step 4.
[22:20:25.236] [INFO   ] thread dealer step 10.
[22:20:25.237] [INFO   ] thread dealer step 11.
[22:20:25.237] [INFO   ] thread dealer step 12.
[22:20:25.237] [INFO   ] thread dealer timer loop 5.
[22:20:25.237] [INFO   ] thread dealer timer loop 1.
[22:20:25.249] [INFO   ] thread dealer timer loop 2.
[22:20:25.250] [INFO   ] thread dealer timer loop 3.
[22:20:25.687] [INFO   ] thread dealer rm 1.
[22:20:25.687] [INFO   ] thread dealer timer loop 4.
[22:20:26.127] [INFO   ] thread dealer step 1.
[22:20:26.129] [INFO   ] thread dealer step 2.
[22:20:26.129] [INFO   ] thread dealer step 2.
[22:20:26.129] [INFO   ] thread dealer step 2.
[22:20:26.129] [INFO   ] thread dealer step 2.
[22:20:26.129] [INFO   ] thread dealer step 2.
[22:20:26.129] [INFO   ] thread dealer step 2.
[22:20:26.129] [INFO   ] thread dealer step 2.
[22:20:26.129] [INFO   ] thread dealer step 2.
[22:20:26.129] [INFO   ] thread dealer step 2.
[22:20:26.129] [INFO   ] thread dealer step 2.
[22:20:26.129] [INFO   ] thread dealer step 2.
[22:20:26.129] [INFO   ] thread dealer step 2.
[22:20:26.129] [INFO   ] thread dealer step 3.
[22:20:26.130] [INFO   ] thread dealer step 4.
[22:20:26.130] [INFO   ] thread dealer step 10.
[22:20:26.130] [INFO   ] thread dealer step 11.
[22:20:26.130] [INFO   ] thread dealer step 12.
[22:20:26.130] [INFO   ] thread dealer timer loop 5.
[22:20:26.130] [INFO   ] thread dealer timer loop 1.
[22:20:26.142] [INFO   ] thread dealer timer loop 2.
[22:20:26.142] [INFO   ] thread dealer timer loop 3.
[22:20:26.578] [INFO   ] thread dealer rm 1.
[22:20:26.578] [INFO   ] thread dealer timer loop 4.
[22:20:27.017] [INFO   ] thread dealer step 1.
[22:20:27.017] [INFO   ] thread dealer step 2.
[22:20:27.018] [INFO   ] thread dealer step 2.
[22:20:27.018] [INFO   ] thread dealer step 2.
[22:20:27.018] [INFO   ] thread dealer step 2.
[22:20:27.018] [INFO   ] thread dealer step 2.
[22:20:27.018] [INFO   ] thread dealer step 2.
[22:20:27.018] [INFO   ] thread dealer step 2.
[22:20:27.018] [INFO   ] thread dealer step 2.
[22:20:27.018] [INFO   ] thread dealer step 2.
[22:20:27.018] [INFO   ] thread dealer step 2.
[22:20:27.018] [INFO   ] thread dealer step 2.
[22:20:27.018] [INFO   ] thread dealer step 2.
[22:20:27.018] [INFO   ] thread dealer step 3.
[22:20:27.019] [INFO   ] thread dealer step 4.
[22:20:27.019] [INFO   ] thread dealer step 10.
[22:20:27.019] [INFO   ] thread dealer step 11.
[22:20:27.019] [INFO   ] thread dealer step 12.
[22:20:27.019] [INFO   ] thread dealer timer loop 5.
[22:20:27.019] [INFO   ] thread dealer timer loop 1.
[22:20:27.033] [INFO   ] thread dealer timer loop 2.
[22:20:27.033] [INFO   ] thread dealer timer loop 3.
[22:20:27.468] [INFO   ] thread dealer rm 1.
[22:20:27.468] [INFO   ] thread dealer timer loop 4.
[22:20:27.905] [INFO   ] thread dealer step 1.
[22:20:27.905] [INFO   ] thread dealer step 2.
[22:20:27.906] [INFO   ] thread dealer step 2.
[22:20:27.906] [INFO   ] thread dealer step 2.
[22:20:27.906] [INFO   ] thread dealer step 2.
[22:20:27.906] [INFO   ] thread dealer step 2.
[22:20:27.906] [INFO   ] thread dealer step 2.
[22:20:27.906] [INFO   ] thread dealer step 2.
[22:20:27.906] [INFO   ] thread dealer step 2.
[22:20:27.906] [INFO   ] thread dealer step 2.
[22:20:27.906] [INFO   ] thread dealer step 2.
[22:20:27.906] [INFO   ] thread dealer step 2.
[22:20:27.906] [INFO   ] thread dealer step 2.
[22:20:27.906] [INFO   ] thread dealer step 3.
[22:20:27.907] [INFO   ] thread dealer step 4.
[22:20:27.907] [INFO   ] thread dealer step 10.
[22:20:27.907] [INFO   ] thread dealer step 11.
[22:20:27.907] [INFO   ] thread dealer step 12.
[22:20:27.907] [INFO   ] thread dealer timer loop 5.
[22:20:27.907] [INFO   ] thread dealer timer loop 1.
[22:20:27.921] [INFO   ] thread dealer timer loop 2.
[22:20:27.921] [INFO   ] thread dealer timer loop 3.
[22:20:28.357] [INFO   ] thread dealer rm 1.
[22:20:28.357] [INFO   ] thread dealer timer loop 4.
[22:20:28.793] [INFO   ] thread dealer step 1.
[22:20:28.793] [INFO   ] thread dealer step 2.
[22:20:28.794] [INFO   ] thread dealer step 2.
[22:20:28.794] [INFO   ] thread dealer step 2.
[22:20:28.794] [INFO   ] thread dealer step 2.
[22:20:28.794] [INFO   ] thread dealer step 2.
[22:20:28.794] [INFO   ] thread dealer step 2.
[22:20:28.794] [INFO   ] thread dealer step 2.
[22:20:28.794] [INFO   ] thread dealer step 2.
[22:20:28.794] [INFO   ] thread dealer step 2.
[22:20:28.794] [INFO   ] thread dealer step 2.
[22:20:28.794] [INFO   ] thread dealer step 2.
[22:20:28.794] [INFO   ] thread dealer step 2.
[22:20:28.794] [INFO   ] thread dealer step 3.
[22:20:28.795] [INFO   ] thread dealer step 4.
[22:20:28.795] [INFO   ] thread dealer step 10.
[22:20:28.795] [INFO   ] thread dealer step 11.
[22:20:28.795] [INFO   ] thread dealer step 12.
[22:20:28.795] [INFO   ] thread dealer timer loop 5.
[22:20:28.795] [INFO   ] thread dealer run step 3.
[22:20:28.795] [SEVERE ] updating countdown to 10000
[22:20:29.235] [SEVERE ] removing player 1 token from slot 10
[22:20:29.238] [INFO   ] thread dealer terminated.
[22:20:34.248] [SEVERE ] thanks for playing... it was fun!
[22:20:34.248] [INFO   ] thread main terminated.
[22:20:34.248] [SEVERE ] disposing of user interface elements
