[13:25:59.908] [INFO   ] thread main starting.
[13:25:59.983] [SEVERE ] cannot read configuration file config.properties trying from resources.
[13:26:00.006] [SEVERE ] configuration file was loaded from resources directory.
[13:26:05.393] [INFO   ] thread dealer starting.
[13:26:05.396] [INFO   ] thread dealer starting.
[13:26:05.398] [INFO   ] thread Thread-0 starting.
[13:26:05.408] [INFO   ] creat AI step 1 
[13:26:05.409] [INFO   ] thread computer-0 starting.
[13:26:05.410] [INFO   ] creat AI step 2 
[13:26:05.411] [INFO   ] creat AI step 3 
[13:26:05.411] [INFO   ] thread Thread-0wip1
[13:26:05.412] [INFO   ] creat AI step 7 
[13:26:05.414] [INFO   ] thread Thread-0wip2
[13:26:05.416] [INFO   ] thread Thread-0wip3
[13:26:05.417] [INFO   ] thread Thread-0wip4
[13:26:05.425] [INFO   ] thread Thread-1 starting.
[13:26:05.430] [INFO   ] creat AI step 1 
[13:26:05.431] [INFO   ] thread computer-1 starting.
[13:26:05.431] [INFO   ] creat AI step 2 
[13:26:05.431] [INFO   ] creat AI step 3 
[13:26:05.433] [INFO   ] thread Thread-1wip1
[13:26:05.433] [SEVERE ] updating countdown to 60000
[13:26:05.434] [INFO   ] thread Thread-1wip2
[13:26:05.435] [INFO   ] thread Thread-1wip3
[13:26:05.436] [INFO   ] thread Thread-1wip4
[13:26:05.433] [INFO   ] creat AI step 7 
[13:26:05.520] [INFO   ] AI key pressed step 1 
[13:26:05.521] [INFO   ] AI key pressed step 2 
[13:26:05.523] [INFO   ] KP step 1computer-0
[13:26:05.523] [INFO   ] KP step 7computer-0
[13:26:05.523] [INFO   ] AI key pressed step 3, random slot: 4
[13:26:05.524] [INFO   ] creat AI step 8 
[13:26:05.525] [INFO   ] creat AI step 9 
[13:26:05.526] [INFO   ] thread Thread-0wip5
[13:26:05.527] [INFO   ] KP step 8Thread-0
[13:26:05.527] [INFO   ] KP step 9Thread-0
[13:26:05.528] [INFO   ] KP step 10Thread-0
[13:26:05.528] [INFO   ] KP step 11Thread-0
[13:26:05.529] [INFO   ] creat AI step 10 
[13:26:05.530] [INFO   ] creat AI step 11 
[13:26:05.531] [INFO   ] creat AI step 3 
[13:26:05.531] [INFO   ] creat AI step 7 
[13:26:05.550] [INFO   ] AI key pressed step 1 
[13:26:05.551] [INFO   ] AI key pressed step 2 
[13:26:05.551] [INFO   ] KP step 1computer-1
[13:26:05.552] [INFO   ] KP step 7computer-1
[13:26:05.554] [INFO   ] AI key pressed step 3, random slot: 1
[13:26:05.554] [INFO   ] creat AI step 8 
[13:26:05.554] [INFO   ] creat AI step 9 
[13:26:05.555] [INFO   ] thread Thread-1wip5
[13:26:05.555] [INFO   ] KP step 8Thread-1
[13:26:05.556] [INFO   ] KP step 9Thread-1
[13:26:05.557] [INFO   ] KP step 10Thread-1
[13:26:05.558] [INFO   ] KP step 11Thread-1
[13:26:05.558] [INFO   ] creat AI step 10 
[13:26:05.561] [INFO   ] creat AI step 11 
[13:26:05.561] [INFO   ] creat AI step 3 
[13:26:05.562] [INFO   ] creat AI step 7 
[13:26:05.645] [INFO   ] AI key pressed step 1 
[13:26:05.646] [INFO   ] AI key pressed step 2 
[13:26:05.648] [INFO   ] KP step 1computer-0
[13:26:05.648] [INFO   ] KP step 7computer-0
[13:26:05.649] [INFO   ] AI key pressed step 3, random slot: 7
[13:26:05.650] [INFO   ] creat AI step 8 
[13:26:05.651] [INFO   ] creat AI step 9 
[13:26:05.652] [INFO   ] KP step 12Thread-0
[13:26:05.652] [INFO   ] KP step 11Thread-0
[13:26:05.653] [INFO   ] creat AI step 10 
[13:26:05.653] [INFO   ] creat AI step 11 
[13:26:05.654] [INFO   ] creat AI step 3 
[13:26:05.654] [INFO   ] creat AI step 7 
[13:26:05.676] [INFO   ] AI key pressed step 1 
[13:26:05.676] [INFO   ] AI key pressed step 2 
[13:26:05.677] [INFO   ] KP step 1computer-1
[13:26:05.680] [INFO   ] KP step 7computer-1
[13:26:05.681] [INFO   ] AI key pressed step 3, random slot: 10
[13:26:05.681] [INFO   ] creat AI step 8 
[13:26:05.682] [INFO   ] creat AI step 9 
[13:26:05.683] [INFO   ] KP step 12Thread-1
[13:26:05.684] [INFO   ] KP step 11Thread-1
[13:26:05.684] [INFO   ] creat AI step 10 
[13:26:05.685] [INFO   ] creat AI step 11 
[13:26:05.685] [INFO   ] creat AI step 3 
[13:26:05.686] [INFO   ] creat AI step 7 
[13:26:05.691] [INFO   ] place card step 0 
[13:26:05.692] [INFO   ] place card step 1 
[13:26:05.768] [INFO   ] AI key pressed step 1 
[13:26:05.769] [INFO   ] AI key pressed step 2 
[13:26:05.770] [INFO   ] KP step 1computer-0
[13:26:05.771] [INFO   ] KP step 7computer-0
[13:26:05.771] [INFO   ] AI key pressed step 3, random slot: 10
[13:26:05.771] [INFO   ] creat AI step 8 
[13:26:05.771] [INFO   ] creat AI step 9 
[13:26:05.772] [INFO   ] KP step 12Thread-0
[13:26:05.772] [INFO   ] KP step 11Thread-0
[13:26:05.772] [INFO   ] creat AI step 10 
[13:26:05.773] [INFO   ] creat AI step 11 
[13:26:05.774] [INFO   ] creat AI step 3 
[13:26:05.774] [INFO   ] creat AI step 4 
[13:26:05.774] [INFO   ] creat AI step 5 
[13:26:05.799] [INFO   ] AI key pressed step 1 
[13:26:05.799] [SEVERE ] placing card 39 in slot 0
[13:26:05.799] [INFO   ] AI key pressed step 2 
[13:26:05.800] [INFO   ] KP step 1computer-1
[13:26:05.800] [INFO   ] KP step 7computer-1
[13:26:05.801] [INFO   ] AI key pressed step 3, random slot: 10
[13:26:05.801] [INFO   ] creat AI step 8 
[13:26:05.801] [INFO   ] creat AI step 9 
[13:26:05.802] [INFO   ] KP step 12Thread-1
[13:26:05.803] [INFO   ] KP step 11Thread-1
[13:26:05.803] [INFO   ] creat AI step 10 
[13:26:05.804] [INFO   ] creat AI step 11 
[13:26:05.804] [INFO   ] creat AI step 3 
[13:26:05.804] [INFO   ] creat AI step 4 
[13:26:05.805] [INFO   ] creat AI step 5 
[13:26:05.908] [SEVERE ] placing card 45 in slot 1
[13:26:06.017] [SEVERE ] placing card 47 in slot 2
[13:26:06.127] [SEVERE ] placing card 12 in slot 3
[13:26:06.235] [SEVERE ] placing card 41 in slot 4
[13:26:06.343] [SEVERE ] placing card 43 in slot 5
[13:26:06.452] [SEVERE ] placing card 1 in slot 6
[13:26:06.560] [SEVERE ] placing card 32 in slot 7
[13:26:06.668] [SEVERE ] placing card 38 in slot 8
[13:26:06.777] [SEVERE ] placing card 58 in slot 9
[13:26:06.886] [SEVERE ] placing card 67 in slot 10
[13:26:06.995] [SEVERE ] placing card 69 in slot 11
[13:26:06.996] [INFO   ] place card step 2 
[13:26:06.997] [INFO   ] place card step 3 
[13:26:07.016] [INFO   ] place card step 5 
[13:26:07.017] [INFO   ] place card step 6 
[13:26:07.018] [INFO   ] place card step 7 
[13:26:07.019] [INFO   ] place card step 8 
[13:26:07.019] [INFO   ] creat AI step 6 
[13:26:07.020] [INFO   ] creat AI step 7 
[13:26:07.020] [INFO   ] creat AI step 6 
[13:26:07.021] [INFO   ] creat AI step 7 
[13:26:07.019] [SEVERE ] updating countdown to 58420
[13:26:07.023] [INFO   ] thread dealer start remove cards.
[13:26:07.135] [INFO   ] AI key pressed step 1 
[13:26:07.135] [INFO   ] AI key pressed step 2 
[13:26:07.135] [INFO   ] AI key pressed step 1 
[13:26:07.136] [INFO   ] KP step 1computer-0
[13:26:07.137] [INFO   ] KP step 2computer-0
[13:26:07.137] [INFO   ] AI key pressed step 2 
[13:26:07.137] [INFO   ] KP step 4computer-0
[13:26:07.138] [INFO   ] KP step 1computer-1
[13:26:07.139] [INFO   ] KP step 5computer-0
[13:26:07.139] [INFO   ] KP step 2computer-1
[13:26:07.140] [SEVERE ] player 1 placing token on slot 2
[13:26:07.140] [INFO   ] KP step 4computer-1
[13:26:07.141] [INFO   ] KP step 6computer-0
[13:26:07.143] [INFO   ] KP step 5computer-1
[13:26:07.143] [INFO   ] KP step 7computer-0
[13:26:07.144] [INFO   ] AI key pressed step 3, random slot: 2
[13:26:07.143] [SEVERE ] player 2 placing token on slot 1
[13:26:07.145] [INFO   ] creat AI step 8 
[13:26:07.145] [INFO   ] KP step 6computer-1
[13:26:07.145] [INFO   ] creat AI step 9 
[13:26:07.146] [INFO   ] KP step 7computer-1
[13:26:07.146] [INFO   ] KP step 12Thread-0
[13:26:07.147] [INFO   ] AI key pressed step 3, random slot: 1
[13:26:07.147] [INFO   ] KP step 11Thread-0
[13:26:07.147] [INFO   ] creat AI step 8 
[13:26:07.148] [INFO   ] creat AI step 9 
[13:26:07.148] [INFO   ] creat AI step 10 
[13:26:07.151] [INFO   ] creat AI step 11 
[13:26:07.151] [INFO   ] KP step 12Thread-1
[13:26:07.151] [INFO   ] KP step 11Thread-1
[13:26:07.151] [INFO   ] creat AI step 3 
[13:26:07.152] [INFO   ] creat AI step 10 
[13:26:07.153] [INFO   ] creat AI step 7 
[13:26:07.153] [INFO   ] creat AI step 11 
[13:26:07.154] [INFO   ] creat AI step 3 
[13:26:07.154] [INFO   ] creat AI step 7 
[13:26:07.170] [SEVERE ] exit button pressed
[13:26:07.241] [INFO   ] thread dealer rm 1.
[13:26:07.241] [INFO   ] thread dealer rm 2.
[13:26:07.242] [INFO   ] thread dealerremove cards after lock.
[13:26:07.242] [INFO   ] remove  in the table step 1
[13:26:07.242] [INFO   ] remove  in the table step 2
[13:26:07.243] [INFO   ] penalty
[13:26:07.244] [SEVERE ] setting player 1 freeze to 3000
[13:26:07.256] [INFO   ] AI key pressed step 1 
[13:26:07.256] [INFO   ] AI key pressed step 1 
[13:26:07.256] [INFO   ] AI key pressed step 2 
[13:26:07.257] [INFO   ] AI key pressed step 2 
[13:26:07.259] [INFO   ] KP step 1computer-0
[13:26:07.259] [INFO   ] KP step 7computer-0
[13:26:07.258] [INFO   ] KP step 1computer-1
[13:26:07.260] [INFO   ] KP step 7computer-1
[13:26:07.260] [INFO   ] AI key pressed step 3, random slot: 2
[13:26:07.261] [INFO   ] creat AI step 8 
[13:26:07.261] [INFO   ] creat AI step 9 
[13:26:07.261] [INFO   ] KP step 12Thread-1
[13:26:07.262] [INFO   ] KP step 11Thread-1
[13:26:07.262] [INFO   ] creat AI step 10 
[13:26:07.263] [INFO   ] creat AI step 11 
[13:26:07.263] [INFO   ] creat AI step 3 
[13:26:07.263] [INFO   ] creat AI step 4 
[13:26:07.263] [INFO   ] creat AI step 5 
[13:26:08.254] [SEVERE ] setting player 1 freeze to 2000
