[19:27:23.199] [INFO   ] thread main starting.
[19:27:23.205] [SEVERE ] cannot read configuration file config.properties trying from resources.
[19:27:23.207] [SEVERE ] configuration file was loaded from resources directory.
[19:27:23.877] [INFO   ] thread dealer starting.
[19:27:23.878] [INFO   ] thread dealer starting.
[19:27:23.879] [INFO   ] thread Thread-0 starting.
[19:27:23.880] [INFO   ] thread computer-0 starting.
[19:27:23.881] [INFO   ] thread Thread-1 starting.
[19:27:23.882] [INFO   ] thread computer-1 starting.
[19:27:23.882] [SEVERE ] updating countdown to 60000
[19:27:24.197] [SEVERE ] placing card 73 in slot 0
[19:27:24.298] [SEVERE ] placing card 50 in slot 1
[19:27:24.401] [SEVERE ] placing card 72 in slot 2
[19:27:24.508] [SEVERE ] placing card 79 in slot 3
[19:27:24.616] [SEVERE ] placing card 71 in slot 4
[19:27:24.725] [SEVERE ] placing card 41 in slot 5
[19:27:24.832] [SEVERE ] placing card 53 in slot 6
[19:27:24.942] [SEVERE ] placing card 36 in slot 7
[19:27:25.050] [SEVERE ] placing card 48 in slot 8
[19:27:25.159] [SEVERE ] placing card 58 in slot 9
[19:27:25.266] [SEVERE ] placing card 6 in slot 10
[19:27:25.375] [SEVERE ] placing card 2 in slot 11
[19:27:25.375] [SEVERE ] updating countdown to 58511
[19:27:25.376] [SEVERE ] updating countdown to 58510
[19:27:25.733] [SEVERE ] player 2 placing token on slot 6
[19:27:25.733] [SEVERE ] player 1 placing token on slot 6
[19:27:26.094] [SEVERE ] player 2 placing token on slot 4
[19:27:26.094] [SEVERE ] player 1 placing token on slot 9
[19:27:26.388] [SEVERE ] updating countdown to 57498
[19:27:26.450] [SEVERE ] player 1 placing token on slot 11
[19:27:26.450] [SEVERE ] player 2 placing token on slot 3
[19:27:26.606] [INFO   ] remove  in the table step 1
[19:27:26.607] [INFO   ] remove  in the table step 2
[19:27:26.608] [SEVERE ] updating countdown to 57278
[19:27:26.608] [SEVERE ] removing player 1 token from slot 6
[19:27:26.609] [SEVERE ] updating countdown to 57277
[19:27:26.609] [SEVERE ] updating countdown to 57277
[19:27:26.610] [SEVERE ] removing player 1 token from slot 9
[19:27:26.610] [SEVERE ] updating countdown to 57276
[19:27:26.612] [SEVERE ] updating countdown to 57274
[19:27:26.612] [SEVERE ] removing player 1 token from slot 11
[19:27:26.612] [SEVERE ] updating countdown to 57274
[19:27:26.612] [INFO   ] thread dealerstep 2.
[19:27:26.612] [SEVERE ] updating countdown to 57274
[19:27:26.613] [INFO   ] remove  in the table step 1
[19:27:26.613] [INFO   ] thread Thread-0 player was notified by dealer.
[19:27:26.613] [INFO   ] remove  in the table step 2
[19:27:26.613] [INFO   ] penalty
[19:27:26.614] [SEVERE ] updating countdown to 57272
[19:27:26.615] [SEVERE ] setting player 1 freeze to 3000
[19:27:26.615] [SEVERE ] removing player 2 token from slot 6
[19:27:26.615] [SEVERE ] updating countdown to 57271
[19:27:26.616] [SEVERE ] updating countdown to 57270
[19:27:26.616] [SEVERE ] removing player 2 token from slot 4
[19:27:26.616] [SEVERE ] updating countdown to 57270
[19:27:26.617] [SEVERE ] updating countdown to 57269
[19:27:26.617] [SEVERE ] removing player 2 token from slot 3
[19:27:26.617] [SEVERE ] updating countdown to 57269
[19:27:26.617] [INFO   ] thread dealerstep 2.
[19:27:26.617] [SEVERE ] updating countdown to 57269
[19:27:26.618] [INFO   ] thread Thread-1 player was notified by dealer.
[19:27:26.618] [INFO   ] penalty
[19:27:26.618] [SEVERE ] setting player 2 freeze to 3000
[19:27:26.839] [SEVERE ] updating countdown to 57047
[19:27:26.840] [SEVERE ] updating countdown to 57046
[19:27:27.629] [SEVERE ] setting player 2 freeze to 2000
[19:27:27.629] [SEVERE ] setting player 1 freeze to 2000
[19:27:27.851] [SEVERE ] updating countdown to 56035
[19:27:28.287] [SEVERE ] updating countdown to 55599
[19:27:28.287] [SEVERE ] updating countdown to 55599
[19:27:28.645] [SEVERE ] setting player 2 freeze to 1000
[19:27:28.645] [SEVERE ] setting player 1 freeze to 1000
[19:27:29.301] [SEVERE ] updating countdown to 54585
[19:27:29.658] [SEVERE ] setting player 1 freeze to 0
[19:27:29.658] [SEVERE ] setting player 2 freeze to 0
[19:27:29.736] [SEVERE ] updating countdown to 54150
[19:27:29.736] [SEVERE ] updating countdown to 54150
[19:27:30.095] [SEVERE ] player 2 placing token on slot 2
[19:27:30.095] [SEVERE ] player 1 placing token on slot 7
[19:27:30.454] [SEVERE ] player 2 placing token on slot 8
[19:27:30.454] [SEVERE ] player 1 placing token on slot 2
[19:27:30.749] [SEVERE ] updating countdown to 53137
[19:27:30.810] [SEVERE ] player 1 placing token on slot 11
[19:27:30.810] [SEVERE ] player 2 placing token on slot 10
[19:27:30.969] [INFO   ] remove  in the table step 1
[19:27:30.969] [INFO   ] remove  in the table step 2
[19:27:30.970] [SEVERE ] updating countdown to 52916
[19:27:30.970] [SEVERE ] removing player 1 token from slot 7
[19:27:30.971] [SEVERE ] updating countdown to 52915
[19:27:30.971] [SEVERE ] updating countdown to 52915
[19:27:30.973] [SEVERE ] removing player 1 token from slot 2
[19:27:30.973] [SEVERE ] updating countdown to 52913
[19:27:30.973] [SEVERE ] updating countdown to 52913
[19:27:30.973] [SEVERE ] removing player 1 token from slot 11
[19:27:30.973] [SEVERE ] updating countdown to 52913
[19:27:30.973] [INFO   ] thread dealerstep 2.
[19:27:30.973] [SEVERE ] updating countdown to 52913
[19:27:30.973] [INFO   ] remove  in the table step 1
[19:27:30.974] [INFO   ] remove  in the table step 2
[19:27:30.974] [INFO   ] thread Thread-0 player was notified by dealer.
[19:27:30.974] [SEVERE ] updating countdown to 52912
[19:27:30.974] [INFO   ] penalty
[19:27:30.974] [SEVERE ] removing player 2 token from slot 2
[19:27:30.975] [SEVERE ] setting player 1 freeze to 3000
[19:27:30.975] [SEVERE ] updating countdown to 52911
[19:27:30.975] [SEVERE ] updating countdown to 52911
[19:27:30.975] [SEVERE ] removing player 2 token from slot 8
[19:27:30.976] [SEVERE ] updating countdown to 52910
[19:27:30.976] [SEVERE ] updating countdown to 52910
[19:27:30.976] [SEVERE ] removing player 2 token from slot 10
[19:27:30.976] [SEVERE ] updating countdown to 52910
[19:27:30.977] [INFO   ] thread dealerstep 2.
[19:27:30.977] [SEVERE ] updating countdown to 52909
[19:27:30.977] [INFO   ] thread Thread-1 player was notified by dealer.
[19:27:30.977] [INFO   ] penalty
[19:27:30.977] [SEVERE ] setting player 2 freeze to 3000
[19:27:31.188] [SEVERE ] updating countdown to 52698
[19:27:31.188] [SEVERE ] updating countdown to 52698
[19:27:31.978] [SEVERE ] setting player 1 freeze to 2000
[19:27:31.981] [SEVERE ] setting player 2 freeze to 2000
[19:27:32.195] [SEVERE ] updating countdown to 51691
[19:27:32.632] [SEVERE ] updating countdown to 51254
[19:27:32.632] [SEVERE ] updating countdown to 51254
[19:27:32.980] [SEVERE ] setting player 1 freeze to 1000
[19:27:32.994] [SEVERE ] setting player 2 freeze to 1000
[19:27:33.647] [SEVERE ] updating countdown to 50239
[19:27:33.989] [SEVERE ] setting player 1 freeze to 0
[19:27:34.005] [SEVERE ] setting player 2 freeze to 0
[19:27:34.082] [SEVERE ] updating countdown to 49804
[19:27:34.083] [SEVERE ] updating countdown to 49803
[19:27:34.442] [SEVERE ] player 1 placing token on slot 1
[19:27:34.442] [SEVERE ] player 2 placing token on slot 2
[19:27:34.800] [SEVERE ] player 2 placing token on slot 0
[19:27:34.800] [SEVERE ] player 1 placing token on slot 2
[19:27:35.096] [SEVERE ] updating countdown to 48790
[19:27:35.158] [SEVERE ] player 2 placing token on slot 10
[19:27:35.158] [SEVERE ] player 1 placing token on slot 0
[19:27:35.314] [INFO   ] remove  in the table step 1
[19:27:35.314] [INFO   ] remove  in the table step 2
[19:27:35.315] [SEVERE ] updating countdown to 48571
[19:27:35.315] [SEVERE ] removing player 2 token from slot 2
[19:27:35.315] [SEVERE ] updating countdown to 48571
[19:27:35.316] [SEVERE ] updating countdown to 48571
[19:27:35.316] [SEVERE ] removing player 2 token from slot 0
[19:27:35.316] [SEVERE ] updating countdown to 48570
[19:27:35.316] [SEVERE ] updating countdown to 48570
[19:27:35.316] [SEVERE ] removing player 2 token from slot 10
[19:27:35.317] [SEVERE ] updating countdown to 48569
[19:27:35.317] [INFO   ] thread dealerstep 2.
[19:27:35.317] [SEVERE ] updating countdown to 48569
[19:27:35.317] [INFO   ] remove  in the table step 1
[19:27:35.317] [INFO   ] remove  in the table step 2
[19:27:35.318] [SEVERE ] updating countdown to 48568
[19:27:35.317] [INFO   ] thread Thread-1 player was notified by dealer.
[19:27:35.318] [INFO   ] penalty
[19:27:35.318] [SEVERE ] removing player 1 token from slot 1
[19:27:35.318] [SEVERE ] setting player 2 freeze to 3000
[19:27:35.319] [SEVERE ] updating countdown to 48567
[19:27:35.320] [SEVERE ] updating countdown to 48566
[19:27:35.320] [SEVERE ] removing player 1 token from slot 2
[19:27:35.320] [SEVERE ] updating countdown to 48566
[19:27:35.320] [SEVERE ] updating countdown to 48566
[19:27:35.321] [SEVERE ] removing player 1 token from slot 0
[19:27:35.321] [SEVERE ] updating countdown to 48565
[19:27:35.321] [INFO   ] thread dealerstep 2.
[19:27:35.322] [SEVERE ] updating countdown to 48564
[19:27:35.322] [INFO   ] thread Thread-0 player was notified by dealer.
[19:27:35.322] [INFO   ] penalty
[19:27:35.322] [SEVERE ] setting player 1 freeze to 3000
[19:27:35.533] [SEVERE ] updating countdown to 48353
[19:27:35.534] [SEVERE ] updating countdown to 48353
[19:27:36.326] [SEVERE ] setting player 1 freeze to 2000
[19:27:36.326] [SEVERE ] setting player 2 freeze to 2000
[19:27:36.543] [SEVERE ] updating countdown to 47343
[19:27:36.979] [SEVERE ] updating countdown to 46907
[19:27:36.980] [SEVERE ] updating countdown to 46906
[19:27:37.336] [SEVERE ] setting player 1 freeze to 1000
[19:27:37.336] [SEVERE ] setting player 2 freeze to 1000
[19:27:37.993] [SEVERE ] updating countdown to 45893
[19:27:38.352] [SEVERE ] setting player 2 freeze to 0
[19:27:38.352] [SEVERE ] setting player 1 freeze to 0
[19:27:38.428] [SEVERE ] updating countdown to 45458
[19:27:38.428] [SEVERE ] updating countdown to 45458
[19:27:38.784] [SEVERE ] player 2 placing token on slot 7
[19:27:38.784] [SEVERE ] player 1 placing token on slot 3
[19:27:39.144] [SEVERE ] player 2 placing token on slot 0
[19:27:39.144] [SEVERE ] player 1 placing token on slot 10
[19:27:39.440] [SEVERE ] updating countdown to 44446
[19:27:39.503] [SEVERE ] player 2 placing token on slot 4
[19:27:39.503] [SEVERE ] player 1 placing token on slot 4
[19:27:39.658] [INFO   ] remove  in the table step 1
[19:27:39.658] [INFO   ] remove  in the table step 2
[19:27:39.658] [SEVERE ] updating countdown to 44228
[19:27:39.659] [SEVERE ] removing player 2 token from slot 7
[19:27:39.659] [SEVERE ] updating countdown to 44227
[19:27:39.659] [SEVERE ] updating countdown to 44227
[19:27:39.659] [SEVERE ] removing player 2 token from slot 0
[19:27:39.659] [SEVERE ] updating countdown to 44227
[19:27:39.659] [SEVERE ] updating countdown to 44227
[19:27:39.660] [SEVERE ] removing player 2 token from slot 4
[19:27:39.660] [SEVERE ] updating countdown to 44226
[19:27:39.660] [INFO   ] thread dealerstep 2.
[19:27:39.660] [SEVERE ] updating countdown to 44226
[19:27:39.660] [INFO   ] remove  in the table step 1
[19:27:39.660] [INFO   ] thread Thread-1 player was notified by dealer.
[19:27:39.660] [INFO   ] penalty
[19:27:39.661] [SEVERE ] setting player 2 freeze to 3000
[19:27:39.660] [INFO   ] remove  in the table step 2
[19:27:39.661] [SEVERE ] updating countdown to 44225
[19:27:39.661] [SEVERE ] removing player 1 token from slot 3
[19:27:39.662] [SEVERE ] updating countdown to 44224
[19:27:39.662] [SEVERE ] updating countdown to 44224
[19:27:39.662] [SEVERE ] removing player 1 token from slot 10
[19:27:39.662] [SEVERE ] updating countdown to 44224
[19:27:39.662] [SEVERE ] updating countdown to 44224
[19:27:39.662] [SEVERE ] removing player 1 token from slot 4
[19:27:39.662] [SEVERE ] updating countdown to 44224
[19:27:39.662] [INFO   ] thread dealerstep 2.
[19:27:39.663] [SEVERE ] updating countdown to 44223
[19:27:39.663] [INFO   ] thread Thread-0 player was notified by dealer.
[19:27:39.663] [INFO   ] penalty
[19:27:39.663] [SEVERE ] setting player 1 freeze to 3000
[19:27:39.875] [SEVERE ] updating countdown to 44011
[19:27:39.875] [SEVERE ] updating countdown to 44011
[19:27:40.672] [SEVERE ] setting player 2 freeze to 2000
[19:27:40.672] [SEVERE ] setting player 1 freeze to 2000
[19:27:40.890] [SEVERE ] updating countdown to 42996
[19:27:41.323] [SEVERE ] updating countdown to 42563
[19:27:41.323] [SEVERE ] updating countdown to 42563
[19:27:41.680] [SEVERE ] setting player 1 freeze to 1000
[19:27:41.680] [SEVERE ] setting player 2 freeze to 1000
[19:27:42.334] [SEVERE ] updating countdown to 41552
[19:27:42.681] [SEVERE ] setting player 1 freeze to 0
[19:27:42.682] [SEVERE ] setting player 2 freeze to 0
[19:27:42.773] [SEVERE ] updating countdown to 41113
[19:27:42.773] [SEVERE ] updating countdown to 41113
[19:27:43.132] [SEVERE ] player 2 placing token on slot 2
[19:27:43.132] [SEVERE ] player 1 placing token on slot 4
[19:27:43.490] [SEVERE ] player 1 placing token on slot 7
[19:27:43.490] [SEVERE ] player 2 placing token on slot 5
[19:27:43.785] [SEVERE ] updating countdown to 40101
[19:27:43.848] [SEVERE ] player 2 placing token on slot 3
[19:27:43.848] [SEVERE ] player 1 placing token on slot 8
[19:27:44.004] [INFO   ] remove  in the table step 1
[19:27:44.004] [INFO   ] remove  in the table step 2
[19:27:44.005] [SEVERE ] updating countdown to 39882
[19:27:44.005] [SEVERE ] removing player 2 token from slot 2
[19:27:44.005] [SEVERE ] updating countdown to 39881
[19:27:44.005] [SEVERE ] updating countdown to 39881
[19:27:44.005] [SEVERE ] removing player 2 token from slot 5
[19:27:44.006] [SEVERE ] updating countdown to 39880
[19:27:44.006] [SEVERE ] updating countdown to 39880
[19:27:44.006] [SEVERE ] removing player 2 token from slot 3
[19:27:44.006] [SEVERE ] updating countdown to 39880
[19:27:44.006] [INFO   ] thread dealerstep 2.
[19:27:44.006] [SEVERE ] updating countdown to 39880
[19:27:44.006] [INFO   ] remove  in the table step 1
[19:27:44.006] [INFO   ] remove  in the table step 2
[19:27:44.007] [SEVERE ] updating countdown to 39879
[19:27:44.006] [INFO   ] thread Thread-1 player was notified by dealer.
[19:27:44.007] [SEVERE ] removing player 1 token from slot 4
[19:27:44.007] [INFO   ] penalty
[19:27:44.007] [SEVERE ] updating countdown to 39879
[19:27:44.008] [SEVERE ] setting player 2 freeze to 3000
[19:27:44.008] [SEVERE ] updating countdown to 39878
[19:27:44.008] [SEVERE ] removing player 1 token from slot 7
[19:27:44.009] [SEVERE ] updating countdown to 39877
[19:27:44.009] [SEVERE ] updating countdown to 39877
[19:27:44.009] [SEVERE ] removing player 1 token from slot 8
[19:27:44.010] [SEVERE ] updating countdown to 39876
[19:27:44.010] [INFO   ] thread dealerstep 2.
[19:27:44.010] [SEVERE ] updating countdown to 39876
[19:27:44.010] [INFO   ] thread Thread-0 player was notified by dealer.
[19:27:44.010] [INFO   ] penalty
[19:27:44.010] [SEVERE ] setting player 1 freeze to 3000
[19:27:44.221] [SEVERE ] updating countdown to 39665
[19:27:44.221] [SEVERE ] updating countdown to 39665
[19:27:45.014] [SEVERE ] setting player 2 freeze to 2000
[19:27:45.014] [SEVERE ] setting player 1 freeze to 2000
[19:27:45.231] [SEVERE ] updating countdown to 38655
