[18:18:06.134] [INFO   ] thread main starting.
[18:18:06.142] [SEVERE ] cannot read configuration file config.properties trying from resources.
[18:18:06.145] [SEVERE ] configuration file was loaded from resources directory.
[18:18:07.249] [INFO   ] thread dealer starting.
[18:18:07.250] [INFO   ] thread dealer starting.
[18:18:07.251] [INFO   ] thread Thread-0 starting.
[18:18:07.253] [INFO   ] thread computer-0 starting.
[18:18:07.254] [INFO   ] thread Thread-1 starting.
[18:18:07.258] [INFO   ] thread computer-1 starting.
[18:18:07.258] [SEVERE ] updating countdown to 60000
[18:18:07.597] [SEVERE ] placing card 19 in slot 0
[18:18:07.705] [SEVERE ] placing card 25 in slot 1
[18:18:07.816] [SEVERE ] placing card 40 in slot 2
[18:18:07.924] [SEVERE ] placing card 24 in slot 3
[18:18:08.033] [SEVERE ] placing card 8 in slot 4
[18:18:08.143] [SEVERE ] placing card 45 in slot 5
[18:18:08.251] [SEVERE ] placing card 80 in slot 6
[18:18:08.361] [SEVERE ] placing card 1 in slot 7
[18:18:08.469] [SEVERE ] placing card 60 in slot 8
[18:18:08.580] [SEVERE ] placing card 31 in slot 9
[18:18:08.687] [SEVERE ] placing card 49 in slot 10
[18:18:08.796] [SEVERE ] placing card 9 in slot 11
[18:18:08.801] [SEVERE ] player 2 placing token on slot 5
[18:18:08.801] [SEVERE ] player 1 placing token on slot 6
[18:18:08.802] [SEVERE ] player 2 placing token on slot 7
[18:18:08.802] [SEVERE ] player 1 placing token on slot 5
[18:18:08.802] [SEVERE ] removing player 2 token from slot 7
[18:18:08.802] [SEVERE ] player 1 placing token on slot 0
[18:18:08.802] [SEVERE ] player 2 placing token on slot 9
[18:18:08.803] [SEVERE ] updating countdown to 58459
[18:18:08.803] [SEVERE ] player 2 placing token on slot 8
[18:18:09.016] [INFO   ] remove  in the table step 1
[18:18:09.017] [INFO   ] remove  in the table step 2
[18:18:09.018] [INFO   ] penalty
[18:18:09.019] [SEVERE ] setting player 1 freeze to 3000
[18:18:10.026] [SEVERE ] setting player 1 freeze to 2000
[18:18:11.035] [SEVERE ] setting player 1 freeze to 1000
[18:18:12.051] [SEVERE ] setting player 1 freeze to 0
[18:18:12.052] [SEVERE ] removing player 1 token from slot 6
[18:18:12.052] [SEVERE ] removing player 1 token from slot 5
[18:18:12.053] [SEVERE ] removing player 1 token from slot 0
[18:18:12.053] [INFO   ] remove  in the table step 1
[18:18:12.053] [INFO   ] remove  in the table step 2
[18:18:12.053] [INFO   ] penalty
[18:18:12.055] [SEVERE ] setting player 2 freeze to 3000
[18:18:13.061] [SEVERE ] setting player 2 freeze to 2000
[18:18:14.075] [SEVERE ] setting player 2 freeze to 1000
[18:18:15.084] [SEVERE ] setting player 2 freeze to 0
[18:18:15.084] [SEVERE ] removing player 2 token from slot 5
[18:18:15.085] [SEVERE ] removing player 2 token from slot 9
[18:18:15.085] [SEVERE ] removing player 2 token from slot 8
[18:18:16.312] [SEVERE ] updating countdown to 50950
[18:18:17.754] [SEVERE ] updating countdown to 49508
[18:18:19.199] [SEVERE ] updating countdown to 48063
[18:18:20.645] [SEVERE ] updating countdown to 46617
[18:18:22.086] [SEVERE ] updating countdown to 45176
[18:18:23.533] [SEVERE ] updating countdown to 43729
[18:18:23.646] [SEVERE ] exit button pressed
[18:18:24.984] [SEVERE ] updating countdown to 42278
[18:18:26.431] [SEVERE ] updating countdown to 40831
