[20:08:30.909] [INFO   ] thread main starting.
[20:08:30.915] [SEVERE ] cannot read configuration file config.properties trying from resources.
[20:08:30.919] [SEVERE ] configuration file was loaded from resources directory.
[20:08:31.401] [INFO   ] thread dealer starting.
[20:08:31.401] [INFO   ] thread dealer starting.
[20:08:31.402] [INFO   ] thread Thread-0 starting.
[20:08:31.403] [INFO   ] thread computer-0 starting.
[20:08:31.404] [INFO   ] thread Thread-1 starting.
[20:08:31.405] [INFO   ] thread computer-1 starting.
[20:08:31.405] [INFO   ] thread Thread-2 starting.
[20:08:31.406] [INFO   ] thread computer-2 starting.
[20:08:31.408] [INFO   ] thread Thread-3 starting.
[20:08:31.415] [INFO   ] thread computer-3 starting.
[20:08:31.415] [SEVERE ] updating countdown to 10000
[20:08:31.933] [SEVERE ] placing card 42 in slot 0
[20:08:32.043] [SEVERE ] placing card 22 in slot 1
[20:08:32.148] [SEVERE ] placing card 61 in slot 2
[20:08:32.252] [SEVERE ] placing card 76 in slot 3
[20:08:32.361] [SEVERE ] placing card 40 in slot 4
[20:08:32.462] [SEVERE ] placing card 21 in slot 5
[20:08:32.571] [SEVERE ] placing card 8 in slot 6
[20:08:32.679] [SEVERE ] placing card 49 in slot 7
[20:08:32.789] [SEVERE ] placing card 19 in slot 8
[20:08:32.892] [SEVERE ] placing card 64 in slot 9
[20:08:32.998] [SEVERE ] placing card 32 in slot 10
[20:08:33.108] [SEVERE ] placing card 43 in slot 11
[20:08:33.108] [SEVERE ] updating countdown to 8309
[20:08:33.108] [SEVERE ] updating countdown to 8309
[20:08:33.468] [SEVERE ] player 2 placing token on slot 9
[20:08:33.468] [SEVERE ] player 3 placing token on slot 5
[20:08:33.468] [SEVERE ] player 4 placing token on slot 3
[20:08:33.468] [SEVERE ] player 1 placing token on slot 1
[20:08:33.830] [SEVERE ] player 3 placing token on slot 0
[20:08:33.830] [SEVERE ] player 4 placing token on slot 2
[20:08:33.830] [SEVERE ] player 2 placing token on slot 3
[20:08:33.830] [SEVERE ] player 1 placing token on slot 6
[20:08:34.121] [SEVERE ] updating countdown to 7296
[20:08:34.184] [SEVERE ] player 4 placing token on slot 0
[20:08:34.184] [SEVERE ] player 2 placing token on slot 4
[20:08:34.184] [SEVERE ] player 3 placing token on slot 4
[20:08:34.200] [SEVERE ] player 1 placing token on slot 0
[20:08:34.564] [INFO   ] remove  in the table step 1
[20:08:34.564] [INFO   ] remove  in the table step 2
[20:08:34.564] [SEVERE ] updating countdown to 6853
[20:08:34.564] [SEVERE ] removing player 4 token from slot 3
[20:08:34.564] [SEVERE ] updating countdown to 6853
[20:08:34.564] [SEVERE ] updating countdown to 6853
[20:08:34.564] [SEVERE ] removing player 4 token from slot 2
[20:08:34.564] [SEVERE ] updating countdown to 6853
[20:08:34.564] [SEVERE ] updating countdown to 6853
[20:08:34.564] [SEVERE ] removing player 4 token from slot 0
[20:08:34.564] [SEVERE ] updating countdown to 6853
[20:08:34.564] [INFO   ] thread dealerstep 2.
[20:08:34.564] [SEVERE ] updating countdown to 6853
[20:08:34.564] [INFO   ] remove  in the table step 1
[20:08:34.564] [INFO   ] remove  in the table step 2
[20:08:34.564] [INFO   ] thread Thread-3 player was notified by dealer.
[20:08:34.570] [INFO   ] penalty
[20:08:34.570] [SEVERE ] setting player 4 freeze to 0
[20:08:34.570] [SEVERE ] updating countdown to 6847
[20:08:34.570] [SEVERE ] removing player 2 token from slot 9
[20:08:34.570] [SEVERE ] updating countdown to 6847
[20:08:34.570] [SEVERE ] updating countdown to 6847
[20:08:34.570] [SEVERE ] removing player 2 token from slot 3
[20:08:34.570] [SEVERE ] updating countdown to 6847
[20:08:34.570] [SEVERE ] updating countdown to 6847
[20:08:34.570] [SEVERE ] removing player 2 token from slot 4
[20:08:34.570] [SEVERE ] updating countdown to 6847
[20:08:34.570] [INFO   ] thread dealerstep 2.
[20:08:34.570] [SEVERE ] updating countdown to 6847
[20:08:34.570] [INFO   ] remove  in the table step 1
[20:08:34.574] [INFO   ] remove  in the table step 2
[20:08:34.570] [INFO   ] thread Thread-1 player was notified by dealer.
[20:08:34.575] [INFO   ] penalty
[20:08:34.574] [SEVERE ] updating countdown to 6843
[20:08:34.576] [SEVERE ] removing player 3 token from slot 5
[20:08:34.575] [SEVERE ] setting player 2 freeze to 0
[20:08:34.576] [SEVERE ] updating countdown to 6841
[20:08:34.577] [SEVERE ] updating countdown to 6840
[20:08:34.577] [SEVERE ] removing player 3 token from slot 0
[20:08:34.577] [SEVERE ] updating countdown to 6840
[20:08:34.577] [SEVERE ] updating countdown to 6840
[20:08:34.577] [SEVERE ] removing player 3 token from slot 4
[20:08:34.577] [SEVERE ] updating countdown to 6840
[20:08:34.577] [INFO   ] thread dealerstep 2.
[20:08:34.577] [SEVERE ] updating countdown to 6840
[20:08:34.577] [INFO   ] remove  in the table step 1
[20:08:34.580] [INFO   ] remove  in the table step 2
[20:08:34.577] [INFO   ] thread Thread-2 player was notified by dealer.
[20:08:34.581] [INFO   ] penalty
[20:08:34.581] [SEVERE ] setting player 3 freeze to 0
[20:08:34.580] [SEVERE ] updating countdown to 6837
[20:08:34.581] [SEVERE ] removing player 1 token from slot 1
[20:08:34.581] [SEVERE ] updating countdown to 6836
[20:08:34.581] [SEVERE ] updating countdown to 6836
[20:08:34.581] [SEVERE ] removing player 1 token from slot 6
[20:08:34.581] [SEVERE ] updating countdown to 6836
[20:08:34.581] [SEVERE ] updating countdown to 6836
[20:08:34.581] [SEVERE ] removing player 1 token from slot 0
[20:08:34.581] [SEVERE ] updating countdown to 6836
[20:08:34.581] [INFO   ] thread dealerstep 2.
[20:08:34.581] [SEVERE ] updating countdown to 6836
[20:08:34.581] [INFO   ] thread Thread-0 player was notified by dealer.
[20:08:34.581] [INFO   ] penalty
[20:08:34.581] [SEVERE ] setting player 1 freeze to 0
[20:08:34.925] [SEVERE ] player 4 placing token on slot 4
[20:08:34.941] [SEVERE ] player 2 placing token on slot 2
[20:08:34.941] [SEVERE ] player 3 placing token on slot 4
[20:08:34.941] [SEVERE ] player 1 placing token on slot 9
[20:08:35.020] [SEVERE ] updating countdown to 6397
[20:08:35.020] [SEVERE ] updating countdown to 6397
[20:08:35.286] [SEVERE ] player 4 placing token on slot 3
[20:08:35.302] [SEVERE ] removing player 1 token from slot 9
[20:08:35.302] [SEVERE ] player 2 placing token on slot 11
[20:08:35.302] [SEVERE ] player 3 placing token on slot 3
[20:08:35.648] [SEVERE ] player 4 placing token on slot 10
[20:08:35.648] [SEVERE ] updating countdown to 5769
[20:08:35.663] [SEVERE ] player 1 placing token on slot 10
[20:08:35.663] [SEVERE ] removing player 3 token from slot 3
[20:08:35.663] [SEVERE ] removing player 2 token from slot 11
[20:08:36.025] [SEVERE ] player 1 placing token on slot 5
[20:08:36.025] [SEVERE ] player 3 placing token on slot 6
[20:08:36.025] [SEVERE ] removing player 2 token from slot 2
[20:08:36.088] [INFO   ] remove  in the table step 1
[20:08:36.088] [INFO   ] remove  in the table step 2
[20:08:36.088] [SEVERE ] updating countdown to 5329
[20:08:36.088] [SEVERE ] removing player 4 token from slot 4
[20:08:36.088] [SEVERE ] updating countdown to 5329
[20:08:36.088] [SEVERE ] updating countdown to 5329
[20:08:36.088] [SEVERE ] removing player 4 token from slot 3
[20:08:36.088] [SEVERE ] updating countdown to 5329
[20:08:36.088] [SEVERE ] updating countdown to 5329
[20:08:36.088] [SEVERE ] removing player 4 token from slot 10
[20:08:36.088] [SEVERE ] updating countdown to 5329
[20:08:36.088] [INFO   ] thread dealerstep 2.
[20:08:36.088] [SEVERE ] updating countdown to 5329
[20:08:36.088] [INFO   ] thread Thread-3 player was notified by dealer.
[20:08:36.088] [INFO   ] penalty
[20:08:36.088] [SEVERE ] setting player 4 freeze to 0
[20:08:36.386] [SEVERE ] player 1 placing token on slot 0
[20:08:36.386] [SEVERE ] player 2 placing token on slot 5
[20:08:36.386] [SEVERE ] player 3 placing token on slot 5
[20:08:36.450] [SEVERE ] player 4 placing token on slot 8
[20:08:36.738] [SEVERE ] player 2 placing token on slot 1
[20:08:36.802] [SEVERE ] player 4 placing token on slot 1
[20:08:36.958] [INFO   ] remove  in the table step 1
[20:08:36.958] [INFO   ] remove  in the table step 2
[20:08:36.958] [SEVERE ] removing player 1 token from slot 10
[20:08:36.958] [SEVERE ] removing player 1 token from slot 5
[20:08:36.958] [SEVERE ] removing player 1 token from slot 0
[20:08:36.959] [INFO   ] thread dealerstep 2.
[20:08:36.959] [INFO   ] remove  in the table step 1
[20:08:36.959] [INFO   ] remove  in the table step 2
[20:08:36.959] [INFO   ] thread Thread-0 player was notified by dealer.
[20:08:36.959] [SEVERE ] removing player 3 token from slot 4
[20:08:36.959] [INFO   ] penalty
[20:08:36.959] [SEVERE ] setting player 1 freeze to 0
[20:08:36.959] [SEVERE ] removing player 3 token from slot 6
[20:08:36.959] [SEVERE ] removing player 3 token from slot 5
[20:08:36.959] [INFO   ] thread dealerstep 2.
[20:08:36.960] [INFO   ] thread Thread-2 player was notified by dealer.
[20:08:36.960] [INFO   ] penalty
[20:08:36.960] [SEVERE ] setting player 3 freeze to 0
[20:08:37.100] [SEVERE ] player 2 placing token on slot 2
[20:08:37.163] [SEVERE ] player 4 placing token on slot 5
[20:08:37.320] [SEVERE ] player 3 placing token on slot 11
[20:08:37.320] [SEVERE ] player 1 placing token on slot 3
[20:08:37.679] [SEVERE ] player 1 placing token on slot 9
[20:08:37.679] [SEVERE ] player 3 placing token on slot 5
[20:08:37.836] [INFO   ] remove  in the table step 1
[20:08:37.836] [INFO   ] remove  in the table step 2
[20:08:37.836] [SEVERE ] removing player 2 token from slot 5
[20:08:37.836] [SEVERE ] removing player 2 token from slot 1
[20:08:37.836] [SEVERE ] removing player 2 token from slot 2
[20:08:37.836] [INFO   ] thread dealerstep 2.
[20:08:37.836] [INFO   ] remove  in the table step 1
[20:08:37.836] [INFO   ] remove  in the table step 2
[20:08:37.840] [SEVERE ] removing player 4 token from slot 8
[20:08:37.836] [INFO   ] thread Thread-1 player was notified by dealer.
[20:08:37.840] [INFO   ] penalty
[20:08:37.840] [SEVERE ] setting player 2 freeze to 0
[20:08:37.840] [SEVERE ] removing player 4 token from slot 1
[20:08:37.840] [SEVERE ] removing player 4 token from slot 5
[20:08:37.840] [INFO   ] thread dealerstep 2.
[20:08:37.840] [INFO   ] thread Thread-3 player was notified by dealer.
[20:08:37.840] [INFO   ] penalty
[20:08:37.840] [SEVERE ] setting player 4 freeze to 0
[20:08:38.043] [SEVERE ] removing player 3 token from slot 11
[20:08:38.043] [SEVERE ] player 1 placing token on slot 2
[20:08:38.201] [SEVERE ] player 2 placing token on slot 1
[20:08:38.201] [SEVERE ] player 4 placing token on slot 2
[20:08:38.405] [SEVERE ] player 3 placing token on slot 3
[20:08:38.553] [SEVERE ] player 2 placing token on slot 9
[20:08:38.553] [SEVERE ] player 4 placing token on slot 5
[20:08:38.713] [INFO   ] remove  in the table step 1
[20:08:38.713] [INFO   ] remove  in the table step 2
[20:08:38.713] [SEVERE ] removing player 1 token from slot 3
[20:08:38.822] [SEVERE ] removing card from slot 3
[20:08:38.822] [SEVERE ] removing player 3 token from slot 3
[20:08:38.822] [SEVERE ] removing player 1 token from slot 9
[20:08:38.932] [SEVERE ] removing card from slot 9
[20:08:38.932] [SEVERE ] removing player 2 token from slot 9
[20:08:38.932] [SEVERE ] removing player 1 token from slot 2
[20:08:39.042] [SEVERE ] removing card from slot 2
[20:08:39.042] [SEVERE ] removing player 4 token from slot 2
[20:08:39.042] [INFO   ] thread dealerstep 2.
[20:08:39.042] [SEVERE ] updating countdown to 10000
[20:08:39.042] [INFO   ] thread Thread-0 player was notified by dealer.
[20:08:39.042] [INFO   ] point
[20:08:39.042] [SEVERE ] setting player 1 score to 1
[20:08:39.042] [SEVERE ] setting player 1 freeze to 0
[20:08:39.401] [SEVERE ] player 2 placing token on slot 4
[20:08:39.592] [SEVERE ] placing card 73 in slot 2
[20:08:39.702] [SEVERE ] placing card 48 in slot 3
[20:08:39.812] [SEVERE ] placing card 36 in slot 9
[20:08:39.812] [SEVERE ] updating countdown to 9230
[20:08:39.812] [SEVERE ] updating countdown to 9230
[20:08:40.173] [SEVERE ] player 2 placing token on slot 9
[20:08:40.173] [SEVERE ] player 1 placing token on slot 11
[20:08:40.173] [SEVERE ] player 3 placing token on slot 7
[20:08:40.173] [SEVERE ] player 4 placing token on slot 11
[20:08:40.173] [SEVERE ] updating countdown to 8869
[20:08:40.530] [SEVERE ] player 3 placing token on slot 10
[20:08:40.530] [SEVERE ] player 4 placing token on slot 7
[20:08:40.530] [SEVERE ] player 1 placing token on slot 10
[20:08:40.601] [INFO   ] remove  in the table step 1
[20:08:40.601] [INFO   ] remove  in the table step 2
[20:08:40.601] [SEVERE ] updating countdown to 8441
[20:08:40.601] [SEVERE ] removing player 2 token from slot 1
[20:08:40.601] [SEVERE ] updating countdown to 8441
[20:08:40.601] [SEVERE ] updating countdown to 8441
[20:08:40.601] [SEVERE ] removing player 2 token from slot 4
[20:08:40.601] [SEVERE ] updating countdown to 8441
[20:08:40.601] [SEVERE ] updating countdown to 8441
[20:08:40.601] [SEVERE ] removing player 2 token from slot 9
[20:08:40.601] [SEVERE ] updating countdown to 8441
[20:08:40.601] [INFO   ] thread dealerstep 2.
[20:08:40.601] [SEVERE ] updating countdown to 8441
[20:08:40.601] [INFO   ] remove  in the table step 1
[20:08:40.601] [INFO   ] remove  in the table step 2
[20:08:40.601] [INFO   ] thread Thread-1 player was notified by dealer.
[20:08:40.603] [INFO   ] penalty
[20:08:40.603] [SEVERE ] updating countdown to 8439
[20:08:40.604] [SEVERE ] removing player 3 token from slot 5
[20:08:40.604] [SEVERE ] setting player 2 freeze to 0
[20:08:40.604] [SEVERE ] updating countdown to 8438
[20:08:40.604] [SEVERE ] updating countdown to 8438
[20:08:40.604] [SEVERE ] removing player 3 token from slot 7
[20:08:40.604] [SEVERE ] updating countdown to 8438
[20:08:40.604] [SEVERE ] updating countdown to 8438
[20:08:40.604] [SEVERE ] removing player 3 token from slot 10
[20:08:40.604] [SEVERE ] updating countdown to 8438
[20:08:40.604] [INFO   ] thread dealerstep 2.
[20:08:40.604] [SEVERE ] updating countdown to 8438
[20:08:40.604] [INFO   ] remove  in the table step 1
[20:08:40.604] [INFO   ] remove  in the table step 2
[20:08:40.604] [SEVERE ] updating countdown to 8438
[20:08:40.606] [SEVERE ] removing player 4 token from slot 5
[20:08:40.604] [INFO   ] thread Thread-2 player was notified by dealer.
[20:08:40.606] [INFO   ] penalty
[20:08:40.606] [SEVERE ] updating countdown to 8436
[20:08:40.607] [SEVERE ] updating countdown to 8435
[20:08:40.607] [SEVERE ] setting player 3 freeze to 0
[20:08:40.607] [SEVERE ] removing player 4 token from slot 11
[20:08:40.607] [SEVERE ] updating countdown to 8435
[20:08:40.607] [SEVERE ] updating countdown to 8435
[20:08:40.607] [SEVERE ] removing player 4 token from slot 7
[20:08:40.607] [SEVERE ] updating countdown to 8435
[20:08:40.607] [INFO   ] thread dealerstep 2.
[20:08:40.607] [SEVERE ] updating countdown to 8435
[20:08:40.607] [INFO   ] thread Thread-3 player was notified by dealer.
[20:08:40.607] [INFO   ] penalty
[20:08:40.607] [SEVERE ] setting player 4 freeze to 0
[20:08:40.892] [SEVERE ] removing player 1 token from slot 11
[20:08:40.954] [SEVERE ] player 2 placing token on slot 8
[20:08:40.970] [SEVERE ] player 3 placing token on slot 4
[20:08:40.970] [SEVERE ] player 4 placing token on slot 10
[20:08:41.048] [SEVERE ] updating countdown to 7994
[20:08:41.048] [SEVERE ] updating countdown to 7994
[20:08:41.251] [SEVERE ] player 1 placing token on slot 2
[20:08:41.313] [SEVERE ] player 2 placing token on slot 10
[20:08:41.329] [SEVERE ] player 4 placing token on slot 6
[20:08:41.329] [SEVERE ] player 3 placing token on slot 3
[20:08:41.610] [SEVERE ] player 1 placing token on slot 7
[20:08:41.610] [SEVERE ] updating countdown to 7432
[20:08:41.673] [SEVERE ] player 2 placing token on slot 0
[20:08:41.688] [SEVERE ] player 4 placing token on slot 7
[20:08:41.688] [SEVERE ] player 3 placing token on slot 8
[20:08:42.052] [INFO   ] remove  in the table step 1
[20:08:42.052] [INFO   ] remove  in the table step 2
[20:08:42.052] [SEVERE ] updating countdown to 6990
[20:08:42.052] [SEVERE ] removing player 1 token from slot 10
[20:08:42.052] [SEVERE ] updating countdown to 6990
[20:08:42.052] [SEVERE ] updating countdown to 6990
[20:08:42.052] [SEVERE ] removing player 1 token from slot 2
[20:08:42.052] [SEVERE ] updating countdown to 6990
[20:08:42.052] [SEVERE ] updating countdown to 6990
[20:08:42.052] [SEVERE ] removing player 1 token from slot 7
[20:08:42.052] [SEVERE ] updating countdown to 6990
[20:08:42.052] [INFO   ] thread dealerstep 2.
[20:08:42.052] [SEVERE ] updating countdown to 6990
[20:08:42.052] [INFO   ] remove  in the table step 1
[20:08:42.052] [INFO   ] remove  in the table step 2
[20:08:42.055] [SEVERE ] updating countdown to 6987
[20:08:42.052] [INFO   ] thread Thread-0 player was notified by dealer.
[20:08:42.056] [INFO   ] penalty
[20:08:42.055] [SEVERE ] removing player 2 token from slot 8
[20:08:42.056] [SEVERE ] setting player 1 freeze to 0
[20:08:42.056] [SEVERE ] updating countdown to 6986
[20:08:42.056] [SEVERE ] updating countdown to 6986
[20:08:42.056] [SEVERE ] removing player 2 token from slot 10
[20:08:42.056] [SEVERE ] updating countdown to 6986
[20:08:42.056] [SEVERE ] updating countdown to 6986
[20:08:42.056] [SEVERE ] removing player 2 token from slot 0
[20:08:42.056] [SEVERE ] updating countdown to 6986
[20:08:42.056] [INFO   ] thread dealerstep 2.
[20:08:42.056] [SEVERE ] updating countdown to 6986
[20:08:42.056] [INFO   ] remove  in the table step 1
[20:08:42.058] [INFO   ] remove  in the table step 2
[20:08:42.056] [INFO   ] thread Thread-1 player was notified by dealer.
[20:08:42.058] [INFO   ] penalty
[20:08:42.058] [SEVERE ] updating countdown to 6984
[20:08:42.058] [SEVERE ] setting player 2 freeze to 0
[20:08:42.058] [SEVERE ] removing player 4 token from slot 10
[20:08:42.058] [SEVERE ] updating countdown to 6984
[20:08:42.058] [SEVERE ] updating countdown to 6984
[20:08:42.058] [SEVERE ] removing player 4 token from slot 6
[20:08:42.058] [SEVERE ] updating countdown to 6984
[20:08:42.058] [SEVERE ] updating countdown to 6984
[20:08:42.058] [SEVERE ] removing player 4 token from slot 7
[20:08:42.058] [SEVERE ] updating countdown to 6984
[20:08:42.058] [INFO   ] thread dealerstep 2.
[20:08:42.058] [SEVERE ] updating countdown to 6984
[20:08:42.058] [INFO   ] remove  in the table step 1
[20:08:42.059] [INFO   ] remove  in the table step 2
[20:08:42.058] [INFO   ] thread Thread-3 player was notified by dealer.
[20:08:42.059] [INFO   ] penalty
[20:08:42.059] [SEVERE ] updating countdown to 6983
[20:08:42.059] [SEVERE ] setting player 4 freeze to 0
[20:08:42.059] [SEVERE ] removing player 3 token from slot 4
[20:08:42.059] [SEVERE ] updating countdown to 6983
[20:08:42.059] [SEVERE ] updating countdown to 6983
[20:08:42.059] [SEVERE ] removing player 3 token from slot 3
[20:08:42.059] [SEVERE ] updating countdown to 6983
[20:08:42.059] [SEVERE ] updating countdown to 6983
[20:08:42.059] [SEVERE ] removing player 3 token from slot 8
[20:08:42.059] [SEVERE ] updating countdown to 6983
[20:08:42.059] [INFO   ] thread dealerstep 2.
[20:08:42.059] [SEVERE ] updating countdown to 6983
[20:08:42.059] [INFO   ] thread Thread-2 player was notified by dealer.
[20:08:42.059] [INFO   ] penalty
[20:08:42.059] [SEVERE ] setting player 3 freeze to 0
[20:08:42.410] [SEVERE ] player 2 placing token on slot 8
[20:08:42.410] [SEVERE ] player 1 placing token on slot 9
[20:08:42.410] [SEVERE ] player 4 placing token on slot 3
[20:08:42.411] [SEVERE ] player 3 placing token on slot 4
[20:08:42.489] [SEVERE ] updating countdown to 6553
[20:08:42.489] [SEVERE ] updating countdown to 6553
[20:08:42.774] [SEVERE ] player 2 placing token on slot 11
[20:08:42.774] [SEVERE ] player 1 placing token on slot 1
[20:08:42.774] [SEVERE ] player 3 placing token on slot 1
[20:08:42.774] [SEVERE ] removing player 4 token from slot 3
[20:08:43.136] [SEVERE ] removing player 2 token from slot 11
[20:08:43.136] [SEVERE ] player 4 placing token on slot 0
[20:08:43.136] [SEVERE ] removing player 1 token from slot 9
[20:08:43.136] [SEVERE ] player 3 placing token on slot 3
[20:08:43.136] [SEVERE ] updating countdown to 5906
[20:08:43.496] [SEVERE ] player 1 placing token on slot 9
[20:08:43.496] [SEVERE ] player 4 placing token on slot 10
[20:08:43.496] [SEVERE ] player 2 placing token on slot 2
[20:08:43.564] [INFO   ] remove  in the table step 1
[20:08:43.564] [INFO   ] remove  in the table step 2
[20:08:43.564] [SEVERE ] updating countdown to 5478
[20:08:43.564] [SEVERE ] removing player 3 token from slot 4
[20:08:43.564] [SEVERE ] updating countdown to 5478
[20:08:43.564] [SEVERE ] updating countdown to 5478
[20:08:43.564] [SEVERE ] removing player 3 token from slot 1
[20:08:43.564] [SEVERE ] updating countdown to 5478
[20:08:43.564] [SEVERE ] updating countdown to 5478
[20:08:43.564] [SEVERE ] removing player 3 token from slot 3
[20:08:43.564] [SEVERE ] updating countdown to 5478
[20:08:43.564] [INFO   ] thread dealerstep 2.
[20:08:43.564] [SEVERE ] updating countdown to 5478
[20:08:43.564] [INFO   ] thread Thread-2 player was notified by dealer.
[20:08:43.564] [INFO   ] penalty
[20:08:43.564] [SEVERE ] setting player 3 freeze to 0
[20:08:43.855] [SEVERE ] removing player 4 token from slot 0
[20:08:43.855] [SEVERE ] player 1 placing token on slot 5
[20:08:43.855] [SEVERE ] player 2 placing token on slot 1
[20:08:43.917] [SEVERE ] player 3 placing token on slot 2
[20:08:43.996] [SEVERE ] updating countdown to 5046
[20:08:43.996] [SEVERE ] updating countdown to 5046
[20:08:43.996] [SEVERE ] updating countdown to 5046
[20:08:44.214] [SEVERE ] player 4 placing token on slot 5
[20:08:44.277] [SEVERE ] removing player 3 token from slot 2
[20:08:44.433] [INFO   ] remove  in the table step 1
[20:08:44.433] [INFO   ] remove  in the table step 2
[20:08:44.433] [SEVERE ] removing player 1 token from slot 1
[20:08:44.433] [SEVERE ] removing player 1 token from slot 9
[20:08:44.433] [SEVERE ] removing player 1 token from slot 5
[20:08:44.433] [INFO   ] thread dealerstep 2.
[20:08:44.433] [INFO   ] remove  in the table step 1
[20:08:44.433] [INFO   ] remove  in the table step 2
[20:08:44.433] [INFO   ] thread Thread-0 player was notified by dealer.
[20:08:44.433] [INFO   ] penalty
[20:08:44.433] [SEVERE ] removing player 2 token from slot 8
[20:08:44.436] [SEVERE ] setting player 1 freeze to 0
[20:08:44.436] [SEVERE ] removing player 2 token from slot 2
[20:08:44.437] [SEVERE ] removing player 2 token from slot 1
[20:08:44.437] [INFO   ] thread dealerstep 2.
[20:08:44.437] [INFO   ] thread Thread-1 player was notified by dealer.
[20:08:44.437] [INFO   ] penalty
[20:08:44.437] [SEVERE ] setting player 2 freeze to 0
[20:08:44.577] [SEVERE ] player 4 placing token on slot 1
[20:08:44.639] [SEVERE ] player 3 placing token on slot 8
[20:08:44.796] [SEVERE ] player 2 placing token on slot 1
[20:08:44.796] [SEVERE ] player 1 placing token on slot 3
[20:08:44.993] [SEVERE ] player 3 placing token on slot 7
[20:08:45.151] [SEVERE ] player 2 placing token on slot 3
[20:08:45.151] [SEVERE ] player 1 placing token on slot 1
[20:08:45.308] [INFO   ] remove  in the table step 1
[20:08:45.308] [INFO   ] remove  in the table step 2
[20:08:45.308] [SEVERE ] removing player 4 token from slot 10
[20:08:45.308] [SEVERE ] removing player 4 token from slot 5
[20:08:45.308] [SEVERE ] removing player 4 token from slot 1
[20:08:45.308] [INFO   ] thread dealerstep 2.
[20:08:45.308] [INFO   ] thread Thread-3 player was notified by dealer.
[20:08:45.308] [INFO   ] penalty
[20:08:45.308] [SEVERE ] setting player 4 freeze to 0
[20:08:45.355] [SEVERE ] player 3 placing token on slot 3
[20:08:45.511] [SEVERE ] removing player 1 token from slot 1
[20:08:45.511] [SEVERE ] player 2 placing token on slot 8
[20:08:45.668] [SEVERE ] player 4 placing token on slot 0
[20:08:45.875] [SEVERE ] player 1 placing token on slot 6
[20:08:46.031] [SEVERE ] player 4 placing token on slot 11
[20:08:46.187] [INFO   ] remove  in the table step 1
[20:08:46.187] [INFO   ] remove  in the table step 2
[20:08:46.187] [SEVERE ] removing player 3 token from slot 8
[20:08:46.187] [SEVERE ] removing player 3 token from slot 7
[20:08:46.187] [SEVERE ] removing player 3 token from slot 3
[20:08:46.187] [INFO   ] thread dealerstep 2.
[20:08:46.187] [INFO   ] remove  in the table step 1
[20:08:46.187] [INFO   ] thread Thread-2 player was notified by dealer.
[20:08:46.189] [INFO   ] penalty
[20:08:46.189] [SEVERE ] setting player 3 freeze to 0
[20:08:46.187] [INFO   ] remove  in the table step 2
[20:08:46.189] [SEVERE ] removing player 2 token from slot 1
[20:08:46.189] [SEVERE ] removing player 2 token from slot 3
[20:08:46.189] [SEVERE ] removing player 2 token from slot 8
[20:08:46.189] [INFO   ] thread dealerstep 2.
[20:08:46.189] [INFO   ] thread Thread-1 player was notified by dealer.
[20:08:46.189] [INFO   ] penalty
[20:08:46.189] [SEVERE ] setting player 2 freeze to 0
[20:08:46.236] [SEVERE ] player 1 placing token on slot 4
[20:08:46.393] [SEVERE ] player 4 placing token on slot 8
[20:08:46.549] [SEVERE ] player 2 placing token on slot 6
[20:08:46.549] [SEVERE ] player 3 placing token on slot 11
[20:08:46.906] [SEVERE ] player 2 placing token on slot 5
[20:08:46.906] [SEVERE ] player 3 placing token on slot 0
[20:08:47.063] [INFO   ] remove  in the table step 1
[20:08:47.063] [INFO   ] remove  in the table step 2
[20:08:47.063] [SEVERE ] removing player 1 token from slot 3
[20:08:47.063] [SEVERE ] removing player 1 token from slot 6
[20:08:47.063] [SEVERE ] removing player 1 token from slot 4
[20:08:47.063] [INFO   ] thread dealerstep 2.
[20:08:47.063] [INFO   ] remove  in the table step 1
[20:08:47.063] [INFO   ] remove  in the table step 2
[20:08:47.063] [SEVERE ] removing player 4 token from slot 0
[20:08:47.063] [INFO   ] thread Thread-0 player was notified by dealer.
[20:08:47.065] [INFO   ] penalty
[20:08:47.065] [SEVERE ] setting player 1 freeze to 0
[20:08:47.063] [SEVERE ] removing player 4 token from slot 11
[20:08:47.065] [SEVERE ] removing player 4 token from slot 8
[20:08:47.065] [INFO   ] thread dealerstep 2.
[20:08:47.065] [INFO   ] thread Thread-3 player was notified by dealer.
[20:08:47.065] [INFO   ] penalty
[20:08:47.065] [SEVERE ] setting player 4 freeze to 0
[20:08:47.268] [SEVERE ] player 2 placing token on slot 7
[20:08:47.268] [SEVERE ] player 3 placing token on slot 3
[20:08:47.425] [SEVERE ] player 4 placing token on slot 9
[20:08:47.425] [SEVERE ] player 1 placing token on slot 4
[20:08:47.786] [SEVERE ] player 4 placing token on slot 10
[20:08:47.786] [SEVERE ] removing player 1 token from slot 4
[20:08:47.927] [INFO   ] remove  in the table step 1
[20:08:47.927] [INFO   ] remove  in the table step 2
[20:08:47.927] [SEVERE ] removing player 2 token from slot 6
[20:08:47.927] [SEVERE ] removing player 2 token from slot 5
[20:08:47.927] [SEVERE ] removing player 2 token from slot 7
[20:08:47.927] [INFO   ] thread dealerstep 2.
[20:08:47.927] [INFO   ] remove  in the table step 1
[20:08:47.927] [INFO   ] remove  in the table step 2
[20:08:47.927] [INFO   ] thread Thread-1 player was notified by dealer.
[20:08:47.930] [INFO   ] penalty
[20:08:47.930] [SEVERE ] setting player 2 freeze to 0
[20:08:47.930] [SEVERE ] removing player 3 token from slot 11
[20:08:47.930] [SEVERE ] removing player 3 token from slot 0
[20:08:47.930] [SEVERE ] removing player 3 token from slot 3
[20:08:47.930] [INFO   ] thread dealerstep 2.
[20:08:47.930] [INFO   ] thread Thread-2 player was notified by dealer.
[20:08:47.930] [INFO   ] penalty
[20:08:47.930] [SEVERE ] setting player 3 freeze to 0
[20:08:48.149] [SEVERE ] player 1 placing token on slot 6
[20:08:48.149] [SEVERE ] player 4 placing token on slot 3
[20:08:48.290] [SEVERE ] player 3 placing token on slot 1
[20:08:48.290] [SEVERE ] player 2 placing token on slot 1
[20:08:48.510] [SEVERE ] removing player 1 token from slot 6
[20:08:48.654] [SEVERE ] player 2 placing token on slot 2
[20:08:48.654] [SEVERE ] player 3 placing token on slot 8
[20:08:48.811] [INFO   ] remove  in the table step 1
[20:08:48.811] [INFO   ] remove  in the table step 2
[20:08:48.811] [SEVERE ] removing player 4 token from slot 9
[20:08:48.811] [SEVERE ] removing player 4 token from slot 10
[20:08:48.811] [SEVERE ] removing player 4 token from slot 3
[20:08:48.811] [INFO   ] thread dealerstep 2.
[20:08:48.811] [INFO   ] thread Thread-3 player was notified by dealer.
[20:08:48.811] [INFO   ] penalty
[20:08:48.811] [SEVERE ] setting player 4 freeze to 0
[20:08:48.873] [SEVERE ] player 1 placing token on slot 5
[20:08:49.014] [SEVERE ] player 2 placing token on slot 11
[20:08:49.014] [SEVERE ] removing player 3 token from slot 8
[20:08:49.170] [SEVERE ] player 4 placing token on slot 2
[20:08:49.233] [SEVERE ] removing player 1 token from slot 5
[20:08:49.249] [SEVERE ] updating countdown to 10000
[20:08:49.374] [SEVERE ] player 3 placing token on slot 7
[20:08:49.530] [SEVERE ] player 4 placing token on slot 9
[20:08:49.592] [SEVERE ] player 1 placing token on slot 7
[20:08:49.686] [INFO   ] remove  in the table step 1
[20:08:49.686] [INFO   ] remove  in the table step 2
[20:08:49.686] [SEVERE ] removing player 1 token from slot 7
[20:08:49.686] [SEVERE ] removing player 2 token from slot 1
[20:08:49.686] [SEVERE ] removing player 2 token from slot 2
[20:08:49.686] [INFO   ] thread Thread-1 player was notified by dealer.
[20:08:49.687] [INFO   ] penalty
[20:08:49.688] [SEVERE ] setting player 2 freeze to 0
[20:08:49.687] [SEVERE ] removing player 2 token from slot 11
[20:08:49.688] [SEVERE ] removing player 3 token from slot 1
[20:08:49.688] [SEVERE ] removing player 3 token from slot 7
[20:08:49.688] [SEVERE ] removing player 4 token from slot 2
[20:08:49.688] [SEVERE ] removing player 4 token from slot 9
[20:08:49.688] [SEVERE ] updating countdown to 9561
[20:08:49.797] [SEVERE ] removing card from slot 0
[20:08:49.906] [SEVERE ] removing card from slot 1
[20:08:50.015] [SEVERE ] removing card from slot 2
[20:08:50.125] [SEVERE ] removing card from slot 3
[20:08:50.227] [SEVERE ] removing card from slot 4
[20:08:50.337] [SEVERE ] removing card from slot 5
[20:08:50.446] [SEVERE ] removing card from slot 6
[20:08:50.558] [SEVERE ] removing card from slot 7
[20:08:50.667] [SEVERE ] removing card from slot 8
[20:08:50.772] [SEVERE ] removing card from slot 9
[20:08:50.881] [SEVERE ] removing card from slot 10
[20:08:50.984] [SEVERE ] removing card from slot 11
[20:08:51.531] [SEVERE ] placing card 32 in slot 0
[20:08:51.640] [SEVERE ] placing card 10 in slot 1
[20:08:51.754] [SEVERE ] placing card 16 in slot 2
[20:08:51.863] [SEVERE ] placing card 30 in slot 3
[20:08:51.972] [SEVERE ] placing card 12 in slot 4
[20:08:52.082] [SEVERE ] placing card 56 in slot 5
[20:08:52.191] [SEVERE ] placing card 60 in slot 6
[20:08:52.301] [SEVERE ] placing card 47 in slot 7
[20:08:52.410] [SEVERE ] placing card 58 in slot 8
[20:08:52.519] [SEVERE ] placing card 29 in slot 9
[20:08:52.629] [SEVERE ] placing card 3 in slot 10
[20:08:52.738] [SEVERE ] placing card 18 in slot 11
[20:08:52.738] [SEVERE ] updating countdown to 6511
[20:08:52.738] [SEVERE ] updating countdown to 6511
[20:08:52.738] [SEVERE ] updating countdown to 6511
[20:08:53.181] [INFO   ] remove  in the table step 1
[20:08:53.181] [INFO   ] remove  in the table step 2
[20:08:53.181] [SEVERE ] updating countdown to 6068
[20:08:53.183] [INFO   ] thread dealer terminated.
[20:08:58.190] [SEVERE ] thanks for playing... it was fun!
[20:08:58.190] [INFO   ] thread main terminated.
[20:08:58.190] [SEVERE ] disposing of user interface elements
