[19:24:26.709] [INFO   ] thread main starting.
[19:24:26.720] [SEVERE ] cannot read configuration file config.properties trying from resources.
[19:24:26.722] [SEVERE ] configuration file was loaded from resources directory.
[19:24:27.284] [INFO   ] thread dealer starting.
[19:24:27.285] [INFO   ] thread dealer starting.
[19:24:27.285] [INFO   ] thread Thread-0 starting.
[19:24:27.286] [INFO   ] thread computer-0 starting.
[19:24:27.287] [INFO   ] thread Thread-1 starting.
[19:24:27.287] [INFO   ] thread computer-1 starting.
[19:24:27.287] [SEVERE ] updating countdown to 60000
[19:24:27.598] [SEVERE ] placing card 23 in slot 0
[19:24:27.699] [SEVERE ] placing card 5 in slot 1
[19:24:27.801] [SEVERE ] placing card 57 in slot 2
[19:24:27.909] [SEVERE ] placing card 22 in slot 3
[19:24:28.020] [SEVERE ] placing card 32 in slot 4
[19:24:28.129] [SEVERE ] placing card 25 in slot 5
[19:24:28.238] [SEVERE ] placing card 36 in slot 6
[19:24:28.347] [SEVERE ] placing card 38 in slot 7
[19:24:28.455] [SEVERE ] placing card 29 in slot 8
[19:24:28.564] [SEVERE ] placing card 68 in slot 9
[19:24:28.673] [SEVERE ] placing card 34 in slot 10
[19:24:28.782] [SEVERE ] placing card 50 in slot 11
[19:24:28.783] [SEVERE ] updating countdown to 58507
[19:24:28.783] [SEVERE ] updating countdown to 58507
[19:24:29.152] [SEVERE ] player 1 placing token on slot 10
[19:24:29.152] [SEVERE ] player 2 placing token on slot 0
[19:24:29.509] [SEVERE ] removing player 1 token from slot 10
[19:24:29.509] [SEVERE ] player 2 placing token on slot 8
[19:24:29.802] [SEVERE ] updating countdown to 57488
[19:24:29.864] [SEVERE ] player 2 placing token on slot 7
[19:24:29.864] [SEVERE ] player 1 placing token on slot 3
[19:24:30.018] [INFO   ] remove  in the table step 1
[19:24:30.019] [INFO   ] remove  in the table step 2
[19:24:30.019] [SEVERE ] updating countdown to 57271
[19:24:30.020] [SEVERE ] removing player 2 token from slot 0
[19:24:30.020] [SEVERE ] updating countdown to 57270
[19:24:30.020] [SEVERE ] updating countdown to 57270
[19:24:30.022] [SEVERE ] removing player 2 token from slot 8
[19:24:30.022] [SEVERE ] updating countdown to 57268
[19:24:30.022] [SEVERE ] updating countdown to 57268
[19:24:30.022] [SEVERE ] removing player 2 token from slot 7
[19:24:30.023] [SEVERE ] updating countdown to 57267
[19:24:30.023] [INFO   ] thread dealerstep 2.
[19:24:30.023] [SEVERE ] updating countdown to 57267
[19:24:30.024] [INFO   ] thread Thread-1 player was notified by dealer.
[19:24:30.024] [INFO   ] penalty
[19:24:30.025] [SEVERE ] setting player 2 freeze to 3000
[19:24:30.221] [SEVERE ] player 1 placing token on slot 7
[19:24:30.235] [SEVERE ] updating countdown to 57055
[19:24:30.236] [SEVERE ] updating countdown to 57054
[19:24:30.579] [SEVERE ] removing player 1 token from slot 7
[19:24:30.934] [SEVERE ] player 1 placing token on slot 1
[19:24:31.028] [SEVERE ] setting player 2 freeze to 2000
[19:24:31.246] [SEVERE ] updating countdown to 56044
[19:24:31.293] [SEVERE ] player 1 placing token on slot 4
[19:24:31.463] [INFO   ] remove  in the table step 1
[19:24:31.463] [INFO   ] remove  in the table step 2
[19:24:31.463] [SEVERE ] updating countdown to 55827
[19:24:31.464] [SEVERE ] removing player 1 token from slot 3
[19:24:31.464] [SEVERE ] updating countdown to 55826
[19:24:31.464] [SEVERE ] updating countdown to 55826
[19:24:31.464] [SEVERE ] removing player 1 token from slot 1
[19:24:31.464] [SEVERE ] updating countdown to 55826
[19:24:31.464] [SEVERE ] updating countdown to 55826
[19:24:31.464] [SEVERE ] removing player 1 token from slot 4
[19:24:31.464] [SEVERE ] updating countdown to 55826
[19:24:31.464] [INFO   ] thread dealerstep 2.
[19:24:31.464] [SEVERE ] updating countdown to 55826
[19:24:31.464] [INFO   ] thread Thread-0 player was notified by dealer.
[19:24:31.465] [INFO   ] penalty
[19:24:31.465] [SEVERE ] setting player 1 freeze to 3000
[19:24:31.682] [SEVERE ] updating countdown to 55608
[19:24:31.683] [SEVERE ] updating countdown to 55607
[19:24:32.037] [SEVERE ] setting player 2 freeze to 1000
[19:24:32.476] [SEVERE ] setting player 1 freeze to 2000
[19:24:32.694] [SEVERE ] updating countdown to 54596
[19:24:33.040] [SEVERE ] setting player 2 freeze to 0
[19:24:33.133] [SEVERE ] updating countdown to 54157
[19:24:33.134] [SEVERE ] updating countdown to 54156
[19:24:33.487] [SEVERE ] setting player 1 freeze to 1000
[19:24:33.490] [SEVERE ] player 2 placing token on slot 11
[19:24:33.843] [SEVERE ] player 2 placing token on slot 10
[19:24:34.152] [SEVERE ] updating countdown to 53138
[19:24:34.199] [SEVERE ] player 2 placing token on slot 6
[19:24:34.372] [INFO   ] remove  in the table step 1
[19:24:34.373] [INFO   ] remove  in the table step 2
[19:24:34.374] [SEVERE ] updating countdown to 52916
[19:24:34.376] [SEVERE ] removing player 2 token from slot 11
[19:24:34.376] [SEVERE ] updating countdown to 52914
[19:24:34.479] [SEVERE ] removing card from slot 11
[19:24:34.482] [SEVERE ] updating countdown to 52808
[19:24:34.482] [SEVERE ] updating countdown to 52808
[19:24:34.483] [SEVERE ] updating countdown to 52807
[19:24:34.483] [SEVERE ] removing player 2 token from slot 10
[19:24:34.485] [SEVERE ] updating countdown to 52805
[19:24:34.491] [SEVERE ] setting player 1 freeze to 0
[19:24:34.588] [SEVERE ] removing card from slot 10
[19:24:34.588] [SEVERE ] updating countdown to 52702
[19:24:34.589] [SEVERE ] updating countdown to 52701
[19:24:34.589] [SEVERE ] updating countdown to 52701
[19:24:34.589] [SEVERE ] removing player 2 token from slot 6
[19:24:34.589] [SEVERE ] updating countdown to 52701
[19:24:34.698] [SEVERE ] removing card from slot 6
[19:24:34.698] [SEVERE ] updating countdown to 52592
[19:24:34.698] [SEVERE ] updating countdown to 52592
[19:24:34.698] [INFO   ] thread dealerstep 2.
[19:24:34.698] [SEVERE ] updating countdown to 60000
[19:24:34.698] [INFO   ] thread Thread-1 player was notified by dealer.
[19:24:34.699] [INFO   ] point
[19:24:34.699] [SEVERE ] setting player 2 score to 1
[19:24:34.699] [SEVERE ] setting player 2 freeze to 1000
[19:24:35.026] [SEVERE ] placing card 31 in slot 6
[19:24:35.136] [SEVERE ] placing card 51 in slot 10
[19:24:35.244] [SEVERE ] placing card 26 in slot 11
[19:24:35.245] [SEVERE ] updating countdown to 59453
[19:24:35.246] [SEVERE ] updating countdown to 59452
[19:24:35.617] [SEVERE ] player 1 placing token on slot 11
[19:24:35.711] [SEVERE ] setting player 2 freeze to 0
[19:24:35.973] [SEVERE ] player 1 placing token on slot 5
[19:24:36.066] [SEVERE ] player 2 placing token on slot 11
[19:24:36.253] [SEVERE ] updating countdown to 58445
[19:24:36.330] [SEVERE ] player 1 placing token on slot 9
[19:24:36.422] [SEVERE ] player 2 placing token on slot 4
[19:24:36.469] [INFO   ] remove  in the table step 1
[19:24:36.470] [INFO   ] remove  in the table step 2
[19:24:36.470] [SEVERE ] updating countdown to 58228
[19:24:36.470] [SEVERE ] removing player 1 token from slot 11
[19:24:36.470] [SEVERE ] updating countdown to 58228
[19:24:36.471] [SEVERE ] updating countdown to 58227
[19:24:36.471] [SEVERE ] removing player 1 token from slot 5
[19:24:36.471] [SEVERE ] updating countdown to 58227
[19:24:36.472] [SEVERE ] updating countdown to 58226
[19:24:36.472] [SEVERE ] removing player 1 token from slot 9
[19:24:36.473] [SEVERE ] updating countdown to 58225
[19:24:36.473] [INFO   ] thread dealerstep 2.
[19:24:36.473] [SEVERE ] updating countdown to 58225
[19:24:36.473] [INFO   ] thread Thread-0 player was notified by dealer.
[19:24:36.473] [INFO   ] penalty
[19:24:36.473] [SEVERE ] setting player 1 freeze to 3000
[19:24:36.687] [SEVERE ] updating countdown to 58011
[19:24:36.687] [SEVERE ] updating countdown to 58011
[19:24:36.781] [SEVERE ] player 2 placing token on slot 3
[19:24:36.782] [SEVERE ] updating countdown to 57916
[19:24:36.999] [INFO   ] remove  in the table step 1
[19:24:36.999] [INFO   ] remove  in the table step 2
[19:24:37.000] [SEVERE ] updating countdown to 57698
[19:24:37.000] [SEVERE ] removing player 2 token from slot 11
[19:24:37.000] [SEVERE ] updating countdown to 57698
[19:24:37.001] [SEVERE ] updating countdown to 57697
[19:24:37.002] [SEVERE ] removing player 2 token from slot 4
[19:24:37.002] [SEVERE ] updating countdown to 57696
[19:24:37.002] [SEVERE ] updating countdown to 57696
[19:24:37.003] [SEVERE ] removing player 2 token from slot 3
[19:24:37.003] [SEVERE ] updating countdown to 57695
[19:24:37.003] [INFO   ] thread dealerstep 2.
[19:24:37.004] [SEVERE ] updating countdown to 57694
[19:24:37.004] [INFO   ] thread Thread-1 player was notified by dealer.
[19:24:37.004] [INFO   ] penalty
[19:24:37.005] [SEVERE ] setting player 2 freeze to 3000
[19:24:37.217] [SEVERE ] updating countdown to 57481
[19:24:37.217] [SEVERE ] updating countdown to 57481
[19:24:37.482] [SEVERE ] setting player 1 freeze to 2000
[19:24:38.013] [SEVERE ] setting player 2 freeze to 2000
[19:24:38.233] [SEVERE ] updating countdown to 56465
[19:24:38.496] [SEVERE ] setting player 1 freeze to 1000
[19:24:38.667] [SEVERE ] updating countdown to 56031
[19:24:38.667] [SEVERE ] updating countdown to 56031
[19:24:39.025] [SEVERE ] setting player 2 freeze to 1000
[19:24:39.507] [SEVERE ] setting player 1 freeze to 0
[19:24:39.675] [SEVERE ] updating countdown to 55023
[19:24:39.862] [SEVERE ] player 1 placing token on slot 0
[19:24:40.033] [SEVERE ] setting player 2 freeze to 0
[19:24:40.112] [SEVERE ] updating countdown to 54586
[19:24:40.112] [SEVERE ] updating countdown to 54586
[19:24:40.221] [SEVERE ] player 1 placing token on slot 7
[19:24:40.472] [SEVERE ] player 2 placing token on slot 8
[19:24:40.581] [SEVERE ] player 1 placing token on slot 1
[19:24:40.581] [SEVERE ] updating countdown to 54117
[19:24:40.798] [INFO   ] remove  in the table step 1
[19:24:40.798] [INFO   ] remove  in the table step 2
[19:24:40.798] [SEVERE ] updating countdown to 53900
[19:24:40.799] [SEVERE ] removing player 1 token from slot 0
[19:24:40.800] [SEVERE ] updating countdown to 53898
[19:24:40.801] [SEVERE ] updating countdown to 53897
[19:24:40.801] [SEVERE ] removing player 1 token from slot 7
[19:24:40.802] [SEVERE ] updating countdown to 53896
[19:24:40.803] [SEVERE ] updating countdown to 53895
[19:24:40.804] [SEVERE ] removing player 1 token from slot 1
[19:24:40.804] [SEVERE ] updating countdown to 53894
[19:24:40.804] [INFO   ] thread dealerstep 2.
[19:24:40.804] [SEVERE ] updating countdown to 53894
[19:24:40.804] [INFO   ] thread Thread-0 player was notified by dealer.
[19:24:40.804] [INFO   ] penalty
[19:24:40.805] [SEVERE ] setting player 1 freeze to 3000
[19:24:40.829] [SEVERE ] removing player 2 token from slot 8
[19:24:41.015] [SEVERE ] updating countdown to 53683
[19:24:41.015] [SEVERE ] updating countdown to 53683
[19:24:41.184] [SEVERE ] player 2 placing token on slot 3
[19:24:41.542] [SEVERE ] player 2 placing token on slot 8
[19:24:41.808] [SEVERE ] setting player 1 freeze to 2000
[19:24:41.900] [SEVERE ] player 2 placing token on slot 7
[19:24:41.900] [SEVERE ] updating countdown to 52798
[19:24:42.118] [INFO   ] remove  in the table step 1
[19:24:42.118] [INFO   ] remove  in the table step 2
[19:24:42.119] [SEVERE ] updating countdown to 52579
[19:24:42.119] [SEVERE ] removing player 2 token from slot 3
[19:24:42.119] [SEVERE ] updating countdown to 52579
[19:24:42.119] [SEVERE ] updating countdown to 52579
[19:24:42.120] [SEVERE ] removing player 2 token from slot 8
[19:24:42.120] [SEVERE ] updating countdown to 52578
[19:24:42.121] [SEVERE ] updating countdown to 52577
[19:24:42.122] [SEVERE ] removing player 2 token from slot 7
[19:24:42.122] [SEVERE ] updating countdown to 52576
[19:24:42.122] [INFO   ] thread dealerstep 2.
[19:24:42.123] [SEVERE ] updating countdown to 52575
[19:24:42.123] [INFO   ] thread Thread-1 player was notified by dealer.
[19:24:42.124] [INFO   ] penalty
[19:24:42.124] [SEVERE ] setting player 2 freeze to 3000
[19:24:42.335] [SEVERE ] updating countdown to 52363
[19:24:42.335] [SEVERE ] updating countdown to 52363
[19:24:42.819] [SEVERE ] setting player 1 freeze to 1000
[19:24:43.130] [SEVERE ] setting player 2 freeze to 2000
[19:24:43.349] [SEVERE ] updating countdown to 51349
[19:24:43.781] [SEVERE ] updating countdown to 50917
[19:24:43.782] [SEVERE ] updating countdown to 50916
[19:24:43.829] [SEVERE ] setting player 1 freeze to 0
[19:24:44.139] [SEVERE ] setting player 2 freeze to 1000
[19:24:44.186] [SEVERE ] player 1 placing token on slot 6
[19:24:44.543] [SEVERE ] player 1 placing token on slot 1
[19:24:44.792] [SEVERE ] updating countdown to 49906
[19:24:44.902] [SEVERE ] player 1 placing token on slot 4
[19:24:45.010] [INFO   ] remove  in the table step 1
[19:24:45.010] [INFO   ] remove  in the table step 2
[19:24:45.010] [SEVERE ] updating countdown to 49688
[19:24:45.010] [SEVERE ] removing player 1 token from slot 6
[19:24:45.010] [SEVERE ] updating countdown to 49688
[19:24:45.010] [SEVERE ] updating countdown to 49688
[19:24:45.010] [SEVERE ] removing player 1 token from slot 1
[19:24:45.012] [SEVERE ] updating countdown to 49686
[19:24:45.012] [SEVERE ] updating countdown to 49686
[19:24:45.012] [SEVERE ] removing player 1 token from slot 4
[19:24:45.012] [SEVERE ] updating countdown to 49686
[19:24:45.012] [INFO   ] thread dealerstep 2.
[19:24:45.012] [SEVERE ] updating countdown to 49686
[19:24:45.012] [INFO   ] thread Thread-0 player was notified by dealer.
[19:24:45.012] [INFO   ] penalty
[19:24:45.012] [SEVERE ] setting player 1 freeze to 3000
[19:24:45.150] [SEVERE ] setting player 2 freeze to 0
[19:24:45.227] [SEVERE ] updating countdown to 49471
[19:24:45.227] [SEVERE ] updating countdown to 49471
[19:24:45.507] [SEVERE ] player 2 placing token on slot 9
[19:24:45.862] [SEVERE ] player 2 placing token on slot 0
[19:24:46.016] [SEVERE ] setting player 1 freeze to 2000
[19:24:46.220] [SEVERE ] player 2 placing token on slot 5
[19:24:46.221] [SEVERE ] updating countdown to 48477
[19:24:46.437] [INFO   ] remove  in the table step 1
[19:24:46.438] [INFO   ] remove  in the table step 2
[19:24:46.438] [SEVERE ] updating countdown to 48260
[19:24:46.438] [SEVERE ] removing player 2 token from slot 9
[19:24:46.439] [SEVERE ] updating countdown to 48259
[19:24:46.439] [SEVERE ] updating countdown to 48259
[19:24:46.439] [SEVERE ] removing player 2 token from slot 0
[19:24:46.440] [SEVERE ] updating countdown to 48258
[19:24:46.440] [SEVERE ] updating countdown to 48258
[19:24:46.440] [SEVERE ] removing player 2 token from slot 5
[19:24:46.440] [SEVERE ] updating countdown to 48258
[19:24:46.440] [INFO   ] thread dealerstep 2.
[19:24:46.442] [SEVERE ] updating countdown to 48256
[19:24:46.443] [INFO   ] thread Thread-1 player was notified by dealer.
[19:24:46.443] [INFO   ] penalty
[19:24:46.443] [SEVERE ] setting player 2 freeze to 3000
[19:24:46.655] [SEVERE ] updating countdown to 48043
[19:24:46.655] [SEVERE ] updating countdown to 48043
[19:24:47.029] [SEVERE ] setting player 1 freeze to 1000
[19:24:47.452] [SEVERE ] setting player 2 freeze to 2000
[19:24:47.668] [SEVERE ] updating countdown to 47030
[19:24:48.044] [SEVERE ] setting player 1 freeze to 0
[19:24:48.105] [SEVERE ] updating countdown to 46593
[19:24:48.105] [SEVERE ] updating countdown to 46593
[19:24:48.463] [SEVERE ] setting player 2 freeze to 1000
[19:24:48.463] [SEVERE ] player 1 placing token on slot 0
[19:24:48.820] [SEVERE ] player 1 placing token on slot 4
[19:24:49.116] [SEVERE ] updating countdown to 45582
[19:24:49.179] [SEVERE ] removing player 1 token from slot 0
[19:24:49.477] [SEVERE ] setting player 2 freeze to 0
[19:24:49.554] [SEVERE ] updating countdown to 45144
[19:24:49.554] [SEVERE ] updating countdown to 45144
[19:24:49.914] [SEVERE ] player 1 placing token on slot 10
[19:24:49.914] [SEVERE ] player 2 placing token on slot 1
[19:24:50.272] [SEVERE ] player 2 placing token on slot 6
[19:24:50.272] [SEVERE ] player 1 placing token on slot 5
[19:24:50.273] [SEVERE ] updating countdown to 44425
[19:24:50.491] [INFO   ] remove  in the table step 1
[19:24:50.492] [INFO   ] remove  in the table step 2
[19:24:50.492] [SEVERE ] updating countdown to 44206
[19:24:50.492] [SEVERE ] removing player 1 token from slot 4
[19:24:50.492] [SEVERE ] updating countdown to 44206
[19:24:50.492] [SEVERE ] updating countdown to 44206
[19:24:50.492] [SEVERE ] removing player 1 token from slot 10
[19:24:50.492] [SEVERE ] updating countdown to 44206
[19:24:50.492] [SEVERE ] updating countdown to 44206
[19:24:50.492] [SEVERE ] removing player 1 token from slot 5
[19:24:50.492] [SEVERE ] updating countdown to 44206
[19:24:50.492] [INFO   ] thread dealerstep 2.
[19:24:50.492] [SEVERE ] updating countdown to 44206
[19:24:50.493] [INFO   ] thread Thread-0 player was notified by dealer.
[19:24:50.493] [INFO   ] penalty
[19:24:50.493] [SEVERE ] setting player 1 freeze to 3000
[19:24:50.633] [SEVERE ] player 2 placing token on slot 9
[19:24:50.710] [SEVERE ] updating countdown to 43988
[19:24:50.710] [SEVERE ] updating countdown to 43988
[19:24:50.712] [SEVERE ] updating countdown to 43986
[19:24:50.929] [INFO   ] remove  in the table step 1
[19:24:50.929] [INFO   ] remove  in the table step 2
[19:24:50.930] [SEVERE ] updating countdown to 43768
[19:24:50.930] [SEVERE ] removing player 2 token from slot 1
[19:24:50.931] [SEVERE ] updating countdown to 43767
[19:24:50.932] [SEVERE ] updating countdown to 43766
[19:24:50.933] [SEVERE ] removing player 2 token from slot 6
[19:24:50.933] [SEVERE ] updating countdown to 43765
[19:24:50.933] [SEVERE ] updating countdown to 43765
[19:24:50.933] [SEVERE ] removing player 2 token from slot 9
[19:24:50.933] [SEVERE ] updating countdown to 43765
[19:24:50.934] [INFO   ] thread dealerstep 2.
[19:24:50.935] [SEVERE ] updating countdown to 43763
[19:24:50.937] [INFO   ] thread Thread-1 player was notified by dealer.
[19:24:50.937] [INFO   ] penalty
[19:24:50.938] [SEVERE ] setting player 2 freeze to 3000
[19:24:51.159] [SEVERE ] updating countdown to 43539
[19:24:51.159] [SEVERE ] updating countdown to 43539
[19:24:51.502] [SEVERE ] setting player 1 freeze to 2000
[19:24:51.954] [SEVERE ] setting player 2 freeze to 2000
[19:24:52.172] [SEVERE ] updating countdown to 42526
[19:24:52.514] [SEVERE ] setting player 1 freeze to 1000
[19:24:52.609] [SEVERE ] updating countdown to 42089
[19:24:52.609] [SEVERE ] updating countdown to 42089
[19:24:52.967] [SEVERE ] setting player 2 freeze to 1000
[19:24:53.526] [SEVERE ] setting player 1 freeze to 0
[19:24:53.620] [SEVERE ] updating countdown to 41078
[19:24:53.981] [SEVERE ] setting player 2 freeze to 0
[19:24:54.059] [SEVERE ] updating countdown to 40639
[19:24:54.060] [SEVERE ] updating countdown to 40638
[19:24:54.417] [SEVERE ] player 1 placing token on slot 2
[19:24:54.417] [SEVERE ] player 2 placing token on slot 10
[19:24:54.773] [SEVERE ] player 2 placing token on slot 2
[19:24:54.773] [SEVERE ] player 1 placing token on slot 11
[19:24:55.065] [SEVERE ] updating countdown to 39633
[19:24:55.128] [SEVERE ] player 2 placing token on slot 5
[19:24:55.128] [SEVERE ] player 1 placing token on slot 9
[19:24:55.284] [INFO   ] remove  in the table step 1
[19:24:55.284] [INFO   ] remove  in the table step 2
[19:24:55.284] [SEVERE ] updating countdown to 39414
[19:24:55.285] [SEVERE ] removing player 2 token from slot 10
[19:24:55.285] [SEVERE ] updating countdown to 39413
[19:24:55.285] [SEVERE ] updating countdown to 39413
[19:24:55.285] [SEVERE ] removing player 2 token from slot 2
[19:24:55.286] [SEVERE ] updating countdown to 39412
[19:24:55.286] [SEVERE ] updating countdown to 39412
[19:24:55.286] [SEVERE ] removing player 2 token from slot 5
[19:24:55.286] [SEVERE ] updating countdown to 39412
[19:24:55.286] [INFO   ] thread dealerstep 2.
[19:24:55.286] [SEVERE ] updating countdown to 39412
[19:24:55.286] [INFO   ] remove  in the table step 1
[19:24:55.286] [INFO   ] remove  in the table step 2
[19:24:55.286] [INFO   ] thread Thread-1 player was notified by dealer.
[19:24:55.287] [INFO   ] penalty
[19:24:55.286] [SEVERE ] updating countdown to 39412
[19:24:55.287] [SEVERE ] setting player 2 freeze to 3000
[19:24:55.287] [SEVERE ] removing player 1 token from slot 2
[19:24:55.288] [SEVERE ] updating countdown to 39410
[19:24:55.288] [SEVERE ] updating countdown to 39410
[19:24:55.289] [SEVERE ] removing player 1 token from slot 11
[19:24:55.289] [SEVERE ] updating countdown to 39409
[19:24:55.289] [SEVERE ] updating countdown to 39409
[19:24:55.289] [SEVERE ] removing player 1 token from slot 9
[19:24:55.290] [SEVERE ] updating countdown to 39408
[19:24:55.291] [INFO   ] thread dealerstep 2.
[19:24:55.291] [SEVERE ] updating countdown to 39407
[19:24:55.292] [INFO   ] thread Thread-0 player was notified by dealer.
[19:24:55.292] [INFO   ] penalty
[19:24:55.292] [SEVERE ] setting player 1 freeze to 3000
[19:24:55.501] [SEVERE ] updating countdown to 39197
[19:24:55.501] [SEVERE ] updating countdown to 39197
[19:24:56.292] [SEVERE ] setting player 2 freeze to 2000
[19:24:56.307] [SEVERE ] setting player 1 freeze to 2000
[19:24:56.512] [SEVERE ] updating countdown to 38186
[19:24:56.947] [SEVERE ] updating countdown to 37751
[19:24:56.948] [SEVERE ] updating countdown to 37750
[19:24:57.305] [SEVERE ] setting player 2 freeze to 1000
[19:24:57.322] [SEVERE ] setting player 1 freeze to 1000
[19:24:57.962] [SEVERE ] updating countdown to 36736
[19:24:58.316] [SEVERE ] setting player 2 freeze to 0
[19:24:58.331] [SEVERE ] setting player 1 freeze to 0
[19:24:58.393] [SEVERE ] updating countdown to 36305
[19:24:58.393] [SEVERE ] updating countdown to 36305
[19:24:58.749] [SEVERE ] player 2 placing token on slot 1
[19:24:58.749] [SEVERE ] player 1 placing token on slot 8
[19:24:59.108] [SEVERE ] player 1 placing token on slot 1
[19:24:59.108] [SEVERE ] player 2 placing token on slot 5
[19:24:59.405] [SEVERE ] updating countdown to 35293
[19:24:59.469] [SEVERE ] player 2 placing token on slot 8
[19:24:59.469] [SEVERE ] player 1 placing token on slot 0
[19:24:59.623] [INFO   ] remove  in the table step 1
[19:24:59.623] [INFO   ] remove  in the table step 2
[19:24:59.623] [SEVERE ] updating countdown to 35075
[19:24:59.623] [SEVERE ] removing player 2 token from slot 1
[19:24:59.623] [SEVERE ] updating countdown to 35075
[19:24:59.623] [SEVERE ] updating countdown to 35075
[19:24:59.623] [SEVERE ] removing player 2 token from slot 5
[19:24:59.623] [SEVERE ] updating countdown to 35075
[19:24:59.623] [SEVERE ] updating countdown to 35075
[19:24:59.623] [SEVERE ] removing player 2 token from slot 8
[19:24:59.623] [SEVERE ] updating countdown to 35075
[19:24:59.623] [INFO   ] thread dealerstep 2.
[19:24:59.623] [SEVERE ] updating countdown to 35075
[19:24:59.623] [INFO   ] remove  in the table step 1
[19:24:59.623] [INFO   ] remove  in the table step 2
[19:24:59.624] [SEVERE ] updating countdown to 35074
[19:24:59.624] [INFO   ] thread Thread-1 player was notified by dealer.
[19:24:59.624] [INFO   ] penalty
[19:24:59.624] [SEVERE ] setting player 2 freeze to 3000
[19:24:59.624] [SEVERE ] removing player 1 token from slot 8
[19:24:59.624] [SEVERE ] updating countdown to 35074
[19:24:59.624] [SEVERE ] updating countdown to 35074
[19:24:59.624] [SEVERE ] removing player 1 token from slot 1
[19:24:59.624] [SEVERE ] updating countdown to 35074
[19:24:59.624] [SEVERE ] updating countdown to 35074
[19:24:59.624] [SEVERE ] removing player 1 token from slot 0
[19:24:59.624] [SEVERE ] updating countdown to 35074
[19:24:59.624] [INFO   ] thread dealerstep 2.
[19:24:59.624] [SEVERE ] updating countdown to 35074
[19:24:59.624] [INFO   ] thread Thread-0 player was notified by dealer.
[19:24:59.624] [INFO   ] penalty
[19:24:59.624] [SEVERE ] setting player 1 freeze to 3000
[19:24:59.840] [SEVERE ] updating countdown to 34858
[19:24:59.842] [SEVERE ] updating countdown to 34856
[19:25:00.635] [SEVERE ] setting player 2 freeze to 2000
[19:25:00.635] [SEVERE ] setting player 1 freeze to 2000
[19:25:00.851] [SEVERE ] updating countdown to 33847
[19:25:01.284] [SEVERE ] updating countdown to 33414
[19:25:01.284] [SEVERE ] updating countdown to 33414
[19:25:01.642] [SEVERE ] setting player 1 freeze to 1000
[19:25:01.642] [SEVERE ] setting player 2 freeze to 1000
[19:25:02.296] [SEVERE ] updating countdown to 32402
[19:25:02.655] [SEVERE ] setting player 1 freeze to 0
[19:25:02.655] [SEVERE ] setting player 2 freeze to 0
[19:25:02.732] [SEVERE ] updating countdown to 31966
[19:25:02.732] [SEVERE ] updating countdown to 31966
[19:25:03.088] [SEVERE ] player 2 placing token on slot 1
[19:25:03.088] [SEVERE ] player 1 placing token on slot 3
[19:25:03.445] [SEVERE ] player 2 placing token on slot 10
[19:25:03.445] [SEVERE ] player 1 placing token on slot 6
[19:25:03.741] [SEVERE ] updating countdown to 30957
[19:25:03.803] [SEVERE ] player 2 placing token on slot 3
[19:25:03.803] [SEVERE ] player 1 placing token on slot 1
[19:25:03.957] [INFO   ] remove  in the table step 1
[19:25:03.957] [INFO   ] remove  in the table step 2
[19:25:03.957] [SEVERE ] updating countdown to 30741
[19:25:03.957] [SEVERE ] removing player 2 token from slot 1
[19:25:03.958] [SEVERE ] updating countdown to 30740
[19:25:03.958] [SEVERE ] updating countdown to 30740
[19:25:03.958] [SEVERE ] removing player 2 token from slot 10
[19:25:03.958] [SEVERE ] updating countdown to 30740
[19:25:03.958] [SEVERE ] updating countdown to 30740
[19:25:03.959] [SEVERE ] removing player 2 token from slot 3
[19:25:03.959] [SEVERE ] updating countdown to 30739
[19:25:03.959] [INFO   ] thread dealerstep 2.
[19:25:03.959] [SEVERE ] updating countdown to 30739
[19:25:03.960] [INFO   ] remove  in the table step 1
[19:25:03.960] [INFO   ] thread Thread-1 player was notified by dealer.
[19:25:03.960] [INFO   ] penalty
[19:25:03.960] [SEVERE ] setting player 2 freeze to 3000
[19:25:03.960] [INFO   ] remove  in the table step 2
[19:25:03.960] [SEVERE ] updating countdown to 30738
[19:25:03.960] [SEVERE ] removing player 1 token from slot 3
[19:25:03.961] [SEVERE ] updating countdown to 30737
[19:25:03.961] [SEVERE ] updating countdown to 30737
[19:25:03.961] [SEVERE ] removing player 1 token from slot 6
[19:25:03.961] [SEVERE ] updating countdown to 30737
[19:25:03.961] [SEVERE ] updating countdown to 30737
[19:25:03.961] [SEVERE ] removing player 1 token from slot 1
[19:25:03.961] [SEVERE ] updating countdown to 30737
[19:25:03.961] [INFO   ] thread dealerstep 2.
[19:25:03.962] [SEVERE ] updating countdown to 30736
[19:25:03.962] [INFO   ] thread Thread-0 player was notified by dealer.
[19:25:03.962] [INFO   ] penalty
[19:25:03.962] [SEVERE ] setting player 1 freeze to 3000
[19:25:04.175] [SEVERE ] updating countdown to 30523
[19:25:04.175] [SEVERE ] updating countdown to 30523
[19:25:04.966] [SEVERE ] setting player 1 freeze to 2000
[19:25:04.966] [SEVERE ] setting player 2 freeze to 2000
[19:25:05.183] [SEVERE ] updating countdown to 29515
[19:25:05.619] [SEVERE ] updating countdown to 29079
[19:25:05.619] [SEVERE ] updating countdown to 29079
[19:25:05.977] [SEVERE ] setting player 2 freeze to 1000
[19:25:05.977] [SEVERE ] setting player 1 freeze to 1000
[19:25:06.630] [SEVERE ] updating countdown to 28068
[19:25:06.992] [SEVERE ] setting player 2 freeze to 0
[19:25:06.992] [SEVERE ] setting player 1 freeze to 0
[19:25:07.069] [SEVERE ] updating countdown to 27629
[19:25:07.069] [SEVERE ] updating countdown to 27629
[19:25:07.428] [SEVERE ] player 2 placing token on slot 1
[19:25:07.428] [SEVERE ] player 1 placing token on slot 10
[19:25:07.788] [SEVERE ] removing player 2 token from slot 1
[19:25:07.788] [SEVERE ] player 1 placing token on slot 3
[19:25:08.082] [SEVERE ] updating countdown to 26616
[19:25:08.145] [SEVERE ] player 2 placing token on slot 10
[19:25:08.145] [SEVERE ] player 1 placing token on slot 2
[19:25:08.301] [INFO   ] remove  in the table step 1
[19:25:08.301] [INFO   ] remove  in the table step 2
[19:25:08.301] [SEVERE ] updating countdown to 26397
[19:25:08.302] [SEVERE ] removing player 1 token from slot 10
[19:25:08.302] [SEVERE ] updating countdown to 26396
[19:25:08.302] [SEVERE ] updating countdown to 26396
[19:25:08.302] [SEVERE ] removing player 1 token from slot 3
[19:25:08.302] [SEVERE ] updating countdown to 26396
[19:25:08.302] [SEVERE ] updating countdown to 26396
[19:25:08.302] [SEVERE ] removing player 1 token from slot 2
[19:25:08.302] [SEVERE ] updating countdown to 26396
[19:25:08.303] [INFO   ] thread dealerstep 2.
[19:25:08.303] [SEVERE ] updating countdown to 26395
[19:25:08.303] [INFO   ] thread Thread-0 player was notified by dealer.
[19:25:08.303] [INFO   ] penalty
[19:25:08.303] [SEVERE ] setting player 1 freeze to 3000
[19:25:08.505] [SEVERE ] player 2 placing token on slot 8
[19:25:08.520] [SEVERE ] updating countdown to 26178
[19:25:08.520] [SEVERE ] updating countdown to 26178
[19:25:08.862] [SEVERE ] player 2 placing token on slot 6
[19:25:08.863] [SEVERE ] updating countdown to 25835
[19:25:09.082] [INFO   ] remove  in the table step 1
[19:25:09.082] [INFO   ] remove  in the table step 2
[19:25:09.082] [SEVERE ] updating countdown to 25616
[19:25:09.083] [SEVERE ] removing player 2 token from slot 10
[19:25:09.083] [SEVERE ] updating countdown to 25615
[19:25:09.083] [SEVERE ] updating countdown to 25615
[19:25:09.083] [SEVERE ] removing player 2 token from slot 8
[19:25:09.083] [SEVERE ] updating countdown to 25615
[19:25:09.083] [SEVERE ] updating countdown to 25615
[19:25:09.083] [SEVERE ] removing player 2 token from slot 6
[19:25:09.083] [SEVERE ] updating countdown to 25615
[19:25:09.083] [INFO   ] thread dealerstep 2.
[19:25:09.083] [SEVERE ] updating countdown to 25615
[19:25:09.084] [INFO   ] thread Thread-1 player was notified by dealer.
[19:25:09.084] [INFO   ] penalty
[19:25:09.084] [SEVERE ] setting player 2 freeze to 3000
[19:25:09.298] [SEVERE ] updating countdown to 25400
[19:25:09.298] [SEVERE ] updating countdown to 25400
[19:25:09.313] [SEVERE ] setting player 1 freeze to 2000
[19:25:10.092] [SEVERE ] setting player 2 freeze to 2000
[19:25:10.310] [SEVERE ] updating countdown to 24388
[19:25:10.325] [SEVERE ] setting player 1 freeze to 1000
[19:25:10.745] [SEVERE ] updating countdown to 23953
[19:25:10.746] [SEVERE ] updating countdown to 23952
[19:25:11.107] [SEVERE ] setting player 2 freeze to 1000
[19:25:11.340] [SEVERE ] setting player 1 freeze to 0
[19:25:11.696] [SEVERE ] player 1 placing token on slot 4
[19:25:11.759] [SEVERE ] updating countdown to 22939
[19:25:12.120] [SEVERE ] setting player 2 freeze to 0
[19:25:12.198] [SEVERE ] updating countdown to 22500
[19:25:12.198] [SEVERE ] updating countdown to 22500
[19:25:12.558] [SEVERE ] player 2 placing token on slot 10
[19:25:12.558] [SEVERE ] player 1 placing token on slot 8
[19:25:12.919] [SEVERE ] player 2 placing token on slot 6
[19:25:12.920] [SEVERE ] player 1 placing token on slot 9
[19:25:12.921] [SEVERE ] updating countdown to 21777
[19:25:13.135] [INFO   ] remove  in the table step 1
[19:25:13.135] [INFO   ] remove  in the table step 2
[19:25:13.135] [SEVERE ] updating countdown to 21563
[19:25:13.135] [SEVERE ] removing player 1 token from slot 4
[19:25:13.135] [SEVERE ] updating countdown to 21563
[19:25:13.137] [SEVERE ] updating countdown to 21561
[19:25:13.137] [SEVERE ] removing player 1 token from slot 8
[19:25:13.137] [SEVERE ] updating countdown to 21561
[19:25:13.137] [SEVERE ] updating countdown to 21561
[19:25:13.137] [SEVERE ] removing player 1 token from slot 9
[19:25:13.137] [SEVERE ] updating countdown to 21561
[19:25:13.137] [INFO   ] thread dealerstep 2.
[19:25:13.137] [SEVERE ] updating countdown to 21561
[19:25:13.138] [INFO   ] thread Thread-0 player was notified by dealer.
[19:25:13.138] [INFO   ] penalty
[19:25:13.138] [SEVERE ] setting player 1 freeze to 3000
[19:25:13.276] [SEVERE ] player 2 placing token on slot 4
[19:25:13.355] [SEVERE ] updating countdown to 21343
[19:25:13.355] [SEVERE ] updating countdown to 21343
[19:25:13.356] [SEVERE ] updating countdown to 21342
[19:25:13.572] [INFO   ] remove  in the table step 1
[19:25:13.572] [INFO   ] remove  in the table step 2
[19:25:13.572] [SEVERE ] updating countdown to 21126
[19:25:13.572] [SEVERE ] removing player 2 token from slot 10
[19:25:13.573] [SEVERE ] updating countdown to 21125
[19:25:13.573] [SEVERE ] updating countdown to 21125
[19:25:13.573] [SEVERE ] removing player 2 token from slot 6
[19:25:13.573] [SEVERE ] updating countdown to 21125
[19:25:13.573] [SEVERE ] updating countdown to 21125
[19:25:13.573] [SEVERE ] removing player 2 token from slot 4
[19:25:13.573] [SEVERE ] updating countdown to 21125
[19:25:13.573] [INFO   ] thread dealerstep 2.
[19:25:13.573] [SEVERE ] updating countdown to 21125
[19:25:13.573] [INFO   ] thread Thread-1 player was notified by dealer.
[19:25:13.573] [INFO   ] penalty
[19:25:13.573] [SEVERE ] setting player 2 freeze to 3000
[19:25:13.788] [SEVERE ] updating countdown to 20910
[19:25:13.788] [SEVERE ] updating countdown to 20910
[19:25:14.143] [SEVERE ] setting player 1 freeze to 2000
[19:25:14.577] [SEVERE ] setting player 2 freeze to 2000
[19:25:14.796] [SEVERE ] updating countdown to 19902
[19:25:15.156] [SEVERE ] setting player 1 freeze to 1000
[19:25:15.234] [SEVERE ] updating countdown to 19464
[19:25:15.234] [SEVERE ] updating countdown to 19464
[19:25:15.577] [SEVERE ] setting player 2 freeze to 1000
[19:25:16.168] [SEVERE ] setting player 1 freeze to 0
[19:25:16.245] [SEVERE ] updating countdown to 18453
[19:25:16.584] [SEVERE ] setting player 2 freeze to 0
[19:25:16.677] [SEVERE ] updating countdown to 18021
[19:25:16.677] [SEVERE ] updating countdown to 18021
[19:25:17.035] [SEVERE ] player 2 placing token on slot 7
[19:25:17.035] [SEVERE ] player 1 placing token on slot 4
[19:25:17.394] [SEVERE ] player 1 placing token on slot 0
[19:25:17.394] [SEVERE ] player 2 placing token on slot 10
[19:25:17.690] [SEVERE ] updating countdown to 17008
[19:25:17.754] [SEVERE ] player 1 placing token on slot 7
[19:25:17.754] [SEVERE ] player 2 placing token on slot 0
[19:25:17.910] [INFO   ] remove  in the table step 1
[19:25:17.910] [INFO   ] remove  in the table step 2
[19:25:17.910] [SEVERE ] updating countdown to 16788
[19:25:17.910] [SEVERE ] removing player 1 token from slot 4
[19:25:17.910] [SEVERE ] updating countdown to 16788
[19:25:17.910] [SEVERE ] updating countdown to 16788
[19:25:17.910] [SEVERE ] removing player 1 token from slot 0
[19:25:17.910] [SEVERE ] updating countdown to 16788
[19:25:17.910] [SEVERE ] updating countdown to 16788
[19:25:17.910] [SEVERE ] removing player 1 token from slot 7
[19:25:17.910] [SEVERE ] updating countdown to 16788
[19:25:17.911] [INFO   ] thread dealerstep 2.
[19:25:17.911] [SEVERE ] updating countdown to 16787
[19:25:17.911] [INFO   ] remove  in the table step 1
[19:25:17.911] [INFO   ] remove  in the table step 2
[19:25:17.911] [SEVERE ] updating countdown to 16787
[19:25:17.911] [SEVERE ] removing player 2 token from slot 7
[19:25:17.911] [SEVERE ] updating countdown to 16787
[19:25:17.911] [INFO   ] thread Thread-0 player was notified by dealer.
[19:25:17.912] [INFO   ] penalty
[19:25:17.912] [SEVERE ] setting player 1 freeze to 3000
[19:25:17.912] [SEVERE ] updating countdown to 16786
[19:25:17.913] [SEVERE ] removing player 2 token from slot 10
[19:25:17.913] [SEVERE ] updating countdown to 16785
[19:25:17.913] [SEVERE ] updating countdown to 16785
[19:25:17.913] [SEVERE ] removing player 2 token from slot 0
[19:25:17.913] [SEVERE ] updating countdown to 16785
[19:25:17.913] [INFO   ] thread dealerstep 2.
[19:25:17.913] [SEVERE ] updating countdown to 16785
[19:25:17.913] [INFO   ] thread Thread-1 player was notified by dealer.
[19:25:17.913] [INFO   ] penalty
[19:25:17.913] [SEVERE ] setting player 2 freeze to 3000
[19:25:18.127] [SEVERE ] updating countdown to 16571
[19:25:18.127] [SEVERE ] updating countdown to 16571
[19:25:18.921] [SEVERE ] setting player 2 freeze to 2000
[19:25:18.921] [SEVERE ] setting player 1 freeze to 2000
[19:25:19.138] [SEVERE ] updating countdown to 15560
[19:25:19.576] [SEVERE ] updating countdown to 15122
[19:25:19.576] [SEVERE ] updating countdown to 15122
[19:25:19.934] [SEVERE ] setting player 2 freeze to 1000
[19:25:19.934] [SEVERE ] setting player 1 freeze to 1000
[19:25:20.587] [SEVERE ] updating countdown to 14111
[19:25:20.944] [SEVERE ] setting player 2 freeze to 0
[19:25:20.944] [SEVERE ] setting player 1 freeze to 0
[19:25:21.022] [SEVERE ] updating countdown to 13676
[19:25:21.022] [SEVERE ] updating countdown to 13676
[19:25:21.380] [SEVERE ] player 1 placing token on slot 11
[19:25:21.380] [SEVERE ] player 2 placing token on slot 6
[19:25:21.739] [SEVERE ] player 1 placing token on slot 3
[19:25:21.739] [SEVERE ] player 2 placing token on slot 8
[19:25:22.036] [SEVERE ] updating countdown to 12662
[19:25:22.098] [SEVERE ] player 2 placing token on slot 3
[19:25:22.098] [SEVERE ] removing player 1 token from slot 3
[19:25:22.254] [INFO   ] remove  in the table step 1
[19:25:22.254] [INFO   ] remove  in the table step 2
[19:25:22.254] [SEVERE ] updating countdown to 12444
[19:25:22.254] [SEVERE ] removing player 2 token from slot 6
[19:25:22.254] [SEVERE ] updating countdown to 12444
[19:25:22.255] [SEVERE ] updating countdown to 12443
[19:25:22.255] [SEVERE ] removing player 2 token from slot 8
[19:25:22.255] [SEVERE ] updating countdown to 12443
[19:25:22.255] [SEVERE ] updating countdown to 12443
[19:25:22.255] [SEVERE ] removing player 2 token from slot 3
[19:25:22.255] [SEVERE ] updating countdown to 12443
[19:25:22.255] [INFO   ] thread dealerstep 2.
[19:25:22.255] [SEVERE ] updating countdown to 12443
[19:25:22.255] [INFO   ] thread Thread-1 player was notified by dealer.
[19:25:22.256] [INFO   ] penalty
[19:25:22.256] [SEVERE ] setting player 2 freeze to 3000
[19:25:22.455] [SEVERE ] player 1 placing token on slot 5
[19:25:22.471] [SEVERE ] updating countdown to 12227
[19:25:22.471] [SEVERE ] updating countdown to 12227
[19:25:22.812] [SEVERE ] player 1 placing token on slot 2
[19:25:22.812] [SEVERE ] updating countdown to 11886
[19:25:23.031] [INFO   ] remove  in the table step 1
[19:25:23.031] [INFO   ] remove  in the table step 2
[19:25:23.031] [SEVERE ] updating countdown to 11667
[19:25:23.031] [SEVERE ] removing player 1 token from slot 11
[19:25:23.031] [SEVERE ] updating countdown to 11667
[19:25:23.031] [SEVERE ] updating countdown to 11667
[19:25:23.031] [SEVERE ] removing player 1 token from slot 5
[19:25:23.032] [SEVERE ] updating countdown to 11666
[19:25:23.032] [SEVERE ] updating countdown to 11666
[19:25:23.032] [SEVERE ] removing player 1 token from slot 2
[19:25:23.032] [SEVERE ] updating countdown to 11666
[19:25:23.032] [INFO   ] thread dealerstep 2.
[19:25:23.032] [SEVERE ] updating countdown to 11666
[19:25:23.032] [INFO   ] thread Thread-0 player was notified by dealer.
[19:25:23.032] [INFO   ] penalty
[19:25:23.032] [SEVERE ] setting player 1 freeze to 3000
[19:25:23.249] [SEVERE ] updating countdown to 11449
[19:25:23.249] [SEVERE ] updating countdown to 11449
[19:25:23.265] [SEVERE ] setting player 2 freeze to 2000
[19:25:24.045] [SEVERE ] setting player 1 freeze to 2000
[19:25:24.262] [SEVERE ] updating countdown to 10436
[19:25:24.278] [SEVERE ] setting player 2 freeze to 1000
[19:25:24.698] [SEVERE ] updating countdown to 10000
[19:25:24.698] [SEVERE ] updating countdown to 10000
[19:25:25.056] [SEVERE ] setting player 1 freeze to 1000
[19:25:25.289] [SEVERE ] setting player 2 freeze to 0
[19:25:25.649] [SEVERE ] player 2 placing token on slot 6
[19:25:25.711] [SEVERE ] updating countdown to 8987
[19:25:26.057] [SEVERE ] setting player 1 freeze to 0
[19:25:26.151] [SEVERE ] updating countdown to 8547
[19:25:26.151] [SEVERE ] updating countdown to 8547
[19:25:26.506] [SEVERE ] player 2 placing token on slot 5
[19:25:26.506] [SEVERE ] player 1 placing token on slot 5
[19:25:26.861] [SEVERE ] player 2 placing token on slot 3
[19:25:26.861] [SEVERE ] player 1 placing token on slot 9
[19:25:26.862] [SEVERE ] updating countdown to 7836
[19:25:27.079] [INFO   ] remove  in the table step 1
[19:25:27.079] [INFO   ] remove  in the table step 2
[19:25:27.079] [SEVERE ] updating countdown to 7619
[19:25:27.079] [SEVERE ] removing player 2 token from slot 6
[19:25:27.080] [SEVERE ] updating countdown to 7618
[19:25:27.080] [SEVERE ] updating countdown to 7618
[19:25:27.080] [SEVERE ] removing player 2 token from slot 5
[19:25:27.080] [SEVERE ] updating countdown to 7618
[19:25:27.080] [SEVERE ] updating countdown to 7618
[19:25:27.080] [SEVERE ] removing player 2 token from slot 3
[19:25:27.080] [SEVERE ] updating countdown to 7618
[19:25:27.080] [INFO   ] thread dealerstep 2.
[19:25:27.080] [SEVERE ] updating countdown to 7618
[19:25:27.080] [INFO   ] thread Thread-1 player was notified by dealer.
[19:25:27.080] [INFO   ] penalty
[19:25:27.081] [SEVERE ] setting player 2 freeze to 3000
[19:25:27.218] [SEVERE ] removing player 1 token from slot 5
[19:25:27.295] [SEVERE ] updating countdown to 7403
[19:25:27.295] [SEVERE ] updating countdown to 7403
[19:25:27.576] [SEVERE ] player 1 placing token on slot 10
[19:25:27.934] [SEVERE ] player 1 placing token on slot 11
[19:25:27.934] [SEVERE ] updating countdown to 6764
[19:25:28.090] [SEVERE ] setting player 2 freeze to 2000
[19:25:28.153] [INFO   ] remove  in the table step 1
[19:25:28.153] [INFO   ] remove  in the table step 2
[19:25:28.153] [SEVERE ] updating countdown to 6545
[19:25:28.153] [SEVERE ] removing player 1 token from slot 9
[19:25:28.153] [SEVERE ] updating countdown to 6545
[19:25:28.153] [SEVERE ] updating countdown to 6545
[19:25:28.153] [SEVERE ] removing player 1 token from slot 10
[19:25:28.153] [SEVERE ] updating countdown to 6545
[19:25:28.153] [SEVERE ] updating countdown to 6545
[19:25:28.153] [SEVERE ] removing player 1 token from slot 11
[19:25:28.153] [SEVERE ] updating countdown to 6545
[19:25:28.153] [INFO   ] thread dealerstep 2.
[19:25:28.153] [SEVERE ] updating countdown to 6545
[19:25:28.153] [INFO   ] thread Thread-0 player was notified by dealer.
[19:25:28.154] [INFO   ] penalty
[19:25:28.154] [SEVERE ] setting player 1 freeze to 3000
[19:25:28.372] [SEVERE ] updating countdown to 6326
[19:25:28.372] [SEVERE ] updating countdown to 6326
[19:25:29.101] [SEVERE ] setting player 2 freeze to 1000
[19:25:29.163] [SEVERE ] setting player 1 freeze to 2000
[19:25:29.383] [SEVERE ] updating countdown to 5315
[19:25:30.102] [SEVERE ] setting player 2 freeze to 0
[19:25:30.178] [SEVERE ] setting player 1 freeze to 1000
[19:25:31.189] [SEVERE ] setting player 1 freeze to 0
