[11:09:25.804] [INFO   ] thread main starting.
[11:09:25.815] [SEVERE ] cannot read configuration file config.properties trying from resources.
[11:09:25.818] [SEVERE ] configuration file was loaded from resources directory.
[11:09:26.909] [INFO   ] thread dealer starting.
[11:09:26.911] [INFO   ] thread dealer starting.
[11:09:26.914] [INFO   ] thread Thread-0 starting.
[11:09:26.918] [INFO   ] creat AI step 1 
[11:09:26.919] [INFO   ] thread computer-0 starting.
[11:09:26.919] [INFO   ] creat AI step 2 
[11:09:26.919] [INFO   ] creat AI step 3 
[11:09:26.919] [INFO   ] thread Thread-0wip1
[11:09:26.921] [INFO   ] thread Thread-1 starting.
[11:09:26.919] [INFO   ] creat AI step 7 
[11:09:26.921] [INFO   ] thread Thread-0wip2
[11:09:26.921] [INFO   ] AI key pressed step 1 
[11:09:26.922] [INFO   ] thread Thread-0wip3
[11:09:26.923] [INFO   ] thread Thread-0wip4
[11:09:26.923] [INFO   ] AI key pressed step 2 
[11:09:26.923] [INFO   ] KP step 1computer-0
[11:09:26.923] [INFO   ] KP step 7computer-0
[11:09:26.924] [INFO   ] AI key pressed step 3, random slot: 3
[11:09:26.924] [INFO   ] creat AI step 8 
[11:09:26.924] [INFO   ] creat AI step 9 
[11:09:26.924] [INFO   ] thread Thread-0wip5
[11:09:26.927] [INFO   ] thread Thread-0wip1
[11:09:26.927] [INFO   ] thread Thread-0wip2
[11:09:26.927] [INFO   ] thread Thread-0wip3
[11:09:26.928] [INFO   ] thread Thread-0wip4
[11:09:26.928] [INFO   ] creat AI step 10 
[11:09:26.928] [INFO   ] creat AI step 11 
[11:09:26.929] [INFO   ] creat AI step 3 
[11:09:26.929] [INFO   ] creat AI step 7 
[11:09:26.929] [INFO   ] AI key pressed step 1 
[11:09:26.929] [INFO   ] AI key pressed step 2 
[11:09:26.930] [INFO   ] KP step 1computer-0
[11:09:26.930] [INFO   ] KP step 7computer-0
[11:09:26.930] [INFO   ] AI key pressed step 3, random slot: 2
[11:09:26.931] [INFO   ] creat AI step 8 
[11:09:26.931] [INFO   ] creat AI step 9 
[11:09:26.931] [INFO   ] thread Thread-0wip5
[11:09:26.932] [INFO   ] thread Thread-0wip1
[11:09:26.932] [INFO   ] thread Thread-0wip2
[11:09:26.932] [INFO   ] thread Thread-0wip3
[11:09:26.933] [INFO   ] thread Thread-0wip4
[11:09:26.933] [INFO   ] creat AI step 10 
[11:09:26.934] [INFO   ] creat AI step 11 
[11:09:26.934] [INFO   ] creat AI step 3 
[11:09:26.934] [INFO   ] creat AI step 7 
[11:09:26.934] [INFO   ] AI key pressed step 1 
[11:09:26.935] [INFO   ] AI key pressed step 2 
[11:09:26.935] [INFO   ] KP step 1computer-0
[11:09:26.935] [INFO   ] KP step 7computer-0
[11:09:26.936] [INFO   ] AI key pressed step 3, random slot: 11
[11:09:26.936] [INFO   ] creat AI step 8 
[11:09:26.936] [INFO   ] creat AI step 9 
[11:09:26.936] [INFO   ] thread Thread-0wip5
[11:09:26.936] [INFO   ] thread Thread-0wip1
[11:09:26.937] [INFO   ] thread Thread-0wip2
[11:09:26.937] [INFO   ] thread Thread-0wip3
[11:09:26.937] [INFO   ] thread Thread-0wip4
[11:09:26.937] [INFO   ] creat AI step 10 
[11:09:26.938] [INFO   ] creat AI step 11 
[11:09:26.938] [INFO   ] creat AI step 3 
[11:09:26.938] [INFO   ] creat AI step 7 
[11:09:26.939] [INFO   ] AI key pressed step 1 
[11:09:26.939] [INFO   ] AI key pressed step 2 
[11:09:26.939] [INFO   ] KP step 1computer-0
[11:09:26.939] [INFO   ] KP step 7computer-0
[11:09:26.939] [INFO   ] AI key pressed step 3, random slot: 9
[11:09:26.940] [INFO   ] creat AI step 8 
[11:09:26.940] [INFO   ] creat AI step 9 
[11:09:26.940] [INFO   ] thread Thread-0wip5
[11:09:26.940] [INFO   ] thread Thread-0wip1
[11:09:26.941] [INFO   ] thread Thread-0wip2
[11:09:26.941] [INFO   ] thread Thread-0wip3
[11:09:26.941] [INFO   ] thread Thread-0wip4
[11:09:26.941] [INFO   ] creat AI step 10 
[11:09:26.941] [INFO   ] creat AI step 11 
[11:09:26.942] [INFO   ] creat AI step 3 
[11:09:26.942] [INFO   ] creat AI step 7 
[11:09:26.942] [INFO   ] AI key pressed step 1 
[11:09:26.942] [INFO   ] AI key pressed step 2 
[11:09:26.942] [INFO   ] KP step 1computer-0
[11:09:26.943] [INFO   ] KP step 7computer-0
[11:09:26.943] [INFO   ] AI key pressed step 3, random slot: 11
[11:09:26.943] [INFO   ] creat AI step 8 
[11:09:26.943] [INFO   ] creat AI step 9 
[11:09:26.944] [INFO   ] thread Thread-0wip5
[11:09:26.944] [INFO   ] thread Thread-0wip1
[11:09:26.944] [INFO   ] thread Thread-0wip2
[11:09:26.944] [INFO   ] thread Thread-0wip3
[11:09:26.944] [INFO   ] thread Thread-0wip4
[11:09:26.944] [INFO   ] creat AI step 10 
[11:09:26.945] [INFO   ] creat AI step 11 
[11:09:26.945] [INFO   ] creat AI step 3 
[11:09:26.945] [INFO   ] creat AI step 7 
[11:09:26.946] [INFO   ] AI key pressed step 1 
[11:09:26.946] [INFO   ] AI key pressed step 2 
[11:09:26.946] [INFO   ] KP step 1computer-0
[11:09:26.947] [INFO   ] KP step 7computer-0
[11:09:26.948] [INFO   ] AI key pressed step 3, random slot: 9
[11:09:26.948] [INFO   ] creat AI step 8 
[11:09:26.948] [INFO   ] creat AI step 9 
[11:09:26.949] [INFO   ] thread Thread-0wip5
[11:09:26.949] [INFO   ] thread Thread-0wip1
[11:09:26.950] [INFO   ] thread Thread-0wip2
[11:09:26.950] [INFO   ] thread Thread-0wip3
[11:09:26.950] [INFO   ] thread Thread-0wip4
[11:09:26.951] [INFO   ] creat AI step 10 
[11:09:26.951] [INFO   ] creat AI step 11 
[11:09:26.951] [INFO   ] creat AI step 3 
[11:09:26.951] [INFO   ] creat AI step 7 
[11:09:26.952] [INFO   ] AI key pressed step 1 
[11:09:26.952] [INFO   ] AI key pressed step 2 
[11:09:26.952] [INFO   ] KP step 1computer-0
[11:09:26.952] [INFO   ] KP step 7computer-0
[11:09:26.952] [INFO   ] AI key pressed step 3, random slot: 5
[11:09:26.953] [INFO   ] creat AI step 8 
[11:09:26.953] [INFO   ] creat AI step 9 
[11:09:26.953] [INFO   ] thread Thread-0wip5
[11:09:26.953] [INFO   ] thread Thread-0wip1
[11:09:26.953] [INFO   ] creat AI step 1 
[11:09:26.954] [INFO   ] thread computer-1 starting.
[11:09:26.954] [INFO   ] thread Thread-0wip2
[11:09:26.954] [INFO   ] creat AI step 2 
[11:09:26.955] [INFO   ] creat AI step 3 
[11:09:26.955] [INFO   ] creat AI step 7 
[11:09:26.955] [INFO   ] thread Thread-0wip3
[11:09:26.955] [INFO   ] AI key pressed step 1 
[11:09:26.955] [SEVERE ] updating countdown to 60000
[11:09:26.955] [INFO   ] thread Thread-1wip1
[11:09:26.956] [INFO   ] AI key pressed step 2 
[11:09:26.956] [INFO   ] thread Thread-0wip4
[11:09:26.956] [INFO   ] KP step 1computer-1
[11:09:26.956] [INFO   ] thread Thread-1wip2
[11:09:26.957] [INFO   ] KP step 7computer-1
[11:09:26.957] [INFO   ] creat AI step 10 
[11:09:26.958] [INFO   ] AI key pressed step 3, random slot: 0
[11:09:26.958] [INFO   ] thread Thread-1wip3
[11:09:26.958] [INFO   ] creat AI step 8 
[11:09:26.958] [INFO   ] creat AI step 11 
[11:09:26.958] [INFO   ] thread Thread-1wip4
[11:09:26.959] [INFO   ] creat AI step 3 
[11:09:26.959] [INFO   ] creat AI step 9 
[11:09:26.959] [INFO   ] creat AI step 7 
[11:09:26.959] [INFO   ] thread Thread-1wip5
[11:09:26.960] [INFO   ] AI key pressed step 1 
[11:09:26.960] [INFO   ] thread Thread-1wip1
[11:09:26.960] [INFO   ] AI key pressed step 2 
[11:09:26.960] [INFO   ] thread Thread-1wip2
[11:09:26.961] [INFO   ] KP step 1computer-0
[11:09:26.961] [INFO   ] thread Thread-1wip3
[11:09:26.961] [INFO   ] KP step 7computer-0
[11:09:26.961] [INFO   ] thread Thread-1wip4
[11:09:26.962] [INFO   ] AI key pressed step 3, random slot: 3
[11:09:26.962] [INFO   ] creat AI step 10 
[11:09:26.962] [INFO   ] creat AI step 8 
[11:09:26.963] [INFO   ] creat AI step 11 
[11:09:26.963] [INFO   ] creat AI step 9 
[11:09:26.963] [INFO   ] creat AI step 3 
[11:09:26.964] [INFO   ] thread Thread-0wip5
[11:09:26.964] [INFO   ] creat AI step 7 
[11:09:26.964] [INFO   ] thread Thread-0wip1
[11:09:26.964] [INFO   ] AI key pressed step 1 
[11:09:26.964] [INFO   ] thread Thread-0wip2
[11:09:26.966] [INFO   ] AI key pressed step 2 
[11:09:26.966] [INFO   ] thread Thread-0wip3
[11:09:26.966] [INFO   ] KP step 1computer-1
[11:09:26.966] [INFO   ] thread Thread-0wip4
[11:09:26.966] [INFO   ] KP step 7computer-1
[11:09:26.967] [INFO   ] creat AI step 10 
[11:09:26.967] [INFO   ] AI key pressed step 3, random slot: 10
[11:09:26.968] [INFO   ] creat AI step 8 
[11:09:26.968] [INFO   ] creat AI step 11 
[11:09:26.969] [INFO   ] creat AI step 3 
[11:09:26.969] [INFO   ] creat AI step 7 
[11:09:26.969] [INFO   ] AI key pressed step 1 
[11:09:26.969] [INFO   ] AI key pressed step 2 
[11:09:26.969] [INFO   ] KP step 1computer-0
[11:09:26.970] [INFO   ] KP step 7computer-0
[11:09:26.970] [INFO   ] AI key pressed step 3, random slot: 1
[11:09:26.970] [INFO   ] creat AI step 8 
[11:09:26.970] [INFO   ] creat AI step 9 
[11:09:26.971] [INFO   ] thread Thread-0wip5
[11:09:26.968] [INFO   ] creat AI step 9 
[11:09:26.971] [INFO   ] thread Thread-0wip1
[11:09:26.972] [INFO   ] thread Thread-0wip2
[11:09:26.972] [INFO   ] thread Thread-0wip3
[11:09:26.972] [INFO   ] thread Thread-0wip4
[11:09:26.973] [INFO   ] creat AI step 10 
[11:09:26.973] [INFO   ] creat AI step 11 
[11:09:26.973] [INFO   ] creat AI step 3 
[11:09:26.973] [INFO   ] creat AI step 7 
[11:09:26.973] [INFO   ] AI key pressed step 1 
[11:09:26.974] [INFO   ] AI key pressed step 2 
[11:09:26.974] [INFO   ] KP step 1computer-0
[11:09:26.974] [INFO   ] KP step 7computer-0
[11:09:26.974] [INFO   ] AI key pressed step 3, random slot: 2
[11:09:26.975] [INFO   ] creat AI step 8 
[11:09:26.975] [INFO   ] creat AI step 9 
[11:09:26.975] [INFO   ] thread Thread-0wip5
[11:09:26.975] [INFO   ] thread Thread-0wip1
[11:09:26.975] [INFO   ] thread Thread-0wip2
[11:09:26.976] [INFO   ] thread Thread-0wip3
[11:09:26.977] [INFO   ] thread Thread-0wip4
[11:09:26.977] [INFO   ] creat AI step 10 
[11:09:26.977] [INFO   ] creat AI step 11 
[11:09:26.977] [INFO   ] creat AI step 3 
[11:09:26.977] [INFO   ] creat AI step 7 
[11:09:26.978] [INFO   ] AI key pressed step 1 
[11:09:26.978] [INFO   ] AI key pressed step 2 
[11:09:26.978] [INFO   ] KP step 1computer-0
[11:09:26.978] [INFO   ] KP step 7computer-0
[11:09:26.979] [INFO   ] AI key pressed step 3, random slot: 11
[11:09:26.979] [INFO   ] creat AI step 8 
[11:09:26.979] [INFO   ] creat AI step 9 
[11:09:26.980] [INFO   ] thread Thread-0wip5
[11:09:26.980] [INFO   ] thread Thread-0wip1
[11:09:26.980] [INFO   ] thread Thread-0wip2
[11:09:26.980] [INFO   ] thread Thread-0wip3
[11:09:26.980] [INFO   ] thread Thread-0wip4
[11:09:26.981] [INFO   ] creat AI step 10 
[11:09:26.981] [INFO   ] creat AI step 11 
[11:09:26.981] [INFO   ] creat AI step 3 
[11:09:26.981] [INFO   ] creat AI step 7 
[11:09:26.981] [INFO   ] AI key pressed step 1 
[11:09:26.982] [INFO   ] AI key pressed step 2 
[11:09:26.982] [INFO   ] KP step 1computer-0
[11:09:26.979] [INFO   ] thread Thread-1wip5
[11:09:26.982] [INFO   ] KP step 7computer-0
[11:09:26.983] [INFO   ] AI key pressed step 3, random slot: 1
[11:09:26.984] [INFO   ] creat AI step 8 
[11:09:26.984] [INFO   ] creat AI step 9 
[11:09:26.984] [INFO   ] thread Thread-0wip5
[11:09:26.984] [INFO   ] thread Thread-0wip1
[11:09:26.985] [INFO   ] thread Thread-0wip2
[11:09:26.985] [INFO   ] thread Thread-0wip3
[11:09:26.985] [INFO   ] thread Thread-0wip4
[11:09:26.985] [INFO   ] creat AI step 10 
[11:09:26.985] [INFO   ] creat AI step 11 
[11:09:26.986] [INFO   ] creat AI step 3 
[11:09:26.986] [INFO   ] creat AI step 7 
[11:09:26.986] [INFO   ] AI key pressed step 1 
[11:09:26.986] [INFO   ] AI key pressed step 2 
[11:09:26.986] [INFO   ] KP step 1computer-0
[11:09:26.987] [INFO   ] KP step 7computer-0
[11:09:26.987] [INFO   ] AI key pressed step 3, random slot: 8
[11:09:26.987] [INFO   ] creat AI step 8 
[11:09:26.982] [INFO   ] thread Thread-1wip1
[11:09:26.988] [INFO   ] creat AI step 9 
[11:09:26.989] [INFO   ] thread Thread-0wip5
[11:09:26.989] [INFO   ] thread Thread-0wip1
[11:09:26.989] [INFO   ] thread Thread-0wip2
[11:09:26.990] [INFO   ] thread Thread-0wip3
[11:09:26.990] [INFO   ] thread Thread-0wip4
[11:09:26.991] [INFO   ] creat AI step 10 
[11:09:26.991] [INFO   ] creat AI step 11 
[11:09:26.991] [INFO   ] creat AI step 3 
[11:09:26.991] [INFO   ] creat AI step 7 
[11:09:26.992] [INFO   ] AI key pressed step 1 
[11:09:26.992] [INFO   ] AI key pressed step 2 
[11:09:26.992] [INFO   ] KP step 1computer-0
[11:09:26.992] [INFO   ] KP step 7computer-0
[11:09:26.992] [INFO   ] AI key pressed step 3, random slot: 11
[11:09:26.992] [INFO   ] creat AI step 8 
[11:09:26.993] [INFO   ] creat AI step 9 
[11:09:26.993] [INFO   ] thread Thread-0wip5
[11:09:26.993] [INFO   ] thread Thread-0wip1
[11:09:26.993] [INFO   ] thread Thread-0wip2
[11:09:26.994] [INFO   ] thread Thread-0wip3
[11:09:26.994] [INFO   ] thread Thread-0wip4
[11:09:26.994] [INFO   ] creat AI step 10 
[11:09:26.994] [INFO   ] creat AI step 11 
[11:09:26.995] [INFO   ] creat AI step 3 
[11:09:26.995] [INFO   ] creat AI step 7 
[11:09:26.988] [INFO   ] thread Thread-1wip2
[11:09:26.995] [INFO   ] AI key pressed step 1 
[11:09:26.996] [INFO   ] thread Thread-1wip3
[11:09:26.996] [INFO   ] thread Thread-1wip4
[11:09:26.996] [INFO   ] AI key pressed step 2 
[11:09:26.996] [INFO   ] creat AI step 10 
[11:09:26.996] [INFO   ] KP step 1computer-0
[11:09:26.997] [INFO   ] creat AI step 11 
[11:09:26.997] [INFO   ] KP step 7computer-0
[11:09:26.997] [INFO   ] creat AI step 3 
[11:09:26.998] [INFO   ] creat AI step 7 
[11:09:26.997] [INFO   ] AI key pressed step 3, random slot: 0
[11:09:26.998] [INFO   ] AI key pressed step 1 
[11:09:26.998] [INFO   ] creat AI step 8 
[11:09:26.998] [INFO   ] AI key pressed step 2 
[11:09:26.999] [INFO   ] creat AI step 9 
[11:09:26.999] [INFO   ] KP step 1computer-1
[11:09:26.999] [INFO   ] thread Thread-0wip5
[11:09:27.000] [INFO   ] KP step 7computer-1
[11:09:27.001] [INFO   ] thread Thread-0wip1
[11:09:27.001] [INFO   ] AI key pressed step 3, random slot: 5
[11:09:27.001] [INFO   ] thread Thread-0wip2
[11:09:27.001] [INFO   ] creat AI step 8 
[11:09:27.002] [INFO   ] thread Thread-0wip3
[11:09:27.002] [INFO   ] thread Thread-0wip4
[11:09:27.002] [INFO   ] creat AI step 10 
[11:09:27.003] [INFO   ] creat AI step 11 
[11:09:27.003] [INFO   ] creat AI step 3 
[11:09:27.003] [INFO   ] creat AI step 7 
[11:09:27.003] [INFO   ] AI key pressed step 1 
[11:09:27.003] [INFO   ] AI key pressed step 2 
[11:09:27.004] [INFO   ] KP step 1computer-0
[11:09:27.004] [INFO   ] KP step 7computer-0
[11:09:27.004] [INFO   ] AI key pressed step 3, random slot: 0
[11:09:27.004] [INFO   ] creat AI step 8 
[11:09:27.004] [INFO   ] creat AI step 9 
[11:09:27.005] [INFO   ] thread Thread-0wip5
[11:09:27.005] [INFO   ] thread Thread-0wip1
[11:09:27.005] [INFO   ] thread Thread-0wip2
[11:09:27.005] [INFO   ] thread Thread-0wip3
[11:09:27.005] [INFO   ] thread Thread-0wip4
[11:09:27.005] [INFO   ] creat AI step 10 
[11:09:27.005] [INFO   ] creat AI step 11 
[11:09:27.006] [INFO   ] creat AI step 3 
[11:09:27.006] [INFO   ] creat AI step 7 
[11:09:27.006] [INFO   ] AI key pressed step 1 
[11:09:27.006] [INFO   ] AI key pressed step 2 
[11:09:27.006] [INFO   ] KP step 1computer-0
[11:09:27.007] [INFO   ] KP step 7computer-0
[11:09:27.007] [INFO   ] AI key pressed step 3, random slot: 3
[11:09:27.007] [INFO   ] creat AI step 8 
[11:09:27.002] [INFO   ] creat AI step 9 
[11:09:27.007] [INFO   ] creat AI step 9 
[11:09:27.008] [INFO   ] thread Thread-1wip5
[11:09:27.009] [INFO   ] thread Thread-0wip5
[11:09:27.009] [INFO   ] thread Thread-1wip1
[11:09:27.009] [INFO   ] thread Thread-0wip1
[11:09:27.009] [INFO   ] thread Thread-1wip2
[11:09:27.009] [INFO   ] thread Thread-0wip2
[11:09:27.009] [INFO   ] thread Thread-1wip3
[11:09:27.009] [INFO   ] thread Thread-0wip3
[11:09:27.009] [INFO   ] thread Thread-1wip4
[11:09:27.009] [INFO   ] thread Thread-0wip4
[11:09:27.009] [INFO   ] creat AI step 10 
[11:09:27.010] [INFO   ] creat AI step 10 
[11:09:27.010] [INFO   ] creat AI step 11 
[11:09:27.010] [INFO   ] creat AI step 11 
[11:09:27.010] [INFO   ] creat AI step 3 
[11:09:27.011] [INFO   ] creat AI step 3 
[11:09:27.011] [INFO   ] creat AI step 7 
[11:09:27.011] [INFO   ] creat AI step 7 
[11:09:27.011] [INFO   ] AI key pressed step 1 
[11:09:27.012] [INFO   ] AI key pressed step 2 
[11:09:27.012] [INFO   ] KP step 1computer-0
[11:09:27.012] [INFO   ] KP step 7computer-0
[11:09:27.012] [INFO   ] AI key pressed step 1 
[11:09:27.012] [INFO   ] AI key pressed step 3, random slot: 9
[11:09:27.014] [INFO   ] creat AI step 8 
[11:09:27.013] [INFO   ] AI key pressed step 2 
[11:09:27.014] [INFO   ] creat AI step 9 
[11:09:27.014] [INFO   ] KP step 1computer-1
[11:09:27.014] [INFO   ] KP step 7computer-1
[11:09:27.014] [INFO   ] thread Thread-0wip5
[11:09:27.014] [INFO   ] AI key pressed step 3, random slot: 5
[11:09:27.014] [INFO   ] thread Thread-0wip1
[11:09:27.016] [INFO   ] thread Thread-0wip2
[11:09:27.014] [INFO   ] creat AI step 8 
[11:09:27.016] [INFO   ] thread Thread-0wip3
[11:09:27.017] [INFO   ] creat AI step 9 
[11:09:27.017] [INFO   ] thread Thread-0wip4
[11:09:27.017] [INFO   ] creat AI step 10 
[11:09:27.018] [INFO   ] creat AI step 11 
[11:09:27.018] [INFO   ] creat AI step 3 
[11:09:27.018] [INFO   ] creat AI step 7 
[11:09:27.018] [INFO   ] AI key pressed step 1 
[11:09:27.018] [INFO   ] AI key pressed step 2 
[11:09:27.018] [INFO   ] KP step 1computer-0
[11:09:27.018] [INFO   ] KP step 7computer-0
[11:09:27.018] [INFO   ] AI key pressed step 3, random slot: 6
[11:09:27.018] [INFO   ] creat AI step 8 
[11:09:27.019] [INFO   ] creat AI step 9 
[11:09:27.017] [INFO   ] thread Thread-1wip5
[11:09:27.019] [INFO   ] thread Thread-0wip5
[11:09:27.019] [INFO   ] thread Thread-0wip1
[11:09:27.019] [INFO   ] thread Thread-0wip2
[11:09:27.019] [INFO   ] thread Thread-0wip3
[11:09:27.020] [INFO   ] thread Thread-0wip4
[11:09:27.020] [INFO   ] creat AI step 10 
[11:09:27.020] [INFO   ] creat AI step 11 
[11:09:27.020] [INFO   ] creat AI step 3 
[11:09:27.020] [INFO   ] creat AI step 7 
[11:09:27.020] [INFO   ] AI key pressed step 1 
[11:09:27.020] [INFO   ] AI key pressed step 2 
[11:09:27.021] [INFO   ] KP step 1computer-0
[11:09:27.021] [INFO   ] KP step 7computer-0
[11:09:27.021] [INFO   ] AI key pressed step 3, random slot: 8
[11:09:27.021] [INFO   ] creat AI step 8 
[11:09:27.021] [INFO   ] creat AI step 9 
[11:09:27.021] [INFO   ] thread Thread-0wip5
[11:09:27.021] [INFO   ] thread Thread-0wip1
[11:09:27.022] [INFO   ] thread Thread-0wip2
[11:09:27.022] [INFO   ] thread Thread-0wip3
[11:09:27.019] [INFO   ] thread Thread-1wip1
[11:09:27.022] [INFO   ] thread Thread-0wip4
[11:09:27.023] [INFO   ] creat AI step 10 
[11:09:27.024] [INFO   ] creat AI step 11 
[11:09:27.024] [INFO   ] creat AI step 3 
[11:09:27.024] [INFO   ] creat AI step 7 
[11:09:27.024] [INFO   ] AI key pressed step 1 
[11:09:27.024] [INFO   ] AI key pressed step 2 
[11:09:27.024] [INFO   ] KP step 1computer-0
[11:09:27.024] [INFO   ] KP step 7computer-0
[11:09:27.024] [INFO   ] AI key pressed step 3, random slot: 4
[11:09:27.024] [INFO   ] creat AI step 8 
[11:09:27.024] [INFO   ] creat AI step 9 
[11:09:27.024] [INFO   ] thread Thread-0wip5
[11:09:27.025] [INFO   ] thread Thread-0wip1
[11:09:27.023] [INFO   ] thread Thread-1wip2
[11:09:27.025] [INFO   ] thread Thread-0wip2
[11:09:27.025] [INFO   ] thread Thread-0wip3
[11:09:27.025] [INFO   ] thread Thread-0wip4
[11:09:27.025] [INFO   ] creat AI step 10 
[11:09:27.025] [INFO   ] thread Thread-1wip3
[11:09:27.026] [INFO   ] creat AI step 11 
[11:09:27.026] [INFO   ] thread Thread-1wip4
[11:09:27.026] [INFO   ] creat AI step 3 
[11:09:27.026] [INFO   ] creat AI step 10 
[11:09:27.026] [INFO   ] creat AI step 7 
[11:09:27.027] [INFO   ] creat AI step 11 
[11:09:27.027] [INFO   ] AI key pressed step 1 
[11:09:27.027] [INFO   ] AI key pressed step 2 
[11:09:27.027] [INFO   ] KP step 1computer-0
[11:09:27.027] [INFO   ] KP step 7computer-0
[11:09:27.027] [INFO   ] creat AI step 3 
[11:09:27.027] [INFO   ] AI key pressed step 3, random slot: 9
[11:09:27.027] [INFO   ] creat AI step 7 
[11:09:27.027] [INFO   ] creat AI step 8 
[11:09:27.027] [INFO   ] AI key pressed step 1 
[11:09:27.028] [INFO   ] creat AI step 9 
[11:09:27.029] [INFO   ] AI key pressed step 2 
[11:09:27.029] [INFO   ] thread Thread-0wip5
[11:09:27.029] [INFO   ] KP step 1computer-1
[11:09:27.029] [INFO   ] thread Thread-0wip1
[11:09:27.029] [INFO   ] KP step 7computer-1
[11:09:27.029] [INFO   ] thread Thread-0wip2
[11:09:27.029] [INFO   ] AI key pressed step 3, random slot: 6
[11:09:27.029] [INFO   ] thread Thread-0wip3
[11:09:27.030] [INFO   ] thread Thread-0wip4
[11:09:27.030] [INFO   ] creat AI step 8 
[11:09:27.030] [INFO   ] creat AI step 9 
[11:09:27.030] [INFO   ] creat AI step 10 
[11:09:27.030] [INFO   ] thread Thread-1wip5
[11:09:27.030] [INFO   ] creat AI step 11 
[11:09:27.030] [INFO   ] thread Thread-1wip1
[11:09:27.030] [INFO   ] creat AI step 3 
[11:09:27.032] [INFO   ] creat AI step 7 
[11:09:27.032] [INFO   ] AI key pressed step 1 
[11:09:27.032] [INFO   ] AI key pressed step 2 
[11:09:27.030] [INFO   ] thread Thread-1wip2
[11:09:27.032] [INFO   ] thread Thread-1wip3
[11:09:27.032] [INFO   ] KP step 1computer-0
[11:09:27.032] [INFO   ] KP step 7computer-0
[11:09:27.033] [INFO   ] AI key pressed step 3, random slot: 5
[11:09:27.033] [INFO   ] creat AI step 8 
[11:09:27.033] [INFO   ] creat AI step 9 
[11:09:27.033] [INFO   ] thread Thread-0wip5
[11:09:27.033] [INFO   ] thread Thread-0wip1
[11:09:27.033] [INFO   ] thread Thread-0wip2
[11:09:27.033] [INFO   ] thread Thread-0wip3
[11:09:27.033] [INFO   ] thread Thread-0wip4
[11:09:27.034] [INFO   ] creat AI step 10 
[11:09:27.034] [INFO   ] creat AI step 11 
[11:09:27.032] [INFO   ] thread Thread-1wip4
[11:09:27.034] [INFO   ] creat AI step 3 
[11:09:27.034] [INFO   ] creat AI step 7 
[11:09:27.034] [INFO   ] AI key pressed step 1 
[11:09:27.034] [INFO   ] creat AI step 10 
[11:09:27.034] [INFO   ] AI key pressed step 2 
[11:09:27.035] [INFO   ] creat AI step 11 
[11:09:27.035] [INFO   ] KP step 1computer-0
[11:09:27.035] [INFO   ] creat AI step 3 
[11:09:27.035] [INFO   ] KP step 7computer-0
[11:09:27.035] [INFO   ] creat AI step 7 
[11:09:27.035] [INFO   ] AI key pressed step 3, random slot: 0
[11:09:27.035] [INFO   ] AI key pressed step 1 
[11:09:27.036] [INFO   ] creat AI step 8 
[11:09:27.036] [INFO   ] AI key pressed step 2 
[11:09:27.036] [INFO   ] creat AI step 9 
[11:09:27.036] [INFO   ] KP step 1computer-1
[11:09:27.036] [INFO   ] thread Thread-0wip5
[11:09:27.036] [INFO   ] KP step 7computer-1
[11:09:27.037] [INFO   ] thread Thread-0wip1
[11:09:27.037] [INFO   ] AI key pressed step 3, random slot: 8
[11:09:27.037] [INFO   ] thread Thread-0wip2
[11:09:27.037] [INFO   ] creat AI step 8 
[11:09:27.037] [INFO   ] thread Thread-0wip3
[11:09:27.037] [INFO   ] creat AI step 9 
[11:09:27.037] [INFO   ] thread Thread-0wip4
[11:09:27.038] [INFO   ] thread Thread-1wip5
[11:09:27.038] [INFO   ] creat AI step 10 
[11:09:27.039] [INFO   ] thread Thread-1wip1
[11:09:27.039] [INFO   ] creat AI step 11 
[11:09:27.040] [INFO   ] creat AI step 3 
[11:09:27.039] [INFO   ] thread Thread-1wip2
[11:09:27.040] [INFO   ] creat AI step 7 
[11:09:27.041] [INFO   ] AI key pressed step 1 
[11:09:27.040] [INFO   ] thread Thread-1wip3
[11:09:27.041] [INFO   ] AI key pressed step 2 
[11:09:27.042] [INFO   ] thread Thread-1wip4
[11:09:27.042] [INFO   ] KP step 1computer-0
[11:09:27.042] [INFO   ] KP step 7computer-0
[11:09:27.043] [INFO   ] AI key pressed step 3, random slot: 6
[11:09:27.043] [INFO   ] creat AI step 8 
[11:09:27.043] [INFO   ] creat AI step 9 
[11:09:27.043] [INFO   ] thread Thread-0wip5
[11:09:27.043] [INFO   ] thread Thread-0wip1
[11:09:27.043] [INFO   ] thread Thread-0wip2
[11:09:27.044] [INFO   ] thread Thread-0wip3
[11:09:27.044] [INFO   ] thread Thread-0wip4
[11:09:27.044] [INFO   ] creat AI step 10 
[11:09:27.044] [INFO   ] creat AI step 11 
[11:09:27.044] [INFO   ] creat AI step 3 
[11:09:27.044] [INFO   ] creat AI step 7 
[11:09:27.045] [INFO   ] AI key pressed step 1 
[11:09:27.045] [INFO   ] AI key pressed step 2 
[11:09:27.045] [INFO   ] KP step 1computer-0
[11:09:27.045] [INFO   ] KP step 7computer-0
[11:09:27.045] [INFO   ] AI key pressed step 3, random slot: 10
[11:09:27.045] [INFO   ] creat AI step 8 
[11:09:27.046] [INFO   ] creat AI step 9 
[11:09:27.045] [INFO   ] creat AI step 10 
[11:09:27.046] [INFO   ] thread Thread-0wip5
[11:09:27.046] [INFO   ] creat AI step 11 
[11:09:27.046] [INFO   ] thread Thread-0wip1
[11:09:27.046] [INFO   ] creat AI step 3 
[11:09:27.046] [INFO   ] thread Thread-0wip2
[11:09:27.047] [INFO   ] thread Thread-0wip3
[11:09:27.046] [INFO   ] creat AI step 7 
[11:09:27.047] [INFO   ] thread Thread-0wip4
[11:09:27.047] [INFO   ] AI key pressed step 1 
[11:09:27.047] [INFO   ] creat AI step 10 
[11:09:27.047] [INFO   ] AI key pressed step 2 
[11:09:27.047] [INFO   ] creat AI step 11 
[11:09:27.047] [INFO   ] KP step 1computer-1
[11:09:27.047] [INFO   ] creat AI step 3 
[11:09:27.048] [INFO   ] creat AI step 7 
[11:09:27.047] [INFO   ] KP step 7computer-1
[11:09:27.048] [INFO   ] AI key pressed step 1 
[11:09:27.048] [INFO   ] AI key pressed step 3, random slot: 9
[11:09:27.048] [INFO   ] AI key pressed step 2 
[11:09:27.049] [INFO   ] KP step 1computer-0
[11:09:27.049] [INFO   ] KP step 7computer-0
[11:09:27.049] [INFO   ] AI key pressed step 3, random slot: 1
[11:09:27.049] [INFO   ] creat AI step 8 
[11:09:27.049] [INFO   ] creat AI step 9 
[11:09:27.049] [INFO   ] thread Thread-0wip5
[11:09:27.049] [INFO   ] thread Thread-0wip1
[11:09:27.049] [INFO   ] thread Thread-0wip2
[11:09:27.049] [INFO   ] thread Thread-0wip3
[11:09:27.049] [INFO   ] thread Thread-0wip4
[11:09:27.050] [INFO   ] creat AI step 10 
[11:09:27.050] [INFO   ] creat AI step 11 
[11:09:27.050] [INFO   ] creat AI step 3 
[11:09:27.048] [INFO   ] creat AI step 8 
[11:09:27.050] [INFO   ] creat AI step 7 
[11:09:27.050] [INFO   ] creat AI step 9 
[11:09:27.050] [INFO   ] AI key pressed step 1 
[11:09:27.050] [INFO   ] thread Thread-1wip5
[11:09:27.051] [INFO   ] AI key pressed step 2 
[11:09:27.051] [INFO   ] thread Thread-1wip1
[11:09:27.051] [INFO   ] KP step 1computer-0
[11:09:27.051] [INFO   ] thread Thread-1wip2
[11:09:27.051] [INFO   ] KP step 7computer-0
[11:09:27.051] [INFO   ] thread Thread-1wip3
[11:09:27.051] [INFO   ] AI key pressed step 3, random slot: 8
[11:09:27.051] [INFO   ] thread Thread-1wip4
[11:09:27.052] [INFO   ] creat AI step 8 
[11:09:27.052] [INFO   ] creat AI step 10 
[11:09:27.052] [INFO   ] creat AI step 9 
[11:09:27.052] [INFO   ] thread Thread-0wip5
[11:09:27.052] [INFO   ] thread Thread-0wip1
[11:09:27.052] [INFO   ] creat AI step 11 
[11:09:27.053] [INFO   ] thread Thread-0wip2
[11:09:27.054] [INFO   ] thread Thread-0wip3
[11:09:27.054] [INFO   ] creat AI step 3 
[11:09:27.054] [INFO   ] thread Thread-0wip4
[11:09:27.054] [INFO   ] creat AI step 7 
[11:09:27.055] [INFO   ] creat AI step 10 
[11:09:27.055] [INFO   ] AI key pressed step 1 
[11:09:27.055] [INFO   ] AI key pressed step 2 
[11:09:27.055] [INFO   ] creat AI step 11 
[11:09:27.055] [INFO   ] KP step 1computer-1
[11:09:27.055] [INFO   ] creat AI step 3 
[11:09:27.055] [INFO   ] KP step 7computer-1
[11:09:27.055] [INFO   ] creat AI step 7 
[11:09:27.055] [INFO   ] AI key pressed step 3, random slot: 9
[11:09:27.056] [INFO   ] AI key pressed step 1 
[11:09:27.056] [INFO   ] creat AI step 8 
[11:09:27.056] [INFO   ] AI key pressed step 2 
[11:09:27.056] [INFO   ] creat AI step 9 
[11:09:27.056] [INFO   ] KP step 1computer-0
[11:09:27.056] [INFO   ] KP step 7computer-0
[11:09:27.056] [INFO   ] AI key pressed step 3, random slot: 2
[11:09:27.056] [INFO   ] creat AI step 8 
[11:09:27.056] [INFO   ] thread Thread-1wip5
[11:09:27.056] [INFO   ] creat AI step 9 
[11:09:27.056] [INFO   ] thread Thread-1wip1
[11:09:27.057] [INFO   ] thread Thread-0wip5
[11:09:27.057] [INFO   ] thread Thread-1wip2
[11:09:27.057] [INFO   ] thread Thread-0wip1
[11:09:27.057] [INFO   ] thread Thread-0wip2
[11:09:27.057] [INFO   ] thread Thread-0wip3
[11:09:27.057] [INFO   ] thread Thread-1wip3
[11:09:27.057] [INFO   ] thread Thread-0wip4
[11:09:27.057] [INFO   ] thread Thread-1wip4
[11:09:27.058] [INFO   ] creat AI step 10 
[11:09:27.058] [INFO   ] creat AI step 10 
[11:09:27.058] [INFO   ] creat AI step 11 
[11:09:27.058] [INFO   ] creat AI step 3 
[11:09:27.058] [INFO   ] creat AI step 7 
[11:09:27.058] [INFO   ] creat AI step 11 
[11:09:27.058] [INFO   ] AI key pressed step 1 
[11:09:27.059] [INFO   ] AI key pressed step 2 
[11:09:27.059] [INFO   ] KP step 1computer-0
[11:09:27.059] [INFO   ] KP step 7computer-0
[11:09:27.060] [INFO   ] AI key pressed step 3, random slot: 3
[11:09:27.060] [INFO   ] creat AI step 8 
[11:09:27.060] [INFO   ] creat AI step 9 
[11:09:27.059] [INFO   ] creat AI step 3 
[11:09:27.060] [INFO   ] thread Thread-0wip5
[11:09:27.060] [INFO   ] creat AI step 7 
[11:09:27.060] [INFO   ] thread Thread-0wip1
[11:09:27.061] [INFO   ] thread Thread-0wip2
[11:09:27.060] [INFO   ] AI key pressed step 1 
[11:09:27.061] [INFO   ] thread Thread-0wip3
[11:09:27.061] [INFO   ] AI key pressed step 2 
[11:09:27.061] [INFO   ] thread Thread-0wip4
[11:09:27.061] [INFO   ] KP step 1computer-1
[11:09:27.061] [INFO   ] creat AI step 10 
[11:09:27.061] [INFO   ] KP step 7computer-1
[11:09:27.062] [INFO   ] creat AI step 11 
[11:09:27.062] [INFO   ] AI key pressed step 3, random slot: 8
[11:09:27.062] [INFO   ] creat AI step 3 
[11:09:27.062] [INFO   ] creat AI step 7 
[11:09:27.062] [INFO   ] AI key pressed step 1 
[11:09:27.063] [INFO   ] AI key pressed step 2 
[11:09:27.062] [INFO   ] creat AI step 8 
[11:09:27.063] [INFO   ] creat AI step 9 
[11:09:27.063] [INFO   ] thread Thread-1wip5
[11:09:27.063] [INFO   ] KP step 1computer-0
[11:09:27.063] [INFO   ] thread Thread-1wip1
[11:09:27.063] [INFO   ] KP step 7computer-0
[11:09:27.063] [INFO   ] thread Thread-1wip2
[11:09:27.064] [INFO   ] AI key pressed step 3, random slot: 5
[11:09:27.064] [INFO   ] creat AI step 8 
[11:09:27.064] [INFO   ] creat AI step 9 
[11:09:27.064] [INFO   ] thread Thread-1wip3
[11:09:27.064] [INFO   ] thread Thread-0wip5
[11:09:27.064] [INFO   ] thread Thread-0wip1
[11:09:27.064] [INFO   ] thread Thread-0wip2
[11:09:27.064] [INFO   ] thread Thread-0wip3
[11:09:27.066] [INFO   ] thread Thread-0wip4
[11:09:27.066] [INFO   ] creat AI step 10 
[11:09:27.066] [INFO   ] creat AI step 11 
[11:09:27.067] [INFO   ] creat AI step 3 
[11:09:27.067] [INFO   ] creat AI step 7 
[11:09:27.067] [INFO   ] AI key pressed step 1 
[11:09:27.067] [INFO   ] AI key pressed step 2 
[11:09:27.067] [INFO   ] KP step 1computer-0
[11:09:27.067] [INFO   ] KP step 7computer-0
[11:09:27.067] [INFO   ] AI key pressed step 3, random slot: 3
[11:09:27.067] [INFO   ] creat AI step 8 
[11:09:27.067] [INFO   ] creat AI step 9 
[11:09:27.067] [INFO   ] thread Thread-0wip5
[11:09:27.068] [INFO   ] thread Thread-0wip1
[11:09:27.068] [INFO   ] thread Thread-0wip2
[11:09:27.068] [INFO   ] thread Thread-0wip3
[11:09:27.068] [INFO   ] thread Thread-0wip4
[11:09:27.068] [INFO   ] creat AI step 10 
[11:09:27.068] [INFO   ] creat AI step 11 
[11:09:27.068] [INFO   ] creat AI step 3 
[11:09:27.068] [INFO   ] creat AI step 7 
[11:09:27.068] [INFO   ] AI key pressed step 1 
[11:09:27.068] [INFO   ] AI key pressed step 2 
[11:09:27.068] [INFO   ] KP step 1computer-0
[11:09:27.068] [INFO   ] KP step 7computer-0
[11:09:27.068] [INFO   ] AI key pressed step 3, random slot: 6
[11:09:27.068] [INFO   ] creat AI step 8 
[11:09:27.068] [INFO   ] creat AI step 9 
[11:09:27.068] [INFO   ] thread Thread-0wip5
[11:09:27.068] [INFO   ] thread Thread-0wip1
[11:09:27.068] [INFO   ] thread Thread-0wip2
[11:09:27.068] [INFO   ] thread Thread-0wip3
[11:09:27.069] [INFO   ] thread Thread-0wip4
[11:09:27.069] [INFO   ] creat AI step 10 
[11:09:27.069] [INFO   ] creat AI step 11 
[11:09:27.069] [INFO   ] creat AI step 3 
[11:09:27.069] [INFO   ] creat AI step 7 
[11:09:27.069] [INFO   ] AI key pressed step 1 
[11:09:27.069] [INFO   ] AI key pressed step 2 
[11:09:27.069] [INFO   ] KP step 1computer-0
[11:09:27.069] [INFO   ] KP step 7computer-0
[11:09:27.069] [INFO   ] AI key pressed step 3, random slot: 9
[11:09:27.070] [INFO   ] creat AI step 8 
[11:09:27.070] [INFO   ] creat AI step 9 
[11:09:27.070] [INFO   ] thread Thread-0wip5
[11:09:27.070] [INFO   ] thread Thread-0wip1
[11:09:27.070] [INFO   ] thread Thread-0wip2
[11:09:27.071] [INFO   ] thread Thread-0wip3
[11:09:27.071] [INFO   ] thread Thread-0wip4
[11:09:27.071] [INFO   ] creat AI step 10 
[11:09:27.071] [INFO   ] creat AI step 11 
[11:09:27.071] [INFO   ] creat AI step 3 
[11:09:27.071] [INFO   ] creat AI step 7 
[11:09:27.071] [INFO   ] AI key pressed step 1 
[11:09:27.071] [INFO   ] AI key pressed step 2 
[11:09:27.071] [INFO   ] KP step 1computer-0
[11:09:27.071] [INFO   ] KP step 7computer-0
[11:09:27.071] [INFO   ] AI key pressed step 3, random slot: 10
[11:09:27.071] [INFO   ] creat AI step 8 
[11:09:27.071] [INFO   ] creat AI step 9 
[11:09:27.072] [INFO   ] thread Thread-0wip5
[11:09:27.072] [INFO   ] thread Thread-0wip1
[11:09:27.072] [INFO   ] thread Thread-0wip2
[11:09:27.072] [INFO   ] thread Thread-0wip3
[11:09:27.072] [INFO   ] thread Thread-0wip4
[11:09:27.072] [INFO   ] creat AI step 10 
[11:09:27.072] [INFO   ] creat AI step 11 
[11:09:27.072] [INFO   ] creat AI step 3 
[11:09:27.072] [INFO   ] creat AI step 7 
[11:09:27.072] [INFO   ] AI key pressed step 1 
[11:09:27.072] [INFO   ] AI key pressed step 2 
[11:09:27.072] [INFO   ] KP step 1computer-0
[11:09:27.072] [INFO   ] KP step 7computer-0
[11:09:27.072] [INFO   ] AI key pressed step 3, random slot: 4
[11:09:27.073] [INFO   ] creat AI step 8 
[11:09:27.073] [INFO   ] creat AI step 9 
[11:09:27.073] [INFO   ] thread Thread-0wip5
[11:09:27.073] [INFO   ] thread Thread-0wip1
[11:09:27.073] [INFO   ] thread Thread-0wip2
[11:09:27.073] [INFO   ] thread Thread-0wip3
[11:09:27.073] [INFO   ] thread Thread-0wip4
[11:09:27.073] [INFO   ] creat AI step 10 
[11:09:27.073] [INFO   ] creat AI step 11 
[11:09:27.073] [INFO   ] creat AI step 3 
[11:09:27.073] [INFO   ] creat AI step 7 
[11:09:27.073] [INFO   ] AI key pressed step 1 
[11:09:27.073] [INFO   ] AI key pressed step 2 
[11:09:27.073] [INFO   ] KP step 1computer-0
[11:09:27.073] [INFO   ] KP step 7computer-0
[11:09:27.074] [INFO   ] AI key pressed step 3, random slot: 4
[11:09:27.074] [INFO   ] creat AI step 8 
[11:09:27.074] [INFO   ] creat AI step 9 
[11:09:27.074] [INFO   ] thread Thread-0wip5
[11:09:27.074] [INFO   ] thread Thread-0wip1
[11:09:27.074] [INFO   ] thread Thread-0wip2
[11:09:27.074] [INFO   ] thread Thread-0wip3
[11:09:27.074] [INFO   ] thread Thread-0wip4
[11:09:27.074] [INFO   ] creat AI step 10 
[11:09:27.074] [INFO   ] creat AI step 11 
[11:09:27.074] [INFO   ] creat AI step 3 
[11:09:27.064] [INFO   ] thread Thread-1wip4
[11:09:27.074] [INFO   ] creat AI step 10 
[11:09:27.076] [INFO   ] creat AI step 11 
[11:09:27.074] [INFO   ] creat AI step 7 
[11:09:27.077] [INFO   ] AI key pressed step 1 
[11:09:27.076] [INFO   ] creat AI step 3 
[11:09:27.077] [INFO   ] AI key pressed step 2 
[11:09:27.077] [INFO   ] creat AI step 7 
[11:09:27.078] [INFO   ] AI key pressed step 1 
[11:09:27.078] [INFO   ] AI key pressed step 2 
[11:09:27.078] [INFO   ] KP step 1computer-0
[11:09:27.078] [INFO   ] KP step 7computer-0
[11:09:27.078] [INFO   ] AI key pressed step 3, random slot: 5
[11:09:27.078] [INFO   ] creat AI step 8 
[11:09:27.078] [INFO   ] creat AI step 9 
[11:09:27.078] [INFO   ] thread Thread-0wip5
[11:09:27.079] [INFO   ] thread Thread-0wip1
[11:09:27.079] [INFO   ] thread Thread-0wip2
[11:09:27.079] [INFO   ] thread Thread-0wip3
[11:09:27.079] [INFO   ] thread Thread-0wip4
[11:09:27.079] [INFO   ] creat AI step 10 
[11:09:27.079] [INFO   ] creat AI step 11 
[11:09:27.079] [INFO   ] creat AI step 3 
[11:09:27.079] [INFO   ] creat AI step 7 
[11:09:27.079] [INFO   ] AI key pressed step 1 
[11:09:27.079] [INFO   ] AI key pressed step 2 
[11:09:27.079] [INFO   ] KP step 1computer-0
[11:09:27.079] [INFO   ] KP step 7computer-0
[11:09:27.080] [INFO   ] AI key pressed step 3, random slot: 2
[11:09:27.080] [INFO   ] creat AI step 8 
[11:09:27.080] [INFO   ] creat AI step 9 
[11:09:27.080] [INFO   ] thread Thread-0wip5
[11:09:27.080] [INFO   ] thread Thread-0wip1
[11:09:27.080] [INFO   ] thread Thread-0wip2
[11:09:27.080] [INFO   ] thread Thread-0wip3
[11:09:27.080] [INFO   ] thread Thread-0wip4
[11:09:27.080] [INFO   ] creat AI step 10 
[11:09:27.080] [INFO   ] creat AI step 11 
[11:09:27.080] [INFO   ] creat AI step 3 
[11:09:27.081] [INFO   ] creat AI step 7 
[11:09:27.081] [INFO   ] AI key pressed step 1 
[11:09:27.081] [INFO   ] AI key pressed step 2 
[11:09:27.081] [INFO   ] KP step 1computer-0
[11:09:27.081] [INFO   ] KP step 7computer-0
[11:09:27.081] [INFO   ] AI key pressed step 3, random slot: 11
[11:09:27.081] [INFO   ] creat AI step 8 
[11:09:27.081] [INFO   ] creat AI step 9 
[11:09:27.081] [INFO   ] thread Thread-0wip5
[11:09:27.081] [INFO   ] thread Thread-0wip1
[11:09:27.081] [INFO   ] thread Thread-0wip2
[11:09:27.081] [INFO   ] thread Thread-0wip3
[11:09:27.081] [INFO   ] thread Thread-0wip4
[11:09:27.082] [INFO   ] creat AI step 10 
[11:09:27.082] [INFO   ] creat AI step 11 
[11:09:27.082] [INFO   ] creat AI step 3 
[11:09:27.082] [INFO   ] creat AI step 7 
[11:09:27.082] [INFO   ] AI key pressed step 1 
[11:09:27.082] [INFO   ] AI key pressed step 2 
[11:09:27.082] [INFO   ] KP step 1computer-0
[11:09:27.082] [INFO   ] KP step 7computer-0
[11:09:27.082] [INFO   ] AI key pressed step 3, random slot: 10
[11:09:27.083] [INFO   ] creat AI step 8 
[11:09:27.083] [INFO   ] creat AI step 9 
[11:09:27.083] [INFO   ] thread Thread-0wip5
[11:09:27.083] [INFO   ] thread Thread-0wip1
[11:09:27.083] [INFO   ] thread Thread-0wip2
[11:09:27.083] [INFO   ] thread Thread-0wip3
[11:09:27.083] [INFO   ] thread Thread-0wip4
[11:09:27.083] [INFO   ] creat AI step 10 
[11:09:27.083] [INFO   ] creat AI step 11 
[11:09:27.083] [INFO   ] creat AI step 3 
[11:09:27.083] [INFO   ] creat AI step 7 
[11:09:27.084] [INFO   ] AI key pressed step 1 
[11:09:27.084] [INFO   ] AI key pressed step 2 
[11:09:27.084] [INFO   ] KP step 1computer-0
[11:09:27.084] [INFO   ] KP step 7computer-0
[11:09:27.084] [INFO   ] AI key pressed step 3, random slot: 0
[11:09:27.084] [INFO   ] creat AI step 8 
[11:09:27.084] [INFO   ] creat AI step 9 
[11:09:27.084] [INFO   ] thread Thread-0wip5
[11:09:27.084] [INFO   ] thread Thread-0wip1
[11:09:27.085] [INFO   ] thread Thread-0wip2
[11:09:27.085] [INFO   ] thread Thread-0wip3
[11:09:27.085] [INFO   ] thread Thread-0wip4
[11:09:27.085] [INFO   ] creat AI step 10 
[11:09:27.085] [INFO   ] creat AI step 11 
[11:09:27.085] [INFO   ] creat AI step 3 
[11:09:27.085] [INFO   ] creat AI step 7 
[11:09:27.085] [INFO   ] AI key pressed step 1 
[11:09:27.085] [INFO   ] AI key pressed step 2 
[11:09:27.085] [INFO   ] KP step 1computer-0
[11:09:27.085] [INFO   ] KP step 7computer-0
[11:09:27.085] [INFO   ] AI key pressed step 3, random slot: 7
[11:09:27.085] [INFO   ] creat AI step 8 
[11:09:27.085] [INFO   ] creat AI step 9 
[11:09:27.085] [INFO   ] thread Thread-0wip5
[11:09:27.085] [INFO   ] thread Thread-0wip1
[11:09:27.086] [INFO   ] thread Thread-0wip2
[11:09:27.086] [INFO   ] thread Thread-0wip3
[11:09:27.086] [INFO   ] thread Thread-0wip4
[11:09:27.086] [INFO   ] creat AI step 10 
[11:09:27.086] [INFO   ] creat AI step 11 
[11:09:27.086] [INFO   ] creat AI step 3 
[11:09:27.086] [INFO   ] creat AI step 7 
[11:09:27.086] [INFO   ] AI key pressed step 1 
[11:09:27.086] [INFO   ] AI key pressed step 2 
[11:09:27.086] [INFO   ] KP step 1computer-0
[11:09:27.087] [INFO   ] KP step 7computer-0
[11:09:27.087] [INFO   ] AI key pressed step 3, random slot: 10
[11:09:27.087] [INFO   ] creat AI step 8 
[11:09:27.087] [INFO   ] creat AI step 9 
[11:09:27.087] [INFO   ] thread Thread-0wip5
[11:09:27.087] [INFO   ] thread Thread-0wip1
[11:09:27.087] [INFO   ] thread Thread-0wip2
[11:09:27.087] [INFO   ] thread Thread-0wip3
[11:09:27.087] [INFO   ] thread Thread-0wip4
[11:09:27.088] [INFO   ] creat AI step 10 
[11:09:27.088] [INFO   ] creat AI step 11 
[11:09:27.088] [INFO   ] creat AI step 3 
[11:09:27.088] [INFO   ] creat AI step 7 
[11:09:27.088] [INFO   ] AI key pressed step 1 
[11:09:27.088] [INFO   ] AI key pressed step 2 
[11:09:27.088] [INFO   ] KP step 1computer-0
[11:09:27.088] [INFO   ] KP step 7computer-0
[11:09:27.088] [INFO   ] AI key pressed step 3, random slot: 1
[11:09:27.088] [INFO   ] creat AI step 8 
[11:09:27.088] [INFO   ] creat AI step 9 
[11:09:27.088] [INFO   ] thread Thread-0wip5
[11:09:27.088] [INFO   ] thread Thread-0wip1
[11:09:27.088] [INFO   ] thread Thread-0wip2
[11:09:27.088] [INFO   ] thread Thread-0wip3
[11:09:27.088] [INFO   ] thread Thread-0wip4
[11:09:27.088] [INFO   ] creat AI step 10 
[11:09:27.088] [INFO   ] creat AI step 11 
[11:09:27.089] [INFO   ] creat AI step 3 
[11:09:27.089] [INFO   ] creat AI step 7 
[11:09:27.089] [INFO   ] AI key pressed step 1 
[11:09:27.089] [INFO   ] AI key pressed step 2 
[11:09:27.089] [INFO   ] KP step 1computer-0
[11:09:27.089] [INFO   ] KP step 7computer-0
[11:09:27.089] [INFO   ] AI key pressed step 3, random slot: 0
[11:09:27.089] [INFO   ] creat AI step 8 
[11:09:27.089] [INFO   ] creat AI step 9 
[11:09:27.089] [INFO   ] thread Thread-0wip5
[11:09:27.089] [INFO   ] thread Thread-0wip1
[11:09:27.090] [INFO   ] thread Thread-0wip2
[11:09:27.078] [INFO   ] KP step 1computer-1
[11:09:27.090] [INFO   ] thread Thread-0wip3
[11:09:27.090] [INFO   ] thread Thread-0wip4
[11:09:27.090] [INFO   ] creat AI step 10 
[11:09:27.090] [INFO   ] creat AI step 11 
[11:09:27.091] [INFO   ] creat AI step 3 
[11:09:27.091] [INFO   ] creat AI step 7 
[11:09:27.091] [INFO   ] AI key pressed step 1 
[11:09:27.091] [INFO   ] AI key pressed step 2 
[11:09:27.091] [INFO   ] KP step 1computer-0
[11:09:27.091] [INFO   ] KP step 7computer-0
[11:09:27.091] [INFO   ] AI key pressed step 3, random slot: 3
[11:09:27.091] [INFO   ] creat AI step 8 
[11:09:27.091] [INFO   ] creat AI step 9 
[11:09:27.091] [INFO   ] thread Thread-0wip5
[11:09:27.091] [INFO   ] thread Thread-0wip1
[11:09:27.091] [INFO   ] thread Thread-0wip2
[11:09:27.092] [INFO   ] thread Thread-0wip3
[11:09:27.092] [INFO   ] thread Thread-0wip4
[11:09:27.092] [INFO   ] creat AI step 10 
[11:09:27.092] [INFO   ] creat AI step 11 
[11:09:27.092] [INFO   ] creat AI step 3 
[11:09:27.092] [INFO   ] creat AI step 7 
[11:09:27.092] [INFO   ] AI key pressed step 1 
[11:09:27.092] [INFO   ] AI key pressed step 2 
[11:09:27.093] [INFO   ] KP step 1computer-0
[11:09:27.093] [INFO   ] KP step 7computer-0
[11:09:27.093] [INFO   ] AI key pressed step 3, random slot: 4
[11:09:27.093] [INFO   ] creat AI step 8 
[11:09:27.093] [INFO   ] creat AI step 9 
[11:09:27.093] [INFO   ] thread Thread-0wip5
[11:09:27.093] [INFO   ] thread Thread-0wip1
[11:09:27.093] [INFO   ] thread Thread-0wip2
[11:09:27.093] [INFO   ] thread Thread-0wip3
[11:09:27.093] [INFO   ] thread Thread-0wip4
[11:09:27.093] [INFO   ] creat AI step 10 
[11:09:27.093] [INFO   ] creat AI step 11 
[11:09:27.093] [INFO   ] creat AI step 3 
[11:09:27.094] [INFO   ] creat AI step 7 
[11:09:27.094] [INFO   ] AI key pressed step 1 
[11:09:27.095] [INFO   ] AI key pressed step 2 
[11:09:27.095] [INFO   ] KP step 1computer-0
[11:09:27.095] [INFO   ] KP step 7computer-0
[11:09:27.096] [INFO   ] AI key pressed step 3, random slot: 11
[11:09:27.096] [INFO   ] creat AI step 8 
[11:09:27.090] [INFO   ] KP step 7computer-1
[11:09:27.096] [INFO   ] AI key pressed step 3, random slot: 5
[11:09:27.096] [INFO   ] creat AI step 8 
[11:09:27.096] [INFO   ] creat AI step 9 
[11:09:27.096] [INFO   ] creat AI step 9 
[11:09:27.096] [INFO   ] thread Thread-1wip5
[11:09:27.097] [INFO   ] thread Thread-0wip5
[11:09:27.097] [INFO   ] thread Thread-1wip1
[11:09:27.097] [INFO   ] thread Thread-0wip1
[11:09:27.097] [INFO   ] thread Thread-1wip2
[11:09:27.097] [INFO   ] thread Thread-0wip2
[11:09:27.097] [INFO   ] thread Thread-1wip3
[11:09:27.098] [INFO   ] thread Thread-1wip4
[11:09:27.097] [INFO   ] thread Thread-0wip3
[11:09:27.214] [INFO   ] creat AI step 10 
[11:09:27.201] [INFO   ] place card step 0 
[11:09:27.215] [INFO   ] creat AI step 11 
[11:09:27.215] [INFO   ] thread Thread-0wip4
[11:09:27.215] [INFO   ] creat AI step 3 
[11:09:27.216] [INFO   ] place card step 1 
[11:09:27.216] [INFO   ] creat AI step 10 
[11:09:27.216] [INFO   ] creat AI step 4 
[11:09:27.216] [INFO   ] creat AI step 11 
[11:09:27.216] [INFO   ] creat AI step 5 
[11:09:27.216] [INFO   ] creat AI step 3 
[11:09:27.216] [INFO   ] creat AI step 4 
[11:09:27.216] [INFO   ] creat AI step 5 
[11:09:27.329] [SEVERE ] placing card 59 in slot 0
[11:09:27.438] [SEVERE ] placing card 8 in slot 1
[11:09:27.547] [SEVERE ] placing card 56 in slot 2
[11:09:27.657] [SEVERE ] placing card 79 in slot 3
[11:09:27.765] [SEVERE ] placing card 3 in slot 4
[11:09:27.872] [SEVERE ] placing card 70 in slot 5
[11:09:27.980] [SEVERE ] placing card 58 in slot 6
[11:09:28.092] [SEVERE ] placing card 51 in slot 7
[11:09:28.199] [SEVERE ] placing card 80 in slot 8
[11:09:28.308] [SEVERE ] placing card 63 in slot 9
[11:09:28.415] [SEVERE ] placing card 42 in slot 10
[11:09:28.523] [SEVERE ] placing card 33 in slot 11
[11:09:28.523] [INFO   ] place card step 2 
[11:09:28.523] [INFO   ] place card step 3 
[11:09:28.527] [INFO   ] place card step 5 
[11:09:28.527] [INFO   ] place card step 6 
[11:09:28.527] [INFO   ] place card step 7 
[11:09:28.527] [INFO   ] place card step 8 
[11:09:28.528] [INFO   ] creat AI step 6 
[11:09:28.528] [INFO   ] creat AI step 7 
[11:09:28.528] [INFO   ] AI key pressed step 1 
[11:09:28.528] [INFO   ] creat AI step 6 
[11:09:28.528] [INFO   ] creat AI step 7 
[11:09:28.528] [INFO   ] AI key pressed step 1 
[11:09:28.528] [INFO   ] AI key pressed step 2 
[11:09:28.528] [INFO   ] KP step 1computer-0
[11:09:28.528] [INFO   ] KP step 2computer-0
[11:09:28.528] [INFO   ] KP step 4computer-0
[11:09:28.528] [INFO   ] AI key pressed step 2 
[11:09:28.529] [INFO   ] KP step 1computer-1
[11:09:28.529] [INFO   ] KP step 5computer-0
[11:09:28.529] [SEVERE ] player 1 placing token on slot 2
[11:09:28.529] [INFO   ] KP step 2computer-1
[11:09:28.529] [INFO   ] KP step 4computer-1
[11:09:28.529] [INFO   ] KP step 5computer-1
[11:09:28.529] [SEVERE ] player 2 placing token on slot 11
[11:09:28.529] [INFO   ] KP step 6computer-0
[11:09:28.530] [INFO   ] KP step 7computer-0
[11:09:28.530] [INFO   ] KP step 6computer-1
[11:09:28.530] [INFO   ] KP step 7computer-1
[11:09:28.530] [INFO   ] AI key pressed step 3, random slot: 11
[11:09:28.530] [INFO   ] creat AI step 8 
[11:09:28.530] [INFO   ] creat AI step 9 
[11:09:28.530] [INFO   ] AI key pressed step 3, random slot: 2
[11:09:28.530] [INFO   ] creat AI step 8 
[11:09:28.531] [INFO   ] creat AI step 9 
[11:09:28.530] [INFO   ] thread Thread-1wip5
[11:09:28.531] [INFO   ] thread Thread-0wip5
[11:09:28.531] [INFO   ] thread Thread-0wip1
[11:09:28.531] [INFO   ] thread Thread-0wip2
[11:09:28.531] [INFO   ] thread Thread-0wip3
[11:09:28.532] [INFO   ] thread Thread-0wip4
[11:09:28.531] [INFO   ] thread Thread-1wip1
[11:09:28.532] [INFO   ] thread Thread-1wip2
[11:09:28.532] [INFO   ] thread Thread-1wip3
[11:09:28.532] [INFO   ] thread Thread-1wip4
[11:09:28.532] [INFO   ] creat AI step 10 
[11:09:28.532] [INFO   ] creat AI step 11 
[11:09:28.532] [INFO   ] creat AI step 3 
[11:09:28.532] [INFO   ] creat AI step 7 
[11:09:28.533] [INFO   ] AI key pressed step 1 
[11:09:28.533] [INFO   ] AI key pressed step 2 
[11:09:28.533] [INFO   ] KP step 1computer-0
[11:09:28.532] [INFO   ] creat AI step 10 
[11:09:28.533] [INFO   ] creat AI step 11 
[11:09:28.533] [INFO   ] KP step 2computer-0
[11:09:28.533] [INFO   ] creat AI step 3 
[11:09:28.534] [INFO   ] creat AI step 7 
[11:09:28.534] [INFO   ] AI key pressed step 1 
[11:09:28.534] [INFO   ] AI key pressed step 2 
[11:09:28.534] [INFO   ] KP step 1computer-1
[11:09:28.534] [INFO   ] KP step 2computer-1
[11:09:28.534] [INFO   ] KP step 3computer-0
[11:09:28.534] [INFO   ] KP step 4computer-1
[11:09:28.535] [INFO   ] KP step 5computer-1
[11:09:28.535] [SEVERE ] removing player 1 token from slot 2
[11:09:28.535] [SEVERE ] player 2 placing token on slot 1
[11:09:28.535] [INFO   ] KP step 7computer-0
[11:09:28.535] [INFO   ] AI key pressed step 3, random slot: 2
[11:09:28.535] [INFO   ] creat AI step 8 
[11:09:28.535] [INFO   ] creat AI step 9 
[11:09:28.535] [INFO   ] thread Thread-0wip5
[11:09:28.536] [INFO   ] thread Thread-0wip1
[11:09:28.536] [INFO   ] thread Thread-0wip2
[11:09:28.536] [INFO   ] thread Thread-0wip3
[11:09:28.536] [INFO   ] thread Thread-0wip4
[11:09:28.535] [INFO   ] KP step 6computer-1
[11:09:28.536] [INFO   ] creat AI step 10 
[11:09:28.536] [INFO   ] creat AI step 11 
[11:09:28.536] [INFO   ] creat AI step 3 
[11:09:28.537] [INFO   ] creat AI step 7 
[11:09:28.537] [INFO   ] AI key pressed step 1 
[11:09:28.537] [INFO   ] AI key pressed step 2 
[11:09:28.537] [INFO   ] KP step 1computer-0
[11:09:28.537] [INFO   ] KP step 2computer-0
[11:09:28.537] [INFO   ] KP step 4computer-0
[11:09:28.537] [INFO   ] KP step 5computer-0
[11:09:28.537] [SEVERE ] player 1 placing token on slot 5
[11:09:28.537] [INFO   ] KP step 6computer-0
[11:09:28.537] [INFO   ] KP step 7computer-0
[11:09:28.537] [INFO   ] AI key pressed step 3, random slot: 5
[11:09:28.537] [INFO   ] creat AI step 8 
[11:09:28.536] [INFO   ] KP step 7computer-1
[11:09:28.538] [INFO   ] AI key pressed step 3, random slot: 1
[11:09:28.538] [INFO   ] creat AI step 8 
[11:09:28.538] [INFO   ] creat AI step 9 
[11:09:28.538] [INFO   ] creat AI step 9 
[11:09:28.538] [INFO   ] thread Thread-1wip5
[11:09:28.538] [INFO   ] thread Thread-1wip1
[11:09:28.538] [INFO   ] thread Thread-1wip2
[11:09:28.538] [INFO   ] thread Thread-1wip3
[11:09:28.538] [INFO   ] thread Thread-1wip4
[11:09:28.539] [INFO   ] creat AI step 10 
[11:09:28.539] [INFO   ] creat AI step 11 
[11:09:28.539] [INFO   ] creat AI step 3 
[11:09:28.539] [INFO   ] creat AI step 7 
[11:09:28.539] [INFO   ] AI key pressed step 1 
[11:09:28.538] [INFO   ] thread Thread-0wip5
[11:09:28.539] [INFO   ] AI key pressed step 2 
[11:09:28.539] [INFO   ] thread Thread-0wip1
[11:09:28.539] [INFO   ] KP step 1computer-1
[11:09:28.539] [INFO   ] thread Thread-0wip2
[11:09:28.539] [INFO   ] KP step 2computer-1
[11:09:28.540] [INFO   ] thread Thread-0wip3
[11:09:28.540] [INFO   ] KP step 4computer-1
[11:09:28.540] [INFO   ] thread Thread-0wip4
[11:09:28.540] [INFO   ] KP step 5computer-1
[11:09:28.540] [INFO   ] creat AI step 10 
[11:09:28.541] [INFO   ] creat AI step 11 
[11:09:28.541] [INFO   ] creat AI step 3 
[11:09:28.541] [INFO   ] creat AI step 7 
[11:09:28.540] [SEVERE ] player 2 placing token on slot 7
[11:09:28.541] [INFO   ] AI key pressed step 1 
[11:09:28.541] [INFO   ] AI key pressed step 2 
[11:09:28.541] [INFO   ] KP step 1computer-0
[11:09:28.541] [INFO   ] KP step 2computer-0
[11:09:28.541] [INFO   ] KP step 6computer-1
[11:09:28.541] [INFO   ] KP step 4computer-0
[11:09:28.541] [INFO   ] KP step 7computer-1
[11:09:28.542] [INFO   ] KP step 5computer-0
[11:09:28.542] [SEVERE ] player 1 placing token on slot 11
[11:09:28.542] [INFO   ] KP step 8computer-1
[11:09:28.542] [INFO   ] KP step 6computer-0
[11:09:28.542] [INFO   ] KP step 7computer-0
[11:09:28.542] [INFO   ] KP step 9computer-1
[11:09:28.542] [INFO   ] AI key pressed step 3, random slot: 11
[11:09:28.543] [INFO   ] creat AI step 8 
[11:09:28.543] [INFO   ] creat AI step 9 
[11:09:28.542] [INFO   ] KP step 10computer-1
[11:09:28.543] [INFO   ] thread Thread-0wip5
[11:09:28.543] [SEVERE ] updating countdown to 58429
[11:09:28.544] [INFO   ] thread dealer start remove cards.
[11:09:28.543] [INFO   ] KP step 11computer-1
[11:09:28.543] [INFO   ] thread Thread-0wip1
[11:09:28.545] [INFO   ] thread Thread-0wip2
[11:09:28.545] [INFO   ] thread Thread-0wip3
[11:09:28.545] [INFO   ] thread Thread-0wip4
[11:09:28.545] [INFO   ] creat AI step 10 
[11:09:28.545] [INFO   ] creat AI step 11 
[11:09:28.545] [INFO   ] creat AI step 3 
[11:09:28.545] [INFO   ] creat AI step 7 
[11:09:28.545] [INFO   ] AI key pressed step 1 
[11:09:28.545] [INFO   ] AI key pressed step 2 
[11:09:28.545] [INFO   ] KP step 1computer-0
[11:09:28.546] [INFO   ] KP step 2computer-0
[11:09:28.546] [INFO   ] KP step 4computer-0
[11:09:28.546] [INFO   ] KP step 5computer-0
[11:09:28.546] [SEVERE ] player 1 placing token on slot 9
[11:09:28.546] [INFO   ] KP step 6computer-0
[11:09:28.546] [INFO   ] KP step 7computer-0
[11:09:28.546] [INFO   ] KP step 8computer-0
[11:09:28.546] [INFO   ] KP step 9computer-0
[11:09:28.546] [INFO   ] KP step 10computer-0
[11:09:28.546] [INFO   ] KP step 11computer-0
[11:09:28.757] [INFO   ] thread dealerremove cards after lock.
[11:09:28.757] [INFO   ] remove  in the table step 1
[11:09:28.758] [INFO   ] remove  in the table step 2
[11:09:28.758] [INFO   ] penalty
[11:09:28.758] [SEVERE ] setting player 2 freeze to 3000
[11:09:29.767] [SEVERE ] setting player 2 freeze to 2000
[11:09:30.781] [SEVERE ] setting player 2 freeze to 1000
[11:09:31.788] [SEVERE ] setting player 2 freeze to 0
[11:09:31.788] [SEVERE ] removing player 2 token from slot 11
[11:09:31.789] [SEVERE ] removing player 2 token from slot 1
[11:09:31.789] [SEVERE ] removing player 2 token from slot 7
[11:09:31.789] [INFO   ] thread dealerremove cards before wake up player.
[11:09:31.789] [INFO   ] thread dealerremove cards after lock.
[11:09:31.789] [INFO   ] remove  in the table step 1
[11:09:31.789] [INFO   ] thread Thread-1wip5
[11:09:31.789] [INFO   ] thread Thread-1wip1
[11:09:31.789] [INFO   ] remove  in the table step 2
[11:09:31.789] [INFO   ] thread Thread-1wip2
[11:09:31.789] [INFO   ] penalty
[11:09:31.789] [SEVERE ] setting player 1 freeze to 3000
[11:09:31.789] [INFO   ] thread Thread-1wip3
[11:09:31.789] [INFO   ] thread Thread-1wip4
[11:09:32.802] [SEVERE ] setting player 1 freeze to 2000
[11:09:33.817] [SEVERE ] setting player 1 freeze to 1000
[11:09:34.830] [SEVERE ] setting player 1 freeze to 0
[11:09:34.830] [SEVERE ] removing player 1 token from slot 5
[11:09:34.830] [SEVERE ] removing player 1 token from slot 11
[11:09:34.830] [SEVERE ] removing player 1 token from slot 9
[11:09:34.830] [INFO   ] thread dealerremove cards before wake up player.
[11:09:34.830] [INFO   ] thread Thread-0wip5
[11:09:34.830] [INFO   ] thread Thread-0wip1
[11:09:34.830] [INFO   ] thread Thread-0wip2
[11:09:34.830] [INFO   ] thread Thread-0wip3
[11:09:34.830] [INFO   ] thread Thread-0wip4
[11:09:35.049] [INFO   ] place card step 0 
[11:09:35.049] [INFO   ] place card step 1 
[11:09:35.049] [INFO   ] place card step 2 
[11:09:35.049] [INFO   ] place card step 3 
[11:09:35.050] [INFO   ] place card step 5 
[11:09:35.050] [INFO   ] place card step 6 
[11:09:35.050] [INFO   ] place card step 7 
[11:09:35.050] [INFO   ] place card step 8 
[11:09:36.058] [SEVERE ] updating countdown to 50914
[11:09:36.059] [INFO   ] thread dealer start remove cards.
[11:09:36.493] [INFO   ] place card step 0 
[11:09:36.493] [INFO   ] place card step 1 
[11:09:36.493] [INFO   ] place card step 2 
[11:09:36.493] [INFO   ] place card step 3 
[11:09:36.497] [INFO   ] place card step 5 
[11:09:36.497] [INFO   ] place card step 6 
[11:09:36.497] [INFO   ] place card step 7 
[11:09:36.497] [INFO   ] place card step 8 
[11:09:37.506] [SEVERE ] updating countdown to 49466
[11:09:37.506] [INFO   ] thread dealer start remove cards.
[11:09:37.941] [INFO   ] place card step 0 
[11:09:37.941] [INFO   ] place card step 1 
[11:09:37.941] [INFO   ] place card step 2 
[11:09:37.941] [INFO   ] place card step 3 
[11:09:37.943] [INFO   ] place card step 5 
[11:09:37.943] [INFO   ] place card step 6 
[11:09:37.943] [INFO   ] place card step 7 
[11:09:37.943] [INFO   ] place card step 8 
[11:09:38.954] [SEVERE ] updating countdown to 48018
[11:09:38.954] [INFO   ] thread dealer start remove cards.
[11:09:39.389] [INFO   ] place card step 0 
[11:09:39.389] [INFO   ] place card step 1 
[11:09:39.389] [INFO   ] place card step 2 
[11:09:39.389] [INFO   ] place card step 3 
[11:09:39.393] [INFO   ] place card step 5 
[11:09:39.393] [INFO   ] place card step 6 
[11:09:39.393] [INFO   ] place card step 7 
[11:09:39.393] [INFO   ] place card step 8 
[11:09:40.399] [SEVERE ] updating countdown to 46573
[11:09:40.399] [INFO   ] thread dealer start remove cards.
[11:09:40.838] [INFO   ] place card step 0 
[11:09:40.838] [INFO   ] place card step 1 
[11:09:40.838] [INFO   ] place card step 2 
[11:09:40.838] [INFO   ] place card step 3 
[11:09:40.839] [INFO   ] place card step 5 
[11:09:40.839] [INFO   ] place card step 6 
[11:09:40.839] [INFO   ] place card step 7 
[11:09:40.839] [INFO   ] place card step 8 
[11:09:41.846] [SEVERE ] updating countdown to 45126
[11:09:41.846] [INFO   ] thread dealer start remove cards.
[11:09:42.284] [INFO   ] place card step 0 
[11:09:42.284] [INFO   ] place card step 1 
[11:09:42.284] [INFO   ] place card step 2 
[11:09:42.284] [INFO   ] place card step 3 
[11:09:42.285] [INFO   ] place card step 5 
[11:09:42.285] [INFO   ] place card step 6 
[11:09:42.285] [INFO   ] place card step 7 
[11:09:42.285] [INFO   ] place card step 8 
[11:09:43.295] [SEVERE ] updating countdown to 43677
[11:09:43.295] [INFO   ] thread dealer start remove cards.
[11:09:43.734] [INFO   ] place card step 0 
[11:09:43.734] [INFO   ] place card step 1 
[11:09:43.734] [INFO   ] place card step 2 
[11:09:43.734] [INFO   ] place card step 3 
[11:09:43.735] [INFO   ] place card step 5 
[11:09:43.735] [INFO   ] place card step 6 
[11:09:43.735] [INFO   ] place card step 7 
[11:09:43.735] [INFO   ] place card step 8 
[11:09:44.744] [SEVERE ] updating countdown to 42228
[11:09:44.744] [INFO   ] thread dealer start remove cards.
[11:09:45.180] [INFO   ] place card step 0 
[11:09:45.180] [INFO   ] place card step 1 
[11:09:45.180] [INFO   ] place card step 2 
[11:09:45.180] [INFO   ] place card step 3 
[11:09:45.181] [INFO   ] place card step 5 
[11:09:45.181] [INFO   ] place card step 6 
[11:09:45.181] [INFO   ] place card step 7 
[11:09:45.181] [INFO   ] place card step 8 
[11:09:45.713] [SEVERE ] exit button pressed
[11:09:46.196] [SEVERE ] updating countdown to 40776
[11:09:46.197] [INFO   ] thread dealer start remove cards.
[11:09:46.633] [INFO   ] place card step 0 
[11:09:46.633] [INFO   ] place card step 1 
[11:09:46.633] [INFO   ] place card step 2 
[11:09:46.633] [INFO   ] place card step 3 
[11:09:46.634] [INFO   ] place card step 5 
[11:09:46.634] [INFO   ] place card step 6 
[11:09:46.634] [INFO   ] place card step 7 
[11:09:46.634] [INFO   ] place card step 8 
[11:09:47.647] [SEVERE ] updating countdown to 39325
[11:09:47.648] [INFO   ] thread dealer start remove cards.
[11:09:48.080] [INFO   ] place card step 0 
[11:09:48.080] [INFO   ] place card step 1 
[11:09:48.080] [INFO   ] place card step 2 
[11:09:48.080] [INFO   ] place card step 3 
[11:09:48.082] [INFO   ] place card step 5 
[11:09:48.082] [INFO   ] place card step 6 
[11:09:48.082] [INFO   ] place card step 7 
[11:09:48.082] [INFO   ] place card step 8 
[11:09:49.092] [SEVERE ] updating countdown to 37880
[11:09:49.092] [INFO   ] thread dealer start remove cards.
[11:09:49.531] [INFO   ] place card step 0 
[11:09:49.531] [INFO   ] place card step 1 
[11:09:49.531] [INFO   ] place card step 2 
[11:09:49.531] [INFO   ] place card step 3 
[11:09:49.532] [INFO   ] place card step 5 
[11:09:49.532] [INFO   ] place card step 6 
[11:09:49.532] [INFO   ] place card step 7 
[11:09:49.532] [INFO   ] place card step 8 
[11:09:50.544] [SEVERE ] updating countdown to 36428
[11:09:50.544] [INFO   ] thread dealer start remove cards.
[11:09:50.982] [INFO   ] place card step 0 
[11:09:50.982] [INFO   ] place card step 1 
[11:09:50.982] [INFO   ] place card step 2 
[11:09:50.982] [INFO   ] place card step 3 
[11:09:50.983] [INFO   ] place card step 5 
[11:09:50.983] [INFO   ] place card step 6 
[11:09:50.983] [INFO   ] place card step 7 
[11:09:50.983] [INFO   ] place card step 8 
[11:09:51.992] [SEVERE ] updating countdown to 34980
[11:09:51.992] [INFO   ] thread dealer start remove cards.
[11:09:52.434] [INFO   ] place card step 0 
[11:09:52.434] [INFO   ] place card step 1 
[11:09:52.434] [INFO   ] place card step 2 
[11:09:52.434] [INFO   ] place card step 3 
[11:09:52.434] [INFO   ] place card step 5 
[11:09:52.434] [INFO   ] place card step 6 
[11:09:52.434] [INFO   ] place card step 7 
[11:09:52.434] [INFO   ] place card step 8 
[11:09:53.434] [SEVERE ] updating countdown to 33538
[11:09:53.434] [INFO   ] thread dealer start remove cards.
