[19:02:47.134] [INFO   ] thread main starting.
[19:02:47.143] [SEVERE ] cannot read configuration file config.properties trying from resources.
[19:02:47.145] [SEVERE ] configuration file was loaded from resources directory.
[19:02:47.725] [INFO   ] thread dealer starting.
[19:02:47.726] [INFO   ] thread dealer starting.
[19:02:47.727] [INFO   ] thread Thread-0 starting.
[19:02:47.729] [INFO   ] thread computer-0 starting.
[19:02:47.730] [INFO   ] thread Thread-1 starting.
[19:02:47.731] [INFO   ] thread computer-1 starting.
[19:02:47.731] [SEVERE ] updating countdown to 60000
[19:02:48.042] [SEVERE ] placing card 44 in slot 0
[19:02:48.143] [SEVERE ] placing card 8 in slot 1
[19:02:48.252] [SEVERE ] placing card 31 in slot 2
[19:02:48.360] [SEVERE ] placing card 67 in slot 3
[19:02:48.468] [SEVERE ] placing card 42 in slot 4
[19:02:48.577] [SEVERE ] placing card 41 in slot 5
[19:02:48.686] [SEVERE ] placing card 27 in slot 6
[19:02:48.795] [SEVERE ] placing card 62 in slot 7
[19:02:48.904] [SEVERE ] placing card 79 in slot 8
[19:02:49.014] [SEVERE ] placing card 22 in slot 9
[19:02:49.122] [SEVERE ] placing card 77 in slot 10
[19:02:49.231] [SEVERE ] placing card 17 in slot 11
[19:02:49.605] [SEVERE ] player 2 placing token on slot 1
[19:02:49.605] [SEVERE ] player 1 placing token on slot 4
[19:02:49.966] [SEVERE ] player 1 placing token on slot 10
[19:02:49.966] [SEVERE ] player 2 placing token on slot 10
[19:02:50.247] [SEVERE ] updating countdown to 57486
[19:02:50.324] [SEVERE ] player 1 placing token on slot 9
[19:02:50.324] [SEVERE ] player 2 placing token on slot 9
[19:02:50.466] [INFO   ] remove  in the table step 1
[19:02:50.467] [INFO   ] remove  in the table step 2
[19:02:50.467] [SEVERE ] removing player 1 token from slot 4
[19:02:50.467] [SEVERE ] removing player 1 token from slot 10
[19:02:50.467] [SEVERE ] removing player 1 token from slot 9
[19:02:50.468] [INFO   ] thread dealerstep 1.
[19:02:50.468] [INFO   ] thread dealerstep 2.
[19:02:50.469] [INFO   ] thread dealerstep 3.
[19:02:50.469] [INFO   ] thread dealerstep 4.
[19:02:50.469] [SEVERE ] updating countdown to 57264
[19:02:50.469] [INFO   ] thread dealerbefor dealer notify player.
[19:02:50.469] [INFO   ] thread dealerafter dealer notify player.
[19:02:50.470] [INFO   ] remove  in the table step 1
[19:02:50.470] [INFO   ] thread Thread-0 player was notified by dealer.
[19:02:50.470] [INFO   ] remove  in the table step 2
[19:02:50.470] [INFO   ] penalty
[19:02:50.471] [SEVERE ] removing player 2 token from slot 1
[19:02:50.471] [SEVERE ] setting player 1 freeze to 3000
[19:02:50.471] [SEVERE ] removing player 2 token from slot 10
[19:02:50.472] [SEVERE ] removing player 2 token from slot 9
[19:02:50.472] [INFO   ] thread dealerstep 1.
[19:02:50.472] [INFO   ] thread dealerstep 2.
[19:02:50.472] [INFO   ] thread dealerstep 3.
[19:02:50.472] [INFO   ] thread dealerstep 4.
[19:02:50.473] [SEVERE ] updating countdown to 57260
[19:02:50.473] [INFO   ] thread dealerbefor dealer notify player.
[19:02:50.473] [INFO   ] thread dealerafter dealer notify player.
[19:02:50.473] [INFO   ] thread Thread-1 player was notified by dealer.
[19:02:50.473] [INFO   ] penalty
[19:02:50.474] [SEVERE ] setting player 2 freeze to 3000
[19:02:51.472] [SEVERE ] setting player 1 freeze to 2000
[19:02:51.488] [SEVERE ] setting player 2 freeze to 2000
[19:02:51.707] [SEVERE ] updating countdown to 56026
[19:02:52.487] [SEVERE ] setting player 1 freeze to 1000
[19:02:52.503] [SEVERE ] setting player 2 freeze to 1000
[19:02:53.160] [SEVERE ] updating countdown to 54573
[19:02:53.503] [SEVERE ] setting player 1 freeze to 0
[19:02:53.519] [SEVERE ] setting player 2 freeze to 0
[19:02:53.954] [SEVERE ] player 1 placing token on slot 5
[19:02:53.954] [SEVERE ] player 2 placing token on slot 1
[19:02:54.312] [SEVERE ] removing player 2 token from slot 1
[19:02:54.312] [SEVERE ] player 1 placing token on slot 4
[19:02:54.608] [SEVERE ] updating countdown to 53125
[19:02:54.671] [SEVERE ] player 2 placing token on slot 6
[19:02:54.671] [SEVERE ] player 1 placing token on slot 1
[19:02:54.826] [INFO   ] remove  in the table step 1
[19:02:54.827] [INFO   ] remove  in the table step 2
[19:02:54.827] [SEVERE ] removing player 1 token from slot 5
[19:02:54.828] [SEVERE ] removing player 1 token from slot 4
[19:02:54.829] [SEVERE ] removing player 1 token from slot 1
[19:02:54.829] [INFO   ] thread dealerstep 1.
[19:02:54.830] [INFO   ] thread dealerstep 2.
[19:02:54.830] [INFO   ] thread dealerstep 3.
[19:02:54.830] [INFO   ] thread dealerstep 4.
[19:02:54.830] [SEVERE ] updating countdown to 52903
[19:02:54.831] [INFO   ] thread dealerbefor dealer notify player.
[19:02:54.831] [INFO   ] thread dealerafter dealer notify player.
[19:02:54.832] [INFO   ] thread Thread-0 player was notified by dealer.
[19:02:54.832] [INFO   ] penalty
[19:02:54.832] [SEVERE ] setting player 1 freeze to 3000
[19:02:55.029] [SEVERE ] player 2 placing token on slot 2
[19:02:55.387] [SEVERE ] player 2 placing token on slot 3
[19:02:55.387] [SEVERE ] updating countdown to 52346
[19:02:55.606] [INFO   ] remove  in the table step 1
[19:02:55.606] [INFO   ] remove  in the table step 2
[19:02:55.606] [SEVERE ] removing player 2 token from slot 6
[19:02:55.606] [SEVERE ] removing player 2 token from slot 2
[19:02:55.607] [SEVERE ] removing player 2 token from slot 3
[19:02:55.607] [INFO   ] thread dealerstep 1.
[19:02:55.607] [INFO   ] thread dealerstep 2.
[19:02:55.607] [INFO   ] thread dealerstep 3.
[19:02:55.607] [INFO   ] thread dealerstep 4.
[19:02:55.607] [SEVERE ] updating countdown to 52126
[19:02:55.607] [INFO   ] thread dealerbefor dealer notify player.
[19:02:55.607] [INFO   ] thread dealerafter dealer notify player.
[19:02:55.607] [INFO   ] thread Thread-1 player was notified by dealer.
[19:02:55.608] [INFO   ] penalty
[19:02:55.608] [SEVERE ] setting player 2 freeze to 3000
[19:02:55.838] [SEVERE ] setting player 1 freeze to 2000
[19:02:56.616] [SEVERE ] setting player 2 freeze to 2000
[19:02:56.831] [SEVERE ] updating countdown to 50902
[19:02:56.847] [SEVERE ] setting player 1 freeze to 1000
[19:02:57.622] [SEVERE ] setting player 2 freeze to 1000
[19:02:57.856] [SEVERE ] setting player 1 freeze to 0
[19:02:58.215] [SEVERE ] player 1 placing token on slot 6
[19:02:58.277] [SEVERE ] updating countdown to 49456
[19:02:58.635] [SEVERE ] setting player 2 freeze to 0
[19:02:59.072] [SEVERE ] player 1 placing token on slot 4
[19:02:59.072] [SEVERE ] player 2 placing token on slot 9
[19:02:59.429] [SEVERE ] player 1 placing token on slot 3
[19:02:59.429] [SEVERE ] player 2 placing token on slot 3
[19:02:59.429] [SEVERE ] updating countdown to 48304
[19:02:59.647] [INFO   ] remove  in the table step 1
[19:02:59.647] [INFO   ] remove  in the table step 2
[19:02:59.648] [SEVERE ] removing player 1 token from slot 6
[19:02:59.648] [SEVERE ] removing player 1 token from slot 4
[19:02:59.649] [SEVERE ] removing player 1 token from slot 3
[19:02:59.649] [INFO   ] thread dealerstep 1.
[19:02:59.649] [INFO   ] thread dealerstep 2.
[19:02:59.650] [INFO   ] thread dealerstep 3.
[19:02:59.650] [INFO   ] thread dealerstep 4.
[19:02:59.650] [SEVERE ] updating countdown to 48083
[19:02:59.650] [INFO   ] thread dealerbefor dealer notify player.
[19:02:59.650] [INFO   ] thread dealerafter dealer notify player.
[19:02:59.650] [INFO   ] thread Thread-0 player was notified by dealer.
[19:02:59.651] [INFO   ] penalty
[19:02:59.651] [SEVERE ] setting player 1 freeze to 3000
[19:02:59.787] [SEVERE ] removing player 2 token from slot 9
[19:03:00.143] [SEVERE ] player 2 placing token on slot 7
[19:03:00.503] [SEVERE ] player 2 placing token on slot 9
[19:03:00.503] [SEVERE ] updating countdown to 47230
[19:03:00.659] [SEVERE ] setting player 1 freeze to 2000
[19:03:00.720] [INFO   ] remove  in the table step 1
[19:03:00.721] [INFO   ] remove  in the table step 2
[19:03:00.721] [SEVERE ] removing player 2 token from slot 3
[19:03:00.721] [SEVERE ] removing player 2 token from slot 7
[19:03:00.721] [SEVERE ] removing player 2 token from slot 9
[19:03:00.721] [INFO   ] thread dealerstep 1.
[19:03:00.722] [INFO   ] thread dealerstep 2.
[19:03:00.722] [INFO   ] thread dealerstep 3.
[19:03:00.722] [INFO   ] thread dealerstep 4.
[19:03:00.722] [SEVERE ] updating countdown to 47011
[19:03:00.722] [INFO   ] thread dealerbefor dealer notify player.
[19:03:00.722] [INFO   ] thread dealerafter dealer notify player.
[19:03:00.723] [INFO   ] thread Thread-1 player was notified by dealer.
[19:03:00.723] [INFO   ] penalty
[19:03:00.724] [SEVERE ] setting player 2 freeze to 3000
[19:03:01.669] [SEVERE ] setting player 1 freeze to 1000
[19:03:01.732] [SEVERE ] setting player 2 freeze to 2000
[19:03:01.949] [SEVERE ] updating countdown to 45784
[19:03:02.682] [SEVERE ] setting player 1 freeze to 0
[19:03:02.745] [SEVERE ] setting player 2 freeze to 1000
[19:03:03.039] [SEVERE ] player 1 placing token on slot 8
[19:03:03.396] [SEVERE ] updating countdown to 44337
[19:03:03.396] [SEVERE ] player 1 placing token on slot 6
[19:03:03.755] [SEVERE ] setting player 2 freeze to 0
[19:03:04.190] [SEVERE ] player 2 placing token on slot 1
[19:03:04.190] [SEVERE ] player 1 placing token on slot 7
[19:03:04.190] [SEVERE ] updating countdown to 43543
[19:03:04.407] [INFO   ] remove  in the table step 1
[19:03:04.407] [INFO   ] remove  in the table step 2
[19:03:04.407] [SEVERE ] removing player 1 token from slot 8
[19:03:04.408] [SEVERE ] removing player 1 token from slot 6
[19:03:04.408] [SEVERE ] removing player 1 token from slot 7
[19:03:04.408] [INFO   ] thread dealerstep 1.
[19:03:04.409] [INFO   ] thread dealerstep 2.
[19:03:04.409] [INFO   ] thread dealerstep 3.
[19:03:04.409] [INFO   ] thread dealerstep 4.
[19:03:04.409] [SEVERE ] updating countdown to 43324
[19:03:04.409] [INFO   ] thread dealerbefor dealer notify player.
[19:03:04.409] [INFO   ] thread dealerafter dealer notify player.
[19:03:04.409] [INFO   ] thread Thread-0 player was notified by dealer.
[19:03:04.410] [INFO   ] penalty
[19:03:04.410] [SEVERE ] setting player 1 freeze to 3000
[19:03:04.545] [SEVERE ] player 2 placing token on slot 2
[19:03:04.906] [SEVERE ] player 2 placing token on slot 10
[19:03:04.906] [SEVERE ] updating countdown to 42827
[19:03:05.122] [INFO   ] remove  in the table step 1
[19:03:05.122] [INFO   ] remove  in the table step 2
[19:03:05.122] [SEVERE ] removing player 2 token from slot 1
[19:03:05.122] [SEVERE ] removing player 2 token from slot 2
[19:03:05.122] [SEVERE ] removing player 2 token from slot 10
[19:03:05.123] [INFO   ] thread dealerstep 1.
[19:03:05.123] [INFO   ] thread dealerstep 2.
[19:03:05.123] [INFO   ] thread dealerstep 3.
[19:03:05.123] [INFO   ] thread dealerstep 4.
[19:03:05.123] [SEVERE ] updating countdown to 42610
[19:03:05.123] [INFO   ] thread dealerbefor dealer notify player.
[19:03:05.123] [INFO   ] thread dealerafter dealer notify player.
[19:03:05.123] [INFO   ] thread Thread-1 player was notified by dealer.
[19:03:05.123] [INFO   ] penalty
[19:03:05.123] [SEVERE ] setting player 2 freeze to 3000
[19:03:05.415] [SEVERE ] setting player 1 freeze to 2000
[19:03:06.133] [SEVERE ] setting player 2 freeze to 2000
[19:03:06.348] [SEVERE ] updating countdown to 41385
[19:03:06.426] [SEVERE ] setting player 1 freeze to 1000
[19:03:07.144] [SEVERE ] setting player 2 freeze to 1000
[19:03:07.441] [SEVERE ] setting player 1 freeze to 0
[19:03:07.799] [SEVERE ] player 1 placing token on slot 2
[19:03:07.799] [SEVERE ] updating countdown to 39934
[19:03:08.157] [SEVERE ] setting player 2 freeze to 0
[19:03:08.590] [SEVERE ] player 1 placing token on slot 7
[19:03:08.590] [SEVERE ] player 2 placing token on slot 10
[19:03:08.949] [SEVERE ] removing player 2 token from slot 10
[19:03:08.949] [SEVERE ] player 1 placing token on slot 6
[19:03:08.950] [SEVERE ] updating countdown to 38783
[19:03:09.166] [INFO   ] remove  in the table step 1
[19:03:09.166] [INFO   ] remove  in the table step 2
[19:03:09.166] [SEVERE ] removing player 1 token from slot 2
[19:03:09.167] [SEVERE ] removing player 1 token from slot 7
[19:03:09.167] [SEVERE ] removing player 1 token from slot 6
[19:03:09.167] [INFO   ] thread dealerstep 1.
[19:03:09.167] [INFO   ] thread dealerstep 2.
[19:03:09.167] [INFO   ] thread dealerstep 3.
[19:03:09.167] [INFO   ] thread dealerstep 4.
[19:03:09.167] [SEVERE ] updating countdown to 38566
[19:03:09.168] [INFO   ] thread dealerbefor dealer notify player.
[19:03:09.168] [INFO   ] thread dealerafter dealer notify player.
[19:03:09.168] [INFO   ] thread Thread-0 player was notified by dealer.
[19:03:09.169] [INFO   ] penalty
[19:03:09.169] [SEVERE ] setting player 1 freeze to 3000
[19:03:09.306] [SEVERE ] player 2 placing token on slot 8
[19:03:09.668] [SEVERE ] player 2 placing token on slot 7
[19:03:10.026] [SEVERE ] player 2 placing token on slot 1
[19:03:10.027] [SEVERE ] updating countdown to 37706
[19:03:10.182] [SEVERE ] setting player 1 freeze to 2000
[19:03:10.244] [INFO   ] remove  in the table step 1
[19:03:10.244] [INFO   ] remove  in the table step 2
[19:03:10.245] [SEVERE ] removing player 2 token from slot 8
[19:03:10.246] [SEVERE ] removing player 2 token from slot 7
[19:03:10.246] [SEVERE ] removing player 2 token from slot 1
[19:03:10.247] [INFO   ] thread dealerstep 1.
[19:03:10.247] [INFO   ] thread dealerstep 2.
[19:03:10.247] [INFO   ] thread dealerstep 3.
[19:03:10.248] [INFO   ] thread dealerstep 4.
[19:03:10.248] [SEVERE ] updating countdown to 37485
[19:03:10.248] [INFO   ] thread dealerbefor dealer notify player.
[19:03:10.249] [INFO   ] thread dealerafter dealer notify player.
[19:03:10.249] [INFO   ] thread Thread-1 player was notified by dealer.
[19:03:10.249] [INFO   ] penalty
[19:03:10.250] [SEVERE ] setting player 2 freeze to 3000
[19:03:11.192] [SEVERE ] setting player 1 freeze to 1000
[19:03:11.254] [SEVERE ] setting player 2 freeze to 2000
[19:03:11.472] [SEVERE ] updating countdown to 36261
[19:03:12.206] [SEVERE ] setting player 1 freeze to 0
[19:03:12.268] [SEVERE ] setting player 2 freeze to 1000
[19:03:12.561] [SEVERE ] player 1 placing token on slot 2
[19:03:12.920] [SEVERE ] updating countdown to 34813
[19:03:12.920] [SEVERE ] player 1 placing token on slot 11
[19:03:13.277] [SEVERE ] setting player 2 freeze to 0
[19:03:13.714] [SEVERE ] player 1 placing token on slot 9
[19:03:13.714] [SEVERE ] player 2 placing token on slot 4
[19:03:13.715] [SEVERE ] updating countdown to 34018
[19:03:13.931] [INFO   ] remove  in the table step 1
[19:03:13.932] [INFO   ] remove  in the table step 2
[19:03:13.932] [SEVERE ] removing player 1 token from slot 2
[19:03:13.932] [SEVERE ] removing player 1 token from slot 11
[19:03:13.932] [SEVERE ] removing player 1 token from slot 9
[19:03:13.933] [INFO   ] thread dealerstep 1.
[19:03:13.933] [INFO   ] thread dealerstep 2.
[19:03:13.933] [INFO   ] thread dealerstep 3.
[19:03:13.933] [INFO   ] thread dealerstep 4.
[19:03:13.933] [SEVERE ] updating countdown to 33800
[19:03:13.933] [INFO   ] thread dealerbefor dealer notify player.
[19:03:13.934] [INFO   ] thread dealerafter dealer notify player.
[19:03:13.934] [INFO   ] thread Thread-0 player was notified by dealer.
[19:03:13.934] [INFO   ] penalty
[19:03:13.934] [SEVERE ] setting player 1 freeze to 3000
[19:03:14.071] [SEVERE ] player 2 placing token on slot 8
[19:03:14.428] [SEVERE ] player 2 placing token on slot 9
[19:03:14.429] [SEVERE ] updating countdown to 33304
[19:03:14.647] [INFO   ] remove  in the table step 1
[19:03:14.647] [INFO   ] remove  in the table step 2
[19:03:14.648] [SEVERE ] removing player 2 token from slot 4
[19:03:14.648] [SEVERE ] removing player 2 token from slot 8
[19:03:14.649] [SEVERE ] removing player 2 token from slot 9
[19:03:14.649] [INFO   ] thread dealerstep 1.
[19:03:14.649] [INFO   ] thread dealerstep 2.
[19:03:14.649] [INFO   ] thread dealerstep 3.
[19:03:14.649] [INFO   ] thread dealerstep 4.
[19:03:14.649] [SEVERE ] updating countdown to 33084
[19:03:14.649] [INFO   ] thread dealerbefor dealer notify player.
[19:03:14.649] [INFO   ] thread dealerafter dealer notify player.
[19:03:14.649] [INFO   ] thread Thread-1 player was notified by dealer.
[19:03:14.650] [INFO   ] penalty
[19:03:14.650] [SEVERE ] setting player 2 freeze to 3000
[19:03:14.942] [SEVERE ] setting player 1 freeze to 2000
[19:03:15.658] [SEVERE ] setting player 2 freeze to 2000
[19:03:15.875] [SEVERE ] updating countdown to 31858
[19:03:15.954] [SEVERE ] setting player 1 freeze to 1000
[19:03:16.668] [SEVERE ] setting player 2 freeze to 1000
[19:03:16.964] [SEVERE ] setting player 1 freeze to 0
[19:03:17.323] [SEVERE ] updating countdown to 30410
[19:03:17.323] [SEVERE ] player 1 placing token on slot 6
[19:03:17.681] [SEVERE ] setting player 2 freeze to 0
[19:03:18.117] [SEVERE ] player 2 placing token on slot 10
[19:03:18.117] [SEVERE ] player 1 placing token on slot 7
[19:03:18.475] [SEVERE ] player 1 placing token on slot 5
[19:03:18.475] [SEVERE ] player 2 placing token on slot 0
[19:03:18.475] [SEVERE ] updating countdown to 29258
[19:03:18.693] [INFO   ] remove  in the table step 1
[19:03:18.693] [INFO   ] remove  in the table step 2
[19:03:18.693] [SEVERE ] removing player 1 token from slot 6
[19:03:18.694] [SEVERE ] removing player 1 token from slot 7
[19:03:18.694] [SEVERE ] removing player 1 token from slot 5
[19:03:18.694] [INFO   ] thread dealerstep 1.
[19:03:18.694] [INFO   ] thread dealerstep 2.
[19:03:18.694] [INFO   ] thread dealerstep 3.
[19:03:18.694] [INFO   ] thread dealerstep 4.
[19:03:18.694] [SEVERE ] updating countdown to 29039
[19:03:18.695] [INFO   ] thread dealerbefor dealer notify player.
[19:03:18.695] [INFO   ] thread dealerafter dealer notify player.
[19:03:18.695] [INFO   ] thread Thread-0 player was notified by dealer.
[19:03:18.695] [INFO   ] penalty
[19:03:18.695] [SEVERE ] setting player 1 freeze to 3000
[19:03:18.834] [SEVERE ] player 2 placing token on slot 9
[19:03:18.912] [SEVERE ] updating countdown to 28821
[19:03:19.127] [INFO   ] remove  in the table step 1
[19:03:19.127] [INFO   ] remove  in the table step 2
[19:03:19.127] [SEVERE ] removing player 2 token from slot 10
[19:03:19.127] [SEVERE ] removing player 2 token from slot 0
[19:03:19.127] [SEVERE ] removing player 2 token from slot 9
[19:03:19.127] [INFO   ] thread dealerstep 1.
[19:03:19.127] [INFO   ] thread dealerstep 2.
[19:03:19.128] [INFO   ] thread dealerstep 3.
[19:03:19.128] [INFO   ] thread dealerstep 4.
[19:03:19.128] [SEVERE ] updating countdown to 28605
[19:03:19.128] [INFO   ] thread dealerbefor dealer notify player.
[19:03:19.128] [INFO   ] thread dealerafter dealer notify player.
[19:03:19.129] [INFO   ] thread Thread-1 player was notified by dealer.
[19:03:19.129] [INFO   ] penalty
[19:03:19.129] [SEVERE ] setting player 2 freeze to 3000
[19:03:19.706] [SEVERE ] setting player 1 freeze to 2000
[19:03:20.140] [SEVERE ] setting player 2 freeze to 2000
[19:03:20.358] [SEVERE ] updating countdown to 27375
[19:03:20.716] [SEVERE ] setting player 1 freeze to 1000
[19:03:21.151] [SEVERE ] setting player 2 freeze to 1000
[19:03:21.731] [SEVERE ] setting player 1 freeze to 0
[19:03:21.809] [SEVERE ] updating countdown to 25924
[19:03:22.152] [SEVERE ] setting player 2 freeze to 0
[19:03:22.605] [SEVERE ] player 1 placing token on slot 2
[19:03:22.605] [SEVERE ] player 2 placing token on slot 1
[19:03:22.961] [SEVERE ] player 2 placing token on slot 8
[19:03:22.961] [SEVERE ] player 1 placing token on slot 9
[19:03:23.259] [SEVERE ] updating countdown to 24474
[19:03:23.320] [SEVERE ] removing player 2 token from slot 1
[19:03:23.320] [SEVERE ] player 1 placing token on slot 3
[19:03:23.474] [INFO   ] remove  in the table step 1
[19:03:23.474] [INFO   ] remove  in the table step 2
[19:03:23.474] [SEVERE ] removing player 1 token from slot 2
[19:03:23.584] [SEVERE ] removing card from slot 2
[19:03:23.585] [SEVERE ] removing player 1 token from slot 9
[19:03:23.692] [SEVERE ] removing card from slot 9
[19:03:23.692] [SEVERE ] removing player 1 token from slot 3
[19:03:23.801] [SEVERE ] removing card from slot 3
[19:03:23.801] [INFO   ] thread dealerstep 1.
[19:03:23.801] [INFO   ] thread dealerstep 2.
[19:03:23.801] [INFO   ] thread dealerstep 3.
[19:03:23.802] [INFO   ] thread dealerstep 4.
[19:03:23.802] [INFO   ] thread dealerstep 5.
[19:03:23.802] [SEVERE ] updating countdown to 60000
[19:03:23.804] [INFO   ] thread dealerstep 6.
[19:03:23.804] [INFO   ] thread dealerbefor dealer notify player.
[19:03:23.804] [INFO   ] thread dealerafter dealer notify player.
[19:03:23.804] [INFO   ] thread Thread-0 player was notified by dealer.
[19:03:23.804] [INFO   ] point
[19:03:23.804] [SEVERE ] setting player 1 score to 1
[19:03:23.805] [SEVERE ] setting player 1 freeze to 1000
[19:03:24.126] [SEVERE ] placing card 46 in slot 2
[19:03:24.235] [SEVERE ] placing card 1 in slot 3
[19:03:24.343] [SEVERE ] placing card 6 in slot 9
[19:03:24.703] [SEVERE ] player 2 placing token on slot 6
[19:03:24.812] [SEVERE ] setting player 1 freeze to 0
[19:03:25.061] [SEVERE ] player 2 placing token on slot 0
[19:03:25.061] [SEVERE ] updating countdown to 58743
[19:03:25.170] [SEVERE ] player 1 placing token on slot 6
[19:03:25.278] [INFO   ] remove  in the table step 1
[19:03:25.279] [INFO   ] remove  in the table step 2
[19:03:25.279] [SEVERE ] removing player 2 token from slot 8
[19:03:25.279] [SEVERE ] removing player 2 token from slot 6
[19:03:25.279] [SEVERE ] removing player 2 token from slot 0
[19:03:25.280] [INFO   ] thread dealerstep 1.
[19:03:25.280] [INFO   ] thread dealerstep 2.
[19:03:25.280] [INFO   ] thread dealerstep 3.
[19:03:25.280] [INFO   ] thread dealerstep 4.
[19:03:25.280] [SEVERE ] updating countdown to 58524
[19:03:25.280] [INFO   ] thread dealerbefor dealer notify player.
[19:03:25.280] [INFO   ] thread dealerafter dealer notify player.
[19:03:25.280] [INFO   ] thread Thread-1 player was notified by dealer.
[19:03:25.281] [INFO   ] penalty
[19:03:25.281] [SEVERE ] setting player 2 freeze to 3000
[19:03:25.528] [SEVERE ] player 1 placing token on slot 8
[19:03:25.885] [SEVERE ] player 1 placing token on slot 9
[19:03:25.885] [SEVERE ] updating countdown to 57919
[19:03:26.101] [INFO   ] remove  in the table step 1
[19:03:26.101] [INFO   ] remove  in the table step 2
[19:03:26.101] [SEVERE ] removing player 1 token from slot 6
[19:03:26.101] [SEVERE ] removing player 1 token from slot 8
[19:03:26.102] [SEVERE ] removing player 1 token from slot 9
[19:03:26.102] [INFO   ] thread dealerstep 1.
[19:03:26.102] [INFO   ] thread dealerstep 2.
[19:03:26.102] [INFO   ] thread dealerstep 3.
[19:03:26.102] [INFO   ] thread dealerstep 4.
[19:03:26.102] [SEVERE ] updating countdown to 57702
[19:03:26.102] [INFO   ] thread dealerbefor dealer notify player.
[19:03:26.102] [INFO   ] thread dealerafter dealer notify player.
[19:03:26.102] [INFO   ] thread Thread-0 player was notified by dealer.
[19:03:26.102] [INFO   ] penalty
[19:03:26.103] [SEVERE ] setting player 1 freeze to 3000
[19:03:26.290] [SEVERE ] setting player 2 freeze to 2000
[19:03:27.107] [SEVERE ] setting player 1 freeze to 2000
[19:03:27.293] [SEVERE ] setting player 2 freeze to 1000
[19:03:27.324] [SEVERE ] updating countdown to 56480
[19:03:28.122] [SEVERE ] setting player 1 freeze to 1000
[19:03:28.294] [SEVERE ] setting player 2 freeze to 0
[19:03:28.652] [SEVERE ] player 2 placing token on slot 11
[19:03:28.767] [SEVERE ] exit button pressed
[19:03:28.778] [SEVERE ] updating countdown to 55026
[19:03:29.137] [SEVERE ] setting player 1 freeze to 0
[19:03:29.572] [SEVERE ] player 2 placing token on slot 0
[19:03:29.572] [SEVERE ] player 1 placing token on slot 3
[19:03:29.933] [SEVERE ] player 2 placing token on slot 10
[19:03:29.933] [SEVERE ] player 1 placing token on slot 2
[19:03:29.933] [SEVERE ] updating countdown to 53871
[19:03:30.152] [INFO   ] remove  in the table step 1
[19:03:30.152] [INFO   ] remove  in the table step 2
[19:03:30.152] [SEVERE ] removing player 2 token from slot 11
[19:03:30.152] [SEVERE ] removing player 2 token from slot 0
[19:03:30.153] [SEVERE ] removing player 2 token from slot 10
[19:03:30.153] [INFO   ] thread dealerstep 1.
[19:03:30.153] [INFO   ] thread dealerstep 2.
[19:03:30.153] [INFO   ] thread dealerstep 3.
[19:03:30.153] [INFO   ] thread dealerstep 4.
[19:03:30.153] [SEVERE ] updating countdown to 53651
[19:03:30.153] [INFO   ] thread dealerbefor dealer notify player.
[19:03:30.153] [INFO   ] thread dealerafter dealer notify player.
[19:03:30.153] [INFO   ] thread Thread-1 player was notified by dealer.
[19:03:30.153] [INFO   ] penalty
[19:03:30.153] [SEVERE ] setting player 2 freeze to 3000
[19:03:30.293] [SEVERE ] player 1 placing token on slot 11
[19:03:30.370] [SEVERE ] updating countdown to 53434
[19:03:30.590] [INFO   ] remove  in the table step 1
[19:03:30.590] [INFO   ] remove  in the table step 2
[19:03:30.591] [SEVERE ] removing player 1 token from slot 3
[19:03:30.591] [SEVERE ] removing player 1 token from slot 2
[19:03:30.591] [SEVERE ] removing player 1 token from slot 11
[19:03:30.591] [INFO   ] thread dealerstep 1.
[19:03:30.591] [INFO   ] thread dealerstep 2.
[19:03:30.591] [INFO   ] thread dealerstep 3.
[19:03:30.591] [INFO   ] thread dealerstep 4.
[19:03:30.591] [SEVERE ] updating countdown to 53213
[19:03:30.591] [INFO   ] thread dealerbefor dealer notify player.
[19:03:30.591] [INFO   ] thread dealerafter dealer notify player.
[19:03:30.591] [INFO   ] thread Thread-0 player was notified by dealer.
[19:03:30.591] [INFO   ] penalty
[19:03:30.591] [SEVERE ] setting player 1 freeze to 3000
[19:03:31.166] [SEVERE ] setting player 2 freeze to 2000
[19:03:31.601] [SEVERE ] setting player 1 freeze to 2000
[19:03:31.819] [SEVERE ] updating countdown to 51985
[19:03:32.177] [SEVERE ] setting player 2 freeze to 1000
[19:03:32.614] [SEVERE ] setting player 1 freeze to 1000
[19:03:33.192] [SEVERE ] setting player 2 freeze to 0
[19:03:33.256] [SEVERE ] updating countdown to 50548
[19:03:33.616] [SEVERE ] setting player 1 freeze to 0
[19:03:34.050] [SEVERE ] player 2 placing token on slot 7
[19:03:34.050] [SEVERE ] player 1 placing token on slot 10
[19:03:34.408] [SEVERE ] player 1 placing token on slot 7
[19:03:34.408] [SEVERE ] player 2 placing token on slot 8
[19:03:34.704] [SEVERE ] updating countdown to 49100
[19:03:34.767] [SEVERE ] removing player 1 token from slot 7
[19:03:34.767] [SEVERE ] player 2 placing token on slot 5
[19:03:34.922] [INFO   ] remove  in the table step 1
[19:03:34.922] [INFO   ] remove  in the table step 2
[19:03:34.922] [SEVERE ] removing player 2 token from slot 7
[19:03:34.922] [SEVERE ] removing player 2 token from slot 8
[19:03:34.922] [SEVERE ] removing player 2 token from slot 5
[19:03:34.922] [INFO   ] thread dealerstep 1.
[19:03:34.922] [INFO   ] thread dealerstep 2.
[19:03:34.922] [INFO   ] thread dealerstep 3.
[19:03:34.922] [INFO   ] thread dealerstep 4.
[19:03:34.922] [SEVERE ] updating countdown to 48882
[19:03:34.923] [INFO   ] thread dealerbefor dealer notify player.
[19:03:34.923] [INFO   ] thread dealerafter dealer notify player.
[19:03:34.923] [INFO   ] thread Thread-1 player was notified by dealer.
[19:03:34.923] [INFO   ] penalty
[19:03:34.923] [SEVERE ] setting player 2 freeze to 3000
[19:03:35.126] [SEVERE ] player 1 placing token on slot 6
[19:03:35.486] [SEVERE ] removing player 1 token from slot 10
[19:03:35.843] [SEVERE ] player 1 placing token on slot 7
[19:03:35.936] [SEVERE ] setting player 2 freeze to 2000
[19:03:36.156] [SEVERE ] updating countdown to 47648
[19:03:36.203] [SEVERE ] player 1 placing token on slot 11
[19:03:36.374] [INFO   ] remove  in the table step 1
[19:03:36.374] [INFO   ] remove  in the table step 2
[19:03:36.374] [SEVERE ] removing player 1 token from slot 6
[19:03:36.375] [SEVERE ] removing player 1 token from slot 7
[19:03:36.375] [SEVERE ] removing player 1 token from slot 11
[19:03:36.375] [INFO   ] thread dealerstep 1.
[19:03:36.375] [INFO   ] thread dealerstep 2.
[19:03:36.375] [INFO   ] thread dealerstep 3.
[19:03:36.375] [INFO   ] thread dealerstep 4.
[19:03:36.375] [SEVERE ] updating countdown to 47429
[19:03:36.376] [INFO   ] thread dealerbefor dealer notify player.
[19:03:36.376] [INFO   ] thread dealerafter dealer notify player.
[19:03:36.377] [INFO   ] thread Thread-0 player was notified by dealer.
[19:03:36.377] [INFO   ] penalty
[19:03:36.377] [SEVERE ] setting player 1 freeze to 3000
[19:03:36.947] [SEVERE ] setting player 2 freeze to 1000
[19:03:37.381] [SEVERE ] setting player 1 freeze to 2000
[19:03:37.600] [SEVERE ] updating countdown to 46204
[19:03:37.960] [SEVERE ] setting player 2 freeze to 0
[19:03:38.394] [SEVERE ] setting player 1 freeze to 1000
[19:03:38.394] [SEVERE ] player 2 placing token on slot 11
[19:03:38.752] [SEVERE ] player 2 placing token on slot 5
[19:03:38.784] [INFO   ] thread computer-1 terminated.
[19:03:38.784] [INFO   ] thread Thread-1 player was notified by dealer.
[19:03:38.784] [INFO   ] penalty
[19:03:38.784] [SEVERE ] setting player 2 freeze to 3000
[19:03:38.784] [SEVERE ] updating countdown to 45020
[19:03:38.785] [SEVERE ] setting player 2 freeze to 2000
[19:03:39.405] [SEVERE ] setting player 1 freeze to 0
[19:03:39.797] [SEVERE ] setting player 2 freeze to 1000
[19:03:40.799] [SEVERE ] setting player 2 freeze to 0
[19:03:40.799] [INFO   ] thread Thread-1 terminated.
[19:03:40.799] [INFO   ] remove  in the table step 1
[19:03:40.799] [INFO   ] remove  in the table step 2
[19:03:40.799] [SEVERE ] removing player 2 token from slot 11
[19:03:40.799] [INFO   ] thread computer-0 terminated.
[19:03:40.799] [INFO   ] thread Thread-0 player was notified by dealer.
[19:03:40.799] [INFO   ] penalty
[19:03:40.799] [SEVERE ] setting player 1 freeze to 3000
[19:03:40.799] [SEVERE ] setting player 1 freeze to 2000
[19:03:40.900] [SEVERE ] removing card from slot 11
[19:03:40.900] [SEVERE ] removing player 2 token from slot 5
[19:03:41.001] [SEVERE ] removing card from slot 5
[19:03:41.001] [INFO   ] thread dealerstep 1.
[19:03:41.001] [INFO   ] thread dealerstep 2.
[19:03:41.001] [INFO   ] thread dealerstep 3.
[19:03:41.001] [INFO   ] thread dealerstep 4.
[19:03:41.001] [INFO   ] thread dealerstep 5.
[19:03:41.001] [SEVERE ] updating countdown to 60000
[19:03:41.001] [INFO   ] thread dealerstep 6.
[19:03:41.001] [INFO   ] thread dealerbefor dealer notify player.
[19:03:41.001] [INFO   ] thread dealerafter dealer notify player.
[19:03:41.327] [SEVERE ] placing card 60 in slot 5
[19:03:41.435] [SEVERE ] placing card 5 in slot 11
[19:03:41.435] [SEVERE ] updating countdown to 59566
[19:03:41.808] [SEVERE ] setting player 1 freeze to 1000
[19:03:42.810] [SEVERE ] setting player 1 freeze to 0
[19:03:42.810] [INFO   ] thread Thread-0 terminated.
[19:03:42.811] [INFO   ] remove  in the table step 1
[19:03:42.811] [INFO   ] remove  in the table step 2
[19:03:42.811] [INFO   ] thread dealerstep 1.
[19:03:42.811] [INFO   ] thread dealerstep 2.
[19:03:42.811] [INFO   ] thread dealerstep 3.
[19:03:42.811] [INFO   ] thread dealerstep 4.
[19:03:42.811] [SEVERE ] updating countdown to 58190
[19:03:42.811] [INFO   ] thread dealerbefor dealer notify player.
[19:03:42.811] [INFO   ] thread dealerafter dealer notify player.
[19:03:43.033] [SEVERE ] updating countdown to 60000
[19:03:43.251] [INFO   ] REMOVE ALL 1 
[19:03:43.360] [SEVERE ] removing card from slot 0
[19:03:43.467] [SEVERE ] removing card from slot 1
[19:03:43.577] [SEVERE ] removing card from slot 2
[19:03:43.687] [SEVERE ] removing card from slot 3
[19:03:43.796] [SEVERE ] removing card from slot 4
[19:03:43.905] [SEVERE ] removing card from slot 5
[19:03:44.016] [SEVERE ] removing card from slot 6
[19:03:44.125] [SEVERE ] removing card from slot 7
[19:03:44.234] [SEVERE ] removing card from slot 8
[19:03:44.344] [SEVERE ] removing card from slot 9
[19:03:44.453] [SEVERE ] removing card from slot 10
[19:03:44.561] [SEVERE ] removing card from slot 11
[19:03:44.562] [SEVERE ] announcing winner(s): player 1, player 1
[19:03:44.566] [INFO   ] thread dealer terminated.
[19:03:44.566] [INFO   ] thread dealer terminated.
[19:03:44.567] [SEVERE ] thanks for playing... it was fun!
[19:03:44.567] [INFO   ] thread main terminated.
