[19:30:13.945] [INFO   ] thread main starting.
[19:30:13.951] [SEVERE ] cannot read configuration file config.properties trying from resources.
[19:30:13.954] [SEVERE ] configuration file was loaded from resources directory.
[19:30:14.549] [INFO   ] thread dealer starting.
[19:30:14.550] [INFO   ] thread dealer starting.
[19:30:14.551] [INFO   ] thread Thread-0 starting.
[19:30:14.552] [INFO   ] thread computer-0 starting.
[19:30:14.553] [INFO   ] thread Thread-1 starting.
[19:30:14.553] [INFO   ] thread computer-1 starting.
[19:30:14.553] [SEVERE ] updating countdown to 60000
[19:30:14.866] [SEVERE ] placing card 8 in slot 0
[19:30:14.969] [SEVERE ] placing card 62 in slot 1
[19:30:15.079] [SEVERE ] placing card 34 in slot 2
[19:30:15.191] [SEVERE ] placing card 10 in slot 3
[19:30:15.299] [SEVERE ] placing card 23 in slot 4
[19:30:15.408] [SEVERE ] placing card 42 in slot 5
[19:30:15.518] [SEVERE ] placing card 50 in slot 6
[19:30:15.627] [SEVERE ] placing card 11 in slot 7
[19:30:15.738] [SEVERE ] placing card 18 in slot 8
[19:30:15.847] [SEVERE ] placing card 60 in slot 9
[19:30:15.958] [SEVERE ] placing card 3 in slot 10
[19:30:16.067] [SEVERE ] placing card 51 in slot 11
[19:30:16.068] [SEVERE ] updating countdown to 58488
[19:30:16.068] [SEVERE ] updating countdown to 58488
[19:30:16.425] [SEVERE ] player 1 placing token on slot 6
[19:30:16.425] [SEVERE ] player 2 placing token on slot 9
[19:30:16.785] [SEVERE ] player 1 placing token on slot 3
[19:30:16.785] [SEVERE ] player 2 placing token on slot 8
[19:30:17.083] [SEVERE ] updating countdown to 57473
[19:30:17.147] [SEVERE ] player 2 placing token on slot 5
[19:30:17.147] [SEVERE ] player 1 placing token on slot 0
[19:30:17.304] [INFO   ] remove  in the table step 1
[19:30:17.304] [INFO   ] remove  in the table step 2
[19:30:17.304] [SEVERE ] updating countdown to 57252
[19:30:17.305] [SEVERE ] removing player 2 token from slot 9
[19:30:17.305] [SEVERE ] updating countdown to 57251
[19:30:17.305] [SEVERE ] updating countdown to 57251
[19:30:17.305] [SEVERE ] removing player 2 token from slot 8
[19:30:17.305] [SEVERE ] updating countdown to 57251
[19:30:17.305] [SEVERE ] updating countdown to 57251
[19:30:17.306] [SEVERE ] removing player 2 token from slot 5
[19:30:17.306] [SEVERE ] updating countdown to 57250
[19:30:17.306] [INFO   ] thread dealerstep 2.
[19:30:17.306] [SEVERE ] updating countdown to 57250
[19:30:17.306] [INFO   ] remove  in the table step 1
[19:30:17.306] [INFO   ] thread Thread-1 player was notified by dealer.
[19:30:17.306] [INFO   ] remove  in the table step 2
[19:30:17.306] [INFO   ] penalty
[19:30:17.307] [SEVERE ] updating countdown to 57249
[19:30:17.307] [SEVERE ] setting player 2 freeze to 3000
[19:30:17.307] [SEVERE ] removing player 1 token from slot 6
[19:30:17.307] [SEVERE ] updating countdown to 57249
[19:30:17.308] [SEVERE ] updating countdown to 57248
[19:30:17.308] [SEVERE ] removing player 1 token from slot 3
[19:30:17.308] [SEVERE ] updating countdown to 57248
[19:30:17.308] [SEVERE ] updating countdown to 57248
[19:30:17.308] [SEVERE ] removing player 1 token from slot 0
[19:30:17.309] [SEVERE ] updating countdown to 57247
[19:30:17.309] [INFO   ] thread dealerstep 2.
[19:30:17.309] [SEVERE ] updating countdown to 57247
[19:30:17.309] [INFO   ] thread Thread-0 player was notified by dealer.
[19:30:17.310] [INFO   ] penalty
[19:30:17.310] [SEVERE ] setting player 1 freeze to 3000
[19:30:17.523] [SEVERE ] updating countdown to 57033
[19:30:17.523] [SEVERE ] updating countdown to 57033
[19:30:18.319] [SEVERE ] setting player 1 freeze to 2000
[19:30:18.319] [SEVERE ] setting player 2 freeze to 2000
[19:30:18.539] [SEVERE ] updating countdown to 56017
[19:30:18.974] [SEVERE ] updating countdown to 55582
[19:30:18.976] [SEVERE ] updating countdown to 55580
[19:30:19.334] [SEVERE ] setting player 2 freeze to 1000
[19:30:19.334] [SEVERE ] setting player 1 freeze to 1000
[19:30:19.989] [SEVERE ] updating countdown to 54567
[19:30:20.349] [SEVERE ] setting player 2 freeze to 0
[19:30:20.349] [SEVERE ] setting player 1 freeze to 0
[19:30:20.426] [SEVERE ] updating countdown to 54130
[19:30:20.426] [SEVERE ] updating countdown to 54130
[19:30:20.782] [SEVERE ] player 2 placing token on slot 10
[19:30:20.782] [SEVERE ] player 1 placing token on slot 10
[19:30:21.141] [SEVERE ] player 1 placing token on slot 6
[19:30:21.141] [SEVERE ] player 2 placing token on slot 3
[19:30:21.434] [SEVERE ] updating countdown to 53122
[19:30:21.497] [SEVERE ] player 1 placing token on slot 1
[19:30:21.497] [SEVERE ] player 2 placing token on slot 8
[19:30:21.655] [INFO   ] remove  in the table step 1
[19:30:21.655] [INFO   ] remove  in the table step 2
[19:30:21.656] [SEVERE ] updating countdown to 52900
[19:30:21.656] [SEVERE ] removing player 1 token from slot 10
[19:30:21.656] [SEVERE ] updating countdown to 52900
[19:30:21.657] [SEVERE ] updating countdown to 52899
[19:30:21.657] [SEVERE ] removing player 1 token from slot 6
[19:30:21.657] [SEVERE ] updating countdown to 52899
[19:30:21.657] [SEVERE ] updating countdown to 52899
[19:30:21.658] [SEVERE ] removing player 1 token from slot 1
[19:30:21.658] [SEVERE ] updating countdown to 52898
[19:30:21.658] [INFO   ] thread dealerstep 2.
[19:30:21.659] [SEVERE ] updating countdown to 52897
[19:30:21.659] [INFO   ] remove  in the table step 1
[19:30:21.659] [INFO   ] remove  in the table step 2
[19:30:21.659] [INFO   ] thread Thread-0 player was notified by dealer.
[19:30:21.660] [SEVERE ] updating countdown to 52896
[19:30:21.660] [INFO   ] penalty
[19:30:21.661] [SEVERE ] setting player 1 freeze to 3000
[19:30:21.660] [SEVERE ] removing player 2 token from slot 10
[19:30:21.662] [SEVERE ] updating countdown to 52894
[19:30:21.662] [SEVERE ] updating countdown to 52894
[19:30:21.662] [SEVERE ] removing player 2 token from slot 3
[19:30:21.662] [SEVERE ] updating countdown to 52894
[19:30:21.663] [SEVERE ] updating countdown to 52893
[19:30:21.663] [SEVERE ] removing player 2 token from slot 8
[19:30:21.663] [SEVERE ] updating countdown to 52893
[19:30:21.664] [INFO   ] thread dealerstep 2.
[19:30:21.664] [SEVERE ] updating countdown to 52892
[19:30:21.664] [INFO   ] thread Thread-1 player was notified by dealer.
[19:30:21.665] [INFO   ] penalty
[19:30:21.665] [SEVERE ] setting player 2 freeze to 3000
[19:30:21.889] [SEVERE ] updating countdown to 52667
[19:30:21.890] [SEVERE ] updating countdown to 52666
[19:30:22.669] [SEVERE ] setting player 1 freeze to 2000
[19:30:22.669] [SEVERE ] setting player 2 freeze to 2000
[19:30:22.902] [SEVERE ] updating countdown to 51654
[19:30:23.338] [SEVERE ] updating countdown to 51218
[19:30:23.338] [SEVERE ] updating countdown to 51218
[19:30:23.681] [SEVERE ] setting player 1 freeze to 1000
[19:30:23.681] [SEVERE ] setting player 2 freeze to 1000
[19:30:24.350] [SEVERE ] updating countdown to 50206
[19:30:24.694] [SEVERE ] setting player 1 freeze to 0
[19:30:24.694] [SEVERE ] setting player 2 freeze to 0
[19:30:24.785] [SEVERE ] updating countdown to 49771
[19:30:24.786] [SEVERE ] updating countdown to 49770
[19:30:25.142] [SEVERE ] player 2 placing token on slot 0
[19:30:25.142] [SEVERE ] player 1 placing token on slot 9
[19:30:25.499] [SEVERE ] player 1 placing token on slot 5
[19:30:25.499] [SEVERE ] player 2 placing token on slot 7
[19:30:25.796] [SEVERE ] updating countdown to 48760
[19:30:25.858] [SEVERE ] player 2 placing token on slot 3
[19:30:25.858] [SEVERE ] player 1 placing token on slot 7
[19:30:26.015] [INFO   ] remove  in the table step 1
[19:30:26.015] [INFO   ] remove  in the table step 2
[19:30:26.015] [SEVERE ] updating countdown to 48541
[19:30:26.016] [SEVERE ] removing player 2 token from slot 0
[19:30:26.016] [SEVERE ] updating countdown to 48540
[19:30:26.016] [SEVERE ] updating countdown to 48540
[19:30:26.016] [SEVERE ] removing player 2 token from slot 7
[19:30:26.017] [SEVERE ] updating countdown to 48539
[19:30:26.017] [SEVERE ] updating countdown to 48539
[19:30:26.017] [SEVERE ] removing player 2 token from slot 3
[19:30:26.018] [SEVERE ] updating countdown to 48538
[19:30:26.018] [INFO   ] thread dealerstep 2.
[19:30:26.018] [SEVERE ] updating countdown to 48538
[19:30:26.018] [INFO   ] remove  in the table step 1
[19:30:26.019] [INFO   ] remove  in the table step 2
[19:30:26.019] [INFO   ] thread Thread-1 player was notified by dealer.
[19:30:26.020] [SEVERE ] updating countdown to 48536
[19:30:26.020] [INFO   ] penalty
[19:30:26.020] [SEVERE ] removing player 1 token from slot 9
[19:30:26.021] [SEVERE ] setting player 2 freeze to 3000
[19:30:26.021] [SEVERE ] updating countdown to 48535
[19:30:26.022] [SEVERE ] updating countdown to 48534
[19:30:26.022] [SEVERE ] removing player 1 token from slot 5
[19:30:26.022] [SEVERE ] updating countdown to 48534
[19:30:26.022] [SEVERE ] updating countdown to 48534
[19:30:26.023] [SEVERE ] removing player 1 token from slot 7
[19:30:26.023] [SEVERE ] updating countdown to 48533
[19:30:26.023] [INFO   ] thread dealerstep 2.
[19:30:26.023] [SEVERE ] updating countdown to 48533
[19:30:26.024] [INFO   ] thread Thread-0 player was notified by dealer.
[19:30:26.024] [INFO   ] penalty
[19:30:26.025] [SEVERE ] setting player 1 freeze to 3000
[19:30:26.250] [SEVERE ] updating countdown to 48306
[19:30:26.251] [SEVERE ] updating countdown to 48305
[19:30:27.030] [SEVERE ] setting player 1 freeze to 2000
[19:30:27.030] [SEVERE ] setting player 2 freeze to 2000
[19:30:27.263] [SEVERE ] updating countdown to 47293
[19:30:27.698] [SEVERE ] updating countdown to 46858
[19:30:27.699] [SEVERE ] updating countdown to 46857
[19:30:28.040] [SEVERE ] setting player 1 freeze to 1000
[19:30:28.040] [SEVERE ] setting player 2 freeze to 1000
[19:30:28.710] [SEVERE ] updating countdown to 45846
[19:30:29.051] [SEVERE ] setting player 1 freeze to 0
[19:30:29.051] [SEVERE ] setting player 2 freeze to 0
[19:30:29.143] [SEVERE ] updating countdown to 45413
[19:30:29.143] [SEVERE ] updating countdown to 45413
[19:30:29.502] [SEVERE ] player 2 placing token on slot 2
[19:30:29.502] [SEVERE ] player 1 placing token on slot 10
[19:30:29.862] [SEVERE ] player 1 placing token on slot 7
[19:30:29.862] [SEVERE ] player 2 placing token on slot 1
[19:30:30.156] [SEVERE ] updating countdown to 44400
[19:30:30.218] [SEVERE ] player 2 placing token on slot 11
[19:30:30.218] [SEVERE ] player 1 placing token on slot 3
[19:30:30.373] [INFO   ] remove  in the table step 1
[19:30:30.373] [INFO   ] remove  in the table step 2
[19:30:30.373] [SEVERE ] updating countdown to 44183
[19:30:30.374] [SEVERE ] removing player 2 token from slot 2
[19:30:30.374] [SEVERE ] updating countdown to 44182
[19:30:30.374] [SEVERE ] updating countdown to 44182
[19:30:30.374] [SEVERE ] removing player 2 token from slot 1
[19:30:30.374] [SEVERE ] updating countdown to 44182
[19:30:30.375] [SEVERE ] updating countdown to 44181
[19:30:30.375] [SEVERE ] removing player 2 token from slot 11
[19:30:30.375] [SEVERE ] updating countdown to 44181
[19:30:30.375] [INFO   ] thread dealerstep 2.
[19:30:30.375] [SEVERE ] updating countdown to 44181
[19:30:30.375] [INFO   ] remove  in the table step 1
[19:30:30.375] [INFO   ] thread Thread-1 player was notified by dealer.
[19:30:30.376] [INFO   ] penalty
[19:30:30.376] [INFO   ] remove  in the table step 2
[19:30:30.376] [SEVERE ] setting player 2 freeze to 3000
[19:30:30.376] [SEVERE ] updating countdown to 44180
[19:30:30.377] [SEVERE ] removing player 1 token from slot 10
[19:30:30.377] [SEVERE ] updating countdown to 44179
[19:30:30.377] [SEVERE ] updating countdown to 44179
[19:30:30.378] [SEVERE ] removing player 1 token from slot 7
[19:30:30.378] [SEVERE ] updating countdown to 44178
[19:30:30.378] [SEVERE ] updating countdown to 44178
[19:30:30.378] [SEVERE ] removing player 1 token from slot 3
[19:30:30.378] [SEVERE ] updating countdown to 44178
[19:30:30.379] [INFO   ] thread dealerstep 2.
[19:30:30.379] [SEVERE ] updating countdown to 44177
[19:30:30.379] [INFO   ] thread Thread-0 player was notified by dealer.
[19:30:30.379] [INFO   ] penalty
[19:30:30.379] [SEVERE ] setting player 1 freeze to 3000
[19:30:30.591] [SEVERE ] updating countdown to 43965
[19:30:30.591] [SEVERE ] updating countdown to 43965
[19:30:31.388] [SEVERE ] setting player 2 freeze to 2000
[19:30:31.388] [SEVERE ] setting player 1 freeze to 2000
[19:30:31.606] [SEVERE ] updating countdown to 42950
[19:30:32.042] [SEVERE ] updating countdown to 42514
[19:30:32.042] [SEVERE ] updating countdown to 42514
[19:30:32.398] [SEVERE ] setting player 1 freeze to 1000
[19:30:32.398] [SEVERE ] setting player 2 freeze to 1000
[19:30:33.053] [SEVERE ] updating countdown to 41503
[19:30:33.410] [SEVERE ] setting player 1 freeze to 0
[19:30:33.410] [SEVERE ] setting player 2 freeze to 0
[19:30:33.487] [SEVERE ] updating countdown to 41069
[19:30:33.487] [SEVERE ] updating countdown to 41069
[19:30:33.846] [SEVERE ] player 1 placing token on slot 0
[19:30:33.846] [SEVERE ] player 2 placing token on slot 1
[19:30:34.203] [SEVERE ] removing player 2 token from slot 1
[19:30:34.203] [SEVERE ] player 1 placing token on slot 3
[19:30:34.498] [SEVERE ] updating countdown to 40058
[19:30:34.561] [SEVERE ] removing player 1 token from slot 0
[19:30:34.561] [SEVERE ] player 2 placing token on slot 0
[19:30:34.936] [SEVERE ] updating countdown to 39620
[19:30:34.937] [SEVERE ] updating countdown to 39619
[19:30:35.296] [SEVERE ] removing player 2 token from slot 0
[19:30:35.296] [SEVERE ] player 1 placing token on slot 6
[19:30:35.654] [SEVERE ] removing player 1 token from slot 3
[19:30:35.654] [SEVERE ] player 2 placing token on slot 0
[19:30:35.951] [SEVERE ] updating countdown to 38605
[19:30:36.013] [SEVERE ] player 2 placing token on slot 8
[19:30:36.013] [SEVERE ] player 1 placing token on slot 0
[19:30:36.387] [SEVERE ] updating countdown to 38169
[19:30:36.387] [SEVERE ] updating countdown to 38169
[19:30:36.743] [SEVERE ] player 1 placing token on slot 3
[19:30:36.743] [SEVERE ] player 2 placing token on slot 5
[19:30:36.744] [SEVERE ] updating countdown to 37812
[19:30:36.962] [INFO   ] remove  in the table step 1
[19:30:36.963] [INFO   ] remove  in the table step 2
[19:30:36.963] [SEVERE ] updating countdown to 37593
[19:30:36.963] [SEVERE ] removing player 1 token from slot 6
[19:30:36.964] [SEVERE ] updating countdown to 37592
[19:30:36.964] [SEVERE ] updating countdown to 37592
[19:30:36.964] [SEVERE ] removing player 1 token from slot 0
[19:30:36.964] [SEVERE ] updating countdown to 37592
[19:30:36.965] [SEVERE ] updating countdown to 37591
[19:30:36.965] [SEVERE ] removing player 1 token from slot 3
[19:30:36.965] [SEVERE ] updating countdown to 37591
[19:30:36.965] [INFO   ] thread dealerstep 2.
[19:30:36.965] [SEVERE ] updating countdown to 37591
[19:30:36.965] [INFO   ] remove  in the table step 1
[19:30:36.966] [INFO   ] thread Thread-0 player was notified by dealer.
[19:30:36.966] [INFO   ] penalty
[19:30:36.966] [INFO   ] remove  in the table step 2
[19:30:36.966] [SEVERE ] setting player 1 freeze to 3000
[19:30:36.966] [SEVERE ] updating countdown to 37590
[19:30:36.967] [SEVERE ] removing player 2 token from slot 0
[19:30:36.967] [SEVERE ] updating countdown to 37589
[19:30:36.967] [SEVERE ] updating countdown to 37589
[19:30:36.968] [SEVERE ] removing player 2 token from slot 8
[19:30:36.968] [SEVERE ] updating countdown to 37588
[19:30:36.968] [SEVERE ] updating countdown to 37588
[19:30:36.968] [SEVERE ] removing player 2 token from slot 5
[19:30:36.968] [SEVERE ] updating countdown to 37588
[19:30:36.968] [INFO   ] thread dealerstep 2.
[19:30:36.968] [SEVERE ] updating countdown to 37588
[19:30:36.969] [INFO   ] thread Thread-1 player was notified by dealer.
[19:30:36.969] [INFO   ] penalty
[19:30:36.969] [SEVERE ] setting player 2 freeze to 3000
[19:30:37.180] [SEVERE ] updating countdown to 37376
[19:30:37.180] [SEVERE ] updating countdown to 37376
[19:30:37.978] [SEVERE ] setting player 2 freeze to 2000
[19:30:37.978] [SEVERE ] setting player 1 freeze to 2000
[19:30:38.196] [SEVERE ] updating countdown to 36360
[19:30:38.632] [SEVERE ] updating countdown to 35924
[19:30:38.633] [SEVERE ] updating countdown to 35923
