[13:39:22.152] [INFO   ] thread main starting.
[13:39:22.179] [SEVERE ] cannot read configuration file config.properties trying from resources.
[13:39:22.185] [SEVERE ] configuration file was loaded from resources directory.
[13:39:25.424] [INFO   ] thread dealer starting.
[13:39:25.428] [INFO   ] thread dealer starting.
[13:39:25.431] [INFO   ] thread Thread-0 starting.
[13:39:25.441] [INFO   ] creat AI step 1 
[13:39:25.442] [INFO   ] thread computer-0 starting.
[13:39:25.442] [INFO   ] creat AI step 2 
[13:39:25.443] [INFO   ] creat AI step 3 
[13:39:25.443] [INFO   ] thread Thread-0wip1
[13:39:25.444] [INFO   ] creat AI step 7 
[13:39:25.446] [INFO   ] thread Thread-0wip2
[13:39:25.448] [INFO   ] thread Thread-1 starting.
[13:39:25.448] [INFO   ] KP step 1computer-0
[13:39:25.448] [INFO   ] thread Thread-0wip3
[13:39:25.450] [INFO   ] creat AI step 1 
[13:39:25.450] [INFO   ] KP step 7computer-0
[13:39:25.451] [INFO   ] thread computer-1 starting.
[13:39:25.451] [INFO   ] thread Thread-0wip4
[13:39:25.452] [INFO   ] creat AI step 2 
[13:39:25.453] [INFO   ] creat AI step 8 
[13:39:25.455] [SEVERE ] updating countdown to 60000
[13:39:25.454] [INFO   ] thread Thread-1wip1
[13:39:25.454] [INFO   ] creat AI step 3 
[13:39:25.456] [INFO   ] thread Thread-1wip2
[13:39:25.455] [INFO   ] creat AI step 9 
[13:39:25.458] [INFO   ] thread Thread-1wip3
[13:39:25.458] [INFO   ] thread Thread-0wip5
[13:39:25.459] [INFO   ] thread Thread-1wip4
[13:39:25.459] [INFO   ] KP step 8Thread-0
[13:39:25.461] [INFO   ] creat AI step 7 
[13:39:25.462] [INFO   ] KP step 9Thread-0
[13:39:25.462] [INFO   ] KP step 1computer-1
[13:39:25.463] [INFO   ] KP step 10Thread-0
[13:39:25.464] [INFO   ] KP step 7computer-1
[13:39:25.464] [INFO   ] KP step 11Thread-0
[13:39:25.466] [INFO   ] creat AI step 8 
[13:39:25.468] [INFO   ] creat AI step 9 
[13:39:25.468] [INFO   ] creat AI step 10 
[13:39:25.468] [INFO   ] thread Thread-1wip5
[13:39:25.470] [INFO   ] KP step 8Thread-1
[13:39:25.471] [INFO   ] KP step 9Thread-1
[13:39:25.469] [INFO   ] creat AI step 11 
[13:39:25.471] [INFO   ] KP step 10Thread-1
[13:39:25.472] [INFO   ] creat AI step 3 
[13:39:25.473] [INFO   ] KP step 11Thread-1
[13:39:25.474] [INFO   ] creat AI step 10 
[13:39:25.473] [INFO   ] creat AI step 7 
[13:39:25.474] [INFO   ] creat AI step 11 
[13:39:25.476] [INFO   ] KP step 1computer-0
[13:39:25.477] [INFO   ] creat AI step 3 
[13:39:25.478] [INFO   ] creat AI step 7 
[13:39:25.478] [INFO   ] KP step 7computer-0
[13:39:25.479] [INFO   ] KP step 1computer-1
[13:39:25.479] [INFO   ] creat AI step 8 
[13:39:25.481] [INFO   ] KP step 7computer-1
[13:39:25.482] [INFO   ] creat AI step 8 
[13:39:25.482] [INFO   ] creat AI step 9 
[13:39:25.484] [INFO   ] creat AI step 9 
[13:39:25.484] [INFO   ] KP step 12Thread-0
[13:39:25.485] [INFO   ] KP step 12Thread-1
[13:39:25.487] [INFO   ] KP step 11Thread-1
[13:39:25.487] [INFO   ] creat AI step 10 
[13:39:25.488] [INFO   ] creat AI step 11 
[13:39:25.489] [INFO   ] creat AI step 3 
[13:39:25.490] [INFO   ] creat AI step 7 
[13:39:25.491] [INFO   ] KP step 1computer-1
[13:39:25.491] [INFO   ] KP step 7computer-1
[13:39:25.491] [INFO   ] creat AI step 8 
[13:39:25.492] [INFO   ] creat AI step 9 
[13:39:25.492] [INFO   ] KP step 12Thread-1
[13:39:25.486] [INFO   ] KP step 11Thread-0
[13:39:25.493] [INFO   ] KP step 11Thread-1
[13:39:25.495] [INFO   ] creat AI step 10 
[13:39:25.495] [INFO   ] creat AI step 10 
[13:39:25.496] [INFO   ] creat AI step 11 
[13:39:25.496] [INFO   ] creat AI step 11 
[13:39:25.498] [INFO   ] creat AI step 3 
[13:39:25.499] [INFO   ] creat AI step 7 
[13:39:25.499] [INFO   ] KP step 1computer-0
[13:39:25.500] [INFO   ] KP step 7computer-0
[13:39:25.500] [INFO   ] creat AI step 8 
[13:39:25.502] [INFO   ] creat AI step 9 
[13:39:25.503] [INFO   ] KP step 12Thread-0
[13:39:25.504] [INFO   ] KP step 11Thread-0
[13:39:25.504] [INFO   ] creat AI step 10 
[13:39:25.498] [INFO   ] creat AI step 3 
[13:39:25.504] [INFO   ] creat AI step 11 
[13:39:25.506] [INFO   ] creat AI step 3 
[13:39:25.505] [INFO   ] creat AI step 7 
[13:39:25.509] [INFO   ] KP step 1computer-1
[13:39:25.508] [INFO   ] creat AI step 7 
[13:39:25.514] [INFO   ] KP step 1computer-0
[13:39:25.514] [INFO   ] KP step 7computer-0
[13:39:25.515] [INFO   ] creat AI step 8 
[13:39:25.515] [INFO   ] creat AI step 9 
[13:39:25.513] [INFO   ] KP step 7computer-1
[13:39:25.517] [INFO   ] creat AI step 8 
[13:39:25.516] [INFO   ] KP step 12Thread-0
[13:39:25.518] [INFO   ] creat AI step 9 
[13:39:25.520] [INFO   ] KP step 12Thread-1
[13:39:25.522] [INFO   ] KP step 11Thread-1
[13:39:25.520] [INFO   ] KP step 11Thread-0
[13:39:25.522] [INFO   ] creat AI step 10 
[13:39:25.524] [INFO   ] creat AI step 11 
[13:39:25.524] [INFO   ] creat AI step 3 
[13:39:25.523] [INFO   ] creat AI step 10 
[13:39:25.525] [INFO   ] creat AI step 7 
[13:39:25.534] [INFO   ] KP step 1computer-1
[13:39:25.533] [INFO   ] creat AI step 11 
[13:39:25.534] [INFO   ] KP step 7computer-1
[13:39:25.535] [INFO   ] creat AI step 3 
[13:39:25.535] [INFO   ] creat AI step 8 
[13:39:25.542] [INFO   ] creat AI step 7 
[13:39:25.544] [INFO   ] creat AI step 9 
[13:39:25.552] [INFO   ] KP step 1computer-0
[13:39:25.553] [INFO   ] KP step 12Thread-1
[13:39:25.553] [INFO   ] KP step 7computer-0
[13:39:25.554] [INFO   ] KP step 11Thread-1
[13:39:25.554] [INFO   ] creat AI step 8 
[13:39:25.555] [INFO   ] creat AI step 10 
[13:39:25.556] [INFO   ] creat AI step 11 
[13:39:25.556] [INFO   ] creat AI step 3 
[13:39:25.556] [INFO   ] creat AI step 7 
[13:39:25.557] [INFO   ] KP step 1computer-1
[13:39:25.557] [INFO   ] KP step 7computer-1
[13:39:25.558] [INFO   ] creat AI step 8 
[13:39:25.558] [INFO   ] creat AI step 9 
[13:39:25.559] [INFO   ] KP step 12Thread-1
[13:39:25.559] [INFO   ] KP step 11Thread-1
[13:39:25.559] [INFO   ] creat AI step 10 
[13:39:25.560] [INFO   ] creat AI step 11 
[13:39:25.560] [INFO   ] creat AI step 3 
[13:39:25.561] [INFO   ] creat AI step 7 
[13:39:25.561] [INFO   ] KP step 1computer-1
[13:39:25.562] [INFO   ] KP step 7computer-1
[13:39:25.562] [INFO   ] creat AI step 8 
[13:39:25.562] [INFO   ] creat AI step 9 
[13:39:25.555] [INFO   ] creat AI step 9 
[13:39:25.563] [INFO   ] KP step 12Thread-1
[13:39:25.564] [INFO   ] KP step 11Thread-1
[13:39:25.564] [INFO   ] creat AI step 10 
[13:39:25.565] [INFO   ] creat AI step 11 
[13:39:25.565] [INFO   ] creat AI step 3 
[13:39:25.565] [INFO   ] creat AI step 7 
[13:39:25.565] [INFO   ] KP step 1computer-1
[13:39:25.565] [INFO   ] KP step 7computer-1
[13:39:25.566] [INFO   ] creat AI step 8 
[13:39:25.566] [INFO   ] creat AI step 9 
[13:39:25.566] [INFO   ] KP step 12Thread-1
[13:39:25.567] [INFO   ] KP step 11Thread-1
[13:39:25.567] [INFO   ] creat AI step 10 
[13:39:25.567] [INFO   ] creat AI step 11 
[13:39:25.568] [INFO   ] creat AI step 3 
[13:39:25.568] [INFO   ] creat AI step 7 
[13:39:25.569] [INFO   ] KP step 1computer-1
[13:39:25.569] [INFO   ] KP step 7computer-1
[13:39:25.569] [INFO   ] creat AI step 8 
[13:39:25.570] [INFO   ] creat AI step 9 
[13:39:25.571] [INFO   ] KP step 12Thread-1
[13:39:25.571] [INFO   ] KP step 11Thread-1
[13:39:25.572] [INFO   ] creat AI step 10 
[13:39:25.572] [INFO   ] creat AI step 11 
[13:39:25.572] [INFO   ] creat AI step 3 
[13:39:25.573] [INFO   ] creat AI step 7 
[13:39:25.573] [INFO   ] KP step 1computer-1
[13:39:25.573] [INFO   ] KP step 7computer-1
[13:39:25.574] [INFO   ] creat AI step 8 
[13:39:25.574] [INFO   ] creat AI step 9 
[13:39:25.574] [INFO   ] KP step 12Thread-1
[13:39:25.575] [INFO   ] KP step 11Thread-1
[13:39:25.565] [INFO   ] KP step 12Thread-0
[13:39:25.575] [INFO   ] creat AI step 10 
[13:39:25.576] [INFO   ] KP step 11Thread-0
[13:39:25.576] [INFO   ] creat AI step 11 
[13:39:25.577] [INFO   ] creat AI step 3 
[13:39:25.578] [INFO   ] creat AI step 7 
[13:39:25.577] [INFO   ] creat AI step 10 
[13:39:25.578] [INFO   ] KP step 1computer-1
[13:39:25.578] [INFO   ] creat AI step 11 
[13:39:25.579] [INFO   ] creat AI step 3 
[13:39:25.579] [INFO   ] KP step 7computer-1
[13:39:25.579] [INFO   ] creat AI step 7 
[13:39:25.580] [INFO   ] creat AI step 8 
[13:39:25.582] [INFO   ] creat AI step 9 
[13:39:25.581] [INFO   ] KP step 1computer-0
[13:39:25.582] [INFO   ] KP step 12Thread-1
[13:39:25.582] [INFO   ] KP step 7computer-0
[13:39:25.582] [INFO   ] KP step 11Thread-1
[13:39:25.583] [INFO   ] creat AI step 8 
[13:39:25.583] [INFO   ] creat AI step 10 
[13:39:25.584] [INFO   ] creat AI step 9 
[13:39:25.584] [INFO   ] creat AI step 11 
[13:39:25.585] [INFO   ] KP step 12Thread-0
[13:39:25.585] [INFO   ] creat AI step 3 
[13:39:25.585] [INFO   ] KP step 11Thread-0
[13:39:25.586] [INFO   ] creat AI step 7 
[13:39:25.586] [INFO   ] KP step 1computer-1
[13:39:25.588] [INFO   ] KP step 7computer-1
[13:39:25.588] [INFO   ] creat AI step 8 
[13:39:25.588] [INFO   ] creat AI step 9 
[13:39:25.589] [INFO   ] KP step 12Thread-1
[13:39:25.589] [INFO   ] KP step 11Thread-1
[13:39:25.589] [INFO   ] creat AI step 10 
[13:39:25.589] [INFO   ] creat AI step 11 
[13:39:25.589] [INFO   ] creat AI step 3 
[13:39:25.590] [INFO   ] creat AI step 7 
[13:39:25.590] [INFO   ] KP step 1computer-1
[13:39:25.591] [INFO   ] KP step 7computer-1
[13:39:25.591] [INFO   ] creat AI step 8 
[13:39:25.591] [INFO   ] creat AI step 9 
[13:39:25.592] [INFO   ] KP step 12Thread-1
[13:39:25.592] [INFO   ] KP step 11Thread-1
[13:39:25.593] [INFO   ] creat AI step 10 
[13:39:25.593] [INFO   ] creat AI step 11 
[13:39:25.594] [INFO   ] creat AI step 3 
[13:39:25.594] [INFO   ] creat AI step 7 
[13:39:25.594] [INFO   ] KP step 1computer-1
[13:39:25.594] [INFO   ] KP step 7computer-1
[13:39:25.594] [INFO   ] creat AI step 8 
[13:39:25.595] [INFO   ] creat AI step 9 
[13:39:25.595] [INFO   ] KP step 12Thread-1
[13:39:25.595] [INFO   ] KP step 11Thread-1
[13:39:25.596] [INFO   ] creat AI step 10 
[13:39:25.596] [INFO   ] creat AI step 11 
[13:39:25.596] [INFO   ] creat AI step 3 
[13:39:25.597] [INFO   ] creat AI step 7 
[13:39:25.597] [INFO   ] KP step 1computer-1
[13:39:25.597] [INFO   ] KP step 7computer-1
[13:39:25.597] [INFO   ] creat AI step 8 
[13:39:25.598] [INFO   ] creat AI step 9 
[13:39:25.598] [INFO   ] KP step 12Thread-1
[13:39:25.598] [INFO   ] KP step 11Thread-1
[13:39:25.599] [INFO   ] creat AI step 10 
[13:39:25.599] [INFO   ] creat AI step 11 
[13:39:25.599] [INFO   ] creat AI step 3 
[13:39:25.600] [INFO   ] creat AI step 7 
[13:39:25.601] [INFO   ] KP step 1computer-1
[13:39:25.601] [INFO   ] KP step 7computer-1
[13:39:25.601] [INFO   ] creat AI step 8 
[13:39:25.602] [INFO   ] creat AI step 9 
[13:39:25.586] [INFO   ] creat AI step 10 
[13:39:25.602] [INFO   ] KP step 12Thread-1
[13:39:25.603] [INFO   ] KP step 11Thread-1
[13:39:25.603] [INFO   ] creat AI step 10 
[13:39:25.604] [INFO   ] creat AI step 11 
[13:39:25.604] [INFO   ] creat AI step 3 
[13:39:25.604] [INFO   ] creat AI step 7 
[13:39:25.605] [INFO   ] KP step 1computer-1
[13:39:25.605] [INFO   ] KP step 7computer-1
[13:39:25.606] [INFO   ] creat AI step 8 
[13:39:25.606] [INFO   ] creat AI step 9 
[13:39:25.607] [INFO   ] KP step 12Thread-1
[13:39:25.608] [INFO   ] KP step 11Thread-1
[13:39:25.608] [INFO   ] creat AI step 10 
[13:39:25.608] [INFO   ] creat AI step 11 
[13:39:25.609] [INFO   ] creat AI step 3 
[13:39:25.609] [INFO   ] creat AI step 7 
[13:39:25.610] [INFO   ] KP step 1computer-1
[13:39:25.610] [INFO   ] KP step 7computer-1
[13:39:25.610] [INFO   ] creat AI step 8 
[13:39:25.611] [INFO   ] creat AI step 9 
[13:39:25.611] [INFO   ] KP step 12Thread-1
[13:39:25.611] [INFO   ] KP step 11Thread-1
[13:39:25.612] [INFO   ] creat AI step 10 
[13:39:25.612] [INFO   ] creat AI step 11 
[13:39:25.613] [INFO   ] creat AI step 3 
[13:39:25.613] [INFO   ] creat AI step 7 
[13:39:25.614] [INFO   ] KP step 1computer-1
[13:39:25.614] [INFO   ] KP step 7computer-1
[13:39:25.614] [INFO   ] creat AI step 8 
[13:39:25.615] [INFO   ] creat AI step 9 
[13:39:25.615] [INFO   ] KP step 12Thread-1
[13:39:25.616] [INFO   ] KP step 11Thread-1
[13:39:25.619] [INFO   ] creat AI step 10 
[13:39:25.603] [INFO   ] creat AI step 11 
[13:39:25.620] [INFO   ] creat AI step 11 
[13:39:25.624] [INFO   ] creat AI step 3 
[13:39:25.623] [INFO   ] creat AI step 3 
[13:39:25.624] [INFO   ] creat AI step 7 
[13:39:25.625] [INFO   ] KP step 1computer-1
[13:39:25.625] [INFO   ] KP step 7computer-1
[13:39:25.626] [INFO   ] creat AI step 8 
[13:39:25.626] [INFO   ] creat AI step 9 
[13:39:25.626] [INFO   ] KP step 12Thread-1
[13:39:25.626] [INFO   ] KP step 11Thread-1
[13:39:25.627] [INFO   ] creat AI step 10 
[13:39:25.627] [INFO   ] creat AI step 11 
[13:39:25.627] [INFO   ] creat AI step 3 
[13:39:25.627] [INFO   ] creat AI step 7 
[13:39:25.628] [INFO   ] KP step 1computer-1
[13:39:25.628] [INFO   ] KP step 7computer-1
[13:39:25.628] [INFO   ] creat AI step 8 
[13:39:25.628] [INFO   ] creat AI step 9 
[13:39:25.629] [INFO   ] KP step 12Thread-1
[13:39:25.629] [INFO   ] KP step 11Thread-1
[13:39:25.629] [INFO   ] creat AI step 10 
[13:39:25.630] [INFO   ] creat AI step 11 
[13:39:25.630] [INFO   ] creat AI step 3 
[13:39:25.630] [INFO   ] creat AI step 7 
[13:39:25.630] [INFO   ] KP step 1computer-1
[13:39:25.632] [INFO   ] KP step 7computer-1
[13:39:25.632] [INFO   ] creat AI step 8 
[13:39:25.632] [INFO   ] creat AI step 9 
[13:39:25.632] [INFO   ] KP step 12Thread-1
[13:39:25.632] [INFO   ] KP step 11Thread-1
[13:39:25.633] [INFO   ] creat AI step 10 
[13:39:25.624] [INFO   ] creat AI step 7 
[13:39:25.633] [INFO   ] creat AI step 11 
[13:39:25.635] [INFO   ] creat AI step 3 
[13:39:25.635] [INFO   ] creat AI step 7 
[13:39:25.635] [INFO   ] KP step 1computer-1
[13:39:25.635] [INFO   ] KP step 7computer-1
[13:39:25.635] [INFO   ] creat AI step 8 
[13:39:25.635] [INFO   ] creat AI step 9 
[13:39:25.636] [INFO   ] KP step 12Thread-1
[13:39:25.636] [INFO   ] KP step 11Thread-1
[13:39:25.636] [INFO   ] creat AI step 10 
[13:39:25.636] [INFO   ] creat AI step 11 
[13:39:25.636] [INFO   ] creat AI step 3 
[13:39:25.636] [INFO   ] creat AI step 7 
[13:39:25.637] [INFO   ] KP step 1computer-1
[13:39:25.637] [INFO   ] KP step 7computer-1
[13:39:25.637] [INFO   ] creat AI step 8 
[13:39:25.637] [INFO   ] creat AI step 9 
[13:39:25.638] [INFO   ] KP step 12Thread-1
[13:39:25.638] [INFO   ] KP step 11Thread-1
[13:39:25.638] [INFO   ] creat AI step 10 
[13:39:25.638] [INFO   ] creat AI step 11 
[13:39:25.640] [INFO   ] creat AI step 3 
[13:39:25.640] [INFO   ] creat AI step 7 
[13:39:25.641] [INFO   ] KP step 1computer-1
[13:39:25.641] [INFO   ] KP step 7computer-1
[13:39:25.641] [INFO   ] creat AI step 8 
[13:39:25.642] [INFO   ] creat AI step 9 
[13:39:25.642] [INFO   ] KP step 12Thread-1
[13:39:25.642] [INFO   ] KP step 11Thread-1
[13:39:25.642] [INFO   ] creat AI step 10 
[13:39:25.642] [INFO   ] creat AI step 11 
[13:39:25.643] [INFO   ] creat AI step 3 
[13:39:25.643] [INFO   ] creat AI step 7 
[13:39:25.643] [INFO   ] KP step 1computer-1
[13:39:25.644] [INFO   ] KP step 7computer-1
[13:39:25.644] [INFO   ] creat AI step 8 
[13:39:25.644] [INFO   ] creat AI step 9 
[13:39:25.645] [INFO   ] KP step 12Thread-1
[13:39:25.645] [INFO   ] KP step 11Thread-1
[13:39:25.635] [INFO   ] KP step 1computer-0
[13:39:25.645] [INFO   ] creat AI step 10 
[13:39:25.646] [INFO   ] creat AI step 11 
[13:39:25.646] [INFO   ] creat AI step 3 
[13:39:25.646] [INFO   ] creat AI step 7 
[13:39:25.646] [INFO   ] KP step 7computer-0
[13:39:25.647] [INFO   ] KP step 1computer-1
[13:39:25.647] [INFO   ] KP step 7computer-1
[13:39:25.647] [INFO   ] creat AI step 8 
[13:39:25.648] [INFO   ] creat AI step 9 
[13:39:25.648] [INFO   ] KP step 12Thread-1
[13:39:25.647] [INFO   ] creat AI step 8 
[13:39:25.648] [INFO   ] KP step 11Thread-1
[13:39:25.650] [INFO   ] creat AI step 10 
[13:39:25.650] [INFO   ] creat AI step 11 
[13:39:25.650] [INFO   ] creat AI step 9 
[13:39:25.650] [INFO   ] creat AI step 3 
[13:39:25.651] [INFO   ] KP step 12Thread-0
[13:39:25.651] [INFO   ] creat AI step 7 
[13:39:25.651] [INFO   ] KP step 11Thread-0
[13:39:25.653] [INFO   ] KP step 1computer-1
[13:39:25.653] [INFO   ] creat AI step 10 
[13:39:25.654] [INFO   ] KP step 7computer-1
[13:39:25.655] [INFO   ] creat AI step 8 
[13:39:25.655] [INFO   ] creat AI step 9 
[13:39:25.654] [INFO   ] creat AI step 11 
[13:39:25.655] [INFO   ] KP step 12Thread-1
[13:39:25.656] [INFO   ] KP step 11Thread-1
[13:39:25.655] [INFO   ] creat AI step 3 
[13:39:25.656] [INFO   ] creat AI step 10 
[13:39:25.657] [INFO   ] creat AI step 11 
[13:39:25.657] [INFO   ] creat AI step 3 
[13:39:25.657] [INFO   ] creat AI step 7 
[13:39:25.657] [INFO   ] KP step 1computer-1
[13:39:25.658] [INFO   ] KP step 7computer-1
[13:39:25.658] [INFO   ] creat AI step 8 
[13:39:25.658] [INFO   ] creat AI step 9 
[13:39:25.658] [INFO   ] KP step 12Thread-1
[13:39:25.659] [INFO   ] KP step 11Thread-1
[13:39:25.659] [INFO   ] creat AI step 10 
[13:39:25.659] [INFO   ] creat AI step 11 
[13:39:25.660] [INFO   ] creat AI step 3 
[13:39:25.660] [INFO   ] creat AI step 7 
[13:39:25.660] [INFO   ] KP step 1computer-1
[13:39:25.660] [INFO   ] KP step 7computer-1
[13:39:25.660] [INFO   ] creat AI step 8 
[13:39:25.660] [INFO   ] creat AI step 9 
[13:39:25.661] [INFO   ] KP step 12Thread-1
[13:39:25.661] [INFO   ] KP step 11Thread-1
[13:39:25.661] [INFO   ] creat AI step 10 
[13:39:25.662] [INFO   ] creat AI step 11 
[13:39:25.662] [INFO   ] creat AI step 3 
[13:39:25.662] [INFO   ] creat AI step 7 
[13:39:25.662] [INFO   ] KP step 1computer-1
[13:39:25.662] [INFO   ] KP step 7computer-1
[13:39:25.662] [INFO   ] creat AI step 8 
[13:39:25.663] [INFO   ] creat AI step 9 
[13:39:25.663] [INFO   ] KP step 12Thread-1
[13:39:25.664] [INFO   ] KP step 11Thread-1
[13:39:25.664] [INFO   ] creat AI step 10 
[13:39:25.664] [INFO   ] creat AI step 11 
[13:39:25.664] [INFO   ] creat AI step 3 
[13:39:25.664] [INFO   ] creat AI step 7 
[13:39:25.664] [INFO   ] KP step 1computer-1
[13:39:25.664] [INFO   ] KP step 7computer-1
[13:39:25.664] [INFO   ] creat AI step 8 
[13:39:25.665] [INFO   ] creat AI step 9 
[13:39:25.665] [INFO   ] KP step 12Thread-1
[13:39:25.656] [INFO   ] creat AI step 7 
[13:39:25.665] [INFO   ] KP step 11Thread-1
[13:39:25.665] [INFO   ] KP step 1computer-0
[13:39:25.666] [INFO   ] creat AI step 10 
[13:39:25.666] [INFO   ] KP step 7computer-0
[13:39:25.666] [INFO   ] creat AI step 11 
[13:39:25.667] [INFO   ] creat AI step 3 
[13:39:25.667] [INFO   ] creat AI step 7 
[13:39:25.667] [INFO   ] KP step 1computer-1
[13:39:25.667] [INFO   ] KP step 7computer-1
[13:39:25.667] [INFO   ] creat AI step 8 
[13:39:25.668] [INFO   ] creat AI step 9 
[13:39:25.668] [INFO   ] KP step 12Thread-1
[13:39:25.668] [INFO   ] KP step 11Thread-1
[13:39:25.666] [INFO   ] creat AI step 8 
[13:39:25.669] [INFO   ] creat AI step 10 
[13:39:25.669] [INFO   ] creat AI step 9 
[13:39:25.669] [INFO   ] creat AI step 11 
[13:39:25.670] [INFO   ] KP step 12Thread-0
[13:39:25.670] [INFO   ] creat AI step 3 
[13:39:25.672] [INFO   ] KP step 11Thread-0
[13:39:25.673] [INFO   ] creat AI step 7 
[13:39:25.673] [INFO   ] creat AI step 10 
[13:39:25.673] [INFO   ] KP step 1computer-1
[13:39:25.673] [INFO   ] creat AI step 11 
[13:39:25.674] [INFO   ] KP step 7computer-1
[13:39:25.674] [INFO   ] creat AI step 3 
[13:39:25.674] [INFO   ] creat AI step 8 
[13:39:25.674] [INFO   ] creat AI step 7 
[13:39:25.675] [INFO   ] creat AI step 9 
[13:39:25.675] [INFO   ] KP step 1computer-0
[13:39:25.675] [INFO   ] KP step 12Thread-1
[13:39:25.676] [INFO   ] KP step 7computer-0
[13:39:25.677] [INFO   ] KP step 11Thread-1
[13:39:25.678] [INFO   ] creat AI step 10 
[13:39:25.678] [INFO   ] creat AI step 8 
[13:39:25.678] [INFO   ] creat AI step 11 
[13:39:25.679] [INFO   ] creat AI step 9 
[13:39:25.679] [INFO   ] creat AI step 3 
[13:39:25.681] [INFO   ] creat AI step 7 
[13:39:25.680] [INFO   ] KP step 12Thread-0
[13:39:25.683] [INFO   ] KP step 11Thread-0
[13:39:25.681] [INFO   ] KP step 1computer-1
[13:39:25.683] [INFO   ] KP step 7computer-1
[13:39:25.684] [INFO   ] creat AI step 8 
[13:39:25.683] [INFO   ] creat AI step 10 
[13:39:25.684] [INFO   ] creat AI step 9 
[13:39:25.685] [INFO   ] creat AI step 11 
[13:39:25.685] [INFO   ] KP step 12Thread-1
[13:39:25.685] [INFO   ] place card step 0 
[13:39:25.687] [INFO   ] KP step 11Thread-1
[13:39:25.687] [INFO   ] creat AI step 3 
[13:39:25.688] [INFO   ] creat AI step 4 
[13:39:25.688] [INFO   ] creat AI step 5 
[13:39:25.688] [INFO   ] place card step 1 
[13:39:25.688] [INFO   ] creat AI step 10 
[13:39:25.690] [INFO   ] creat AI step 11 
[13:39:25.691] [INFO   ] creat AI step 3 
[13:39:25.691] [INFO   ] creat AI step 4 
[13:39:25.691] [INFO   ] creat AI step 5 
[13:39:25.799] [SEVERE ] placing card 47 in slot 0
[13:39:25.908] [SEVERE ] placing card 40 in slot 1
[13:39:26.016] [SEVERE ] placing card 57 in slot 2
[13:39:26.126] [SEVERE ] placing card 45 in slot 3
[13:39:26.233] [SEVERE ] placing card 19 in slot 4
[13:39:26.343] [SEVERE ] placing card 34 in slot 5
[13:39:26.452] [SEVERE ] placing card 79 in slot 6
[13:39:26.561] [SEVERE ] placing card 17 in slot 7
[13:39:26.668] [SEVERE ] placing card 38 in slot 8
[13:39:26.776] [SEVERE ] placing card 23 in slot 9
[13:39:26.884] [SEVERE ] placing card 33 in slot 10
[13:39:26.993] [SEVERE ] placing card 36 in slot 11
[13:39:26.993] [INFO   ] place card step 2 
[13:39:26.994] [INFO   ] place card step 3 
[13:39:27.009] [INFO   ] place card step 5 
[13:39:27.010] [INFO   ] place card step 6 
[13:39:27.010] [INFO   ] place card step 7 
[13:39:27.010] [INFO   ] place card step 8 
[13:39:27.011] [SEVERE ] updating countdown to 58447
[13:39:27.010] [INFO   ] creat AI step 6 
[13:39:27.012] [INFO   ] thread dealer start remove cards.
[13:39:27.012] [INFO   ] creat AI step 6 
[13:39:27.013] [INFO   ] creat AI step 7 
[13:39:27.013] [INFO   ] KP step 1computer-1
[13:39:27.013] [INFO   ] KP step 2computer-1
[13:39:27.014] [INFO   ] KP step 4computer-1
[13:39:27.014] [INFO   ] KP step 5computer-1
[13:39:27.014] [SEVERE ] player 2 placing token on slot 2
[13:39:27.014] [INFO   ] KP step 6computer-1
[13:39:27.015] [INFO   ] KP step 7computer-1
[13:39:27.015] [INFO   ] creat AI step 8 
[13:39:27.015] [INFO   ] creat AI step 9 
[13:39:27.015] [INFO   ] KP step 12Thread-1
[13:39:27.016] [INFO   ] KP step 11Thread-1
[13:39:27.013] [INFO   ] creat AI step 7 
[13:39:27.016] [INFO   ] creat AI step 10 
[13:39:27.034] [INFO   ] creat AI step 11 
[13:39:27.033] [INFO   ] KP step 1computer-0
[13:39:27.034] [INFO   ] creat AI step 3 
[13:39:27.034] [INFO   ] KP step 2computer-0
[13:39:27.036] [INFO   ] KP step 4computer-0
[13:39:27.034] [INFO   ] creat AI step 7 
[13:39:27.036] [INFO   ] KP step 5computer-0
[13:39:27.036] [INFO   ] KP step 1computer-1
[13:39:27.036] [SEVERE ] player 1 placing token on slot 6
[13:39:27.036] [INFO   ] KP step 2computer-1
[13:39:27.038] [INFO   ] KP step 4computer-1
[13:39:27.038] [INFO   ] KP step 5computer-1
[13:39:27.038] [SEVERE ] player 2 placing token on slot 6
[13:39:27.039] [INFO   ] KP step 6computer-0
[13:39:27.039] [INFO   ] KP step 7computer-0
[13:39:27.039] [INFO   ] KP step 6computer-1
[13:39:27.039] [INFO   ] KP step 7computer-1
[13:39:27.039] [INFO   ] creat AI step 8 
[13:39:27.039] [INFO   ] creat AI step 9 
[13:39:27.039] [INFO   ] KP step 12Thread-1
[13:39:27.040] [INFO   ] KP step 11Thread-1
[13:39:27.040] [INFO   ] creat AI step 10 
[13:39:27.040] [INFO   ] creat AI step 11 
[13:39:27.041] [INFO   ] creat AI step 3 
[13:39:27.041] [INFO   ] creat AI step 7 
[13:39:27.041] [INFO   ] KP step 1computer-1
[13:39:27.041] [INFO   ] KP step 2computer-1
[13:39:27.041] [INFO   ] KP step 4computer-1
[13:39:27.041] [INFO   ] KP step 5computer-1
[13:39:27.042] [SEVERE ] player 2 placing token on slot 11
[13:39:27.039] [INFO   ] creat AI step 8 
[13:39:27.043] [INFO   ] KP step 6computer-1
[13:39:27.043] [INFO   ] creat AI step 9 
[13:39:27.043] [INFO   ] KP step 7computer-1
[13:39:27.043] [INFO   ] KP step 12Thread-0
[13:39:27.043] [INFO   ] KP step 12Thread-1
[13:39:27.044] [INFO   ] KP step 11Thread-1
[13:39:27.043] [INFO   ] creat AI step 8 
[13:39:27.044] [INFO   ] creat AI step 9 
[13:39:27.044] [INFO   ] KP step 12Thread-1
[13:39:27.045] [INFO   ] KP step 11Thread-1
[13:39:27.045] [INFO   ] creat AI step 10 
[13:39:27.045] [INFO   ] creat AI step 11 
[13:39:27.045] [INFO   ] creat AI step 3 
[13:39:27.046] [INFO   ] creat AI step 7 
[13:39:27.046] [INFO   ] KP step 1computer-1
[13:39:27.046] [INFO   ] KP step 2computer-1
[13:39:27.046] [INFO   ] KP step 4computer-1
[13:39:27.044] [INFO   ] KP step 11Thread-0
[13:39:27.048] [INFO   ] creat AI step 10 
[13:39:27.054] [INFO   ] creat AI step 11 
[13:39:27.054] [INFO   ] creat AI step 3 
[13:39:27.054] [INFO   ] creat AI step 7 
[13:39:27.055] [INFO   ] KP step 1computer-0
[13:39:27.055] [INFO   ] KP step 2computer-0
[13:39:27.055] [INFO   ] KP step 4computer-0
[13:39:27.055] [INFO   ] KP step 5computer-0
[13:39:27.055] [SEVERE ] player 1 placing token on slot 5
[13:39:27.055] [INFO   ] KP step 6computer-0
[13:39:27.056] [INFO   ] KP step 7computer-0
[13:39:27.056] [INFO   ] creat AI step 8 
[13:39:27.056] [INFO   ] creat AI step 9 
[13:39:27.059] [INFO   ] KP step 12Thread-0
[13:39:27.060] [INFO   ] KP step 11Thread-0
[13:39:27.061] [INFO   ] creat AI step 10 
[13:39:27.061] [INFO   ] creat AI step 11 
[13:39:27.061] [INFO   ] creat AI step 3 
[13:39:27.062] [INFO   ] creat AI step 7 
[13:39:27.062] [INFO   ] KP step 1computer-0
[13:39:27.062] [INFO   ] KP step 2computer-0
[13:39:27.062] [INFO   ] KP step 4computer-0
[13:39:27.062] [INFO   ] KP step 5computer-0
[13:39:27.062] [SEVERE ] player 1 placing token on slot 1
[13:39:27.063] [INFO   ] KP step 6computer-0
[13:39:27.063] [INFO   ] KP step 7computer-0
[13:39:27.063] [INFO   ] creat AI step 8 
[13:39:27.063] [INFO   ] KP step 12Thread-0
[13:39:27.064] [INFO   ] KP step 11Thread-0
[13:39:27.064] [INFO   ] creat AI step 9 
[13:39:27.064] [INFO   ] KP step 12Thread-0
[13:39:27.065] [INFO   ] KP step 11Thread-0
[13:39:27.065] [INFO   ] creat AI step 10 
[13:39:27.065] [INFO   ] creat AI step 11 
[13:39:27.065] [INFO   ] creat AI step 3 
[13:39:27.065] [INFO   ] creat AI step 7 
[13:39:27.065] [INFO   ] KP step 1computer-0
[13:39:27.066] [INFO   ] KP step 2computer-0
[13:39:27.066] [INFO   ] KP step 3computer-0
[13:39:27.066] [SEVERE ] removing player 1 token from slot 1
[13:39:27.066] [INFO   ] KP step 7computer-0
[13:39:27.066] [INFO   ] creat AI step 8 
[13:39:27.067] [INFO   ] creat AI step 9 
[13:39:27.067] [INFO   ] KP step 12Thread-0
[13:39:27.067] [INFO   ] KP step 11Thread-0
[13:39:27.067] [INFO   ] creat AI step 10 
[13:39:27.067] [INFO   ] creat AI step 11 
[13:39:27.068] [INFO   ] creat AI step 3 
[13:39:27.069] [INFO   ] creat AI step 7 
[13:39:27.069] [INFO   ] KP step 1computer-0
[13:39:27.069] [INFO   ] KP step 2computer-0
[13:39:27.071] [INFO   ] KP step 3computer-0
[13:39:27.071] [SEVERE ] removing player 1 token from slot 6
[13:39:27.079] [INFO   ] KP step 7computer-0
[13:39:27.080] [INFO   ] creat AI step 8 
[13:39:27.080] [INFO   ] creat AI step 9 
[13:39:27.080] [INFO   ] KP step 12Thread-0
[13:39:27.080] [INFO   ] KP step 11Thread-0
[13:39:27.081] [INFO   ] creat AI step 10 
[13:39:27.081] [INFO   ] creat AI step 11 
[13:39:27.082] [INFO   ] creat AI step 3 
[13:39:27.082] [INFO   ] creat AI step 7 
[13:39:27.082] [INFO   ] KP step 1computer-0
[13:39:27.083] [INFO   ] KP step 2computer-0
[13:39:27.083] [INFO   ] KP step 4computer-0
[13:39:27.083] [INFO   ] KP step 5computer-0
[13:39:27.084] [SEVERE ] player 1 placing token on slot 1
[13:39:27.084] [INFO   ] KP step 6computer-0
[13:39:27.084] [INFO   ] KP step 7computer-0
[13:39:27.084] [INFO   ] creat AI step 8 
[13:39:27.084] [INFO   ] creat AI step 9 
[13:39:27.084] [INFO   ] KP step 12Thread-0
[13:39:27.084] [INFO   ] KP step 11Thread-0
[13:39:27.085] [INFO   ] creat AI step 10 
[13:39:27.085] [INFO   ] creat AI step 11 
[13:39:27.085] [INFO   ] creat AI step 3 
[13:39:27.086] [INFO   ] creat AI step 7 
[13:39:27.087] [INFO   ] KP step 1computer-0
[13:39:27.088] [INFO   ] KP step 2computer-0
[13:39:27.088] [INFO   ] KP step 4computer-0
[13:39:27.095] [INFO   ] KP step 5computer-0
[13:39:27.095] [SEVERE ] player 1 placing token on slot 0
[13:39:27.096] [INFO   ] KP step 6computer-0
[13:39:27.096] [INFO   ] KP step 7computer-0
[13:39:27.096] [INFO   ] creat AI step 8 
[13:39:27.096] [INFO   ] creat AI step 9 
[13:39:27.096] [INFO   ] KP step 12Thread-0
[13:39:27.096] [INFO   ] KP step 11Thread-0
[13:39:27.102] [INFO   ] creat AI step 10 
[13:39:27.103] [INFO   ] creat AI step 11 
[13:39:27.103] [INFO   ] creat AI step 3 
[13:39:27.103] [INFO   ] creat AI step 7 
[13:39:27.104] [INFO   ] KP step 1computer-0
[13:39:27.105] [INFO   ] KP step 2computer-0
[13:39:27.105] [INFO   ] KP step 4computer-0
[13:39:27.226] [INFO   ] thread dealer rm 1.
[13:39:27.226] [INFO   ] thread dealer rm 2.
[13:39:27.228] [INFO   ] thread dealerremove cards after lock.
[13:39:27.229] [INFO   ] remove  in the table step 1
[13:39:27.229] [INFO   ] remove  in the table step 2
[13:39:27.229] [INFO   ] penalty
[13:39:27.230] [SEVERE ] setting player 1 freeze to 3000
[13:39:28.234] [SEVERE ] setting player 1 freeze to 2000
[13:39:29.243] [SEVERE ] setting player 1 freeze to 1000
[13:39:30.255] [SEVERE ] setting player 1 freeze to 0
[13:39:30.256] [INFO   ] thread dealer rm penalty.
[13:39:30.256] [SEVERE ] removing player 1 token from slot 5
[13:39:30.256] [INFO   ] thread dealer rm remove token.
[13:39:30.257] [SEVERE ] removing player 1 token from slot 1
[13:39:30.257] [INFO   ] thread dealer rm remove token.
[13:39:30.257] [SEVERE ] removing player 1 token from slot 0
[13:39:30.257] [INFO   ] thread dealer rm remove token.
[13:39:30.257] [INFO   ] thread dealerremove cards before wake up player.
[13:39:30.257] [INFO   ] thread dealerremove cards after lock.
[13:39:30.257] [INFO   ] remove  in the table step 1
[13:39:30.257] [INFO   ] KP step 12Thread-0
[13:39:30.257] [INFO   ] remove  in the table step 2
[13:39:30.258] [INFO   ] thread Thread-0wip1
[13:39:30.258] [INFO   ] penalty
[13:39:30.258] [INFO   ] thread Thread-0wip2
[13:39:30.258] [SEVERE ] setting player 2 freeze to 3000
[13:39:30.258] [INFO   ] KP step 8Thread-0
[13:39:30.259] [INFO   ] KP step 9Thread-0
[13:39:30.259] [INFO   ] KP step 10Thread-0
[13:39:30.259] [INFO   ] KP step 11Thread-0
[13:39:31.263] [SEVERE ] setting player 2 freeze to 2000
[13:39:32.279] [SEVERE ] setting player 2 freeze to 1000
[13:39:33.280] [SEVERE ] setting player 2 freeze to 0
[13:39:33.281] [INFO   ] thread dealer rm penalty.
[13:39:33.281] [SEVERE ] removing player 2 token from slot 2
[13:39:33.282] [INFO   ] thread dealer rm remove token.
[13:39:33.282] [SEVERE ] removing player 2 token from slot 6
[13:39:33.282] [INFO   ] thread dealer rm remove token.
[13:39:33.282] [SEVERE ] removing player 2 token from slot 11
[13:39:33.283] [INFO   ] thread dealer rm remove token.
[13:39:33.283] [INFO   ] thread dealerremove cards before wake up player.
[13:39:33.283] [INFO   ] KP step 12Thread-1
[13:39:33.283] [INFO   ] thread Thread-1wip1
[13:39:33.283] [INFO   ] thread Thread-1wip2
[13:39:33.283] [INFO   ] KP step 8Thread-1
[13:39:33.283] [INFO   ] KP step 9Thread-1
[13:39:33.283] [INFO   ] KP step 10Thread-1
[13:39:33.283] [INFO   ] KP step 11Thread-1
[13:39:33.499] [INFO   ] place card step 0 
[13:39:33.499] [INFO   ] place card step 1 
[13:39:33.499] [INFO   ] place card step 2 
[13:39:33.499] [INFO   ] place card step 3 
[13:39:33.505] [INFO   ] place card step 5 
[13:39:33.505] [INFO   ] place card step 6 
[13:39:33.505] [INFO   ] place card step 7 
[13:39:33.505] [INFO   ] place card step 8 
[13:39:33.505] [SEVERE ] updating countdown to 51953
[13:39:33.505] [INFO   ] thread dealer start remove cards.
[13:39:33.714] [INFO   ] thread dealer rm 1.
[13:39:33.714] [INFO   ] thread dealer rm 2.
[13:39:33.714] [INFO   ] thread dealerremove cards after lock.
[13:39:33.714] [INFO   ] remove  in the table step 1
[13:39:33.714] [INFO   ] remove  in the table step 2
[13:39:33.714] [INFO   ] penalty
[13:39:33.714] [SEVERE ] setting player 1 freeze to 3000
[13:39:34.721] [SEVERE ] setting player 1 freeze to 2000
[13:39:35.737] [SEVERE ] setting player 1 freeze to 1000
[13:39:36.745] [SEVERE ] setting player 1 freeze to 0
[13:39:36.745] [INFO   ] thread dealer rm penalty.
[13:39:36.746] [INFO   ] thread dealerremove cards before wake up player.
[13:39:36.746] [INFO   ] thread dealerremove cards after lock.
[13:39:36.746] [INFO   ] remove  in the table step 1
[13:39:36.746] [INFO   ] KP step 12Thread-0
[13:39:36.746] [INFO   ] remove  in the table step 2
[13:39:36.746] [INFO   ] thread Thread-0wip1
[13:39:36.746] [INFO   ] penalty
[13:39:36.747] [SEVERE ] setting player 2 freeze to 3000
[13:39:36.747] [INFO   ] thread Thread-0wip2
[13:39:36.747] [INFO   ] KP step 8Thread-0
[13:39:36.748] [INFO   ] KP step 9Thread-0
[13:39:36.748] [INFO   ] KP step 10Thread-0
[13:39:36.748] [INFO   ] KP step 11Thread-0
[13:39:37.750] [SEVERE ] setting player 2 freeze to 2000
[13:39:38.762] [SEVERE ] setting player 2 freeze to 1000
[13:39:39.773] [SEVERE ] setting player 2 freeze to 0
[13:39:39.774] [INFO   ] thread dealer rm penalty.
[13:39:39.774] [INFO   ] thread dealerremove cards before wake up player.
[13:39:39.774] [INFO   ] KP step 12Thread-1
[13:39:39.774] [INFO   ] thread Thread-1wip1
[13:39:39.774] [INFO   ] thread Thread-1wip2
[13:39:39.774] [INFO   ] KP step 8Thread-1
[13:39:39.774] [INFO   ] KP step 9Thread-1
[13:39:39.774] [INFO   ] KP step 10Thread-1
[13:39:39.775] [INFO   ] KP step 11Thread-1
[13:39:39.993] [INFO   ] place card step 0 
[13:39:39.993] [INFO   ] place card step 1 
[13:39:39.993] [INFO   ] place card step 2 
[13:39:39.994] [INFO   ] place card step 3 
[13:39:39.998] [INFO   ] place card step 5 
[13:39:39.998] [INFO   ] place card step 6 
[13:39:39.999] [INFO   ] place card step 7 
[13:39:39.999] [INFO   ] place card step 8 
[13:39:39.999] [SEVERE ] updating countdown to 45459
[13:39:39.999] [INFO   ] thread dealer start remove cards.
[13:39:40.210] [INFO   ] thread dealer rm 1.
[13:39:40.210] [INFO   ] thread dealer rm 2.
[13:39:40.210] [INFO   ] thread dealerremove cards after lock.
[13:39:40.211] [INFO   ] remove  in the table step 1
[13:39:40.211] [INFO   ] remove  in the table step 2
[13:39:40.211] [INFO   ] penalty
[13:39:40.211] [SEVERE ] setting player 1 freeze to 3000
[13:39:41.224] [SEVERE ] setting player 1 freeze to 2000
[13:39:42.235] [SEVERE ] setting player 1 freeze to 1000
[13:39:43.245] [SEVERE ] setting player 1 freeze to 0
[13:39:43.245] [INFO   ] thread dealer rm penalty.
[13:39:43.245] [INFO   ] thread dealerremove cards before wake up player.
[13:39:43.245] [INFO   ] thread dealerremove cards after lock.
[13:39:43.245] [INFO   ] remove  in the table step 1
[13:39:43.245] [INFO   ] KP step 12Thread-0
[13:39:43.246] [INFO   ] remove  in the table step 2
[13:39:43.246] [INFO   ] thread Thread-0wip1
[13:39:43.246] [INFO   ] penalty
[13:39:43.247] [INFO   ] thread Thread-0wip2
[13:39:43.247] [SEVERE ] setting player 2 freeze to 3000
[13:39:43.247] [INFO   ] KP step 8Thread-0
[13:39:43.247] [INFO   ] KP step 9Thread-0
[13:39:43.247] [INFO   ] KP step 10Thread-0
[13:39:43.247] [INFO   ] KP step 11Thread-0
[13:39:43.390] [SEVERE ] exit button pressed
[13:39:44.256] [SEVERE ] setting player 2 freeze to 2000
[13:39:45.266] [SEVERE ] setting player 2 freeze to 1000
[13:39:46.273] [SEVERE ] setting player 2 freeze to 0
[13:39:46.273] [INFO   ] thread dealer rm penalty.
[13:39:46.273] [INFO   ] thread dealerremove cards before wake up player.
[13:39:46.273] [INFO   ] KP step 12Thread-1
[13:39:46.274] [INFO   ] thread Thread-1wip1
[13:39:46.274] [INFO   ] thread Thread-1wip2
[13:39:46.274] [INFO   ] KP step 8Thread-1
[13:39:46.274] [INFO   ] KP step 9Thread-1
[13:39:46.274] [INFO   ] KP step 10Thread-1
[13:39:46.274] [INFO   ] KP step 11Thread-1
[13:39:46.487] [INFO   ] place card step 0 
[13:39:46.488] [INFO   ] place card step 1 
[13:39:46.488] [INFO   ] place card step 2 
[13:39:46.488] [INFO   ] place card step 3 
[13:39:46.491] [INFO   ] place card step 5 
[13:39:46.491] [INFO   ] place card step 6 
[13:39:46.491] [INFO   ] place card step 7 
[13:39:46.491] [INFO   ] place card step 8 
[13:39:46.491] [SEVERE ] updating countdown to 38967
[13:39:46.491] [INFO   ] thread dealer start remove cards.
[13:39:46.705] [INFO   ] thread dealer rm 1.
[13:39:46.705] [INFO   ] thread dealer rm 2.
[13:39:46.705] [INFO   ] thread dealerremove cards after lock.
[13:39:46.705] [INFO   ] remove  in the table step 1
[13:39:46.705] [INFO   ] remove  in the table step 2
[13:39:46.705] [INFO   ] penalty
[13:39:46.705] [SEVERE ] setting player 1 freeze to 3000
[13:39:47.714] [SEVERE ] setting player 1 freeze to 2000
[13:39:48.726] [SEVERE ] setting player 1 freeze to 1000
[13:39:49.739] [SEVERE ] setting player 1 freeze to 0
[13:39:49.739] [INFO   ] thread dealer rm penalty.
[13:39:49.739] [INFO   ] thread dealerremove cards before wake up player.
[13:39:49.739] [INFO   ] thread dealerremove cards after lock.
[13:39:49.739] [INFO   ] remove  in the table step 1
[13:39:49.739] [INFO   ] remove  in the table step 2
[13:39:49.739] [INFO   ] KP step 12Thread-0
[13:39:49.740] [INFO   ] thread Thread-0wip1
[13:39:49.739] [INFO   ] penalty
[13:39:49.740] [INFO   ] thread Thread-0wip2
[13:39:49.740] [SEVERE ] setting player 2 freeze to 3000
[13:39:49.740] [INFO   ] KP step 8Thread-0
[13:39:49.740] [INFO   ] KP step 9Thread-0
[13:39:49.740] [INFO   ] KP step 10Thread-0
[13:39:49.740] [INFO   ] KP step 11Thread-0
[13:39:50.748] [SEVERE ] setting player 2 freeze to 2000
[13:39:51.759] [SEVERE ] setting player 2 freeze to 1000
