[12:54:39.087] [INFO   ] thread main starting.
[12:54:39.102] [SEVERE ] cannot read configuration file config.properties trying from resources.
[12:54:39.107] [SEVERE ] configuration file was loaded from resources directory.
[12:54:40.325] [INFO   ] thread dealer starting.
[12:54:40.329] [INFO   ] thread dealer starting.
[12:54:40.334] [INFO   ] thread Thread-0 starting.
[12:54:40.338] [INFO   ] creat AI step 1 
[12:54:40.338] [INFO   ] thread computer-0 starting.
[12:54:40.340] [INFO   ] creat AI step 2 
[12:54:40.341] [INFO   ] thread Thread-0wip1
[12:54:40.341] [INFO   ] creat AI step 3 
[12:54:40.341] [INFO   ] thread Thread-0wip2
[12:54:40.345] [INFO   ] thread Thread-0wip3
[12:54:40.346] [INFO   ] thread Thread-0wip4
[12:54:40.346] [INFO   ] creat AI step 7 
[12:54:40.349] [INFO   ] thread Thread-1 starting.
[12:54:40.375] [INFO   ] creat AI step 1 
[12:54:40.376] [INFO   ] thread computer-1 starting.
[12:54:40.378] [INFO   ] creat AI step 2 
[12:54:40.379] [SEVERE ] updating countdown to 60000
[12:54:40.379] [INFO   ] creat AI step 3 
[12:54:40.390] [INFO   ] creat AI step 7 
[12:54:40.379] [INFO   ] thread Thread-1wip1
[12:54:40.393] [INFO   ] thread Thread-1wip2
[12:54:40.394] [INFO   ] thread Thread-1wip3
[12:54:40.395] [INFO   ] thread Thread-1wip4
[12:54:40.453] [INFO   ] AI key pressed step 1 
[12:54:40.454] [INFO   ] AI key pressed step 2 
[12:54:40.454] [INFO   ] KP step 1computer-0
[12:54:40.455] [INFO   ] KP step 7computer-0
[12:54:40.455] [INFO   ] KP step 9computer-0
[12:54:40.455] [INFO   ] KP step 10computer-0
[12:54:40.456] [INFO   ] AI key pressed step 3, random slot: 11
[12:54:40.456] [INFO   ] creat AI step 8 
[12:54:40.456] [INFO   ] creat AI step 9 
[12:54:40.457] [INFO   ] thread Thread-0wip5
[12:54:40.457] [INFO   ] thread Thread-0wip1
[12:54:40.458] [INFO   ] thread Thread-0wip2
[12:54:40.458] [INFO   ] thread Thread-0wip3
[12:54:40.458] [INFO   ] thread Thread-0wip4
[12:54:40.459] [INFO   ] creat AI step 10 
[12:54:40.459] [INFO   ] creat AI step 11 
[12:54:40.459] [INFO   ] creat AI step 3 
[12:54:40.459] [INFO   ] creat AI step 7 
[12:54:40.499] [INFO   ] AI key pressed step 1 
[12:54:40.503] [INFO   ] AI key pressed step 2 
[12:54:40.504] [INFO   ] KP step 1computer-1
[12:54:40.504] [INFO   ] KP step 7computer-1
[12:54:40.504] [INFO   ] KP step 9computer-1
[12:54:40.505] [INFO   ] KP step 10computer-1
[12:54:40.505] [INFO   ] AI key pressed step 3, random slot: 4
[12:54:40.505] [INFO   ] creat AI step 8 
[12:54:40.506] [INFO   ] creat AI step 9 
[12:54:40.506] [INFO   ] thread Thread-1wip5
[12:54:40.507] [INFO   ] thread Thread-1wip1
[12:54:40.507] [INFO   ] thread Thread-1wip2
[12:54:40.508] [INFO   ] thread Thread-1wip3
[12:54:40.508] [INFO   ] thread Thread-1wip4
[12:54:40.508] [INFO   ] creat AI step 10 
[12:54:40.508] [INFO   ] creat AI step 11 
[12:54:40.509] [INFO   ] creat AI step 3 
[12:54:40.509] [INFO   ] creat AI step 7 
[12:54:40.572] [INFO   ] AI key pressed step 1 
[12:54:40.572] [INFO   ] AI key pressed step 2 
[12:54:40.573] [INFO   ] KP step 1computer-0
[12:54:40.573] [INFO   ] KP step 7computer-0
[12:54:40.573] [INFO   ] KP step 9computer-0
[12:54:40.573] [INFO   ] KP step 10computer-0
[12:54:40.573] [INFO   ] AI key pressed step 3, random slot: 0
[12:54:40.573] [INFO   ] creat AI step 8 
[12:54:40.574] [INFO   ] creat AI step 9 
[12:54:40.574] [INFO   ] thread Thread-0wip5
[12:54:40.574] [INFO   ] thread Thread-0wip1
[12:54:40.574] [INFO   ] thread Thread-0wip2
[12:54:40.574] [INFO   ] thread Thread-0wip3
[12:54:40.575] [INFO   ] thread Thread-0wip4
[12:54:40.575] [INFO   ] creat AI step 10 
[12:54:40.575] [INFO   ] creat AI step 11 
[12:54:40.575] [INFO   ] creat AI step 3 
[12:54:40.575] [INFO   ] creat AI step 7 
[12:54:40.619] [INFO   ] place card step 0 
[12:54:40.619] [INFO   ] AI key pressed step 1 
[12:54:40.619] [INFO   ] place card step 1 
[12:54:40.619] [INFO   ] AI key pressed step 2 
[12:54:40.621] [INFO   ] KP step 1computer-1
[12:54:40.621] [INFO   ] KP step 7computer-1
[12:54:40.624] [INFO   ] KP step 9computer-1
[12:54:40.624] [INFO   ] KP step 10computer-1
[12:54:40.625] [INFO   ] AI key pressed step 3, random slot: 6
[12:54:40.625] [INFO   ] creat AI step 8 
[12:54:40.625] [INFO   ] creat AI step 9 
[12:54:40.627] [INFO   ] thread Thread-1wip5
[12:54:40.628] [INFO   ] thread Thread-1wip1
[12:54:40.628] [INFO   ] thread Thread-1wip2
[12:54:40.628] [INFO   ] thread Thread-1wip3
[12:54:40.628] [INFO   ] thread Thread-1wip4
[12:54:40.629] [INFO   ] creat AI step 10 
[12:54:40.629] [INFO   ] creat AI step 11 
[12:54:40.629] [INFO   ] creat AI step 3 
[12:54:40.631] [INFO   ] creat AI step 4 
[12:54:40.632] [INFO   ] creat AI step 5 
[12:54:40.680] [INFO   ] AI key pressed step 1 
[12:54:40.680] [INFO   ] AI key pressed step 2 
[12:54:40.681] [INFO   ] KP step 1computer-0
[12:54:40.681] [INFO   ] KP step 7computer-0
[12:54:40.681] [INFO   ] KP step 9computer-0
[12:54:40.682] [INFO   ] KP step 10computer-0
[12:54:40.682] [INFO   ] AI key pressed step 3, random slot: 3
[12:54:40.682] [INFO   ] creat AI step 8 
[12:54:40.683] [INFO   ] creat AI step 9 
[12:54:40.683] [INFO   ] thread Thread-0wip5
[12:54:40.683] [INFO   ] thread Thread-0wip1
[12:54:40.683] [INFO   ] thread Thread-0wip2
[12:54:40.683] [INFO   ] thread Thread-0wip3
[12:54:40.684] [INFO   ] thread Thread-0wip4
[12:54:40.684] [INFO   ] creat AI step 10 
[12:54:40.684] [INFO   ] creat AI step 11 
[12:54:40.684] [INFO   ] creat AI step 3 
[12:54:40.684] [INFO   ] creat AI step 4 
[12:54:40.685] [INFO   ] creat AI step 5 
[12:54:40.726] [SEVERE ] placing card 22 in slot 0
[12:54:40.832] [SEVERE ] placing card 70 in slot 1
[12:54:40.941] [SEVERE ] placing card 32 in slot 2
[12:54:41.051] [SEVERE ] placing card 73 in slot 3
[12:54:41.160] [SEVERE ] placing card 62 in slot 4
[12:54:41.267] [SEVERE ] placing card 65 in slot 5
[12:54:41.378] [SEVERE ] placing card 46 in slot 6
[12:54:41.487] [SEVERE ] placing card 3 in slot 7
[12:54:41.596] [SEVERE ] placing card 77 in slot 8
[12:54:41.703] [SEVERE ] placing card 17 in slot 9
[12:54:41.811] [SEVERE ] placing card 43 in slot 10
[12:54:41.921] [SEVERE ] placing card 26 in slot 11
[12:54:41.921] [INFO   ] place card step 2 
[12:54:41.921] [INFO   ] place card step 3 
[12:54:41.928] [INFO   ] place card step 5 
[12:54:41.928] [INFO   ] place card step 6 
[12:54:41.928] [INFO   ] place card step 7 
[12:54:41.928] [INFO   ] place card step 8 
[12:54:41.928] [INFO   ] creat AI step 6 
[12:54:41.929] [INFO   ] creat AI step 7 
[12:54:41.929] [INFO   ] creat AI step 6 
[12:54:41.929] [INFO   ] creat AI step 7 
[12:54:42.029] [INFO   ] AI key pressed step 1 
[12:54:42.029] [INFO   ] AI key pressed step 2 
[12:54:42.029] [INFO   ] AI key pressed step 1 
[12:54:42.029] [INFO   ] KP step 1computer-1
[12:54:42.031] [INFO   ] AI key pressed step 2 
[12:54:42.031] [INFO   ] KP step 2computer-1
[12:54:42.031] [INFO   ] KP step 1computer-0
[12:54:42.031] [INFO   ] KP step 2computer-0
[12:54:42.031] [INFO   ] KP step 4computer-1
[12:54:42.032] [INFO   ] KP step 4computer-0
[12:54:42.032] [INFO   ] KP step 5computer-1
[12:54:42.032] [INFO   ] KP step 5computer-0
[12:54:42.032] [SEVERE ] player 2 placing token on slot 2
[12:54:42.033] [SEVERE ] player 1 placing token on slot 5
[12:54:42.033] [INFO   ] KP step 6computer-1
[12:54:42.033] [INFO   ] KP step 6computer-0
[12:54:42.033] [INFO   ] KP step 7computer-0
[12:54:42.035] [INFO   ] KP step 9computer-0
[12:54:42.035] [INFO   ] KP step 10computer-0
[12:54:42.035] [INFO   ] AI key pressed step 3, random slot: 5
[12:54:42.035] [INFO   ] creat AI step 8 
[12:54:42.035] [INFO   ] creat AI step 9 
[12:54:42.033] [INFO   ] KP step 7computer-1
[12:54:42.035] [INFO   ] thread Thread-0wip5
[12:54:42.036] [INFO   ] thread Thread-0wip1
[12:54:42.036] [INFO   ] thread Thread-0wip2
[12:54:42.036] [INFO   ] thread Thread-0wip3
[12:54:42.036] [INFO   ] thread Thread-0wip4
[12:54:42.036] [INFO   ] creat AI step 10 
[12:54:42.037] [INFO   ] creat AI step 11 
[12:54:42.037] [INFO   ] creat AI step 3 
[12:54:42.035] [SEVERE ] updating countdown to 58347
[12:54:42.037] [INFO   ] creat AI step 7 
[12:54:42.036] [INFO   ] KP step 9computer-1
[12:54:42.038] [INFO   ] thread dealer start remove cards.
[12:54:42.038] [INFO   ] KP step 10computer-1
[12:54:42.038] [INFO   ] AI key pressed step 3, random slot: 2
[12:54:42.039] [INFO   ] creat AI step 8 
[12:54:42.039] [INFO   ] creat AI step 9 
[12:54:42.039] [INFO   ] thread Thread-1wip5
[12:54:42.039] [INFO   ] thread Thread-1wip1
[12:54:42.039] [INFO   ] thread Thread-1wip2
[12:54:42.040] [INFO   ] thread Thread-1wip3
[12:54:42.040] [INFO   ] thread Thread-1wip4
[12:54:42.040] [INFO   ] creat AI step 10 
[12:54:42.040] [INFO   ] creat AI step 11 
[12:54:42.040] [INFO   ] creat AI step 3 
[12:54:42.041] [INFO   ] creat AI step 7 
[12:54:42.152] [INFO   ] AI key pressed step 1 
[12:54:42.152] [INFO   ] AI key pressed step 1 
[12:54:42.152] [INFO   ] AI key pressed step 2 
[12:54:42.153] [INFO   ] AI key pressed step 2 
[12:54:42.153] [INFO   ] KP step 1computer-1
[12:54:42.153] [INFO   ] KP step 1computer-0
[12:54:42.154] [INFO   ] KP step 2computer-0
[12:54:42.153] [INFO   ] KP step 2computer-1
[12:54:42.154] [INFO   ] KP step 4computer-0
[12:54:42.155] [INFO   ] KP step 5computer-0
[12:54:42.155] [SEVERE ] player 1 placing token on slot 0
[12:54:42.154] [INFO   ] KP step 4computer-1
[12:54:42.155] [INFO   ] KP step 5computer-1
[12:54:42.155] [INFO   ] KP step 6computer-0
[12:54:42.155] [SEVERE ] player 2 placing token on slot 6
[12:54:42.157] [INFO   ] KP step 6computer-1
[12:54:42.157] [INFO   ] KP step 7computer-1
[12:54:42.156] [INFO   ] KP step 7computer-0
[12:54:42.157] [INFO   ] KP step 9computer-1
[12:54:42.157] [INFO   ] KP step 10computer-1
[12:54:42.158] [INFO   ] AI key pressed step 3, random slot: 6
[12:54:42.158] [INFO   ] creat AI step 8 
[12:54:42.158] [INFO   ] creat AI step 9 
[12:54:42.158] [INFO   ] KP step 9computer-0
[12:54:42.158] [INFO   ] thread Thread-1wip5
[12:54:42.158] [INFO   ] thread Thread-1wip1
[12:54:42.158] [INFO   ] KP step 10computer-0
[12:54:42.159] [INFO   ] thread Thread-1wip2
[12:54:42.159] [INFO   ] thread Thread-1wip3
[12:54:42.159] [INFO   ] thread Thread-1wip4
[12:54:42.159] [INFO   ] AI key pressed step 3, random slot: 0
[12:54:42.159] [INFO   ] creat AI step 8 
[12:54:42.159] [INFO   ] creat AI step 9 
[12:54:42.159] [INFO   ] creat AI step 10 
[12:54:42.161] [INFO   ] thread Thread-0wip5
[12:54:42.161] [INFO   ] thread Thread-0wip1
[12:54:42.161] [INFO   ] thread Thread-0wip2
[12:54:42.161] [INFO   ] thread Thread-0wip3
[12:54:42.161] [INFO   ] thread Thread-0wip4
[12:54:42.161] [INFO   ] creat AI step 10 
[12:54:42.161] [INFO   ] creat AI step 11 
[12:54:42.162] [INFO   ] creat AI step 3 
[12:54:42.162] [INFO   ] creat AI step 7 
[12:54:42.162] [INFO   ] creat AI step 11 
[12:54:42.162] [INFO   ] creat AI step 3 
[12:54:42.162] [INFO   ] creat AI step 7 
[12:54:42.245] [INFO   ] thread dealer rm 1.
[12:54:42.245] [INFO   ] thread dealer rm 2.
[12:54:42.276] [INFO   ] AI key pressed step 1 
[12:54:42.276] [INFO   ] AI key pressed step 1 
[12:54:42.276] [INFO   ] AI key pressed step 2 
[12:54:42.276] [INFO   ] KP step 1computer-0
[12:54:42.276] [INFO   ] KP step 2computer-0
[12:54:42.276] [INFO   ] AI key pressed step 2 
[12:54:42.277] [INFO   ] KP step 1computer-1
[12:54:42.277] [INFO   ] KP step 4computer-0
[12:54:42.277] [INFO   ] KP step 2computer-1
[12:54:42.277] [INFO   ] KP step 5computer-0
[12:54:42.277] [INFO   ] KP step 4computer-1
[12:54:42.277] [SEVERE ] player 1 placing token on slot 10
[12:54:42.277] [INFO   ] KP step 5computer-1
[12:54:42.277] [SEVERE ] player 2 placing token on slot 9
[12:54:42.277] [INFO   ] KP step 6computer-1
[12:54:42.277] [INFO   ] KP step 7computer-1
[12:54:42.278] [INFO   ] KP step 8computer-1
[12:54:42.278] [INFO   ] KP step 9computer-1
[12:54:42.278] [INFO   ] KP step 10computer-1
[12:54:42.278] [INFO   ] KP step 6computer-0
[12:54:42.278] [INFO   ] KP step 7computer-0
[12:54:42.278] [INFO   ] KP step 8computer-0
[12:54:42.278] [INFO   ] KP step 9computer-0
[12:54:42.278] [INFO   ] KP step 10computer-0
[12:54:42.278] [INFO   ] KP step 11computer-1
[12:54:42.279] [INFO   ] KP step 11computer-0
[12:54:42.463] [INFO   ] place card step 0 
[12:54:42.463] [INFO   ] place card step 1 
[12:54:42.463] [INFO   ] place card step 2 
[12:54:42.463] [INFO   ] place card step 3 
[12:54:42.466] [INFO   ] place card step 5 
[12:54:42.466] [INFO   ] place card step 6 
[12:54:42.466] [INFO   ] place card step 7 
[12:54:42.466] [INFO   ] place card step 8 
[12:54:42.466] [SEVERE ] updating countdown to 57916
[12:54:42.466] [INFO   ] thread dealer start remove cards.
[12:54:42.680] [INFO   ] thread dealer rm 1.
[12:54:42.680] [INFO   ] thread dealer rm 2.
[12:54:42.680] [INFO   ] thread dealerremove cards after lock.
[12:54:42.680] [INFO   ] remove  in the table step 1
[12:54:42.680] [INFO   ] remove  in the table step 2
[12:54:42.681] [INFO   ] penalty
[12:54:42.681] [SEVERE ] setting player 2 freeze to 3000
[12:54:43.682] [SEVERE ] setting player 2 freeze to 2000
[12:54:44.690] [SEVERE ] setting player 2 freeze to 1000
[12:54:45.702] [SEVERE ] setting player 2 freeze to 0
[12:54:45.702] [INFO   ] thread dealer rm penalty.
[12:54:45.702] [SEVERE ] removing player 2 token from slot 2
[12:54:45.703] [INFO   ] thread dealer rm remove token.
[12:54:45.703] [SEVERE ] removing player 2 token from slot 6
[12:54:45.703] [INFO   ] thread dealer rm remove token.
[12:54:45.703] [SEVERE ] removing player 2 token from slot 9
[12:54:45.703] [INFO   ] thread dealer rm remove token.
[12:54:45.703] [INFO   ] thread dealerremove cards before wake up player.
[12:54:45.703] [INFO   ] thread dealerremove cards after lock.
[12:54:45.703] [INFO   ] remove  in the table step 1
[12:54:45.703] [INFO   ] remove  in the table step 2
[12:54:45.703] [INFO   ] thread Thread-1wip5
[12:54:45.704] [INFO   ] thread Thread-1wip1
[12:54:45.704] [INFO   ] thread Thread-1wip2
[12:54:45.704] [INFO   ] thread Thread-1wip3
[12:54:45.703] [INFO   ] penalty
[12:54:45.704] [SEVERE ] setting player 1 freeze to 3000
[12:54:45.704] [INFO   ] thread Thread-1wip4
[12:54:46.713] [SEVERE ] setting player 1 freeze to 2000
[12:54:47.729] [SEVERE ] setting player 1 freeze to 1000
[12:54:48.741] [SEVERE ] setting player 1 freeze to 0
[12:54:48.741] [INFO   ] thread dealer rm penalty.
[12:54:48.741] [SEVERE ] removing player 1 token from slot 5
[12:54:48.742] [INFO   ] thread dealer rm remove token.
[12:54:48.742] [SEVERE ] removing player 1 token from slot 0
[12:54:48.742] [INFO   ] thread dealer rm remove token.
[12:54:48.742] [SEVERE ] removing player 1 token from slot 10
[12:54:48.742] [INFO   ] thread dealer rm remove token.
[12:54:48.742] [INFO   ] thread dealerremove cards before wake up player.
[12:54:48.743] [INFO   ] thread Thread-0wip5
[12:54:48.743] [INFO   ] thread Thread-0wip1
[12:54:48.743] [INFO   ] thread Thread-0wip2
[12:54:48.743] [INFO   ] thread Thread-0wip3
[12:54:48.743] [INFO   ] thread Thread-0wip4
[12:54:48.958] [INFO   ] place card step 0 
[12:54:48.958] [INFO   ] place card step 1 
[12:54:48.958] [INFO   ] place card step 2 
[12:54:48.958] [INFO   ] place card step 3 
[12:54:48.962] [INFO   ] place card step 5 
[12:54:48.962] [INFO   ] place card step 6 
[12:54:48.963] [INFO   ] place card step 7 
[12:54:48.963] [INFO   ] place card step 8 
[12:54:49.972] [SEVERE ] updating countdown to 50410
[12:54:49.972] [INFO   ] thread dealer start remove cards.
[12:54:50.190] [INFO   ] thread dealer rm 1.
[12:54:50.190] [INFO   ] thread dealer rm 2.
[12:54:50.407] [INFO   ] place card step 0 
[12:54:50.407] [INFO   ] place card step 1 
[12:54:50.407] [INFO   ] place card step 2 
[12:54:50.407] [INFO   ] place card step 3 
[12:54:50.408] [INFO   ] place card step 5 
[12:54:50.408] [INFO   ] place card step 6 
[12:54:50.409] [INFO   ] place card step 7 
[12:54:50.409] [INFO   ] place card step 8 
[12:54:51.422] [SEVERE ] updating countdown to 48960
[12:54:51.423] [INFO   ] thread dealer start remove cards.
[12:54:51.641] [INFO   ] thread dealer rm 1.
[12:54:51.641] [INFO   ] thread dealer rm 2.
[12:54:51.860] [INFO   ] place card step 0 
[12:54:51.860] [INFO   ] place card step 1 
[12:54:51.861] [INFO   ] place card step 2 
[12:54:51.861] [INFO   ] place card step 3 
[12:54:51.861] [INFO   ] place card step 5 
[12:54:51.861] [INFO   ] place card step 6 
[12:54:51.861] [INFO   ] place card step 7 
[12:54:51.861] [INFO   ] place card step 8 
[12:54:52.872] [SEVERE ] updating countdown to 47510
[12:54:52.873] [INFO   ] thread dealer start remove cards.
[12:54:53.087] [INFO   ] thread dealer rm 1.
[12:54:53.087] [INFO   ] thread dealer rm 2.
[12:54:53.306] [INFO   ] place card step 0 
[12:54:53.306] [INFO   ] place card step 1 
[12:54:53.308] [INFO   ] place card step 2 
[12:54:53.308] [INFO   ] place card step 3 
[12:54:53.310] [INFO   ] place card step 5 
[12:54:53.310] [INFO   ] place card step 6 
[12:54:53.310] [INFO   ] place card step 7 
[12:54:53.310] [INFO   ] place card step 8 
[12:54:54.320] [SEVERE ] updating countdown to 46062
[12:54:54.320] [INFO   ] thread dealer start remove cards.
[12:54:54.538] [INFO   ] thread dealer rm 1.
[12:54:54.538] [INFO   ] thread dealer rm 2.
[12:54:54.758] [INFO   ] place card step 0 
[12:54:54.758] [INFO   ] place card step 1 
[12:54:54.759] [INFO   ] place card step 2 
[12:54:54.759] [INFO   ] place card step 3 
[12:54:54.762] [INFO   ] place card step 5 
[12:54:54.763] [INFO   ] place card step 6 
[12:54:54.763] [INFO   ] place card step 7 
[12:54:54.763] [INFO   ] place card step 8 
[12:54:55.088] [SEVERE ] exit button pressed
[12:54:55.770] [SEVERE ] updating countdown to 44612
[12:54:55.770] [INFO   ] thread dealer start remove cards.
[12:54:55.988] [INFO   ] thread dealer rm 1.
[12:54:55.988] [INFO   ] thread dealer rm 2.
[12:54:56.204] [INFO   ] place card step 0 
[12:54:56.204] [INFO   ] place card step 1 
[12:54:56.204] [INFO   ] place card step 2 
[12:54:56.204] [INFO   ] place card step 3 
[12:54:56.205] [INFO   ] place card step 5 
[12:54:56.205] [INFO   ] place card step 6 
[12:54:56.205] [INFO   ] place card step 7 
[12:54:56.205] [INFO   ] place card step 8 
