[13:28:59.681] [INFO   ] thread main starting.
[13:28:59.716] [SEVERE ] cannot read configuration file config.properties trying from resources.
[13:28:59.725] [SEVERE ] configuration file was loaded from resources directory.
[13:29:03.390] [INFO   ] thread dealer starting.
[13:29:03.405] [INFO   ] thread dealer starting.
[13:29:03.453] [INFO   ] thread Thread-0 starting.
[13:29:03.523] [INFO   ] creat AI step 1 
[13:29:03.524] [INFO   ] thread computer-0 starting.
[13:29:03.525] [INFO   ] creat AI step 2 
[13:29:03.526] [INFO   ] creat AI step 3 
[13:29:03.526] [INFO   ] thread Thread-0wip1
[13:29:03.539] [INFO   ] thread Thread-0wip2
[13:29:03.534] [INFO   ] creat AI step 7 
[13:29:03.540] [INFO   ] thread Thread-0wip3
[13:29:03.543] [INFO   ] thread Thread-0wip4
[13:29:03.545] [INFO   ] KP step 1computer-0
[13:29:03.548] [INFO   ] KP step 7computer-0
[13:29:03.549] [INFO   ] creat AI step 8 
[13:29:03.550] [INFO   ] creat AI step 9 
[13:29:03.551] [INFO   ] thread Thread-0wip5
[13:29:03.552] [INFO   ] KP step 8Thread-0
[13:29:03.552] [INFO   ] KP step 9Thread-0
[13:29:03.553] [INFO   ] KP step 10Thread-0
[13:29:03.554] [INFO   ] KP step 11Thread-0
[13:29:03.555] [INFO   ] thread Thread-1 starting.
[13:29:03.555] [INFO   ] creat AI step 10 
[13:29:03.556] [INFO   ] creat AI step 11 
[13:29:03.556] [INFO   ] creat AI step 1 
[13:29:03.557] [INFO   ] thread computer-1 starting.
[13:29:03.557] [INFO   ] creat AI step 2 
[13:29:03.558] [INFO   ] creat AI step 3 
[13:29:03.558] [INFO   ] creat AI step 7 
[13:29:03.559] [INFO   ] KP step 1computer-1
[13:29:03.559] [INFO   ] KP step 7computer-1
[13:29:03.559] [INFO   ] creat AI step 8 
[13:29:03.560] [INFO   ] creat AI step 9 
[13:29:03.556] [INFO   ] creat AI step 3 
[13:29:03.563] [INFO   ] creat AI step 7 
[13:29:03.560] [INFO   ] thread Thread-1wip1
[13:29:03.558] [SEVERE ] updating countdown to 60000
[13:29:03.565] [INFO   ] thread Thread-1wip2
[13:29:03.566] [INFO   ] thread Thread-1wip3
[13:29:03.564] [INFO   ] KP step 1computer-0
[13:29:03.567] [INFO   ] KP step 7computer-0
[13:29:03.570] [INFO   ] creat AI step 8 
[13:29:03.570] [INFO   ] creat AI step 9 
[13:29:03.571] [INFO   ] KP step 12Thread-0
[13:29:03.572] [INFO   ] KP step 11Thread-0
[13:29:03.567] [INFO   ] thread Thread-1wip4
[13:29:03.576] [INFO   ] creat AI step 10 
[13:29:03.576] [INFO   ] creat AI step 11 
[13:29:03.577] [INFO   ] creat AI step 3 
[13:29:03.577] [INFO   ] creat AI step 7 
[13:29:03.578] [INFO   ] KP step 1computer-1
[13:29:03.578] [INFO   ] KP step 7computer-1
[13:29:03.579] [INFO   ] creat AI step 8 
[13:29:03.579] [INFO   ] creat AI step 9 
[13:29:03.577] [INFO   ] creat AI step 10 
[13:29:03.585] [INFO   ] creat AI step 11 
[13:29:03.585] [INFO   ] creat AI step 3 
[13:29:03.585] [INFO   ] creat AI step 7 
[13:29:03.586] [INFO   ] KP step 1computer-0
[13:29:03.586] [INFO   ] KP step 7computer-0
[13:29:03.587] [INFO   ] creat AI step 8 
[13:29:03.587] [INFO   ] creat AI step 9 
[13:29:03.588] [INFO   ] KP step 12Thread-0
[13:29:03.588] [INFO   ] KP step 11Thread-0
[13:29:03.589] [INFO   ] thread Thread-1wip5
[13:29:03.590] [INFO   ] KP step 8Thread-1
[13:29:03.591] [INFO   ] KP step 9Thread-1
[13:29:03.591] [INFO   ] KP step 10Thread-1
[13:29:03.592] [INFO   ] KP step 11Thread-1
[13:29:03.592] [INFO   ] creat AI step 10 
[13:29:03.592] [INFO   ] creat AI step 10 
[13:29:03.593] [INFO   ] creat AI step 11 
[13:29:03.593] [INFO   ] creat AI step 11 
[13:29:03.594] [INFO   ] creat AI step 3 
[13:29:03.595] [INFO   ] creat AI step 3 
[13:29:03.596] [INFO   ] creat AI step 7 
[13:29:03.596] [INFO   ] KP step 1computer-1
[13:29:03.597] [INFO   ] KP step 7computer-1
[13:29:03.597] [INFO   ] creat AI step 8 
[13:29:03.598] [INFO   ] creat AI step 9 
[13:29:03.595] [INFO   ] creat AI step 7 
[13:29:03.600] [INFO   ] KP step 1computer-0
[13:29:03.601] [INFO   ] KP step 7computer-0
[13:29:03.602] [INFO   ] creat AI step 8 
[13:29:03.600] [INFO   ] KP step 12Thread-1
[13:29:03.603] [INFO   ] KP step 11Thread-1
[13:29:03.602] [INFO   ] creat AI step 9 
[13:29:03.604] [INFO   ] creat AI step 10 
[13:29:03.604] [INFO   ] KP step 12Thread-0
[13:29:03.605] [INFO   ] creat AI step 11 
[13:29:03.605] [INFO   ] KP step 11Thread-0
[13:29:03.606] [INFO   ] creat AI step 3 
[13:29:03.607] [INFO   ] creat AI step 10 
[13:29:03.607] [INFO   ] creat AI step 7 
[13:29:03.608] [INFO   ] KP step 1computer-1
[13:29:03.608] [INFO   ] creat AI step 11 
[13:29:03.609] [INFO   ] KP step 7computer-1
[13:29:03.611] [INFO   ] creat AI step 8 
[13:29:03.610] [INFO   ] creat AI step 3 
[13:29:03.611] [INFO   ] creat AI step 9 
[13:29:03.612] [INFO   ] creat AI step 7 
[13:29:03.613] [INFO   ] KP step 1computer-0
[13:29:03.614] [INFO   ] KP step 7computer-0
[13:29:03.614] [INFO   ] creat AI step 8 
[13:29:03.613] [INFO   ] KP step 12Thread-1
[13:29:03.615] [INFO   ] creat AI step 9 
[13:29:03.615] [INFO   ] KP step 11Thread-1
[13:29:03.616] [INFO   ] KP step 12Thread-0
[13:29:03.616] [INFO   ] creat AI step 10 
[13:29:03.617] [INFO   ] KP step 11Thread-0
[13:29:03.617] [INFO   ] creat AI step 11 
[13:29:03.618] [INFO   ] creat AI step 3 
[13:29:03.619] [INFO   ] creat AI step 7 
[13:29:03.619] [INFO   ] KP step 1computer-1
[13:29:03.620] [INFO   ] KP step 7computer-1
[13:29:03.620] [INFO   ] creat AI step 8 
[13:29:03.621] [INFO   ] creat AI step 9 
[13:29:03.632] [INFO   ] creat AI step 10 
[13:29:03.632] [INFO   ] creat AI step 11 
[13:29:03.633] [INFO   ] creat AI step 3 
[13:29:03.632] [INFO   ] KP step 12Thread-1
[13:29:03.634] [INFO   ] KP step 11Thread-1
[13:29:03.634] [INFO   ] creat AI step 10 
[13:29:03.635] [INFO   ] creat AI step 11 
[13:29:03.636] [INFO   ] creat AI step 3 
[13:29:03.637] [INFO   ] creat AI step 7 
[13:29:03.637] [INFO   ] KP step 1computer-1
[13:29:03.638] [INFO   ] KP step 7computer-1
[13:29:03.638] [INFO   ] creat AI step 8 
[13:29:03.639] [INFO   ] creat AI step 9 
[13:29:03.634] [INFO   ] creat AI step 7 
[13:29:03.640] [INFO   ] KP step 1computer-0
[13:29:03.641] [INFO   ] KP step 7computer-0
[13:29:03.641] [INFO   ] creat AI step 8 
[13:29:03.641] [INFO   ] creat AI step 9 
[13:29:03.643] [INFO   ] KP step 12Thread-0
[13:29:03.640] [INFO   ] KP step 12Thread-1
[13:29:03.643] [INFO   ] KP step 11Thread-0
[13:29:03.644] [INFO   ] KP step 11Thread-1
[13:29:03.645] [INFO   ] creat AI step 10 
[13:29:03.645] [INFO   ] creat AI step 10 
[13:29:03.646] [INFO   ] creat AI step 11 
[13:29:03.646] [INFO   ] creat AI step 11 
[13:29:03.647] [INFO   ] creat AI step 3 
[13:29:03.647] [INFO   ] creat AI step 3 
[13:29:03.648] [INFO   ] creat AI step 7 
[13:29:03.650] [INFO   ] KP step 1computer-1
[13:29:03.650] [INFO   ] KP step 7computer-1
[13:29:03.650] [INFO   ] creat AI step 8 
[13:29:03.651] [INFO   ] creat AI step 9 
[13:29:03.648] [INFO   ] creat AI step 7 
[13:29:03.653] [INFO   ] KP step 12Thread-1
[13:29:03.654] [INFO   ] KP step 11Thread-1
[13:29:03.654] [INFO   ] KP step 1computer-0
[13:29:03.655] [INFO   ] KP step 7computer-0
[13:29:03.654] [INFO   ] creat AI step 10 
[13:29:03.655] [INFO   ] creat AI step 8 
[13:29:03.655] [INFO   ] creat AI step 11 
[13:29:03.656] [INFO   ] creat AI step 9 
[13:29:03.657] [INFO   ] creat AI step 3 
[13:29:03.657] [INFO   ] KP step 12Thread-0
[13:29:03.658] [INFO   ] creat AI step 7 
[13:29:03.658] [INFO   ] KP step 11Thread-0
[13:29:03.658] [INFO   ] KP step 1computer-1
[13:29:03.659] [INFO   ] KP step 7computer-1
[13:29:03.660] [INFO   ] creat AI step 8 
[13:29:03.659] [INFO   ] creat AI step 10 
[13:29:03.660] [INFO   ] creat AI step 9 
[13:29:03.662] [INFO   ] creat AI step 11 
[13:29:03.664] [INFO   ] KP step 12Thread-1
[13:29:03.665] [INFO   ] creat AI step 3 
[13:29:03.666] [INFO   ] creat AI step 7 
[13:29:03.667] [INFO   ] KP step 1computer-0
[13:29:03.667] [INFO   ] KP step 7computer-0
[13:29:03.667] [INFO   ] creat AI step 8 
[13:29:03.668] [INFO   ] creat AI step 9 
[13:29:03.669] [INFO   ] KP step 12Thread-0
[13:29:03.665] [INFO   ] KP step 11Thread-1
[13:29:03.669] [INFO   ] KP step 11Thread-0
[13:29:03.671] [INFO   ] creat AI step 10 
[13:29:03.672] [INFO   ] creat AI step 10 
[13:29:03.673] [INFO   ] creat AI step 11 
[13:29:03.674] [INFO   ] creat AI step 11 
[13:29:03.674] [INFO   ] creat AI step 3 
[13:29:03.675] [INFO   ] creat AI step 7 
[13:29:03.675] [INFO   ] KP step 1computer-1
[13:29:03.676] [INFO   ] KP step 7computer-1
[13:29:03.676] [INFO   ] creat AI step 8 
[13:29:03.677] [INFO   ] creat AI step 9 
[13:29:03.674] [INFO   ] creat AI step 3 
[13:29:03.683] [INFO   ] creat AI step 7 
[13:29:03.683] [INFO   ] KP step 1computer-0
[13:29:03.684] [INFO   ] KP step 7computer-0
[13:29:03.684] [INFO   ] creat AI step 8 
[13:29:03.685] [INFO   ] creat AI step 9 
[13:29:03.686] [INFO   ] KP step 12Thread-1
[13:29:03.686] [INFO   ] KP step 12Thread-0
[13:29:03.687] [INFO   ] KP step 11Thread-0
[13:29:03.687] [INFO   ] KP step 11Thread-1
[13:29:03.694] [INFO   ] creat AI step 10 
[13:29:03.694] [INFO   ] creat AI step 11 
[13:29:03.695] [INFO   ] creat AI step 3 
[13:29:03.695] [INFO   ] creat AI step 7 
[13:29:03.695] [INFO   ] KP step 1computer-1
[13:29:03.695] [INFO   ] KP step 7computer-1
[13:29:03.696] [INFO   ] creat AI step 8 
[13:29:03.696] [INFO   ] creat AI step 9 
[13:29:03.698] [INFO   ] creat AI step 10 
[13:29:03.698] [INFO   ] creat AI step 11 
[13:29:03.698] [INFO   ] creat AI step 3 
[13:29:03.699] [INFO   ] creat AI step 7 
[13:29:03.699] [INFO   ] KP step 1computer-0
[13:29:03.699] [INFO   ] KP step 7computer-0
[13:29:03.700] [INFO   ] creat AI step 8 
[13:29:03.700] [INFO   ] creat AI step 9 
[13:29:03.701] [INFO   ] KP step 12Thread-0
[13:29:03.701] [INFO   ] KP step 11Thread-0
[13:29:03.699] [INFO   ] KP step 12Thread-1
[13:29:03.701] [INFO   ] creat AI step 10 
[13:29:03.702] [INFO   ] creat AI step 11 
[13:29:03.702] [INFO   ] creat AI step 3 
[13:29:03.701] [INFO   ] KP step 11Thread-1
[13:29:03.703] [INFO   ] creat AI step 7 
[13:29:03.703] [INFO   ] creat AI step 10 
[13:29:03.703] [INFO   ] KP step 1computer-0
[13:29:03.703] [INFO   ] creat AI step 11 
[13:29:03.705] [INFO   ] KP step 7computer-0
[13:29:03.705] [INFO   ] creat AI step 3 
[13:29:03.707] [INFO   ] creat AI step 7 
[13:29:03.707] [INFO   ] KP step 1computer-1
[13:29:03.707] [INFO   ] KP step 7computer-1
[13:29:03.708] [INFO   ] creat AI step 8 
[13:29:03.708] [INFO   ] creat AI step 9 
[13:29:03.706] [INFO   ] creat AI step 8 
[13:29:03.714] [INFO   ] creat AI step 9 
[13:29:03.714] [INFO   ] KP step 12Thread-0
[13:29:03.715] [INFO   ] KP step 11Thread-0
[13:29:03.718] [INFO   ] KP step 12Thread-1
[13:29:03.719] [INFO   ] KP step 11Thread-1
[13:29:03.720] [INFO   ] creat AI step 10 
[13:29:03.720] [INFO   ] creat AI step 11 
[13:29:03.720] [INFO   ] creat AI step 10 
[13:29:03.720] [INFO   ] creat AI step 3 
[13:29:03.720] [INFO   ] creat AI step 11 
[13:29:03.723] [INFO   ] creat AI step 3 
[13:29:03.723] [INFO   ] creat AI step 7 
[13:29:03.723] [INFO   ] KP step 1computer-1
[13:29:03.723] [INFO   ] KP step 7computer-1
[13:29:03.723] [INFO   ] creat AI step 8 
[13:29:03.723] [INFO   ] creat AI step 9 
[13:29:03.722] [INFO   ] creat AI step 7 
[13:29:03.725] [INFO   ] KP step 1computer-0
[13:29:03.732] [INFO   ] KP step 7computer-0
[13:29:03.732] [INFO   ] creat AI step 8 
[13:29:03.733] [INFO   ] creat AI step 9 
[13:29:03.727] [INFO   ] KP step 12Thread-1
[13:29:03.733] [INFO   ] KP step 12Thread-0
[13:29:03.733] [INFO   ] KP step 11Thread-1
[13:29:03.734] [INFO   ] KP step 11Thread-0
[13:29:03.734] [INFO   ] creat AI step 10 
[13:29:03.735] [INFO   ] creat AI step 10 
[13:29:03.736] [INFO   ] creat AI step 11 
[13:29:03.735] [INFO   ] creat AI step 11 
[13:29:03.737] [INFO   ] creat AI step 3 
[13:29:03.737] [INFO   ] creat AI step 7 
[13:29:03.738] [INFO   ] KP step 1computer-1
[13:29:03.738] [INFO   ] KP step 7computer-1
[13:29:03.738] [INFO   ] creat AI step 8 
[13:29:03.738] [INFO   ] creat AI step 9 
[13:29:03.736] [INFO   ] creat AI step 3 
[13:29:03.740] [INFO   ] KP step 12Thread-1
[13:29:03.740] [INFO   ] creat AI step 7 
[13:29:03.741] [INFO   ] KP step 1computer-0
[13:29:03.741] [INFO   ] KP step 7computer-0
[13:29:03.743] [INFO   ] creat AI step 8 
[13:29:03.744] [INFO   ] creat AI step 9 
[13:29:03.740] [INFO   ] KP step 11Thread-1
[13:29:03.744] [INFO   ] KP step 12Thread-0
[13:29:03.745] [INFO   ] KP step 11Thread-0
[13:29:03.745] [INFO   ] creat AI step 10 
[13:29:03.745] [INFO   ] creat AI step 10 
[13:29:03.746] [INFO   ] creat AI step 11 
[13:29:03.745] [INFO   ] creat AI step 11 
[13:29:03.747] [INFO   ] creat AI step 3 
[13:29:03.747] [INFO   ] creat AI step 7 
[13:29:03.746] [INFO   ] creat AI step 3 
[13:29:03.747] [INFO   ] KP step 1computer-1
[13:29:03.749] [INFO   ] KP step 7computer-1
[13:29:03.749] [INFO   ] creat AI step 8 
[13:29:03.750] [INFO   ] creat AI step 9 
[13:29:03.749] [INFO   ] creat AI step 7 
[13:29:03.755] [INFO   ] KP step 1computer-0
[13:29:03.755] [INFO   ] KP step 7computer-0
[13:29:03.755] [INFO   ] creat AI step 8 
[13:29:03.755] [INFO   ] creat AI step 9 
[13:29:03.756] [INFO   ] KP step 12Thread-1
[13:29:03.756] [INFO   ] KP step 11Thread-1
[13:29:03.756] [INFO   ] creat AI step 10 
[13:29:03.757] [INFO   ] creat AI step 11 
[13:29:03.756] [INFO   ] KP step 12Thread-0
[13:29:03.758] [INFO   ] KP step 11Thread-0
[13:29:03.758] [INFO   ] creat AI step 3 
[13:29:03.758] [INFO   ] creat AI step 7 
[13:29:03.759] [INFO   ] KP step 1computer-1
[13:29:03.759] [INFO   ] KP step 7computer-1
[13:29:03.759] [INFO   ] creat AI step 8 
[13:29:03.759] [INFO   ] creat AI step 9 
[13:29:03.760] [INFO   ] creat AI step 10 
[13:29:03.761] [INFO   ] creat AI step 11 
[13:29:03.761] [INFO   ] creat AI step 3 
[13:29:03.762] [INFO   ] creat AI step 7 
[13:29:03.762] [INFO   ] KP step 1computer-0
[13:29:03.762] [INFO   ] KP step 7computer-0
[13:29:03.762] [INFO   ] creat AI step 8 
[13:29:03.762] [INFO   ] KP step 12Thread-1
[13:29:03.763] [INFO   ] KP step 11Thread-1
[13:29:03.763] [INFO   ] creat AI step 9 
[13:29:03.763] [INFO   ] creat AI step 10 
[13:29:03.763] [INFO   ] KP step 12Thread-0
[13:29:03.764] [INFO   ] creat AI step 11 
[13:29:03.764] [INFO   ] KP step 11Thread-0
[13:29:03.765] [INFO   ] creat AI step 3 
[13:29:03.765] [INFO   ] creat AI step 10 
[13:29:03.766] [INFO   ] creat AI step 11 
[13:29:03.765] [INFO   ] creat AI step 7 
[13:29:03.766] [INFO   ] KP step 1computer-1
[13:29:03.766] [INFO   ] KP step 7computer-1
[13:29:03.767] [INFO   ] creat AI step 8 
[13:29:03.767] [INFO   ] creat AI step 9 
[13:29:03.766] [INFO   ] creat AI step 3 
[13:29:03.772] [INFO   ] creat AI step 7 
[13:29:03.772] [INFO   ] KP step 1computer-0
[13:29:03.772] [INFO   ] KP step 7computer-0
[13:29:03.773] [INFO   ] creat AI step 8 
[13:29:03.773] [INFO   ] creat AI step 9 
[13:29:03.773] [INFO   ] KP step 12Thread-1
[13:29:03.773] [INFO   ] KP step 12Thread-0
[13:29:03.774] [INFO   ] KP step 11Thread-0
[13:29:03.773] [INFO   ] KP step 11Thread-1
[13:29:03.776] [INFO   ] creat AI step 10 
[13:29:03.776] [INFO   ] creat AI step 10 
[13:29:03.777] [INFO   ] creat AI step 11 
[13:29:03.777] [INFO   ] creat AI step 3 
[13:29:03.777] [INFO   ] creat AI step 7 
[13:29:03.777] [INFO   ] KP step 1computer-1
[13:29:03.777] [INFO   ] KP step 7computer-1
[13:29:03.777] [INFO   ] creat AI step 8 
[13:29:03.777] [INFO   ] creat AI step 9 
[13:29:03.776] [INFO   ] creat AI step 11 
[13:29:03.780] [INFO   ] creat AI step 3 
[13:29:03.780] [INFO   ] creat AI step 7 
[13:29:03.780] [INFO   ] KP step 1computer-0
[13:29:03.781] [INFO   ] KP step 7computer-0
[13:29:03.782] [INFO   ] creat AI step 8 
[13:29:03.782] [INFO   ] creat AI step 9 
[13:29:03.784] [INFO   ] KP step 12Thread-0
[13:29:03.782] [INFO   ] KP step 12Thread-1
[13:29:03.784] [INFO   ] KP step 11Thread-0
[13:29:03.784] [INFO   ] KP step 11Thread-1
[13:29:03.784] [INFO   ] creat AI step 10 
[13:29:03.784] [INFO   ] creat AI step 10 
[13:29:03.785] [INFO   ] creat AI step 11 
[13:29:03.785] [INFO   ] creat AI step 11 
[13:29:03.785] [INFO   ] creat AI step 3 
[13:29:03.786] [INFO   ] creat AI step 3 
[13:29:03.786] [INFO   ] creat AI step 7 
[13:29:03.786] [INFO   ] creat AI step 7 
[13:29:03.787] [INFO   ] KP step 1computer-0
[13:29:03.787] [INFO   ] KP step 1computer-1
[13:29:03.787] [INFO   ] KP step 7computer-0
[13:29:03.787] [INFO   ] KP step 7computer-1
[13:29:03.788] [INFO   ] creat AI step 8 
[13:29:03.788] [INFO   ] creat AI step 8 
[13:29:03.788] [INFO   ] creat AI step 9 
[13:29:03.788] [INFO   ] creat AI step 9 
[13:29:03.790] [INFO   ] KP step 12Thread-0
[13:29:03.790] [INFO   ] KP step 12Thread-1
[13:29:03.790] [INFO   ] KP step 11Thread-0
[13:29:03.791] [INFO   ] KP step 11Thread-1
[13:29:03.791] [INFO   ] creat AI step 10 
[13:29:03.791] [INFO   ] creat AI step 10 
[13:29:03.791] [INFO   ] creat AI step 11 
[13:29:03.791] [INFO   ] creat AI step 11 
[13:29:03.792] [INFO   ] creat AI step 3 
[13:29:03.792] [INFO   ] creat AI step 7 
[13:29:03.792] [INFO   ] creat AI step 3 
[13:29:03.793] [INFO   ] KP step 1computer-0
[13:29:03.793] [INFO   ] creat AI step 7 
[13:29:03.793] [INFO   ] KP step 7computer-0
[13:29:03.793] [INFO   ] KP step 1computer-1
[13:29:03.793] [INFO   ] creat AI step 8 
[13:29:03.794] [INFO   ] KP step 7computer-1
[13:29:03.794] [INFO   ] creat AI step 9 
[13:29:03.794] [INFO   ] creat AI step 8 
[13:29:03.795] [INFO   ] KP step 12Thread-0
[13:29:03.795] [INFO   ] creat AI step 9 
[13:29:03.795] [INFO   ] KP step 11Thread-0
[13:29:03.796] [INFO   ] KP step 12Thread-1
[13:29:03.796] [INFO   ] creat AI step 10 
[13:29:03.796] [INFO   ] creat AI step 11 
[13:29:03.796] [INFO   ] creat AI step 3 
[13:29:03.797] [INFO   ] creat AI step 4 
[13:29:03.797] [INFO   ] place card step 0 
[13:29:03.797] [INFO   ] KP step 11Thread-1
[13:29:03.798] [INFO   ] creat AI step 10 
[13:29:03.798] [INFO   ] place card step 1 
[13:29:03.797] [INFO   ] creat AI step 5 
[13:29:03.798] [INFO   ] creat AI step 11 
[13:29:03.799] [INFO   ] creat AI step 3 
[13:29:03.799] [INFO   ] creat AI step 4 
[13:29:03.800] [INFO   ] creat AI step 5 
[13:29:03.905] [SEVERE ] placing card 8 in slot 0
[13:29:04.012] [SEVERE ] placing card 80 in slot 1
[13:29:04.120] [SEVERE ] placing card 71 in slot 2
[13:29:04.227] [SEVERE ] placing card 68 in slot 3
[13:29:04.334] [SEVERE ] placing card 30 in slot 4
[13:29:04.443] [SEVERE ] placing card 10 in slot 5
[13:29:04.550] [SEVERE ] placing card 21 in slot 6
[13:29:04.660] [SEVERE ] placing card 16 in slot 7
[13:29:04.767] [SEVERE ] placing card 43 in slot 8
[13:29:04.875] [SEVERE ] placing card 62 in slot 9
[13:29:04.984] [SEVERE ] placing card 60 in slot 10
[13:29:05.094] [SEVERE ] placing card 67 in slot 11
[13:29:05.095] [INFO   ] place card step 2 
[13:29:05.095] [INFO   ] place card step 3 
[13:29:05.101] [INFO   ] place card step 5 
[13:29:05.101] [INFO   ] place card step 6 
[13:29:05.101] [INFO   ] place card step 7 
[13:29:05.101] [INFO   ] place card step 8 
[13:29:05.102] [SEVERE ] updating countdown to 58466
[13:29:05.103] [INFO   ] thread dealer start remove cards.
[13:29:05.104] [INFO   ] creat AI step 6 
[13:29:05.105] [INFO   ] creat AI step 6 
[13:29:05.105] [INFO   ] creat AI step 7 
[13:29:05.106] [INFO   ] KP step 1computer-0
[13:29:05.106] [INFO   ] creat AI step 7 
[13:29:05.106] [INFO   ] KP step 2computer-0
[13:29:05.106] [INFO   ] KP step 1computer-1
[13:29:05.107] [INFO   ] KP step 2computer-1
[13:29:05.108] [INFO   ] KP step 4computer-1
[13:29:05.108] [INFO   ] KP step 5computer-1
[13:29:05.108] [SEVERE ] player 2 placing token on slot 3
[13:29:05.109] [INFO   ] KP step 6computer-1
[13:29:05.109] [INFO   ] KP step 7computer-1
[13:29:05.109] [INFO   ] creat AI step 8 
[13:29:05.109] [INFO   ] creat AI step 9 
[13:29:05.107] [INFO   ] KP step 4computer-0
[13:29:05.112] [INFO   ] KP step 12Thread-1
[13:29:05.113] [INFO   ] KP step 5computer-0
[13:29:05.113] [INFO   ] KP step 11Thread-1
[13:29:05.114] [SEVERE ] player 1 placing token on slot 3
[13:29:05.114] [INFO   ] creat AI step 10 
[13:29:05.115] [INFO   ] KP step 6computer-0
[13:29:05.115] [INFO   ] creat AI step 11 
[13:29:05.115] [INFO   ] KP step 7computer-0
[13:29:05.115] [INFO   ] creat AI step 3 
[13:29:05.116] [INFO   ] creat AI step 8 
[13:29:05.116] [INFO   ] creat AI step 7 
[13:29:05.117] [INFO   ] KP step 1computer-1
[13:29:05.117] [INFO   ] KP step 2computer-1
[13:29:05.117] [INFO   ] KP step 3computer-1
[13:29:05.117] [SEVERE ] removing player 2 token from slot 3
[13:29:05.118] [INFO   ] KP step 7computer-1
[13:29:05.118] [INFO   ] creat AI step 8 
[13:29:05.118] [INFO   ] creat AI step 9 
[13:29:05.116] [INFO   ] creat AI step 9 
[13:29:05.126] [INFO   ] KP step 12Thread-0
[13:29:05.127] [INFO   ] KP step 11Thread-0
[13:29:05.126] [INFO   ] KP step 12Thread-1
[13:29:05.133] [INFO   ] KP step 11Thread-1
[13:29:05.133] [INFO   ] creat AI step 10 
[13:29:05.133] [INFO   ] creat AI step 10 
[13:29:05.133] [INFO   ] creat AI step 11 
[13:29:05.134] [INFO   ] creat AI step 11 
[13:29:05.134] [INFO   ] creat AI step 3 
[13:29:05.134] [INFO   ] creat AI step 3 
[13:29:05.135] [INFO   ] creat AI step 7 
[13:29:05.135] [INFO   ] creat AI step 7 
[13:29:05.135] [INFO   ] KP step 1computer-0
[13:29:05.135] [INFO   ] KP step 1computer-1
[13:29:05.136] [INFO   ] KP step 2computer-1
[13:29:05.136] [INFO   ] KP step 4computer-1
[13:29:05.136] [INFO   ] KP step 2computer-0
[13:29:05.136] [INFO   ] KP step 5computer-1
[13:29:05.137] [SEVERE ] player 2 placing token on slot 2
[13:29:05.137] [INFO   ] KP step 6computer-1
[13:29:05.137] [INFO   ] KP step 7computer-1
[13:29:05.137] [INFO   ] creat AI step 8 
[13:29:05.138] [INFO   ] creat AI step 9 
[13:29:05.137] [INFO   ] KP step 4computer-0
[13:29:05.138] [INFO   ] KP step 5computer-0
[13:29:05.138] [SEVERE ] player 1 placing token on slot 5
[13:29:05.138] [INFO   ] KP step 12Thread-1
[13:29:05.140] [INFO   ] KP step 11Thread-1
[13:29:05.141] [INFO   ] creat AI step 10 
[13:29:05.141] [INFO   ] creat AI step 11 
[13:29:05.141] [INFO   ] creat AI step 3 
[13:29:05.141] [INFO   ] creat AI step 7 
[13:29:05.141] [INFO   ] KP step 1computer-1
[13:29:05.141] [INFO   ] KP step 2computer-1
[13:29:05.141] [INFO   ] KP step 4computer-1
[13:29:05.142] [INFO   ] KP step 5computer-1
[13:29:05.140] [INFO   ] KP step 6computer-0
[13:29:05.142] [INFO   ] KP step 7computer-0
[13:29:05.142] [SEVERE ] player 2 placing token on slot 0
[13:29:05.142] [INFO   ] creat AI step 8 
[13:29:05.142] [INFO   ] KP step 6computer-1
[13:29:05.143] [INFO   ] KP step 7computer-1
[13:29:05.143] [INFO   ] creat AI step 8 
[13:29:05.144] [INFO   ] creat AI step 9 
[13:29:05.142] [INFO   ] creat AI step 9 
[13:29:05.146] [INFO   ] KP step 12Thread-1
[13:29:05.146] [INFO   ] KP step 11Thread-1
[13:29:05.146] [INFO   ] KP step 12Thread-0
[13:29:05.146] [INFO   ] creat AI step 10 
[13:29:05.147] [INFO   ] KP step 11Thread-0
[13:29:05.147] [INFO   ] creat AI step 11 
[13:29:05.147] [INFO   ] creat AI step 3 
[13:29:05.148] [INFO   ] creat AI step 7 
[13:29:05.148] [INFO   ] KP step 1computer-1
[13:29:05.148] [INFO   ] KP step 2computer-1
[13:29:05.148] [INFO   ] KP step 4computer-1
[13:29:05.148] [INFO   ] KP step 5computer-1
[13:29:05.149] [SEVERE ] player 2 placing token on slot 3
[13:29:05.149] [INFO   ] KP step 6computer-1
[13:29:05.149] [INFO   ] KP step 7computer-1
[13:29:05.150] [INFO   ] creat AI step 8 
[13:29:05.150] [INFO   ] creat AI step 9 
[13:29:05.152] [INFO   ] creat AI step 10 
[13:29:05.154] [INFO   ] creat AI step 11 
[13:29:05.154] [INFO   ] KP step 12Thread-1
[13:29:05.155] [INFO   ] KP step 11Thread-1
[13:29:05.155] [INFO   ] creat AI step 10 
[13:29:05.155] [INFO   ] creat AI step 11 
[13:29:05.155] [INFO   ] creat AI step 3 
[13:29:05.155] [INFO   ] creat AI step 7 
[13:29:05.155] [INFO   ] KP step 1computer-1
[13:29:05.155] [INFO   ] KP step 2computer-1
[13:29:05.154] [INFO   ] creat AI step 3 
[13:29:05.156] [INFO   ] KP step 4computer-1
[13:29:05.156] [INFO   ] creat AI step 7 
[13:29:05.162] [INFO   ] KP step 1computer-0
[13:29:05.162] [INFO   ] KP step 2computer-0
[13:29:05.163] [INFO   ] KP step 4computer-0
[13:29:05.163] [INFO   ] KP step 5computer-0
[13:29:05.163] [SEVERE ] player 1 placing token on slot 10
[13:29:05.164] [INFO   ] KP step 6computer-0
[13:29:05.164] [INFO   ] KP step 7computer-0
[13:29:05.164] [INFO   ] creat AI step 8 
[13:29:05.164] [INFO   ] KP step 12Thread-0
[13:29:05.165] [INFO   ] KP step 11Thread-0
[13:29:05.165] [INFO   ] creat AI step 9 
[13:29:05.165] [INFO   ] KP step 12Thread-0
[13:29:05.165] [INFO   ] KP step 11Thread-0
[13:29:05.166] [INFO   ] creat AI step 10 
[13:29:05.166] [INFO   ] creat AI step 11 
[13:29:05.166] [INFO   ] creat AI step 3 
[13:29:05.166] [INFO   ] creat AI step 7 
[13:29:05.166] [INFO   ] KP step 1computer-0
[13:29:05.166] [INFO   ] KP step 2computer-0
[13:29:05.166] [INFO   ] KP step 4computer-0
[13:29:05.313] [INFO   ] thread dealer rm 1.
[13:29:05.313] [INFO   ] thread dealer rm 2.
[13:29:05.314] [INFO   ] thread dealerremove cards after lock.
[13:29:05.314] [INFO   ] remove  in the table step 1
[13:29:05.315] [INFO   ] remove  in the table step 2
[13:29:05.315] [INFO   ] penalty
[13:29:05.315] [SEVERE ] setting player 1 freeze to 3000
[13:29:06.326] [SEVERE ] setting player 1 freeze to 2000
[13:29:07.340] [SEVERE ] setting player 1 freeze to 1000
[13:29:08.350] [SEVERE ] setting player 1 freeze to 0
[13:29:08.350] [INFO   ] thread dealer rm penalty.
[13:29:08.351] [SEVERE ] removing player 1 token from slot 3
[13:29:08.351] [INFO   ] thread dealer rm remove token.
[13:29:08.351] [SEVERE ] removing player 1 token from slot 5
[13:29:08.351] [INFO   ] thread dealer rm remove token.
[13:29:08.351] [SEVERE ] removing player 1 token from slot 10
[13:29:08.352] [INFO   ] thread dealer rm remove token.
[13:29:08.352] [INFO   ] thread dealerremove cards before wake up player.
[13:29:08.352] [INFO   ] thread dealerremove cards after lock.
[13:29:08.352] [INFO   ] remove  in the table step 1
[13:29:08.352] [INFO   ] KP step 12Thread-0
[13:29:08.352] [INFO   ] thread Thread-0wip1
[13:29:08.353] [INFO   ] thread Thread-0wip2
[13:29:08.353] [INFO   ] KP step 8Thread-0
[13:29:08.352] [INFO   ] remove  in the table step 2
[13:29:08.353] [INFO   ] KP step 9Thread-0
[13:29:08.353] [INFO   ] KP step 10Thread-0
[13:29:08.354] [INFO   ] KP step 11Thread-0
[13:29:08.353] [INFO   ] penalty
[13:29:08.354] [SEVERE ] setting player 2 freeze to 3000
[13:29:09.365] [SEVERE ] setting player 2 freeze to 2000
[13:29:10.367] [SEVERE ] setting player 2 freeze to 1000
[13:29:11.380] [SEVERE ] setting player 2 freeze to 0
[13:29:11.381] [INFO   ] thread dealer rm penalty.
[13:29:11.381] [SEVERE ] removing player 2 token from slot 2
[13:29:11.381] [INFO   ] thread dealer rm remove token.
[13:29:11.381] [SEVERE ] removing player 2 token from slot 0
[13:29:11.381] [INFO   ] thread dealer rm remove token.
[13:29:11.381] [SEVERE ] removing player 2 token from slot 3
[13:29:11.381] [INFO   ] thread dealer rm remove token.
[13:29:11.381] [INFO   ] thread dealerremove cards before wake up player.
[13:29:11.381] [INFO   ] KP step 12Thread-1
[13:29:11.381] [INFO   ] thread Thread-1wip1
[13:29:11.381] [INFO   ] thread Thread-1wip2
[13:29:11.381] [INFO   ] KP step 8Thread-1
[13:29:11.381] [INFO   ] KP step 9Thread-1
[13:29:11.381] [INFO   ] KP step 10Thread-1
[13:29:11.381] [INFO   ] KP step 11Thread-1
[13:29:11.598] [INFO   ] place card step 0 
[13:29:11.598] [INFO   ] place card step 1 
[13:29:11.598] [INFO   ] place card step 2 
[13:29:11.598] [INFO   ] place card step 3 
[13:29:11.602] [INFO   ] place card step 5 
[13:29:11.602] [INFO   ] place card step 6 
[13:29:11.602] [INFO   ] place card step 7 
[13:29:11.602] [INFO   ] place card step 8 
[13:29:11.602] [SEVERE ] updating countdown to 51965
[13:29:11.602] [INFO   ] thread dealer start remove cards.
[13:29:11.817] [INFO   ] thread dealer rm 1.
[13:29:11.817] [INFO   ] thread dealer rm 2.
[13:29:11.817] [INFO   ] thread dealerremove cards after lock.
[13:29:11.817] [INFO   ] remove  in the table step 1
[13:29:11.817] [INFO   ] remove  in the table step 2
[13:29:11.818] [INFO   ] penalty
[13:29:11.818] [SEVERE ] setting player 1 freeze to 3000
[13:29:12.826] [SEVERE ] setting player 1 freeze to 2000
[13:29:13.837] [SEVERE ] setting player 1 freeze to 1000
[13:29:14.849] [SEVERE ] setting player 1 freeze to 0
[13:29:14.850] [INFO   ] thread dealer rm penalty.
[13:29:14.850] [INFO   ] thread dealerremove cards before wake up player.
[13:29:14.850] [INFO   ] thread dealerremove cards after lock.
[13:29:14.850] [INFO   ] remove  in the table step 1
[13:29:14.850] [INFO   ] KP step 12Thread-0
[13:29:14.850] [INFO   ] thread Thread-0wip1
[13:29:14.850] [INFO   ] remove  in the table step 2
[13:29:14.850] [INFO   ] thread Thread-0wip2
[13:29:14.850] [INFO   ] KP step 8Thread-0
[13:29:14.850] [INFO   ] KP step 9Thread-0
[13:29:14.850] [INFO   ] KP step 10Thread-0
[13:29:14.850] [INFO   ] penalty
[13:29:14.850] [INFO   ] KP step 11Thread-0
[13:29:14.851] [SEVERE ] setting player 2 freeze to 3000
[13:29:15.862] [SEVERE ] setting player 2 freeze to 2000
[13:29:16.877] [SEVERE ] setting player 2 freeze to 1000
[13:29:17.887] [SEVERE ] setting player 2 freeze to 0
[13:29:17.887] [INFO   ] thread dealer rm penalty.
[13:29:17.887] [INFO   ] thread dealerremove cards before wake up player.
[13:29:17.888] [INFO   ] KP step 12Thread-1
[13:29:17.888] [INFO   ] thread Thread-1wip1
[13:29:17.888] [INFO   ] thread Thread-1wip2
[13:29:17.888] [INFO   ] KP step 8Thread-1
[13:29:17.888] [INFO   ] KP step 9Thread-1
[13:29:17.888] [INFO   ] KP step 10Thread-1
[13:29:17.888] [INFO   ] KP step 11Thread-1
[13:29:18.105] [INFO   ] place card step 0 
[13:29:18.105] [INFO   ] place card step 1 
[13:29:18.105] [INFO   ] place card step 2 
[13:29:18.105] [INFO   ] place card step 3 
[13:29:18.108] [INFO   ] place card step 5 
[13:29:18.108] [INFO   ] place card step 6 
[13:29:18.108] [INFO   ] place card step 7 
[13:29:18.108] [INFO   ] place card step 8 
[13:29:18.108] [SEVERE ] updating countdown to 45459
[13:29:18.108] [INFO   ] thread dealer start remove cards.
[13:29:18.324] [INFO   ] thread dealer rm 1.
[13:29:18.324] [INFO   ] thread dealer rm 2.
[13:29:18.324] [INFO   ] thread dealerremove cards after lock.
[13:29:18.324] [INFO   ] remove  in the table step 1
[13:29:18.324] [INFO   ] remove  in the table step 2
[13:29:18.325] [INFO   ] penalty
[13:29:18.325] [SEVERE ] setting player 1 freeze to 3000
[13:29:19.337] [SEVERE ] setting player 1 freeze to 2000
[13:29:20.348] [SEVERE ] setting player 1 freeze to 1000
[13:29:21.360] [SEVERE ] setting player 1 freeze to 0
[13:29:21.361] [INFO   ] thread dealer rm penalty.
[13:29:21.361] [INFO   ] thread dealerremove cards before wake up player.
[13:29:21.361] [INFO   ] thread dealerremove cards after lock.
[13:29:21.361] [INFO   ] remove  in the table step 1
[13:29:21.361] [INFO   ] remove  in the table step 2
[13:29:21.361] [INFO   ] KP step 12Thread-0
[13:29:21.361] [INFO   ] thread Thread-0wip1
[13:29:21.361] [INFO   ] thread Thread-0wip2
[13:29:21.361] [INFO   ] KP step 8Thread-0
[13:29:21.361] [INFO   ] penalty
[13:29:21.361] [SEVERE ] setting player 2 freeze to 3000
[13:29:21.361] [INFO   ] KP step 9Thread-0
[13:29:21.361] [INFO   ] KP step 10Thread-0
[13:29:21.362] [INFO   ] KP step 11Thread-0
[13:29:22.372] [SEVERE ] setting player 2 freeze to 2000
[13:29:23.384] [SEVERE ] setting player 2 freeze to 1000
[13:29:24.390] [SEVERE ] setting player 2 freeze to 0
[13:29:24.391] [INFO   ] thread dealer rm penalty.
[13:29:24.391] [INFO   ] thread dealerremove cards before wake up player.
[13:29:24.391] [INFO   ] KP step 12Thread-1
[13:29:24.391] [INFO   ] thread Thread-1wip1
[13:29:24.391] [INFO   ] thread Thread-1wip2
[13:29:24.391] [INFO   ] KP step 8Thread-1
[13:29:24.391] [INFO   ] KP step 9Thread-1
[13:29:24.391] [INFO   ] KP step 10Thread-1
[13:29:24.391] [INFO   ] KP step 11Thread-1
[13:29:24.608] [INFO   ] place card step 0 
[13:29:24.608] [INFO   ] place card step 1 
[13:29:24.608] [INFO   ] place card step 2 
[13:29:24.608] [INFO   ] place card step 3 
[13:29:24.611] [INFO   ] place card step 5 
[13:29:24.611] [INFO   ] place card step 6 
[13:29:24.611] [INFO   ] place card step 7 
[13:29:24.611] [INFO   ] place card step 8 
[13:29:24.611] [SEVERE ] updating countdown to 38956
[13:29:24.612] [INFO   ] thread dealer start remove cards.
[13:29:24.825] [INFO   ] thread dealer rm 1.
[13:29:24.825] [INFO   ] thread dealer rm 2.
[13:29:24.825] [INFO   ] thread dealerremove cards after lock.
[13:29:24.825] [INFO   ] remove  in the table step 1
[13:29:24.825] [INFO   ] remove  in the table step 2
[13:29:24.825] [INFO   ] penalty
[13:29:24.825] [SEVERE ] setting player 1 freeze to 3000
[13:29:25.841] [SEVERE ] setting player 1 freeze to 2000
[13:29:26.848] [SEVERE ] setting player 1 freeze to 1000
[13:29:27.861] [SEVERE ] setting player 1 freeze to 0
[13:29:27.861] [INFO   ] thread dealer rm penalty.
[13:29:27.862] [INFO   ] thread dealerremove cards before wake up player.
[13:29:27.862] [INFO   ] thread dealerremove cards after lock.
[13:29:27.862] [INFO   ] remove  in the table step 1
[13:29:27.862] [INFO   ] KP step 12Thread-0
[13:29:27.862] [INFO   ] remove  in the table step 2
[13:29:27.862] [INFO   ] thread Thread-0wip1
[13:29:27.862] [INFO   ] penalty
[13:29:27.863] [INFO   ] thread Thread-0wip2
[13:29:27.863] [SEVERE ] setting player 2 freeze to 3000
[13:29:27.863] [INFO   ] KP step 8Thread-0
[13:29:27.863] [INFO   ] KP step 9Thread-0
[13:29:27.863] [INFO   ] KP step 10Thread-0
[13:29:27.863] [INFO   ] KP step 11Thread-0
[13:29:28.873] [SEVERE ] setting player 2 freeze to 2000
[13:29:29.882] [SEVERE ] setting player 2 freeze to 1000
[13:29:30.891] [SEVERE ] setting player 2 freeze to 0
[13:29:30.891] [INFO   ] thread dealer rm penalty.
[13:29:30.891] [INFO   ] thread dealerremove cards before wake up player.
[13:29:30.892] [INFO   ] KP step 12Thread-1
[13:29:30.892] [INFO   ] thread Thread-1wip1
[13:29:30.892] [INFO   ] thread Thread-1wip2
[13:29:30.892] [INFO   ] KP step 8Thread-1
[13:29:30.892] [INFO   ] KP step 9Thread-1
[13:29:30.892] [INFO   ] KP step 10Thread-1
[13:29:30.892] [INFO   ] KP step 11Thread-1
[13:29:31.110] [INFO   ] place card step 0 
[13:29:31.110] [INFO   ] place card step 1 
[13:29:31.110] [INFO   ] place card step 2 
[13:29:31.110] [INFO   ] place card step 3 
[13:29:31.112] [INFO   ] place card step 5 
[13:29:31.112] [INFO   ] place card step 6 
[13:29:31.113] [INFO   ] place card step 7 
[13:29:31.113] [INFO   ] place card step 8 
[13:29:31.113] [SEVERE ] updating countdown to 32454
[13:29:31.113] [INFO   ] thread dealer start remove cards.
[13:29:31.328] [INFO   ] thread dealer rm 1.
[13:29:31.328] [INFO   ] thread dealer rm 2.
[13:29:31.328] [INFO   ] thread dealerremove cards after lock.
[13:29:31.328] [INFO   ] remove  in the table step 1
[13:29:31.328] [INFO   ] remove  in the table step 2
[13:29:31.328] [INFO   ] penalty
[13:29:31.328] [SEVERE ] setting player 1 freeze to 3000
[13:29:32.337] [SEVERE ] setting player 1 freeze to 2000
[13:29:33.345] [SEVERE ] setting player 1 freeze to 1000
[13:29:34.358] [SEVERE ] setting player 1 freeze to 0
[13:29:34.359] [INFO   ] thread dealer rm penalty.
[13:29:34.359] [INFO   ] thread dealerremove cards before wake up player.
[13:29:34.359] [INFO   ] thread dealerremove cards after lock.
[13:29:34.359] [INFO   ] remove  in the table step 1
[13:29:34.359] [INFO   ] KP step 12Thread-0
[13:29:34.359] [INFO   ] thread Thread-0wip1
[13:29:34.359] [INFO   ] remove  in the table step 2
[13:29:34.360] [INFO   ] thread Thread-0wip2
[13:29:34.360] [INFO   ] KP step 8Thread-0
[13:29:34.360] [INFO   ] penalty
[13:29:34.361] [INFO   ] KP step 9Thread-0
[13:29:34.361] [SEVERE ] setting player 2 freeze to 3000
[13:29:34.361] [INFO   ] KP step 10Thread-0
[13:29:34.361] [INFO   ] KP step 11Thread-0
[13:29:35.369] [SEVERE ] setting player 2 freeze to 2000
[13:29:36.374] [SEVERE ] setting player 2 freeze to 1000
[13:29:37.381] [SEVERE ] setting player 2 freeze to 0
[13:29:37.382] [INFO   ] thread dealer rm penalty.
[13:29:37.382] [INFO   ] thread dealerremove cards before wake up player.
[13:29:37.382] [INFO   ] KP step 12Thread-1
[13:29:37.382] [INFO   ] thread Thread-1wip1
[13:29:37.382] [INFO   ] thread Thread-1wip2
[13:29:37.383] [INFO   ] KP step 8Thread-1
[13:29:37.383] [INFO   ] KP step 9Thread-1
[13:29:37.383] [INFO   ] KP step 10Thread-1
[13:29:37.383] [INFO   ] KP step 11Thread-1
[13:29:37.602] [INFO   ] place card step 0 
[13:29:37.602] [INFO   ] place card step 1 
[13:29:37.602] [INFO   ] place card step 2 
[13:29:37.602] [INFO   ] place card step 3 
[13:29:37.605] [INFO   ] place card step 5 
[13:29:37.605] [INFO   ] place card step 6 
[13:29:37.605] [INFO   ] place card step 7 
[13:29:37.605] [INFO   ] place card step 8 
[13:29:37.605] [SEVERE ] updating countdown to 25962
[13:29:37.606] [INFO   ] thread dealer start remove cards.
[13:29:37.820] [INFO   ] thread dealer rm 1.
[13:29:37.820] [INFO   ] thread dealer rm 2.
[13:29:37.820] [INFO   ] thread dealerremove cards after lock.
[13:29:37.821] [INFO   ] remove  in the table step 1
[13:29:37.821] [INFO   ] remove  in the table step 2
[13:29:37.821] [INFO   ] penalty
[13:29:37.821] [SEVERE ] setting player 1 freeze to 3000
[13:29:38.831] [SEVERE ] setting player 1 freeze to 2000
[13:29:39.839] [SEVERE ] setting player 1 freeze to 1000
[13:29:40.847] [SEVERE ] setting player 1 freeze to 0
[13:29:40.848] [INFO   ] thread dealer rm penalty.
[13:29:40.848] [INFO   ] thread dealerremove cards before wake up player.
[13:29:40.848] [INFO   ] thread dealerremove cards after lock.
[13:29:40.849] [INFO   ] remove  in the table step 1
[13:29:40.849] [INFO   ] remove  in the table step 2
[13:29:40.848] [INFO   ] KP step 12Thread-0
[13:29:40.849] [INFO   ] thread Thread-0wip1
[13:29:40.849] [INFO   ] thread Thread-0wip2
[13:29:40.849] [INFO   ] KP step 8Thread-0
[13:29:40.849] [INFO   ] penalty
[13:29:40.849] [INFO   ] KP step 9Thread-0
[13:29:40.849] [INFO   ] KP step 10Thread-0
[13:29:40.850] [INFO   ] KP step 11Thread-0
[13:29:40.849] [SEVERE ] setting player 2 freeze to 3000
[13:29:41.865] [SEVERE ] setting player 2 freeze to 2000
[13:29:42.877] [SEVERE ] setting player 2 freeze to 1000
[13:29:43.880] [SEVERE ] setting player 2 freeze to 0
[13:29:43.881] [INFO   ] thread dealer rm penalty.
[13:29:43.881] [INFO   ] thread dealerremove cards before wake up player.
[13:29:43.881] [INFO   ] KP step 12Thread-1
[13:29:43.882] [INFO   ] thread Thread-1wip1
[13:29:43.882] [INFO   ] thread Thread-1wip2
[13:29:43.882] [INFO   ] KP step 8Thread-1
[13:29:43.882] [INFO   ] KP step 9Thread-1
[13:29:43.882] [INFO   ] KP step 10Thread-1
[13:29:43.882] [INFO   ] KP step 11Thread-1
[13:29:44.098] [INFO   ] place card step 0 
[13:29:44.098] [INFO   ] place card step 1 
[13:29:44.098] [INFO   ] place card step 2 
[13:29:44.098] [INFO   ] place card step 3 
[13:29:44.100] [INFO   ] place card step 5 
[13:29:44.102] [INFO   ] place card step 6 
[13:29:44.102] [INFO   ] place card step 7 
[13:29:44.102] [INFO   ] place card step 8 
[13:29:44.102] [SEVERE ] updating countdown to 19465
[13:29:44.102] [INFO   ] thread dealer start remove cards.
[13:29:44.315] [INFO   ] thread dealer rm 1.
[13:29:44.315] [INFO   ] thread dealer rm 2.
[13:29:44.315] [INFO   ] thread dealerremove cards after lock.
[13:29:44.315] [INFO   ] remove  in the table step 1
[13:29:44.315] [INFO   ] remove  in the table step 2
[13:29:44.315] [INFO   ] penalty
[13:29:44.315] [SEVERE ] setting player 1 freeze to 3000
[13:29:45.327] [SEVERE ] setting player 1 freeze to 2000
[13:29:45.664] [SEVERE ] exit button pressed
[13:29:46.339] [SEVERE ] setting player 1 freeze to 1000
[13:29:47.352] [SEVERE ] setting player 1 freeze to 0
[13:29:47.352] [INFO   ] thread dealer rm penalty.
[13:29:47.352] [INFO   ] thread dealerremove cards before wake up player.
[13:29:47.352] [INFO   ] thread dealerremove cards after lock.
[13:29:47.352] [INFO   ] KP step 12Thread-0
[13:29:47.352] [INFO   ] remove  in the table step 1
[13:29:47.352] [INFO   ] thread Thread-0wip1
[13:29:47.352] [INFO   ] remove  in the table step 2
[13:29:47.353] [INFO   ] thread Thread-0wip2
[13:29:47.353] [INFO   ] penalty
[13:29:47.353] [INFO   ] KP step 8Thread-0
[13:29:47.354] [SEVERE ] setting player 2 freeze to 3000
[13:29:47.354] [INFO   ] KP step 9Thread-0
[13:29:47.355] [INFO   ] KP step 10Thread-0
[13:29:47.355] [INFO   ] KP step 11Thread-0
[13:29:48.358] [SEVERE ] setting player 2 freeze to 2000
[13:29:49.358] [SEVERE ] setting player 2 freeze to 1000
