[19:21:58.244] [INFO   ] thread main starting.
[19:21:58.258] [SEVERE ] cannot read configuration file config.properties trying from resources.
[19:21:58.260] [SEVERE ] configuration file was loaded from resources directory.
[19:21:58.906] [INFO   ] thread dealer starting.
[19:21:58.907] [INFO   ] thread dealer starting.
[19:21:58.908] [INFO   ] thread Thread-0 starting.
[19:21:58.909] [INFO   ] thread computer-0 starting.
[19:21:58.911] [INFO   ] thread Thread-1 starting.
[19:21:58.912] [INFO   ] thread computer-1 starting.
[19:21:58.912] [SEVERE ] updating countdown to 60000
[19:21:59.226] [SEVERE ] placing card 63 in slot 0
[19:21:59.327] [SEVERE ] placing card 13 in slot 1
[19:21:59.430] [SEVERE ] placing card 61 in slot 2
[19:21:59.539] [SEVERE ] placing card 35 in slot 3
[19:21:59.649] [SEVERE ] placing card 65 in slot 4
[19:21:59.758] [SEVERE ] placing card 14 in slot 5
[19:21:59.867] [SEVERE ] placing card 32 in slot 6
[19:21:59.977] [SEVERE ] placing card 12 in slot 7
[19:22:00.085] [SEVERE ] placing card 62 in slot 8
[19:22:00.193] [SEVERE ] placing card 8 in slot 9
[19:22:00.302] [SEVERE ] placing card 22 in slot 10
[19:22:00.409] [SEVERE ] placing card 6 in slot 11
[19:22:00.409] [SEVERE ] updating countdown to 58506
[19:22:00.769] [SEVERE ] player 2 placing token on slot 3
[19:22:00.769] [SEVERE ] player 1 placing token on slot 2
[19:22:01.126] [SEVERE ] player 1 placing token on slot 10
[19:22:01.126] [SEVERE ] player 2 placing token on slot 10
[19:22:01.422] [SEVERE ] updating countdown to 57493
[19:22:01.485] [SEVERE ] player 1 placing token on slot 0
[19:22:01.485] [SEVERE ] player 2 placing token on slot 2
[19:22:01.643] [INFO   ] remove  in the table step 1
[19:22:01.643] [INFO   ] remove  in the table step 2
[19:22:01.643] [SEVERE ] updating countdown to 57272
[19:22:01.645] [SEVERE ] removing player 1 token from slot 2
[19:22:01.645] [SEVERE ] updating countdown to 57270
[19:22:01.645] [SEVERE ] updating countdown to 57270
[19:22:01.645] [SEVERE ] removing player 1 token from slot 10
[19:22:01.646] [SEVERE ] updating countdown to 57269
[19:22:01.646] [SEVERE ] updating countdown to 57269
[19:22:01.647] [SEVERE ] removing player 1 token from slot 0
[19:22:01.648] [SEVERE ] updating countdown to 57267
[19:22:01.648] [INFO   ] thread dealerstep 2.
[19:22:01.648] [SEVERE ] updating countdown to 57267
[19:22:01.649] [INFO   ] remove  in the table step 1
[19:22:01.649] [INFO   ] remove  in the table step 2
[19:22:01.649] [INFO   ] thread Thread-0 player was notified by dealer.
[19:22:01.650] [SEVERE ] updating countdown to 57265
[19:22:01.650] [INFO   ] penalty
[19:22:01.651] [SEVERE ] removing player 2 token from slot 3
[19:22:01.652] [SEVERE ] setting player 1 freeze to 3000
[19:22:01.653] [SEVERE ] updating countdown to 57262
[19:22:01.654] [SEVERE ] updating countdown to 57261
[19:22:01.654] [SEVERE ] removing player 2 token from slot 10
[19:22:01.655] [SEVERE ] updating countdown to 57260
[19:22:01.655] [SEVERE ] updating countdown to 57260
[19:22:01.656] [SEVERE ] removing player 2 token from slot 2
[19:22:01.656] [SEVERE ] updating countdown to 57259
[19:22:01.657] [INFO   ] thread dealerstep 2.
[19:22:01.657] [SEVERE ] updating countdown to 57258
[19:22:01.658] [INFO   ] thread Thread-1 player was notified by dealer.
[19:22:01.658] [INFO   ] penalty
[19:22:01.659] [SEVERE ] setting player 2 freeze to 3000
[19:22:01.876] [SEVERE ] updating countdown to 57039
[19:22:02.666] [SEVERE ] setting player 2 freeze to 2000
[19:22:02.666] [SEVERE ] setting player 1 freeze to 2000
[19:22:02.884] [SEVERE ] updating countdown to 56031
[19:22:03.324] [SEVERE ] updating countdown to 55591
[19:22:03.668] [SEVERE ] setting player 1 freeze to 1000
[19:22:03.668] [SEVERE ] setting player 2 freeze to 1000
[19:22:04.336] [SEVERE ] updating countdown to 54579
[19:22:04.678] [SEVERE ] setting player 1 freeze to 0
[19:22:04.678] [SEVERE ] setting player 2 freeze to 0
[19:22:04.770] [SEVERE ] updating countdown to 54145
[19:22:05.128] [SEVERE ] player 2 placing token on slot 9
[19:22:05.128] [SEVERE ] player 1 placing token on slot 3
[19:22:05.487] [SEVERE ] player 1 placing token on slot 11
[19:22:05.487] [SEVERE ] player 2 placing token on slot 8
[19:22:05.782] [SEVERE ] updating countdown to 53133
[19:22:05.845] [SEVERE ] player 1 placing token on slot 1
[19:22:05.845] [SEVERE ] player 2 placing token on slot 6
[19:22:06.002] [INFO   ] remove  in the table step 1
[19:22:06.003] [INFO   ] remove  in the table step 2
[19:22:06.003] [SEVERE ] updating countdown to 52912
[19:22:06.003] [SEVERE ] removing player 1 token from slot 3
[19:22:06.003] [SEVERE ] updating countdown to 52912
[19:22:06.003] [SEVERE ] updating countdown to 52912
[19:22:06.003] [SEVERE ] removing player 1 token from slot 11
[19:22:06.004] [SEVERE ] updating countdown to 52911
[19:22:06.004] [SEVERE ] updating countdown to 52911
[19:22:06.004] [SEVERE ] removing player 1 token from slot 1
[19:22:06.004] [SEVERE ] updating countdown to 52911
[19:22:06.004] [INFO   ] thread dealerstep 2.
[19:22:06.004] [SEVERE ] updating countdown to 52911
[19:22:06.004] [INFO   ] remove  in the table step 1
[19:22:06.004] [INFO   ] thread Thread-0 player was notified by dealer.
[19:22:06.004] [INFO   ] remove  in the table step 2
[19:22:06.004] [INFO   ] penalty
[19:22:06.005] [SEVERE ] setting player 1 freeze to 3000
[19:22:06.005] [SEVERE ] updating countdown to 52910
[19:22:06.006] [SEVERE ] removing player 2 token from slot 9
[19:22:06.006] [SEVERE ] updating countdown to 52909
[19:22:06.006] [SEVERE ] updating countdown to 52909
[19:22:06.006] [SEVERE ] removing player 2 token from slot 8
[19:22:06.006] [SEVERE ] updating countdown to 52909
[19:22:06.006] [SEVERE ] updating countdown to 52909
[19:22:06.006] [SEVERE ] removing player 2 token from slot 6
[19:22:06.007] [SEVERE ] updating countdown to 52908
[19:22:06.007] [INFO   ] thread dealerstep 2.
[19:22:06.007] [SEVERE ] updating countdown to 52908
[19:22:06.007] [INFO   ] thread Thread-1 player was notified by dealer.
[19:22:06.007] [INFO   ] penalty
[19:22:06.007] [SEVERE ] setting player 2 freeze to 3000
[19:22:06.221] [SEVERE ] updating countdown to 52694
[19:22:07.014] [SEVERE ] setting player 2 freeze to 2000
[19:22:07.014] [SEVERE ] setting player 1 freeze to 2000
[19:22:07.231] [SEVERE ] updating countdown to 51684
[19:22:07.668] [SEVERE ] updating countdown to 51247
[19:22:08.030] [SEVERE ] setting player 2 freeze to 1000
[19:22:08.030] [SEVERE ] setting player 1 freeze to 1000
[19:22:08.681] [SEVERE ] updating countdown to 50234
[19:22:09.043] [SEVERE ] setting player 2 freeze to 0
[19:22:09.043] [SEVERE ] setting player 1 freeze to 0
[19:22:09.120] [SEVERE ] updating countdown to 49795
[19:22:09.479] [SEVERE ] player 2 placing token on slot 1
[19:22:09.479] [SEVERE ] player 1 placing token on slot 7
[19:22:09.835] [SEVERE ] removing player 1 token from slot 7
[19:22:09.835] [SEVERE ] player 2 placing token on slot 0
[19:22:10.130] [SEVERE ] updating countdown to 48785
[19:22:10.193] [SEVERE ] player 2 placing token on slot 10
[19:22:10.193] [SEVERE ] player 1 placing token on slot 5
[19:22:10.350] [INFO   ] remove  in the table step 1
[19:22:10.350] [INFO   ] remove  in the table step 2
[19:22:10.350] [SEVERE ] updating countdown to 48565
[19:22:10.350] [SEVERE ] removing player 2 token from slot 1
[19:22:10.350] [SEVERE ] updating countdown to 48565
[19:22:10.350] [SEVERE ] updating countdown to 48565
[19:22:10.351] [SEVERE ] removing player 2 token from slot 0
[19:22:10.351] [SEVERE ] updating countdown to 48564
[19:22:10.351] [SEVERE ] updating countdown to 48564
[19:22:10.351] [SEVERE ] removing player 2 token from slot 10
[19:22:10.351] [SEVERE ] updating countdown to 48564
[19:22:10.351] [INFO   ] thread dealerstep 2.
[19:22:10.351] [SEVERE ] updating countdown to 48564
[19:22:10.351] [INFO   ] thread Thread-1 player was notified by dealer.
[19:22:10.351] [INFO   ] penalty
[19:22:10.352] [SEVERE ] setting player 2 freeze to 3000
[19:22:10.553] [SEVERE ] player 1 placing token on slot 3
[19:22:10.567] [SEVERE ] updating countdown to 48348
[19:22:10.912] [SEVERE ] player 1 placing token on slot 11
[19:22:10.912] [SEVERE ] updating countdown to 48003
[19:22:11.127] [INFO   ] remove  in the table step 1
[19:22:11.127] [INFO   ] remove  in the table step 2
[19:22:11.128] [SEVERE ] updating countdown to 47787
[19:22:11.128] [SEVERE ] removing player 1 token from slot 5
[19:22:11.128] [SEVERE ] updating countdown to 47787
[19:22:11.128] [SEVERE ] updating countdown to 47787
[19:22:11.128] [SEVERE ] removing player 1 token from slot 3
[19:22:11.129] [SEVERE ] updating countdown to 47786
[19:22:11.129] [SEVERE ] updating countdown to 47786
[19:22:11.129] [SEVERE ] removing player 1 token from slot 11
[19:22:11.129] [SEVERE ] updating countdown to 47786
[19:22:11.129] [INFO   ] thread dealerstep 2.
[19:22:11.130] [SEVERE ] updating countdown to 47785
[19:22:11.130] [INFO   ] thread Thread-0 player was notified by dealer.
[19:22:11.131] [INFO   ] penalty
[19:22:11.131] [SEVERE ] setting player 1 freeze to 3000
[19:22:11.344] [SEVERE ] updating countdown to 47571
[19:22:11.359] [SEVERE ] setting player 2 freeze to 2000
[19:22:12.134] [SEVERE ] setting player 1 freeze to 2000
[19:22:12.354] [SEVERE ] updating countdown to 46561
[19:22:12.369] [SEVERE ] setting player 2 freeze to 1000
[19:22:12.787] [SEVERE ] updating countdown to 46128
[19:22:13.144] [SEVERE ] setting player 1 freeze to 1000
[19:22:13.379] [SEVERE ] setting player 2 freeze to 0
[19:22:13.732] [SEVERE ] player 2 placing token on slot 9
[19:22:13.795] [SEVERE ] updating countdown to 45120
[19:22:14.152] [SEVERE ] setting player 1 freeze to 0
[19:22:14.229] [SEVERE ] updating countdown to 44686
[19:22:14.588] [SEVERE ] player 1 placing token on slot 0
[19:22:14.588] [SEVERE ] player 2 placing token on slot 7
[19:22:14.944] [SEVERE ] player 2 placing token on slot 0
[19:22:14.944] [SEVERE ] player 1 placing token on slot 7
[19:22:14.944] [SEVERE ] updating countdown to 43971
[19:22:15.160] [INFO   ] remove  in the table step 1
[19:22:15.160] [INFO   ] remove  in the table step 2
[19:22:15.160] [SEVERE ] updating countdown to 43755
[19:22:15.160] [SEVERE ] removing player 2 token from slot 9
[19:22:15.162] [SEVERE ] updating countdown to 43753
[19:22:15.162] [SEVERE ] updating countdown to 43753
[19:22:15.162] [SEVERE ] removing player 2 token from slot 7
[19:22:15.162] [SEVERE ] updating countdown to 43753
[19:22:15.162] [SEVERE ] updating countdown to 43753
[19:22:15.162] [SEVERE ] removing player 2 token from slot 0
[19:22:15.162] [SEVERE ] updating countdown to 43753
[19:22:15.163] [INFO   ] thread dealerstep 2.
[19:22:15.163] [SEVERE ] updating countdown to 43752
[19:22:15.163] [INFO   ] thread Thread-1 player was notified by dealer.
[19:22:15.163] [INFO   ] penalty
[19:22:15.165] [SEVERE ] setting player 2 freeze to 3000
[19:22:15.300] [SEVERE ] player 1 placing token on slot 5
[19:22:15.379] [SEVERE ] updating countdown to 43536
[19:22:15.380] [SEVERE ] updating countdown to 43535
[19:22:15.596] [INFO   ] remove  in the table step 1
[19:22:15.596] [INFO   ] remove  in the table step 2
[19:22:15.596] [SEVERE ] updating countdown to 43319
[19:22:15.596] [SEVERE ] removing player 1 token from slot 0
[19:22:15.597] [SEVERE ] updating countdown to 43318
[19:22:15.597] [SEVERE ] updating countdown to 43318
[19:22:15.597] [SEVERE ] removing player 1 token from slot 7
[19:22:15.598] [SEVERE ] updating countdown to 43317
[19:22:15.599] [SEVERE ] updating countdown to 43316
[19:22:15.599] [SEVERE ] removing player 1 token from slot 5
[19:22:15.599] [SEVERE ] updating countdown to 43316
[19:22:15.599] [INFO   ] thread dealerstep 2.
[19:22:15.600] [SEVERE ] updating countdown to 43315
[19:22:15.600] [INFO   ] thread Thread-0 player was notified by dealer.
[19:22:15.600] [INFO   ] penalty
[19:22:15.600] [SEVERE ] setting player 1 freeze to 3000
[19:22:15.813] [SEVERE ] updating countdown to 43102
[19:22:16.173] [SEVERE ] setting player 2 freeze to 2000
[19:22:16.614] [SEVERE ] setting player 1 freeze to 2000
[19:22:16.815] [SEVERE ] updating countdown to 42100
[19:22:17.175] [SEVERE ] setting player 2 freeze to 1000
[19:22:17.253] [SEVERE ] updating countdown to 41662
[19:22:17.629] [SEVERE ] setting player 1 freeze to 1000
[19:22:18.188] [SEVERE ] setting player 2 freeze to 0
[19:22:18.265] [SEVERE ] updating countdown to 40650
[19:22:18.636] [SEVERE ] setting player 1 freeze to 0
[19:22:18.699] [SEVERE ] updating countdown to 40216
[19:22:19.058] [SEVERE ] player 1 placing token on slot 5
[19:22:19.058] [SEVERE ] player 2 placing token on slot 6
[19:22:19.416] [SEVERE ] player 2 placing token on slot 9
[19:22:19.416] [SEVERE ] player 1 placing token on slot 4
[19:22:19.712] [SEVERE ] updating countdown to 39203
[19:22:19.775] [SEVERE ] player 1 placing token on slot 8
[19:22:19.775] [SEVERE ] player 2 placing token on slot 10
[19:22:19.932] [INFO   ] remove  in the table step 1
[19:22:19.932] [INFO   ] remove  in the table step 2
[19:22:19.932] [SEVERE ] updating countdown to 38983
[19:22:19.932] [SEVERE ] removing player 1 token from slot 5
[19:22:19.933] [SEVERE ] updating countdown to 38982
[19:22:19.933] [SEVERE ] updating countdown to 38982
[19:22:19.934] [SEVERE ] removing player 1 token from slot 4
[19:22:19.934] [SEVERE ] updating countdown to 38981
[19:22:19.934] [SEVERE ] updating countdown to 38981
[19:22:19.935] [SEVERE ] removing player 1 token from slot 8
[19:22:19.935] [SEVERE ] updating countdown to 38980
[19:22:19.935] [INFO   ] thread dealerstep 2.
[19:22:19.935] [SEVERE ] updating countdown to 38980
[19:22:19.935] [INFO   ] remove  in the table step 1
[19:22:19.936] [INFO   ] remove  in the table step 2
[19:22:19.936] [SEVERE ] updating countdown to 38979
[19:22:19.936] [SEVERE ] removing player 2 token from slot 6
[19:22:19.936] [SEVERE ] updating countdown to 38979
[19:22:19.937] [SEVERE ] updating countdown to 38978
[19:22:19.936] [INFO   ] thread Thread-0 player was notified by dealer.
[19:22:19.937] [SEVERE ] removing player 2 token from slot 9
[19:22:19.937] [INFO   ] penalty
[19:22:19.938] [SEVERE ] updating countdown to 38977
[19:22:19.938] [SEVERE ] updating countdown to 38977
[19:22:19.938] [SEVERE ] setting player 1 freeze to 3000
[19:22:19.938] [SEVERE ] removing player 2 token from slot 10
[19:22:19.939] [SEVERE ] updating countdown to 38976
[19:22:19.939] [INFO   ] thread dealerstep 2.
[19:22:19.939] [SEVERE ] updating countdown to 38976
[19:22:19.939] [INFO   ] thread Thread-1 player was notified by dealer.
[19:22:19.939] [INFO   ] penalty
[19:22:19.940] [SEVERE ] setting player 2 freeze to 3000
[19:22:20.147] [SEVERE ] updating countdown to 38768
[19:22:20.943] [SEVERE ] setting player 1 freeze to 2000
[19:22:20.943] [SEVERE ] setting player 2 freeze to 2000
[19:22:21.159] [SEVERE ] updating countdown to 37756
[19:22:21.596] [SEVERE ] updating countdown to 37319
[19:22:21.956] [SEVERE ] setting player 2 freeze to 1000
[19:22:21.956] [SEVERE ] setting player 1 freeze to 1000
[19:22:22.605] [SEVERE ] updating countdown to 36310
[19:22:22.963] [SEVERE ] setting player 2 freeze to 0
[19:22:22.963] [SEVERE ] setting player 1 freeze to 0
[19:22:23.041] [SEVERE ] updating countdown to 35874
[19:22:23.402] [SEVERE ] player 2 placing token on slot 11
[19:22:23.402] [SEVERE ] player 1 placing token on slot 4
[19:22:23.758] [SEVERE ] player 1 placing token on slot 11
[19:22:23.758] [SEVERE ] player 2 placing token on slot 1
[19:22:24.053] [SEVERE ] updating countdown to 34862
[19:22:24.116] [SEVERE ] removing player 1 token from slot 4
[19:22:24.116] [SEVERE ] player 2 placing token on slot 9
[19:22:24.274] [INFO   ] remove  in the table step 1
[19:22:24.274] [INFO   ] remove  in the table step 2
[19:22:24.274] [SEVERE ] updating countdown to 34641
[19:22:24.274] [SEVERE ] removing player 2 token from slot 11
[19:22:24.275] [SEVERE ] updating countdown to 34640
[19:22:24.275] [SEVERE ] updating countdown to 34640
[19:22:24.275] [SEVERE ] removing player 2 token from slot 1
[19:22:24.275] [SEVERE ] updating countdown to 34640
[19:22:24.275] [SEVERE ] updating countdown to 34640
[19:22:24.275] [SEVERE ] removing player 2 token from slot 9
[19:22:24.276] [SEVERE ] updating countdown to 34639
[19:22:24.276] [INFO   ] thread dealerstep 2.
[19:22:24.276] [SEVERE ] updating countdown to 34639
[19:22:24.276] [INFO   ] thread Thread-1 player was notified by dealer.
[19:22:24.276] [INFO   ] penalty
[19:22:24.276] [SEVERE ] setting player 2 freeze to 3000
[19:22:24.473] [SEVERE ] player 1 placing token on slot 0
[19:22:24.488] [SEVERE ] updating countdown to 34427
[19:22:24.832] [SEVERE ] removing player 1 token from slot 0
[19:22:25.188] [SEVERE ] player 1 placing token on slot 0
[19:22:25.282] [SEVERE ] setting player 2 freeze to 2000
[19:22:25.501] [SEVERE ] updating countdown to 33414
[19:22:25.547] [SEVERE ] player 1 placing token on slot 10
[19:22:25.718] [INFO   ] remove  in the table step 1
[19:22:25.718] [INFO   ] remove  in the table step 2
[19:22:25.718] [SEVERE ] updating countdown to 33197
[19:22:25.718] [SEVERE ] removing player 1 token from slot 11
[19:22:25.719] [SEVERE ] updating countdown to 33196
[19:22:25.719] [SEVERE ] updating countdown to 33196
[19:22:25.719] [SEVERE ] removing player 1 token from slot 0
[19:22:25.719] [SEVERE ] updating countdown to 33196
[19:22:25.719] [SEVERE ] updating countdown to 33196
[19:22:25.720] [SEVERE ] removing player 1 token from slot 10
[19:22:25.720] [SEVERE ] updating countdown to 33195
[19:22:25.720] [INFO   ] thread dealerstep 2.
[19:22:25.720] [SEVERE ] updating countdown to 33195
[19:22:25.720] [INFO   ] thread Thread-0 player was notified by dealer.
[19:22:25.720] [INFO   ] penalty
[19:22:25.720] [SEVERE ] setting player 1 freeze to 3000
[19:22:25.936] [SEVERE ] updating countdown to 32979
[19:22:26.297] [SEVERE ] setting player 2 freeze to 1000
[19:22:26.733] [SEVERE ] setting player 1 freeze to 2000
[19:22:26.938] [SEVERE ] updating countdown to 31977
[19:22:27.310] [SEVERE ] setting player 2 freeze to 0
[19:22:27.373] [SEVERE ] updating countdown to 31542
[19:22:27.731] [SEVERE ] player 2 placing token on slot 8
[19:22:27.747] [SEVERE ] setting player 1 freeze to 1000
[19:22:28.088] [SEVERE ] player 2 placing token on slot 5
[19:22:28.385] [SEVERE ] updating countdown to 30530
[19:22:28.447] [SEVERE ] removing player 2 token from slot 8
[19:22:28.762] [SEVERE ] setting player 1 freeze to 0
[19:22:28.823] [SEVERE ] updating countdown to 30092
[19:22:29.178] [SEVERE ] player 1 placing token on slot 6
[19:22:29.178] [SEVERE ] player 2 placing token on slot 6
[19:22:29.537] [SEVERE ] player 1 placing token on slot 11
[19:22:29.537] [SEVERE ] player 2 placing token on slot 1
[19:22:29.538] [SEVERE ] updating countdown to 29377
[19:22:29.757] [INFO   ] remove  in the table step 1
[19:22:29.757] [INFO   ] remove  in the table step 2
[19:22:29.757] [SEVERE ] updating countdown to 29158
[19:22:29.757] [SEVERE ] removing player 2 token from slot 5
[19:22:29.758] [SEVERE ] updating countdown to 29157
[19:22:29.758] [SEVERE ] updating countdown to 29157
[19:22:29.758] [SEVERE ] removing player 2 token from slot 6
[19:22:29.759] [SEVERE ] updating countdown to 29156
[19:22:29.759] [SEVERE ] updating countdown to 29156
[19:22:29.759] [SEVERE ] removing player 2 token from slot 1
[19:22:29.759] [SEVERE ] updating countdown to 29156
[19:22:29.759] [INFO   ] thread dealerstep 2.
[19:22:29.759] [SEVERE ] updating countdown to 29156
[19:22:29.759] [INFO   ] thread Thread-1 player was notified by dealer.
[19:22:29.759] [INFO   ] penalty
[19:22:29.760] [SEVERE ] setting player 2 freeze to 3000
[19:22:29.897] [SEVERE ] player 1 placing token on slot 0
[19:22:29.974] [SEVERE ] updating countdown to 28941
[19:22:29.975] [SEVERE ] updating countdown to 28940
[19:22:30.192] [INFO   ] remove  in the table step 1
[19:22:30.192] [INFO   ] remove  in the table step 2
[19:22:30.192] [SEVERE ] updating countdown to 28723
[19:22:30.192] [SEVERE ] removing player 1 token from slot 6
[19:22:30.192] [SEVERE ] updating countdown to 28723
[19:22:30.192] [SEVERE ] updating countdown to 28723
[19:22:30.192] [SEVERE ] removing player 1 token from slot 11
[19:22:30.192] [SEVERE ] updating countdown to 28723
[19:22:30.192] [SEVERE ] updating countdown to 28723
[19:22:30.192] [SEVERE ] removing player 1 token from slot 0
[19:22:30.192] [SEVERE ] updating countdown to 28723
[19:22:30.193] [INFO   ] thread dealerstep 2.
[19:22:30.193] [SEVERE ] updating countdown to 28722
[19:22:30.193] [INFO   ] thread Thread-0 player was notified by dealer.
[19:22:30.193] [INFO   ] penalty
[19:22:30.193] [SEVERE ] setting player 1 freeze to 3000
[19:22:30.410] [SEVERE ] updating countdown to 28505
[19:22:30.766] [SEVERE ] setting player 2 freeze to 2000
[19:22:31.200] [SEVERE ] setting player 1 freeze to 2000
[19:22:31.420] [SEVERE ] updating countdown to 27495
[19:22:31.778] [SEVERE ] setting player 2 freeze to 1000
[19:22:31.855] [SEVERE ] updating countdown to 27060
[19:22:32.213] [SEVERE ] setting player 1 freeze to 1000
[19:22:32.789] [SEVERE ] setting player 2 freeze to 0
[19:22:32.866] [SEVERE ] updating countdown to 26049
[19:22:33.223] [SEVERE ] setting player 1 freeze to 0
[19:22:33.301] [SEVERE ] updating countdown to 25614
[19:22:33.658] [SEVERE ] player 1 placing token on slot 6
[19:22:33.658] [SEVERE ] player 2 placing token on slot 5
[19:22:34.015] [SEVERE ] player 1 placing token on slot 8
[19:22:34.015] [SEVERE ] removing player 2 token from slot 5
[19:22:34.310] [SEVERE ] updating countdown to 24605
[19:22:34.372] [SEVERE ] player 1 placing token on slot 2
[19:22:34.372] [SEVERE ] player 2 placing token on slot 8
[19:22:34.526] [INFO   ] remove  in the table step 1
[19:22:34.526] [INFO   ] remove  in the table step 2
[19:22:34.526] [SEVERE ] updating countdown to 24389
[19:22:34.526] [SEVERE ] removing player 1 token from slot 6
[19:22:34.527] [SEVERE ] updating countdown to 24388
[19:22:34.527] [SEVERE ] updating countdown to 24388
[19:22:34.527] [SEVERE ] removing player 1 token from slot 8
[19:22:34.527] [SEVERE ] updating countdown to 24388
[19:22:34.527] [SEVERE ] updating countdown to 24388
[19:22:34.527] [SEVERE ] removing player 1 token from slot 2
[19:22:34.528] [SEVERE ] updating countdown to 24387
[19:22:34.528] [INFO   ] thread dealerstep 2.
[19:22:34.528] [SEVERE ] updating countdown to 24387
[19:22:34.528] [INFO   ] thread Thread-0 player was notified by dealer.
[19:22:34.528] [INFO   ] penalty
[19:22:34.528] [SEVERE ] setting player 1 freeze to 3000
[19:22:34.730] [SEVERE ] player 2 placing token on slot 5
[19:22:34.746] [SEVERE ] updating countdown to 24169
[19:22:35.089] [SEVERE ] player 2 placing token on slot 7
[19:22:35.090] [SEVERE ] updating countdown to 23825
[19:22:35.312] [INFO   ] remove  in the table step 1
[19:22:35.312] [INFO   ] remove  in the table step 2
[19:22:35.312] [SEVERE ] updating countdown to 23603
[19:22:35.312] [SEVERE ] removing player 2 token from slot 8
[19:22:35.312] [SEVERE ] updating countdown to 23603
[19:22:35.312] [SEVERE ] updating countdown to 23603
[19:22:35.312] [SEVERE ] removing player 2 token from slot 5
[19:22:35.312] [SEVERE ] updating countdown to 23603
[19:22:35.312] [SEVERE ] updating countdown to 23603
[19:22:35.312] [SEVERE ] removing player 2 token from slot 7
[19:22:35.312] [SEVERE ] updating countdown to 23603
[19:22:35.313] [INFO   ] thread dealerstep 2.
[19:22:35.313] [SEVERE ] updating countdown to 23602
[19:22:35.313] [INFO   ] thread Thread-1 player was notified by dealer.
[19:22:35.313] [INFO   ] penalty
[19:22:35.313] [SEVERE ] setting player 2 freeze to 3000
[19:22:35.527] [SEVERE ] updating countdown to 23388
[19:22:35.543] [SEVERE ] setting player 1 freeze to 2000
[19:22:36.321] [SEVERE ] setting player 2 freeze to 2000
[19:22:36.539] [SEVERE ] updating countdown to 22376
[19:22:36.555] [SEVERE ] setting player 1 freeze to 1000
[19:22:36.976] [SEVERE ] updating countdown to 21939
[19:22:37.334] [SEVERE ] setting player 2 freeze to 1000
[19:22:37.566] [SEVERE ] setting player 1 freeze to 0
[19:22:37.922] [SEVERE ] player 1 placing token on slot 5
[19:22:37.984] [SEVERE ] updating countdown to 20931
[19:22:38.342] [SEVERE ] setting player 2 freeze to 0
[19:22:38.418] [SEVERE ] updating countdown to 20497
[19:22:38.776] [SEVERE ] player 2 placing token on slot 3
[19:22:38.776] [SEVERE ] player 1 placing token on slot 3
[19:22:39.135] [SEVERE ] player 1 placing token on slot 10
[19:22:39.135] [SEVERE ] player 2 placing token on slot 1
[19:22:39.136] [SEVERE ] updating countdown to 19780
[19:22:39.352] [INFO   ] remove  in the table step 1
[19:22:39.352] [INFO   ] remove  in the table step 2
[19:22:39.352] [SEVERE ] updating countdown to 19563
[19:22:39.352] [SEVERE ] removing player 1 token from slot 5
[19:22:39.352] [SEVERE ] updating countdown to 19563
[19:22:39.353] [SEVERE ] updating countdown to 19562
[19:22:39.353] [SEVERE ] removing player 1 token from slot 3
[19:22:39.353] [SEVERE ] updating countdown to 19562
[19:22:39.353] [SEVERE ] updating countdown to 19562
[19:22:39.353] [SEVERE ] removing player 1 token from slot 10
[19:22:39.353] [SEVERE ] updating countdown to 19562
[19:22:39.353] [INFO   ] thread dealerstep 2.
[19:22:39.354] [SEVERE ] updating countdown to 19562
[19:22:39.354] [INFO   ] thread Thread-0 player was notified by dealer.
[19:22:39.354] [INFO   ] penalty
[19:22:39.354] [SEVERE ] setting player 1 freeze to 3000
[19:22:39.493] [SEVERE ] player 2 placing token on slot 0
[19:22:39.572] [SEVERE ] updating countdown to 19343
[19:22:39.573] [SEVERE ] updating countdown to 19342
[19:22:39.790] [INFO   ] remove  in the table step 1
[19:22:39.790] [INFO   ] remove  in the table step 2
[19:22:39.790] [SEVERE ] updating countdown to 19125
[19:22:39.790] [SEVERE ] removing player 2 token from slot 3
[19:22:39.790] [SEVERE ] updating countdown to 19125
[19:22:39.790] [SEVERE ] updating countdown to 19125
[19:22:39.790] [SEVERE ] removing player 2 token from slot 1
[19:22:39.790] [SEVERE ] updating countdown to 19125
[19:22:39.790] [SEVERE ] updating countdown to 19125
[19:22:39.791] [SEVERE ] removing player 2 token from slot 0
[19:22:39.791] [SEVERE ] updating countdown to 19124
[19:22:39.791] [INFO   ] thread dealerstep 2.
[19:22:39.791] [SEVERE ] updating countdown to 19124
[19:22:39.791] [INFO   ] thread Thread-1 player was notified by dealer.
[19:22:39.791] [INFO   ] penalty
[19:22:39.791] [SEVERE ] setting player 2 freeze to 3000
[19:22:40.006] [SEVERE ] updating countdown to 18909
[19:22:40.368] [SEVERE ] setting player 1 freeze to 2000
[19:22:40.802] [SEVERE ] setting player 2 freeze to 2000
[19:22:41.022] [SEVERE ] updating countdown to 17893
[19:22:41.379] [SEVERE ] setting player 1 freeze to 1000
[19:22:41.457] [SEVERE ] updating countdown to 17458
[19:22:41.815] [SEVERE ] setting player 2 freeze to 1000
[19:22:42.390] [SEVERE ] setting player 1 freeze to 0
[19:22:42.468] [SEVERE ] updating countdown to 16447
[19:22:42.825] [SEVERE ] setting player 2 freeze to 0
[19:22:42.904] [SEVERE ] updating countdown to 16011
[19:22:43.262] [SEVERE ] player 1 placing token on slot 4
[19:22:43.262] [SEVERE ] player 2 placing token on slot 0
[19:22:43.622] [SEVERE ] player 1 placing token on slot 9
[19:22:43.622] [SEVERE ] player 2 placing token on slot 6
[19:22:43.918] [SEVERE ] updating countdown to 14997
[19:22:43.980] [SEVERE ] player 1 placing token on slot 10
[19:22:43.980] [SEVERE ] removing player 2 token from slot 6
[19:22:44.083] [SEVERE ] exit button pressed
[19:22:44.135] [INFO   ] remove  in the table step 1
[19:22:44.135] [INFO   ] remove  in the table step 2
[19:22:44.135] [SEVERE ] updating countdown to 14780
[19:22:44.135] [SEVERE ] removing player 1 token from slot 4
[19:22:44.135] [SEVERE ] updating countdown to 14780
[19:22:44.135] [SEVERE ] updating countdown to 14780
[19:22:44.135] [SEVERE ] removing player 1 token from slot 9
[19:22:44.135] [SEVERE ] updating countdown to 14780
[19:22:44.135] [SEVERE ] updating countdown to 14780
[19:22:44.135] [SEVERE ] removing player 1 token from slot 10
[19:22:44.136] [SEVERE ] updating countdown to 14779
[19:22:44.136] [INFO   ] thread dealerstep 2.
[19:22:44.136] [SEVERE ] updating countdown to 14779
[19:22:44.136] [INFO   ] thread Thread-0 player was notified by dealer.
[19:22:44.136] [INFO   ] penalty
[19:22:44.136] [SEVERE ] setting player 1 freeze to 3000
[19:22:44.338] [SEVERE ] player 2 placing token on slot 2
[19:22:44.354] [SEVERE ] updating countdown to 14561
[19:22:44.695] [SEVERE ] player 2 placing token on slot 10
[19:22:44.695] [SEVERE ] updating countdown to 14220
[19:22:44.912] [INFO   ] remove  in the table step 1
[19:22:44.912] [INFO   ] remove  in the table step 2
[19:22:44.912] [SEVERE ] updating countdown to 14003
[19:22:44.913] [SEVERE ] removing player 2 token from slot 0
[19:22:44.913] [SEVERE ] updating countdown to 14002
[19:22:44.913] [SEVERE ] updating countdown to 14002
[19:22:44.913] [SEVERE ] removing player 2 token from slot 2
[19:22:44.913] [SEVERE ] updating countdown to 14002
[19:22:44.913] [SEVERE ] updating countdown to 14002
[19:22:44.913] [SEVERE ] removing player 2 token from slot 10
[19:22:44.913] [SEVERE ] updating countdown to 14002
[19:22:44.913] [INFO   ] thread dealerstep 2.
[19:22:44.913] [SEVERE ] updating countdown to 14002
[19:22:44.914] [INFO   ] thread Thread-1 player was notified by dealer.
[19:22:44.914] [INFO   ] penalty
[19:22:44.914] [SEVERE ] setting player 2 freeze to 3000
[19:22:45.132] [SEVERE ] updating countdown to 13783
[19:22:45.148] [SEVERE ] setting player 1 freeze to 2000
[19:22:45.927] [SEVERE ] setting player 2 freeze to 2000
[19:22:46.145] [SEVERE ] updating countdown to 12770
[19:22:46.160] [SEVERE ] setting player 1 freeze to 1000
[19:22:46.581] [SEVERE ] updating countdown to 12334
[19:22:46.937] [SEVERE ] setting player 2 freeze to 1000
[19:22:47.171] [SEVERE ] setting player 1 freeze to 0
[19:22:47.530] [SEVERE ] player 1 placing token on slot 10
[19:22:47.591] [SEVERE ] updating countdown to 11324
[19:22:47.950] [SEVERE ] setting player 2 freeze to 0
[19:22:48.028] [SEVERE ] updating countdown to 10887
[19:22:48.388] [SEVERE ] player 2 placing token on slot 0
[19:22:48.388] [SEVERE ] player 1 placing token on slot 6
[19:22:48.743] [SEVERE ] player 2 placing token on slot 7
[19:22:48.743] [SEVERE ] player 1 placing token on slot 3
[19:22:48.744] [SEVERE ] updating countdown to 10171
[19:22:48.961] [INFO   ] remove  in the table step 1
[19:22:48.961] [INFO   ] remove  in the table step 2
[19:22:48.961] [SEVERE ] updating countdown to 9954
[19:22:48.961] [SEVERE ] removing player 1 token from slot 10
[19:22:48.961] [SEVERE ] updating countdown to 9954
[19:22:48.961] [SEVERE ] updating countdown to 9954
[19:22:48.961] [SEVERE ] removing player 1 token from slot 6
[19:22:48.962] [SEVERE ] updating countdown to 9953
[19:22:48.962] [SEVERE ] updating countdown to 9953
[19:22:48.962] [SEVERE ] removing player 1 token from slot 3
[19:22:48.962] [SEVERE ] updating countdown to 9953
[19:22:48.962] [INFO   ] thread dealerstep 2.
[19:22:48.962] [SEVERE ] updating countdown to 9953
[19:22:48.962] [INFO   ] thread Thread-0 player was notified by dealer.
[19:22:48.962] [INFO   ] penalty
[19:22:48.962] [SEVERE ] setting player 1 freeze to 3000
[19:22:49.102] [SEVERE ] player 2 placing token on slot 2
[19:22:49.180] [SEVERE ] updating countdown to 9735
[19:22:49.180] [SEVERE ] updating countdown to 9735
[19:22:49.396] [INFO   ] remove  in the table step 1
[19:22:49.396] [INFO   ] remove  in the table step 2
[19:22:49.396] [SEVERE ] updating countdown to 9519
[19:22:49.396] [SEVERE ] removing player 2 token from slot 0
[19:22:49.397] [SEVERE ] updating countdown to 9518
[19:22:49.397] [SEVERE ] updating countdown to 9518
[19:22:49.397] [SEVERE ] removing player 2 token from slot 7
[19:22:49.397] [SEVERE ] updating countdown to 9518
[19:22:49.397] [SEVERE ] updating countdown to 9518
[19:22:49.397] [SEVERE ] removing player 2 token from slot 2
[19:22:49.397] [SEVERE ] updating countdown to 9518
[19:22:49.397] [INFO   ] thread dealerstep 2.
[19:22:49.397] [SEVERE ] updating countdown to 9518
[19:22:49.397] [INFO   ] thread Thread-1 player was notified by dealer.
[19:22:49.397] [INFO   ] penalty
[19:22:49.397] [SEVERE ] setting player 2 freeze to 3000
