[10:39:05.373] [INFO   ] thread main starting.
[10:39:05.387] [SEVERE ] cannot read configuration file config.properties trying from resources.
[10:39:05.391] [SEVERE ] configuration file was loaded from resources directory.
[10:39:06.319] [INFO   ] thread dealer starting.
[10:39:06.320] [INFO   ] thread dealer starting.
[10:39:06.321] [INFO   ] thread Thread-0 starting.
[10:39:06.323] [INFO   ] creat AI step 1 
[10:39:06.325] [INFO   ] thread computer-0 starting.
[10:39:06.325] [INFO   ] creat AI step 2 
[10:39:06.325] [INFO   ] creat AI step 3 
[10:39:06.325] [INFO   ] thread Thread-0wip1
[10:39:06.326] [INFO   ] thread Thread-1 starting.
[10:39:06.326] [INFO   ] creat AI step 7 
[10:39:06.327] [INFO   ] thread Thread-0wip2
[10:39:06.328] [INFO   ] AI key pressed step 1 
[10:39:06.328] [INFO   ] creat AI step 1 
[10:39:06.328] [INFO   ] thread Thread-0wip3
[10:39:06.329] [INFO   ] AI key pressed step 2 
[10:39:06.329] [INFO   ] thread computer-1 starting.
[10:39:06.329] [INFO   ] KP step 1computer-0
[10:39:06.329] [INFO   ] thread Thread-0wip4
[10:39:06.330] [INFO   ] KP step 10computer-0
[10:39:06.329] [INFO   ] creat AI step 2 
[10:39:06.330] [INFO   ] AI key pressed step 3, random slot: 11
[10:39:06.331] [SEVERE ] updating countdown to 60000
[10:39:06.331] [INFO   ] thread Thread-1wip1
[10:39:06.331] [INFO   ] creat AI step 3 
[10:39:06.331] [INFO   ] thread Thread-1wip2
[10:39:06.331] [INFO   ] creat AI step 8 
[10:39:06.332] [INFO   ] thread Thread-1wip3
[10:39:06.332] [INFO   ] creat AI step 9 
[10:39:06.332] [INFO   ] thread Thread-0wip5
[10:39:06.333] [INFO   ] thread Thread-0 after  synchronize on dealer.
[10:39:06.333] [INFO   ] thread Thread-0 before notify synchronize on dealer.
[10:39:06.332] [INFO   ] thread Thread-1wip4
[10:39:06.333] [INFO   ] creat AI step 10 
[10:39:06.334] [INFO   ] creat AI step 7 
[10:39:06.334] [INFO   ] creat AI step 11 
[10:39:06.334] [INFO   ] creat AI step 3 
[10:39:06.334] [INFO   ] creat AI step 7 
[10:39:06.334] [INFO   ] AI key pressed step 1 
[10:39:06.336] [INFO   ] AI key pressed step 1 
[10:39:06.336] [INFO   ] AI key pressed step 2 
[10:39:06.336] [INFO   ] AI key pressed step 2 
[10:39:06.337] [INFO   ] KP step 1computer-1
[10:39:06.337] [INFO   ] KP step 1computer-0
[10:39:06.338] [INFO   ] KP step 10computer-1
[10:39:06.338] [INFO   ] KP step 10computer-0
[10:39:06.341] [INFO   ] AI key pressed step 3, random slot: 2
[10:39:06.341] [INFO   ] AI key pressed step 3, random slot: 4
[10:39:06.342] [INFO   ] creat AI step 8 
[10:39:06.342] [INFO   ] creat AI step 8 
[10:39:06.343] [INFO   ] creat AI step 9 
[10:39:06.343] [INFO   ] creat AI step 9 
[10:39:06.344] [INFO   ] thread Thread-1wip5
[10:39:06.344] [INFO   ] creat AI step 10 
[10:39:06.344] [INFO   ] thread Thread-1 after  synchronize on dealer.
[10:39:06.345] [INFO   ] creat AI step 11 
[10:39:06.345] [INFO   ] thread Thread-1 before notify synchronize on dealer.
[10:39:06.345] [INFO   ] creat AI step 3 
[10:39:06.346] [INFO   ] creat AI step 10 
[10:39:06.346] [INFO   ] creat AI step 7 
[10:39:06.346] [INFO   ] AI key pressed step 1 
[10:39:06.346] [INFO   ] creat AI step 11 
[10:39:06.346] [INFO   ] AI key pressed step 2 
[10:39:06.346] [INFO   ] creat AI step 3 
[10:39:06.347] [INFO   ] KP step 1computer-0
[10:39:06.347] [INFO   ] creat AI step 7 
[10:39:06.348] [INFO   ] KP step 10computer-0
[10:39:06.348] [INFO   ] AI key pressed step 1 
[10:39:06.348] [INFO   ] AI key pressed step 3, random slot: 5
[10:39:06.348] [INFO   ] AI key pressed step 2 
[10:39:06.348] [INFO   ] creat AI step 8 
[10:39:06.349] [INFO   ] KP step 1computer-1
[10:39:06.349] [INFO   ] creat AI step 9 
[10:39:06.349] [INFO   ] KP step 10computer-1
[10:39:06.350] [INFO   ] creat AI step 10 
[10:39:06.350] [INFO   ] AI key pressed step 3, random slot: 11
[10:39:06.351] [INFO   ] creat AI step 11 
[10:39:06.351] [INFO   ] creat AI step 8 
[10:39:06.351] [INFO   ] creat AI step 3 
[10:39:06.352] [INFO   ] creat AI step 9 
[10:39:06.353] [INFO   ] creat AI step 7 
[10:39:06.353] [INFO   ] creat AI step 10 
[10:39:06.354] [INFO   ] AI key pressed step 1 
[10:39:06.354] [INFO   ] creat AI step 11 
[10:39:06.354] [INFO   ] AI key pressed step 2 
[10:39:06.355] [INFO   ] KP step 1computer-0
[10:39:06.356] [INFO   ] KP step 10computer-0
[10:39:06.355] [INFO   ] creat AI step 3 
[10:39:06.356] [INFO   ] AI key pressed step 3, random slot: 3
[10:39:06.356] [INFO   ] creat AI step 7 
[10:39:06.356] [INFO   ] creat AI step 8 
[10:39:06.366] [INFO   ] creat AI step 9 
[10:39:06.364] [INFO   ] AI key pressed step 1 
[10:39:06.367] [INFO   ] AI key pressed step 2 
[10:39:06.367] [INFO   ] creat AI step 10 
[10:39:06.368] [INFO   ] KP step 1computer-1
[10:39:06.368] [INFO   ] creat AI step 11 
[10:39:06.369] [INFO   ] KP step 10computer-1
[10:39:06.369] [INFO   ] creat AI step 3 
[10:39:06.370] [INFO   ] AI key pressed step 3, random slot: 1
[10:39:06.370] [INFO   ] creat AI step 7 
[10:39:06.370] [INFO   ] creat AI step 8 
[10:39:06.372] [INFO   ] creat AI step 9 
[10:39:06.371] [INFO   ] AI key pressed step 1 
[10:39:06.373] [INFO   ] AI key pressed step 2 
[10:39:06.373] [INFO   ] KP step 1computer-0
[10:39:06.373] [INFO   ] KP step 10computer-0
[10:39:06.374] [INFO   ] AI key pressed step 3, random slot: 5
[10:39:06.374] [INFO   ] creat AI step 8 
[10:39:06.372] [INFO   ] creat AI step 10 
[10:39:06.374] [INFO   ] creat AI step 9 
[10:39:06.374] [INFO   ] creat AI step 11 
[10:39:06.375] [INFO   ] creat AI step 10 
[10:39:06.375] [INFO   ] creat AI step 3 
[10:39:06.375] [INFO   ] creat AI step 11 
[10:39:06.376] [INFO   ] creat AI step 3 
[10:39:06.376] [INFO   ] creat AI step 7 
[10:39:06.376] [INFO   ] creat AI step 7 
[10:39:06.377] [INFO   ] AI key pressed step 1 
[10:39:06.377] [INFO   ] AI key pressed step 1 
[10:39:06.378] [INFO   ] AI key pressed step 2 
[10:39:06.378] [INFO   ] AI key pressed step 2 
[10:39:06.378] [INFO   ] KP step 1computer-1
[10:39:06.378] [INFO   ] KP step 1computer-0
[10:39:06.378] [INFO   ] KP step 10computer-1
[10:39:06.378] [INFO   ] KP step 10computer-0
[10:39:06.378] [INFO   ] AI key pressed step 3, random slot: 8
[10:39:06.379] [INFO   ] AI key pressed step 3, random slot: 4
[10:39:06.379] [INFO   ] creat AI step 8 
[10:39:06.380] [INFO   ] creat AI step 8 
[10:39:06.380] [INFO   ] creat AI step 9 
[10:39:06.380] [INFO   ] creat AI step 9 
[10:39:06.381] [INFO   ] creat AI step 10 
[10:39:06.381] [INFO   ] creat AI step 10 
[10:39:06.381] [INFO   ] creat AI step 11 
[10:39:06.381] [INFO   ] creat AI step 11 
[10:39:06.381] [INFO   ] creat AI step 3 
[10:39:06.381] [INFO   ] creat AI step 3 
[10:39:06.382] [INFO   ] creat AI step 7 
[10:39:06.382] [INFO   ] creat AI step 7 
[10:39:06.383] [INFO   ] AI key pressed step 1 
[10:39:06.383] [INFO   ] AI key pressed step 1 
[10:39:06.383] [INFO   ] AI key pressed step 2 
[10:39:06.384] [INFO   ] AI key pressed step 2 
[10:39:06.384] [INFO   ] KP step 1computer-1
[10:39:06.384] [INFO   ] KP step 1computer-0
[10:39:06.385] [INFO   ] KP step 10computer-1
[10:39:06.385] [INFO   ] KP step 10computer-0
[10:39:06.385] [INFO   ] AI key pressed step 3, random slot: 8
[10:39:06.385] [INFO   ] AI key pressed step 3, random slot: 8
[10:39:06.386] [INFO   ] creat AI step 8 
[10:39:06.386] [INFO   ] creat AI step 9 
[10:39:06.386] [INFO   ] creat AI step 8 
[10:39:06.386] [INFO   ] creat AI step 10 
[10:39:06.387] [INFO   ] creat AI step 11 
[10:39:06.387] [INFO   ] creat AI step 3 
[10:39:06.386] [INFO   ] creat AI step 9 
[10:39:06.387] [INFO   ] creat AI step 7 
[10:39:06.387] [INFO   ] creat AI step 10 
[10:39:06.387] [INFO   ] AI key pressed step 1 
[10:39:06.388] [INFO   ] creat AI step 11 
[10:39:06.388] [INFO   ] AI key pressed step 2 
[10:39:06.388] [INFO   ] creat AI step 3 
[10:39:06.388] [INFO   ] KP step 1computer-0
[10:39:06.389] [INFO   ] KP step 10computer-0
[10:39:06.388] [INFO   ] creat AI step 7 
[10:39:06.389] [INFO   ] AI key pressed step 3, random slot: 1
[10:39:06.389] [INFO   ] AI key pressed step 1 
[10:39:06.389] [INFO   ] creat AI step 8 
[10:39:06.389] [INFO   ] AI key pressed step 2 
[10:39:06.389] [INFO   ] creat AI step 9 
[10:39:06.389] [INFO   ] KP step 1computer-1
[10:39:06.390] [INFO   ] creat AI step 10 
[10:39:06.391] [INFO   ] creat AI step 11 
[10:39:06.391] [INFO   ] creat AI step 3 
[10:39:06.391] [INFO   ] creat AI step 7 
[10:39:06.390] [INFO   ] KP step 10computer-1
[10:39:06.391] [INFO   ] AI key pressed step 1 
[10:39:06.391] [INFO   ] AI key pressed step 2 
[10:39:06.392] [INFO   ] KP step 1computer-0
[10:39:06.391] [INFO   ] AI key pressed step 3, random slot: 9
[10:39:06.392] [INFO   ] KP step 10computer-0
[10:39:06.392] [INFO   ] creat AI step 8 
[10:39:06.392] [INFO   ] AI key pressed step 3, random slot: 3
[10:39:06.392] [INFO   ] creat AI step 9 
[10:39:06.393] [INFO   ] creat AI step 8 
[10:39:06.393] [INFO   ] creat AI step 10 
[10:39:06.393] [INFO   ] creat AI step 9 
[10:39:06.393] [INFO   ] creat AI step 11 
[10:39:06.393] [INFO   ] creat AI step 10 
[10:39:06.394] [INFO   ] creat AI step 3 
[10:39:06.394] [INFO   ] creat AI step 11 
[10:39:06.394] [INFO   ] creat AI step 7 
[10:39:06.394] [INFO   ] creat AI step 3 
[10:39:06.394] [INFO   ] AI key pressed step 1 
[10:39:06.394] [INFO   ] creat AI step 7 
[10:39:06.394] [INFO   ] AI key pressed step 2 
[10:39:06.394] [INFO   ] AI key pressed step 1 
[10:39:06.394] [INFO   ] KP step 1computer-1
[10:39:06.394] [INFO   ] AI key pressed step 2 
[10:39:06.396] [INFO   ] KP step 10computer-1
[10:39:06.396] [INFO   ] KP step 1computer-0
[10:39:06.396] [INFO   ] KP step 10computer-0
[10:39:06.396] [INFO   ] AI key pressed step 3, random slot: 4
[10:39:06.396] [INFO   ] AI key pressed step 3, random slot: 11
[10:39:06.397] [INFO   ] creat AI step 8 
[10:39:06.397] [INFO   ] creat AI step 9 
[10:39:06.397] [INFO   ] creat AI step 10 
[10:39:06.396] [INFO   ] creat AI step 8 
[10:39:06.397] [INFO   ] creat AI step 11 
[10:39:06.398] [INFO   ] creat AI step 9 
[10:39:06.399] [INFO   ] creat AI step 3 
[10:39:06.399] [INFO   ] creat AI step 7 
[10:39:06.399] [INFO   ] AI key pressed step 1 
[10:39:06.399] [INFO   ] creat AI step 10 
[10:39:06.399] [INFO   ] AI key pressed step 2 
[10:39:06.399] [INFO   ] creat AI step 11 
[10:39:06.399] [INFO   ] KP step 1computer-0
[10:39:06.399] [INFO   ] creat AI step 3 
[10:39:06.400] [INFO   ] KP step 10computer-0
[10:39:06.400] [INFO   ] AI key pressed step 3, random slot: 10
[10:39:06.400] [INFO   ] creat AI step 8 
[10:39:06.400] [INFO   ] creat AI step 9 
[10:39:06.400] [INFO   ] creat AI step 7 
[10:39:06.401] [INFO   ] AI key pressed step 1 
[10:39:06.401] [INFO   ] creat AI step 10 
[10:39:06.401] [INFO   ] creat AI step 11 
[10:39:06.401] [INFO   ] creat AI step 3 
[10:39:06.401] [INFO   ] creat AI step 7 
[10:39:06.401] [INFO   ] AI key pressed step 1 
[10:39:06.402] [INFO   ] AI key pressed step 2 
[10:39:06.402] [INFO   ] KP step 1computer-0
[10:39:06.402] [INFO   ] KP step 10computer-0
[10:39:06.402] [INFO   ] AI key pressed step 3, random slot: 1
[10:39:06.401] [INFO   ] AI key pressed step 2 
[10:39:06.402] [INFO   ] creat AI step 8 
[10:39:06.402] [INFO   ] KP step 1computer-1
[10:39:06.403] [INFO   ] creat AI step 9 
[10:39:06.403] [INFO   ] creat AI step 10 
[10:39:06.403] [INFO   ] KP step 10computer-1
[10:39:06.403] [INFO   ] creat AI step 11 
[10:39:06.403] [INFO   ] AI key pressed step 3, random slot: 5
[10:39:06.403] [INFO   ] creat AI step 3 
[10:39:06.404] [INFO   ] creat AI step 8 
[10:39:06.404] [INFO   ] creat AI step 7 
[10:39:06.404] [INFO   ] creat AI step 9 
[10:39:06.404] [INFO   ] AI key pressed step 1 
[10:39:06.404] [INFO   ] creat AI step 10 
[10:39:06.404] [INFO   ] AI key pressed step 2 
[10:39:06.404] [INFO   ] creat AI step 11 
[10:39:06.404] [INFO   ] KP step 1computer-0
[10:39:06.406] [INFO   ] creat AI step 3 
[10:39:06.406] [INFO   ] KP step 10computer-0
[10:39:06.406] [INFO   ] AI key pressed step 3, random slot: 3
[10:39:06.406] [INFO   ] creat AI step 7 
[10:39:06.406] [INFO   ] creat AI step 8 
[10:39:06.406] [INFO   ] AI key pressed step 1 
[10:39:06.406] [INFO   ] creat AI step 9 
[10:39:06.407] [INFO   ] creat AI step 10 
[10:39:06.407] [INFO   ] creat AI step 11 
[10:39:06.407] [INFO   ] creat AI step 3 
[10:39:06.407] [INFO   ] creat AI step 7 
[10:39:06.407] [INFO   ] AI key pressed step 1 
[10:39:06.407] [INFO   ] AI key pressed step 2 
[10:39:06.407] [INFO   ] KP step 1computer-0
[10:39:06.408] [INFO   ] KP step 10computer-0
[10:39:06.408] [INFO   ] AI key pressed step 3, random slot: 2
[10:39:06.408] [INFO   ] creat AI step 8 
[10:39:06.408] [INFO   ] creat AI step 9 
[10:39:06.408] [INFO   ] creat AI step 10 
[10:39:06.408] [INFO   ] creat AI step 11 
[10:39:06.408] [INFO   ] creat AI step 3 
[10:39:06.408] [INFO   ] creat AI step 7 
[10:39:06.408] [INFO   ] AI key pressed step 1 
[10:39:06.409] [INFO   ] AI key pressed step 2 
[10:39:06.409] [INFO   ] KP step 1computer-0
[10:39:06.409] [INFO   ] KP step 10computer-0
[10:39:06.409] [INFO   ] AI key pressed step 3, random slot: 6
[10:39:06.409] [INFO   ] creat AI step 8 
[10:39:06.409] [INFO   ] creat AI step 9 
[10:39:06.409] [INFO   ] creat AI step 10 
[10:39:06.409] [INFO   ] creat AI step 11 
[10:39:06.410] [INFO   ] creat AI step 3 
[10:39:06.410] [INFO   ] creat AI step 7 
[10:39:06.410] [INFO   ] AI key pressed step 1 
[10:39:06.410] [INFO   ] AI key pressed step 2 
[10:39:06.410] [INFO   ] KP step 1computer-0
[10:39:06.410] [INFO   ] KP step 10computer-0
[10:39:06.410] [INFO   ] AI key pressed step 3, random slot: 2
[10:39:06.410] [INFO   ] creat AI step 8 
[10:39:06.410] [INFO   ] creat AI step 9 
[10:39:06.410] [INFO   ] creat AI step 10 
[10:39:06.410] [INFO   ] creat AI step 11 
[10:39:06.411] [INFO   ] creat AI step 3 
[10:39:06.407] [INFO   ] AI key pressed step 2 
[10:39:06.411] [INFO   ] creat AI step 7 
[10:39:06.411] [INFO   ] AI key pressed step 1 
[10:39:06.411] [INFO   ] AI key pressed step 2 
[10:39:06.412] [INFO   ] KP step 1computer-0
[10:39:06.412] [INFO   ] KP step 10computer-0
[10:39:06.412] [INFO   ] AI key pressed step 3, random slot: 5
[10:39:06.412] [INFO   ] creat AI step 8 
[10:39:06.412] [INFO   ] creat AI step 9 
[10:39:06.412] [INFO   ] creat AI step 10 
[10:39:06.412] [INFO   ] creat AI step 11 
[10:39:06.412] [INFO   ] creat AI step 3 
[10:39:06.412] [INFO   ] creat AI step 7 
[10:39:06.413] [INFO   ] AI key pressed step 1 
[10:39:06.413] [INFO   ] AI key pressed step 2 
[10:39:06.413] [INFO   ] KP step 1computer-0
[10:39:06.413] [INFO   ] KP step 10computer-0
[10:39:06.411] [INFO   ] KP step 1computer-1
[10:39:06.413] [INFO   ] AI key pressed step 3, random slot: 10
[10:39:06.413] [INFO   ] KP step 10computer-1
[10:39:06.413] [INFO   ] creat AI step 8 
[10:39:06.414] [INFO   ] AI key pressed step 3, random slot: 7
[10:39:06.414] [INFO   ] creat AI step 9 
[10:39:06.414] [INFO   ] creat AI step 8 
[10:39:06.414] [INFO   ] creat AI step 10 
[10:39:06.414] [INFO   ] creat AI step 9 
[10:39:06.414] [INFO   ] creat AI step 11 
[10:39:06.414] [INFO   ] creat AI step 10 
[10:39:06.414] [INFO   ] creat AI step 3 
[10:39:06.416] [INFO   ] creat AI step 7 
[10:39:06.417] [INFO   ] AI key pressed step 1 
[10:39:06.417] [INFO   ] AI key pressed step 2 
[10:39:06.417] [INFO   ] KP step 1computer-0
[10:39:06.417] [INFO   ] KP step 10computer-0
[10:39:06.417] [INFO   ] AI key pressed step 3, random slot: 8
[10:39:06.417] [INFO   ] creat AI step 8 
[10:39:06.418] [INFO   ] creat AI step 9 
[10:39:06.418] [INFO   ] creat AI step 10 
[10:39:06.418] [INFO   ] creat AI step 11 
[10:39:06.418] [INFO   ] creat AI step 3 
[10:39:06.418] [INFO   ] creat AI step 7 
[10:39:06.418] [INFO   ] AI key pressed step 1 
[10:39:06.416] [INFO   ] creat AI step 11 
[10:39:06.418] [INFO   ] AI key pressed step 2 
[10:39:06.419] [INFO   ] creat AI step 3 
[10:39:06.419] [INFO   ] KP step 1computer-0
[10:39:06.419] [INFO   ] creat AI step 7 
[10:39:06.419] [INFO   ] KP step 10computer-0
[10:39:06.419] [INFO   ] AI key pressed step 1 
[10:39:06.419] [INFO   ] AI key pressed step 3, random slot: 8
[10:39:06.419] [INFO   ] AI key pressed step 2 
[10:39:06.420] [INFO   ] creat AI step 8 
[10:39:06.420] [INFO   ] KP step 1computer-1
[10:39:06.420] [INFO   ] creat AI step 9 
[10:39:06.420] [INFO   ] KP step 10computer-1
[10:39:06.420] [INFO   ] creat AI step 10 
[10:39:06.421] [INFO   ] creat AI step 11 
[10:39:06.420] [INFO   ] AI key pressed step 3, random slot: 10
[10:39:06.421] [INFO   ] creat AI step 3 
[10:39:06.421] [INFO   ] creat AI step 7 
[10:39:06.421] [INFO   ] AI key pressed step 1 
[10:39:06.421] [INFO   ] creat AI step 8 
[10:39:06.422] [INFO   ] AI key pressed step 2 
[10:39:06.422] [INFO   ] creat AI step 9 
[10:39:06.422] [INFO   ] KP step 1computer-0
[10:39:06.423] [INFO   ] KP step 10computer-0
[10:39:06.423] [INFO   ] AI key pressed step 3, random slot: 6
[10:39:06.423] [INFO   ] creat AI step 8 
[10:39:06.423] [INFO   ] creat AI step 9 
[10:39:06.423] [INFO   ] creat AI step 10 
[10:39:06.424] [INFO   ] creat AI step 11 
[10:39:06.424] [INFO   ] creat AI step 3 
[10:39:06.424] [INFO   ] creat AI step 7 
[10:39:06.424] [INFO   ] AI key pressed step 1 
[10:39:06.422] [INFO   ] creat AI step 10 
[10:39:06.424] [INFO   ] AI key pressed step 2 
[10:39:06.424] [INFO   ] creat AI step 11 
[10:39:06.424] [INFO   ] KP step 1computer-0
[10:39:06.425] [INFO   ] KP step 10computer-0
[10:39:06.425] [INFO   ] AI key pressed step 3, random slot: 8
[10:39:06.425] [INFO   ] creat AI step 8 
[10:39:06.425] [INFO   ] creat AI step 9 
[10:39:06.425] [INFO   ] creat AI step 10 
[10:39:06.425] [INFO   ] creat AI step 11 
[10:39:06.425] [INFO   ] creat AI step 3 
[10:39:06.426] [INFO   ] creat AI step 3 
[10:39:06.426] [INFO   ] creat AI step 7 
[10:39:06.426] [INFO   ] creat AI step 7 
[10:39:06.426] [INFO   ] AI key pressed step 1 
[10:39:06.426] [INFO   ] AI key pressed step 2 
[10:39:06.427] [INFO   ] KP step 1computer-0
[10:39:06.427] [INFO   ] KP step 10computer-0
[10:39:06.428] [INFO   ] AI key pressed step 3, random slot: 9
[10:39:06.428] [INFO   ] creat AI step 8 
[10:39:06.428] [INFO   ] creat AI step 9 
[10:39:06.428] [INFO   ] creat AI step 10 
[10:39:06.428] [INFO   ] creat AI step 11 
[10:39:06.429] [INFO   ] creat AI step 3 
[10:39:06.429] [INFO   ] creat AI step 7 
[10:39:06.429] [INFO   ] AI key pressed step 1 
[10:39:06.429] [INFO   ] AI key pressed step 2 
[10:39:06.429] [INFO   ] KP step 1computer-0
[10:39:06.429] [INFO   ] KP step 10computer-0
[10:39:06.429] [INFO   ] AI key pressed step 3, random slot: 11
[10:39:06.429] [INFO   ] creat AI step 8 
[10:39:06.429] [INFO   ] creat AI step 9 
[10:39:06.429] [INFO   ] creat AI step 10 
[10:39:06.429] [INFO   ] creat AI step 11 
[10:39:06.430] [INFO   ] creat AI step 3 
[10:39:06.430] [INFO   ] creat AI step 7 
[10:39:06.430] [INFO   ] AI key pressed step 1 
[10:39:06.430] [INFO   ] AI key pressed step 2 
[10:39:06.430] [INFO   ] KP step 1computer-0
[10:39:06.430] [INFO   ] KP step 10computer-0
[10:39:06.430] [INFO   ] AI key pressed step 3, random slot: 11
[10:39:06.430] [INFO   ] creat AI step 8 
[10:39:06.430] [INFO   ] creat AI step 9 
[10:39:06.430] [INFO   ] creat AI step 10 
[10:39:06.430] [INFO   ] creat AI step 11 
[10:39:06.430] [INFO   ] creat AI step 3 
[10:39:06.430] [INFO   ] creat AI step 7 
[10:39:06.431] [INFO   ] AI key pressed step 1 
[10:39:06.431] [INFO   ] AI key pressed step 2 
[10:39:06.431] [INFO   ] KP step 1computer-0
[10:39:06.426] [INFO   ] AI key pressed step 1 
[10:39:06.431] [INFO   ] AI key pressed step 2 
[10:39:06.431] [INFO   ] KP step 1computer-1
[10:39:06.431] [INFO   ] KP step 10computer-1
[10:39:06.431] [INFO   ] KP step 10computer-0
[10:39:06.432] [INFO   ] AI key pressed step 3, random slot: 9
[10:39:06.432] [INFO   ] creat AI step 8 
[10:39:06.432] [INFO   ] creat AI step 9 
[10:39:06.432] [INFO   ] creat AI step 10 
[10:39:06.433] [INFO   ] creat AI step 11 
[10:39:06.433] [INFO   ] creat AI step 3 
[10:39:06.433] [INFO   ] creat AI step 7 
[10:39:06.433] [INFO   ] AI key pressed step 1 
[10:39:06.433] [INFO   ] AI key pressed step 2 
[10:39:06.433] [INFO   ] KP step 1computer-0
[10:39:06.433] [INFO   ] KP step 10computer-0
[10:39:06.433] [INFO   ] AI key pressed step 3, random slot: 1
[10:39:06.433] [INFO   ] creat AI step 8 
[10:39:06.433] [INFO   ] creat AI step 9 
[10:39:06.434] [INFO   ] creat AI step 10 
[10:39:06.434] [INFO   ] creat AI step 11 
[10:39:06.434] [INFO   ] creat AI step 3 
[10:39:06.434] [INFO   ] creat AI step 7 
[10:39:06.435] [INFO   ] AI key pressed step 1 
[10:39:06.435] [INFO   ] AI key pressed step 2 
[10:39:06.435] [INFO   ] KP step 1computer-0
[10:39:06.435] [INFO   ] KP step 10computer-0
[10:39:06.435] [INFO   ] AI key pressed step 3, random slot: 0
[10:39:06.435] [INFO   ] creat AI step 8 
[10:39:06.436] [INFO   ] creat AI step 9 
[10:39:06.436] [INFO   ] creat AI step 10 
[10:39:06.436] [INFO   ] creat AI step 11 
[10:39:06.436] [INFO   ] creat AI step 3 
[10:39:06.436] [INFO   ] creat AI step 7 
[10:39:06.436] [INFO   ] AI key pressed step 1 
[10:39:06.436] [INFO   ] AI key pressed step 2 
[10:39:06.436] [INFO   ] KP step 1computer-0
[10:39:06.437] [INFO   ] KP step 10computer-0
[10:39:06.437] [INFO   ] AI key pressed step 3, random slot: 3
[10:39:06.437] [INFO   ] creat AI step 8 
[10:39:06.437] [INFO   ] creat AI step 9 
[10:39:06.437] [INFO   ] creat AI step 10 
[10:39:06.437] [INFO   ] creat AI step 11 
[10:39:06.437] [INFO   ] creat AI step 3 
[10:39:06.438] [INFO   ] creat AI step 7 
[10:39:06.438] [INFO   ] AI key pressed step 1 
[10:39:06.438] [INFO   ] AI key pressed step 2 
[10:39:06.438] [INFO   ] KP step 1computer-0
[10:39:06.438] [INFO   ] KP step 10computer-0
[10:39:06.438] [INFO   ] AI key pressed step 3, random slot: 6
[10:39:06.438] [INFO   ] creat AI step 8 
[10:39:06.438] [INFO   ] creat AI step 9 
[10:39:06.438] [INFO   ] creat AI step 10 
[10:39:06.438] [INFO   ] creat AI step 11 
[10:39:06.438] [INFO   ] creat AI step 3 
[10:39:06.438] [INFO   ] creat AI step 7 
[10:39:06.438] [INFO   ] AI key pressed step 1 
[10:39:06.438] [INFO   ] AI key pressed step 2 
[10:39:06.439] [INFO   ] KP step 1computer-0
[10:39:06.439] [INFO   ] KP step 10computer-0
[10:39:06.439] [INFO   ] AI key pressed step 3, random slot: 11
[10:39:06.439] [INFO   ] creat AI step 8 
[10:39:06.439] [INFO   ] creat AI step 9 
[10:39:06.439] [INFO   ] creat AI step 10 
[10:39:06.439] [INFO   ] creat AI step 11 
[10:39:06.439] [INFO   ] creat AI step 3 
[10:39:06.439] [INFO   ] creat AI step 7 
[10:39:06.439] [INFO   ] AI key pressed step 1 
[10:39:06.439] [INFO   ] AI key pressed step 2 
[10:39:06.440] [INFO   ] KP step 1computer-0
[10:39:06.440] [INFO   ] KP step 10computer-0
[10:39:06.440] [INFO   ] AI key pressed step 3, random slot: 4
[10:39:06.440] [INFO   ] creat AI step 8 
[10:39:06.440] [INFO   ] creat AI step 9 
[10:39:06.440] [INFO   ] creat AI step 10 
[10:39:06.440] [INFO   ] creat AI step 11 
[10:39:06.440] [INFO   ] creat AI step 3 
[10:39:06.440] [INFO   ] creat AI step 7 
[10:39:06.440] [INFO   ] AI key pressed step 1 
[10:39:06.440] [INFO   ] AI key pressed step 2 
[10:39:06.440] [INFO   ] KP step 1computer-0
[10:39:06.440] [INFO   ] KP step 10computer-0
[10:39:06.440] [INFO   ] AI key pressed step 3, random slot: 1
[10:39:06.440] [INFO   ] creat AI step 8 
[10:39:06.441] [INFO   ] creat AI step 9 
[10:39:06.441] [INFO   ] creat AI step 10 
[10:39:06.441] [INFO   ] creat AI step 11 
[10:39:06.441] [INFO   ] creat AI step 3 
[10:39:06.441] [INFO   ] creat AI step 7 
[10:39:06.441] [INFO   ] AI key pressed step 1 
[10:39:06.441] [INFO   ] AI key pressed step 2 
[10:39:06.441] [INFO   ] KP step 1computer-0
[10:39:06.441] [INFO   ] KP step 10computer-0
[10:39:06.442] [INFO   ] AI key pressed step 3, random slot: 8
[10:39:06.442] [INFO   ] creat AI step 8 
[10:39:06.442] [INFO   ] creat AI step 9 
[10:39:06.442] [INFO   ] creat AI step 10 
[10:39:06.443] [INFO   ] creat AI step 11 
[10:39:06.443] [INFO   ] creat AI step 3 
[10:39:06.443] [INFO   ] creat AI step 7 
[10:39:06.443] [INFO   ] AI key pressed step 1 
[10:39:06.443] [INFO   ] AI key pressed step 2 
[10:39:06.443] [INFO   ] KP step 1computer-0
[10:39:06.443] [INFO   ] KP step 10computer-0
[10:39:06.443] [INFO   ] AI key pressed step 3, random slot: 4
[10:39:06.443] [INFO   ] creat AI step 8 
[10:39:06.443] [INFO   ] creat AI step 9 
[10:39:06.443] [INFO   ] creat AI step 10 
[10:39:06.443] [INFO   ] creat AI step 11 
[10:39:06.443] [INFO   ] creat AI step 3 
[10:39:06.443] [INFO   ] creat AI step 7 
[10:39:06.443] [INFO   ] AI key pressed step 1 
[10:39:06.444] [INFO   ] AI key pressed step 2 
[10:39:06.444] [INFO   ] KP step 1computer-0
[10:39:06.444] [INFO   ] KP step 10computer-0
[10:39:06.444] [INFO   ] AI key pressed step 3, random slot: 9
[10:39:06.444] [INFO   ] creat AI step 8 
[10:39:06.444] [INFO   ] creat AI step 9 
[10:39:06.444] [INFO   ] creat AI step 10 
[10:39:06.444] [INFO   ] creat AI step 11 
[10:39:06.444] [INFO   ] creat AI step 3 
[10:39:06.444] [INFO   ] creat AI step 7 
[10:39:06.444] [INFO   ] AI key pressed step 1 
[10:39:06.444] [INFO   ] AI key pressed step 2 
[10:39:06.444] [INFO   ] KP step 1computer-0
[10:39:06.444] [INFO   ] KP step 10computer-0
[10:39:06.444] [INFO   ] AI key pressed step 3, random slot: 9
[10:39:06.445] [INFO   ] creat AI step 8 
[10:39:06.445] [INFO   ] creat AI step 9 
[10:39:06.445] [INFO   ] creat AI step 10 
[10:39:06.431] [INFO   ] AI key pressed step 3, random slot: 9
[10:39:06.445] [INFO   ] creat AI step 11 
[10:39:06.445] [INFO   ] creat AI step 3 
[10:39:06.445] [INFO   ] creat AI step 8 
[10:39:06.445] [INFO   ] creat AI step 7 
[10:39:06.445] [INFO   ] creat AI step 9 
[10:39:06.445] [INFO   ] AI key pressed step 1 
[10:39:06.445] [INFO   ] creat AI step 10 
[10:39:06.446] [INFO   ] AI key pressed step 2 
[10:39:06.446] [INFO   ] creat AI step 11 
[10:39:06.446] [INFO   ] KP step 1computer-0
[10:39:06.447] [INFO   ] KP step 10computer-0
[10:39:06.447] [INFO   ] AI key pressed step 3, random slot: 8
[10:39:06.447] [INFO   ] creat AI step 8 
[10:39:06.447] [INFO   ] creat AI step 9 
[10:39:06.447] [INFO   ] creat AI step 10 
[10:39:06.447] [INFO   ] creat AI step 11 
[10:39:06.446] [INFO   ] creat AI step 3 
[10:39:06.447] [INFO   ] creat AI step 3 
[10:39:06.447] [INFO   ] creat AI step 7 
[10:39:06.447] [INFO   ] creat AI step 7 
[10:39:06.448] [INFO   ] AI key pressed step 1 
[10:39:06.448] [INFO   ] AI key pressed step 1 
[10:39:06.448] [INFO   ] AI key pressed step 2 
[10:39:06.448] [INFO   ] KP step 1computer-0
[10:39:06.448] [INFO   ] AI key pressed step 2 
[10:39:06.448] [INFO   ] KP step 10computer-0
[10:39:06.448] [INFO   ] KP step 1computer-1
[10:39:06.448] [INFO   ] AI key pressed step 3, random slot: 6
[10:39:06.449] [INFO   ] creat AI step 8 
[10:39:06.449] [INFO   ] KP step 10computer-1
[10:39:06.449] [INFO   ] creat AI step 9 
[10:39:06.449] [INFO   ] AI key pressed step 3, random slot: 7
[10:39:06.449] [INFO   ] creat AI step 10 
[10:39:06.450] [INFO   ] creat AI step 8 
[10:39:06.450] [INFO   ] creat AI step 11 
[10:39:06.450] [INFO   ] creat AI step 9 
[10:39:06.450] [INFO   ] creat AI step 3 
[10:39:06.450] [INFO   ] creat AI step 10 
[10:39:06.451] [INFO   ] creat AI step 7 
[10:39:06.451] [INFO   ] AI key pressed step 1 
[10:39:06.451] [INFO   ] creat AI step 11 
[10:39:06.451] [INFO   ] AI key pressed step 2 
[10:39:06.451] [INFO   ] creat AI step 3 
[10:39:06.451] [INFO   ] KP step 1computer-0
[10:39:06.451] [INFO   ] creat AI step 7 
[10:39:06.452] [INFO   ] AI key pressed step 1 
[10:39:06.452] [INFO   ] AI key pressed step 2 
[10:39:06.452] [INFO   ] KP step 10computer-0
[10:39:06.452] [INFO   ] KP step 1computer-1
[10:39:06.452] [INFO   ] AI key pressed step 3, random slot: 1
[10:39:06.452] [INFO   ] KP step 10computer-1
[10:39:06.452] [INFO   ] AI key pressed step 3, random slot: 6
[10:39:06.452] [INFO   ] creat AI step 8 
[10:39:06.453] [INFO   ] creat AI step 9 
[10:39:06.452] [INFO   ] creat AI step 8 
[10:39:06.454] [INFO   ] creat AI step 10 
[10:39:06.454] [INFO   ] creat AI step 11 
[10:39:06.454] [INFO   ] creat AI step 9 
[10:39:06.454] [INFO   ] creat AI step 3 
[10:39:06.454] [INFO   ] creat AI step 10 
[10:39:06.454] [INFO   ] creat AI step 7 
[10:39:06.455] [INFO   ] AI key pressed step 1 
[10:39:06.455] [INFO   ] AI key pressed step 2 
[10:39:06.455] [INFO   ] KP step 1computer-0
[10:39:06.455] [INFO   ] KP step 10computer-0
[10:39:06.455] [INFO   ] AI key pressed step 3, random slot: 3
[10:39:06.455] [INFO   ] creat AI step 8 
[10:39:06.455] [INFO   ] creat AI step 9 
[10:39:06.455] [INFO   ] creat AI step 10 
[10:39:06.455] [INFO   ] creat AI step 11 
[10:39:06.457] [INFO   ] creat AI step 3 
[10:39:06.456] [INFO   ] creat AI step 11 
[10:39:06.457] [INFO   ] creat AI step 7 
[10:39:06.457] [INFO   ] creat AI step 3 
[10:39:06.457] [INFO   ] AI key pressed step 1 
[10:39:06.458] [INFO   ] creat AI step 7 
[10:39:06.458] [INFO   ] AI key pressed step 2 
[10:39:06.458] [INFO   ] AI key pressed step 1 
[10:39:06.458] [INFO   ] KP step 1computer-1
[10:39:06.458] [INFO   ] AI key pressed step 2 
[10:39:06.458] [INFO   ] KP step 10computer-1
[10:39:06.458] [INFO   ] KP step 1computer-0
[10:39:06.458] [INFO   ] AI key pressed step 3, random slot: 3
[10:39:06.459] [INFO   ] KP step 10computer-0
[10:39:06.459] [INFO   ] creat AI step 8 
[10:39:06.459] [INFO   ] AI key pressed step 3, random slot: 5
[10:39:06.459] [INFO   ] creat AI step 8 
[10:39:06.459] [INFO   ] creat AI step 9 
[10:39:06.459] [INFO   ] creat AI step 10 
[10:39:06.459] [INFO   ] creat AI step 11 
[10:39:06.459] [INFO   ] creat AI step 3 
[10:39:06.459] [INFO   ] creat AI step 7 
[10:39:06.460] [INFO   ] AI key pressed step 1 
[10:39:06.460] [INFO   ] AI key pressed step 2 
[10:39:06.460] [INFO   ] KP step 1computer-0
[10:39:06.460] [INFO   ] KP step 10computer-0
[10:39:06.460] [INFO   ] AI key pressed step 3, random slot: 2
[10:39:06.460] [INFO   ] creat AI step 8 
[10:39:06.460] [INFO   ] creat AI step 9 
[10:39:06.460] [INFO   ] creat AI step 10 
[10:39:06.460] [INFO   ] creat AI step 11 
[10:39:06.460] [INFO   ] creat AI step 3 
[10:39:06.460] [INFO   ] creat AI step 7 
[10:39:06.461] [INFO   ] AI key pressed step 1 
[10:39:06.461] [INFO   ] AI key pressed step 2 
[10:39:06.461] [INFO   ] KP step 1computer-0
[10:39:06.459] [INFO   ] creat AI step 9 
[10:39:06.461] [INFO   ] KP step 10computer-0
[10:39:06.461] [INFO   ] creat AI step 10 
[10:39:06.461] [INFO   ] AI key pressed step 3, random slot: 0
[10:39:06.461] [INFO   ] creat AI step 11 
[10:39:06.461] [INFO   ] creat AI step 8 
[10:39:06.461] [INFO   ] creat AI step 3 
[10:39:06.462] [INFO   ] creat AI step 9 
[10:39:06.462] [INFO   ] creat AI step 10 
[10:39:06.462] [INFO   ] creat AI step 11 
[10:39:06.462] [INFO   ] creat AI step 3 
[10:39:06.462] [INFO   ] creat AI step 7 
[10:39:06.462] [INFO   ] AI key pressed step 1 
[10:39:06.462] [INFO   ] AI key pressed step 2 
[10:39:06.462] [INFO   ] KP step 1computer-0
[10:39:06.462] [INFO   ] KP step 10computer-0
[10:39:06.462] [INFO   ] AI key pressed step 3, random slot: 5
[10:39:06.462] [INFO   ] creat AI step 8 
[10:39:06.463] [INFO   ] creat AI step 9 
[10:39:06.463] [INFO   ] creat AI step 10 
[10:39:06.463] [INFO   ] creat AI step 11 
[10:39:06.462] [INFO   ] creat AI step 7 
[10:39:06.463] [INFO   ] creat AI step 3 
[10:39:06.463] [INFO   ] AI key pressed step 1 
[10:39:06.463] [INFO   ] creat AI step 7 
[10:39:06.463] [INFO   ] AI key pressed step 2 
[10:39:06.463] [INFO   ] AI key pressed step 1 
[10:39:06.464] [INFO   ] KP step 1computer-1
[10:39:06.464] [INFO   ] AI key pressed step 2 
[10:39:06.464] [INFO   ] KP step 10computer-1
[10:39:06.464] [INFO   ] AI key pressed step 3, random slot: 3
[10:39:06.464] [INFO   ] KP step 1computer-0
[10:39:06.464] [INFO   ] KP step 10computer-0
[10:39:06.464] [INFO   ] creat AI step 8 
[10:39:06.464] [INFO   ] AI key pressed step 3, random slot: 11
[10:39:06.465] [INFO   ] creat AI step 9 
[10:39:06.465] [INFO   ] creat AI step 8 
[10:39:06.465] [INFO   ] creat AI step 9 
[10:39:06.465] [INFO   ] creat AI step 10 
[10:39:06.465] [INFO   ] creat AI step 10 
[10:39:06.465] [INFO   ] creat AI step 11 
[10:39:06.466] [INFO   ] creat AI step 11 
[10:39:06.466] [INFO   ] creat AI step 3 
[10:39:06.468] [INFO   ] creat AI step 3 
[10:39:06.468] [INFO   ] creat AI step 7 
[10:39:06.469] [INFO   ] AI key pressed step 1 
[10:39:06.469] [INFO   ] AI key pressed step 2 
[10:39:06.468] [INFO   ] creat AI step 7 
[10:39:06.469] [INFO   ] AI key pressed step 1 
[10:39:06.469] [INFO   ] AI key pressed step 2 
[10:39:06.469] [INFO   ] KP step 1computer-1
[10:39:06.469] [INFO   ] KP step 1computer-0
[10:39:06.469] [INFO   ] KP step 10computer-1
[10:39:06.469] [INFO   ] KP step 10computer-0
[10:39:06.469] [INFO   ] AI key pressed step 3, random slot: 3
[10:39:06.469] [INFO   ] creat AI step 8 
[10:39:06.469] [INFO   ] creat AI step 9 
[10:39:06.469] [INFO   ] AI key pressed step 3, random slot: 0
[10:39:06.469] [INFO   ] creat AI step 10 
[10:39:06.470] [INFO   ] creat AI step 11 
[10:39:06.470] [INFO   ] creat AI step 3 
[10:39:06.470] [INFO   ] creat AI step 8 
[10:39:06.470] [INFO   ] creat AI step 7 
[10:39:06.470] [INFO   ] AI key pressed step 1 
[10:39:06.470] [INFO   ] creat AI step 9 
[10:39:06.471] [INFO   ] AI key pressed step 2 
[10:39:06.471] [INFO   ] KP step 1computer-1
[10:39:06.471] [INFO   ] KP step 10computer-1
[10:39:06.471] [INFO   ] creat AI step 10 
[10:39:06.471] [INFO   ] AI key pressed step 3, random slot: 7
[10:39:06.471] [INFO   ] creat AI step 8 
[10:39:06.471] [INFO   ] creat AI step 11 
[10:39:06.471] [INFO   ] creat AI step 9 
[10:39:06.472] [INFO   ] creat AI step 3 
[10:39:06.473] [INFO   ] creat AI step 7 
[10:39:06.473] [INFO   ] AI key pressed step 1 
[10:39:06.473] [INFO   ] AI key pressed step 2 
[10:39:06.472] [INFO   ] creat AI step 10 
[10:39:06.473] [INFO   ] creat AI step 11 
[10:39:06.473] [INFO   ] KP step 1computer-0
[10:39:06.473] [INFO   ] KP step 10computer-0
[10:39:06.473] [INFO   ] creat AI step 3 
[10:39:06.473] [INFO   ] creat AI step 7 
[10:39:06.473] [INFO   ] AI key pressed step 3, random slot: 8
[10:39:06.473] [INFO   ] AI key pressed step 1 
[10:39:06.474] [INFO   ] AI key pressed step 2 
[10:39:06.473] [INFO   ] creat AI step 8 
[10:39:06.474] [INFO   ] creat AI step 9 
[10:39:06.474] [INFO   ] KP step 1computer-1
[10:39:06.474] [INFO   ] creat AI step 10 
[10:39:06.474] [INFO   ] creat AI step 11 
[10:39:06.474] [INFO   ] creat AI step 3 
[10:39:06.474] [INFO   ] KP step 10computer-1
[10:39:06.474] [INFO   ] creat AI step 7 
[10:39:06.474] [INFO   ] AI key pressed step 1 
[10:39:06.474] [INFO   ] AI key pressed step 3, random slot: 0
[10:39:06.475] [INFO   ] creat AI step 8 
[10:39:06.474] [INFO   ] AI key pressed step 2 
[10:39:06.475] [INFO   ] creat AI step 9 
[10:39:06.475] [INFO   ] KP step 1computer-0
[10:39:06.476] [INFO   ] creat AI step 10 
[10:39:06.476] [INFO   ] creat AI step 11 
[10:39:06.476] [INFO   ] creat AI step 3 
[10:39:06.476] [INFO   ] KP step 10computer-0
[10:39:06.476] [INFO   ] AI key pressed step 3, random slot: 7
[10:39:06.476] [INFO   ] creat AI step 8 
[10:39:06.476] [INFO   ] creat AI step 9 
[10:39:06.476] [INFO   ] creat AI step 10 
[10:39:06.476] [INFO   ] creat AI step 11 
[10:39:06.476] [INFO   ] creat AI step 7 
[10:39:06.476] [INFO   ] creat AI step 3 
[10:39:06.476] [INFO   ] AI key pressed step 1 
[10:39:06.476] [INFO   ] creat AI step 7 
[10:39:06.476] [INFO   ] AI key pressed step 1 
[10:39:06.476] [INFO   ] AI key pressed step 2 
[10:39:06.477] [INFO   ] AI key pressed step 2 
[10:39:06.477] [INFO   ] KP step 1computer-1
[10:39:06.477] [INFO   ] KP step 1computer-0
[10:39:06.477] [INFO   ] KP step 10computer-1
[10:39:06.477] [INFO   ] KP step 10computer-0
[10:39:06.477] [INFO   ] AI key pressed step 3, random slot: 4
[10:39:06.477] [INFO   ] creat AI step 8 
[10:39:06.477] [INFO   ] creat AI step 9 
[10:39:06.477] [INFO   ] AI key pressed step 3, random slot: 8
[10:39:06.477] [INFO   ] creat AI step 10 
[10:39:06.478] [INFO   ] creat AI step 8 
[10:39:06.478] [INFO   ] creat AI step 11 
[10:39:06.478] [INFO   ] creat AI step 3 
[10:39:06.478] [INFO   ] creat AI step 9 
[10:39:06.478] [INFO   ] creat AI step 7 
[10:39:06.478] [INFO   ] AI key pressed step 1 
[10:39:06.478] [INFO   ] AI key pressed step 2 
[10:39:06.478] [INFO   ] KP step 1computer-1
[10:39:06.479] [INFO   ] KP step 10computer-1
[10:39:06.479] [INFO   ] creat AI step 10 
[10:39:06.479] [INFO   ] AI key pressed step 3, random slot: 10
[10:39:06.479] [INFO   ] creat AI step 8 
[10:39:06.479] [INFO   ] creat AI step 11 
[10:39:06.479] [INFO   ] creat AI step 3 
[10:39:06.479] [INFO   ] creat AI step 9 
[10:39:06.479] [INFO   ] creat AI step 7 
[10:39:06.479] [INFO   ] creat AI step 10 
[10:39:06.484] [INFO   ] creat AI step 11 
[10:39:06.484] [INFO   ] creat AI step 3 
[10:39:06.480] [INFO   ] AI key pressed step 1 
[10:39:06.484] [INFO   ] AI key pressed step 2 
[10:39:06.484] [INFO   ] creat AI step 7 
[10:39:06.484] [INFO   ] AI key pressed step 1 
[10:39:06.484] [INFO   ] KP step 1computer-0
[10:39:06.484] [INFO   ] AI key pressed step 2 
[10:39:06.486] [INFO   ] KP step 1computer-1
[10:39:06.486] [INFO   ] KP step 10computer-1
[10:39:06.486] [INFO   ] AI key pressed step 3, random slot: 11
[10:39:06.486] [INFO   ] creat AI step 8 
[10:39:06.486] [INFO   ] creat AI step 9 
[10:39:06.484] [INFO   ] KP step 10computer-0
[10:39:06.486] [INFO   ] creat AI step 10 
[10:39:06.486] [INFO   ] creat AI step 11 
[10:39:06.486] [INFO   ] creat AI step 3 
[10:39:06.486] [INFO   ] creat AI step 7 
[10:39:06.486] [INFO   ] AI key pressed step 1 
[10:39:06.486] [INFO   ] AI key pressed step 3, random slot: 10
[10:39:06.486] [INFO   ] AI key pressed step 2 
[10:39:06.487] [INFO   ] creat AI step 8 
[10:39:06.487] [INFO   ] creat AI step 9 
[10:39:06.487] [INFO   ] KP step 1computer-1
[10:39:06.487] [INFO   ] KP step 10computer-1
[10:39:06.487] [INFO   ] AI key pressed step 3, random slot: 8
[10:39:06.487] [INFO   ] creat AI step 8 
[10:39:06.487] [INFO   ] creat AI step 9 
[10:39:06.487] [INFO   ] creat AI step 10 
[10:39:06.487] [INFO   ] creat AI step 11 
[10:39:06.489] [INFO   ] creat AI step 3 
[10:39:06.489] [INFO   ] creat AI step 7 
[10:39:06.489] [INFO   ] AI key pressed step 1 
[10:39:06.487] [INFO   ] creat AI step 10 
[10:39:06.489] [INFO   ] AI key pressed step 2 
[10:39:06.489] [INFO   ] creat AI step 11 
[10:39:06.489] [INFO   ] KP step 1computer-1
[10:39:06.489] [INFO   ] creat AI step 3 
[10:39:06.489] [INFO   ] creat AI step 7 
[10:39:06.489] [INFO   ] AI key pressed step 1 
[10:39:06.489] [INFO   ] KP step 10computer-1
[10:39:06.489] [INFO   ] AI key pressed step 2 
[10:39:06.490] [INFO   ] AI key pressed step 3, random slot: 11
[10:39:06.490] [INFO   ] KP step 1computer-0
[10:39:06.490] [INFO   ] creat AI step 8 
[10:39:06.490] [INFO   ] creat AI step 9 
[10:39:06.490] [INFO   ] KP step 10computer-0
[10:39:06.490] [INFO   ] creat AI step 10 
[10:39:06.490] [INFO   ] creat AI step 11 
[10:39:06.490] [INFO   ] AI key pressed step 3, random slot: 4
[10:39:06.490] [INFO   ] creat AI step 8 
[10:39:06.490] [INFO   ] creat AI step 3 
[10:39:06.490] [INFO   ] creat AI step 9 
[10:39:06.491] [INFO   ] creat AI step 7 
[10:39:06.491] [INFO   ] creat AI step 10 
[10:39:06.491] [INFO   ] creat AI step 11 
[10:39:06.491] [INFO   ] creat AI step 3 
[10:39:06.491] [INFO   ] creat AI step 7 
[10:39:06.492] [INFO   ] AI key pressed step 1 
[10:39:06.492] [INFO   ] AI key pressed step 2 
[10:39:06.492] [INFO   ] KP step 1computer-0
[10:39:06.492] [INFO   ] KP step 10computer-0
[10:39:06.492] [INFO   ] AI key pressed step 3, random slot: 8
[10:39:06.492] [INFO   ] creat AI step 8 
[10:39:06.492] [INFO   ] creat AI step 9 
[10:39:06.492] [INFO   ] creat AI step 10 
[10:39:06.492] [INFO   ] creat AI step 11 
[10:39:06.492] [INFO   ] creat AI step 3 
[10:39:06.492] [INFO   ] creat AI step 7 
[10:39:06.492] [INFO   ] AI key pressed step 1 
[10:39:06.492] [INFO   ] AI key pressed step 2 
[10:39:06.493] [INFO   ] KP step 1computer-0
[10:39:06.493] [INFO   ] KP step 10computer-0
[10:39:06.493] [INFO   ] AI key pressed step 3, random slot: 3
[10:39:06.493] [INFO   ] creat AI step 8 
[10:39:06.493] [INFO   ] creat AI step 9 
[10:39:06.493] [INFO   ] creat AI step 10 
[10:39:06.493] [INFO   ] creat AI step 11 
[10:39:06.493] [INFO   ] creat AI step 3 
[10:39:06.493] [INFO   ] creat AI step 7 
[10:39:06.493] [INFO   ] AI key pressed step 1 
[10:39:06.493] [INFO   ] AI key pressed step 2 
[10:39:06.491] [INFO   ] AI key pressed step 1 
[10:39:06.493] [INFO   ] KP step 1computer-0
[10:39:06.493] [INFO   ] AI key pressed step 2 
[10:39:06.493] [INFO   ] KP step 1computer-1
[10:39:06.493] [INFO   ] KP step 10computer-0
[10:39:06.494] [INFO   ] AI key pressed step 3, random slot: 10
[10:39:06.494] [INFO   ] creat AI step 8 
[10:39:06.494] [INFO   ] KP step 10computer-1
[10:39:06.494] [INFO   ] creat AI step 9 
[10:39:06.494] [INFO   ] AI key pressed step 3, random slot: 8
[10:39:06.494] [INFO   ] creat AI step 8 
[10:39:06.494] [INFO   ] creat AI step 10 
[10:39:06.494] [INFO   ] creat AI step 11 
[10:39:06.494] [INFO   ] creat AI step 3 
[10:39:06.494] [INFO   ] creat AI step 9 
[10:39:06.494] [INFO   ] creat AI step 7 
[10:39:06.497] [INFO   ] creat AI step 10 
[10:39:06.498] [INFO   ] AI key pressed step 1 
[10:39:06.498] [INFO   ] creat AI step 11 
[10:39:06.498] [INFO   ] AI key pressed step 2 
[10:39:06.498] [INFO   ] creat AI step 3 
[10:39:06.498] [INFO   ] creat AI step 7 
[10:39:06.499] [INFO   ] AI key pressed step 1 
[10:39:06.498] [INFO   ] KP step 1computer-0
[10:39:06.499] [INFO   ] KP step 10computer-0
[10:39:06.499] [INFO   ] AI key pressed step 2 
[10:39:06.499] [INFO   ] AI key pressed step 3, random slot: 1
[10:39:06.499] [INFO   ] creat AI step 8 
[10:39:06.499] [INFO   ] creat AI step 9 
[10:39:06.499] [INFO   ] KP step 1computer-1
[10:39:06.499] [INFO   ] creat AI step 10 
[10:39:06.499] [INFO   ] creat AI step 11 
[10:39:06.499] [INFO   ] KP step 10computer-1
[10:39:06.499] [INFO   ] creat AI step 3 
[10:39:06.499] [INFO   ] AI key pressed step 3, random slot: 2
[10:39:06.500] [INFO   ] creat AI step 8 
[10:39:06.500] [INFO   ] creat AI step 9 
[10:39:06.500] [INFO   ] creat AI step 7 
[10:39:06.500] [INFO   ] AI key pressed step 1 
[10:39:06.500] [INFO   ] creat AI step 10 
[10:39:06.500] [INFO   ] AI key pressed step 2 
[10:39:06.501] [INFO   ] creat AI step 11 
[10:39:06.501] [INFO   ] creat AI step 3 
[10:39:06.501] [INFO   ] creat AI step 7 
[10:39:06.501] [INFO   ] AI key pressed step 1 
[10:39:06.501] [INFO   ] AI key pressed step 2 
[10:39:06.501] [INFO   ] KP step 1computer-1
[10:39:06.501] [INFO   ] KP step 1computer-0
[10:39:06.501] [INFO   ] KP step 10computer-1
[10:39:06.501] [INFO   ] AI key pressed step 3, random slot: 11
[10:39:06.501] [INFO   ] creat AI step 8 
[10:39:06.501] [INFO   ] creat AI step 9 
[10:39:06.501] [INFO   ] KP step 10computer-0
[10:39:06.501] [INFO   ] creat AI step 10 
[10:39:06.502] [INFO   ] creat AI step 11 
[10:39:06.502] [INFO   ] creat AI step 3 
[10:39:06.502] [INFO   ] creat AI step 7 
[10:39:06.502] [INFO   ] AI key pressed step 1 
[10:39:06.502] [INFO   ] AI key pressed step 3, random slot: 10
[10:39:06.502] [INFO   ] creat AI step 8 
[10:39:06.503] [INFO   ] creat AI step 9 
[10:39:06.502] [INFO   ] AI key pressed step 2 
[10:39:06.503] [INFO   ] creat AI step 10 
[10:39:06.503] [INFO   ] creat AI step 11 
[10:39:06.503] [INFO   ] creat AI step 3 
[10:39:06.503] [INFO   ] creat AI step 7 
[10:39:06.503] [INFO   ] KP step 1computer-1
[10:39:06.503] [INFO   ] AI key pressed step 1 
[10:39:06.503] [INFO   ] KP step 10computer-1
[10:39:06.503] [INFO   ] AI key pressed step 2 
[10:39:06.503] [INFO   ] KP step 1computer-0
[10:39:06.503] [INFO   ] AI key pressed step 3, random slot: 11
[10:39:06.503] [INFO   ] KP step 10computer-0
[10:39:06.503] [INFO   ] creat AI step 8 
[10:39:06.503] [INFO   ] creat AI step 9 
[10:39:06.503] [INFO   ] AI key pressed step 3, random slot: 3
[10:39:06.504] [INFO   ] creat AI step 8 
[10:39:06.504] [INFO   ] creat AI step 9 
[10:39:06.504] [INFO   ] creat AI step 10 
[10:39:06.504] [INFO   ] creat AI step 11 
[10:39:06.504] [INFO   ] creat AI step 10 
[10:39:06.504] [INFO   ] creat AI step 11 
[10:39:06.504] [INFO   ] creat AI step 3 
[10:39:06.504] [INFO   ] creat AI step 7 
[10:39:06.504] [INFO   ] AI key pressed step 1 
[10:39:06.504] [INFO   ] creat AI step 3 
[10:39:06.504] [INFO   ] creat AI step 7 
[10:39:06.504] [INFO   ] AI key pressed step 1 
[10:39:06.504] [INFO   ] AI key pressed step 2 
[10:39:06.504] [INFO   ] AI key pressed step 2 
[10:39:06.504] [INFO   ] KP step 1computer-1
[10:39:06.504] [INFO   ] KP step 10computer-1
[10:39:06.504] [INFO   ] AI key pressed step 3, random slot: 10
[10:39:06.504] [INFO   ] creat AI step 8 
[10:39:06.504] [INFO   ] creat AI step 9 
[10:39:06.506] [INFO   ] creat AI step 10 
[10:39:06.506] [INFO   ] creat AI step 11 
[10:39:06.506] [INFO   ] creat AI step 3 
[10:39:06.506] [INFO   ] creat AI step 7 
[10:39:06.506] [INFO   ] AI key pressed step 1 
[10:39:06.506] [INFO   ] AI key pressed step 2 
[10:39:06.506] [INFO   ] KP step 1computer-1
[10:39:06.504] [INFO   ] KP step 1computer-0
[10:39:06.506] [INFO   ] KP step 10computer-1
[10:39:06.506] [INFO   ] AI key pressed step 3, random slot: 4
[10:39:06.506] [INFO   ] creat AI step 8 
[10:39:06.506] [INFO   ] creat AI step 9 
[10:39:06.506] [INFO   ] KP step 10computer-0
[10:39:06.506] [INFO   ] creat AI step 10 
[10:39:06.506] [INFO   ] creat AI step 11 
[10:39:06.506] [INFO   ] creat AI step 3 
[10:39:06.506] [INFO   ] creat AI step 7 
[10:39:06.506] [INFO   ] AI key pressed step 1 
[10:39:06.506] [INFO   ] AI key pressed step 3, random slot: 3
[10:39:06.506] [INFO   ] creat AI step 8 
[10:39:06.506] [INFO   ] creat AI step 9 
[10:39:06.506] [INFO   ] AI key pressed step 2 
[10:39:06.506] [INFO   ] KP step 1computer-1
[10:39:06.506] [INFO   ] creat AI step 10 
[10:39:06.507] [INFO   ] creat AI step 11 
[10:39:06.507] [INFO   ] creat AI step 3 
[10:39:06.507] [INFO   ] creat AI step 7 
[10:39:06.507] [INFO   ] AI key pressed step 1 
[10:39:06.507] [INFO   ] KP step 10computer-1
[10:39:06.507] [INFO   ] AI key pressed step 3, random slot: 5
[10:39:06.507] [INFO   ] creat AI step 8 
[10:39:06.507] [INFO   ] creat AI step 9 
[10:39:06.507] [INFO   ] AI key pressed step 2 
[10:39:06.507] [INFO   ] creat AI step 10 
[10:39:06.507] [INFO   ] creat AI step 11 
[10:39:06.507] [INFO   ] creat AI step 3 
[10:39:06.507] [INFO   ] creat AI step 7 
[10:39:06.508] [INFO   ] AI key pressed step 1 
[10:39:06.507] [INFO   ] KP step 1computer-0
[10:39:06.508] [INFO   ] AI key pressed step 2 
[10:39:06.508] [INFO   ] KP step 10computer-0
[10:39:06.508] [INFO   ] KP step 1computer-1
[10:39:06.508] [INFO   ] AI key pressed step 3, random slot: 4
[10:39:06.508] [INFO   ] creat AI step 8 
[10:39:06.508] [INFO   ] KP step 10computer-1
[10:39:06.508] [INFO   ] creat AI step 9 
[10:39:06.508] [INFO   ] AI key pressed step 3, random slot: 0
[10:39:06.508] [INFO   ] creat AI step 8 
[10:39:06.508] [INFO   ] creat AI step 9 
[10:39:06.508] [INFO   ] creat AI step 10 
[10:39:06.508] [INFO   ] creat AI step 10 
[10:39:06.509] [INFO   ] creat AI step 11 
[10:39:06.509] [INFO   ] creat AI step 3 
[10:39:06.509] [INFO   ] creat AI step 7 
[10:39:06.509] [INFO   ] AI key pressed step 1 
[10:39:06.509] [INFO   ] creat AI step 11 
[10:39:06.509] [INFO   ] creat AI step 3 
[10:39:06.509] [INFO   ] creat AI step 7 
[10:39:06.509] [INFO   ] AI key pressed step 1 
[10:39:06.509] [INFO   ] AI key pressed step 2 
[10:39:06.509] [INFO   ] AI key pressed step 2 
[10:39:06.509] [INFO   ] KP step 1computer-1
[10:39:06.509] [INFO   ] KP step 1computer-0
[10:39:06.509] [INFO   ] KP step 10computer-0
[10:39:06.510] [INFO   ] AI key pressed step 3, random slot: 11
[10:39:06.510] [INFO   ] creat AI step 8 
[10:39:06.509] [INFO   ] KP step 10computer-1
[10:39:06.510] [INFO   ] creat AI step 9 
[10:39:06.510] [INFO   ] AI key pressed step 3, random slot: 8
[10:39:06.510] [INFO   ] creat AI step 8 
[10:39:06.510] [INFO   ] creat AI step 10 
[10:39:06.510] [INFO   ] creat AI step 11 
[10:39:06.510] [INFO   ] creat AI step 3 
[10:39:06.510] [INFO   ] creat AI step 9 
[10:39:06.510] [INFO   ] creat AI step 7 
[10:39:06.510] [INFO   ] AI key pressed step 1 
[10:39:06.510] [INFO   ] AI key pressed step 2 
[10:39:06.511] [INFO   ] KP step 1computer-0
[10:39:06.510] [INFO   ] creat AI step 10 
[10:39:06.511] [INFO   ] creat AI step 11 
[10:39:06.511] [INFO   ] KP step 10computer-0
[10:39:06.511] [INFO   ] creat AI step 3 
[10:39:06.511] [INFO   ] AI key pressed step 3, random slot: 6
[10:39:06.511] [INFO   ] creat AI step 8 
[10:39:06.511] [INFO   ] creat AI step 9 
[10:39:06.511] [INFO   ] creat AI step 10 
[10:39:06.511] [INFO   ] creat AI step 11 
[10:39:06.511] [INFO   ] creat AI step 3 
[10:39:06.511] [INFO   ] creat AI step 7 
[10:39:06.511] [INFO   ] AI key pressed step 1 
[10:39:06.511] [INFO   ] AI key pressed step 2 
[10:39:06.511] [INFO   ] KP step 1computer-0
[10:39:06.512] [INFO   ] KP step 10computer-0
[10:39:06.512] [INFO   ] AI key pressed step 3, random slot: 0
[10:39:06.512] [INFO   ] creat AI step 8 
[10:39:06.512] [INFO   ] creat AI step 9 
[10:39:06.512] [INFO   ] creat AI step 7 
[10:39:06.512] [INFO   ] AI key pressed step 1 
[10:39:06.512] [INFO   ] creat AI step 10 
[10:39:06.512] [INFO   ] AI key pressed step 2 
[10:39:06.512] [INFO   ] creat AI step 11 
[10:39:06.512] [INFO   ] creat AI step 3 
[10:39:06.512] [INFO   ] KP step 1computer-1
[10:39:06.512] [INFO   ] creat AI step 7 
[10:39:06.512] [INFO   ] AI key pressed step 1 
[10:39:06.512] [INFO   ] KP step 10computer-1
[10:39:06.512] [INFO   ] AI key pressed step 2 
[10:39:06.513] [INFO   ] KP step 1computer-0
[10:39:06.513] [INFO   ] KP step 10computer-0
[10:39:06.513] [INFO   ] AI key pressed step 3, random slot: 6
[10:39:06.513] [INFO   ] AI key pressed step 3, random slot: 9
[10:39:06.513] [INFO   ] creat AI step 8 
[10:39:06.513] [INFO   ] creat AI step 9 
[10:39:06.513] [INFO   ] creat AI step 8 
[10:39:06.513] [INFO   ] creat AI step 9 
[10:39:06.513] [INFO   ] creat AI step 10 
[10:39:06.513] [INFO   ] creat AI step 11 
[10:39:06.513] [INFO   ] creat AI step 3 
[10:39:06.513] [INFO   ] creat AI step 10 
[10:39:06.513] [INFO   ] creat AI step 11 
[10:39:06.513] [INFO   ] creat AI step 3 
[10:39:06.513] [INFO   ] creat AI step 7 
[10:39:06.513] [INFO   ] AI key pressed step 1 
[10:39:06.513] [INFO   ] creat AI step 7 
[10:39:06.515] [INFO   ] AI key pressed step 1 
[10:39:06.515] [INFO   ] AI key pressed step 2 
[10:39:06.513] [INFO   ] AI key pressed step 2 
[10:39:06.515] [INFO   ] KP step 1computer-1
[10:39:06.515] [INFO   ] KP step 10computer-1
[10:39:06.515] [INFO   ] AI key pressed step 3, random slot: 2
[10:39:06.515] [INFO   ] creat AI step 8 
[10:39:06.515] [INFO   ] creat AI step 9 
[10:39:06.515] [INFO   ] KP step 1computer-0
[10:39:06.515] [INFO   ] creat AI step 10 
[10:39:06.515] [INFO   ] creat AI step 11 
[10:39:06.515] [INFO   ] creat AI step 3 
[10:39:06.515] [INFO   ] creat AI step 7 
[10:39:06.515] [INFO   ] AI key pressed step 1 
[10:39:06.515] [INFO   ] KP step 10computer-0
[10:39:06.515] [INFO   ] AI key pressed step 2 
[10:39:06.515] [INFO   ] AI key pressed step 3, random slot: 11
[10:39:06.515] [INFO   ] KP step 1computer-1
[10:39:06.517] [INFO   ] KP step 10computer-1
[10:39:06.517] [INFO   ] AI key pressed step 3, random slot: 5
[10:39:06.517] [INFO   ] creat AI step 8 
[10:39:06.517] [INFO   ] creat AI step 8 
[10:39:06.517] [INFO   ] creat AI step 9 
[10:39:06.517] [INFO   ] creat AI step 9 
[10:39:06.517] [INFO   ] creat AI step 10 
[10:39:06.517] [INFO   ] creat AI step 10 
[10:39:06.517] [INFO   ] creat AI step 11 
[10:39:06.517] [INFO   ] creat AI step 3 
[10:39:06.517] [INFO   ] creat AI step 7 
[10:39:06.517] [INFO   ] AI key pressed step 1 
[10:39:06.517] [INFO   ] AI key pressed step 2 
[10:39:06.517] [INFO   ] KP step 1computer-1
[10:39:06.517] [INFO   ] KP step 10computer-1
[10:39:06.517] [INFO   ] creat AI step 11 
[10:39:06.518] [INFO   ] creat AI step 3 
[10:39:06.518] [INFO   ] creat AI step 7 
[10:39:06.518] [INFO   ] AI key pressed step 1 
[10:39:06.518] [INFO   ] AI key pressed step 2 
[10:39:06.518] [INFO   ] KP step 1computer-0
[10:39:06.518] [INFO   ] KP step 10computer-0
[10:39:06.518] [INFO   ] AI key pressed step 3, random slot: 5
[10:39:06.518] [INFO   ] creat AI step 8 
[10:39:06.518] [INFO   ] creat AI step 9 
[10:39:06.517] [INFO   ] AI key pressed step 3, random slot: 8
[10:39:06.518] [INFO   ] creat AI step 10 
[10:39:06.518] [INFO   ] creat AI step 11 
[10:39:06.518] [INFO   ] creat AI step 3 
[10:39:06.518] [INFO   ] creat AI step 7 
[10:39:06.518] [INFO   ] AI key pressed step 1 
[10:39:06.518] [INFO   ] creat AI step 8 
[10:39:06.518] [INFO   ] AI key pressed step 2 
[10:39:06.519] [INFO   ] creat AI step 9 
[10:39:06.519] [INFO   ] KP step 1computer-0
[10:39:06.519] [INFO   ] creat AI step 10 
[10:39:06.519] [INFO   ] creat AI step 11 
[10:39:06.519] [INFO   ] KP step 10computer-0
[10:39:06.519] [INFO   ] creat AI step 3 
[10:39:06.519] [INFO   ] AI key pressed step 3, random slot: 0
[10:39:06.519] [INFO   ] creat AI step 8 
[10:39:06.519] [INFO   ] creat AI step 7 
[10:39:06.519] [INFO   ] AI key pressed step 1 
[10:39:06.519] [INFO   ] creat AI step 9 
[10:39:06.520] [INFO   ] AI key pressed step 2 
[10:39:06.520] [INFO   ] creat AI step 10 
[10:39:06.520] [INFO   ] KP step 1computer-1
[10:39:06.520] [INFO   ] creat AI step 11 
[10:39:06.520] [INFO   ] creat AI step 3 
[10:39:06.520] [INFO   ] KP step 10computer-1
[10:39:06.520] [INFO   ] creat AI step 7 
[10:39:06.520] [INFO   ] AI key pressed step 1 
[10:39:06.520] [INFO   ] AI key pressed step 3, random slot: 3
[10:39:06.520] [INFO   ] creat AI step 8 
[10:39:06.520] [INFO   ] creat AI step 9 
[10:39:06.520] [INFO   ] AI key pressed step 2 
[10:39:06.520] [INFO   ] creat AI step 10 
[10:39:06.521] [INFO   ] creat AI step 11 
[10:39:06.521] [INFO   ] creat AI step 3 
[10:39:06.521] [INFO   ] creat AI step 7 
[10:39:06.521] [INFO   ] AI key pressed step 1 
[10:39:06.521] [INFO   ] KP step 1computer-0
[10:39:06.521] [INFO   ] AI key pressed step 2 
[10:39:06.521] [INFO   ] KP step 10computer-0
[10:39:06.521] [INFO   ] KP step 1computer-1
[10:39:06.521] [INFO   ] AI key pressed step 3, random slot: 5
[10:39:06.521] [INFO   ] creat AI step 8 
[10:39:06.521] [INFO   ] creat AI step 9 
[10:39:06.521] [INFO   ] KP step 10computer-1
[10:39:06.521] [INFO   ] creat AI step 10 
[10:39:06.521] [INFO   ] AI key pressed step 3, random slot: 7
[10:39:06.522] [INFO   ] creat AI step 11 
[10:39:06.522] [INFO   ] creat AI step 3 
[10:39:06.522] [INFO   ] creat AI step 7 
[10:39:06.522] [INFO   ] AI key pressed step 1 
[10:39:06.522] [INFO   ] creat AI step 8 
[10:39:06.522] [INFO   ] AI key pressed step 2 
[10:39:06.522] [INFO   ] creat AI step 9 
[10:39:06.522] [INFO   ] KP step 1computer-0
[10:39:06.522] [INFO   ] creat AI step 10 
[10:39:06.523] [INFO   ] creat AI step 11 
[10:39:06.523] [INFO   ] creat AI step 3 
[10:39:06.523] [INFO   ] creat AI step 7 
[10:39:06.523] [INFO   ] AI key pressed step 1 
[10:39:06.523] [INFO   ] AI key pressed step 2 
[10:39:06.522] [INFO   ] KP step 10computer-0
[10:39:06.523] [INFO   ] KP step 1computer-1
[10:39:06.524] [INFO   ] AI key pressed step 3, random slot: 7
[10:39:06.524] [INFO   ] KP step 10computer-1
[10:39:06.526] [INFO   ] creat AI step 8 
[10:39:06.526] [INFO   ] AI key pressed step 3, random slot: 3
[10:39:06.526] [INFO   ] creat AI step 8 
[10:39:06.526] [INFO   ] creat AI step 9 
[10:39:06.526] [INFO   ] creat AI step 10 
[10:39:06.526] [INFO   ] creat AI step 11 
[10:39:06.527] [INFO   ] creat AI step 3 
[10:39:06.527] [INFO   ] creat AI step 7 
[10:39:06.527] [INFO   ] AI key pressed step 1 
[10:39:06.527] [INFO   ] AI key pressed step 2 
[10:39:06.526] [INFO   ] creat AI step 9 
[10:39:06.527] [INFO   ] KP step 1computer-1
[10:39:06.527] [INFO   ] KP step 10computer-1
[10:39:06.527] [INFO   ] creat AI step 10 
[10:39:06.527] [INFO   ] creat AI step 11 
[10:39:06.527] [INFO   ] creat AI step 3 
[10:39:06.527] [INFO   ] creat AI step 7 
[10:39:06.527] [INFO   ] AI key pressed step 1 
[10:39:06.527] [INFO   ] AI key pressed step 3, random slot: 3
[10:39:06.527] [INFO   ] creat AI step 8 
[10:39:06.527] [INFO   ] creat AI step 9 
[10:39:06.527] [INFO   ] AI key pressed step 2 
[10:39:06.527] [INFO   ] creat AI step 10 
[10:39:06.527] [INFO   ] creat AI step 11 
[10:39:06.527] [INFO   ] KP step 1computer-0
[10:39:06.527] [INFO   ] creat AI step 3 
[10:39:06.527] [INFO   ] KP step 10computer-0
[10:39:06.528] [INFO   ] AI key pressed step 3, random slot: 9
[10:39:06.527] [INFO   ] creat AI step 7 
[10:39:06.528] [INFO   ] creat AI step 8 
[10:39:06.528] [INFO   ] creat AI step 9 
[10:39:06.528] [INFO   ] AI key pressed step 1 
[10:39:06.528] [INFO   ] creat AI step 10 
[10:39:06.528] [INFO   ] creat AI step 11 
[10:39:06.528] [INFO   ] creat AI step 3 
[10:39:06.528] [INFO   ] creat AI step 7 
[10:39:06.528] [INFO   ] AI key pressed step 1 
[10:39:06.528] [INFO   ] AI key pressed step 2 
[10:39:06.528] [INFO   ] AI key pressed step 2 
[10:39:06.529] [INFO   ] KP step 1computer-0
[10:39:06.529] [INFO   ] KP step 1computer-1
[10:39:06.529] [INFO   ] KP step 10computer-0
[10:39:06.529] [INFO   ] AI key pressed step 3, random slot: 7
[10:39:06.529] [INFO   ] creat AI step 8 
[10:39:06.529] [INFO   ] creat AI step 9 
[10:39:06.529] [INFO   ] creat AI step 10 
[10:39:06.529] [INFO   ] KP step 10computer-1
[10:39:06.529] [INFO   ] creat AI step 11 
[10:39:06.530] [INFO   ] creat AI step 3 
[10:39:06.530] [INFO   ] AI key pressed step 3, random slot: 2
[10:39:06.533] [INFO   ] creat AI step 8 
[10:39:06.533] [INFO   ] creat AI step 9 
[10:39:06.534] [INFO   ] creat AI step 10 
[10:39:06.534] [INFO   ] creat AI step 11 
[10:39:06.534] [INFO   ] creat AI step 3 
[10:39:06.534] [INFO   ] creat AI step 7 
[10:39:06.533] [INFO   ] creat AI step 7 
[10:39:06.534] [INFO   ] AI key pressed step 1 
[10:39:06.534] [INFO   ] AI key pressed step 1 
[10:39:06.534] [INFO   ] AI key pressed step 2 
[10:39:06.534] [INFO   ] AI key pressed step 2 
[10:39:06.534] [INFO   ] KP step 1computer-0
[10:39:06.534] [INFO   ] KP step 1computer-1
[10:39:06.534] [INFO   ] KP step 10computer-1
[10:39:06.534] [INFO   ] KP step 10computer-0
[10:39:06.534] [INFO   ] AI key pressed step 3, random slot: 2
[10:39:06.534] [INFO   ] creat AI step 8 
[10:39:06.534] [INFO   ] creat AI step 9 
[10:39:06.534] [INFO   ] AI key pressed step 3, random slot: 2
[10:39:06.534] [INFO   ] creat AI step 8 
[10:39:06.534] [INFO   ] creat AI step 9 
[10:39:06.534] [INFO   ] creat AI step 10 
[10:39:06.536] [INFO   ] creat AI step 11 
[10:39:06.536] [INFO   ] creat AI step 3 
[10:39:06.534] [INFO   ] creat AI step 10 
[10:39:06.536] [INFO   ] creat AI step 11 
[10:39:06.536] [INFO   ] creat AI step 3 
[10:39:06.536] [INFO   ] creat AI step 7 
[10:39:06.536] [INFO   ] AI key pressed step 1 
[10:39:06.536] [INFO   ] creat AI step 7 
[10:39:06.536] [INFO   ] AI key pressed step 1 
[10:39:06.536] [INFO   ] AI key pressed step 2 
[10:39:06.536] [INFO   ] AI key pressed step 2 
[10:39:06.536] [INFO   ] KP step 1computer-0
[10:39:06.536] [INFO   ] KP step 10computer-0
[10:39:06.536] [INFO   ] AI key pressed step 3, random slot: 10
[10:39:06.536] [INFO   ] creat AI step 8 
[10:39:06.536] [INFO   ] creat AI step 9 
[10:39:06.536] [INFO   ] KP step 1computer-1
[10:39:06.536] [INFO   ] creat AI step 10 
[10:39:06.537] [INFO   ] creat AI step 11 
[10:39:06.537] [INFO   ] creat AI step 3 
[10:39:06.537] [INFO   ] creat AI step 7 
[10:39:06.537] [INFO   ] AI key pressed step 1 
[10:39:06.537] [INFO   ] AI key pressed step 2 
[10:39:06.537] [INFO   ] KP step 1computer-0
[10:39:06.537] [INFO   ] KP step 10computer-0
[10:39:06.537] [INFO   ] AI key pressed step 3, random slot: 9
[10:39:06.537] [INFO   ] creat AI step 8 
[10:39:06.536] [INFO   ] KP step 10computer-1
[10:39:06.537] [INFO   ] AI key pressed step 3, random slot: 5
[10:39:06.537] [INFO   ] creat AI step 9 
[10:39:06.537] [INFO   ] creat AI step 8 
[10:39:06.537] [INFO   ] creat AI step 9 
[10:39:06.537] [INFO   ] creat AI step 10 
[10:39:06.537] [INFO   ] creat AI step 10 
[10:39:06.537] [INFO   ] creat AI step 11 
[10:39:06.537] [INFO   ] creat AI step 11 
[10:39:06.538] [INFO   ] creat AI step 3 
[10:39:06.537] [INFO   ] creat AI step 3 
[10:39:06.538] [INFO   ] creat AI step 7 
[10:39:06.538] [INFO   ] AI key pressed step 1 
[10:39:06.538] [INFO   ] creat AI step 7 
[10:39:06.538] [INFO   ] AI key pressed step 2 
[10:39:06.538] [INFO   ] AI key pressed step 1 
[10:39:06.539] [INFO   ] KP step 1computer-0
[10:39:06.539] [INFO   ] AI key pressed step 2 
[10:39:06.539] [INFO   ] KP step 1computer-1
[10:39:06.539] [INFO   ] KP step 10computer-1
[10:39:06.539] [INFO   ] KP step 10computer-0
[10:39:06.539] [INFO   ] AI key pressed step 3, random slot: 3
[10:39:06.539] [INFO   ] creat AI step 8 
[10:39:06.539] [INFO   ] creat AI step 9 
[10:39:06.539] [INFO   ] AI key pressed step 3, random slot: 0
[10:39:06.539] [INFO   ] creat AI step 8 
[10:39:06.539] [INFO   ] creat AI step 9 
[10:39:06.539] [INFO   ] creat AI step 10 
[10:39:06.539] [INFO   ] creat AI step 10 
[10:39:06.539] [INFO   ] creat AI step 11 
[10:39:06.539] [INFO   ] creat AI step 3 
[10:39:06.539] [INFO   ] creat AI step 11 
[10:39:06.540] [INFO   ] creat AI step 3 
[10:39:06.539] [INFO   ] creat AI step 7 
[10:39:06.540] [INFO   ] AI key pressed step 1 
[10:39:06.540] [INFO   ] creat AI step 7 
[10:39:06.540] [INFO   ] AI key pressed step 1 
[10:39:06.540] [INFO   ] AI key pressed step 2 
[10:39:06.540] [INFO   ] AI key pressed step 2 
[10:39:06.540] [INFO   ] KP step 1computer-1
[10:39:06.540] [INFO   ] KP step 10computer-1
[10:39:06.540] [INFO   ] KP step 1computer-0
[10:39:06.540] [INFO   ] AI key pressed step 3, random slot: 2
[10:39:06.541] [INFO   ] creat AI step 8 
[10:39:06.540] [INFO   ] KP step 10computer-0
[10:39:06.541] [INFO   ] creat AI step 9 
[10:39:06.541] [INFO   ] creat AI step 10 
[10:39:06.541] [INFO   ] creat AI step 11 
[10:39:06.541] [INFO   ] creat AI step 3 
[10:39:06.541] [INFO   ] creat AI step 7 
[10:39:06.541] [INFO   ] AI key pressed step 1 
[10:39:06.541] [INFO   ] AI key pressed step 2 
[10:39:06.541] [INFO   ] KP step 1computer-1
[10:39:06.541] [INFO   ] AI key pressed step 3, random slot: 5
[10:39:06.541] [INFO   ] creat AI step 8 
[10:39:06.541] [INFO   ] creat AI step 9 
[10:39:06.541] [INFO   ] KP step 10computer-1
[10:39:06.541] [INFO   ] creat AI step 10 
[10:39:06.543] [INFO   ] creat AI step 11 
[10:39:06.544] [INFO   ] creat AI step 3 
[10:39:06.544] [INFO   ] creat AI step 7 
[10:39:06.544] [INFO   ] AI key pressed step 1 
[10:39:06.543] [INFO   ] AI key pressed step 3, random slot: 4
[10:39:06.544] [INFO   ] creat AI step 8 
[10:39:06.544] [INFO   ] AI key pressed step 2 
[10:39:06.544] [INFO   ] creat AI step 9 
[10:39:06.544] [INFO   ] KP step 1computer-0
[10:39:06.544] [INFO   ] creat AI step 10 
[10:39:06.544] [INFO   ] creat AI step 11 
[10:39:06.544] [INFO   ] KP step 10computer-0
[10:39:06.545] [INFO   ] AI key pressed step 3, random slot: 1
[10:39:06.544] [INFO   ] creat AI step 3 
[10:39:06.545] [INFO   ] creat AI step 7 
[10:39:06.545] [INFO   ] AI key pressed step 1 
[10:39:06.545] [INFO   ] AI key pressed step 2 
[10:39:06.545] [INFO   ] KP step 1computer-1
[10:39:06.545] [INFO   ] KP step 10computer-1
[10:39:06.545] [INFO   ] AI key pressed step 3, random slot: 7
[10:39:06.545] [INFO   ] creat AI step 8 
[10:39:06.545] [INFO   ] creat AI step 9 
[10:39:06.545] [INFO   ] creat AI step 10 
[10:39:06.545] [INFO   ] creat AI step 8 
[10:39:06.545] [INFO   ] creat AI step 11 
[10:39:06.545] [INFO   ] creat AI step 3 
[10:39:06.546] [INFO   ] creat AI step 7 
[10:39:06.546] [INFO   ] AI key pressed step 1 
[10:39:06.546] [INFO   ] AI key pressed step 2 
[10:39:06.546] [INFO   ] place card step 0 
[10:39:06.545] [INFO   ] creat AI step 9 
[10:39:06.546] [INFO   ] place card step 1 
[10:39:06.546] [INFO   ] KP step 1computer-1
[10:39:06.546] [INFO   ] creat AI step 10 
[10:39:06.546] [INFO   ] creat AI step 11 
[10:39:06.546] [INFO   ] creat AI step 3 
[10:39:06.546] [INFO   ] KP step 10computer-1
[10:39:06.546] [INFO   ] AI key pressed step 3, random slot: 3
[10:39:06.546] [INFO   ] creat AI step 4 
[10:39:06.547] [INFO   ] creat AI step 8 
[10:39:06.547] [INFO   ] creat AI step 9 
[10:39:06.547] [INFO   ] creat AI step 5 
[10:39:06.547] [INFO   ] creat AI step 10 
[10:39:06.547] [INFO   ] creat AI step 11 
[10:39:06.547] [INFO   ] creat AI step 3 
[10:39:06.547] [INFO   ] creat AI step 4 
[10:39:06.547] [INFO   ] creat AI step 5 
[10:39:06.655] [SEVERE ] placing card 76 in slot 0
[10:39:06.764] [SEVERE ] placing card 77 in slot 1
[10:39:06.873] [SEVERE ] placing card 8 in slot 2
[10:39:06.982] [SEVERE ] placing card 23 in slot 3
[10:39:07.089] [SEVERE ] placing card 63 in slot 4
[10:39:07.198] [SEVERE ] placing card 74 in slot 5
[10:39:07.307] [SEVERE ] placing card 32 in slot 6
[10:39:07.415] [SEVERE ] placing card 49 in slot 7
[10:39:07.524] [SEVERE ] placing card 34 in slot 8
[10:39:07.633] [SEVERE ] placing card 18 in slot 9
[10:39:07.741] [SEVERE ] placing card 64 in slot 10
[10:39:07.851] [SEVERE ] placing card 51 in slot 11
[10:39:07.851] [INFO   ] place card step 2 
[10:39:07.851] [INFO   ] place card step 3 
[10:39:07.855] [INFO   ] place card step 5 
[10:39:07.855] [INFO   ] place card step 6 
[10:39:07.855] [INFO   ] place card step 7 
[10:39:07.855] [INFO   ] place card step 8 
[10:39:07.856] [INFO   ] creat AI step 6 
[10:39:07.856] [INFO   ] creat AI step 7 
[10:39:07.856] [INFO   ] AI key pressed step 1 
[10:39:07.856] [INFO   ] creat AI step 6 
[10:39:07.856] [INFO   ] creat AI step 7 
[10:39:07.856] [INFO   ] AI key pressed step 2 
[10:39:07.856] [INFO   ] KP step 1computer-0
[10:39:07.856] [INFO   ] AI key pressed step 1 
[10:39:07.856] [INFO   ] KP step 2computer-0
[10:39:07.857] [INFO   ] AI key pressed step 2 
[10:39:07.857] [INFO   ] KP step 4computer-0
[10:39:07.857] [INFO   ] KP step 1computer-1
[10:39:07.857] [INFO   ] KP step 5computer-0
[10:39:07.857] [INFO   ] KP step 2computer-1
[10:39:07.857] [SEVERE ] player 1 placing token on slot 9
[10:39:07.857] [INFO   ] KP step 4computer-1
[10:39:07.857] [INFO   ] KP step 5computer-1
[10:39:07.857] [SEVERE ] player 2 placing token on slot 11
[10:39:07.857] [INFO   ] KP step 6computer-0
[10:39:07.857] [INFO   ] KP step 7computer-0
[10:39:07.857] [INFO   ] KP step 8computer-0
[10:39:07.857] [INFO   ] KP step 10computer-0
[10:39:07.857] [INFO   ] AI key pressed step 3, random slot: 9
[10:39:07.857] [INFO   ] creat AI step 8 
[10:39:07.857] [INFO   ] creat AI step 9 
[10:39:07.857] [INFO   ] KP step 6computer-1
[10:39:07.857] [INFO   ] creat AI step 10 
[10:39:07.857] [INFO   ] creat AI step 11 
[10:39:07.857] [INFO   ] creat AI step 3 
[10:39:07.857] [INFO   ] creat AI step 7 
[10:39:07.857] [INFO   ] AI key pressed step 1 
[10:39:07.857] [INFO   ] KP step 7computer-1
[10:39:07.857] [INFO   ] KP step 8computer-1
[10:39:07.857] [INFO   ] KP step 10computer-1
[10:39:07.857] [INFO   ] AI key pressed step 2 
[10:39:07.857] [INFO   ] KP step 1computer-0
[10:39:07.857] [INFO   ] KP step 2computer-0
[10:39:07.857] [INFO   ] AI key pressed step 3, random slot: 11
[10:39:07.857] [INFO   ] creat AI step 8 
[10:39:07.857] [INFO   ] KP step 4computer-0
[10:39:07.858] [INFO   ] creat AI step 9 
[10:39:07.858] [INFO   ] KP step 5computer-0
[10:39:07.858] [INFO   ] creat AI step 10 
[10:39:07.858] [INFO   ] creat AI step 11 
[10:39:07.858] [INFO   ] creat AI step 3 
[10:39:07.858] [INFO   ] creat AI step 7 
[10:39:07.858] [INFO   ] AI key pressed step 1 
[10:39:07.858] [SEVERE ] player 1 placing token on slot 4
[10:39:07.858] [INFO   ] AI key pressed step 2 
[10:39:07.858] [INFO   ] KP step 1computer-1
[10:39:07.858] [INFO   ] KP step 2computer-1
[10:39:07.858] [INFO   ] KP step 6computer-0
[10:39:07.858] [INFO   ] KP step 7computer-0
[10:39:07.858] [INFO   ] KP step 4computer-1
[10:39:07.858] [INFO   ] KP step 8computer-0
[10:39:07.858] [INFO   ] KP step 10computer-0
[10:39:07.858] [INFO   ] AI key pressed step 3, random slot: 4
[10:39:07.858] [INFO   ] creat AI step 8 
[10:39:07.858] [INFO   ] creat AI step 9 
[10:39:07.858] [INFO   ] KP step 5computer-1
[10:39:07.858] [SEVERE ] player 2 placing token on slot 10
[10:39:07.858] [INFO   ] creat AI step 10 
[10:39:07.858] [INFO   ] creat AI step 11 
[10:39:07.860] [INFO   ] creat AI step 3 
[10:39:07.858] [INFO   ] KP step 6computer-1
[10:39:07.860] [INFO   ] KP step 7computer-1
[10:39:07.860] [INFO   ] creat AI step 7 
[10:39:07.860] [INFO   ] AI key pressed step 1 
[10:39:07.860] [INFO   ] AI key pressed step 2 
[10:39:07.860] [INFO   ] KP step 1computer-0
[10:39:07.860] [INFO   ] KP step 2computer-0
[10:39:07.860] [INFO   ] KP step 4computer-0
[10:39:07.860] [INFO   ] KP step 5computer-0
[10:39:07.860] [SEVERE ] player 1 placing token on slot 2
[10:39:07.860] [INFO   ] KP step 8computer-1
[10:39:07.860] [INFO   ] KP step 10computer-1
[10:39:07.860] [INFO   ] AI key pressed step 3, random slot: 10
[10:39:07.860] [INFO   ] creat AI step 8 
[10:39:07.860] [INFO   ] creat AI step 9 
[10:39:07.860] [INFO   ] KP step 6computer-0
[10:39:07.861] [INFO   ] KP step 7computer-0
[10:39:07.860] [INFO   ] creat AI step 10 
[10:39:07.861] [INFO   ] creat AI step 11 
[10:39:07.861] [INFO   ] creat AI step 3 
[10:39:07.861] [INFO   ] creat AI step 7 
[10:39:07.861] [INFO   ] AI key pressed step 1 
[10:39:07.861] [INFO   ] AI key pressed step 2 
[10:39:07.861] [INFO   ] KP step 1computer-1
[10:39:07.861] [INFO   ] KP step 2computer-1
[10:39:07.861] [INFO   ] KP step 8computer-0
[10:39:07.861] [INFO   ] KP step 4computer-1
[10:39:07.861] [INFO   ] KP step 5computer-1
[10:39:07.861] [SEVERE ] player 2 placing token on slot 2
[10:39:07.861] [INFO   ] KP step 9computer-0
[10:39:07.861] [INFO   ] KP step 6computer-1
[10:39:07.861] [INFO   ] KP step 7computer-1
[10:39:07.861] [INFO   ] KP step 8computer-1
[10:39:07.861] [INFO   ] KP step 9computer-1
[10:39:08.863] [SEVERE ] updating countdown to 57469
[10:39:09.303] [INFO   ] place card step 0 
[10:39:09.303] [INFO   ] place card step 1 
[10:39:09.303] [INFO   ] place card step 2 
[10:39:09.303] [INFO   ] place card step 3 
[10:39:09.310] [INFO   ] place card step 5 
[10:39:09.310] [INFO   ] place card step 6 
[10:39:09.310] [INFO   ] place card step 7 
[10:39:09.310] [INFO   ] place card step 8 
[10:39:10.316] [SEVERE ] updating countdown to 56016
[10:39:10.748] [INFO   ] place card step 0 
[10:39:10.748] [INFO   ] place card step 1 
[10:39:10.748] [INFO   ] place card step 2 
[10:39:10.748] [INFO   ] place card step 3 
[10:39:10.750] [INFO   ] place card step 5 
[10:39:10.750] [INFO   ] place card step 6 
[10:39:10.750] [INFO   ] place card step 7 
[10:39:10.750] [INFO   ] place card step 8 
[10:39:11.762] [SEVERE ] updating countdown to 54570
[10:39:12.197] [INFO   ] place card step 0 
[10:39:12.197] [INFO   ] place card step 1 
[10:39:12.197] [INFO   ] place card step 2 
[10:39:12.197] [INFO   ] place card step 3 
[10:39:12.200] [INFO   ] place card step 5 
[10:39:12.201] [INFO   ] place card step 6 
[10:39:12.201] [INFO   ] place card step 7 
[10:39:12.201] [INFO   ] place card step 8 
[10:39:13.214] [SEVERE ] updating countdown to 53118
[10:39:13.651] [INFO   ] place card step 0 
[10:39:13.651] [INFO   ] place card step 1 
[10:39:13.651] [INFO   ] place card step 2 
[10:39:13.651] [INFO   ] place card step 3 
[10:39:13.652] [INFO   ] place card step 5 
[10:39:13.652] [INFO   ] place card step 6 
[10:39:13.652] [INFO   ] place card step 7 
[10:39:13.652] [INFO   ] place card step 8 
[10:39:14.663] [SEVERE ] updating countdown to 51669
[10:39:15.096] [INFO   ] place card step 0 
[10:39:15.096] [INFO   ] place card step 1 
[10:39:15.096] [INFO   ] place card step 2 
[10:39:15.096] [INFO   ] place card step 3 
[10:39:15.096] [INFO   ] place card step 5 
[10:39:15.097] [INFO   ] place card step 6 
[10:39:15.097] [INFO   ] place card step 7 
[10:39:15.097] [INFO   ] place card step 8 
[10:39:16.109] [SEVERE ] updating countdown to 50223
[10:39:16.546] [INFO   ] place card step 0 
[10:39:16.546] [INFO   ] place card step 1 
[10:39:16.546] [INFO   ] place card step 2 
[10:39:16.546] [INFO   ] place card step 3 
[10:39:16.548] [INFO   ] place card step 5 
[10:39:16.548] [INFO   ] place card step 6 
[10:39:16.548] [INFO   ] place card step 7 
[10:39:16.548] [INFO   ] place card step 8 
[10:39:17.561] [SEVERE ] updating countdown to 48771
[10:39:17.995] [INFO   ] place card step 0 
[10:39:17.995] [INFO   ] place card step 1 
[10:39:17.995] [INFO   ] place card step 2 
[10:39:17.995] [INFO   ] place card step 3 
[10:39:17.995] [INFO   ] place card step 5 
[10:39:17.995] [INFO   ] place card step 6 
[10:39:17.995] [INFO   ] place card step 7 
[10:39:17.995] [INFO   ] place card step 8 
[10:39:19.008] [SEVERE ] updating countdown to 47324
[10:39:19.446] [INFO   ] place card step 0 
[10:39:19.446] [INFO   ] place card step 1 
[10:39:19.446] [INFO   ] place card step 2 
[10:39:19.446] [INFO   ] place card step 3 
[10:39:19.447] [INFO   ] place card step 5 
[10:39:19.447] [INFO   ] place card step 6 
[10:39:19.447] [INFO   ] place card step 7 
[10:39:19.447] [INFO   ] place card step 8 
