[18:42:11.700] [INFO   ] thread main starting.
[18:42:11.707] [SEVERE ] cannot read configuration file config.properties trying from resources.
[18:42:11.710] [SEVERE ] configuration file was loaded from resources directory.
[18:42:12.472] [INFO   ] thread dealer starting.
[18:42:12.473] [INFO   ] thread dealer starting.
[18:42:12.474] [INFO   ] thread Thread-0 starting.
[18:42:12.475] [INFO   ] thread computer-0 starting.
[18:42:12.476] [INFO   ] thread Thread-1 starting.
[18:42:12.477] [INFO   ] thread computer-1 starting.
[18:42:12.478] [SEVERE ] updating countdown to 60000
[18:42:12.818] [SEVERE ] placing card 32 in slot 0
[18:42:12.927] [SEVERE ] placing card 9 in slot 1
[18:42:13.035] [SEVERE ] placing card 43 in slot 2
[18:42:13.143] [SEVERE ] placing card 60 in slot 3
[18:42:13.252] [SEVERE ] placing card 58 in slot 4
[18:42:13.359] [SEVERE ] placing card 64 in slot 5
[18:42:13.468] [SEVERE ] placing card 1 in slot 6
[18:42:13.575] [SEVERE ] placing card 47 in slot 7
[18:42:13.683] [SEVERE ] placing card 28 in slot 8
[18:42:13.792] [SEVERE ] placing card 50 in slot 9
[18:42:13.900] [SEVERE ] placing card 10 in slot 10
[18:42:14.009] [SEVERE ] placing card 51 in slot 11
[18:42:14.017] [SEVERE ] player 2 placing token on slot 9
[18:42:14.017] [SEVERE ] player 1 placing token on slot 5
[18:42:14.019] [SEVERE ] player 2 placing token on slot 4
[18:42:14.019] [SEVERE ] player 1 placing token on slot 11
[18:42:14.019] [SEVERE ] player 2 placing token on slot 7
[18:42:14.019] [SEVERE ] player 1 placing token on slot 4
[18:42:14.020] [SEVERE ] updating countdown to 58462
[18:42:14.229] [INFO   ] remove  in the table step 1
[18:42:14.230] [INFO   ] remove  in the table step 2
[18:42:14.232] [SEVERE ] removing player 2 token from slot 9
[18:42:14.233] [SEVERE ] removing player 2 token from slot 4
[18:42:14.234] [SEVERE ] removing player 2 token from slot 7
[18:42:14.234] [INFO   ] thread dealerstep 1.
[18:42:14.235] [INFO   ] thread dealerstep 2.
[18:42:14.235] [INFO   ] thread dealerstep 3.
[18:42:14.235] [INFO   ] thread dealerstep 4.
[18:42:14.236] [INFO   ] thread dealerbefor dealer notify player.
[18:42:14.236] [INFO   ] thread dealerafter dealer notify player.
[18:42:14.236] [INFO   ] remove  in the table step 1
[18:42:14.236] [INFO   ] remove  in the table step 2
[18:42:14.237] [SEVERE ] removing player 1 token from slot 5
[18:42:14.237] [SEVERE ] removing player 1 token from slot 11
[18:42:14.237] [SEVERE ] removing player 1 token from slot 4
[18:42:14.238] [INFO   ] thread dealerstep 1.
[18:42:14.238] [INFO   ] thread dealerstep 2.
[18:42:14.238] [INFO   ] thread dealerstep 3.
[18:42:14.239] [INFO   ] thread dealerstep 4.
[18:42:14.239] [INFO   ] thread dealerbefor dealer notify player.
[18:42:14.239] [INFO   ] thread dealerafter dealer notify player.
[18:42:15.477] [SEVERE ] updating countdown to 57005
[18:42:16.924] [SEVERE ] updating countdown to 55558
[18:42:18.371] [SEVERE ] updating countdown to 54111
[18:42:19.822] [SEVERE ] updating countdown to 52660
