[19:06:20.513] [INFO   ] thread main starting.
[19:06:20.521] [SEVERE ] cannot read configuration file config.properties trying from resources.
[19:06:20.524] [SEVERE ] configuration file was loaded from resources directory.
[19:06:21.174] [INFO   ] thread dealer starting.
[19:06:21.175] [INFO   ] thread dealer starting.
[19:06:21.176] [INFO   ] thread Thread-0 starting.
[19:06:21.178] [INFO   ] thread computer-0 starting.
[19:06:21.179] [INFO   ] thread Thread-1 starting.
[19:06:21.180] [INFO   ] thread computer-1 starting.
[19:06:21.181] [SEVERE ] updating countdown to 60000
[19:06:21.492] [SEVERE ] placing card 19 in slot 0
[19:06:21.593] [SEVERE ] placing card 15 in slot 1
[19:06:21.705] [SEVERE ] placing card 38 in slot 2
[19:06:21.816] [SEVERE ] placing card 54 in slot 3
[19:06:21.922] [SEVERE ] placing card 17 in slot 4
[19:06:22.031] [SEVERE ] placing card 12 in slot 5
[19:06:22.140] [SEVERE ] placing card 47 in slot 6
[19:06:22.248] [SEVERE ] placing card 0 in slot 7
[19:06:22.356] [SEVERE ] placing card 67 in slot 8
[19:06:22.465] [SEVERE ] placing card 68 in slot 9
[19:06:22.574] [SEVERE ] placing card 22 in slot 10
[19:06:22.683] [SEVERE ] placing card 5 in slot 11
[19:06:23.042] [SEVERE ] player 1 placing token on slot 1
[19:06:23.042] [SEVERE ] player 2 placing token on slot 1
[19:06:23.401] [SEVERE ] player 1 placing token on slot 11
[19:06:23.401] [SEVERE ] removing player 2 token from slot 1
[19:06:23.700] [SEVERE ] updating countdown to 57484
[19:06:23.762] [SEVERE ] player 1 placing token on slot 6
[19:06:23.762] [SEVERE ] player 2 placing token on slot 3
[19:06:23.916] [INFO   ] remove  in the table step 1
[19:06:23.917] [INFO   ] remove  in the table step 2
[19:06:23.918] [SEVERE ] removing player 1 token from slot 1
[19:06:23.919] [SEVERE ] removing player 1 token from slot 11
[19:06:23.920] [SEVERE ] removing player 1 token from slot 6
[19:06:23.920] [INFO   ] thread dealerstep 1.
[19:06:23.920] [INFO   ] thread dealerstep 2.
[19:06:23.921] [INFO   ] thread dealerstep 3.
[19:06:23.921] [INFO   ] thread dealerstep 4.
[19:06:23.921] [SEVERE ] updating countdown to 57263
[19:06:23.922] [INFO   ] thread dealerbefor dealer notify player.
[19:06:23.922] [INFO   ] thread dealerafter dealer notify player.
[19:06:23.922] [INFO   ] thread Thread-0 player was notified by dealer.
[19:06:23.923] [INFO   ] penalty
[19:06:23.924] [SEVERE ] setting player 1 freeze to 3000
[19:06:24.119] [SEVERE ] player 2 placing token on slot 1
[19:06:24.477] [SEVERE ] player 2 placing token on slot 2
[19:06:24.477] [SEVERE ] updating countdown to 56707
[19:06:24.694] [INFO   ] remove  in the table step 1
[19:06:24.694] [INFO   ] remove  in the table step 2
[19:06:24.695] [SEVERE ] removing player 2 token from slot 3
[19:06:24.695] [SEVERE ] removing player 2 token from slot 1
[19:06:24.696] [SEVERE ] removing player 2 token from slot 2
[19:06:24.696] [INFO   ] thread dealerstep 1.
[19:06:24.696] [INFO   ] thread dealerstep 2.
[19:06:24.697] [INFO   ] thread dealerstep 3.
[19:06:24.697] [INFO   ] thread dealerstep 4.
[19:06:24.697] [SEVERE ] updating countdown to 56487
[19:06:24.697] [INFO   ] thread dealerbefor dealer notify player.
[19:06:24.699] [INFO   ] thread dealerafter dealer notify player.
[19:06:24.699] [INFO   ] thread Thread-1 player was notified by dealer.
[19:06:24.700] [INFO   ] penalty
[19:06:24.700] [SEVERE ] setting player 2 freeze to 3000
[19:06:24.927] [SEVERE ] setting player 1 freeze to 2000
[19:06:25.706] [SEVERE ] setting player 2 freeze to 2000
[19:06:25.924] [SEVERE ] updating countdown to 55260
[19:06:25.939] [SEVERE ] setting player 1 freeze to 1000
[19:06:26.716] [SEVERE ] setting player 2 freeze to 1000
[19:06:26.950] [SEVERE ] setting player 1 freeze to 0
[19:06:27.307] [SEVERE ] player 1 placing token on slot 5
[19:06:27.370] [SEVERE ] updating countdown to 53814
[19:06:27.729] [SEVERE ] setting player 2 freeze to 0
[19:06:28.165] [SEVERE ] player 2 placing token on slot 4
[19:06:28.165] [SEVERE ] player 1 placing token on slot 7
[19:06:28.525] [SEVERE ] player 1 placing token on slot 11
[19:06:28.525] [SEVERE ] player 2 placing token on slot 8
[19:06:28.526] [SEVERE ] updating countdown to 52658
[19:06:28.742] [INFO   ] remove  in the table step 1
[19:06:28.742] [INFO   ] remove  in the table step 2
[19:06:28.743] [SEVERE ] removing player 1 token from slot 5
[19:06:28.743] [SEVERE ] removing player 1 token from slot 7
[19:06:28.744] [SEVERE ] removing player 1 token from slot 11
[19:06:28.744] [INFO   ] thread dealerstep 1.
[19:06:28.744] [INFO   ] thread dealerstep 2.
[19:06:28.745] [INFO   ] thread dealerstep 3.
[19:06:28.745] [INFO   ] thread dealerstep 4.
[19:06:28.745] [SEVERE ] updating countdown to 52439
[19:06:28.745] [INFO   ] thread dealerbefor dealer notify player.
[19:06:28.745] [INFO   ] thread dealerafter dealer notify player.
[19:06:28.746] [INFO   ] thread Thread-0 player was notified by dealer.
[19:06:28.746] [INFO   ] penalty
[19:06:28.747] [SEVERE ] setting player 1 freeze to 3000
[19:06:28.882] [SEVERE ] player 2 placing token on slot 11
[19:06:28.960] [SEVERE ] updating countdown to 52224
[19:06:29.179] [INFO   ] remove  in the table step 1
[19:06:29.179] [INFO   ] remove  in the table step 2
[19:06:29.179] [SEVERE ] removing player 2 token from slot 4
[19:06:29.181] [SEVERE ] removing player 2 token from slot 8
[19:06:29.181] [SEVERE ] removing player 2 token from slot 11
[19:06:29.181] [INFO   ] thread dealerstep 1.
[19:06:29.181] [INFO   ] thread dealerstep 2.
[19:06:29.182] [INFO   ] thread dealerstep 3.
[19:06:29.182] [INFO   ] thread dealerstep 4.
[19:06:29.182] [SEVERE ] updating countdown to 52002
[19:06:29.182] [INFO   ] thread dealerbefor dealer notify player.
[19:06:29.182] [INFO   ] thread dealerafter dealer notify player.
[19:06:29.183] [INFO   ] thread Thread-1 player was notified by dealer.
[19:06:29.183] [INFO   ] penalty
[19:06:29.183] [SEVERE ] setting player 2 freeze to 3000
[19:06:29.755] [SEVERE ] setting player 1 freeze to 2000
[19:06:30.191] [SEVERE ] setting player 2 freeze to 2000
[19:06:30.409] [SEVERE ] updating countdown to 50775
[19:06:30.765] [SEVERE ] setting player 1 freeze to 1000
[19:06:31.201] [SEVERE ] setting player 2 freeze to 1000
[19:06:31.779] [SEVERE ] setting player 1 freeze to 0
[19:06:31.857] [SEVERE ] updating countdown to 49327
[19:06:32.215] [SEVERE ] setting player 2 freeze to 0
[19:06:32.656] [SEVERE ] player 2 placing token on slot 0
[19:06:32.656] [SEVERE ] player 1 placing token on slot 3
[19:06:33.014] [SEVERE ] player 2 placing token on slot 7
[19:06:33.014] [SEVERE ] player 1 placing token on slot 11
[19:06:33.307] [SEVERE ] updating countdown to 47877
[19:06:33.369] [SEVERE ] removing player 2 token from slot 0
[19:06:33.369] [SEVERE ] player 1 placing token on slot 6
[19:06:33.524] [INFO   ] remove  in the table step 1
[19:06:33.524] [INFO   ] remove  in the table step 2
[19:06:33.525] [SEVERE ] removing player 1 token from slot 3
[19:06:33.525] [SEVERE ] removing player 1 token from slot 11
[19:06:33.525] [SEVERE ] removing player 1 token from slot 6
[19:06:33.526] [INFO   ] thread dealerstep 1.
[19:06:33.526] [INFO   ] thread dealerstep 2.
[19:06:33.526] [INFO   ] thread dealerstep 3.
[19:06:33.526] [INFO   ] thread dealerstep 4.
[19:06:33.527] [SEVERE ] updating countdown to 47657
[19:06:33.527] [INFO   ] thread dealerbefor dealer notify player.
[19:06:33.527] [INFO   ] thread dealerafter dealer notify player.
[19:06:33.527] [INFO   ] thread Thread-0 player was notified by dealer.
[19:06:33.527] [INFO   ] penalty
[19:06:33.527] [SEVERE ] setting player 1 freeze to 3000
[19:06:33.729] [SEVERE ] player 2 placing token on slot 11
[19:06:34.088] [SEVERE ] player 2 placing token on slot 9
[19:06:34.089] [SEVERE ] updating countdown to 47095
[19:06:34.304] [INFO   ] remove  in the table step 1
[19:06:34.305] [INFO   ] remove  in the table step 2
[19:06:34.305] [SEVERE ] removing player 2 token from slot 7
[19:06:34.306] [SEVERE ] removing player 2 token from slot 11
[19:06:34.306] [SEVERE ] removing player 2 token from slot 9
[19:06:34.306] [INFO   ] thread dealerstep 1.
[19:06:34.307] [INFO   ] thread dealerstep 2.
[19:06:34.307] [INFO   ] thread dealerstep 3.
[19:06:34.307] [INFO   ] thread dealerstep 4.
[19:06:34.307] [SEVERE ] updating countdown to 46877
[19:06:34.308] [INFO   ] thread dealerbefor dealer notify player.
[19:06:34.308] [INFO   ] thread dealerafter dealer notify player.
[19:06:34.309] [INFO   ] thread Thread-1 player was notified by dealer.
[19:06:34.309] [INFO   ] penalty
[19:06:34.309] [SEVERE ] setting player 2 freeze to 3000
[19:06:34.541] [SEVERE ] setting player 1 freeze to 2000
[19:06:35.319] [SEVERE ] setting player 2 freeze to 2000
[19:06:35.536] [SEVERE ] updating countdown to 45648
[19:06:35.552] [SEVERE ] setting player 1 freeze to 1000
[19:06:36.321] [SEVERE ] setting player 2 freeze to 1000
[19:06:36.554] [SEVERE ] setting player 1 freeze to 0
[19:06:36.912] [SEVERE ] player 1 placing token on slot 1
[19:06:36.989] [SEVERE ] updating countdown to 44195
[19:06:37.263] [SEVERE ] exit button pressed
[19:06:37.335] [SEVERE ] setting player 2 freeze to 0
[19:06:37.786] [SEVERE ] player 2 placing token on slot 6
[19:06:37.786] [SEVERE ] player 1 placing token on slot 5
[19:06:38.145] [SEVERE ] player 1 placing token on slot 4
[19:06:38.145] [SEVERE ] player 2 placing token on slot 8
[19:06:38.146] [SEVERE ] updating countdown to 43038
[19:06:38.362] [INFO   ] remove  in the table step 1
[19:06:38.364] [INFO   ] remove  in the table step 2
[19:06:38.365] [SEVERE ] removing player 1 token from slot 1
[19:06:38.365] [SEVERE ] removing player 1 token from slot 5
[19:06:38.366] [SEVERE ] removing player 1 token from slot 4
[19:06:38.366] [INFO   ] thread dealerstep 1.
[19:06:38.367] [INFO   ] thread dealerstep 2.
[19:06:38.367] [INFO   ] thread dealerstep 3.
[19:06:38.367] [INFO   ] thread dealerstep 4.
[19:06:38.367] [SEVERE ] updating countdown to 42817
[19:06:38.368] [INFO   ] thread dealerbefor dealer notify player.
[19:06:38.368] [INFO   ] thread dealerafter dealer notify player.
[19:06:38.369] [INFO   ] thread Thread-0 player was notified by dealer.
[19:06:38.369] [INFO   ] penalty
[19:06:38.369] [SEVERE ] setting player 1 freeze to 3000
[19:06:38.502] [SEVERE ] player 2 placing token on slot 0
[19:06:38.581] [SEVERE ] updating countdown to 42603
[19:06:38.796] [INFO   ] remove  in the table step 1
[19:06:38.796] [INFO   ] remove  in the table step 2
[19:06:38.796] [SEVERE ] removing player 2 token from slot 6
[19:06:38.796] [SEVERE ] removing player 2 token from slot 8
[19:06:38.796] [SEVERE ] removing player 2 token from slot 0
[19:06:38.796] [INFO   ] thread dealerstep 1.
[19:06:38.796] [INFO   ] thread dealerstep 2.
[19:06:38.796] [INFO   ] thread dealerstep 3.
[19:06:38.796] [INFO   ] thread dealerstep 4.
[19:06:38.796] [SEVERE ] updating countdown to 42388
[19:06:38.797] [INFO   ] thread dealerbefor dealer notify player.
[19:06:38.797] [INFO   ] thread dealerafter dealer notify player.
[19:06:38.797] [INFO   ] thread Thread-1 player was notified by dealer.
[19:06:38.797] [INFO   ] penalty
[19:06:38.797] [SEVERE ] setting player 2 freeze to 3000
[19:06:39.378] [SEVERE ] setting player 1 freeze to 2000
[19:06:39.800] [SEVERE ] setting player 2 freeze to 2000
[19:06:40.019] [SEVERE ] updating countdown to 41165
[19:06:40.394] [SEVERE ] setting player 1 freeze to 1000
[19:06:40.814] [SEVERE ] setting player 2 freeze to 1000
[19:06:41.403] [SEVERE ] setting player 1 freeze to 0
[19:06:41.465] [SEVERE ] updating countdown to 39719
[19:06:41.821] [SEVERE ] setting player 2 freeze to 0
[19:06:42.256] [SEVERE ] player 2 placing token on slot 10
[19:06:42.256] [SEVERE ] player 1 placing token on slot 1
[19:06:42.611] [SEVERE ] player 1 placing token on slot 6
[19:06:42.611] [SEVERE ] player 2 placing token on slot 3
[19:06:42.902] [SEVERE ] updating countdown to 38282
