[10:12:56.534] [INFO   ] thread main starting.
[10:12:56.542] [SEVERE ] cannot read configuration file config.properties trying from resources.
[10:12:56.545] [SEVERE ] configuration file was loaded from resources directory.
[10:12:57.084] [INFO   ] thread dealer starting.
[10:12:57.085] [INFO   ] thread dealer starting.
[10:12:57.085] [INFO   ] thread Thread-0 starting.
[10:12:57.086] [INFO   ] thread Thread-1 starting.
[10:12:57.086] [SEVERE ] updating countdown to 10000
[10:12:57.091] [INFO   ] thread dealer run step 1.
[10:12:57.419] [SEVERE ] placing card 0 in slot 0
[10:12:57.528] [SEVERE ] placing card 25 in slot 1
[10:12:57.638] [SEVERE ] placing card 64 in slot 2
[10:12:57.746] [SEVERE ] placing card 27 in slot 3
[10:12:57.856] [SEVERE ] placing card 40 in slot 4
[10:12:57.965] [SEVERE ] placing card 13 in slot 5
[10:12:58.075] [SEVERE ] placing card 76 in slot 6
[10:12:58.183] [SEVERE ] placing card 70 in slot 7
[10:12:58.292] [SEVERE ] placing card 26 in slot 8
[10:12:58.401] [SEVERE ] placing card 55 in slot 9
[10:12:58.508] [SEVERE ] placing card 71 in slot 10
[10:12:58.617] [SEVERE ] placing card 43 in slot 11
[10:12:58.618] [INFO   ] thread dealer step 1.
[10:12:58.618] [SEVERE ] updating countdown to 8469
[10:12:58.619] [INFO   ] thread dealer step 2.
[10:12:58.619] [INFO   ] thread dealer step 2.
[10:12:58.619] [INFO   ] thread dealer step 2.
[10:12:58.620] [INFO   ] thread dealer step 2.
[10:12:58.620] [INFO   ] thread dealer step 2.
[10:12:58.620] [INFO   ] thread dealer step 2.
[10:12:58.620] [INFO   ] thread dealer step 2.
[10:12:58.621] [INFO   ] thread dealer step 2.
[10:12:58.621] [INFO   ] thread dealer step 2.
[10:12:58.621] [INFO   ] thread dealer step 2.
[10:12:58.621] [INFO   ] thread dealer step 2.
[10:12:58.622] [INFO   ] thread dealer step 2.
[10:12:58.622] [INFO   ] thread dealer step 3.
[10:12:58.622] [SEVERE ] updating countdown to 8465
[10:12:58.628] [INFO   ] thread dealer step 4.
[10:12:58.628] [INFO   ] thread dealer step 10.
[10:12:58.628] [INFO   ] thread dealer step 11.
[10:12:58.628] [INFO   ] thread dealer step 12.
[10:12:58.629] [INFO   ] thread dealer run step 2.
[10:12:58.629] [INFO   ] thread dealer timer loop 1.
[10:12:59.631] [INFO   ] thread dealer timer loop 2.
[10:12:59.632] [SEVERE ] updating countdown to 7455
[10:12:59.632] [INFO   ] thread dealer timer loop 3.
[10:12:59.850] [INFO   ] thread dealer rm 1.
[10:12:59.851] [INFO   ] thread dealer timer loop 4.
[10:13:00.072] [INFO   ] thread dealer step 1.
[10:13:00.072] [SEVERE ] updating countdown to 7015
[10:13:00.073] [INFO   ] thread dealer step 2.
[10:13:00.073] [INFO   ] thread dealer step 2.
[10:13:00.073] [INFO   ] thread dealer step 2.
[10:13:00.074] [INFO   ] thread dealer step 2.
[10:13:00.074] [INFO   ] thread dealer step 2.
[10:13:00.074] [INFO   ] thread dealer step 2.
[10:13:00.074] [INFO   ] thread dealer step 2.
[10:13:00.075] [INFO   ] thread dealer step 2.
[10:13:00.075] [INFO   ] thread dealer step 2.
[10:13:00.075] [INFO   ] thread dealer step 2.
[10:13:00.075] [INFO   ] thread dealer step 2.
[10:13:00.076] [INFO   ] thread dealer step 2.
[10:13:00.076] [INFO   ] thread dealer step 3.
[10:13:00.076] [SEVERE ] updating countdown to 7011
[10:13:00.078] [INFO   ] thread dealer step 4.
[10:13:00.079] [INFO   ] thread dealer step 10.
[10:13:00.079] [INFO   ] thread dealer step 11.
[10:13:00.079] [INFO   ] thread dealer step 12.
[10:13:00.079] [INFO   ] thread dealer timer loop 5.
[10:13:00.079] [INFO   ] thread dealer timer loop 1.
[10:13:01.093] [INFO   ] thread dealer timer loop 2.
[10:13:01.093] [SEVERE ] updating countdown to 5994
[10:13:01.093] [INFO   ] thread dealer timer loop 3.
[10:13:01.311] [INFO   ] thread dealer rm 1.
[10:13:01.311] [INFO   ] thread dealer timer loop 4.
[10:13:01.533] [INFO   ] thread dealer step 1.
[10:13:01.533] [SEVERE ] updating countdown to 5554
[10:13:01.533] [INFO   ] thread dealer step 2.
[10:13:01.533] [INFO   ] thread dealer step 2.
[10:13:01.533] [INFO   ] thread dealer step 2.
[10:13:01.533] [INFO   ] thread dealer step 2.
[10:13:01.534] [INFO   ] thread dealer step 2.
[10:13:01.534] [INFO   ] thread dealer step 2.
[10:13:01.534] [INFO   ] thread dealer step 2.
[10:13:01.534] [INFO   ] thread dealer step 2.
[10:13:01.534] [INFO   ] thread dealer step 2.
[10:13:01.534] [INFO   ] thread dealer step 2.
[10:13:01.534] [INFO   ] thread dealer step 2.
[10:13:01.534] [INFO   ] thread dealer step 2.
[10:13:01.534] [INFO   ] thread dealer step 3.
[10:13:01.534] [SEVERE ] updating countdown to 5553
[10:13:01.537] [INFO   ] thread dealer step 4.
[10:13:01.537] [INFO   ] thread dealer step 10.
[10:13:01.537] [INFO   ] thread dealer step 11.
[10:13:01.537] [INFO   ] thread dealer step 12.
[10:13:01.537] [INFO   ] thread dealer timer loop 5.
[10:13:01.537] [INFO   ] thread dealer timer loop 1.
[10:13:02.540] [INFO   ] thread dealer timer loop 2.
[10:13:02.543] [INFO   ] thread dealer timer loop 3.
[10:13:02.759] [INFO   ] thread dealer rm 1.
[10:13:02.759] [INFO   ] thread dealer timer loop 4.
[10:13:02.979] [INFO   ] thread dealer step 1.
[10:13:02.980] [INFO   ] thread dealer step 2.
[10:13:02.980] [INFO   ] thread dealer step 2.
[10:13:02.980] [INFO   ] thread dealer step 2.
[10:13:02.980] [INFO   ] thread dealer step 2.
[10:13:02.980] [INFO   ] thread dealer step 2.
[10:13:02.981] [INFO   ] thread dealer step 2.
[10:13:02.981] [INFO   ] thread dealer step 2.
[10:13:02.981] [INFO   ] thread dealer step 2.
[10:13:02.981] [INFO   ] thread dealer step 2.
[10:13:02.981] [INFO   ] thread dealer step 2.
[10:13:02.982] [INFO   ] thread dealer step 2.
[10:13:02.982] [INFO   ] thread dealer step 2.
[10:13:02.982] [INFO   ] thread dealer step 3.
[10:13:02.983] [INFO   ] thread dealer step 4.
[10:13:02.983] [INFO   ] thread dealer step 10.
[10:13:02.983] [INFO   ] thread dealer step 11.
[10:13:02.983] [INFO   ] thread dealer step 12.
[10:13:02.984] [INFO   ] thread dealer timer loop 5.
[10:13:02.984] [INFO   ] thread dealer timer loop 1.
[10:13:02.995] [INFO   ] thread dealer timer loop 2.
[10:13:02.995] [INFO   ] thread dealer timer loop 3.
[10:13:03.215] [INFO   ] thread dealer rm 1.
[10:13:03.215] [INFO   ] thread dealer timer loop 4.
[10:13:03.434] [INFO   ] thread dealer step 1.
[10:13:03.435] [INFO   ] thread dealer step 2.
[10:13:03.435] [INFO   ] thread dealer step 2.
[10:13:03.435] [INFO   ] thread dealer step 2.
[10:13:03.435] [INFO   ] thread dealer step 2.
[10:13:03.435] [INFO   ] thread dealer step 2.
[10:13:03.436] [INFO   ] thread dealer step 2.
[10:13:03.436] [INFO   ] thread dealer step 2.
[10:13:03.436] [INFO   ] thread dealer step 2.
[10:13:03.436] [INFO   ] thread dealer step 2.
[10:13:03.436] [INFO   ] thread dealer step 2.
[10:13:03.436] [INFO   ] thread dealer step 2.
[10:13:03.436] [INFO   ] thread dealer step 2.
[10:13:03.437] [INFO   ] thread dealer step 3.
[10:13:03.440] [INFO   ] thread dealer step 4.
[10:13:03.441] [INFO   ] thread dealer step 10.
[10:13:03.441] [INFO   ] thread dealer step 11.
[10:13:03.441] [INFO   ] thread dealer step 12.
[10:13:03.441] [INFO   ] thread dealer timer loop 5.
[10:13:03.441] [INFO   ] thread dealer timer loop 1.
[10:13:03.465] [INFO   ] thread dealer timer loop 2.
[10:13:03.466] [INFO   ] thread dealer timer loop 3.
[10:13:03.687] [INFO   ] thread dealer rm 1.
[10:13:03.687] [INFO   ] thread dealer timer loop 4.
[10:13:03.906] [INFO   ] thread dealer step 1.
[10:13:03.906] [INFO   ] thread dealer step 2.
[10:13:03.907] [INFO   ] thread dealer step 2.
[10:13:03.907] [INFO   ] thread dealer step 2.
[10:13:03.907] [INFO   ] thread dealer step 2.
[10:13:03.907] [INFO   ] thread dealer step 2.
[10:13:03.907] [INFO   ] thread dealer step 2.
[10:13:03.907] [INFO   ] thread dealer step 2.
[10:13:03.907] [INFO   ] thread dealer step 2.
[10:13:03.907] [INFO   ] thread dealer step 2.
[10:13:03.907] [INFO   ] thread dealer step 2.
[10:13:03.907] [INFO   ] thread dealer step 2.
[10:13:03.907] [INFO   ] thread dealer step 2.
[10:13:03.908] [INFO   ] thread dealer step 3.
[10:13:03.908] [INFO   ] thread dealer step 4.
[10:13:03.908] [INFO   ] thread dealer step 10.
[10:13:03.908] [INFO   ] thread dealer step 11.
[10:13:03.908] [INFO   ] thread dealer step 12.
[10:13:03.909] [INFO   ] thread dealer timer loop 5.
[10:13:03.909] [INFO   ] thread dealer timer loop 1.
[10:13:03.922] [INFO   ] thread dealer timer loop 2.
[10:13:03.923] [INFO   ] thread dealer timer loop 3.
[10:13:04.145] [INFO   ] thread dealer rm 1.
[10:13:04.146] [INFO   ] thread dealer timer loop 4.
[10:13:04.365] [INFO   ] thread dealer step 1.
[10:13:04.366] [INFO   ] thread dealer step 2.
[10:13:04.366] [INFO   ] thread dealer step 2.
[10:13:04.366] [INFO   ] thread dealer step 2.
[10:13:04.366] [INFO   ] thread dealer step 2.
[10:13:04.367] [INFO   ] thread dealer step 2.
[10:13:04.367] [INFO   ] thread dealer step 2.
[10:13:04.367] [INFO   ] thread dealer step 2.
[10:13:04.367] [INFO   ] thread dealer step 2.
[10:13:04.367] [INFO   ] thread dealer step 2.
[10:13:04.368] [INFO   ] thread dealer step 2.
[10:13:04.368] [INFO   ] thread dealer step 2.
[10:13:04.368] [INFO   ] thread dealer step 2.
[10:13:04.368] [INFO   ] thread dealer step 3.
[10:13:04.370] [INFO   ] thread dealer step 4.
[10:13:04.371] [INFO   ] thread dealer step 10.
[10:13:04.371] [INFO   ] thread dealer step 11.
[10:13:04.371] [INFO   ] thread dealer step 12.
[10:13:04.371] [INFO   ] thread dealer timer loop 5.
[10:13:04.371] [INFO   ] thread dealer timer loop 1.
[10:13:04.381] [INFO   ] thread dealer timer loop 2.
[10:13:04.382] [INFO   ] thread dealer timer loop 3.
[10:13:04.603] [INFO   ] thread dealer rm 1.
[10:13:04.603] [INFO   ] thread dealer timer loop 4.
[10:13:04.826] [INFO   ] thread dealer step 1.
[10:13:04.826] [INFO   ] thread dealer step 2.
[10:13:04.826] [INFO   ] thread dealer step 2.
[10:13:04.826] [INFO   ] thread dealer step 2.
[10:13:04.826] [INFO   ] thread dealer step 2.
[10:13:04.826] [INFO   ] thread dealer step 2.
[10:13:04.826] [INFO   ] thread dealer step 2.
[10:13:04.826] [INFO   ] thread dealer step 2.
[10:13:04.826] [INFO   ] thread dealer step 2.
[10:13:04.827] [INFO   ] thread dealer step 2.
[10:13:04.827] [INFO   ] thread dealer step 2.
[10:13:04.827] [INFO   ] thread dealer step 2.
[10:13:04.827] [INFO   ] thread dealer step 2.
[10:13:04.827] [INFO   ] thread dealer step 3.
[10:13:04.827] [INFO   ] thread dealer step 4.
[10:13:04.827] [INFO   ] thread dealer step 10.
[10:13:04.828] [INFO   ] thread dealer step 11.
[10:13:04.828] [INFO   ] thread dealer step 12.
[10:13:04.828] [INFO   ] thread dealer timer loop 5.
[10:13:04.828] [INFO   ] thread dealer timer loop 1.
[10:13:04.842] [INFO   ] thread dealer timer loop 2.
[10:13:04.842] [INFO   ] thread dealer timer loop 3.
[10:13:05.063] [INFO   ] thread dealer rm 1.
[10:13:05.063] [INFO   ] thread dealer timer loop 4.
[10:13:05.283] [INFO   ] thread dealer step 1.
[10:13:05.283] [INFO   ] thread dealer step 2.
[10:13:05.283] [INFO   ] thread dealer step 2.
[10:13:05.283] [INFO   ] thread dealer step 2.
[10:13:05.283] [INFO   ] thread dealer step 2.
[10:13:05.283] [INFO   ] thread dealer step 2.
[10:13:05.283] [INFO   ] thread dealer step 2.
[10:13:05.283] [INFO   ] thread dealer step 2.
[10:13:05.283] [INFO   ] thread dealer step 2.
[10:13:05.283] [INFO   ] thread dealer step 2.
[10:13:05.283] [INFO   ] thread dealer step 2.
[10:13:05.284] [INFO   ] thread dealer step 2.
[10:13:05.284] [INFO   ] thread dealer step 2.
[10:13:05.284] [INFO   ] thread dealer step 3.
[10:13:05.284] [INFO   ] thread dealer step 4.
[10:13:05.284] [INFO   ] thread dealer step 10.
[10:13:05.284] [INFO   ] thread dealer step 11.
[10:13:05.284] [INFO   ] thread dealer step 12.
[10:13:05.284] [INFO   ] thread dealer timer loop 5.
[10:13:05.284] [INFO   ] thread dealer timer loop 1.
[10:13:05.299] [INFO   ] thread dealer timer loop 2.
[10:13:05.299] [INFO   ] thread dealer timer loop 3.
[10:13:05.516] [INFO   ] thread dealer rm 1.
[10:13:05.516] [INFO   ] thread dealer timer loop 4.
[10:13:05.739] [INFO   ] thread dealer step 1.
[10:13:05.741] [INFO   ] thread dealer step 2.
[10:13:05.742] [INFO   ] thread dealer step 2.
[10:13:05.742] [INFO   ] thread dealer step 2.
[10:13:05.743] [INFO   ] thread dealer step 2.
[10:13:05.743] [INFO   ] thread dealer step 2.
[10:13:05.743] [INFO   ] thread dealer step 2.
[10:13:05.743] [INFO   ] thread dealer step 2.
[10:13:05.743] [INFO   ] thread dealer step 2.
[10:13:05.743] [INFO   ] thread dealer step 2.
[10:13:05.743] [INFO   ] thread dealer step 2.
[10:13:05.743] [INFO   ] thread dealer step 2.
[10:13:05.743] [INFO   ] thread dealer step 2.
[10:13:05.743] [INFO   ] thread dealer step 3.
[10:13:05.745] [INFO   ] thread dealer step 4.
[10:13:05.745] [INFO   ] thread dealer step 10.
[10:13:05.746] [INFO   ] thread dealer step 11.
[10:13:05.746] [INFO   ] thread dealer step 12.
[10:13:05.746] [INFO   ] thread dealer timer loop 5.
[10:13:05.746] [INFO   ] thread dealer timer loop 1.
[10:13:05.771] [INFO   ] thread dealer timer loop 2.
[10:13:05.772] [INFO   ] thread dealer timer loop 3.
[10:13:05.990] [INFO   ] thread dealer rm 1.
[10:13:05.990] [INFO   ] thread dealer timer loop 4.
[10:13:06.200] [INFO   ] thread dealer step 1.
[10:13:06.201] [INFO   ] thread dealer step 2.
[10:13:06.201] [INFO   ] thread dealer step 2.
[10:13:06.201] [INFO   ] thread dealer step 2.
[10:13:06.201] [INFO   ] thread dealer step 2.
[10:13:06.201] [INFO   ] thread dealer step 2.
[10:13:06.201] [INFO   ] thread dealer step 2.
[10:13:06.201] [INFO   ] thread dealer step 2.
[10:13:06.202] [INFO   ] thread dealer step 2.
[10:13:06.202] [INFO   ] thread dealer step 2.
[10:13:06.202] [INFO   ] thread dealer step 2.
[10:13:06.202] [INFO   ] thread dealer step 2.
[10:13:06.202] [INFO   ] thread dealer step 2.
[10:13:06.202] [INFO   ] thread dealer step 3.
[10:13:06.203] [INFO   ] thread dealer step 4.
[10:13:06.203] [INFO   ] thread dealer step 10.
[10:13:06.203] [INFO   ] thread dealer step 11.
[10:13:06.203] [INFO   ] thread dealer step 12.
[10:13:06.204] [INFO   ] thread dealer timer loop 5.
[10:13:06.204] [INFO   ] thread dealer timer loop 1.
[10:13:06.224] [INFO   ] thread dealer timer loop 2.
[10:13:06.225] [INFO   ] thread dealer timer loop 3.
[10:13:06.443] [INFO   ] thread dealer rm 1.
[10:13:06.443] [INFO   ] thread dealer timer loop 4.
[10:13:06.664] [INFO   ] thread dealer step 1.
[10:13:06.664] [INFO   ] thread dealer step 2.
[10:13:06.664] [INFO   ] thread dealer step 2.
[10:13:06.664] [INFO   ] thread dealer step 2.
[10:13:06.664] [INFO   ] thread dealer step 2.
[10:13:06.664] [INFO   ] thread dealer step 2.
[10:13:06.664] [INFO   ] thread dealer step 2.
[10:13:06.664] [INFO   ] thread dealer step 2.
[10:13:06.664] [INFO   ] thread dealer step 2.
[10:13:06.664] [INFO   ] thread dealer step 2.
[10:13:06.665] [INFO   ] thread dealer step 2.
[10:13:06.665] [INFO   ] thread dealer step 2.
[10:13:06.665] [INFO   ] thread dealer step 2.
[10:13:06.665] [INFO   ] thread dealer step 3.
[10:13:06.665] [INFO   ] thread dealer step 4.
[10:13:06.665] [INFO   ] thread dealer step 10.
[10:13:06.665] [INFO   ] thread dealer step 11.
[10:13:06.665] [INFO   ] thread dealer step 12.
[10:13:06.665] [INFO   ] thread dealer timer loop 5.
[10:13:06.665] [INFO   ] thread dealer timer loop 1.
[10:13:06.680] [INFO   ] thread dealer timer loop 2.
[10:13:06.680] [INFO   ] thread dealer timer loop 3.
[10:13:06.896] [INFO   ] thread dealer rm 1.
[10:13:06.896] [INFO   ] thread dealer timer loop 4.
[10:13:07.114] [INFO   ] thread dealer step 1.
[10:13:07.114] [INFO   ] thread dealer step 2.
[10:13:07.115] [INFO   ] thread dealer step 2.
[10:13:07.115] [INFO   ] thread dealer step 2.
[10:13:07.115] [INFO   ] thread dealer step 2.
[10:13:07.115] [INFO   ] thread dealer step 2.
[10:13:07.115] [INFO   ] thread dealer step 2.
[10:13:07.115] [INFO   ] thread dealer step 2.
[10:13:07.115] [INFO   ] thread dealer step 2.
[10:13:07.115] [INFO   ] thread dealer step 2.
[10:13:07.115] [INFO   ] thread dealer step 2.
[10:13:07.115] [INFO   ] thread dealer step 2.
[10:13:07.115] [INFO   ] thread dealer step 2.
[10:13:07.116] [INFO   ] thread dealer step 3.
[10:13:07.116] [INFO   ] thread dealer step 4.
[10:13:07.117] [INFO   ] thread dealer step 10.
[10:13:07.117] [INFO   ] thread dealer step 11.
[10:13:07.117] [INFO   ] thread dealer step 12.
[10:13:07.117] [INFO   ] thread dealer timer loop 5.
[10:13:07.117] [INFO   ] thread dealer run step 3.
[10:13:07.117] [SEVERE ] updating countdown to 10000
[10:13:07.331] [SEVERE ] updating countdown to 9786
[10:13:07.440] [SEVERE ] removing card from slot 0
[10:13:07.550] [SEVERE ] removing card from slot 1
[10:13:07.658] [SEVERE ] removing card from slot 2
[10:13:07.768] [SEVERE ] removing card from slot 3
[10:13:07.876] [SEVERE ] removing card from slot 4
[10:13:07.986] [SEVERE ] removing card from slot 5
[10:13:08.095] [SEVERE ] removing card from slot 6
[10:13:08.202] [SEVERE ] removing card from slot 7
[10:13:08.311] [SEVERE ] removing card from slot 8
[10:13:08.420] [SEVERE ] removing card from slot 9
[10:13:08.530] [SEVERE ] removing card from slot 10
[10:13:08.640] [SEVERE ] removing card from slot 11
[10:13:08.643] [INFO   ] thread dealer run step 1.
[10:13:08.968] [SEVERE ] placing card 70 in slot 0
[10:13:09.077] [SEVERE ] placing card 76 in slot 1
[10:13:09.190] [SEVERE ] placing card 5 in slot 2
[10:13:09.298] [SEVERE ] placing card 24 in slot 3
[10:13:09.408] [SEVERE ] placing card 73 in slot 4
[10:13:09.519] [SEVERE ] placing card 29 in slot 5
[10:13:09.629] [SEVERE ] placing card 77 in slot 6
[10:13:09.738] [SEVERE ] placing card 23 in slot 7
[10:13:09.848] [SEVERE ] placing card 40 in slot 8
[10:13:09.955] [SEVERE ] placing card 33 in slot 9
[10:13:10.067] [SEVERE ] placing card 60 in slot 10
[10:13:10.177] [SEVERE ] placing card 7 in slot 11
[10:13:10.177] [INFO   ] thread dealer step 1.
[10:13:10.177] [SEVERE ] updating countdown to 6940
[10:13:10.178] [INFO   ] thread dealer step 2.
[10:13:10.178] [INFO   ] thread dealer step 2.
[10:13:10.178] [INFO   ] thread dealer step 2.
[10:13:10.178] [INFO   ] thread dealer step 2.
[10:13:10.178] [INFO   ] thread dealer step 2.
[10:13:10.178] [INFO   ] thread dealer step 2.
[10:13:10.178] [INFO   ] thread dealer step 2.
[10:13:10.178] [INFO   ] thread dealer step 2.
[10:13:10.178] [INFO   ] thread dealer step 2.
[10:13:10.179] [INFO   ] thread dealer step 2.
[10:13:10.179] [INFO   ] thread dealer step 2.
[10:13:10.179] [INFO   ] thread dealer step 2.
[10:13:10.179] [INFO   ] thread dealer step 3.
[10:13:10.179] [SEVERE ] updating countdown to 6938
[10:13:10.180] [INFO   ] thread dealer step 4.
[10:13:10.180] [INFO   ] thread dealer step 10.
[10:13:10.180] [INFO   ] thread dealer step 11.
[10:13:10.180] [INFO   ] thread dealer step 12.
[10:13:10.181] [INFO   ] thread dealer run step 2.
[10:13:10.181] [INFO   ] thread dealer timer loop 1.
[10:13:10.679] [SEVERE ] key 80 was pressed by player 2
[10:13:10.679] [INFO   ] thread AWT-EventQueue-0 kp step 1.
[10:13:10.679] [INFO   ] thread AWT-EventQueue-0 kp step 2.true
[10:13:10.679] [INFO   ] thread AWT-EventQueue-0 kp step 3.
[10:13:10.679] [INFO   ] thread AWT-EventQueue-0 kp step 10.
[10:13:10.679] [INFO   ] thread AWT-EventQueue-0 kp step 11.
[10:13:10.679] [INFO   ] thread AWT-EventQueue-0 kp step 12.
[10:13:10.679] [SEVERE ] player 2 placing token on slot 3
[10:13:10.680] [INFO   ] thread AWT-EventQueue-0 kp step 13.
[10:13:10.680] [INFO   ] thread AWT-EventQueue-0 kp step 14.
[10:13:11.061] [SEVERE ] key 79 was pressed by player 2
[10:13:11.061] [INFO   ] thread AWT-EventQueue-0 kp step 1.
[10:13:11.061] [INFO   ] thread AWT-EventQueue-0 kp step 2.true
[10:13:11.061] [INFO   ] thread AWT-EventQueue-0 kp step 3.
[10:13:11.061] [INFO   ] thread AWT-EventQueue-0 kp step 4.
[10:13:11.061] [INFO   ] thread AWT-EventQueue-0 kp step 5.
[10:13:11.061] [INFO   ] thread AWT-EventQueue-0 kp step 6.
[10:13:11.061] [INFO   ] thread AWT-EventQueue-0 kp step 7.
[10:13:11.061] [INFO   ] thread AWT-EventQueue-0 kp step 10.
[10:13:11.061] [INFO   ] thread AWT-EventQueue-0 kp step 11.
[10:13:11.062] [INFO   ] thread AWT-EventQueue-0 kp step 12.
[10:13:11.062] [SEVERE ] player 2 placing token on slot 2
[10:13:11.062] [INFO   ] thread AWT-EventQueue-0 kp step 13.
[10:13:11.062] [INFO   ] thread AWT-EventQueue-0 kp step 14.
[10:13:11.190] [INFO   ] thread dealer timer loop 2.
[10:13:11.190] [SEVERE ] updating countdown to 5927
[10:13:11.191] [INFO   ] thread dealer timer loop 3.
[10:13:11.376] [SEVERE ] key 73 was pressed by player 2
[10:13:11.376] [INFO   ] thread AWT-EventQueue-0 kp step 1.
[10:13:11.376] [INFO   ] thread AWT-EventQueue-0 kp step 2.true
[10:13:11.376] [INFO   ] thread AWT-EventQueue-0 kp step 3.
[10:13:11.376] [INFO   ] thread AWT-EventQueue-0 kp step 4.
[10:13:11.376] [INFO   ] thread AWT-EventQueue-0 kp step 5.
[10:13:11.376] [INFO   ] thread AWT-EventQueue-0 kp step 6.
[10:13:11.377] [INFO   ] thread AWT-EventQueue-0 kp step 7.
[10:13:11.377] [INFO   ] thread AWT-EventQueue-0 kp step 4.
[10:13:11.377] [INFO   ] thread AWT-EventQueue-0 kp step 5.
[10:13:11.377] [INFO   ] thread AWT-EventQueue-0 kp step 6.
[10:13:11.377] [INFO   ] thread AWT-EventQueue-0 kp step 7.
[10:13:11.377] [INFO   ] thread AWT-EventQueue-0 kp step 10.
[10:13:11.377] [INFO   ] thread AWT-EventQueue-0 kp step 11.
[10:13:11.377] [INFO   ] thread AWT-EventQueue-0 kp step 12.
[10:13:11.377] [SEVERE ] player 2 placing token on slot 1
[10:13:11.378] [INFO   ] thread AWT-EventQueue-0 kp step 13.
[10:13:11.378] [INFO   ] thread AWT-EventQueue-0 kp step 14.
[10:13:11.378] [INFO   ] thread AWT-EventQueue-0 kp step 15.
[10:13:11.378] [INFO   ] thread AWT-EventQueue-0 kp step 16.
[10:13:11.408] [INFO   ] thread dealer rm 1.
[10:13:11.408] [INFO   ] thread dealer rm 2.
[10:13:11.408] [INFO   ] remove  in the table step 1
[10:13:11.408] [INFO   ] remove  in the table step 2
[10:13:11.408] [INFO   ] thread dealer rm 3.
[10:13:11.409] [INFO   ] thread dealer rm 5.
[10:13:11.409] [INFO   ] thread dealer rm 6.slotQueue.size 33
[10:13:11.409] [SEVERE ] updating countdown to 5708
[10:13:11.409] [INFO   ] thread dealer rm 7!!!.
[10:13:11.409] [INFO   ] thread dealer rm 8 !!!!.
[10:13:11.409] [SEVERE ] removing player 2 token from slot 3
[10:13:11.409] [INFO   ] thread dealer rm 8.5 !!!!.
[10:13:11.409] [SEVERE ] updating countdown to 5708
[10:13:11.410] [INFO   ] thread dealer rm 9.
[10:13:11.410] [INFO   ] thread dealer rm 6.slotQueue.size 23
[10:13:11.410] [SEVERE ] updating countdown to 5707
[10:13:11.410] [INFO   ] thread dealer rm 7!!!.
[10:13:11.410] [INFO   ] thread dealer rm 8 !!!!.
[10:13:11.410] [SEVERE ] removing player 2 token from slot 2
[10:13:11.410] [INFO   ] thread dealer rm 8.5 !!!!.
[10:13:11.410] [SEVERE ] updating countdown to 5707
[10:13:11.410] [INFO   ] thread dealer rm 9.
[10:13:11.410] [INFO   ] thread dealer rm 6.slotQueue.size 13
[10:13:11.410] [SEVERE ] updating countdown to 5707
[10:13:11.411] [INFO   ] thread dealer rm 7!!!.
[10:13:11.411] [INFO   ] thread dealer rm 8 !!!!.
[10:13:11.411] [SEVERE ] removing player 2 token from slot 1
[10:13:11.411] [INFO   ] thread dealer rm 8.5 !!!!.
[10:13:11.411] [SEVERE ] updating countdown to 5706
[10:13:11.411] [INFO   ] thread dealer rm 9.
[10:13:11.411] [INFO   ] thread dealer rm 17.
[10:13:11.411] [INFO   ] thread dealer rm 18.
[10:13:11.411] [INFO   ] thread dealerrm 19 .
[10:13:11.411] [INFO   ] thread dealer rm 20.
[10:13:11.411] [SEVERE ] updating countdown to 5706
[10:13:11.411] [INFO   ] thread dealer rm 22.
[10:13:11.411] [INFO   ] thread dealer rm 23.
[10:13:11.412] [SEVERE ] updating countdown to 5705
[10:13:11.412] [INFO   ] thread dealer timer loop 4.
[10:13:11.412] [INFO   ] thread Thread-1 player was notified by dealer.
[10:13:11.412] [INFO   ] penalty
[10:13:11.412] [SEVERE ] setting player 2 freeze to 3000
[10:13:11.631] [INFO   ] thread dealer step 1.
[10:13:11.631] [SEVERE ] updating countdown to 5486
[10:13:11.631] [INFO   ] thread dealer step 2.
[10:13:11.631] [INFO   ] thread dealer step 2.
[10:13:11.631] [INFO   ] thread dealer step 2.
[10:13:11.631] [INFO   ] thread dealer step 2.
[10:13:11.631] [INFO   ] thread dealer step 2.
[10:13:11.631] [INFO   ] thread dealer step 2.
[10:13:11.631] [INFO   ] thread dealer step 2.
[10:13:11.631] [INFO   ] thread dealer step 2.
[10:13:11.631] [INFO   ] thread dealer step 2.
[10:13:11.631] [INFO   ] thread dealer step 2.
[10:13:11.631] [INFO   ] thread dealer step 2.
[10:13:11.631] [INFO   ] thread dealer step 2.
[10:13:11.631] [INFO   ] thread dealer step 3.
[10:13:11.631] [SEVERE ] updating countdown to 5486
[10:13:11.632] [INFO   ] thread dealer step 4.
[10:13:11.632] [INFO   ] thread dealer step 10.
[10:13:11.632] [INFO   ] thread dealer step 11.
[10:13:11.632] [INFO   ] thread dealer step 12.
[10:13:11.632] [INFO   ] thread dealer timer loop 5.
[10:13:11.632] [INFO   ] thread dealer timer loop 1.
[10:13:12.415] [SEVERE ] setting player 2 freeze to 2000
[10:13:12.633] [INFO   ] thread dealer timer loop 2.
[10:13:12.633] [INFO   ] thread dealer timer loop 3.
[10:13:12.850] [INFO   ] thread dealer rm 1.
[10:13:12.850] [INFO   ] thread dealer timer loop 4.
[10:13:12.928] [SEVERE ] key 59 was pressed by player 2
[10:13:12.929] [INFO   ] thread AWT-EventQueue-0 kp step 1.
[10:13:12.929] [INFO   ] thread AWT-EventQueue-0 kp step 2.true
[10:13:12.929] [INFO   ] thread AWT-EventQueue-0 kp step 3.
[10:13:12.929] [INFO   ] thread AWT-EventQueue-0 kp step 10.
[10:13:12.929] [INFO   ] thread AWT-EventQueue-0 kp step 11.
[10:13:12.929] [INFO   ] thread AWT-EventQueue-0 kp step 12.
[10:13:12.929] [SEVERE ] player 2 placing token on slot 7
[10:13:12.929] [INFO   ] thread AWT-EventQueue-0 kp step 13.
[10:13:13.060] [INFO   ] thread dealer step 1.
[10:13:13.061] [INFO   ] thread dealer step 2.
[10:13:13.061] [INFO   ] thread dealer step 2.
[10:13:13.061] [INFO   ] thread dealer step 2.
[10:13:13.061] [INFO   ] thread dealer step 2.
[10:13:13.061] [INFO   ] thread dealer step 2.
[10:13:13.061] [INFO   ] thread dealer step 2.
[10:13:13.062] [INFO   ] thread dealer step 2.
[10:13:13.062] [INFO   ] thread dealer step 2.
[10:13:13.062] [INFO   ] thread dealer step 2.
[10:13:13.062] [INFO   ] thread dealer step 2.
[10:13:13.062] [INFO   ] thread dealer step 2.
[10:13:13.062] [INFO   ] thread dealer step 2.
[10:13:13.062] [INFO   ] thread dealer step 3.
[10:13:13.063] [INFO   ] thread dealer step 4.
[10:13:13.063] [INFO   ] thread dealer step 10.
[10:13:13.063] [INFO   ] thread dealer step 11.
[10:13:13.063] [INFO   ] thread dealer step 12.
[10:13:13.063] [INFO   ] thread dealer timer loop 5.
[10:13:13.063] [INFO   ] thread dealer timer loop 1.
[10:13:13.073] [INFO   ] thread dealer timer loop 2.
[10:13:13.073] [INFO   ] thread dealer timer loop 3.
[10:13:13.275] [INFO   ] thread dealer rm 1.
[10:13:13.275] [INFO   ] thread dealer timer loop 4.
[10:13:13.423] [SEVERE ] setting player 2 freeze to 1000
[10:13:13.476] [INFO   ] thread dealer step 1.
[10:13:13.476] [INFO   ] thread dealer step 2.
[10:13:13.476] [INFO   ] thread dealer step 2.
[10:13:13.476] [INFO   ] thread dealer step 2.
[10:13:13.476] [INFO   ] thread dealer step 2.
[10:13:13.477] [INFO   ] thread dealer step 2.
[10:13:13.477] [INFO   ] thread dealer step 2.
[10:13:13.477] [INFO   ] thread dealer step 2.
[10:13:13.477] [INFO   ] thread dealer step 2.
[10:13:13.477] [INFO   ] thread dealer step 2.
[10:13:13.477] [INFO   ] thread dealer step 2.
[10:13:13.477] [INFO   ] thread dealer step 2.
[10:13:13.477] [INFO   ] thread dealer step 2.
[10:13:13.477] [INFO   ] thread dealer step 3.
[10:13:13.478] [INFO   ] thread dealer step 4.
[10:13:13.478] [INFO   ] thread dealer step 10.
[10:13:13.478] [INFO   ] thread dealer step 11.
[10:13:13.478] [INFO   ] thread dealer step 12.
[10:13:13.478] [INFO   ] thread dealer timer loop 5.
[10:13:13.478] [INFO   ] thread dealer timer loop 1.
[10:13:13.489] [INFO   ] thread dealer timer loop 2.
[10:13:13.489] [INFO   ] thread dealer timer loop 3.
[10:13:13.705] [INFO   ] thread dealer rm 1.
[10:13:13.705] [INFO   ] thread dealer timer loop 4.
[10:13:13.925] [INFO   ] thread dealer step 1.
[10:13:13.925] [INFO   ] thread dealer step 2.
[10:13:13.925] [INFO   ] thread dealer step 2.
[10:13:13.925] [INFO   ] thread dealer step 2.
[10:13:13.925] [INFO   ] thread dealer step 2.
[10:13:13.925] [INFO   ] thread dealer step 2.
[10:13:13.926] [INFO   ] thread dealer step 2.
[10:13:13.926] [INFO   ] thread dealer step 2.
[10:13:13.926] [INFO   ] thread dealer step 2.
[10:13:13.926] [INFO   ] thread dealer step 2.
[10:13:13.926] [INFO   ] thread dealer step 2.
[10:13:13.926] [INFO   ] thread dealer step 2.
[10:13:13.926] [INFO   ] thread dealer step 2.
[10:13:13.926] [INFO   ] thread dealer step 3.
[10:13:13.927] [INFO   ] thread dealer step 4.
[10:13:13.927] [INFO   ] thread dealer step 10.
[10:13:13.927] [INFO   ] thread dealer step 11.
[10:13:13.927] [INFO   ] thread dealer step 12.
[10:13:13.927] [INFO   ] thread dealer timer loop 5.
[10:13:13.927] [INFO   ] thread dealer timer loop 1.
[10:13:13.940] [INFO   ] thread dealer timer loop 2.
[10:13:13.940] [INFO   ] thread dealer timer loop 3.
[10:13:14.156] [INFO   ] thread dealer rm 1.
[10:13:14.156] [INFO   ] thread dealer timer loop 4.
[10:13:14.376] [INFO   ] thread dealer step 1.
[10:13:14.377] [INFO   ] thread dealer step 2.
[10:13:14.377] [INFO   ] thread dealer step 2.
[10:13:14.377] [INFO   ] thread dealer step 2.
[10:13:14.377] [INFO   ] thread dealer step 2.
[10:13:14.377] [INFO   ] thread dealer step 2.
[10:13:14.377] [INFO   ] thread dealer step 2.
[10:13:14.377] [INFO   ] thread dealer step 2.
[10:13:14.377] [INFO   ] thread dealer step 2.
[10:13:14.377] [INFO   ] thread dealer step 2.
[10:13:14.377] [INFO   ] thread dealer step 2.
[10:13:14.377] [INFO   ] thread dealer step 2.
[10:13:14.377] [INFO   ] thread dealer step 2.
[10:13:14.377] [INFO   ] thread dealer step 3.
[10:13:14.378] [INFO   ] thread dealer step 4.
[10:13:14.378] [INFO   ] thread dealer step 10.
[10:13:14.378] [INFO   ] thread dealer step 11.
[10:13:14.378] [INFO   ] thread dealer step 12.
[10:13:14.378] [INFO   ] thread dealer timer loop 5.
[10:13:14.378] [INFO   ] thread dealer timer loop 1.
[10:13:14.392] [INFO   ] thread dealer timer loop 2.
[10:13:14.392] [INFO   ] thread dealer timer loop 3.
[10:13:14.425] [SEVERE ] setting player 2 freeze to 0
[10:13:14.425] [INFO   ] thread AWT-EventQueue-0 kp step 14.
[10:13:14.609] [INFO   ] thread dealer rm 1.
[10:13:14.609] [INFO   ] thread dealer timer loop 4.
[10:13:14.830] [INFO   ] thread dealer step 1.
[10:13:14.830] [INFO   ] thread dealer step 2.
[10:13:14.830] [INFO   ] thread dealer step 2.
[10:13:14.830] [INFO   ] thread dealer step 2.
[10:13:14.830] [INFO   ] thread dealer step 2.
[10:13:14.830] [INFO   ] thread dealer step 2.
[10:13:14.830] [INFO   ] thread dealer step 2.
[10:13:14.830] [INFO   ] thread dealer step 2.
[10:13:14.830] [INFO   ] thread dealer step 2.
[10:13:14.830] [INFO   ] thread dealer step 2.
[10:13:14.830] [INFO   ] thread dealer step 2.
[10:13:14.830] [INFO   ] thread dealer step 2.
[10:13:14.830] [INFO   ] thread dealer step 2.
[10:13:14.830] [INFO   ] thread dealer step 3.
[10:13:14.831] [INFO   ] thread dealer step 4.
[10:13:14.831] [INFO   ] thread dealer step 10.
[10:13:14.831] [INFO   ] thread dealer step 11.
[10:13:14.831] [INFO   ] thread dealer step 12.
[10:13:14.831] [INFO   ] thread dealer timer loop 5.
[10:13:14.831] [INFO   ] thread dealer timer loop 1.
[10:13:14.846] [INFO   ] thread dealer timer loop 2.
[10:13:14.846] [INFO   ] thread dealer timer loop 3.
[10:13:15.065] [INFO   ] thread dealer rm 1.
[10:13:15.065] [INFO   ] thread dealer timer loop 4.
[10:13:15.289] [INFO   ] thread dealer step 1.
[10:13:15.289] [INFO   ] thread dealer step 2.
[10:13:15.289] [INFO   ] thread dealer step 2.
[10:13:15.289] [INFO   ] thread dealer step 2.
[10:13:15.289] [INFO   ] thread dealer step 2.
[10:13:15.289] [INFO   ] thread dealer step 2.
[10:13:15.290] [INFO   ] thread dealer step 2.
[10:13:15.290] [INFO   ] thread dealer step 2.
[10:13:15.290] [INFO   ] thread dealer step 2.
[10:13:15.290] [INFO   ] thread dealer step 2.
[10:13:15.290] [INFO   ] thread dealer step 2.
[10:13:15.290] [INFO   ] thread dealer step 2.
[10:13:15.290] [INFO   ] thread dealer step 2.
[10:13:15.290] [INFO   ] thread dealer step 3.
[10:13:15.291] [INFO   ] thread dealer step 4.
[10:13:15.291] [INFO   ] thread dealer step 10.
[10:13:15.291] [INFO   ] thread dealer step 11.
[10:13:15.291] [INFO   ] thread dealer step 12.
[10:13:15.291] [INFO   ] thread dealer timer loop 5.
[10:13:15.291] [INFO   ] thread dealer timer loop 1.
[10:13:15.304] [INFO   ] thread dealer timer loop 2.
[10:13:15.304] [INFO   ] thread dealer timer loop 3.
[10:13:15.414] [SEVERE ] key 76 was pressed by player 2
[10:13:15.414] [INFO   ] thread AWT-EventQueue-0 kp step 1.
[10:13:15.414] [INFO   ] thread AWT-EventQueue-0 kp step 2.true
[10:13:15.414] [INFO   ] thread AWT-EventQueue-0 kp step 3.
[10:13:15.414] [INFO   ] thread AWT-EventQueue-0 kp step 4.
[10:13:15.414] [INFO   ] thread AWT-EventQueue-0 kp step 5.
[10:13:15.414] [INFO   ] thread AWT-EventQueue-0 kp step 6.
[10:13:15.414] [INFO   ] thread AWT-EventQueue-0 kp step 7.
[10:13:15.414] [INFO   ] thread AWT-EventQueue-0 kp step 10.
[10:13:15.414] [INFO   ] thread AWT-EventQueue-0 kp step 11.
[10:13:15.414] [INFO   ] thread AWT-EventQueue-0 kp step 12.
[10:13:15.414] [SEVERE ] player 2 placing token on slot 6
[10:13:15.415] [INFO   ] thread AWT-EventQueue-0 kp step 13.
[10:13:15.415] [INFO   ] thread AWT-EventQueue-0 kp step 14.
[10:13:15.521] [INFO   ] thread dealer rm 1.
[10:13:15.521] [INFO   ] thread dealer timer loop 4.
[10:13:15.740] [INFO   ] thread dealer step 1.
[10:13:15.740] [INFO   ] thread dealer step 2.
[10:13:15.740] [INFO   ] thread dealer step 2.
[10:13:15.740] [INFO   ] thread dealer step 2.
[10:13:15.740] [INFO   ] thread dealer step 2.
[10:13:15.740] [INFO   ] thread dealer step 2.
[10:13:15.740] [INFO   ] thread dealer step 2.
[10:13:15.740] [INFO   ] thread dealer step 2.
[10:13:15.740] [INFO   ] thread dealer step 2.
[10:13:15.741] [INFO   ] thread dealer step 2.
[10:13:15.741] [INFO   ] thread dealer step 2.
[10:13:15.741] [INFO   ] thread dealer step 2.
[10:13:15.741] [INFO   ] thread dealer step 2.
[10:13:15.741] [INFO   ] thread dealer step 3.
[10:13:15.742] [INFO   ] thread dealer step 4.
[10:13:15.742] [INFO   ] thread dealer step 10.
[10:13:15.742] [INFO   ] thread dealer step 11.
[10:13:15.742] [INFO   ] thread dealer step 12.
[10:13:15.742] [INFO   ] thread dealer timer loop 5.
[10:13:15.742] [INFO   ] thread dealer timer loop 1.
[10:13:15.755] [INFO   ] thread dealer timer loop 2.
[10:13:15.756] [INFO   ] thread dealer timer loop 3.
[10:13:15.864] [SEVERE ] key 75 was pressed by player 2
[10:13:15.864] [INFO   ] thread AWT-EventQueue-0 kp step 1.
[10:13:15.864] [INFO   ] thread AWT-EventQueue-0 kp step 2.true
[10:13:15.864] [INFO   ] thread AWT-EventQueue-0 kp step 3.
[10:13:15.864] [INFO   ] thread AWT-EventQueue-0 kp step 4.
[10:13:15.864] [INFO   ] thread AWT-EventQueue-0 kp step 5.
[10:13:15.864] [INFO   ] thread AWT-EventQueue-0 kp step 6.
[10:13:15.865] [INFO   ] thread AWT-EventQueue-0 kp step 7.
[10:13:15.865] [INFO   ] thread AWT-EventQueue-0 kp step 4.
[10:13:15.865] [INFO   ] thread AWT-EventQueue-0 kp step 5.
[10:13:15.865] [INFO   ] thread AWT-EventQueue-0 kp step 6.
[10:13:15.865] [INFO   ] thread AWT-EventQueue-0 kp step 7.
[10:13:15.865] [INFO   ] thread AWT-EventQueue-0 kp step 10.
[10:13:15.865] [INFO   ] thread AWT-EventQueue-0 kp step 11.
[10:13:15.865] [INFO   ] thread AWT-EventQueue-0 kp step 12.
[10:13:15.865] [SEVERE ] player 2 placing token on slot 5
[10:13:15.865] [INFO   ] thread AWT-EventQueue-0 kp step 13.
[10:13:15.865] [INFO   ] thread AWT-EventQueue-0 kp step 14.
[10:13:15.865] [INFO   ] thread AWT-EventQueue-0 kp step 15.
[10:13:15.865] [INFO   ] thread AWT-EventQueue-0 kp step 16.
[10:13:15.974] [INFO   ] thread dealer rm 1.
[10:13:15.974] [INFO   ] thread dealer rm 2.
[10:13:15.974] [INFO   ] remove  in the table step 1
[10:13:15.974] [INFO   ] remove  in the table step 2
[10:13:15.974] [INFO   ] thread dealer rm 3.
[10:13:15.974] [INFO   ] thread dealer rm 5.
[10:13:15.974] [INFO   ] thread dealer rm 6.slotQueue.size 33
[10:13:15.975] [INFO   ] thread dealer rm 7!!!.
[10:13:15.975] [INFO   ] thread dealer rm 8 !!!!.
[10:13:15.975] [SEVERE ] removing player 2 token from slot 7
[10:13:15.975] [INFO   ] thread dealer rm 8.5 !!!!.
[10:13:15.975] [INFO   ] thread dealer rm 9.
[10:13:15.975] [INFO   ] thread dealer rm 6.slotQueue.size 23
[10:13:15.975] [INFO   ] thread dealer rm 7!!!.
[10:13:15.975] [INFO   ] thread dealer rm 8 !!!!.
[10:13:15.975] [SEVERE ] removing player 2 token from slot 6
[10:13:15.976] [INFO   ] thread dealer rm 8.5 !!!!.
[10:13:15.976] [INFO   ] thread dealer rm 9.
[10:13:15.976] [INFO   ] thread dealer rm 6.slotQueue.size 13
[10:13:15.976] [INFO   ] thread dealer rm 7!!!.
[10:13:15.976] [INFO   ] thread dealer rm 8 !!!!.
[10:13:15.976] [SEVERE ] removing player 2 token from slot 5
[10:13:15.976] [INFO   ] thread dealer rm 8.5 !!!!.
[10:13:15.976] [INFO   ] thread dealer rm 9.
[10:13:15.976] [INFO   ] thread dealer rm 17.
[10:13:15.976] [INFO   ] thread dealer rm 18.
[10:13:15.976] [INFO   ] thread dealerrm 19 .
[10:13:15.976] [INFO   ] thread dealer rm 20.
[10:13:15.976] [INFO   ] thread dealer rm 22.
[10:13:15.977] [INFO   ] thread dealer rm 23.
[10:13:15.977] [INFO   ] thread Thread-1 player was notified by dealer.
[10:13:15.977] [INFO   ] penalty
[10:13:15.977] [SEVERE ] setting player 2 freeze to 3000
[10:13:15.977] [INFO   ] thread dealer timer loop 4.
[10:13:16.185] [INFO   ] thread dealer step 1.
[10:13:16.185] [INFO   ] thread dealer step 2.
[10:13:16.186] [INFO   ] thread dealer step 2.
[10:13:16.186] [INFO   ] thread dealer step 2.
[10:13:16.186] [INFO   ] thread dealer step 2.
[10:13:16.186] [INFO   ] thread dealer step 2.
[10:13:16.186] [INFO   ] thread dealer step 2.
[10:13:16.186] [INFO   ] thread dealer step 2.
[10:13:16.186] [INFO   ] thread dealer step 2.
[10:13:16.186] [INFO   ] thread dealer step 2.
[10:13:16.186] [INFO   ] thread dealer step 2.
[10:13:16.186] [INFO   ] thread dealer step 2.
[10:13:16.186] [INFO   ] thread dealer step 2.
[10:13:16.186] [INFO   ] thread dealer step 3.
[10:13:16.187] [INFO   ] thread dealer step 4.
[10:13:16.187] [INFO   ] thread dealer step 10.
[10:13:16.187] [INFO   ] thread dealer step 11.
[10:13:16.187] [INFO   ] thread dealer step 12.
[10:13:16.187] [INFO   ] thread dealer timer loop 5.
[10:13:16.187] [INFO   ] thread dealer timer loop 1.
[10:13:16.201] [INFO   ] thread dealer timer loop 2.
[10:13:16.202] [INFO   ] thread dealer timer loop 3.
[10:13:16.420] [INFO   ] thread dealer rm 1.
[10:13:16.420] [INFO   ] thread dealer timer loop 4.
[10:13:16.641] [INFO   ] thread dealer step 1.
[10:13:16.641] [INFO   ] thread dealer step 2.
[10:13:16.641] [INFO   ] thread dealer step 2.
[10:13:16.641] [INFO   ] thread dealer step 2.
[10:13:16.641] [INFO   ] thread dealer step 2.
[10:13:16.641] [INFO   ] thread dealer step 2.
[10:13:16.641] [INFO   ] thread dealer step 2.
[10:13:16.641] [INFO   ] thread dealer step 2.
[10:13:16.641] [INFO   ] thread dealer step 2.
[10:13:16.641] [INFO   ] thread dealer step 2.
[10:13:16.641] [INFO   ] thread dealer step 2.
[10:13:16.641] [INFO   ] thread dealer step 2.
[10:13:16.641] [INFO   ] thread dealer step 2.
[10:13:16.641] [INFO   ] thread dealer step 3.
[10:13:16.642] [INFO   ] thread dealer step 4.
[10:13:16.642] [INFO   ] thread dealer step 10.
[10:13:16.642] [INFO   ] thread dealer step 11.
[10:13:16.642] [INFO   ] thread dealer step 12.
[10:13:16.642] [INFO   ] thread dealer timer loop 5.
[10:13:16.642] [INFO   ] thread dealer timer loop 1.
[10:13:16.656] [INFO   ] thread dealer timer loop 2.
[10:13:16.656] [INFO   ] thread dealer timer loop 3.
[10:13:16.875] [INFO   ] thread dealer rm 1.
[10:13:16.875] [INFO   ] thread dealer timer loop 4.
[10:13:16.986] [SEVERE ] setting player 2 freeze to 2000
[10:13:17.096] [INFO   ] thread dealer step 1.
[10:13:17.096] [INFO   ] thread dealer step 2.
[10:13:17.096] [INFO   ] thread dealer step 2.
[10:13:17.096] [INFO   ] thread dealer step 2.
[10:13:17.096] [INFO   ] thread dealer step 2.
[10:13:17.096] [INFO   ] thread dealer step 2.
[10:13:17.096] [INFO   ] thread dealer step 2.
[10:13:17.096] [INFO   ] thread dealer step 2.
[10:13:17.096] [INFO   ] thread dealer step 2.
[10:13:17.096] [INFO   ] thread dealer step 2.
[10:13:17.096] [INFO   ] thread dealer step 2.
[10:13:17.096] [INFO   ] thread dealer step 2.
[10:13:17.096] [INFO   ] thread dealer step 2.
[10:13:17.096] [INFO   ] thread dealer step 3.
[10:13:17.097] [INFO   ] thread dealer step 4.
[10:13:17.097] [INFO   ] thread dealer step 10.
[10:13:17.097] [INFO   ] thread dealer step 11.
[10:13:17.097] [INFO   ] thread dealer step 12.
[10:13:17.097] [INFO   ] thread dealer timer loop 5.
[10:13:17.097] [INFO   ] thread dealer timer loop 1.
[10:13:17.112] [INFO   ] thread dealer timer loop 2.
[10:13:17.112] [INFO   ] thread dealer timer loop 3.
[10:13:17.330] [INFO   ] thread dealer rm 1.
[10:13:17.330] [INFO   ] thread dealer timer loop 4.
[10:13:17.548] [INFO   ] thread dealer step 1.
[10:13:17.549] [INFO   ] thread dealer step 2.
[10:13:17.549] [INFO   ] thread dealer step 2.
[10:13:17.549] [INFO   ] thread dealer step 2.
[10:13:17.549] [INFO   ] thread dealer step 2.
[10:13:17.549] [INFO   ] thread dealer step 2.
[10:13:17.549] [INFO   ] thread dealer step 2.
[10:13:17.549] [INFO   ] thread dealer step 2.
[10:13:17.549] [INFO   ] thread dealer step 2.
[10:13:17.549] [INFO   ] thread dealer step 2.
[10:13:17.549] [INFO   ] thread dealer step 2.
[10:13:17.549] [INFO   ] thread dealer step 2.
[10:13:17.549] [INFO   ] thread dealer step 2.
[10:13:17.549] [INFO   ] thread dealer step 3.
[10:13:17.550] [INFO   ] thread dealer step 4.
[10:13:17.550] [INFO   ] thread dealer step 10.
[10:13:17.550] [INFO   ] thread dealer step 11.
[10:13:17.550] [INFO   ] thread dealer step 12.
[10:13:17.550] [INFO   ] thread dealer timer loop 5.
[10:13:17.550] [INFO   ] thread dealer run step 3.
[10:13:17.550] [SEVERE ] updating countdown to 10000
[10:13:17.768] [SEVERE ] updating countdown to 9782
[10:13:17.877] [SEVERE ] removing card from slot 0
[10:13:17.986] [SEVERE ] removing card from slot 1
[10:13:17.987] [SEVERE ] setting player 2 freeze to 1000
[10:13:18.087] [SEVERE ] removing card from slot 2
[10:13:18.189] [SEVERE ] removing card from slot 3
[10:13:18.298] [SEVERE ] removing card from slot 4
[10:13:18.408] [SEVERE ] removing card from slot 5
[10:13:18.517] [SEVERE ] removing card from slot 6
[10:13:18.626] [SEVERE ] removing card from slot 7
[10:13:18.734] [SEVERE ] removing card from slot 8
[10:13:18.844] [SEVERE ] removing card from slot 9
[10:13:18.952] [SEVERE ] removing card from slot 10
[10:13:19.000] [SEVERE ] setting player 2 freeze to 0
[10:13:19.062] [SEVERE ] removing card from slot 11
[10:13:19.063] [INFO   ] thread dealer run step 1.
[10:13:19.391] [SEVERE ] placing card 29 in slot 0
[10:13:19.499] [SEVERE ] placing card 33 in slot 1
[10:13:19.608] [SEVERE ] placing card 53 in slot 2
[10:13:19.716] [SEVERE ] placing card 11 in slot 3
[10:13:19.825] [SEVERE ] placing card 22 in slot 4
[10:13:19.937] [SEVERE ] placing card 55 in slot 5
[10:13:20.047] [SEVERE ] placing card 65 in slot 6
[10:13:20.156] [SEVERE ] placing card 79 in slot 7
[10:13:20.269] [SEVERE ] placing card 49 in slot 8
[10:13:20.378] [SEVERE ] placing card 52 in slot 9
[10:13:20.486] [SEVERE ] placing card 14 in slot 10
[10:13:20.591] [SEVERE ] placing card 9 in slot 11
[10:13:20.591] [INFO   ] thread dealer step 1.
[10:13:20.591] [SEVERE ] updating countdown to 6959
[10:13:20.591] [INFO   ] thread dealer step 2.
[10:13:20.592] [INFO   ] thread dealer step 2.
[10:13:20.592] [INFO   ] thread dealer step 2.
[10:13:20.592] [INFO   ] thread dealer step 2.
[10:13:20.592] [INFO   ] thread dealer step 2.
[10:13:20.592] [INFO   ] thread dealer step 2.
[10:13:20.592] [INFO   ] thread dealer step 2.
[10:13:20.592] [INFO   ] thread dealer step 2.
[10:13:20.592] [INFO   ] thread dealer step 2.
[10:13:20.592] [INFO   ] thread dealer step 2.
[10:13:20.592] [INFO   ] thread dealer step 2.
[10:13:20.592] [INFO   ] thread dealer step 2.
[10:13:20.592] [INFO   ] thread dealer step 3.
[10:13:20.592] [SEVERE ] updating countdown to 6958
[10:13:20.593] [INFO   ] thread dealer step 4.
[10:13:20.593] [INFO   ] thread dealer step 10.
[10:13:20.593] [INFO   ] thread dealer step 11.
[10:13:20.593] [INFO   ] thread dealer step 12.
[10:13:20.593] [INFO   ] thread dealer run step 2.
[10:13:20.593] [INFO   ] thread dealer timer loop 1.
[10:13:20.656] [SEVERE ] key 81 was pressed by player 1
[10:13:20.656] [INFO   ] thread AWT-EventQueue-0 kp step 1.
[10:13:20.656] [INFO   ] thread AWT-EventQueue-0 kp step 2.true
[10:13:20.656] [INFO   ] thread AWT-EventQueue-0 kp step 3.
[10:13:20.656] [INFO   ] thread AWT-EventQueue-0 kp step 10.
[10:13:20.656] [INFO   ] thread AWT-EventQueue-0 kp step 11.
[10:13:20.656] [INFO   ] thread AWT-EventQueue-0 kp step 12.
[10:13:20.656] [SEVERE ] player 1 placing token on slot 0
[10:13:20.656] [INFO   ] thread AWT-EventQueue-0 kp step 13.
[10:13:20.656] [INFO   ] thread AWT-EventQueue-0 kp step 14.
[10:13:20.994] [SEVERE ] key 87 was pressed by player 1
[10:13:20.994] [INFO   ] thread AWT-EventQueue-0 kp step 1.
[10:13:20.995] [INFO   ] thread AWT-EventQueue-0 kp step 2.true
[10:13:20.995] [INFO   ] thread AWT-EventQueue-0 kp step 3.
[10:13:20.995] [INFO   ] thread AWT-EventQueue-0 kp step 4.
[10:13:20.995] [INFO   ] thread AWT-EventQueue-0 kp step 5.
[10:13:20.995] [INFO   ] thread AWT-EventQueue-0 kp step 6.
[10:13:20.995] [INFO   ] thread AWT-EventQueue-0 kp step 7.
[10:13:20.995] [INFO   ] thread AWT-EventQueue-0 kp step 10.
[10:13:20.995] [INFO   ] thread AWT-EventQueue-0 kp step 11.
[10:13:20.995] [INFO   ] thread AWT-EventQueue-0 kp step 12.
[10:13:20.995] [SEVERE ] player 1 placing token on slot 1
[10:13:20.995] [INFO   ] thread AWT-EventQueue-0 kp step 13.
[10:13:20.995] [INFO   ] thread AWT-EventQueue-0 kp step 14.
[10:13:21.298] [SEVERE ] key 69 was pressed by player 1
[10:13:21.298] [INFO   ] thread AWT-EventQueue-0 kp step 1.
[10:13:21.298] [INFO   ] thread AWT-EventQueue-0 kp step 2.true
[10:13:21.298] [INFO   ] thread AWT-EventQueue-0 kp step 3.
[10:13:21.298] [INFO   ] thread AWT-EventQueue-0 kp step 4.
[10:13:21.298] [INFO   ] thread AWT-EventQueue-0 kp step 5.
[10:13:21.298] [INFO   ] thread AWT-EventQueue-0 kp step 6.
[10:13:21.298] [INFO   ] thread AWT-EventQueue-0 kp step 7.
[10:13:21.298] [INFO   ] thread AWT-EventQueue-0 kp step 4.
[10:13:21.298] [INFO   ] thread AWT-EventQueue-0 kp step 5.
[10:13:21.298] [INFO   ] thread AWT-EventQueue-0 kp step 6.
[10:13:21.298] [INFO   ] thread AWT-EventQueue-0 kp step 7.
[10:13:21.298] [INFO   ] thread AWT-EventQueue-0 kp step 10.
[10:13:21.298] [INFO   ] thread AWT-EventQueue-0 kp step 11.
[10:13:21.298] [INFO   ] thread AWT-EventQueue-0 kp step 12.
[10:13:21.298] [SEVERE ] player 1 placing token on slot 2
[10:13:21.299] [INFO   ] thread AWT-EventQueue-0 kp step 13.
[10:13:21.299] [INFO   ] thread AWT-EventQueue-0 kp step 14.
[10:13:21.299] [INFO   ] thread AWT-EventQueue-0 kp step 15.
[10:13:21.299] [INFO   ] thread AWT-EventQueue-0 kp step 16.
[10:13:21.299] [INFO   ] thread dealer timer loop 2.
[10:13:21.299] [SEVERE ] updating countdown to 6251
[10:13:21.299] [INFO   ] thread dealer timer loop 3.
[10:13:21.514] [INFO   ] thread dealer rm 1.
[10:13:21.514] [INFO   ] thread dealer rm 2.
[10:13:21.514] [INFO   ] remove  in the table step 1
[10:13:21.514] [INFO   ] remove  in the table step 2
[10:13:21.514] [INFO   ] thread dealer rm 3.
[10:13:21.514] [INFO   ] thread dealer rm 5.
[10:13:21.514] [INFO   ] thread dealer rm 6.slotQueue.size 33
[10:13:21.514] [SEVERE ] updating countdown to 6036
[10:13:21.514] [INFO   ] thread dealer rm 7!!!.
[10:13:21.514] [INFO   ] thread dealer rm 8 !!!!.
[10:13:21.514] [SEVERE ] removing player 1 token from slot 0
[10:13:21.514] [INFO   ] thread dealer rm 8.5 !!!!.
[10:13:21.514] [SEVERE ] updating countdown to 6036
[10:13:21.514] [INFO   ] thread dealer rm 9.
[10:13:21.514] [INFO   ] thread dealer rm 6.slotQueue.size 23
[10:13:21.514] [SEVERE ] updating countdown to 6036
[10:13:21.514] [INFO   ] thread dealer rm 7!!!.
[10:13:21.514] [INFO   ] thread dealer rm 8 !!!!.
[10:13:21.514] [SEVERE ] removing player 1 token from slot 1
[10:13:21.514] [INFO   ] thread dealer rm 8.5 !!!!.
[10:13:21.514] [SEVERE ] updating countdown to 6036
[10:13:21.514] [INFO   ] thread dealer rm 9.
[10:13:21.514] [INFO   ] thread dealer rm 6.slotQueue.size 13
[10:13:21.514] [SEVERE ] updating countdown to 6036
[10:13:21.514] [INFO   ] thread dealer rm 7!!!.
[10:13:21.514] [INFO   ] thread dealer rm 8 !!!!.
[10:13:21.514] [SEVERE ] removing player 1 token from slot 2
[10:13:21.514] [INFO   ] thread dealer rm 8.5 !!!!.
[10:13:21.514] [SEVERE ] updating countdown to 6036
[10:13:21.514] [INFO   ] thread dealer rm 9.
[10:13:21.514] [INFO   ] thread dealer rm 17.
[10:13:21.514] [INFO   ] thread dealer rm 18.
[10:13:21.514] [INFO   ] thread dealerrm 19 .
[10:13:21.514] [INFO   ] thread dealer rm 20.
[10:13:21.514] [SEVERE ] updating countdown to 6036
[10:13:21.515] [INFO   ] thread dealer rm 22.
[10:13:21.515] [INFO   ] thread dealer rm 23.
[10:13:21.515] [SEVERE ] updating countdown to 6035
[10:13:21.515] [INFO   ] thread Thread-0 player was notified by dealer.
[10:13:21.515] [INFO   ] penalty
[10:13:21.515] [SEVERE ] setting player 1 freeze to 3000
[10:13:21.515] [INFO   ] thread dealer timer loop 4.
[10:13:21.734] [INFO   ] thread dealer step 1.
[10:13:21.734] [SEVERE ] updating countdown to 5816
[10:13:21.735] [INFO   ] thread dealer step 2.
[10:13:21.735] [INFO   ] thread dealer step 2.
[10:13:21.735] [INFO   ] thread dealer step 2.
[10:13:21.735] [INFO   ] thread dealer step 2.
[10:13:21.735] [INFO   ] thread dealer step 2.
[10:13:21.735] [INFO   ] thread dealer step 2.
[10:13:21.735] [INFO   ] thread dealer step 2.
[10:13:21.735] [INFO   ] thread dealer step 2.
[10:13:21.735] [INFO   ] thread dealer step 2.
[10:13:21.735] [INFO   ] thread dealer step 2.
[10:13:21.735] [INFO   ] thread dealer step 2.
[10:13:21.735] [INFO   ] thread dealer step 2.
[10:13:21.735] [INFO   ] thread dealer step 3.
[10:13:21.735] [SEVERE ] updating countdown to 5815
[10:13:21.736] [INFO   ] thread dealer step 4.
[10:13:21.736] [INFO   ] thread dealer step 10.
[10:13:21.736] [INFO   ] thread dealer step 11.
[10:13:21.736] [INFO   ] thread dealer step 12.
[10:13:21.737] [INFO   ] thread dealer timer loop 5.
[10:13:21.737] [INFO   ] thread dealer timer loop 1.
[10:13:22.516] [SEVERE ] setting player 1 freeze to 2000
[10:13:22.750] [INFO   ] thread dealer timer loop 2.
[10:13:22.750] [INFO   ] thread dealer timer loop 3.
[10:13:22.816] [SEVERE ] key 65 was pressed by player 1
[10:13:22.816] [INFO   ] thread AWT-EventQueue-0 kp step 1.
[10:13:22.816] [INFO   ] thread AWT-EventQueue-0 kp step 2.true
[10:13:22.816] [INFO   ] thread AWT-EventQueue-0 kp step 3.
[10:13:22.816] [INFO   ] thread AWT-EventQueue-0 kp step 10.
[10:13:22.816] [INFO   ] thread AWT-EventQueue-0 kp step 11.
[10:13:22.816] [INFO   ] thread AWT-EventQueue-0 kp step 12.
[10:13:22.816] [SEVERE ] player 1 placing token on slot 4
[10:13:22.816] [INFO   ] thread AWT-EventQueue-0 kp step 13.
[10:13:22.960] [INFO   ] thread dealer rm 1.
[10:13:22.960] [INFO   ] thread dealer timer loop 4.
[10:13:23.162] [INFO   ] thread dealer step 1.
[10:13:23.162] [INFO   ] thread dealer step 2.
[10:13:23.162] [INFO   ] thread dealer step 2.
[10:13:23.162] [INFO   ] thread dealer step 2.
[10:13:23.162] [INFO   ] thread dealer step 2.
[10:13:23.162] [INFO   ] thread dealer step 2.
[10:13:23.162] [INFO   ] thread dealer step 2.
[10:13:23.162] [INFO   ] thread dealer step 2.
[10:13:23.162] [INFO   ] thread dealer step 2.
[10:13:23.163] [INFO   ] thread dealer step 2.
[10:13:23.163] [INFO   ] thread dealer step 2.
[10:13:23.163] [INFO   ] thread dealer step 2.
[10:13:23.163] [INFO   ] thread dealer step 2.
[10:13:23.163] [INFO   ] thread dealer step 3.
[10:13:23.164] [INFO   ] thread dealer step 4.
[10:13:23.164] [INFO   ] thread dealer step 10.
[10:13:23.164] [INFO   ] thread dealer step 11.
[10:13:23.164] [INFO   ] thread dealer step 12.
[10:13:23.164] [INFO   ] thread dealer timer loop 5.
[10:13:23.164] [INFO   ] thread dealer timer loop 1.
[10:13:23.174] [INFO   ] thread dealer timer loop 2.
[10:13:23.174] [INFO   ] thread dealer timer loop 3.
[10:13:23.376] [INFO   ] thread dealer rm 1.
[10:13:23.376] [INFO   ] thread dealer timer loop 4.
[10:13:23.519] [SEVERE ] setting player 1 freeze to 1000
[10:13:23.585] [INFO   ] thread dealer step 1.
[10:13:23.585] [INFO   ] thread dealer step 2.
[10:13:23.586] [INFO   ] thread dealer step 2.
[10:13:23.586] [INFO   ] thread dealer step 2.
[10:13:23.586] [INFO   ] thread dealer step 2.
[10:13:23.586] [INFO   ] thread dealer step 2.
[10:13:23.586] [INFO   ] thread dealer step 2.
[10:13:23.586] [INFO   ] thread dealer step 2.
[10:13:23.586] [INFO   ] thread dealer step 2.
[10:13:23.586] [INFO   ] thread dealer step 2.
[10:13:23.586] [INFO   ] thread dealer step 2.
[10:13:23.586] [INFO   ] thread dealer step 2.
[10:13:23.586] [INFO   ] thread dealer step 2.
[10:13:23.586] [INFO   ] thread dealer step 3.
[10:13:23.587] [INFO   ] thread dealer step 4.
[10:13:23.587] [INFO   ] thread dealer step 10.
[10:13:23.587] [INFO   ] thread dealer step 11.
[10:13:23.587] [INFO   ] thread dealer step 12.
[10:13:23.587] [INFO   ] thread dealer timer loop 5.
[10:13:23.587] [INFO   ] thread dealer timer loop 1.
[10:13:23.600] [INFO   ] thread dealer timer loop 2.
[10:13:23.600] [INFO   ] thread dealer timer loop 3.
[10:13:23.821] [INFO   ] thread dealer rm 1.
[10:13:23.821] [INFO   ] thread dealer timer loop 4.
[10:13:24.042] [INFO   ] thread dealer step 1.
[10:13:24.042] [INFO   ] thread dealer step 2.
[10:13:24.042] [INFO   ] thread dealer step 2.
[10:13:24.042] [INFO   ] thread dealer step 2.
[10:13:24.042] [INFO   ] thread dealer step 2.
[10:13:24.042] [INFO   ] thread dealer step 2.
[10:13:24.042] [INFO   ] thread dealer step 2.
[10:13:24.042] [INFO   ] thread dealer step 2.
[10:13:24.043] [INFO   ] thread dealer step 2.
[10:13:24.043] [INFO   ] thread dealer step 2.
[10:13:24.043] [INFO   ] thread dealer step 2.
[10:13:24.043] [INFO   ] thread dealer step 2.
[10:13:24.043] [INFO   ] thread dealer step 2.
[10:13:24.043] [INFO   ] thread dealer step 3.
[10:13:24.044] [INFO   ] thread dealer step 4.
[10:13:24.044] [INFO   ] thread dealer step 10.
[10:13:24.044] [INFO   ] thread dealer step 11.
[10:13:24.044] [INFO   ] thread dealer step 12.
[10:13:24.044] [INFO   ] thread dealer timer loop 5.
[10:13:24.044] [INFO   ] thread dealer timer loop 1.
[10:13:24.057] [INFO   ] thread dealer timer loop 2.
[10:13:24.057] [INFO   ] thread dealer timer loop 3.
[10:13:24.276] [INFO   ] thread dealer rm 1.
[10:13:24.278] [INFO   ] thread dealer timer loop 4.
[10:13:24.496] [INFO   ] thread dealer step 1.
[10:13:24.497] [INFO   ] thread dealer step 2.
[10:13:24.497] [INFO   ] thread dealer step 2.
[10:13:24.497] [INFO   ] thread dealer step 2.
[10:13:24.497] [INFO   ] thread dealer step 2.
[10:13:24.497] [INFO   ] thread dealer step 2.
[10:13:24.497] [INFO   ] thread dealer step 2.
[10:13:24.497] [INFO   ] thread dealer step 2.
[10:13:24.497] [INFO   ] thread dealer step 2.
[10:13:24.497] [INFO   ] thread dealer step 2.
[10:13:24.497] [INFO   ] thread dealer step 2.
[10:13:24.497] [INFO   ] thread dealer step 2.
[10:13:24.497] [INFO   ] thread dealer step 2.
[10:13:24.498] [INFO   ] thread dealer step 3.
[10:13:24.499] [INFO   ] thread dealer step 4.
[10:13:24.499] [INFO   ] thread dealer step 10.
[10:13:24.499] [INFO   ] thread dealer step 11.
[10:13:24.499] [INFO   ] thread dealer step 12.
[10:13:24.499] [INFO   ] thread dealer timer loop 5.
[10:13:24.499] [INFO   ] thread dealer timer loop 1.
[10:13:24.511] [INFO   ] thread dealer timer loop 2.
[10:13:24.511] [INFO   ] thread dealer timer loop 3.
[10:13:24.528] [SEVERE ] setting player 1 freeze to 0
[10:13:24.528] [INFO   ] thread AWT-EventQueue-0 kp step 14.
[10:13:24.529] [SEVERE ] key 83 was pressed by player 1
[10:13:24.531] [INFO   ] thread AWT-EventQueue-0 kp step 1.
[10:13:24.531] [INFO   ] thread AWT-EventQueue-0 kp step 2.true
[10:13:24.531] [INFO   ] thread AWT-EventQueue-0 kp step 3.
[10:13:24.531] [INFO   ] thread AWT-EventQueue-0 kp step 4.
[10:13:24.531] [INFO   ] thread AWT-EventQueue-0 kp step 5.
[10:13:24.531] [INFO   ] thread AWT-EventQueue-0 kp step 6.
[10:13:24.531] [INFO   ] thread AWT-EventQueue-0 kp step 7.
[10:13:24.531] [INFO   ] thread AWT-EventQueue-0 kp step 10.
[10:13:24.531] [INFO   ] thread AWT-EventQueue-0 kp step 11.
[10:13:24.531] [INFO   ] thread AWT-EventQueue-0 kp step 12.
[10:13:24.531] [SEVERE ] player 1 placing token on slot 5
[10:13:24.531] [INFO   ] thread AWT-EventQueue-0 kp step 13.
[10:13:24.531] [INFO   ] thread AWT-EventQueue-0 kp step 14.
[10:13:24.531] [SEVERE ] key 68 was pressed by player 1
[10:13:24.531] [INFO   ] thread AWT-EventQueue-0 kp step 1.
[10:13:24.531] [INFO   ] thread AWT-EventQueue-0 kp step 2.true
[10:13:24.531] [INFO   ] thread AWT-EventQueue-0 kp step 3.
[10:13:24.531] [INFO   ] thread AWT-EventQueue-0 kp step 4.
[10:13:24.531] [INFO   ] thread AWT-EventQueue-0 kp step 5.
[10:13:24.531] [INFO   ] thread AWT-EventQueue-0 kp step 6.
[10:13:24.531] [INFO   ] thread AWT-EventQueue-0 kp step 7.
[10:13:24.531] [INFO   ] thread AWT-EventQueue-0 kp step 4.
[10:13:24.531] [INFO   ] thread AWT-EventQueue-0 kp step 5.
[10:13:24.531] [INFO   ] thread AWT-EventQueue-0 kp step 6.
[10:13:24.531] [INFO   ] thread AWT-EventQueue-0 kp step 7.
[10:13:24.531] [INFO   ] thread AWT-EventQueue-0 kp step 10.
[10:13:24.531] [INFO   ] thread AWT-EventQueue-0 kp step 11.
[10:13:24.531] [INFO   ] thread AWT-EventQueue-0 kp step 12.
[10:13:24.531] [SEVERE ] player 1 placing token on slot 6
[10:13:24.531] [INFO   ] thread AWT-EventQueue-0 kp step 13.
[10:13:24.531] [INFO   ] thread AWT-EventQueue-0 kp step 14.
[10:13:24.531] [INFO   ] thread AWT-EventQueue-0 kp step 15.
[10:13:24.531] [INFO   ] thread AWT-EventQueue-0 kp step 16.
[10:13:24.730] [INFO   ] thread dealer rm 1.
[10:13:24.730] [INFO   ] thread dealer rm 2.
[10:13:24.730] [INFO   ] remove  in the table step 1
[10:13:24.730] [INFO   ] remove  in the table step 2
[10:13:24.730] [INFO   ] thread dealer rm 3.
[10:13:24.730] [INFO   ] thread dealer rm 5.
[10:13:24.730] [INFO   ] thread dealer rm 6.slotQueue.size 33
[10:13:24.731] [INFO   ] thread dealer rm 7!!!.
[10:13:24.731] [INFO   ] thread dealer rm 8 !!!!.
[10:13:24.731] [SEVERE ] removing player 1 token from slot 4
[10:13:24.731] [INFO   ] thread dealer rm 8.5 !!!!.
[10:13:24.731] [INFO   ] thread dealer rm 9.
[10:13:24.731] [INFO   ] thread dealer rm 6.slotQueue.size 23
[10:13:24.731] [INFO   ] thread dealer rm 7!!!.
[10:13:24.731] [INFO   ] thread dealer rm 8 !!!!.
[10:13:24.731] [SEVERE ] removing player 1 token from slot 5
[10:13:24.731] [INFO   ] thread dealer rm 8.5 !!!!.
[10:13:24.732] [INFO   ] thread dealer rm 9.
[10:13:24.732] [INFO   ] thread dealer rm 6.slotQueue.size 13
[10:13:24.732] [INFO   ] thread dealer rm 7!!!.
[10:13:24.732] [INFO   ] thread dealer rm 8 !!!!.
[10:13:24.732] [SEVERE ] removing player 1 token from slot 6
[10:13:24.732] [INFO   ] thread dealer rm 8.5 !!!!.
[10:13:24.732] [INFO   ] thread dealer rm 9.
[10:13:24.732] [INFO   ] thread dealer rm 17.
[10:13:24.732] [INFO   ] thread dealer rm 18.
[10:13:24.732] [INFO   ] thread dealerrm 19 .
[10:13:24.732] [INFO   ] thread dealer rm 20.
[10:13:24.732] [INFO   ] thread dealer rm 22.
[10:13:24.732] [INFO   ] thread dealer rm 23.
[10:13:24.732] [INFO   ] thread Thread-0 player was notified by dealer.
[10:13:24.733] [INFO   ] penalty
[10:13:24.733] [SEVERE ] setting player 1 freeze to 3000
[10:13:24.732] [INFO   ] thread dealer timer loop 4.
[10:13:24.951] [INFO   ] thread dealer step 1.
[10:13:24.951] [INFO   ] thread dealer step 2.
[10:13:24.951] [INFO   ] thread dealer step 2.
[10:13:24.951] [INFO   ] thread dealer step 2.
[10:13:24.951] [INFO   ] thread dealer step 2.
[10:13:24.951] [INFO   ] thread dealer step 2.
[10:13:24.951] [INFO   ] thread dealer step 2.
[10:13:24.951] [INFO   ] thread dealer step 2.
[10:13:24.951] [INFO   ] thread dealer step 2.
[10:13:24.951] [INFO   ] thread dealer step 2.
[10:13:24.951] [INFO   ] thread dealer step 2.
[10:13:24.951] [INFO   ] thread dealer step 2.
[10:13:24.951] [INFO   ] thread dealer step 2.
[10:13:24.951] [INFO   ] thread dealer step 3.
[10:13:24.952] [INFO   ] thread dealer step 4.
[10:13:24.952] [INFO   ] thread dealer step 10.
[10:13:24.952] [INFO   ] thread dealer step 11.
[10:13:24.952] [INFO   ] thread dealer step 12.
[10:13:24.952] [INFO   ] thread dealer timer loop 5.
[10:13:24.952] [INFO   ] thread dealer timer loop 1.
[10:13:24.966] [INFO   ] thread dealer timer loop 2.
[10:13:24.966] [INFO   ] thread dealer timer loop 3.
[10:13:25.184] [INFO   ] thread dealer rm 1.
[10:13:25.184] [INFO   ] thread dealer timer loop 4.
[10:13:25.406] [INFO   ] thread dealer step 1.
[10:13:25.406] [INFO   ] thread dealer step 2.
[10:13:25.406] [INFO   ] thread dealer step 2.
[10:13:25.406] [INFO   ] thread dealer step 2.
[10:13:25.406] [INFO   ] thread dealer step 2.
[10:13:25.407] [INFO   ] thread dealer step 2.
[10:13:25.407] [INFO   ] thread dealer step 2.
[10:13:25.407] [INFO   ] thread dealer step 2.
[10:13:25.407] [INFO   ] thread dealer step 2.
[10:13:25.407] [INFO   ] thread dealer step 2.
[10:13:25.407] [INFO   ] thread dealer step 2.
[10:13:25.407] [INFO   ] thread dealer step 2.
[10:13:25.407] [INFO   ] thread dealer step 2.
[10:13:25.407] [INFO   ] thread dealer step 3.
[10:13:25.408] [INFO   ] thread dealer step 4.
[10:13:25.408] [INFO   ] thread dealer step 10.
[10:13:25.408] [INFO   ] thread dealer step 11.
[10:13:25.408] [INFO   ] thread dealer step 12.
[10:13:25.408] [INFO   ] thread dealer timer loop 5.
[10:13:25.408] [INFO   ] thread dealer timer loop 1.
[10:13:25.421] [INFO   ] thread dealer timer loop 2.
[10:13:25.421] [INFO   ] thread dealer timer loop 3.
[10:13:25.640] [INFO   ] thread dealer rm 1.
[10:13:25.642] [INFO   ] thread dealer timer loop 4.
[10:13:25.733] [SEVERE ] setting player 1 freeze to 2000
[10:13:25.860] [INFO   ] thread dealer step 1.
[10:13:25.860] [INFO   ] thread dealer step 2.
[10:13:25.861] [INFO   ] thread dealer step 2.
[10:13:25.861] [INFO   ] thread dealer step 2.
[10:13:25.861] [INFO   ] thread dealer step 2.
[10:13:25.861] [INFO   ] thread dealer step 2.
[10:13:25.861] [INFO   ] thread dealer step 2.
[10:13:25.861] [INFO   ] thread dealer step 2.
[10:13:25.861] [INFO   ] thread dealer step 2.
[10:13:25.861] [INFO   ] thread dealer step 2.
[10:13:25.861] [INFO   ] thread dealer step 2.
[10:13:25.861] [INFO   ] thread dealer step 2.
[10:13:25.861] [INFO   ] thread dealer step 2.
[10:13:25.861] [INFO   ] thread dealer step 3.
[10:13:25.862] [INFO   ] thread dealer step 4.
[10:13:25.862] [INFO   ] thread dealer step 10.
[10:13:25.862] [INFO   ] thread dealer step 11.
[10:13:25.862] [INFO   ] thread dealer step 12.
[10:13:25.862] [INFO   ] thread dealer timer loop 5.
[10:13:25.862] [INFO   ] thread dealer timer loop 1.
[10:13:25.876] [INFO   ] thread dealer timer loop 2.
[10:13:25.876] [INFO   ] thread dealer timer loop 3.
[10:13:26.096] [INFO   ] thread dealer rm 1.
[10:13:26.096] [INFO   ] thread dealer timer loop 4.
[10:13:26.317] [INFO   ] thread dealer step 1.
[10:13:26.317] [INFO   ] thread dealer step 2.
[10:13:26.317] [INFO   ] thread dealer step 2.
[10:13:26.317] [INFO   ] thread dealer step 2.
[10:13:26.317] [INFO   ] thread dealer step 2.
[10:13:26.317] [INFO   ] thread dealer step 2.
[10:13:26.317] [INFO   ] thread dealer step 2.
[10:13:26.318] [INFO   ] thread dealer step 2.
[10:13:26.318] [INFO   ] thread dealer step 2.
[10:13:26.318] [INFO   ] thread dealer step 2.
[10:13:26.318] [INFO   ] thread dealer step 2.
[10:13:26.318] [INFO   ] thread dealer step 2.
[10:13:26.318] [INFO   ] thread dealer step 2.
[10:13:26.318] [INFO   ] thread dealer step 3.
[10:13:26.318] [INFO   ] thread dealer step 4.
[10:13:26.318] [INFO   ] thread dealer step 10.
[10:13:26.319] [INFO   ] thread dealer step 11.
[10:13:26.319] [INFO   ] thread dealer step 12.
[10:13:26.319] [INFO   ] thread dealer timer loop 5.
[10:13:26.320] [INFO   ] thread dealer timer loop 1.
[10:13:26.333] [INFO   ] thread dealer timer loop 2.
[10:13:26.333] [INFO   ] thread dealer timer loop 3.
[10:13:26.553] [INFO   ] thread dealer rm 1.
[10:13:26.553] [INFO   ] thread dealer timer loop 4.
[10:13:26.741] [SEVERE ] setting player 1 freeze to 1000
[10:13:26.772] [INFO   ] thread dealer step 1.
[10:13:26.772] [INFO   ] thread dealer step 2.
[10:13:26.772] [INFO   ] thread dealer step 2.
[10:13:26.772] [INFO   ] thread dealer step 2.
[10:13:26.772] [INFO   ] thread dealer step 2.
[10:13:26.772] [INFO   ] thread dealer step 2.
[10:13:26.772] [INFO   ] thread dealer step 2.
[10:13:26.772] [INFO   ] thread dealer step 2.
[10:13:26.772] [INFO   ] thread dealer step 2.
[10:13:26.772] [INFO   ] thread dealer step 2.
[10:13:26.772] [INFO   ] thread dealer step 2.
[10:13:26.772] [INFO   ] thread dealer step 2.
[10:13:26.772] [INFO   ] thread dealer step 2.
[10:13:26.772] [INFO   ] thread dealer step 3.
[10:13:26.773] [INFO   ] thread dealer step 4.
[10:13:26.773] [INFO   ] thread dealer step 10.
[10:13:26.773] [INFO   ] thread dealer step 11.
[10:13:26.773] [INFO   ] thread dealer step 12.
[10:13:26.773] [INFO   ] thread dealer timer loop 5.
[10:13:26.773] [INFO   ] thread dealer timer loop 1.
[10:13:26.788] [INFO   ] thread dealer timer loop 2.
[10:13:26.788] [INFO   ] thread dealer timer loop 3.
[10:13:27.012] [INFO   ] thread dealer rm 1.
[10:13:27.012] [INFO   ] thread dealer timer loop 4.
[10:13:27.230] [INFO   ] thread dealer step 1.
[10:13:27.230] [INFO   ] thread dealer step 2.
[10:13:27.230] [INFO   ] thread dealer step 2.
[10:13:27.230] [INFO   ] thread dealer step 2.
[10:13:27.230] [INFO   ] thread dealer step 2.
[10:13:27.230] [INFO   ] thread dealer step 2.
[10:13:27.230] [INFO   ] thread dealer step 2.
[10:13:27.230] [INFO   ] thread dealer step 2.
[10:13:27.230] [INFO   ] thread dealer step 2.
[10:13:27.230] [INFO   ] thread dealer step 2.
[10:13:27.230] [INFO   ] thread dealer step 2.
[10:13:27.230] [INFO   ] thread dealer step 2.
[10:13:27.230] [INFO   ] thread dealer step 2.
[10:13:27.230] [INFO   ] thread dealer step 3.
[10:13:27.231] [INFO   ] thread dealer step 4.
[10:13:27.231] [INFO   ] thread dealer step 10.
[10:13:27.231] [INFO   ] thread dealer step 11.
[10:13:27.231] [INFO   ] thread dealer step 12.
[10:13:27.231] [INFO   ] thread dealer timer loop 5.
[10:13:27.231] [INFO   ] thread dealer timer loop 1.
[10:13:27.246] [INFO   ] thread dealer timer loop 2.
[10:13:27.246] [INFO   ] thread dealer timer loop 3.
[10:13:27.469] [INFO   ] thread dealer rm 1.
[10:13:27.469] [INFO   ] thread dealer timer loop 4.
[10:13:27.689] [INFO   ] thread dealer step 1.
[10:13:27.690] [INFO   ] thread dealer step 2.
[10:13:27.690] [INFO   ] thread dealer step 2.
[10:13:27.690] [INFO   ] thread dealer step 2.
[10:13:27.690] [INFO   ] thread dealer step 2.
[10:13:27.690] [INFO   ] thread dealer step 2.
[10:13:27.690] [INFO   ] thread dealer step 2.
[10:13:27.690] [INFO   ] thread dealer step 2.
[10:13:27.690] [INFO   ] thread dealer step 2.
[10:13:27.690] [INFO   ] thread dealer step 2.
[10:13:27.690] [INFO   ] thread dealer step 2.
[10:13:27.690] [INFO   ] thread dealer step 2.
[10:13:27.690] [INFO   ] thread dealer step 2.
[10:13:27.690] [INFO   ] thread dealer step 3.
[10:13:27.691] [INFO   ] thread dealer step 4.
[10:13:27.691] [INFO   ] thread dealer step 10.
[10:13:27.691] [INFO   ] thread dealer step 11.
[10:13:27.691] [INFO   ] thread dealer step 12.
[10:13:27.691] [INFO   ] thread dealer timer loop 5.
[10:13:27.691] [INFO   ] thread dealer run step 3.
[10:13:27.692] [SEVERE ] updating countdown to 10000
[10:13:27.753] [SEVERE ] setting player 1 freeze to 0
[10:13:27.908] [SEVERE ] updating countdown to 9784
[10:13:28.022] [SEVERE ] removing card from slot 0
[10:13:28.133] [SEVERE ] removing card from slot 1
[10:13:28.243] [SEVERE ] removing card from slot 2
[10:13:28.353] [SEVERE ] removing card from slot 3
[10:13:28.462] [SEVERE ] removing card from slot 4
[10:13:28.572] [SEVERE ] removing card from slot 5
[10:13:28.683] [SEVERE ] removing card from slot 6
[10:13:28.791] [SEVERE ] removing card from slot 7
[10:13:28.901] [SEVERE ] removing card from slot 8
[10:13:29.009] [SEVERE ] removing card from slot 9
[10:13:29.119] [SEVERE ] removing card from slot 10
[10:13:29.228] [SEVERE ] removing card from slot 11
[10:13:29.228] [INFO   ] thread dealer run step 1.
[10:13:29.557] [SEVERE ] placing card 35 in slot 0
[10:13:29.667] [SEVERE ] placing card 5 in slot 1
[10:13:29.776] [SEVERE ] placing card 67 in slot 2
[10:13:29.887] [SEVERE ] placing card 28 in slot 3
[10:13:29.998] [SEVERE ] placing card 10 in slot 4
[10:13:30.109] [SEVERE ] placing card 49 in slot 5
[10:13:30.220] [SEVERE ] placing card 72 in slot 6
[10:13:30.328] [SEVERE ] placing card 60 in slot 7
[10:13:30.437] [SEVERE ] placing card 73 in slot 8
[10:13:30.546] [SEVERE ] placing card 27 in slot 9
[10:13:30.655] [SEVERE ] placing card 2 in slot 10
[10:13:30.764] [SEVERE ] placing card 77 in slot 11
[10:13:30.764] [INFO   ] thread dealer step 1.
[10:13:30.764] [SEVERE ] updating countdown to 6928
[10:13:30.764] [INFO   ] thread dealer step 2.
[10:13:30.764] [INFO   ] thread dealer step 2.
[10:13:30.764] [INFO   ] thread dealer step 2.
[10:13:30.764] [INFO   ] thread dealer step 2.
[10:13:30.764] [INFO   ] thread dealer step 2.
[10:13:30.764] [INFO   ] thread dealer step 2.
[10:13:30.764] [INFO   ] thread dealer step 2.
[10:13:30.764] [INFO   ] thread dealer step 2.
[10:13:30.764] [INFO   ] thread dealer step 2.
[10:13:30.764] [INFO   ] thread dealer step 2.
[10:13:30.764] [INFO   ] thread dealer step 2.
[10:13:30.764] [INFO   ] thread dealer step 2.
[10:13:30.764] [INFO   ] thread dealer step 3.
[10:13:30.765] [SEVERE ] updating countdown to 6927
[10:13:30.765] [INFO   ] thread dealer step 4.
[10:13:30.765] [INFO   ] thread dealer step 10.
[10:13:30.765] [INFO   ] thread dealer step 11.
[10:13:30.765] [INFO   ] thread dealer step 12.
[10:13:30.765] [INFO   ] thread dealer run step 2.
[10:13:30.765] [INFO   ] thread dealer timer loop 1.
[10:13:31.766] [INFO   ] thread dealer timer loop 2.
[10:13:31.766] [SEVERE ] updating countdown to 5926
[10:13:31.766] [INFO   ] thread dealer timer loop 3.
[10:13:31.983] [INFO   ] thread dealer rm 1.
[10:13:31.983] [INFO   ] thread dealer timer loop 4.
[10:13:32.203] [INFO   ] thread dealer step 1.
[10:13:32.203] [SEVERE ] updating countdown to 5489
[10:13:32.203] [INFO   ] thread dealer step 2.
[10:13:32.203] [INFO   ] thread dealer step 2.
[10:13:32.203] [INFO   ] thread dealer step 2.
[10:13:32.203] [INFO   ] thread dealer step 2.
[10:13:32.203] [INFO   ] thread dealer step 2.
[10:13:32.203] [INFO   ] thread dealer step 2.
[10:13:32.203] [INFO   ] thread dealer step 2.
[10:13:32.203] [INFO   ] thread dealer step 2.
[10:13:32.203] [INFO   ] thread dealer step 2.
[10:13:32.203] [INFO   ] thread dealer step 2.
[10:13:32.204] [INFO   ] thread dealer step 2.
[10:13:32.204] [INFO   ] thread dealer step 2.
[10:13:32.204] [INFO   ] thread dealer step 3.
[10:13:32.204] [SEVERE ] updating countdown to 5488
[10:13:32.205] [INFO   ] thread dealer step 4.
[10:13:32.205] [INFO   ] thread dealer step 10.
[10:13:32.205] [INFO   ] thread dealer step 11.
[10:13:32.205] [INFO   ] thread dealer step 12.
[10:13:32.205] [INFO   ] thread dealer timer loop 5.
[10:13:32.205] [INFO   ] thread dealer timer loop 1.
[10:13:33.216] [INFO   ] thread dealer timer loop 2.
[10:13:33.216] [INFO   ] thread dealer timer loop 3.
[10:13:33.435] [INFO   ] thread dealer rm 1.
[10:13:33.435] [INFO   ] thread dealer timer loop 4.
[10:13:33.653] [INFO   ] thread dealer step 1.
[10:13:33.653] [INFO   ] thread dealer step 2.
[10:13:33.653] [INFO   ] thread dealer step 2.
[10:13:33.653] [INFO   ] thread dealer step 2.
[10:13:33.653] [INFO   ] thread dealer step 2.
[10:13:33.653] [INFO   ] thread dealer step 2.
[10:13:33.653] [INFO   ] thread dealer step 2.
[10:13:33.653] [INFO   ] thread dealer step 2.
[10:13:33.653] [INFO   ] thread dealer step 2.
[10:13:33.653] [INFO   ] thread dealer step 2.
[10:13:33.653] [INFO   ] thread dealer step 2.
[10:13:33.653] [INFO   ] thread dealer step 2.
[10:13:33.653] [INFO   ] thread dealer step 2.
[10:13:33.653] [INFO   ] thread dealer step 3.
[10:13:33.653] [INFO   ] thread dealer step 4.
[10:13:33.653] [INFO   ] thread dealer step 10.
[10:13:33.653] [INFO   ] thread dealer step 11.
[10:13:33.653] [INFO   ] thread dealer step 12.
[10:13:33.653] [INFO   ] thread dealer timer loop 5.
[10:13:33.653] [INFO   ] thread dealer timer loop 1.
[10:13:33.668] [INFO   ] thread dealer timer loop 2.
[10:13:33.668] [INFO   ] thread dealer timer loop 3.
[10:13:33.887] [INFO   ] thread dealer rm 1.
[10:13:33.887] [INFO   ] thread dealer timer loop 4.
[10:13:34.105] [INFO   ] thread dealer step 1.
[10:13:34.105] [INFO   ] thread dealer step 2.
[10:13:34.105] [INFO   ] thread dealer step 2.
[10:13:34.105] [INFO   ] thread dealer step 2.
[10:13:34.105] [INFO   ] thread dealer step 2.
[10:13:34.105] [INFO   ] thread dealer step 2.
[10:13:34.105] [INFO   ] thread dealer step 2.
[10:13:34.105] [INFO   ] thread dealer step 2.
[10:13:34.105] [INFO   ] thread dealer step 2.
[10:13:34.106] [INFO   ] thread dealer step 2.
[10:13:34.106] [INFO   ] thread dealer step 2.
[10:13:34.106] [INFO   ] thread dealer step 2.
[10:13:34.106] [INFO   ] thread dealer step 2.
[10:13:34.106] [INFO   ] thread dealer step 3.
[10:13:34.106] [INFO   ] thread dealer step 4.
[10:13:34.106] [INFO   ] thread dealer step 10.
[10:13:34.106] [INFO   ] thread dealer step 11.
[10:13:34.106] [INFO   ] thread dealer step 12.
[10:13:34.107] [INFO   ] thread dealer timer loop 5.
[10:13:34.107] [INFO   ] thread dealer timer loop 1.
[10:13:34.120] [INFO   ] thread dealer timer loop 2.
[10:13:34.120] [INFO   ] thread dealer timer loop 3.
[10:13:34.338] [INFO   ] thread dealer rm 1.
[10:13:34.338] [INFO   ] thread dealer timer loop 4.
[10:13:34.555] [INFO   ] thread dealer step 1.
[10:13:34.555] [INFO   ] thread dealer step 2.
[10:13:34.555] [INFO   ] thread dealer step 2.
[10:13:34.556] [INFO   ] thread dealer step 2.
[10:13:34.556] [INFO   ] thread dealer step 2.
[10:13:34.556] [INFO   ] thread dealer step 2.
[10:13:34.556] [INFO   ] thread dealer step 2.
[10:13:34.556] [INFO   ] thread dealer step 2.
[10:13:34.556] [INFO   ] thread dealer step 2.
[10:13:34.556] [INFO   ] thread dealer step 2.
[10:13:34.556] [INFO   ] thread dealer step 2.
[10:13:34.556] [INFO   ] thread dealer step 2.
[10:13:34.556] [INFO   ] thread dealer step 2.
[10:13:34.556] [INFO   ] thread dealer step 3.
[10:13:34.557] [INFO   ] thread dealer step 4.
[10:13:34.557] [INFO   ] thread dealer step 10.
[10:13:34.557] [INFO   ] thread dealer step 11.
[10:13:34.557] [INFO   ] thread dealer step 12.
[10:13:34.557] [INFO   ] thread dealer timer loop 5.
[10:13:34.557] [INFO   ] thread dealer timer loop 1.
[10:13:34.570] [INFO   ] thread dealer timer loop 2.
[10:13:34.570] [INFO   ] thread dealer timer loop 3.
[10:13:34.789] [INFO   ] thread dealer rm 1.
[10:13:34.789] [INFO   ] thread dealer timer loop 4.
[10:13:35.008] [INFO   ] thread dealer step 1.
[10:13:35.008] [INFO   ] thread dealer step 2.
[10:13:35.008] [INFO   ] thread dealer step 2.
[10:13:35.008] [INFO   ] thread dealer step 2.
[10:13:35.008] [INFO   ] thread dealer step 2.
[10:13:35.008] [INFO   ] thread dealer step 2.
[10:13:35.008] [INFO   ] thread dealer step 2.
[10:13:35.008] [INFO   ] thread dealer step 2.
[10:13:35.008] [INFO   ] thread dealer step 2.
[10:13:35.008] [INFO   ] thread dealer step 2.
[10:13:35.008] [INFO   ] thread dealer step 2.
[10:13:35.008] [INFO   ] thread dealer step 2.
[10:13:35.008] [INFO   ] thread dealer step 2.
[10:13:35.008] [INFO   ] thread dealer step 3.
[10:13:35.009] [INFO   ] thread dealer step 4.
[10:13:35.009] [INFO   ] thread dealer step 10.
[10:13:35.009] [INFO   ] thread dealer step 11.
[10:13:35.009] [INFO   ] thread dealer step 12.
[10:13:35.009] [INFO   ] thread dealer timer loop 5.
[10:13:35.009] [INFO   ] thread dealer timer loop 1.
[10:13:35.023] [INFO   ] thread dealer timer loop 2.
[10:13:35.023] [INFO   ] thread dealer timer loop 3.
[10:13:35.233] [INFO   ] thread dealer rm 1.
[10:13:35.233] [INFO   ] thread dealer timer loop 4.
[10:13:35.453] [INFO   ] thread dealer step 1.
[10:13:35.453] [INFO   ] thread dealer step 2.
[10:13:35.453] [INFO   ] thread dealer step 2.
[10:13:35.453] [INFO   ] thread dealer step 2.
[10:13:35.454] [INFO   ] thread dealer step 2.
[10:13:35.454] [INFO   ] thread dealer step 2.
[10:13:35.454] [INFO   ] thread dealer step 2.
[10:13:35.454] [INFO   ] thread dealer step 2.
[10:13:35.454] [INFO   ] thread dealer step 2.
[10:13:35.454] [INFO   ] thread dealer step 2.
[10:13:35.454] [INFO   ] thread dealer step 2.
[10:13:35.454] [INFO   ] thread dealer step 2.
[10:13:35.454] [INFO   ] thread dealer step 2.
[10:13:35.454] [INFO   ] thread dealer step 3.
[10:13:35.454] [INFO   ] thread dealer step 4.
[10:13:35.454] [INFO   ] thread dealer step 10.
[10:13:35.454] [INFO   ] thread dealer step 11.
[10:13:35.455] [INFO   ] thread dealer step 12.
[10:13:35.455] [INFO   ] thread dealer timer loop 5.
[10:13:35.455] [INFO   ] thread dealer timer loop 1.
[10:13:35.469] [INFO   ] thread dealer timer loop 2.
[10:13:35.469] [INFO   ] thread dealer timer loop 3.
[10:13:35.700] [INFO   ] thread dealer rm 1.
[10:13:35.700] [INFO   ] thread dealer timer loop 4.
[10:13:35.919] [INFO   ] thread dealer step 1.
[10:13:35.919] [INFO   ] thread dealer step 2.
[10:13:35.919] [INFO   ] thread dealer step 2.
[10:13:35.919] [INFO   ] thread dealer step 2.
[10:13:35.919] [INFO   ] thread dealer step 2.
[10:13:35.919] [INFO   ] thread dealer step 2.
[10:13:35.919] [INFO   ] thread dealer step 2.
[10:13:35.919] [INFO   ] thread dealer step 2.
[10:13:35.919] [INFO   ] thread dealer step 2.
[10:13:35.919] [INFO   ] thread dealer step 2.
[10:13:35.919] [INFO   ] thread dealer step 2.
[10:13:35.919] [INFO   ] thread dealer step 2.
[10:13:35.919] [INFO   ] thread dealer step 2.
[10:13:35.919] [INFO   ] thread dealer step 3.
[10:13:35.919] [INFO   ] thread dealer step 4.
[10:13:35.919] [INFO   ] thread dealer step 10.
[10:13:35.919] [INFO   ] thread dealer step 11.
[10:13:35.919] [INFO   ] thread dealer step 12.
[10:13:35.919] [INFO   ] thread dealer timer loop 5.
[10:13:35.919] [INFO   ] thread dealer timer loop 1.
[10:13:35.934] [INFO   ] thread dealer timer loop 2.
[10:13:35.934] [INFO   ] thread dealer timer loop 3.
[10:13:36.153] [INFO   ] thread dealer rm 1.
[10:13:36.153] [INFO   ] thread dealer timer loop 4.
[10:13:36.374] [INFO   ] thread dealer step 1.
[10:13:36.374] [INFO   ] thread dealer step 2.
[10:13:36.374] [INFO   ] thread dealer step 2.
[10:13:36.374] [INFO   ] thread dealer step 2.
[10:13:36.374] [INFO   ] thread dealer step 2.
[10:13:36.374] [INFO   ] thread dealer step 2.
[10:13:36.374] [INFO   ] thread dealer step 2.
[10:13:36.374] [INFO   ] thread dealer step 2.
[10:13:36.374] [INFO   ] thread dealer step 2.
[10:13:36.374] [INFO   ] thread dealer step 2.
[10:13:36.374] [INFO   ] thread dealer step 2.
[10:13:36.374] [INFO   ] thread dealer step 2.
[10:13:36.374] [INFO   ] thread dealer step 2.
[10:13:36.374] [INFO   ] thread dealer step 3.
[10:13:36.374] [INFO   ] thread dealer step 4.
[10:13:36.374] [INFO   ] thread dealer step 10.
[10:13:36.374] [INFO   ] thread dealer step 11.
[10:13:36.374] [INFO   ] thread dealer step 12.
[10:13:36.374] [INFO   ] thread dealer timer loop 5.
[10:13:36.374] [INFO   ] thread dealer timer loop 1.
[10:13:36.390] [INFO   ] thread dealer timer loop 2.
[10:13:36.390] [INFO   ] thread dealer timer loop 3.
[10:13:36.610] [INFO   ] thread dealer rm 1.
[10:13:36.610] [INFO   ] thread dealer timer loop 4.
[10:13:36.829] [INFO   ] thread dealer step 1.
[10:13:36.829] [INFO   ] thread dealer step 2.
[10:13:36.829] [INFO   ] thread dealer step 2.
[10:13:36.829] [INFO   ] thread dealer step 2.
[10:13:36.829] [INFO   ] thread dealer step 2.
[10:13:36.829] [INFO   ] thread dealer step 2.
[10:13:36.829] [INFO   ] thread dealer step 2.
[10:13:36.829] [INFO   ] thread dealer step 2.
[10:13:36.829] [INFO   ] thread dealer step 2.
[10:13:36.829] [INFO   ] thread dealer step 2.
[10:13:36.829] [INFO   ] thread dealer step 2.
[10:13:36.829] [INFO   ] thread dealer step 2.
[10:13:36.829] [INFO   ] thread dealer step 2.
[10:13:36.829] [INFO   ] thread dealer step 3.
[10:13:36.829] [INFO   ] thread dealer step 4.
[10:13:36.829] [INFO   ] thread dealer step 10.
[10:13:36.829] [INFO   ] thread dealer step 11.
[10:13:36.829] [INFO   ] thread dealer step 12.
[10:13:36.829] [INFO   ] thread dealer timer loop 5.
[10:13:36.829] [INFO   ] thread dealer timer loop 1.
[10:13:36.845] [INFO   ] thread dealer timer loop 2.
[10:13:36.845] [INFO   ] thread dealer timer loop 3.
[10:13:37.064] [INFO   ] thread dealer rm 1.
[10:13:37.064] [INFO   ] thread dealer timer loop 4.
[10:13:37.283] [INFO   ] thread dealer step 1.
[10:13:37.283] [INFO   ] thread dealer step 2.
[10:13:37.283] [INFO   ] thread dealer step 2.
[10:13:37.283] [INFO   ] thread dealer step 2.
[10:13:37.283] [INFO   ] thread dealer step 2.
[10:13:37.283] [INFO   ] thread dealer step 2.
[10:13:37.283] [INFO   ] thread dealer step 2.
[10:13:37.283] [INFO   ] thread dealer step 2.
[10:13:37.283] [INFO   ] thread dealer step 2.
[10:13:37.283] [INFO   ] thread dealer step 2.
[10:13:37.283] [INFO   ] thread dealer step 2.
[10:13:37.283] [INFO   ] thread dealer step 2.
[10:13:37.283] [INFO   ] thread dealer step 2.
[10:13:37.283] [INFO   ] thread dealer step 3.
[10:13:37.283] [INFO   ] thread dealer step 4.
[10:13:37.283] [INFO   ] thread dealer step 10.
[10:13:37.283] [INFO   ] thread dealer step 11.
[10:13:37.283] [INFO   ] thread dealer step 12.
[10:13:37.283] [INFO   ] thread dealer timer loop 5.
[10:13:37.283] [INFO   ] thread dealer timer loop 1.
[10:13:37.298] [INFO   ] thread dealer timer loop 2.
[10:13:37.298] [INFO   ] thread dealer timer loop 3.
[10:13:37.517] [INFO   ] thread dealer rm 1.
[10:13:37.517] [INFO   ] thread dealer timer loop 4.
[10:13:37.736] [INFO   ] thread dealer step 1.
[10:13:37.736] [INFO   ] thread dealer step 2.
[10:13:37.736] [INFO   ] thread dealer step 2.
[10:13:37.736] [INFO   ] thread dealer step 2.
[10:13:37.736] [INFO   ] thread dealer step 2.
[10:13:37.736] [INFO   ] thread dealer step 2.
[10:13:37.736] [INFO   ] thread dealer step 2.
[10:13:37.736] [INFO   ] thread dealer step 2.
[10:13:37.736] [INFO   ] thread dealer step 2.
[10:13:37.736] [INFO   ] thread dealer step 2.
[10:13:37.736] [INFO   ] thread dealer step 2.
[10:13:37.736] [INFO   ] thread dealer step 2.
[10:13:37.736] [INFO   ] thread dealer step 2.
[10:13:37.736] [INFO   ] thread dealer step 3.
[10:13:37.736] [INFO   ] thread dealer step 4.
[10:13:37.736] [INFO   ] thread dealer step 10.
[10:13:37.736] [INFO   ] thread dealer step 11.
[10:13:37.736] [INFO   ] thread dealer step 12.
[10:13:37.736] [INFO   ] thread dealer timer loop 5.
[10:13:37.736] [INFO   ] thread dealer run step 3.
[10:13:37.736] [SEVERE ] updating countdown to 10000
[10:13:37.954] [SEVERE ] updating countdown to 9782
[10:13:38.064] [SEVERE ] removing card from slot 0
[10:13:38.173] [SEVERE ] removing card from slot 1
[10:13:38.283] [SEVERE ] removing card from slot 2
[10:13:38.392] [SEVERE ] removing card from slot 3
[10:13:38.501] [SEVERE ] removing card from slot 4
[10:13:38.614] [SEVERE ] removing card from slot 5
[10:13:38.724] [SEVERE ] removing card from slot 6
[10:13:38.834] [SEVERE ] removing card from slot 7
[10:13:38.944] [SEVERE ] removing card from slot 8
[10:13:39.055] [SEVERE ] removing card from slot 9
[10:13:39.164] [SEVERE ] removing card from slot 10
[10:13:39.235] [SEVERE ] exit button pressed
[10:13:39.265] [SEVERE ] removing card from slot 11
[10:13:39.265] [INFO   ] thread dealer run step 1.
[10:13:39.595] [SEVERE ] placing card 42 in slot 0
[10:13:39.710] [SEVERE ] placing card 73 in slot 1
[10:13:39.819] [SEVERE ] placing card 38 in slot 2
[10:13:39.920] [SEVERE ] placing card 74 in slot 3
[10:13:40.021] [SEVERE ] placing card 58 in slot 4
[10:13:40.133] [SEVERE ] placing card 63 in slot 5
[10:13:40.236] [SEVERE ] placing card 1 in slot 6
[10:13:40.346] [SEVERE ] placing card 31 in slot 7
[10:13:40.456] [SEVERE ] placing card 65 in slot 8
[10:13:40.565] [SEVERE ] placing card 23 in slot 9
[10:13:40.674] [SEVERE ] placing card 50 in slot 10
[10:13:40.784] [SEVERE ] placing card 60 in slot 11
[10:13:40.784] [INFO   ] thread dealer step 1.
[10:13:40.784] [SEVERE ] updating countdown to 6952
[10:13:40.784] [INFO   ] thread dealer step 2.
[10:13:40.784] [INFO   ] thread dealer step 2.
[10:13:40.784] [INFO   ] thread dealer step 2.
[10:13:40.784] [INFO   ] thread dealer step 2.
[10:13:40.784] [INFO   ] thread dealer step 2.
[10:13:40.784] [INFO   ] thread dealer step 2.
[10:13:40.784] [INFO   ] thread dealer step 2.
[10:13:40.784] [INFO   ] thread dealer step 2.
[10:13:40.784] [INFO   ] thread dealer step 2.
[10:13:40.784] [INFO   ] thread dealer step 2.
[10:13:40.784] [INFO   ] thread dealer step 2.
[10:13:40.784] [INFO   ] thread dealer step 2.
[10:13:40.784] [INFO   ] thread dealer step 3.
[10:13:40.784] [SEVERE ] updating countdown to 6952
[10:13:40.784] [INFO   ] thread dealer step 4.
[10:13:40.784] [INFO   ] thread dealer step 5.
[10:13:40.784] [SEVERE ] updating countdown to 6952
[10:13:41.003] [SEVERE ] updating countdown to 6733
[10:13:41.113] [SEVERE ] removing card from slot 0
[10:13:41.224] [SEVERE ] removing card from slot 1
[10:13:41.333] [SEVERE ] removing card from slot 2
[10:13:41.443] [SEVERE ] removing card from slot 3
[10:13:41.543] [SEVERE ] removing card from slot 4
[10:13:41.644] [SEVERE ] removing card from slot 5
[10:13:41.757] [SEVERE ] removing card from slot 6
[10:13:41.872] [SEVERE ] removing card from slot 7
[10:13:41.977] [SEVERE ] removing card from slot 8
[10:13:42.093] [SEVERE ] removing card from slot 9
[10:13:42.194] [SEVERE ] removing card from slot 10
[10:13:42.307] [SEVERE ] removing card from slot 11
[10:13:42.307] [INFO   ] thread dealer step 6.
[10:13:42.310] [INFO   ] thread dealer terminated.
[10:13:42.310] [SEVERE ] thanks for playing... it was fun!
[10:13:42.310] [INFO   ] thread main terminated.
