[19:53:07.415] [INFO   ] thread main starting.
[19:53:07.415] [SEVERE ] cannot read configuration file config.properties trying from resources.
[19:53:07.415] [SEVERE ] configuration file was loaded from resources directory.
[19:53:08.282] [INFO   ] thread dealer starting.
[19:53:08.283] [INFO   ] thread dealer starting.
[19:53:08.283] [INFO   ] thread Thread-0 starting.
[19:53:08.283] [INFO   ] thread Thread-1 starting.
[19:53:08.283] [SEVERE ] updating countdown to 20000
[19:53:08.296] [INFO   ] thread dealer run step 1.
[19:53:08.614] [SEVERE ] placing card 2 in slot 0
[19:53:08.725] [SEVERE ] placing card 63 in slot 1
[19:53:08.828] [SEVERE ] placing card 26 in slot 2
[19:53:08.940] [SEVERE ] placing card 71 in slot 3
[19:53:09.042] [SEVERE ] placing card 43 in slot 4
[19:53:09.145] [SEVERE ] placing card 48 in slot 5
[19:53:09.257] [SEVERE ] placing card 49 in slot 6
[19:53:09.361] [SEVERE ] placing card 30 in slot 7
[19:53:09.464] [SEVERE ] placing card 32 in slot 8
[19:53:09.573] [SEVERE ] placing card 25 in slot 9
[19:53:09.683] [SEVERE ] placing card 72 in slot 10
[19:53:09.792] [SEVERE ] placing card 50 in slot 11
[19:53:09.792] [INFO   ] thread dealer step 1.
[19:53:09.792] [SEVERE ] updating countdown to 20000
[19:53:09.792] [INFO   ] thread dealer step 2.
[19:53:09.792] [INFO   ] thread dealer step 2.
[19:53:09.792] [INFO   ] thread dealer step 2.
[19:53:09.792] [INFO   ] thread dealer step 2.
[19:53:09.792] [INFO   ] thread dealer step 2.
[19:53:09.792] [INFO   ] thread dealer step 2.
[19:53:09.792] [INFO   ] thread dealer step 2.
[19:53:09.792] [INFO   ] thread dealer step 2.
[19:53:09.792] [INFO   ] thread dealer step 2.
[19:53:09.792] [INFO   ] thread dealer step 2.
[19:53:09.792] [INFO   ] thread dealer step 2.
[19:53:09.792] [INFO   ] thread dealer step 2.
[19:53:09.792] [INFO   ] thread dealer step 3.
[19:53:09.792] [INFO   ] thread dealer step 4.
[19:53:09.792] [INFO   ] thread dealer step 10.
[19:53:09.792] [INFO   ] thread dealer step 11.
[19:53:09.792] [INFO   ] thread dealer step 12.
[19:53:09.792] [INFO   ] thread dealer run step 2.
[19:53:09.792] [INFO   ] thread dealer timer loop 1.
[19:53:09.907] [INFO   ] thread dealer timer loop 2.
[19:53:09.907] [SEVERE ] updating countdown to 19935
[19:53:09.907] [INFO   ] thread dealer timer loop 3.
[19:53:10.126] [INFO   ] thread dealer rm 1.
[19:53:10.126] [INFO   ] thread dealer timer loop 4.
[19:53:10.345] [INFO   ] thread dealer step 1.
[19:53:10.345] [SEVERE ] updating countdown to 19497
[19:53:10.345] [INFO   ] thread dealer step 2.
[19:53:10.345] [INFO   ] thread dealer step 2.
[19:53:10.345] [INFO   ] thread dealer step 2.
[19:53:10.345] [INFO   ] thread dealer step 2.
[19:53:10.345] [INFO   ] thread dealer step 2.
[19:53:10.345] [INFO   ] thread dealer step 2.
[19:53:10.345] [INFO   ] thread dealer step 2.
[19:53:10.345] [INFO   ] thread dealer step 2.
[19:53:10.345] [INFO   ] thread dealer step 2.
[19:53:10.345] [INFO   ] thread dealer step 2.
[19:53:10.345] [INFO   ] thread dealer step 2.
[19:53:10.345] [INFO   ] thread dealer step 2.
[19:53:10.345] [INFO   ] thread dealer step 3.
[19:53:10.345] [INFO   ] thread dealer step 4.
[19:53:10.345] [INFO   ] thread dealer step 10.
[19:53:10.345] [INFO   ] thread dealer step 11.
[19:53:10.345] [INFO   ] thread dealer step 12.
[19:53:10.345] [INFO   ] thread dealer timer loop 5.
[19:53:10.345] [INFO   ] thread dealer timer loop 1.
[19:53:10.454] [INFO   ] thread dealer timer loop 2.
[19:53:10.454] [SEVERE ] updating countdown to 19388
[19:53:10.454] [INFO   ] thread dealer timer loop 3.
[19:53:10.674] [INFO   ] thread dealer rm 1.
[19:53:10.674] [INFO   ] thread dealer timer loop 4.
[19:53:10.893] [INFO   ] thread dealer step 1.
[19:53:10.893] [SEVERE ] updating countdown to 18949
[19:53:10.893] [INFO   ] thread dealer step 2.
[19:53:10.893] [INFO   ] thread dealer step 2.
[19:53:10.893] [INFO   ] thread dealer step 2.
[19:53:10.893] [INFO   ] thread dealer step 2.
[19:53:10.893] [INFO   ] thread dealer step 2.
[19:53:10.893] [INFO   ] thread dealer step 2.
[19:53:10.893] [INFO   ] thread dealer step 2.
[19:53:10.893] [INFO   ] thread dealer step 2.
[19:53:10.893] [INFO   ] thread dealer step 2.
[19:53:10.893] [INFO   ] thread dealer step 2.
[19:53:10.893] [INFO   ] thread dealer step 2.
[19:53:10.893] [INFO   ] thread dealer step 2.
[19:53:10.893] [INFO   ] thread dealer step 3.
[19:53:10.893] [INFO   ] thread dealer step 4.
[19:53:10.893] [INFO   ] thread dealer step 10.
[19:53:10.893] [INFO   ] thread dealer step 11.
[19:53:10.893] [INFO   ] thread dealer step 12.
[19:53:10.893] [INFO   ] thread dealer timer loop 5.
[19:53:10.893] [INFO   ] thread dealer timer loop 1.
[19:53:11.002] [INFO   ] thread dealer timer loop 2.
[19:53:11.002] [SEVERE ] updating countdown to 18840
[19:53:11.002] [INFO   ] thread dealer timer loop 3.
[19:53:11.220] [INFO   ] thread dealer rm 1.
[19:53:11.220] [INFO   ] thread dealer timer loop 4.
[19:53:11.445] [INFO   ] thread dealer step 1.
[19:53:11.445] [SEVERE ] updating countdown to 18397
[19:53:11.445] [INFO   ] thread dealer step 2.
[19:53:11.445] [INFO   ] thread dealer step 2.
[19:53:11.445] [INFO   ] thread dealer step 2.
[19:53:11.445] [INFO   ] thread dealer step 2.
[19:53:11.445] [INFO   ] thread dealer step 2.
[19:53:11.445] [INFO   ] thread dealer step 2.
[19:53:11.445] [INFO   ] thread dealer step 2.
[19:53:11.445] [INFO   ] thread dealer step 2.
[19:53:11.445] [INFO   ] thread dealer step 2.
[19:53:11.445] [INFO   ] thread dealer step 2.
[19:53:11.445] [INFO   ] thread dealer step 2.
[19:53:11.445] [INFO   ] thread dealer step 2.
[19:53:11.445] [INFO   ] thread dealer step 3.
[19:53:11.445] [INFO   ] thread dealer step 4.
[19:53:11.445] [INFO   ] thread dealer step 10.
[19:53:11.445] [INFO   ] thread dealer step 11.
[19:53:11.445] [INFO   ] thread dealer step 12.
[19:53:11.445] [INFO   ] thread dealer timer loop 5.
[19:53:11.445] [INFO   ] thread dealer timer loop 1.
[19:53:11.554] [INFO   ] thread dealer timer loop 2.
[19:53:11.554] [SEVERE ] updating countdown to 18288
[19:53:11.554] [INFO   ] thread dealer timer loop 3.
[19:53:11.764] [INFO   ] thread dealer rm 1.
[19:53:11.764] [INFO   ] thread dealer timer loop 4.
[19:53:11.983] [INFO   ] thread dealer step 1.
[19:53:11.983] [SEVERE ] updating countdown to 17859
[19:53:11.983] [INFO   ] thread dealer step 2.
[19:53:11.983] [INFO   ] thread dealer step 2.
[19:53:11.983] [INFO   ] thread dealer step 2.
[19:53:11.983] [INFO   ] thread dealer step 2.
[19:53:11.983] [INFO   ] thread dealer step 2.
[19:53:11.983] [INFO   ] thread dealer step 2.
[19:53:11.983] [INFO   ] thread dealer step 2.
[19:53:11.983] [INFO   ] thread dealer step 2.
[19:53:11.983] [INFO   ] thread dealer step 2.
[19:53:11.983] [INFO   ] thread dealer step 2.
[19:53:11.983] [INFO   ] thread dealer step 2.
[19:53:11.983] [INFO   ] thread dealer step 2.
[19:53:11.983] [INFO   ] thread dealer step 3.
[19:53:11.983] [INFO   ] thread dealer step 4.
[19:53:11.983] [INFO   ] thread dealer step 10.
[19:53:11.983] [INFO   ] thread dealer step 11.
[19:53:11.983] [INFO   ] thread dealer step 12.
[19:53:11.983] [INFO   ] thread dealer timer loop 5.
[19:53:11.983] [INFO   ] thread dealer timer loop 1.
[19:53:12.094] [INFO   ] thread dealer timer loop 2.
[19:53:12.094] [SEVERE ] updating countdown to 17748
[19:53:12.094] [INFO   ] thread dealer timer loop 3.
[19:53:12.313] [INFO   ] thread dealer rm 1.
[19:53:12.313] [INFO   ] thread dealer timer loop 4.
[19:53:12.532] [INFO   ] thread dealer step 1.
[19:53:12.532] [SEVERE ] updating countdown to 17310
[19:53:12.532] [INFO   ] thread dealer step 2.
[19:53:12.532] [INFO   ] thread dealer step 2.
[19:53:12.532] [INFO   ] thread dealer step 2.
[19:53:12.532] [INFO   ] thread dealer step 2.
[19:53:12.532] [INFO   ] thread dealer step 2.
[19:53:12.532] [INFO   ] thread dealer step 2.
[19:53:12.532] [INFO   ] thread dealer step 2.
[19:53:12.532] [INFO   ] thread dealer step 2.
[19:53:12.532] [INFO   ] thread dealer step 2.
[19:53:12.532] [INFO   ] thread dealer step 2.
[19:53:12.532] [INFO   ] thread dealer step 2.
[19:53:12.532] [INFO   ] thread dealer step 2.
[19:53:12.532] [INFO   ] thread dealer step 3.
[19:53:12.532] [INFO   ] thread dealer step 4.
[19:53:12.532] [INFO   ] thread dealer step 10.
[19:53:12.532] [INFO   ] thread dealer step 11.
[19:53:12.532] [INFO   ] thread dealer step 12.
[19:53:12.532] [INFO   ] thread dealer timer loop 5.
[19:53:12.532] [INFO   ] thread dealer timer loop 1.
[19:53:12.642] [INFO   ] thread dealer timer loop 2.
[19:53:12.642] [SEVERE ] updating countdown to 17200
[19:53:12.642] [INFO   ] thread dealer timer loop 3.
[19:53:12.861] [INFO   ] thread dealer rm 1.
[19:53:12.861] [INFO   ] thread dealer timer loop 4.
[19:53:13.079] [INFO   ] thread dealer step 1.
[19:53:13.079] [SEVERE ] updating countdown to 16763
[19:53:13.079] [INFO   ] thread dealer step 2.
[19:53:13.079] [INFO   ] thread dealer step 2.
[19:53:13.079] [INFO   ] thread dealer step 2.
[19:53:13.079] [INFO   ] thread dealer step 2.
[19:53:13.079] [INFO   ] thread dealer step 2.
[19:53:13.079] [INFO   ] thread dealer step 2.
[19:53:13.079] [INFO   ] thread dealer step 2.
[19:53:13.079] [INFO   ] thread dealer step 2.
[19:53:13.079] [INFO   ] thread dealer step 2.
[19:53:13.079] [INFO   ] thread dealer step 2.
[19:53:13.079] [INFO   ] thread dealer step 2.
[19:53:13.079] [INFO   ] thread dealer step 2.
[19:53:13.079] [INFO   ] thread dealer step 3.
[19:53:13.079] [INFO   ] thread dealer step 4.
[19:53:13.079] [INFO   ] thread dealer step 10.
[19:53:13.079] [INFO   ] thread dealer step 11.
[19:53:13.079] [INFO   ] thread dealer step 12.
[19:53:13.079] [INFO   ] thread dealer timer loop 5.
[19:53:13.079] [INFO   ] thread dealer timer loop 1.
[19:53:13.190] [INFO   ] thread dealer timer loop 2.
[19:53:13.190] [SEVERE ] updating countdown to 16652
[19:53:13.190] [INFO   ] thread dealer timer loop 3.
[19:53:13.409] [INFO   ] thread dealer rm 1.
[19:53:13.409] [INFO   ] thread dealer timer loop 4.
[19:53:13.628] [INFO   ] thread dealer step 1.
[19:53:13.628] [SEVERE ] updating countdown to 16214
[19:53:13.628] [INFO   ] thread dealer step 2.
[19:53:13.628] [INFO   ] thread dealer step 2.
[19:53:13.628] [INFO   ] thread dealer step 2.
[19:53:13.628] [INFO   ] thread dealer step 2.
[19:53:13.628] [INFO   ] thread dealer step 2.
[19:53:13.628] [INFO   ] thread dealer step 2.
[19:53:13.628] [INFO   ] thread dealer step 2.
[19:53:13.628] [INFO   ] thread dealer step 2.
[19:53:13.628] [INFO   ] thread dealer step 2.
[19:53:13.628] [INFO   ] thread dealer step 2.
[19:53:13.628] [INFO   ] thread dealer step 2.
[19:53:13.628] [INFO   ] thread dealer step 2.
[19:53:13.628] [INFO   ] thread dealer step 3.
[19:53:13.628] [INFO   ] thread dealer step 4.
[19:53:13.628] [INFO   ] thread dealer step 10.
[19:53:13.628] [INFO   ] thread dealer step 11.
[19:53:13.628] [INFO   ] thread dealer step 12.
[19:53:13.628] [INFO   ] thread dealer timer loop 5.
[19:53:13.628] [INFO   ] thread dealer timer loop 1.
[19:53:13.737] [INFO   ] thread dealer timer loop 2.
[19:53:13.737] [SEVERE ] updating countdown to 16105
[19:53:13.737] [INFO   ] thread dealer timer loop 3.
[19:53:13.956] [INFO   ] thread dealer rm 1.
[19:53:13.956] [INFO   ] thread dealer timer loop 4.
[19:53:14.175] [INFO   ] thread dealer step 1.
[19:53:14.175] [SEVERE ] updating countdown to 15667
[19:53:14.175] [INFO   ] thread dealer step 2.
[19:53:14.175] [INFO   ] thread dealer step 2.
[19:53:14.175] [INFO   ] thread dealer step 2.
[19:53:14.175] [INFO   ] thread dealer step 2.
[19:53:14.175] [INFO   ] thread dealer step 2.
[19:53:14.175] [INFO   ] thread dealer step 2.
[19:53:14.175] [INFO   ] thread dealer step 2.
[19:53:14.175] [INFO   ] thread dealer step 2.
[19:53:14.175] [INFO   ] thread dealer step 2.
[19:53:14.175] [INFO   ] thread dealer step 2.
[19:53:14.175] [INFO   ] thread dealer step 2.
[19:53:14.175] [INFO   ] thread dealer step 2.
[19:53:14.175] [INFO   ] thread dealer step 3.
[19:53:14.175] [INFO   ] thread dealer step 4.
[19:53:14.175] [INFO   ] thread dealer step 10.
[19:53:14.175] [INFO   ] thread dealer step 11.
[19:53:14.175] [INFO   ] thread dealer step 12.
[19:53:14.175] [INFO   ] thread dealer timer loop 5.
[19:53:14.175] [INFO   ] thread dealer timer loop 1.
[19:53:14.284] [INFO   ] thread dealer timer loop 2.
[19:53:14.284] [SEVERE ] updating countdown to 15558
[19:53:14.284] [INFO   ] thread dealer timer loop 3.
[19:53:14.503] [INFO   ] thread dealer rm 1.
[19:53:14.503] [INFO   ] thread dealer timer loop 4.
[19:53:14.722] [INFO   ] thread dealer step 1.
[19:53:14.722] [SEVERE ] updating countdown to 15120
[19:53:14.722] [INFO   ] thread dealer step 2.
[19:53:14.722] [INFO   ] thread dealer step 2.
[19:53:14.722] [INFO   ] thread dealer step 2.
[19:53:14.722] [INFO   ] thread dealer step 2.
[19:53:14.722] [INFO   ] thread dealer step 2.
[19:53:14.722] [INFO   ] thread dealer step 2.
[19:53:14.722] [INFO   ] thread dealer step 2.
[19:53:14.722] [INFO   ] thread dealer step 2.
[19:53:14.722] [INFO   ] thread dealer step 2.
[19:53:14.722] [INFO   ] thread dealer step 2.
[19:53:14.722] [INFO   ] thread dealer step 2.
[19:53:14.722] [INFO   ] thread dealer step 2.
[19:53:14.722] [INFO   ] thread dealer step 3.
[19:53:14.722] [INFO   ] thread dealer step 4.
[19:53:14.722] [INFO   ] thread dealer step 10.
[19:53:14.722] [INFO   ] thread dealer step 11.
[19:53:14.722] [INFO   ] thread dealer step 12.
[19:53:14.722] [INFO   ] thread dealer timer loop 5.
[19:53:14.722] [INFO   ] thread dealer timer loop 1.
[19:53:14.832] [INFO   ] thread dealer timer loop 2.
[19:53:14.832] [SEVERE ] updating countdown to 15010
[19:53:14.832] [INFO   ] thread dealer timer loop 3.
[19:53:15.051] [INFO   ] thread dealer rm 1.
[19:53:15.051] [INFO   ] thread dealer timer loop 4.
[19:53:15.269] [INFO   ] thread dealer step 1.
[19:53:15.269] [SEVERE ] updating countdown to 14573
[19:53:15.269] [INFO   ] thread dealer step 2.
[19:53:15.269] [INFO   ] thread dealer step 2.
[19:53:15.269] [INFO   ] thread dealer step 2.
[19:53:15.269] [INFO   ] thread dealer step 2.
[19:53:15.269] [INFO   ] thread dealer step 2.
[19:53:15.269] [INFO   ] thread dealer step 2.
[19:53:15.269] [INFO   ] thread dealer step 2.
[19:53:15.269] [INFO   ] thread dealer step 2.
[19:53:15.269] [INFO   ] thread dealer step 2.
[19:53:15.269] [INFO   ] thread dealer step 2.
[19:53:15.269] [INFO   ] thread dealer step 2.
[19:53:15.269] [INFO   ] thread dealer step 2.
[19:53:15.269] [INFO   ] thread dealer step 3.
[19:53:15.269] [INFO   ] thread dealer step 4.
[19:53:15.269] [INFO   ] thread dealer step 10.
[19:53:15.269] [INFO   ] thread dealer step 11.
[19:53:15.269] [INFO   ] thread dealer step 12.
[19:53:15.269] [INFO   ] thread dealer timer loop 5.
[19:53:15.269] [INFO   ] thread dealer timer loop 1.
[19:53:15.380] [INFO   ] thread dealer timer loop 2.
[19:53:15.380] [SEVERE ] updating countdown to 14462
[19:53:15.380] [INFO   ] thread dealer timer loop 3.
[19:53:15.598] [INFO   ] thread dealer rm 1.
[19:53:15.598] [INFO   ] thread dealer timer loop 4.
[19:53:15.816] [INFO   ] thread dealer step 1.
[19:53:15.816] [SEVERE ] updating countdown to 14026
[19:53:15.816] [INFO   ] thread dealer step 2.
[19:53:15.816] [INFO   ] thread dealer step 2.
[19:53:15.816] [INFO   ] thread dealer step 2.
[19:53:15.816] [INFO   ] thread dealer step 2.
[19:53:15.816] [INFO   ] thread dealer step 2.
[19:53:15.816] [INFO   ] thread dealer step 2.
[19:53:15.816] [INFO   ] thread dealer step 2.
[19:53:15.816] [INFO   ] thread dealer step 2.
[19:53:15.816] [INFO   ] thread dealer step 2.
[19:53:15.816] [INFO   ] thread dealer step 2.
[19:53:15.816] [INFO   ] thread dealer step 2.
[19:53:15.816] [INFO   ] thread dealer step 2.
[19:53:15.816] [INFO   ] thread dealer step 3.
[19:53:15.816] [INFO   ] thread dealer step 4.
[19:53:15.816] [INFO   ] thread dealer step 10.
[19:53:15.816] [INFO   ] thread dealer step 11.
[19:53:15.816] [INFO   ] thread dealer step 12.
[19:53:15.816] [INFO   ] thread dealer timer loop 5.
[19:53:15.816] [INFO   ] thread dealer timer loop 1.
[19:53:15.926] [INFO   ] thread dealer timer loop 2.
[19:53:15.926] [SEVERE ] updating countdown to 13916
[19:53:15.926] [INFO   ] thread dealer timer loop 3.
[19:53:16.145] [INFO   ] thread dealer rm 1.
[19:53:16.145] [INFO   ] thread dealer timer loop 4.
[19:53:16.363] [INFO   ] thread dealer step 1.
[19:53:16.363] [SEVERE ] updating countdown to 13479
[19:53:16.363] [INFO   ] thread dealer step 2.
[19:53:16.363] [INFO   ] thread dealer step 2.
[19:53:16.363] [INFO   ] thread dealer step 2.
[19:53:16.363] [INFO   ] thread dealer step 2.
[19:53:16.363] [INFO   ] thread dealer step 2.
[19:53:16.363] [INFO   ] thread dealer step 2.
[19:53:16.363] [INFO   ] thread dealer step 2.
[19:53:16.363] [INFO   ] thread dealer step 2.
[19:53:16.363] [INFO   ] thread dealer step 2.
[19:53:16.363] [INFO   ] thread dealer step 2.
[19:53:16.363] [INFO   ] thread dealer step 2.
[19:53:16.363] [INFO   ] thread dealer step 2.
[19:53:16.363] [INFO   ] thread dealer step 3.
[19:53:16.363] [INFO   ] thread dealer step 4.
[19:53:16.363] [INFO   ] thread dealer step 10.
[19:53:16.363] [INFO   ] thread dealer step 11.
[19:53:16.363] [INFO   ] thread dealer step 12.
[19:53:16.363] [INFO   ] thread dealer timer loop 5.
[19:53:16.363] [INFO   ] thread dealer timer loop 1.
[19:53:16.473] [INFO   ] thread dealer timer loop 2.
[19:53:16.473] [SEVERE ] updating countdown to 13369
[19:53:16.473] [INFO   ] thread dealer timer loop 3.
[19:53:16.692] [INFO   ] thread dealer rm 1.
[19:53:16.692] [INFO   ] thread dealer timer loop 4.
[19:53:16.910] [INFO   ] thread dealer step 1.
[19:53:16.910] [SEVERE ] updating countdown to 12932
[19:53:16.910] [INFO   ] thread dealer step 2.
[19:53:16.910] [INFO   ] thread dealer step 2.
[19:53:16.910] [INFO   ] thread dealer step 2.
[19:53:16.910] [INFO   ] thread dealer step 2.
[19:53:16.910] [INFO   ] thread dealer step 2.
[19:53:16.910] [INFO   ] thread dealer step 2.
[19:53:16.910] [INFO   ] thread dealer step 2.
[19:53:16.910] [INFO   ] thread dealer step 2.
[19:53:16.910] [INFO   ] thread dealer step 2.
[19:53:16.910] [INFO   ] thread dealer step 2.
[19:53:16.910] [INFO   ] thread dealer step 2.
[19:53:16.910] [INFO   ] thread dealer step 2.
[19:53:16.910] [INFO   ] thread dealer step 3.
[19:53:16.910] [INFO   ] thread dealer step 4.
[19:53:16.910] [INFO   ] thread dealer step 10.
[19:53:16.910] [INFO   ] thread dealer step 11.
[19:53:16.910] [INFO   ] thread dealer step 12.
[19:53:16.910] [INFO   ] thread dealer timer loop 5.
[19:53:16.910] [INFO   ] thread dealer timer loop 1.
[19:53:17.020] [INFO   ] thread dealer timer loop 2.
[19:53:17.020] [SEVERE ] updating countdown to 12822
[19:53:17.020] [INFO   ] thread dealer timer loop 3.
[19:53:17.239] [INFO   ] thread dealer rm 1.
[19:53:17.239] [INFO   ] thread dealer timer loop 4.
[19:53:17.460] [INFO   ] thread dealer step 1.
[19:53:17.460] [SEVERE ] updating countdown to 12382
[19:53:17.460] [INFO   ] thread dealer step 2.
[19:53:17.460] [INFO   ] thread dealer step 2.
[19:53:17.460] [INFO   ] thread dealer step 2.
[19:53:17.460] [INFO   ] thread dealer step 2.
[19:53:17.460] [INFO   ] thread dealer step 2.
[19:53:17.460] [INFO   ] thread dealer step 2.
[19:53:17.460] [INFO   ] thread dealer step 2.
[19:53:17.460] [INFO   ] thread dealer step 2.
[19:53:17.460] [INFO   ] thread dealer step 2.
[19:53:17.460] [INFO   ] thread dealer step 2.
[19:53:17.460] [INFO   ] thread dealer step 2.
[19:53:17.460] [INFO   ] thread dealer step 2.
[19:53:17.460] [INFO   ] thread dealer step 3.
[19:53:17.460] [INFO   ] thread dealer step 4.
[19:53:17.460] [INFO   ] thread dealer step 10.
[19:53:17.460] [INFO   ] thread dealer step 11.
[19:53:17.460] [INFO   ] thread dealer step 12.
[19:53:17.460] [INFO   ] thread dealer timer loop 5.
[19:53:17.460] [INFO   ] thread dealer timer loop 1.
[19:53:17.570] [INFO   ] thread dealer timer loop 2.
[19:53:17.570] [SEVERE ] updating countdown to 12272
[19:53:17.570] [INFO   ] thread dealer timer loop 3.
[19:53:17.789] [INFO   ] thread dealer rm 1.
[19:53:17.789] [INFO   ] thread dealer timer loop 4.
[19:53:17.899] [SEVERE ] exit button pressed
[19:53:18.009] [INFO   ] thread dealer step 1.
[19:53:18.009] [SEVERE ] updating countdown to 11833
[19:53:18.009] [INFO   ] thread dealer step 2.
[19:53:18.009] [INFO   ] thread dealer step 2.
[19:53:18.009] [INFO   ] thread dealer step 2.
[19:53:18.009] [INFO   ] thread dealer step 2.
[19:53:18.009] [INFO   ] thread dealer step 2.
[19:53:18.009] [INFO   ] thread dealer step 2.
[19:53:18.009] [INFO   ] thread dealer step 2.
[19:53:18.009] [INFO   ] thread dealer step 2.
[19:53:18.009] [INFO   ] thread dealer step 2.
[19:53:18.009] [INFO   ] thread dealer step 2.
[19:53:18.009] [INFO   ] thread dealer step 2.
[19:53:18.009] [INFO   ] thread dealer step 2.
[19:53:18.009] [INFO   ] thread dealer step 3.
[19:53:18.009] [INFO   ] thread dealer step 4.
[19:53:18.009] [INFO   ] thread dealer step 10.
[19:53:18.009] [INFO   ] thread dealer step 11.
[19:53:18.009] [INFO   ] thread dealer step 12.
[19:53:18.009] [INFO   ] thread dealer timer loop 5.
[19:53:18.009] [INFO   ] thread dealer timer loop 1.
[19:53:18.118] [INFO   ] thread dealer timer loop 2.
[19:53:18.118] [SEVERE ] updating countdown to 11724
[19:53:18.118] [INFO   ] thread dealer timer loop 3.
[19:53:18.337] [INFO   ] thread dealer rm 1.
[19:53:18.337] [INFO   ] thread dealer timer loop 4.
[19:53:18.556] [INFO   ] thread dealer step 1.
[19:53:18.556] [SEVERE ] updating countdown to 11286
[19:53:18.556] [INFO   ] thread dealer step 2.
[19:53:18.556] [INFO   ] thread dealer step 2.
[19:53:18.556] [INFO   ] thread dealer step 2.
[19:53:18.556] [INFO   ] thread dealer step 2.
[19:53:18.556] [INFO   ] thread dealer step 2.
[19:53:18.556] [INFO   ] thread dealer step 2.
[19:53:18.556] [INFO   ] thread dealer step 2.
[19:53:18.556] [INFO   ] thread dealer step 2.
[19:53:18.556] [INFO   ] thread dealer step 2.
[19:53:18.556] [INFO   ] thread dealer step 2.
[19:53:18.556] [INFO   ] thread dealer step 2.
[19:53:18.556] [INFO   ] thread dealer step 2.
[19:53:18.556] [INFO   ] thread dealer step 3.
[19:53:18.556] [INFO   ] thread dealer step 4.
[19:53:18.556] [INFO   ] thread dealer step 10.
[19:53:18.556] [INFO   ] thread dealer step 11.
[19:53:18.556] [INFO   ] thread dealer step 12.
[19:53:18.556] [INFO   ] thread dealer timer loop 5.
[19:53:18.556] [INFO   ] thread dealer timer loop 1.
[19:53:18.665] [INFO   ] thread dealer timer loop 2.
[19:53:18.665] [SEVERE ] updating countdown to 11177
[19:53:18.665] [INFO   ] thread dealer timer loop 3.
[19:53:18.885] [INFO   ] thread dealer rm 1.
[19:53:18.885] [INFO   ] thread dealer timer loop 4.
[19:53:19.103] [INFO   ] thread dealer step 1.
[19:53:19.103] [SEVERE ] updating countdown to 10739
[19:53:19.103] [INFO   ] thread dealer step 2.
[19:53:19.103] [INFO   ] thread dealer step 2.
[19:53:19.103] [INFO   ] thread dealer step 2.
[19:53:19.103] [INFO   ] thread dealer step 2.
[19:53:19.103] [INFO   ] thread dealer step 2.
[19:53:19.103] [INFO   ] thread dealer step 2.
[19:53:19.103] [INFO   ] thread dealer step 2.
[19:53:19.103] [INFO   ] thread dealer step 2.
[19:53:19.103] [INFO   ] thread dealer step 2.
[19:53:19.103] [INFO   ] thread dealer step 2.
[19:53:19.103] [INFO   ] thread dealer step 2.
[19:53:19.103] [INFO   ] thread dealer step 2.
[19:53:19.103] [INFO   ] thread dealer step 3.
[19:53:19.103] [INFO   ] thread dealer step 4.
[19:53:19.103] [INFO   ] thread dealer step 10.
[19:53:19.103] [INFO   ] thread dealer step 11.
[19:53:19.103] [INFO   ] thread dealer step 12.
[19:53:19.103] [INFO   ] thread dealer timer loop 5.
[19:53:19.103] [INFO   ] thread dealer timer loop 1.
[19:53:19.213] [INFO   ] thread dealer timer loop 2.
[19:53:19.213] [SEVERE ] updating countdown to 10629
[19:53:19.213] [INFO   ] thread dealer timer loop 3.
[19:53:19.431] [INFO   ] thread dealer rm 1.
[19:53:19.431] [INFO   ] thread dealer timer loop 4.
[19:53:19.651] [INFO   ] thread dealer step 1.
[19:53:19.651] [SEVERE ] updating countdown to 10191
[19:53:19.651] [INFO   ] thread dealer step 2.
[19:53:19.651] [INFO   ] thread dealer step 2.
[19:53:19.651] [INFO   ] thread dealer step 2.
[19:53:19.651] [INFO   ] thread dealer step 2.
[19:53:19.651] [INFO   ] thread dealer step 2.
[19:53:19.651] [INFO   ] thread dealer step 2.
[19:53:19.651] [INFO   ] thread dealer step 2.
[19:53:19.651] [INFO   ] thread dealer step 2.
[19:53:19.651] [INFO   ] thread dealer step 2.
[19:53:19.651] [INFO   ] thread dealer step 2.
[19:53:19.651] [INFO   ] thread dealer step 2.
[19:53:19.651] [INFO   ] thread dealer step 2.
[19:53:19.651] [INFO   ] thread dealer step 3.
[19:53:19.651] [INFO   ] thread dealer step 4.
[19:53:19.651] [INFO   ] thread dealer step 10.
[19:53:19.651] [INFO   ] thread dealer step 11.
[19:53:19.651] [INFO   ] thread dealer step 12.
[19:53:19.651] [INFO   ] thread dealer timer loop 5.
[19:53:19.651] [INFO   ] thread dealer timer loop 1.
[19:53:19.760] [INFO   ] thread dealer timer loop 2.
[19:53:19.760] [SEVERE ] updating countdown to 10082
[19:53:19.760] [INFO   ] thread dealer timer loop 3.
[19:53:19.979] [INFO   ] thread dealer rm 1.
[19:53:19.979] [INFO   ] thread dealer timer loop 4.
[19:53:20.198] [INFO   ] thread dealer step 1.
[19:53:20.198] [SEVERE ] updating countdown to 9644
[19:53:20.198] [INFO   ] thread dealer step 2.
[19:53:20.199] [INFO   ] thread dealer step 2.
[19:53:20.199] [INFO   ] thread dealer step 2.
[19:53:20.199] [INFO   ] thread dealer step 2.
[19:53:20.199] [INFO   ] thread dealer step 2.
[19:53:20.199] [INFO   ] thread dealer step 2.
[19:53:20.199] [INFO   ] thread dealer step 2.
[19:53:20.199] [INFO   ] thread dealer step 2.
[19:53:20.199] [INFO   ] thread dealer step 2.
[19:53:20.199] [INFO   ] thread dealer step 2.
[19:53:20.199] [INFO   ] thread dealer step 2.
[19:53:20.199] [INFO   ] thread dealer step 2.
[19:53:20.199] [INFO   ] thread dealer step 3.
[19:53:20.199] [INFO   ] thread dealer step 4.
[19:53:20.199] [INFO   ] thread dealer step 10.
[19:53:20.199] [INFO   ] thread dealer step 11.
[19:53:20.199] [INFO   ] thread dealer step 12.
[19:53:20.199] [INFO   ] thread dealer timer loop 5.
[19:53:20.199] [INFO   ] thread dealer timer loop 1.
[19:53:20.308] [INFO   ] thread dealer timer loop 2.
[19:53:20.308] [SEVERE ] updating countdown to 9534
[19:53:20.308] [INFO   ] thread dealer timer loop 3.
[19:53:20.528] [INFO   ] thread dealer rm 1.
[19:53:20.528] [INFO   ] thread dealer timer loop 4.
[19:53:20.747] [INFO   ] thread dealer step 1.
[19:53:20.747] [SEVERE ] updating countdown to 9095
[19:53:20.747] [INFO   ] thread dealer step 2.
[19:53:20.747] [INFO   ] thread dealer step 2.
[19:53:20.747] [INFO   ] thread dealer step 2.
[19:53:20.747] [INFO   ] thread dealer step 2.
[19:53:20.747] [INFO   ] thread dealer step 2.
[19:53:20.747] [INFO   ] thread dealer step 2.
[19:53:20.747] [INFO   ] thread dealer step 2.
[19:53:20.747] [INFO   ] thread dealer step 2.
[19:53:20.747] [INFO   ] thread dealer step 2.
[19:53:20.747] [INFO   ] thread dealer step 2.
[19:53:20.747] [INFO   ] thread dealer step 2.
[19:53:20.747] [INFO   ] thread dealer step 2.
[19:53:20.747] [INFO   ] thread dealer step 3.
[19:53:20.747] [INFO   ] thread dealer step 4.
[19:53:20.747] [INFO   ] thread dealer step 10.
[19:53:20.747] [INFO   ] thread dealer step 11.
[19:53:20.747] [INFO   ] thread dealer step 12.
[19:53:20.747] [INFO   ] thread dealer timer loop 5.
[19:53:20.747] [INFO   ] thread dealer timer loop 1.
[19:53:20.857] [INFO   ] thread dealer timer loop 2.
[19:53:20.857] [SEVERE ] updating countdown to 8985
[19:53:20.857] [INFO   ] thread dealer timer loop 3.
[19:53:21.076] [INFO   ] thread dealer rm 1.
[19:53:21.076] [INFO   ] thread dealer timer loop 4.
[19:53:21.296] [INFO   ] thread dealer step 1.
[19:53:21.296] [SEVERE ] updating countdown to 8546
[19:53:21.296] [INFO   ] thread dealer step 2.
[19:53:21.296] [INFO   ] thread dealer step 2.
[19:53:21.296] [INFO   ] thread dealer step 2.
[19:53:21.296] [INFO   ] thread dealer step 2.
[19:53:21.296] [INFO   ] thread dealer step 2.
[19:53:21.296] [INFO   ] thread dealer step 2.
[19:53:21.296] [INFO   ] thread dealer step 2.
[19:53:21.296] [INFO   ] thread dealer step 2.
[19:53:21.296] [INFO   ] thread dealer step 2.
[19:53:21.296] [INFO   ] thread dealer step 2.
[19:53:21.296] [INFO   ] thread dealer step 2.
[19:53:21.296] [INFO   ] thread dealer step 2.
[19:53:21.296] [INFO   ] thread dealer step 3.
[19:53:21.296] [INFO   ] thread dealer step 4.
[19:53:21.296] [INFO   ] thread dealer step 10.
[19:53:21.296] [INFO   ] thread dealer step 11.
[19:53:21.296] [INFO   ] thread dealer step 12.
[19:53:21.296] [INFO   ] thread dealer timer loop 5.
[19:53:21.296] [INFO   ] thread dealer timer loop 1.
[19:53:21.405] [INFO   ] thread dealer timer loop 2.
[19:53:21.405] [SEVERE ] updating countdown to 8437
[19:53:21.405] [INFO   ] thread dealer timer loop 3.
[19:53:21.617] [INFO   ] thread dealer rm 1.
[19:53:21.617] [INFO   ] thread dealer timer loop 4.
[19:53:21.830] [INFO   ] thread dealer step 1.
[19:53:21.830] [SEVERE ] updating countdown to 8012
[19:53:21.830] [INFO   ] thread dealer step 2.
[19:53:21.830] [INFO   ] thread dealer step 2.
[19:53:21.830] [INFO   ] thread dealer step 2.
[19:53:21.830] [INFO   ] thread dealer step 2.
[19:53:21.830] [INFO   ] thread dealer step 2.
[19:53:21.830] [INFO   ] thread dealer step 2.
[19:53:21.830] [INFO   ] thread dealer step 2.
[19:53:21.830] [INFO   ] thread dealer step 2.
[19:53:21.830] [INFO   ] thread dealer step 2.
[19:53:21.830] [INFO   ] thread dealer step 2.
[19:53:21.830] [INFO   ] thread dealer step 2.
[19:53:21.830] [INFO   ] thread dealer step 2.
[19:53:21.830] [INFO   ] thread dealer step 3.
[19:53:21.831] [INFO   ] thread dealer step 4.
[19:53:21.831] [INFO   ] thread dealer step 10.
[19:53:21.831] [INFO   ] thread dealer step 11.
[19:53:21.831] [INFO   ] thread dealer step 12.
[19:53:21.831] [INFO   ] thread dealer timer loop 5.
[19:53:21.831] [INFO   ] thread dealer timer loop 1.
[19:53:21.931] [INFO   ] thread dealer timer loop 2.
[19:53:21.931] [SEVERE ] updating countdown to 7911
[19:53:21.931] [INFO   ] thread dealer timer loop 3.
[19:53:22.150] [INFO   ] thread dealer rm 1.
[19:53:22.150] [INFO   ] thread dealer timer loop 4.
[19:53:22.359] [INFO   ] thread dealer step 1.
[19:53:22.360] [SEVERE ] updating countdown to 7482
[19:53:22.360] [INFO   ] thread dealer step 2.
[19:53:22.360] [INFO   ] thread dealer step 2.
[19:53:22.360] [INFO   ] thread dealer step 2.
[19:53:22.360] [INFO   ] thread dealer step 2.
[19:53:22.360] [INFO   ] thread dealer step 2.
[19:53:22.360] [INFO   ] thread dealer step 2.
[19:53:22.360] [INFO   ] thread dealer step 2.
[19:53:22.360] [INFO   ] thread dealer step 2.
[19:53:22.360] [INFO   ] thread dealer step 2.
[19:53:22.360] [INFO   ] thread dealer step 2.
[19:53:22.360] [INFO   ] thread dealer step 2.
[19:53:22.360] [INFO   ] thread dealer step 2.
[19:53:22.360] [INFO   ] thread dealer step 3.
[19:53:22.360] [INFO   ] thread dealer step 4.
[19:53:22.360] [INFO   ] thread dealer step 10.
[19:53:22.360] [INFO   ] thread dealer step 11.
[19:53:22.360] [INFO   ] thread dealer step 12.
[19:53:22.360] [INFO   ] thread dealer timer loop 5.
[19:53:22.360] [INFO   ] thread dealer timer loop 1.
[19:53:22.464] [INFO   ] thread dealer timer loop 2.
[19:53:22.464] [SEVERE ] updating countdown to 7378
[19:53:22.464] [INFO   ] thread dealer timer loop 3.
[19:53:22.678] [INFO   ] thread dealer rm 1.
[19:53:22.678] [INFO   ] thread dealer timer loop 4.
[19:53:22.891] [INFO   ] thread dealer step 1.
[19:53:22.891] [SEVERE ] updating countdown to 6951
[19:53:22.891] [INFO   ] thread dealer step 2.
[19:53:22.891] [INFO   ] thread dealer step 2.
[19:53:22.891] [INFO   ] thread dealer step 2.
[19:53:22.891] [INFO   ] thread dealer step 2.
[19:53:22.891] [INFO   ] thread dealer step 2.
[19:53:22.891] [INFO   ] thread dealer step 2.
[19:53:22.891] [INFO   ] thread dealer step 2.
[19:53:22.891] [INFO   ] thread dealer step 2.
[19:53:22.891] [INFO   ] thread dealer step 2.
[19:53:22.891] [INFO   ] thread dealer step 2.
[19:53:22.891] [INFO   ] thread dealer step 2.
[19:53:22.891] [INFO   ] thread dealer step 2.
[19:53:22.891] [INFO   ] thread dealer step 3.
[19:53:22.891] [INFO   ] thread dealer step 4.
[19:53:22.891] [INFO   ] thread dealer step 10.
[19:53:22.891] [INFO   ] thread dealer step 11.
[19:53:22.891] [INFO   ] thread dealer step 12.
[19:53:22.891] [INFO   ] thread dealer timer loop 5.
[19:53:22.891] [INFO   ] thread dealer timer loop 1.
[19:53:22.996] [INFO   ] thread dealer timer loop 2.
[19:53:22.996] [SEVERE ] updating countdown to 6846
[19:53:22.996] [INFO   ] thread dealer timer loop 3.
