[10:16:37.192] [INFO   ] thread main starting.
[10:16:37.200] [SEVERE ] cannot read configuration file config.properties trying from resources.
[10:16:37.201] [SEVERE ] configuration file was loaded from resources directory.
[10:16:37.785] [INFO   ] thread dealer starting.
[10:16:37.785] [INFO   ] thread dealer starting.
[10:16:37.785] [INFO   ] thread Thread-0 starting.
[10:16:37.785] [INFO   ] thread Thread-1 starting.
[10:16:37.785] [SEVERE ] updating countdown to 10000
[10:16:37.794] [INFO   ] thread dealer run step 1.
[10:16:38.123] [SEVERE ] placing card 15 in slot 0
[10:16:38.238] [SEVERE ] placing card 34 in slot 1
[10:16:38.343] [SEVERE ] placing card 27 in slot 2
[10:16:38.458] [SEVERE ] placing card 77 in slot 3
[10:16:38.566] [SEVERE ] placing card 36 in slot 4
[10:16:38.677] [SEVERE ] placing card 17 in slot 5
[10:16:38.792] [SEVERE ] placing card 43 in slot 6
[10:16:38.894] [SEVERE ] placing card 4 in slot 7
[10:16:39.005] [SEVERE ] placing card 31 in slot 8
[10:16:39.114] [SEVERE ] placing card 44 in slot 9
[10:16:39.227] [SEVERE ] placing card 22 in slot 10
[10:16:39.337] [SEVERE ] placing card 30 in slot 11
[10:16:39.337] [INFO   ] thread dealer step 1.
[10:16:39.337] [SEVERE ] updating countdown to 8448
[10:16:39.339] [INFO   ] thread dealer step 2.
[10:16:39.339] [INFO   ] thread dealer step 2.
[10:16:39.339] [INFO   ] thread dealer step 2.
[10:16:39.339] [INFO   ] thread dealer step 2.
[10:16:39.339] [INFO   ] thread dealer step 2.
[10:16:39.339] [INFO   ] thread dealer step 2.
[10:16:39.339] [INFO   ] thread dealer step 2.
[10:16:39.339] [INFO   ] thread dealer step 2.
[10:16:39.339] [INFO   ] thread dealer step 2.
[10:16:39.339] [INFO   ] thread dealer step 2.
[10:16:39.339] [INFO   ] thread dealer step 2.
[10:16:39.339] [INFO   ] thread dealer step 2.
[10:16:39.339] [INFO   ] thread dealer step 3.
[10:16:39.339] [SEVERE ] updating countdown to 8446
[10:16:39.353] [INFO   ] thread dealer step 4.
[10:16:39.353] [INFO   ] thread dealer step 5.
[10:16:39.353] [SEVERE ] updating countdown to 8432
[10:16:39.574] [SEVERE ] updating countdown to 8211
[10:16:39.676] [SEVERE ] removing card from slot 0
[10:16:39.786] [SEVERE ] removing card from slot 1
[10:16:39.786] [SEVERE ] key 74 was pressed by player 2
[10:16:39.786] [INFO   ] thread AWT-EventQueue-0 kp step 1.
[10:16:39.786] [INFO   ] thread AWT-EventQueue-0 kp step 2.false
[10:16:39.786] [INFO   ] thread AWT-EventQueue-0 kp step 14.
[10:16:39.864] [SEVERE ] key 75 was pressed by player 2
[10:16:39.864] [INFO   ] thread AWT-EventQueue-0 kp step 1.
[10:16:39.864] [INFO   ] thread AWT-EventQueue-0 kp step 2.false
[10:16:39.864] [INFO   ] thread AWT-EventQueue-0 kp step 14.
[10:16:39.864] [SEVERE ] key 44 was pressed by player 2
[10:16:39.864] [INFO   ] thread AWT-EventQueue-0 kp step 1.
[10:16:39.864] [INFO   ] thread AWT-EventQueue-0 kp step 2.false
[10:16:39.864] [INFO   ] thread AWT-EventQueue-0 kp step 14.
[10:16:39.895] [SEVERE ] removing card from slot 2
[10:16:39.942] [SEVERE ] key 74 was pressed by player 2
[10:16:39.942] [INFO   ] thread AWT-EventQueue-0 kp step 1.
[10:16:39.942] [INFO   ] thread AWT-EventQueue-0 kp step 2.false
[10:16:39.942] [INFO   ] thread AWT-EventQueue-0 kp step 14.
[10:16:40.005] [SEVERE ] removing card from slot 3
[10:16:40.052] [SEVERE ] key 75 was pressed by player 2
[10:16:40.068] [INFO   ] thread AWT-EventQueue-0 kp step 1.
[10:16:40.068] [INFO   ] thread AWT-EventQueue-0 kp step 2.false
[10:16:40.068] [INFO   ] thread AWT-EventQueue-0 kp step 14.
[10:16:40.115] [SEVERE ] removing card from slot 4
[10:16:40.194] [SEVERE ] key 75 was pressed by player 2
[10:16:40.194] [INFO   ] thread AWT-EventQueue-0 kp step 1.
[10:16:40.194] [INFO   ] thread AWT-EventQueue-0 kp step 2.false
[10:16:40.194] [INFO   ] thread AWT-EventQueue-0 kp step 14.
[10:16:40.225] [SEVERE ] removing card from slot 5
[10:16:40.336] [SEVERE ] removing card from slot 6
[10:16:40.447] [SEVERE ] removing card from slot 7
[10:16:40.548] [SEVERE ] removing card from slot 8
[10:16:40.658] [SEVERE ] removing card from slot 9
[10:16:40.767] [SEVERE ] removing card from slot 10
[10:16:40.878] [SEVERE ] removing card from slot 11
[10:16:40.878] [INFO   ] thread dealer step 6.
[10:16:40.878] [INFO   ] thread dealer terminated.
[10:16:45.885] [SEVERE ] thanks for playing... it was fun!
[10:16:45.885] [INFO   ] thread main terminated.
[10:16:45.885] [SEVERE ] disposing of user interface elements
