[10:06:11.400] [INFO   ] thread main starting.
[10:06:11.406] [SEVERE ] cannot read configuration file config.properties trying from resources.
[10:06:11.408] [SEVERE ] configuration file was loaded from resources directory.
[10:06:11.900] [INFO   ] thread dealer starting.
[10:06:11.907] [INFO   ] thread dealer starting.
[10:06:11.907] [INFO   ] thread Thread-0 starting.
[10:06:11.907] [INFO   ] thread Thread-1 starting.
[10:06:11.907] [SEVERE ] updating countdown to 10000
[10:06:11.907] [INFO   ] thread dealer run step 1.
[10:06:12.232] [SEVERE ] placing card 9 in slot 0
[10:06:12.333] [SEVERE ] placing card 78 in slot 1
[10:06:12.451] [SEVERE ] placing card 33 in slot 2
[10:06:12.565] [SEVERE ] placing card 46 in slot 3
[10:06:12.667] [SEVERE ] placing card 50 in slot 4
[10:06:12.785] [SEVERE ] placing card 66 in slot 5
[10:06:12.885] [SEVERE ] placing card 48 in slot 6
[10:06:13.002] [SEVERE ] placing card 44 in slot 7
[10:06:13.119] [SEVERE ] placing card 1 in slot 8
[10:06:13.220] [SEVERE ] placing card 53 in slot 9
[10:06:13.336] [SEVERE ] placing card 4 in slot 10
[10:06:13.450] [SEVERE ] placing card 3 in slot 11
[10:06:13.450] [INFO   ] thread dealer step 1.
[10:06:13.450] [SEVERE ] updating countdown to 8457
[10:06:13.450] [INFO   ] thread dealer step 2.
[10:06:13.450] [INFO   ] thread dealer step 2.
[10:06:13.450] [INFO   ] thread dealer step 2.
[10:06:13.450] [INFO   ] thread dealer step 2.
[10:06:13.450] [INFO   ] thread dealer step 2.
[10:06:13.450] [INFO   ] thread dealer step 2.
[10:06:13.450] [INFO   ] thread dealer step 2.
[10:06:13.450] [INFO   ] thread dealer step 2.
[10:06:13.450] [INFO   ] thread dealer step 2.
[10:06:13.450] [INFO   ] thread dealer step 2.
[10:06:13.450] [INFO   ] thread dealer step 2.
[10:06:13.450] [INFO   ] thread dealer step 2.
[10:06:13.450] [INFO   ] thread dealer step 3.
[10:06:13.450] [SEVERE ] updating countdown to 8457
[10:06:13.450] [INFO   ] thread dealer step 4.
[10:06:13.450] [INFO   ] thread dealer step 10.
[10:06:13.450] [INFO   ] thread dealer step 11.
[10:06:13.450] [INFO   ] thread dealer step 12.
[10:06:13.450] [INFO   ] thread dealer run step 2.
[10:06:13.450] [INFO   ] thread dealer timer loop 1.
[10:06:14.458] [INFO   ] thread dealer timer loop 2.
[10:06:14.458] [SEVERE ] updating countdown to 7449
[10:06:14.458] [INFO   ] thread dealer timer loop 3.
[10:06:14.599] [SEVERE ] key 80 was pressed by player 2
[10:06:14.599] [INFO   ] thread AWT-EventQueue-0 kp step 1.
[10:06:14.599] [INFO   ] thread AWT-EventQueue-0 kp step 2.true
[10:06:14.599] [INFO   ] thread AWT-EventQueue-0 kp step 3.
[10:06:14.599] [INFO   ] thread AWT-EventQueue-0 kp step 10.
[10:06:14.599] [INFO   ] thread AWT-EventQueue-0 kp step 11.
[10:06:14.599] [INFO   ] thread AWT-EventQueue-0 kp step 12.
[10:06:14.599] [SEVERE ] player 2 placing token on slot 3
[10:06:14.599] [INFO   ] thread AWT-EventQueue-0 kp step 13.
[10:06:14.599] [INFO   ] thread AWT-EventQueue-0 kp step 14.
[10:06:14.680] [INFO   ] thread dealer rm 1.
[10:06:14.680] [INFO   ] thread dealer timer loop 4.
[10:06:14.898] [INFO   ] thread dealer step 1.
[10:06:14.898] [SEVERE ] updating countdown to 7009
[10:06:14.898] [INFO   ] thread dealer step 2.
[10:06:14.898] [INFO   ] thread dealer step 2.
[10:06:14.898] [INFO   ] thread dealer step 2.
[10:06:14.898] [INFO   ] thread dealer step 2.
[10:06:14.898] [INFO   ] thread dealer step 2.
[10:06:14.898] [INFO   ] thread dealer step 2.
[10:06:14.898] [INFO   ] thread dealer step 2.
[10:06:14.898] [INFO   ] thread dealer step 2.
[10:06:14.898] [INFO   ] thread dealer step 2.
[10:06:14.898] [INFO   ] thread dealer step 2.
[10:06:14.898] [INFO   ] thread dealer step 2.
[10:06:14.898] [INFO   ] thread dealer step 2.
[10:06:14.898] [INFO   ] thread dealer step 3.
[10:06:14.898] [SEVERE ] updating countdown to 7009
[10:06:14.908] [INFO   ] thread dealer step 4.
[10:06:14.908] [INFO   ] thread dealer step 10.
[10:06:14.908] [INFO   ] thread dealer step 11.
[10:06:14.908] [INFO   ] thread dealer step 12.
[10:06:14.908] [INFO   ] thread dealer timer loop 5.
[10:06:14.908] [INFO   ] thread dealer timer loop 1.
[10:06:15.039] [SEVERE ] key 79 was pressed by player 2
[10:06:15.039] [INFO   ] thread AWT-EventQueue-0 kp step 1.
[10:06:15.039] [INFO   ] thread AWT-EventQueue-0 kp step 2.true
[10:06:15.039] [INFO   ] thread AWT-EventQueue-0 kp step 3.
[10:06:15.039] [INFO   ] thread AWT-EventQueue-0 kp step 4.
[10:06:15.039] [INFO   ] thread AWT-EventQueue-0 kp step 5.
[10:06:15.039] [INFO   ] thread AWT-EventQueue-0 kp step 6.
[10:06:15.039] [INFO   ] thread AWT-EventQueue-0 kp step 7.
[10:06:15.039] [INFO   ] thread AWT-EventQueue-0 kp step 10.
[10:06:15.039] [INFO   ] thread AWT-EventQueue-0 kp step 11.
[10:06:15.039] [INFO   ] thread AWT-EventQueue-0 kp step 12.
[10:06:15.039] [SEVERE ] player 2 placing token on slot 2
[10:06:15.039] [INFO   ] thread AWT-EventQueue-0 kp step 13.
[10:06:15.039] [INFO   ] thread AWT-EventQueue-0 kp step 14.
[10:06:15.463] [SEVERE ] key 73 was pressed by player 2
[10:06:15.463] [INFO   ] thread AWT-EventQueue-0 kp step 1.
[10:06:15.463] [INFO   ] thread AWT-EventQueue-0 kp step 2.true
[10:06:15.463] [INFO   ] thread AWT-EventQueue-0 kp step 3.
[10:06:15.463] [INFO   ] thread AWT-EventQueue-0 kp step 4.
[10:06:15.463] [INFO   ] thread AWT-EventQueue-0 kp step 5.
[10:06:15.463] [INFO   ] thread AWT-EventQueue-0 kp step 6.
[10:06:15.463] [INFO   ] thread AWT-EventQueue-0 kp step 7.
[10:06:15.463] [INFO   ] thread AWT-EventQueue-0 kp step 4.
[10:06:15.463] [INFO   ] thread AWT-EventQueue-0 kp step 5.
[10:06:15.463] [INFO   ] thread AWT-EventQueue-0 kp step 6.
[10:06:15.463] [INFO   ] thread AWT-EventQueue-0 kp step 7.
[10:06:15.463] [INFO   ] thread AWT-EventQueue-0 kp step 10.
[10:06:15.463] [INFO   ] thread AWT-EventQueue-0 kp step 11.
[10:06:15.463] [INFO   ] thread AWT-EventQueue-0 kp step 12.
[10:06:15.463] [SEVERE ] player 2 placing token on slot 1
[10:06:15.463] [INFO   ] thread AWT-EventQueue-0 kp step 13.
[10:06:15.463] [INFO   ] thread AWT-EventQueue-0 kp step 14.
[10:06:15.463] [INFO   ] thread AWT-EventQueue-0 kp step 15.
[10:06:15.463] [INFO   ] thread AWT-EventQueue-0 kp step 16.
[10:06:15.479] [INFO   ] thread dealer timer loop 2.
[10:06:15.479] [SEVERE ] updating countdown to 6428
[10:06:15.479] [INFO   ] thread dealer timer loop 3.
[10:06:15.698] [INFO   ] thread dealer rm 1.
[10:06:15.698] [INFO   ] thread dealer rm 2.
[10:06:15.698] [INFO   ] remove  in the table step 1
[10:06:15.698] [INFO   ] remove  in the table step 2
[10:06:15.698] [INFO   ] thread dealer rm 3.
[10:06:15.698] [INFO   ] thread dealer rm 5.
[10:06:15.698] [INFO   ] thread dealer rm 6.slotQueue.size 3
[10:06:15.698] [SEVERE ] updating countdown to 6209
[10:06:15.698] [INFO   ] thread dealer rm 7!!!.
[10:06:15.698] [INFO   ] thread dealer rm 8 !!!!.
[10:06:15.698] [SEVERE ] removing player 2 token from slot 3
[10:06:15.698] [INFO   ] thread dealer rm 8.5 !!!!.
[10:06:15.698] [SEVERE ] updating countdown to 6209
[10:06:15.698] [INFO   ] thread dealer rm 9.
[10:06:15.698] [INFO   ] thread dealer rm 6.slotQueue.size 2
[10:06:15.698] [SEVERE ] updating countdown to 6209
[10:06:15.698] [INFO   ] thread dealer rm 7!!!.
[10:06:15.698] [INFO   ] thread dealer rm 8 !!!!.
[10:06:15.698] [SEVERE ] removing player 2 token from slot 2
[10:06:15.698] [INFO   ] thread dealer rm 8.5 !!!!.
[10:06:15.698] [SEVERE ] updating countdown to 6209
[10:06:15.698] [INFO   ] thread dealer rm 9.
[10:06:15.698] [INFO   ] thread dealer rm 17.
[10:06:15.698] [INFO   ] thread dealer rm 18.
[10:06:15.698] [INFO   ] thread dealerrm 19 .
[10:06:15.698] [INFO   ] thread dealer rm 20.
[10:06:15.698] [SEVERE ] updating countdown to 6209
[10:06:15.698] [INFO   ] thread dealer rm 22.
[10:06:15.698] [INFO   ] thread dealer rm 23.
[10:06:15.698] [SEVERE ] updating countdown to 6209
[10:06:15.705] [INFO   ] thread dealer timer loop 4.
[10:06:15.698] [INFO   ] thread Thread-1 player was notified by dealer.
[10:06:15.705] [INFO   ] penalty
[10:06:15.705] [SEVERE ] setting player 2 freeze to 3000
[10:06:15.925] [INFO   ] thread dealer step 1.
[10:06:15.925] [SEVERE ] updating countdown to 5982
[10:06:15.925] [INFO   ] thread dealer step 2.
[10:06:15.925] [INFO   ] thread dealer step 2.
[10:06:15.925] [INFO   ] thread dealer step 2.
[10:06:15.925] [INFO   ] thread dealer step 2.
[10:06:15.925] [INFO   ] thread dealer step 2.
[10:06:15.925] [INFO   ] thread dealer step 2.
[10:06:15.925] [INFO   ] thread dealer step 2.
[10:06:15.925] [INFO   ] thread dealer step 2.
[10:06:15.925] [INFO   ] thread dealer step 2.
[10:06:15.925] [INFO   ] thread dealer step 2.
[10:06:15.925] [INFO   ] thread dealer step 2.
[10:06:15.925] [INFO   ] thread dealer step 2.
[10:06:15.925] [INFO   ] thread dealer step 3.
[10:06:15.925] [SEVERE ] updating countdown to 5982
[10:06:15.925] [INFO   ] thread dealer step 4.
[10:06:15.925] [INFO   ] thread dealer step 10.
[10:06:15.925] [INFO   ] thread dealer step 11.
[10:06:15.925] [INFO   ] thread dealer step 12.
[10:06:15.925] [INFO   ] thread dealer timer loop 5.
[10:06:15.925] [INFO   ] thread dealer timer loop 1.
[10:06:16.708] [SEVERE ] setting player 2 freeze to 2000
[10:06:16.927] [INFO   ] thread dealer timer loop 2.
[10:06:16.927] [INFO   ] thread dealer timer loop 3.
[10:06:17.146] [INFO   ] thread dealer rm 1.
[10:06:17.146] [INFO   ] thread dealer timer loop 4.
[10:06:17.365] [INFO   ] thread dealer step 1.
[10:06:17.365] [INFO   ] thread dealer step 2.
[10:06:17.365] [INFO   ] thread dealer step 2.
[10:06:17.365] [INFO   ] thread dealer step 2.
[10:06:17.365] [INFO   ] thread dealer step 2.
[10:06:17.365] [INFO   ] thread dealer step 2.
[10:06:17.365] [INFO   ] thread dealer step 2.
[10:06:17.365] [INFO   ] thread dealer step 2.
[10:06:17.365] [INFO   ] thread dealer step 2.
[10:06:17.365] [INFO   ] thread dealer step 2.
[10:06:17.365] [INFO   ] thread dealer step 2.
[10:06:17.365] [INFO   ] thread dealer step 2.
[10:06:17.365] [INFO   ] thread dealer step 2.
[10:06:17.365] [INFO   ] thread dealer step 3.
[10:06:17.365] [INFO   ] thread dealer step 4.
[10:06:17.365] [INFO   ] thread dealer step 10.
[10:06:17.365] [INFO   ] thread dealer step 11.
[10:06:17.365] [INFO   ] thread dealer step 12.
[10:06:17.365] [INFO   ] thread dealer timer loop 5.
[10:06:17.365] [INFO   ] thread dealer timer loop 1.
[10:06:17.381] [INFO   ] thread dealer timer loop 2.
[10:06:17.381] [INFO   ] thread dealer timer loop 3.
[10:06:17.592] [INFO   ] thread dealer rm 1.
[10:06:17.592] [INFO   ] thread dealer timer loop 4.
[10:06:17.715] [SEVERE ] setting player 2 freeze to 1000
[10:06:17.797] [INFO   ] thread dealer step 1.
[10:06:17.797] [INFO   ] thread dealer step 2.
[10:06:17.797] [INFO   ] thread dealer step 2.
[10:06:17.797] [INFO   ] thread dealer step 2.
[10:06:17.797] [INFO   ] thread dealer step 2.
[10:06:17.797] [INFO   ] thread dealer step 2.
[10:06:17.797] [INFO   ] thread dealer step 2.
[10:06:17.797] [INFO   ] thread dealer step 2.
[10:06:17.797] [INFO   ] thread dealer step 2.
[10:06:17.797] [INFO   ] thread dealer step 2.
[10:06:17.797] [INFO   ] thread dealer step 2.
[10:06:17.797] [INFO   ] thread dealer step 2.
[10:06:17.797] [INFO   ] thread dealer step 2.
[10:06:17.797] [INFO   ] thread dealer step 3.
[10:06:17.797] [INFO   ] thread dealer step 4.
[10:06:17.797] [INFO   ] thread dealer step 10.
[10:06:17.797] [INFO   ] thread dealer step 11.
[10:06:17.797] [INFO   ] thread dealer step 12.
[10:06:17.797] [INFO   ] thread dealer timer loop 5.
[10:06:17.797] [INFO   ] thread dealer timer loop 1.
[10:06:17.812] [INFO   ] thread dealer timer loop 2.
[10:06:17.812] [INFO   ] thread dealer timer loop 3.
[10:06:18.014] [INFO   ] thread dealer rm 1.
[10:06:18.014] [INFO   ] thread dealer timer loop 4.
[10:06:18.100] [SEVERE ] exit button pressed
[10:06:18.231] [INFO   ] thread dealer step 1.
[10:06:18.232] [INFO   ] thread dealer step 2.
[10:06:18.232] [INFO   ] thread dealer step 2.
[10:06:18.232] [INFO   ] thread dealer step 2.
[10:06:18.232] [INFO   ] thread dealer step 2.
[10:06:18.232] [INFO   ] thread dealer step 2.
[10:06:18.232] [INFO   ] thread dealer step 2.
[10:06:18.232] [INFO   ] thread dealer step 2.
[10:06:18.232] [INFO   ] thread dealer step 2.
[10:06:18.232] [INFO   ] thread dealer step 2.
[10:06:18.232] [INFO   ] thread dealer step 2.
[10:06:18.232] [INFO   ] thread dealer step 2.
[10:06:18.232] [INFO   ] thread dealer step 2.
[10:06:18.232] [INFO   ] thread dealer step 3.
[10:06:18.232] [INFO   ] thread dealer step 4.
[10:06:18.232] [INFO   ] thread dealer step 10.
[10:06:18.232] [INFO   ] thread dealer step 11.
[10:06:18.232] [INFO   ] thread dealer step 12.
[10:06:18.232] [INFO   ] thread dealer timer loop 5.
[10:06:18.232] [INFO   ] thread dealer timer loop 1.
[10:06:18.247] [INFO   ] thread dealer timer loop 2.
[10:06:18.247] [INFO   ] thread dealer timer loop 3.
[10:06:18.464] [INFO   ] thread dealer rm 1.
[10:06:18.464] [INFO   ] thread dealer timer loop 4.
[10:06:18.678] [INFO   ] thread dealer step 1.
[10:06:18.678] [INFO   ] thread dealer step 2.
[10:06:18.678] [INFO   ] thread dealer step 2.
[10:06:18.678] [INFO   ] thread dealer step 2.
[10:06:18.678] [INFO   ] thread dealer step 2.
[10:06:18.678] [INFO   ] thread dealer step 2.
[10:06:18.678] [INFO   ] thread dealer step 2.
[10:06:18.678] [INFO   ] thread dealer step 2.
[10:06:18.679] [INFO   ] thread dealer step 2.
[10:06:18.679] [INFO   ] thread dealer step 2.
[10:06:18.679] [INFO   ] thread dealer step 2.
[10:06:18.679] [INFO   ] thread dealer step 2.
[10:06:18.679] [INFO   ] thread dealer step 2.
[10:06:18.679] [INFO   ] thread dealer step 3.
[10:06:18.680] [INFO   ] thread dealer step 4.
[10:06:18.680] [INFO   ] thread dealer step 10.
[10:06:18.680] [INFO   ] thread dealer step 11.
[10:06:18.680] [INFO   ] thread dealer step 12.
[10:06:18.680] [INFO   ] thread dealer timer loop 5.
[10:06:18.680] [INFO   ] thread dealer timer loop 1.
[10:06:18.693] [INFO   ] thread dealer timer loop 2.
[10:06:18.693] [INFO   ] thread dealer timer loop 3.
[10:06:18.724] [SEVERE ] setting player 2 freeze to 0
[10:06:18.911] [INFO   ] thread dealer rm 1.
[10:06:18.911] [INFO   ] thread dealer timer loop 4.
[10:06:19.117] [INFO   ] thread dealer step 1.
[10:06:19.118] [INFO   ] thread dealer step 2.
[10:06:19.119] [INFO   ] thread dealer step 2.
[10:06:19.119] [INFO   ] thread dealer step 2.
[10:06:19.119] [INFO   ] thread dealer step 2.
[10:06:19.119] [INFO   ] thread dealer step 2.
[10:06:19.119] [INFO   ] thread dealer step 2.
[10:06:19.119] [INFO   ] thread dealer step 2.
[10:06:19.119] [INFO   ] thread dealer step 2.
[10:06:19.119] [INFO   ] thread dealer step 2.
[10:06:19.120] [INFO   ] thread dealer step 2.
[10:06:19.120] [INFO   ] thread dealer step 2.
[10:06:19.120] [INFO   ] thread dealer step 2.
[10:06:19.120] [INFO   ] thread dealer step 3.
[10:06:19.121] [INFO   ] thread dealer step 4.
[10:06:19.121] [INFO   ] thread dealer step 10.
[10:06:19.121] [INFO   ] thread dealer step 11.
[10:06:19.121] [INFO   ] thread dealer step 12.
[10:06:19.121] [INFO   ] thread dealer timer loop 5.
[10:06:19.122] [INFO   ] thread dealer timer loop 1.
[10:06:19.132] [INFO   ] thread dealer timer loop 2.
[10:06:19.132] [INFO   ] thread dealer timer loop 3.
[10:06:19.358] [INFO   ] thread dealer rm 1.
[10:06:19.358] [INFO   ] thread dealer timer loop 4.
[10:06:19.574] [INFO   ] thread dealer step 1.
[10:06:19.574] [INFO   ] thread dealer step 2.
[10:06:19.574] [INFO   ] thread dealer step 2.
[10:06:19.574] [INFO   ] thread dealer step 2.
[10:06:19.574] [INFO   ] thread dealer step 2.
[10:06:19.574] [INFO   ] thread dealer step 2.
[10:06:19.574] [INFO   ] thread dealer step 2.
[10:06:19.574] [INFO   ] thread dealer step 2.
[10:06:19.575] [INFO   ] thread dealer step 2.
[10:06:19.575] [INFO   ] thread dealer step 2.
[10:06:19.575] [INFO   ] thread dealer step 2.
[10:06:19.575] [INFO   ] thread dealer step 2.
[10:06:19.575] [INFO   ] thread dealer step 2.
[10:06:19.575] [INFO   ] thread dealer step 3.
[10:06:19.576] [INFO   ] thread dealer step 4.
[10:06:19.576] [INFO   ] thread dealer step 10.
[10:06:19.576] [INFO   ] thread dealer step 11.
[10:06:19.576] [INFO   ] thread dealer step 12.
[10:06:19.576] [INFO   ] thread dealer timer loop 5.
[10:06:19.576] [INFO   ] thread dealer timer loop 1.
[10:06:19.590] [INFO   ] thread dealer timer loop 2.
[10:06:19.590] [INFO   ] thread dealer timer loop 3.
