[20:27:35.062] [INFO   ] thread main starting.
[20:27:35.062] [SEVERE ] cannot read configuration file config.properties trying from resources.
[20:27:35.062] [SEVERE ] configuration file was loaded from resources directory.
[20:27:35.694] [INFO   ] thread dealer starting.
[20:27:35.696] [INFO   ] thread dealer starting.
[20:27:35.697] [INFO   ] thread Thread-0 starting.
[20:27:35.697] [INFO   ] thread Thread-1 starting.
[20:27:35.697] [SEVERE ] updating countdown to 20000
[20:27:35.702] [INFO   ] thread dealer run step 1.
[20:27:36.041] [SEVERE ] placing card 6 in slot 0
[20:27:36.150] [SEVERE ] placing card 37 in slot 1
[20:27:36.254] [SEVERE ] placing card 30 in slot 2
[20:27:36.363] [SEVERE ] placing card 55 in slot 3
[20:27:36.473] [SEVERE ] placing card 49 in slot 4
[20:27:36.587] [SEVERE ] placing card 25 in slot 5
[20:27:36.697] [SEVERE ] placing card 59 in slot 6
[20:27:36.807] [SEVERE ] placing card 1 in slot 7
[20:27:36.916] [SEVERE ] placing card 32 in slot 8
[20:27:37.018] [SEVERE ] placing card 12 in slot 9
[20:27:37.130] [SEVERE ] placing card 44 in slot 10
[20:27:37.239] [SEVERE ] placing card 17 in slot 11
[20:27:37.239] [INFO   ] thread dealer step 1.
[20:27:37.239] [SEVERE ] updating countdown to 20000
[20:27:37.239] [INFO   ] thread dealer step 2.
[20:27:37.241] [INFO   ] thread dealer step 2.
[20:27:37.241] [INFO   ] thread dealer step 2.
[20:27:37.241] [INFO   ] thread dealer step 2.
[20:27:37.241] [INFO   ] thread dealer step 2.
[20:27:37.241] [INFO   ] thread dealer step 2.
[20:27:37.241] [INFO   ] thread dealer step 2.
[20:27:37.241] [INFO   ] thread dealer step 2.
[20:27:37.241] [INFO   ] thread dealer step 2.
[20:27:37.241] [INFO   ] thread dealer step 2.
[20:27:37.241] [INFO   ] thread dealer step 2.
[20:27:37.241] [INFO   ] thread dealer step 2.
[20:27:37.241] [INFO   ] thread dealer step 3.
[20:27:37.241] [INFO   ] thread dealer step 4.
[20:27:37.241] [INFO   ] thread dealer step 10.
[20:27:37.241] [INFO   ] thread dealer step 11.
[20:27:37.241] [INFO   ] thread dealer step 12.
[20:27:37.241] [INFO   ] thread dealer run step 2.
[20:27:37.241] [INFO   ] thread dealer timer loop 1.
[20:27:37.349] [INFO   ] thread dealer timer loop 2.
[20:27:37.349] [SEVERE ] updating countdown to 19940
[20:27:37.349] [INFO   ] thread dealer timer loop 3.
[20:27:37.459] [SEVERE ] key 76 was pressed by player 2
[20:27:37.459] [INFO   ] thread AWT-EventQueue-0 kp step 1.
[20:27:37.568] [INFO   ] thread dealer rm 1.
[20:27:37.568] [INFO   ] thread dealer timer loop 4.
[20:27:37.788] [INFO   ] thread dealer step 1.
[20:27:37.788] [SEVERE ] updating countdown to 19501
[20:27:37.788] [INFO   ] thread dealer step 2.
[20:27:37.788] [INFO   ] thread dealer step 2.
[20:27:37.788] [INFO   ] thread dealer step 2.
[20:27:37.788] [INFO   ] thread dealer step 2.
[20:27:37.788] [INFO   ] thread dealer step 2.
[20:27:37.788] [INFO   ] thread dealer step 2.
[20:27:37.788] [INFO   ] thread dealer step 2.
[20:27:37.788] [INFO   ] thread dealer step 2.
[20:27:37.788] [INFO   ] thread dealer step 2.
[20:27:37.788] [INFO   ] thread dealer step 2.
[20:27:37.788] [INFO   ] thread dealer step 2.
[20:27:37.788] [INFO   ] thread dealer step 2.
[20:27:37.788] [INFO   ] thread dealer step 3.
[20:27:37.788] [INFO   ] thread dealer step 4.
[20:27:37.788] [INFO   ] thread dealer step 10.
[20:27:37.788] [INFO   ] thread dealer step 11.
[20:27:37.788] [INFO   ] thread dealer step 12.
[20:27:37.788] [INFO   ] thread dealer timer loop 5.
[20:27:37.788] [INFO   ] thread dealer timer loop 1.
[20:27:37.897] [INFO   ] thread dealer timer loop 2.
[20:27:37.897] [SEVERE ] updating countdown to 19392
[20:27:37.897] [INFO   ] thread dealer timer loop 3.
[20:27:38.038] [SEVERE ] key 76 was pressed by player 2
[20:27:38.053] [INFO   ] thread AWT-EventQueue-0 kp step 1.
[20:27:38.107] [INFO   ] thread dealer rm 1.
[20:27:38.108] [INFO   ] thread dealer timer loop 4.
[20:27:38.326] [INFO   ] thread dealer step 1.
[20:27:38.326] [SEVERE ] updating countdown to 18963
[20:27:38.326] [INFO   ] thread dealer step 2.
[20:27:38.326] [INFO   ] thread dealer step 2.
[20:27:38.326] [INFO   ] thread dealer step 2.
[20:27:38.326] [INFO   ] thread dealer step 2.
[20:27:38.326] [INFO   ] thread dealer step 2.
[20:27:38.326] [INFO   ] thread dealer step 2.
[20:27:38.326] [INFO   ] thread dealer step 2.
[20:27:38.326] [INFO   ] thread dealer step 2.
[20:27:38.326] [INFO   ] thread dealer step 2.
[20:27:38.326] [INFO   ] thread dealer step 2.
[20:27:38.326] [INFO   ] thread dealer step 2.
[20:27:38.326] [INFO   ] thread dealer step 2.
[20:27:38.326] [INFO   ] thread dealer step 3.
[20:27:38.326] [INFO   ] thread dealer step 4.
[20:27:38.326] [INFO   ] thread dealer step 10.
[20:27:38.326] [INFO   ] thread dealer step 11.
[20:27:38.326] [INFO   ] thread dealer step 12.
[20:27:38.326] [INFO   ] thread dealer timer loop 5.
[20:27:38.326] [INFO   ] thread dealer timer loop 1.
[20:27:38.436] [INFO   ] thread dealer timer loop 2.
[20:27:38.436] [SEVERE ] updating countdown to 18853
[20:27:38.436] [INFO   ] thread dealer timer loop 3.
[20:27:38.608] [SEVERE ] key 76 was pressed by player 2
[20:27:38.608] [INFO   ] thread AWT-EventQueue-0 kp step 1.
[20:27:38.645] [INFO   ] thread dealer rm 1.
[20:27:38.645] [INFO   ] thread dealer timer loop 4.
[20:27:38.863] [INFO   ] thread dealer step 1.
[20:27:38.863] [SEVERE ] updating countdown to 18426
[20:27:38.863] [INFO   ] thread dealer step 2.
[20:27:38.863] [INFO   ] thread dealer step 2.
[20:27:38.863] [INFO   ] thread dealer step 2.
[20:27:38.863] [INFO   ] thread dealer step 2.
[20:27:38.863] [INFO   ] thread dealer step 2.
[20:27:38.863] [INFO   ] thread dealer step 2.
[20:27:38.863] [INFO   ] thread dealer step 2.
[20:27:38.863] [INFO   ] thread dealer step 2.
[20:27:38.863] [INFO   ] thread dealer step 2.
[20:27:38.863] [INFO   ] thread dealer step 2.
[20:27:38.863] [INFO   ] thread dealer step 2.
[20:27:38.863] [INFO   ] thread dealer step 2.
[20:27:38.863] [INFO   ] thread dealer step 3.
[20:27:38.863] [INFO   ] thread dealer step 4.
[20:27:38.863] [INFO   ] thread dealer step 10.
[20:27:38.863] [INFO   ] thread dealer step 11.
[20:27:38.863] [INFO   ] thread dealer step 12.
[20:27:38.863] [INFO   ] thread dealer timer loop 5.
[20:27:38.863] [INFO   ] thread dealer timer loop 1.
[20:27:38.973] [INFO   ] thread dealer timer loop 2.
[20:27:38.973] [SEVERE ] updating countdown to 18316
[20:27:38.973] [INFO   ] thread dealer timer loop 3.
[20:27:39.191] [INFO   ] thread dealer rm 1.
[20:27:39.191] [INFO   ] thread dealer timer loop 4.
[20:27:39.411] [INFO   ] thread dealer step 1.
[20:27:39.411] [SEVERE ] updating countdown to 17878
[20:27:39.411] [INFO   ] thread dealer step 2.
[20:27:39.411] [INFO   ] thread dealer step 2.
[20:27:39.411] [INFO   ] thread dealer step 2.
[20:27:39.411] [INFO   ] thread dealer step 2.
[20:27:39.411] [INFO   ] thread dealer step 2.
[20:27:39.411] [INFO   ] thread dealer step 2.
[20:27:39.411] [INFO   ] thread dealer step 2.
[20:27:39.411] [INFO   ] thread dealer step 2.
[20:27:39.411] [INFO   ] thread dealer step 2.
[20:27:39.411] [INFO   ] thread dealer step 2.
[20:27:39.411] [INFO   ] thread dealer step 2.
[20:27:39.411] [INFO   ] thread dealer step 2.
[20:27:39.411] [INFO   ] thread dealer step 3.
[20:27:39.411] [INFO   ] thread dealer step 4.
[20:27:39.411] [INFO   ] thread dealer step 10.
[20:27:39.411] [INFO   ] thread dealer step 11.
[20:27:39.411] [INFO   ] thread dealer step 12.
[20:27:39.411] [INFO   ] thread dealer timer loop 5.
[20:27:39.411] [INFO   ] thread dealer timer loop 1.
[20:27:39.520] [INFO   ] thread dealer timer loop 2.
[20:27:39.520] [SEVERE ] updating countdown to 17769
[20:27:39.520] [INFO   ] thread dealer timer loop 3.
[20:27:39.739] [INFO   ] thread dealer rm 1.
[20:27:39.739] [INFO   ] thread dealer timer loop 4.
[20:27:39.954] [INFO   ] thread dealer step 1.
[20:27:39.955] [SEVERE ] updating countdown to 17335
[20:27:39.955] [INFO   ] thread dealer step 2.
[20:27:39.955] [INFO   ] thread dealer step 2.
[20:27:39.955] [INFO   ] thread dealer step 2.
[20:27:39.955] [INFO   ] thread dealer step 2.
[20:27:39.955] [INFO   ] thread dealer step 2.
[20:27:39.955] [INFO   ] thread dealer step 2.
[20:27:39.955] [INFO   ] thread dealer step 2.
[20:27:39.955] [INFO   ] thread dealer step 2.
[20:27:39.955] [INFO   ] thread dealer step 2.
[20:27:39.955] [INFO   ] thread dealer step 2.
[20:27:39.955] [INFO   ] thread dealer step 2.
[20:27:39.955] [INFO   ] thread dealer step 2.
[20:27:39.955] [INFO   ] thread dealer step 3.
[20:27:39.955] [INFO   ] thread dealer step 4.
[20:27:39.955] [INFO   ] thread dealer step 10.
[20:27:39.955] [INFO   ] thread dealer step 11.
[20:27:39.955] [INFO   ] thread dealer step 12.
[20:27:39.955] [INFO   ] thread dealer timer loop 5.
[20:27:39.955] [INFO   ] thread dealer timer loop 1.
[20:27:40.070] [INFO   ] thread dealer timer loop 2.
[20:27:40.070] [SEVERE ] updating countdown to 17219
[20:27:40.070] [INFO   ] thread dealer timer loop 3.
[20:27:40.290] [INFO   ] thread dealer rm 1.
[20:27:40.290] [INFO   ] thread dealer timer loop 4.
[20:27:40.434] [SEVERE ] exit button pressed
[20:27:40.512] [INFO   ] thread dealer step 1.
[20:27:40.512] [SEVERE ] updating countdown to 16777
[20:27:40.512] [INFO   ] thread dealer step 2.
[20:27:40.512] [INFO   ] thread dealer step 2.
[20:27:40.512] [INFO   ] thread dealer step 2.
[20:27:40.512] [INFO   ] thread dealer step 2.
[20:27:40.512] [INFO   ] thread dealer step 2.
[20:27:40.512] [INFO   ] thread dealer step 2.
[20:27:40.512] [INFO   ] thread dealer step 2.
[20:27:40.512] [INFO   ] thread dealer step 2.
[20:27:40.512] [INFO   ] thread dealer step 2.
[20:27:40.512] [INFO   ] thread dealer step 2.
[20:27:40.512] [INFO   ] thread dealer step 2.
[20:27:40.512] [INFO   ] thread dealer step 2.
[20:27:40.512] [INFO   ] thread dealer step 3.
[20:27:40.512] [INFO   ] thread dealer step 4.
[20:27:40.512] [INFO   ] thread dealer step 10.
[20:27:40.512] [INFO   ] thread dealer step 11.
[20:27:40.512] [INFO   ] thread dealer step 12.
[20:27:40.512] [INFO   ] thread dealer timer loop 5.
[20:27:40.512] [INFO   ] thread dealer timer loop 1.
[20:27:40.622] [INFO   ] thread dealer timer loop 2.
[20:27:40.622] [SEVERE ] updating countdown to 16667
[20:27:40.622] [INFO   ] thread dealer timer loop 3.
[20:27:40.842] [INFO   ] thread dealer rm 1.
[20:27:40.842] [INFO   ] thread dealer timer loop 4.
[20:27:41.048] [INFO   ] thread dealer step 1.
[20:27:41.048] [SEVERE ] updating countdown to 16241
[20:27:41.048] [INFO   ] thread dealer step 2.
[20:27:41.048] [INFO   ] thread dealer step 2.
[20:27:41.048] [INFO   ] thread dealer step 2.
[20:27:41.048] [INFO   ] thread dealer step 2.
[20:27:41.048] [INFO   ] thread dealer step 2.
[20:27:41.048] [INFO   ] thread dealer step 2.
[20:27:41.048] [INFO   ] thread dealer step 2.
[20:27:41.048] [INFO   ] thread dealer step 2.
[20:27:41.048] [INFO   ] thread dealer step 2.
[20:27:41.048] [INFO   ] thread dealer step 2.
[20:27:41.048] [INFO   ] thread dealer step 2.
[20:27:41.048] [INFO   ] thread dealer step 2.
[20:27:41.048] [INFO   ] thread dealer step 3.
[20:27:41.048] [INFO   ] thread dealer step 4.
[20:27:41.048] [INFO   ] thread dealer step 10.
[20:27:41.048] [INFO   ] thread dealer step 11.
[20:27:41.048] [INFO   ] thread dealer step 12.
[20:27:41.048] [INFO   ] thread dealer timer loop 5.
[20:27:41.048] [INFO   ] thread dealer timer loop 1.
[20:27:41.153] [INFO   ] thread dealer timer loop 2.
[20:27:41.153] [SEVERE ] updating countdown to 16136
[20:27:41.153] [INFO   ] thread dealer timer loop 3.
[20:27:41.367] [INFO   ] thread dealer rm 1.
[20:27:41.367] [INFO   ] thread dealer timer loop 4.
[20:27:41.585] [INFO   ] thread dealer step 1.
[20:27:41.586] [SEVERE ] updating countdown to 15703
[20:27:41.586] [INFO   ] thread dealer step 2.
[20:27:41.587] [INFO   ] thread dealer step 2.
[20:27:41.587] [INFO   ] thread dealer step 2.
[20:27:41.587] [INFO   ] thread dealer step 2.
[20:27:41.587] [INFO   ] thread dealer step 2.
[20:27:41.588] [INFO   ] thread dealer step 2.
[20:27:41.588] [INFO   ] thread dealer step 2.
[20:27:41.588] [INFO   ] thread dealer step 2.
[20:27:41.589] [INFO   ] thread dealer step 2.
[20:27:41.589] [INFO   ] thread dealer step 2.
[20:27:41.589] [INFO   ] thread dealer step 2.
[20:27:41.589] [INFO   ] thread dealer step 2.
[20:27:41.590] [INFO   ] thread dealer step 3.
[20:27:41.590] [INFO   ] thread dealer step 4.
[20:27:41.591] [INFO   ] thread dealer step 10.
[20:27:41.591] [INFO   ] thread dealer step 11.
[20:27:41.591] [INFO   ] thread dealer step 12.
[20:27:41.591] [INFO   ] thread dealer timer loop 5.
[20:27:41.591] [INFO   ] thread dealer timer loop 1.
[20:27:41.701] [INFO   ] thread dealer timer loop 2.
[20:27:41.701] [SEVERE ] updating countdown to 15588
[20:27:41.701] [INFO   ] thread dealer timer loop 3.
[20:27:41.905] [INFO   ] thread dealer rm 1.
[20:27:41.905] [INFO   ] thread dealer timer loop 4.
[20:27:42.121] [INFO   ] thread dealer step 1.
[20:27:42.121] [SEVERE ] updating countdown to 15168
[20:27:42.121] [INFO   ] thread dealer step 2.
[20:27:42.122] [INFO   ] thread dealer step 2.
[20:27:42.122] [INFO   ] thread dealer step 2.
[20:27:42.122] [INFO   ] thread dealer step 2.
[20:27:42.122] [INFO   ] thread dealer step 2.
[20:27:42.122] [INFO   ] thread dealer step 2.
[20:27:42.122] [INFO   ] thread dealer step 2.
[20:27:42.122] [INFO   ] thread dealer step 2.
[20:27:42.122] [INFO   ] thread dealer step 2.
[20:27:42.122] [INFO   ] thread dealer step 2.
[20:27:42.122] [INFO   ] thread dealer step 2.
[20:27:42.122] [INFO   ] thread dealer step 2.
[20:27:42.122] [INFO   ] thread dealer step 3.
[20:27:42.122] [INFO   ] thread dealer step 4.
[20:27:42.122] [INFO   ] thread dealer step 10.
[20:27:42.122] [INFO   ] thread dealer step 11.
[20:27:42.122] [INFO   ] thread dealer step 12.
[20:27:42.122] [INFO   ] thread dealer timer loop 5.
[20:27:42.122] [INFO   ] thread dealer timer loop 1.
[20:27:42.222] [INFO   ] thread dealer timer loop 2.
[20:27:42.222] [SEVERE ] updating countdown to 15067
[20:27:42.223] [INFO   ] thread dealer timer loop 3.
[20:27:42.437] [INFO   ] thread dealer rm 1.
[20:27:42.437] [INFO   ] thread dealer timer loop 4.
[20:27:42.654] [INFO   ] thread dealer step 1.
[20:27:42.654] [SEVERE ] updating countdown to 14635
[20:27:42.654] [INFO   ] thread dealer step 2.
[20:27:42.654] [INFO   ] thread dealer step 2.
[20:27:42.654] [INFO   ] thread dealer step 2.
[20:27:42.654] [INFO   ] thread dealer step 2.
[20:27:42.654] [INFO   ] thread dealer step 2.
[20:27:42.654] [INFO   ] thread dealer step 2.
[20:27:42.654] [INFO   ] thread dealer step 2.
[20:27:42.654] [INFO   ] thread dealer step 2.
[20:27:42.654] [INFO   ] thread dealer step 2.
[20:27:42.654] [INFO   ] thread dealer step 2.
[20:27:42.654] [INFO   ] thread dealer step 2.
[20:27:42.654] [INFO   ] thread dealer step 2.
[20:27:42.654] [INFO   ] thread dealer step 3.
[20:27:42.654] [INFO   ] thread dealer step 4.
[20:27:42.654] [INFO   ] thread dealer step 10.
[20:27:42.654] [INFO   ] thread dealer step 11.
[20:27:42.654] [INFO   ] thread dealer step 12.
[20:27:42.654] [INFO   ] thread dealer timer loop 5.
[20:27:42.654] [INFO   ] thread dealer timer loop 1.
[20:27:42.755] [INFO   ] thread dealer timer loop 2.
[20:27:42.755] [SEVERE ] updating countdown to 14534
[20:27:42.755] [INFO   ] thread dealer timer loop 3.
[20:27:42.983] [INFO   ] thread dealer rm 1.
[20:27:42.983] [INFO   ] thread dealer timer loop 4.
[20:27:43.186] [INFO   ] thread dealer step 1.
[20:27:43.186] [SEVERE ] updating countdown to 14103
[20:27:43.186] [INFO   ] thread dealer step 2.
[20:27:43.186] [INFO   ] thread dealer step 2.
[20:27:43.186] [INFO   ] thread dealer step 2.
[20:27:43.186] [INFO   ] thread dealer step 2.
[20:27:43.186] [INFO   ] thread dealer step 2.
[20:27:43.186] [INFO   ] thread dealer step 2.
[20:27:43.186] [INFO   ] thread dealer step 2.
[20:27:43.186] [INFO   ] thread dealer step 2.
[20:27:43.186] [INFO   ] thread dealer step 2.
[20:27:43.186] [INFO   ] thread dealer step 2.
[20:27:43.186] [INFO   ] thread dealer step 2.
[20:27:43.186] [INFO   ] thread dealer step 2.
[20:27:43.186] [INFO   ] thread dealer step 3.
[20:27:43.186] [INFO   ] thread dealer step 4.
[20:27:43.186] [INFO   ] thread dealer step 10.
[20:27:43.186] [INFO   ] thread dealer step 11.
[20:27:43.186] [INFO   ] thread dealer step 12.
[20:27:43.186] [INFO   ] thread dealer timer loop 5.
[20:27:43.186] [INFO   ] thread dealer timer loop 1.
[20:27:43.295] [INFO   ] thread dealer timer loop 2.
[20:27:43.295] [SEVERE ] updating countdown to 13994
[20:27:43.295] [INFO   ] thread dealer timer loop 3.
[20:27:43.514] [INFO   ] thread dealer rm 1.
[20:27:43.514] [INFO   ] thread dealer timer loop 4.
[20:27:43.734] [INFO   ] thread dealer step 1.
[20:27:43.734] [SEVERE ] updating countdown to 13555
[20:27:43.734] [INFO   ] thread dealer step 2.
[20:27:43.734] [INFO   ] thread dealer step 2.
[20:27:43.735] [INFO   ] thread dealer step 2.
[20:27:43.735] [INFO   ] thread dealer step 2.
[20:27:43.735] [INFO   ] thread dealer step 2.
[20:27:43.735] [INFO   ] thread dealer step 2.
[20:27:43.735] [INFO   ] thread dealer step 2.
[20:27:43.735] [INFO   ] thread dealer step 2.
[20:27:43.735] [INFO   ] thread dealer step 2.
[20:27:43.735] [INFO   ] thread dealer step 2.
[20:27:43.735] [INFO   ] thread dealer step 2.
[20:27:43.735] [INFO   ] thread dealer step 2.
[20:27:43.735] [INFO   ] thread dealer step 3.
[20:27:43.735] [INFO   ] thread dealer step 4.
[20:27:43.735] [INFO   ] thread dealer step 10.
[20:27:43.735] [INFO   ] thread dealer step 11.
[20:27:43.735] [INFO   ] thread dealer step 12.
[20:27:43.735] [INFO   ] thread dealer timer loop 5.
[20:27:43.735] [INFO   ] thread dealer timer loop 1.
[20:27:43.836] [INFO   ] thread dealer timer loop 2.
[20:27:43.836] [SEVERE ] updating countdown to 13453
[20:27:43.836] [INFO   ] thread dealer timer loop 3.
[20:27:44.058] [INFO   ] thread dealer rm 1.
[20:27:44.058] [INFO   ] thread dealer timer loop 4.
[20:27:44.267] [INFO   ] thread dealer step 1.
[20:27:44.267] [SEVERE ] updating countdown to 13022
[20:27:44.267] [INFO   ] thread dealer step 2.
[20:27:44.267] [INFO   ] thread dealer step 2.
[20:27:44.267] [INFO   ] thread dealer step 2.
[20:27:44.267] [INFO   ] thread dealer step 2.
[20:27:44.267] [INFO   ] thread dealer step 2.
[20:27:44.267] [INFO   ] thread dealer step 2.
[20:27:44.267] [INFO   ] thread dealer step 2.
[20:27:44.267] [INFO   ] thread dealer step 2.
[20:27:44.267] [INFO   ] thread dealer step 2.
[20:27:44.267] [INFO   ] thread dealer step 2.
[20:27:44.267] [INFO   ] thread dealer step 2.
[20:27:44.267] [INFO   ] thread dealer step 2.
[20:27:44.267] [INFO   ] thread dealer step 3.
[20:27:44.267] [INFO   ] thread dealer step 4.
[20:27:44.267] [INFO   ] thread dealer step 10.
[20:27:44.267] [INFO   ] thread dealer step 11.
[20:27:44.267] [INFO   ] thread dealer step 12.
[20:27:44.267] [INFO   ] thread dealer timer loop 5.
[20:27:44.267] [INFO   ] thread dealer timer loop 1.
[20:27:44.377] [INFO   ] thread dealer timer loop 2.
[20:27:44.377] [SEVERE ] updating countdown to 12912
[20:27:44.377] [INFO   ] thread dealer timer loop 3.
[20:27:44.599] [INFO   ] thread dealer rm 1.
[20:27:44.599] [INFO   ] thread dealer timer loop 4.
[20:27:44.818] [INFO   ] thread dealer step 1.
[20:27:44.818] [SEVERE ] updating countdown to 12471
[20:27:44.818] [INFO   ] thread dealer step 2.
[20:27:44.819] [INFO   ] thread dealer step 2.
[20:27:44.819] [INFO   ] thread dealer step 2.
[20:27:44.819] [INFO   ] thread dealer step 2.
[20:27:44.819] [INFO   ] thread dealer step 2.
[20:27:44.819] [INFO   ] thread dealer step 2.
[20:27:44.819] [INFO   ] thread dealer step 2.
[20:27:44.819] [INFO   ] thread dealer step 2.
[20:27:44.819] [INFO   ] thread dealer step 2.
[20:27:44.819] [INFO   ] thread dealer step 2.
[20:27:44.819] [INFO   ] thread dealer step 2.
[20:27:44.819] [INFO   ] thread dealer step 2.
[20:27:44.819] [INFO   ] thread dealer step 3.
[20:27:44.819] [INFO   ] thread dealer step 4.
[20:27:44.819] [INFO   ] thread dealer step 10.
[20:27:44.819] [INFO   ] thread dealer step 11.
[20:27:44.819] [INFO   ] thread dealer step 12.
[20:27:44.822] [INFO   ] thread dealer timer loop 5.
[20:27:44.822] [INFO   ] thread dealer timer loop 1.
[20:27:44.928] [INFO   ] thread dealer timer loop 2.
[20:27:44.928] [SEVERE ] updating countdown to 12361
[20:27:44.928] [INFO   ] thread dealer timer loop 3.
[20:27:45.147] [INFO   ] thread dealer rm 1.
[20:27:45.147] [INFO   ] thread dealer timer loop 4.
[20:27:45.369] [INFO   ] thread dealer step 1.
[20:27:45.369] [SEVERE ] updating countdown to 11920
[20:27:45.369] [INFO   ] thread dealer step 2.
[20:27:45.369] [INFO   ] thread dealer step 2.
[20:27:45.369] [INFO   ] thread dealer step 2.
[20:27:45.369] [INFO   ] thread dealer step 2.
[20:27:45.369] [INFO   ] thread dealer step 2.
[20:27:45.369] [INFO   ] thread dealer step 2.
[20:27:45.369] [INFO   ] thread dealer step 2.
[20:27:45.369] [INFO   ] thread dealer step 2.
[20:27:45.369] [INFO   ] thread dealer step 2.
[20:27:45.369] [INFO   ] thread dealer step 2.
[20:27:45.369] [INFO   ] thread dealer step 2.
[20:27:45.369] [INFO   ] thread dealer step 2.
[20:27:45.369] [INFO   ] thread dealer step 3.
[20:27:45.369] [INFO   ] thread dealer step 4.
[20:27:45.369] [INFO   ] thread dealer step 10.
[20:27:45.369] [INFO   ] thread dealer step 11.
[20:27:45.369] [INFO   ] thread dealer step 12.
[20:27:45.369] [INFO   ] thread dealer timer loop 5.
[20:27:45.369] [INFO   ] thread dealer timer loop 1.
[20:27:45.480] [INFO   ] thread dealer timer loop 2.
[20:27:45.480] [SEVERE ] updating countdown to 11809
[20:27:45.480] [INFO   ] thread dealer timer loop 3.
[20:27:45.701] [INFO   ] thread dealer rm 1.
[20:27:45.701] [INFO   ] thread dealer timer loop 4.
[20:27:45.909] [INFO   ] thread dealer step 1.
[20:27:45.909] [SEVERE ] updating countdown to 11380
[20:27:45.909] [INFO   ] thread dealer step 2.
[20:27:45.909] [INFO   ] thread dealer step 2.
[20:27:45.909] [INFO   ] thread dealer step 2.
[20:27:45.909] [INFO   ] thread dealer step 2.
[20:27:45.909] [INFO   ] thread dealer step 2.
[20:27:45.909] [INFO   ] thread dealer step 2.
[20:27:45.909] [INFO   ] thread dealer step 2.
[20:27:45.909] [INFO   ] thread dealer step 2.
[20:27:45.909] [INFO   ] thread dealer step 2.
[20:27:45.909] [INFO   ] thread dealer step 2.
[20:27:45.909] [INFO   ] thread dealer step 2.
[20:27:45.909] [INFO   ] thread dealer step 2.
[20:27:45.909] [INFO   ] thread dealer step 3.
[20:27:45.910] [INFO   ] thread dealer step 4.
[20:27:45.910] [INFO   ] thread dealer step 10.
[20:27:45.910] [INFO   ] thread dealer step 11.
[20:27:45.910] [INFO   ] thread dealer step 12.
[20:27:45.910] [INFO   ] thread dealer timer loop 5.
[20:27:45.910] [INFO   ] thread dealer timer loop 1.
[20:27:46.011] [INFO   ] thread dealer timer loop 2.
[20:27:46.011] [SEVERE ] updating countdown to 11278
[20:27:46.011] [INFO   ] thread dealer timer loop 3.
[20:27:46.222] [INFO   ] thread dealer rm 1.
[20:27:46.222] [INFO   ] thread dealer timer loop 4.
[20:27:46.424] [INFO   ] thread dealer step 1.
[20:27:46.424] [SEVERE ] updating countdown to 10865
[20:27:46.424] [INFO   ] thread dealer step 2.
[20:27:46.424] [INFO   ] thread dealer step 2.
[20:27:46.424] [INFO   ] thread dealer step 2.
[20:27:46.424] [INFO   ] thread dealer step 2.
[20:27:46.424] [INFO   ] thread dealer step 2.
[20:27:46.424] [INFO   ] thread dealer step 2.
[20:27:46.424] [INFO   ] thread dealer step 2.
[20:27:46.424] [INFO   ] thread dealer step 2.
[20:27:46.424] [INFO   ] thread dealer step 2.
[20:27:46.424] [INFO   ] thread dealer step 2.
[20:27:46.424] [INFO   ] thread dealer step 2.
[20:27:46.424] [INFO   ] thread dealer step 2.
[20:27:46.424] [INFO   ] thread dealer step 3.
[20:27:46.424] [INFO   ] thread dealer step 4.
[20:27:46.424] [INFO   ] thread dealer step 10.
[20:27:46.424] [INFO   ] thread dealer step 11.
[20:27:46.424] [INFO   ] thread dealer step 12.
[20:27:46.424] [INFO   ] thread dealer timer loop 5.
[20:27:46.424] [INFO   ] thread dealer timer loop 1.
[20:27:46.539] [INFO   ] thread dealer timer loop 2.
[20:27:46.539] [SEVERE ] updating countdown to 10750
[20:27:46.539] [INFO   ] thread dealer timer loop 3.
[20:27:46.758] [INFO   ] thread dealer rm 1.
[20:27:46.758] [INFO   ] thread dealer timer loop 4.
[20:27:46.977] [INFO   ] thread dealer step 1.
[20:27:46.977] [SEVERE ] updating countdown to 10312
[20:27:46.977] [INFO   ] thread dealer step 2.
[20:27:46.977] [INFO   ] thread dealer step 2.
[20:27:46.977] [INFO   ] thread dealer step 2.
[20:27:46.978] [INFO   ] thread dealer step 2.
[20:27:46.978] [INFO   ] thread dealer step 2.
[20:27:46.978] [INFO   ] thread dealer step 2.
[20:27:46.978] [INFO   ] thread dealer step 2.
[20:27:46.978] [INFO   ] thread dealer step 2.
[20:27:46.978] [INFO   ] thread dealer step 2.
[20:27:46.978] [INFO   ] thread dealer step 2.
[20:27:46.978] [INFO   ] thread dealer step 2.
[20:27:46.978] [INFO   ] thread dealer step 2.
[20:27:46.978] [INFO   ] thread dealer step 3.
[20:27:46.978] [INFO   ] thread dealer step 4.
[20:27:46.978] [INFO   ] thread dealer step 10.
[20:27:46.978] [INFO   ] thread dealer step 11.
[20:27:46.978] [INFO   ] thread dealer step 12.
[20:27:46.978] [INFO   ] thread dealer timer loop 5.
[20:27:46.978] [INFO   ] thread dealer timer loop 1.
[20:27:47.088] [INFO   ] thread dealer timer loop 2.
[20:27:47.088] [SEVERE ] updating countdown to 10201
[20:27:47.088] [INFO   ] thread dealer timer loop 3.
[20:27:47.305] [INFO   ] thread dealer rm 1.
[20:27:47.305] [INFO   ] thread dealer timer loop 4.
[20:27:47.535] [INFO   ] thread dealer step 1.
[20:27:47.535] [SEVERE ] updating countdown to 9754
[20:27:47.535] [INFO   ] thread dealer step 2.
[20:27:47.535] [INFO   ] thread dealer step 2.
[20:27:47.535] [INFO   ] thread dealer step 2.
[20:27:47.535] [INFO   ] thread dealer step 2.
[20:27:47.535] [INFO   ] thread dealer step 2.
[20:27:47.535] [INFO   ] thread dealer step 2.
[20:27:47.535] [INFO   ] thread dealer step 2.
[20:27:47.536] [INFO   ] thread dealer step 2.
[20:27:47.536] [INFO   ] thread dealer step 2.
[20:27:47.536] [INFO   ] thread dealer step 2.
[20:27:47.536] [INFO   ] thread dealer step 2.
[20:27:47.536] [INFO   ] thread dealer step 2.
[20:27:47.536] [INFO   ] thread dealer step 3.
[20:27:47.536] [INFO   ] thread dealer step 4.
[20:27:47.536] [INFO   ] thread dealer step 10.
[20:27:47.536] [INFO   ] thread dealer step 11.
[20:27:47.536] [INFO   ] thread dealer step 12.
[20:27:47.536] [INFO   ] thread dealer timer loop 5.
[20:27:47.536] [INFO   ] thread dealer timer loop 1.
[20:27:47.637] [INFO   ] thread dealer timer loop 2.
[20:27:47.637] [SEVERE ] updating countdown to 9652
[20:27:47.637] [INFO   ] thread dealer timer loop 3.
[20:27:47.853] [INFO   ] thread dealer rm 1.
[20:27:47.853] [INFO   ] thread dealer timer loop 4.
[20:27:48.056] [INFO   ] thread dealer step 1.
[20:27:48.056] [SEVERE ] updating countdown to 9233
[20:27:48.056] [INFO   ] thread dealer step 2.
[20:27:48.056] [INFO   ] thread dealer step 2.
[20:27:48.056] [INFO   ] thread dealer step 2.
[20:27:48.056] [INFO   ] thread dealer step 2.
[20:27:48.057] [INFO   ] thread dealer step 2.
[20:27:48.057] [INFO   ] thread dealer step 2.
[20:27:48.057] [INFO   ] thread dealer step 2.
[20:27:48.057] [INFO   ] thread dealer step 2.
[20:27:48.057] [INFO   ] thread dealer step 2.
[20:27:48.057] [INFO   ] thread dealer step 2.
[20:27:48.057] [INFO   ] thread dealer step 2.
[20:27:48.057] [INFO   ] thread dealer step 2.
[20:27:48.057] [INFO   ] thread dealer step 3.
[20:27:48.057] [INFO   ] thread dealer step 4.
[20:27:48.057] [INFO   ] thread dealer step 10.
[20:27:48.057] [INFO   ] thread dealer step 11.
[20:27:48.057] [INFO   ] thread dealer step 12.
[20:27:48.057] [INFO   ] thread dealer timer loop 5.
[20:27:48.057] [INFO   ] thread dealer timer loop 1.
[20:27:48.168] [INFO   ] thread dealer timer loop 2.
[20:27:48.168] [SEVERE ] updating countdown to 9121
[20:27:48.168] [INFO   ] thread dealer timer loop 3.
[20:27:48.371] [INFO   ] thread dealer rm 1.
[20:27:48.371] [INFO   ] thread dealer timer loop 4.
[20:27:48.574] [INFO   ] thread dealer step 1.
[20:27:48.574] [SEVERE ] updating countdown to 8715
[20:27:48.574] [INFO   ] thread dealer step 2.
[20:27:48.574] [INFO   ] thread dealer step 2.
[20:27:48.574] [INFO   ] thread dealer step 2.
[20:27:48.574] [INFO   ] thread dealer step 2.
[20:27:48.575] [INFO   ] thread dealer step 2.
[20:27:48.575] [INFO   ] thread dealer step 2.
[20:27:48.575] [INFO   ] thread dealer step 2.
[20:27:48.575] [INFO   ] thread dealer step 2.
[20:27:48.576] [INFO   ] thread dealer step 2.
[20:27:48.576] [INFO   ] thread dealer step 2.
[20:27:48.576] [INFO   ] thread dealer step 2.
[20:27:48.576] [INFO   ] thread dealer step 2.
[20:27:48.576] [INFO   ] thread dealer step 3.
[20:27:48.576] [INFO   ] thread dealer step 4.
[20:27:48.576] [INFO   ] thread dealer step 10.
[20:27:48.576] [INFO   ] thread dealer step 11.
[20:27:48.576] [INFO   ] thread dealer step 12.
[20:27:48.576] [INFO   ] thread dealer timer loop 5.
[20:27:48.576] [INFO   ] thread dealer timer loop 1.
[20:27:48.689] [INFO   ] thread dealer timer loop 2.
[20:27:48.689] [SEVERE ] updating countdown to 8600
[20:27:48.689] [INFO   ] thread dealer timer loop 3.
[20:27:48.909] [INFO   ] thread dealer rm 1.
[20:27:48.909] [INFO   ] thread dealer timer loop 4.
[20:27:49.115] [INFO   ] thread dealer step 1.
[20:27:49.115] [SEVERE ] updating countdown to 8174
[20:27:49.115] [INFO   ] thread dealer step 2.
[20:27:49.115] [INFO   ] thread dealer step 2.
[20:27:49.115] [INFO   ] thread dealer step 2.
[20:27:49.115] [INFO   ] thread dealer step 2.
[20:27:49.115] [INFO   ] thread dealer step 2.
[20:27:49.115] [INFO   ] thread dealer step 2.
[20:27:49.115] [INFO   ] thread dealer step 2.
[20:27:49.115] [INFO   ] thread dealer step 2.
[20:27:49.115] [INFO   ] thread dealer step 2.
[20:27:49.115] [INFO   ] thread dealer step 2.
[20:27:49.115] [INFO   ] thread dealer step 2.
[20:27:49.115] [INFO   ] thread dealer step 2.
[20:27:49.115] [INFO   ] thread dealer step 3.
[20:27:49.115] [INFO   ] thread dealer step 4.
[20:27:49.115] [INFO   ] thread dealer step 10.
[20:27:49.115] [INFO   ] thread dealer step 11.
[20:27:49.115] [INFO   ] thread dealer step 12.
[20:27:49.115] [INFO   ] thread dealer timer loop 5.
[20:27:49.115] [INFO   ] thread dealer timer loop 1.
[20:27:49.219] [INFO   ] thread dealer timer loop 2.
[20:27:49.219] [SEVERE ] updating countdown to 8070
[20:27:49.219] [INFO   ] thread dealer timer loop 3.
[20:27:49.445] [INFO   ] thread dealer rm 1.
[20:27:49.445] [INFO   ] thread dealer timer loop 4.
[20:27:49.664] [INFO   ] thread dealer step 1.
[20:27:49.664] [SEVERE ] updating countdown to 7625
[20:27:49.664] [INFO   ] thread dealer step 2.
[20:27:49.664] [INFO   ] thread dealer step 2.
[20:27:49.664] [INFO   ] thread dealer step 2.
[20:27:49.664] [INFO   ] thread dealer step 2.
[20:27:49.664] [INFO   ] thread dealer step 2.
[20:27:49.664] [INFO   ] thread dealer step 2.
[20:27:49.664] [INFO   ] thread dealer step 2.
[20:27:49.664] [INFO   ] thread dealer step 2.
[20:27:49.664] [INFO   ] thread dealer step 2.
[20:27:49.664] [INFO   ] thread dealer step 2.
[20:27:49.664] [INFO   ] thread dealer step 2.
[20:27:49.664] [INFO   ] thread dealer step 2.
[20:27:49.664] [INFO   ] thread dealer step 3.
[20:27:49.664] [INFO   ] thread dealer step 4.
[20:27:49.664] [INFO   ] thread dealer step 10.
[20:27:49.664] [INFO   ] thread dealer step 11.
[20:27:49.664] [INFO   ] thread dealer step 12.
[20:27:49.664] [INFO   ] thread dealer timer loop 5.
[20:27:49.664] [INFO   ] thread dealer timer loop 1.
[20:27:49.773] [INFO   ] thread dealer timer loop 2.
[20:27:49.773] [SEVERE ] updating countdown to 7516
[20:27:49.773] [INFO   ] thread dealer timer loop 3.
[20:27:50.005] [INFO   ] thread dealer rm 1.
[20:27:50.005] [INFO   ] thread dealer timer loop 4.
[20:27:50.219] [INFO   ] thread dealer step 1.
[20:27:50.219] [SEVERE ] updating countdown to 7070
[20:27:50.219] [INFO   ] thread dealer step 2.
[20:27:50.219] [INFO   ] thread dealer step 2.
[20:27:50.219] [INFO   ] thread dealer step 2.
[20:27:50.219] [INFO   ] thread dealer step 2.
[20:27:50.219] [INFO   ] thread dealer step 2.
[20:27:50.219] [INFO   ] thread dealer step 2.
[20:27:50.219] [INFO   ] thread dealer step 2.
[20:27:50.219] [INFO   ] thread dealer step 2.
[20:27:50.219] [INFO   ] thread dealer step 2.
[20:27:50.219] [INFO   ] thread dealer step 2.
[20:27:50.219] [INFO   ] thread dealer step 2.
[20:27:50.219] [INFO   ] thread dealer step 2.
[20:27:50.219] [INFO   ] thread dealer step 3.
[20:27:50.219] [INFO   ] thread dealer step 4.
[20:27:50.219] [INFO   ] thread dealer step 10.
[20:27:50.219] [INFO   ] thread dealer step 11.
[20:27:50.219] [INFO   ] thread dealer step 12.
[20:27:50.219] [INFO   ] thread dealer timer loop 5.
[20:27:50.219] [INFO   ] thread dealer timer loop 1.
[20:27:50.323] [INFO   ] thread dealer timer loop 2.
[20:27:50.324] [SEVERE ] updating countdown to 6965
[20:27:50.324] [INFO   ] thread dealer timer loop 3.
[20:27:50.452] [INFO   ] thread AWT-EventQueue-0 terminate 1.
[20:27:50.452] [INFO   ] thread AWT-EventQueue-0 terminate 2.
[20:27:50.452] [INFO   ] thread AWT-EventQueue-0 terminate 3.
[20:27:50.452] [INFO   ] thread Thread-1 player was notified by dealer. the player is: 1there are 0 slots
[20:27:50.453] [INFO   ] thread Thread-1 player was notified by dealer.
[20:27:50.453] [INFO   ] penalty
[20:27:50.453] [SEVERE ] setting player 2 freeze to 0
[20:27:50.453] [INFO   ] thread Thread-1 terminated.
[20:27:50.453] [INFO   ] thread AWT-EventQueue-0 terminate 3.
[20:27:50.453] [INFO   ] thread Thread-0 player was notified by dealer. the player is: 0there are 0 slots
[20:27:50.453] [INFO   ] thread Thread-0 player was notified by dealer.
[20:27:50.453] [INFO   ] penalty
[20:27:50.453] [SEVERE ] setting player 1 freeze to 0
[20:27:50.454] [INFO   ] thread Thread-0 terminated.
[20:27:50.454] [INFO   ] thread AWT-EventQueue-0 terminate 4.
[20:27:50.541] [INFO   ] thread dealer rm 1.
[20:27:50.541] [INFO   ] thread dealer rm 2.
[20:27:50.541] [INFO   ] remove  in the table step 1
[20:27:50.541] [INFO   ] remove  in the table step 2
[20:27:50.541] [INFO   ] thread dealer rm 3.
[20:27:50.541] [INFO   ] thread dealer rm 5.
[20:27:50.541] [INFO   ] thread dealer rm 6.slotQueue.size 0 the player is: 1
[20:27:50.541] [INFO   ] thread dealer rm 7!!!.
[20:27:50.541] [INFO   ] thread dealer terminated.
[20:27:50.541] [SEVERE ] thanks for playing... it was fun!
[20:27:50.541] [INFO   ] thread main terminated.
