[09:46:53.043] [INFO   ] thread main starting.
[09:46:53.049] [SEVERE ] cannot read configuration file config.properties trying from resources.
[09:46:53.051] [SEVERE ] configuration file was loaded from resources directory.
[09:46:53.576] [INFO   ] thread dealer starting.
[09:46:53.576] [INFO   ] thread dealer starting.
[09:46:53.577] [INFO   ] thread Thread-0 starting.
[09:46:53.578] [INFO   ] thread Thread-1 starting.
[09:46:53.578] [SEVERE ] updating countdown to 10000
[09:46:53.584] [INFO   ] thread dealer run step 1.
[09:46:53.906] [SEVERE ] placing card 10 in slot 0
[09:46:54.009] [SEVERE ] placing card 1 in slot 1
[09:46:54.113] [SEVERE ] placing card 41 in slot 2
[09:46:54.224] [SEVERE ] placing card 74 in slot 3
[09:46:54.326] [SEVERE ] placing card 9 in slot 4
[09:46:54.442] [SEVERE ] placing card 5 in slot 5
[09:46:54.543] [SEVERE ] placing card 57 in slot 6
[09:46:54.659] [SEVERE ] placing card 68 in slot 7
[09:46:54.775] [SEVERE ] placing card 59 in slot 8
[09:46:54.877] [SEVERE ] placing card 11 in slot 9
[09:46:54.978] [SEVERE ] placing card 2 in slot 10
[09:46:55.090] [SEVERE ] placing card 80 in slot 11
[09:46:55.090] [INFO   ] thread dealer step 1.
[09:46:55.090] [SEVERE ] updating countdown to 8489
[09:46:55.090] [INFO   ] thread dealer step 2.
[09:46:55.090] [INFO   ] thread dealer step 2.
[09:46:55.090] [INFO   ] thread dealer step 2.
[09:46:55.090] [INFO   ] thread dealer step 2.
[09:46:55.090] [INFO   ] thread dealer step 2.
[09:46:55.090] [INFO   ] thread dealer step 2.
[09:46:55.090] [INFO   ] thread dealer step 2.
[09:46:55.090] [INFO   ] thread dealer step 2.
[09:46:55.090] [INFO   ] thread dealer step 2.
[09:46:55.090] [INFO   ] thread dealer step 2.
[09:46:55.090] [INFO   ] thread dealer step 2.
[09:46:55.090] [INFO   ] thread dealer step 2.
[09:46:55.090] [INFO   ] thread dealer step 3.
[09:46:55.090] [SEVERE ] updating countdown to 8489
[09:46:55.090] [INFO   ] thread dealer step 4.
[09:46:55.090] [INFO   ] thread dealer step 10.
[09:46:55.090] [INFO   ] thread dealer step 11.
[09:46:55.090] [INFO   ] thread dealer step 12.
[09:46:55.090] [INFO   ] thread dealer run step 2.
[09:46:55.090] [INFO   ] thread dealer timer loop 1.
[09:46:56.105] [INFO   ] thread dealer timer loop 2.
[09:46:56.105] [SEVERE ] updating countdown to 7474
[09:46:56.105] [INFO   ] thread dealer timer loop 3.
[09:46:56.324] [INFO   ] thread dealer rm 1.
[09:46:56.324] [INFO   ] thread dealer timer loop 4.
[09:46:56.542] [INFO   ] thread dealer step 1.
[09:46:56.542] [SEVERE ] updating countdown to 7037
[09:46:56.542] [INFO   ] thread dealer step 2.
[09:46:56.542] [INFO   ] thread dealer step 2.
[09:46:56.542] [INFO   ] thread dealer step 2.
[09:46:56.542] [INFO   ] thread dealer step 2.
[09:46:56.542] [INFO   ] thread dealer step 2.
[09:46:56.542] [INFO   ] thread dealer step 2.
[09:46:56.542] [INFO   ] thread dealer step 2.
[09:46:56.542] [INFO   ] thread dealer step 2.
[09:46:56.542] [INFO   ] thread dealer step 2.
[09:46:56.542] [INFO   ] thread dealer step 2.
[09:46:56.542] [INFO   ] thread dealer step 2.
[09:46:56.542] [INFO   ] thread dealer step 2.
[09:46:56.542] [INFO   ] thread dealer step 3.
[09:46:56.542] [SEVERE ] updating countdown to 7037
[09:46:56.542] [INFO   ] thread dealer step 4.
[09:46:56.542] [INFO   ] thread dealer step 10.
[09:46:56.542] [INFO   ] thread dealer step 11.
[09:46:56.542] [INFO   ] thread dealer step 12.
[09:46:56.542] [INFO   ] thread dealer timer loop 5.
[09:46:56.542] [INFO   ] thread dealer timer loop 1.
[09:46:57.544] [INFO   ] thread dealer timer loop 2.
[09:46:57.544] [SEVERE ] updating countdown to 6035
[09:46:57.544] [INFO   ] thread dealer timer loop 3.
[09:46:57.575] [SEVERE ] key 80 was pressed by player 2
[09:46:57.575] [INFO   ] thread AWT-EventQueue-0 kp step 1.
[09:46:57.575] [INFO   ] thread AWT-EventQueue-0 kp step 2.true
[09:46:57.575] [INFO   ] thread AWT-EventQueue-0 kp step 3.
[09:46:57.575] [INFO   ] thread AWT-EventQueue-0 kp step 10.
[09:46:57.575] [INFO   ] thread AWT-EventQueue-0 kp step 11.
[09:46:57.575] [INFO   ] thread AWT-EventQueue-0 kp step 12.
[09:46:57.575] [SEVERE ] player 2 placing token on slot 3
[09:46:57.575] [INFO   ] thread AWT-EventQueue-0 kp step 13.
[09:46:57.575] [INFO   ] thread AWT-EventQueue-0 kp step 14.
[09:46:57.763] [INFO   ] thread dealer rm 1.
[09:46:57.763] [INFO   ] thread dealer timer loop 4.
[09:46:57.982] [INFO   ] thread dealer step 1.
[09:46:57.982] [SEVERE ] updating countdown to 5597
[09:46:57.982] [INFO   ] thread dealer step 2.
[09:46:57.982] [INFO   ] thread dealer step 2.
[09:46:57.982] [INFO   ] thread dealer step 2.
[09:46:57.982] [INFO   ] thread dealer step 2.
[09:46:57.982] [INFO   ] thread dealer step 2.
[09:46:57.982] [INFO   ] thread dealer step 2.
[09:46:57.982] [INFO   ] thread dealer step 2.
[09:46:57.982] [INFO   ] thread dealer step 2.
[09:46:57.982] [INFO   ] thread dealer step 2.
[09:46:57.982] [INFO   ] thread dealer step 2.
[09:46:57.982] [INFO   ] thread dealer step 2.
[09:46:57.982] [INFO   ] thread dealer step 2.
[09:46:57.982] [INFO   ] thread dealer step 3.
[09:46:57.982] [SEVERE ] updating countdown to 5597
[09:46:57.982] [INFO   ] thread dealer step 4.
[09:46:57.982] [INFO   ] thread dealer step 10.
[09:46:57.982] [INFO   ] thread dealer step 11.
[09:46:57.982] [INFO   ] thread dealer step 12.
[09:46:57.982] [INFO   ] thread dealer timer loop 5.
[09:46:57.982] [INFO   ] thread dealer timer loop 1.
[09:46:58.640] [SEVERE ] key 79 was pressed by player 2
[09:46:58.640] [INFO   ] thread AWT-EventQueue-0 kp step 1.
[09:46:58.640] [INFO   ] thread AWT-EventQueue-0 kp step 2.true
[09:46:58.640] [INFO   ] thread AWT-EventQueue-0 kp step 3.
[09:46:58.640] [INFO   ] thread AWT-EventQueue-0 kp step 4.
[09:46:58.640] [INFO   ] thread AWT-EventQueue-0 kp step 5.
[09:46:58.640] [INFO   ] thread AWT-EventQueue-0 kp step 6.
[09:46:58.640] [INFO   ] thread AWT-EventQueue-0 kp step 7.
[09:46:58.640] [INFO   ] thread AWT-EventQueue-0 kp step 10.
[09:46:58.640] [INFO   ] thread AWT-EventQueue-0 kp step 11.
[09:46:58.640] [INFO   ] thread AWT-EventQueue-0 kp step 12.
[09:46:58.640] [SEVERE ] player 2 placing token on slot 2
[09:46:58.640] [INFO   ] thread AWT-EventQueue-0 kp step 13.
[09:46:58.640] [INFO   ] thread AWT-EventQueue-0 kp step 14.
[09:46:58.983] [INFO   ] thread dealer timer loop 2.
[09:46:58.983] [INFO   ] thread dealer timer loop 3.
[09:46:59.202] [INFO   ] thread dealer rm 1.
[09:46:59.202] [INFO   ] thread dealer timer loop 4.
[09:46:59.421] [INFO   ] thread dealer step 1.
[09:46:59.421] [INFO   ] thread dealer step 2.
[09:46:59.421] [INFO   ] thread dealer step 2.
[09:46:59.421] [INFO   ] thread dealer step 2.
[09:46:59.421] [INFO   ] thread dealer step 2.
[09:46:59.421] [INFO   ] thread dealer step 2.
[09:46:59.421] [INFO   ] thread dealer step 2.
[09:46:59.421] [INFO   ] thread dealer step 2.
[09:46:59.421] [INFO   ] thread dealer step 2.
[09:46:59.421] [INFO   ] thread dealer step 2.
[09:46:59.421] [INFO   ] thread dealer step 2.
[09:46:59.421] [INFO   ] thread dealer step 2.
[09:46:59.421] [INFO   ] thread dealer step 2.
[09:46:59.421] [INFO   ] thread dealer step 3.
[09:46:59.421] [INFO   ] thread dealer step 4.
[09:46:59.421] [INFO   ] thread dealer step 10.
[09:46:59.421] [INFO   ] thread dealer step 11.
[09:46:59.421] [INFO   ] thread dealer step 12.
[09:46:59.421] [INFO   ] thread dealer timer loop 5.
[09:46:59.421] [INFO   ] thread dealer timer loop 1.
[09:46:59.437] [INFO   ] thread dealer timer loop 2.
[09:46:59.437] [INFO   ] thread dealer timer loop 3.
[09:46:59.548] [SEVERE ] key 73 was pressed by player 2
[09:46:59.548] [INFO   ] thread AWT-EventQueue-0 kp step 1.
[09:46:59.548] [INFO   ] thread AWT-EventQueue-0 kp step 2.true
[09:46:59.548] [INFO   ] thread AWT-EventQueue-0 kp step 3.
[09:46:59.548] [INFO   ] thread AWT-EventQueue-0 kp step 4.
[09:46:59.548] [INFO   ] thread AWT-EventQueue-0 kp step 5.
[09:46:59.548] [INFO   ] thread AWT-EventQueue-0 kp step 6.
[09:46:59.548] [INFO   ] thread AWT-EventQueue-0 kp step 7.
[09:46:59.548] [INFO   ] thread AWT-EventQueue-0 kp step 4.
[09:46:59.548] [INFO   ] thread AWT-EventQueue-0 kp step 5.
[09:46:59.548] [INFO   ] thread AWT-EventQueue-0 kp step 6.
[09:46:59.548] [INFO   ] thread AWT-EventQueue-0 kp step 7.
[09:46:59.548] [INFO   ] thread AWT-EventQueue-0 kp step 10.
[09:46:59.548] [INFO   ] thread AWT-EventQueue-0 kp step 11.
[09:46:59.548] [INFO   ] thread AWT-EventQueue-0 kp step 12.
[09:46:59.548] [SEVERE ] player 2 placing token on slot 1
[09:46:59.548] [INFO   ] thread AWT-EventQueue-0 kp step 13.
[09:46:59.548] [INFO   ] thread AWT-EventQueue-0 kp step 14.
[09:46:59.548] [INFO   ] thread AWT-EventQueue-0 kp step 15.
[09:46:59.548] [INFO   ] thread AWT-EventQueue-0 kp step 16.
[09:46:59.658] [INFO   ] thread dealer rm 1.
[09:46:59.658] [INFO   ] thread dealer rm 2.
[09:46:59.658] [INFO   ] remove  in the table step 1
[09:46:59.658] [INFO   ] remove  in the table step 2
[09:46:59.658] [INFO   ] thread dealer rm 3.
[09:46:59.658] [INFO   ] thread dealer rm 5.
[09:46:59.658] [INFO   ] thread dealer rm 6.slotQueue.size 3
[09:46:59.658] [INFO   ] thread dealer rm 7!!!.
[09:46:59.658] [INFO   ] thread dealer rm 8 !!!!.
[09:46:59.658] [SEVERE ] removing player 2 token from slot 3
[09:46:59.658] [INFO   ] thread dealer rm 8.5 !!!!.
[09:46:59.658] [INFO   ] thread dealer rm 9.
[09:46:59.658] [INFO   ] thread dealer rm 6.slotQueue.size 2
[09:46:59.658] [INFO   ] thread dealer rm 7!!!.
[09:46:59.658] [INFO   ] thread dealer rm 8 !!!!.
[09:46:59.658] [SEVERE ] removing player 2 token from slot 2
[09:46:59.658] [INFO   ] thread dealer rm 8.5 !!!!.
[09:46:59.658] [INFO   ] thread dealer rm 9.
[09:46:59.658] [INFO   ] thread dealer rm 17.
[09:46:59.658] [INFO   ] thread dealer rm 18.
[09:46:59.658] [INFO   ] thread dealerrm 19 .
[09:46:59.658] [INFO   ] thread dealer rm 20.
[09:46:59.658] [INFO   ] thread dealer rm 22.
[09:46:59.658] [INFO   ] thread dealer rm 23.
[09:46:59.658] [INFO   ] thread dealer timer loop 4.
[09:46:59.658] [INFO   ] thread Thread-1 player was notified by dealer.
[09:46:59.663] [INFO   ] penalty
[09:46:59.663] [SEVERE ] setting player 2 freeze to 3000
[09:46:59.880] [INFO   ] thread dealer step 1.
[09:46:59.881] [INFO   ] thread dealer step 2.
[09:46:59.881] [INFO   ] thread dealer step 2.
[09:46:59.881] [INFO   ] thread dealer step 2.
[09:46:59.881] [INFO   ] thread dealer step 2.
[09:46:59.881] [INFO   ] thread dealer step 2.
[09:46:59.881] [INFO   ] thread dealer step 2.
[09:46:59.881] [INFO   ] thread dealer step 2.
[09:46:59.881] [INFO   ] thread dealer step 2.
[09:46:59.881] [INFO   ] thread dealer step 2.
[09:46:59.881] [INFO   ] thread dealer step 2.
[09:46:59.881] [INFO   ] thread dealer step 2.
[09:46:59.881] [INFO   ] thread dealer step 2.
[09:46:59.881] [INFO   ] thread dealer step 3.
[09:46:59.882] [INFO   ] thread dealer step 4.
[09:46:59.883] [INFO   ] thread dealer step 10.
[09:46:59.883] [INFO   ] thread dealer step 11.
[09:46:59.883] [INFO   ] thread dealer step 12.
[09:46:59.883] [INFO   ] thread dealer timer loop 5.
[09:46:59.883] [INFO   ] thread dealer timer loop 1.
[09:46:59.896] [INFO   ] thread dealer timer loop 2.
[09:46:59.897] [INFO   ] thread dealer timer loop 3.
[09:47:00.115] [INFO   ] thread dealer rm 1.
[09:47:00.117] [INFO   ] thread dealer timer loop 4.
[09:47:00.335] [INFO   ] thread dealer step 1.
[09:47:00.335] [INFO   ] thread dealer step 2.
[09:47:00.335] [INFO   ] thread dealer step 2.
[09:47:00.335] [INFO   ] thread dealer step 2.
[09:47:00.335] [INFO   ] thread dealer step 2.
[09:47:00.335] [INFO   ] thread dealer step 2.
[09:47:00.335] [INFO   ] thread dealer step 2.
[09:47:00.335] [INFO   ] thread dealer step 2.
[09:47:00.335] [INFO   ] thread dealer step 2.
[09:47:00.335] [INFO   ] thread dealer step 2.
[09:47:00.335] [INFO   ] thread dealer step 2.
[09:47:00.335] [INFO   ] thread dealer step 2.
[09:47:00.335] [INFO   ] thread dealer step 2.
[09:47:00.335] [INFO   ] thread dealer step 3.
[09:47:00.335] [INFO   ] thread dealer step 4.
[09:47:00.335] [INFO   ] thread dealer step 10.
[09:47:00.335] [INFO   ] thread dealer step 11.
[09:47:00.335] [INFO   ] thread dealer step 12.
[09:47:00.335] [INFO   ] thread dealer timer loop 5.
[09:47:00.335] [INFO   ] thread dealer timer loop 1.
[09:47:00.351] [INFO   ] thread dealer timer loop 2.
[09:47:00.351] [INFO   ] thread dealer timer loop 3.
[09:47:00.570] [INFO   ] thread dealer rm 1.
[09:47:00.570] [INFO   ] thread dealer timer loop 4.
[09:47:00.665] [SEVERE ] setting player 2 freeze to 2000
[09:47:00.790] [INFO   ] thread dealer step 1.
[09:47:00.790] [INFO   ] thread dealer step 2.
[09:47:00.790] [INFO   ] thread dealer step 2.
[09:47:00.790] [INFO   ] thread dealer step 2.
[09:47:00.790] [INFO   ] thread dealer step 2.
[09:47:00.790] [INFO   ] thread dealer step 2.
[09:47:00.790] [INFO   ] thread dealer step 2.
[09:47:00.790] [INFO   ] thread dealer step 2.
[09:47:00.790] [INFO   ] thread dealer step 2.
[09:47:00.790] [INFO   ] thread dealer step 2.
[09:47:00.790] [INFO   ] thread dealer step 2.
[09:47:00.790] [INFO   ] thread dealer step 2.
[09:47:00.790] [INFO   ] thread dealer step 2.
[09:47:00.790] [INFO   ] thread dealer step 3.
[09:47:00.790] [INFO   ] thread dealer step 4.
[09:47:00.790] [INFO   ] thread dealer step 10.
[09:47:00.790] [INFO   ] thread dealer step 11.
[09:47:00.790] [INFO   ] thread dealer step 12.
[09:47:00.790] [INFO   ] thread dealer timer loop 5.
[09:47:00.790] [INFO   ] thread dealer timer loop 1.
[09:47:00.806] [INFO   ] thread dealer timer loop 2.
[09:47:00.806] [INFO   ] thread dealer timer loop 3.
[09:47:01.024] [INFO   ] thread dealer rm 1.
[09:47:01.024] [INFO   ] thread dealer timer loop 4.
[09:47:01.243] [INFO   ] thread dealer step 1.
[09:47:01.243] [INFO   ] thread dealer step 2.
[09:47:01.243] [INFO   ] thread dealer step 2.
[09:47:01.243] [INFO   ] thread dealer step 2.
[09:47:01.243] [INFO   ] thread dealer step 2.
[09:47:01.243] [INFO   ] thread dealer step 2.
[09:47:01.243] [INFO   ] thread dealer step 2.
[09:47:01.243] [INFO   ] thread dealer step 2.
[09:47:01.243] [INFO   ] thread dealer step 2.
[09:47:01.244] [INFO   ] thread dealer step 2.
[09:47:01.244] [INFO   ] thread dealer step 2.
[09:47:01.244] [INFO   ] thread dealer step 2.
[09:47:01.244] [INFO   ] thread dealer step 2.
[09:47:01.244] [INFO   ] thread dealer step 3.
[09:47:01.244] [INFO   ] thread dealer step 4.
[09:47:01.244] [INFO   ] thread dealer step 10.
[09:47:01.244] [INFO   ] thread dealer step 11.
[09:47:01.244] [INFO   ] thread dealer step 12.
[09:47:01.244] [INFO   ] thread dealer timer loop 5.
[09:47:01.244] [INFO   ] thread dealer timer loop 1.
[09:47:01.258] [INFO   ] thread dealer timer loop 2.
[09:47:01.258] [INFO   ] thread dealer timer loop 3.
[09:47:01.478] [INFO   ] thread dealer rm 1.
[09:47:01.478] [INFO   ] thread dealer timer loop 4.
[09:47:01.667] [SEVERE ] setting player 2 freeze to 1000
[09:47:01.698] [INFO   ] thread dealer step 1.
[09:47:01.698] [INFO   ] thread dealer step 2.
[09:47:01.698] [INFO   ] thread dealer step 2.
[09:47:01.698] [INFO   ] thread dealer step 2.
[09:47:01.698] [INFO   ] thread dealer step 2.
[09:47:01.698] [INFO   ] thread dealer step 2.
[09:47:01.698] [INFO   ] thread dealer step 2.
[09:47:01.698] [INFO   ] thread dealer step 2.
[09:47:01.698] [INFO   ] thread dealer step 2.
[09:47:01.698] [INFO   ] thread dealer step 2.
[09:47:01.698] [INFO   ] thread dealer step 2.
[09:47:01.698] [INFO   ] thread dealer step 2.
[09:47:01.698] [INFO   ] thread dealer step 2.
[09:47:01.698] [INFO   ] thread dealer step 3.
[09:47:01.698] [INFO   ] thread dealer step 4.
[09:47:01.698] [INFO   ] thread dealer step 10.
[09:47:01.698] [INFO   ] thread dealer step 11.
[09:47:01.698] [INFO   ] thread dealer step 12.
[09:47:01.698] [INFO   ] thread dealer timer loop 5.
[09:47:01.698] [INFO   ] thread dealer timer loop 1.
[09:47:01.714] [INFO   ] thread dealer timer loop 2.
[09:47:01.714] [INFO   ] thread dealer timer loop 3.
[09:47:01.934] [INFO   ] thread dealer rm 1.
[09:47:01.934] [INFO   ] thread dealer timer loop 4.
[09:47:02.152] [INFO   ] thread dealer step 1.
[09:47:02.152] [INFO   ] thread dealer step 2.
[09:47:02.152] [INFO   ] thread dealer step 2.
[09:47:02.152] [INFO   ] thread dealer step 2.
[09:47:02.152] [INFO   ] thread dealer step 2.
[09:47:02.152] [INFO   ] thread dealer step 2.
[09:47:02.152] [INFO   ] thread dealer step 2.
[09:47:02.152] [INFO   ] thread dealer step 2.
[09:47:02.152] [INFO   ] thread dealer step 2.
[09:47:02.152] [INFO   ] thread dealer step 2.
[09:47:02.152] [INFO   ] thread dealer step 2.
[09:47:02.152] [INFO   ] thread dealer step 2.
[09:47:02.152] [INFO   ] thread dealer step 2.
[09:47:02.152] [INFO   ] thread dealer step 3.
[09:47:02.152] [INFO   ] thread dealer step 4.
[09:47:02.152] [INFO   ] thread dealer step 10.
[09:47:02.152] [INFO   ] thread dealer step 11.
[09:47:02.152] [INFO   ] thread dealer step 12.
[09:47:02.152] [INFO   ] thread dealer timer loop 5.
[09:47:02.152] [INFO   ] thread dealer timer loop 1.
[09:47:02.168] [INFO   ] thread dealer timer loop 2.
[09:47:02.168] [INFO   ] thread dealer timer loop 3.
[09:47:02.387] [INFO   ] thread dealer rm 1.
[09:47:02.387] [INFO   ] thread dealer timer loop 4.
[09:47:02.605] [INFO   ] thread dealer step 1.
[09:47:02.605] [INFO   ] thread dealer step 2.
[09:47:02.605] [INFO   ] thread dealer step 2.
[09:47:02.605] [INFO   ] thread dealer step 2.
[09:47:02.605] [INFO   ] thread dealer step 2.
[09:47:02.605] [INFO   ] thread dealer step 2.
[09:47:02.605] [INFO   ] thread dealer step 2.
[09:47:02.605] [INFO   ] thread dealer step 2.
[09:47:02.605] [INFO   ] thread dealer step 2.
[09:47:02.605] [INFO   ] thread dealer step 2.
[09:47:02.605] [INFO   ] thread dealer step 2.
[09:47:02.605] [INFO   ] thread dealer step 2.
[09:47:02.605] [INFO   ] thread dealer step 2.
[09:47:02.605] [INFO   ] thread dealer step 3.
[09:47:02.605] [INFO   ] thread dealer step 4.
[09:47:02.605] [INFO   ] thread dealer step 10.
[09:47:02.605] [INFO   ] thread dealer step 11.
[09:47:02.605] [INFO   ] thread dealer step 12.
[09:47:02.605] [INFO   ] thread dealer timer loop 5.
[09:47:02.605] [INFO   ] thread dealer timer loop 1.
[09:47:02.621] [INFO   ] thread dealer timer loop 2.
[09:47:02.622] [INFO   ] thread dealer timer loop 3.
[09:47:02.669] [SEVERE ] setting player 2 freeze to 0
[09:47:02.840] [INFO   ] thread dealer rm 1.
[09:47:02.840] [INFO   ] thread dealer timer loop 4.
[09:47:03.059] [INFO   ] thread dealer step 1.
[09:47:03.059] [INFO   ] thread dealer step 2.
[09:47:03.059] [INFO   ] thread dealer step 2.
[09:47:03.059] [INFO   ] thread dealer step 2.
[09:47:03.059] [INFO   ] thread dealer step 2.
[09:47:03.059] [INFO   ] thread dealer step 2.
[09:47:03.059] [INFO   ] thread dealer step 2.
[09:47:03.059] [INFO   ] thread dealer step 2.
[09:47:03.059] [INFO   ] thread dealer step 2.
[09:47:03.059] [INFO   ] thread dealer step 2.
[09:47:03.059] [INFO   ] thread dealer step 2.
[09:47:03.059] [INFO   ] thread dealer step 2.
[09:47:03.059] [INFO   ] thread dealer step 2.
[09:47:03.059] [INFO   ] thread dealer step 3.
[09:47:03.059] [INFO   ] thread dealer step 4.
[09:47:03.059] [INFO   ] thread dealer step 10.
[09:47:03.059] [INFO   ] thread dealer step 11.
[09:47:03.059] [INFO   ] thread dealer step 12.
[09:47:03.059] [INFO   ] thread dealer timer loop 5.
[09:47:03.059] [INFO   ] thread dealer timer loop 1.
[09:47:03.075] [INFO   ] thread dealer timer loop 2.
[09:47:03.075] [INFO   ] thread dealer timer loop 3.
[09:47:03.294] [INFO   ] thread dealer rm 1.
[09:47:03.294] [INFO   ] thread dealer timer loop 4.
[09:47:03.512] [INFO   ] thread dealer step 1.
[09:47:03.512] [INFO   ] thread dealer step 2.
[09:47:03.512] [INFO   ] thread dealer step 2.
[09:47:03.512] [INFO   ] thread dealer step 2.
[09:47:03.512] [INFO   ] thread dealer step 2.
[09:47:03.512] [INFO   ] thread dealer step 2.
[09:47:03.512] [INFO   ] thread dealer step 2.
[09:47:03.512] [INFO   ] thread dealer step 2.
[09:47:03.512] [INFO   ] thread dealer step 2.
[09:47:03.512] [INFO   ] thread dealer step 2.
[09:47:03.512] [INFO   ] thread dealer step 2.
[09:47:03.512] [INFO   ] thread dealer step 2.
[09:47:03.512] [INFO   ] thread dealer step 2.
[09:47:03.512] [INFO   ] thread dealer step 3.
[09:47:03.512] [INFO   ] thread dealer step 4.
[09:47:03.512] [INFO   ] thread dealer step 10.
[09:47:03.512] [INFO   ] thread dealer step 11.
[09:47:03.512] [INFO   ] thread dealer step 12.
[09:47:03.512] [INFO   ] thread dealer timer loop 5.
[09:47:03.512] [INFO   ] thread dealer timer loop 1.
[09:47:03.528] [INFO   ] thread dealer timer loop 2.
[09:47:03.528] [INFO   ] thread dealer timer loop 3.
[09:47:03.747] [INFO   ] thread dealer rm 1.
[09:47:03.747] [INFO   ] thread dealer timer loop 4.
[09:47:03.966] [INFO   ] thread dealer step 1.
[09:47:03.966] [INFO   ] thread dealer step 2.
[09:47:03.966] [INFO   ] thread dealer step 2.
[09:47:03.966] [INFO   ] thread dealer step 2.
[09:47:03.966] [INFO   ] thread dealer step 2.
[09:47:03.966] [INFO   ] thread dealer step 2.
[09:47:03.966] [INFO   ] thread dealer step 2.
[09:47:03.966] [INFO   ] thread dealer step 2.
[09:47:03.966] [INFO   ] thread dealer step 2.
[09:47:03.966] [INFO   ] thread dealer step 2.
[09:47:03.966] [INFO   ] thread dealer step 2.
[09:47:03.966] [INFO   ] thread dealer step 2.
[09:47:03.966] [INFO   ] thread dealer step 2.
[09:47:03.966] [INFO   ] thread dealer step 3.
[09:47:03.966] [INFO   ] thread dealer step 4.
[09:47:03.966] [INFO   ] thread dealer step 10.
[09:47:03.966] [INFO   ] thread dealer step 11.
[09:47:03.966] [INFO   ] thread dealer step 12.
[09:47:03.966] [INFO   ] thread dealer timer loop 5.
[09:47:03.966] [INFO   ] thread dealer run step 3.
[09:47:03.966] [SEVERE ] updating countdown to 10000
[09:47:04.184] [SEVERE ] removing player 2 token from slot 1
[09:47:04.184] [SEVERE ] updating countdown to 9782
[09:47:04.295] [SEVERE ] removing card from slot 0
[09:47:04.404] [SEVERE ] removing card from slot 1
[09:47:04.513] [SEVERE ] removing card from slot 2
[09:47:04.623] [SEVERE ] removing card from slot 3
[09:47:04.732] [SEVERE ] removing card from slot 4
[09:47:04.842] [SEVERE ] removing card from slot 5
[09:47:04.951] [SEVERE ] removing card from slot 6
[09:47:05.061] [SEVERE ] removing card from slot 7
[09:47:05.171] [SEVERE ] removing card from slot 8
[09:47:05.280] [SEVERE ] removing card from slot 9
[09:47:05.390] [SEVERE ] removing card from slot 10
[09:47:05.499] [SEVERE ] removing card from slot 11
[09:47:05.499] [INFO   ] thread dealer run step 1.
[09:47:05.827] [SEVERE ] placing card 70 in slot 0
[09:47:05.936] [SEVERE ] placing card 20 in slot 1
[09:47:06.045] [SEVERE ] placing card 30 in slot 2
[09:47:06.155] [SEVERE ] placing card 78 in slot 3
[09:47:06.265] [SEVERE ] placing card 33 in slot 4
[09:47:06.374] [SEVERE ] placing card 38 in slot 5
[09:47:06.485] [SEVERE ] placing card 60 in slot 6
[09:47:06.595] [SEVERE ] placing card 18 in slot 7
[09:47:06.704] [SEVERE ] placing card 76 in slot 8
[09:47:06.814] [SEVERE ] placing card 9 in slot 9
[09:47:06.923] [SEVERE ] placing card 43 in slot 10
[09:47:07.033] [SEVERE ] placing card 58 in slot 11
[09:47:07.033] [INFO   ] thread dealer step 1.
[09:47:07.033] [SEVERE ] updating countdown to 6933
[09:47:07.033] [INFO   ] thread dealer step 2.
[09:47:07.033] [INFO   ] thread dealer step 2.
[09:47:07.033] [INFO   ] thread dealer step 2.
[09:47:07.033] [INFO   ] thread dealer step 2.
[09:47:07.033] [INFO   ] thread dealer step 2.
[09:47:07.033] [INFO   ] thread dealer step 2.
[09:47:07.033] [INFO   ] thread dealer step 2.
[09:47:07.033] [INFO   ] thread dealer step 2.
[09:47:07.033] [INFO   ] thread dealer step 2.
[09:47:07.033] [INFO   ] thread dealer step 2.
[09:47:07.033] [INFO   ] thread dealer step 2.
[09:47:07.033] [INFO   ] thread dealer step 2.
[09:47:07.033] [INFO   ] thread dealer step 3.
[09:47:07.033] [SEVERE ] updating countdown to 6933
[09:47:07.033] [INFO   ] thread dealer step 4.
[09:47:07.033] [INFO   ] thread dealer step 10.
[09:47:07.033] [INFO   ] thread dealer step 11.
[09:47:07.033] [INFO   ] thread dealer step 12.
[09:47:07.033] [INFO   ] thread dealer run step 2.
[09:47:07.033] [INFO   ] thread dealer timer loop 1.
[09:47:08.037] [INFO   ] thread dealer timer loop 2.
[09:47:08.037] [SEVERE ] updating countdown to 5929
[09:47:08.037] [INFO   ] thread dealer timer loop 3.
[09:47:08.258] [INFO   ] thread dealer rm 1.
[09:47:08.258] [INFO   ] thread dealer timer loop 4.
[09:47:08.352] [SEVERE ] exit button pressed
[09:47:08.476] [INFO   ] thread dealer step 1.
[09:47:08.476] [SEVERE ] updating countdown to 5490
[09:47:08.476] [INFO   ] thread dealer step 2.
[09:47:08.476] [INFO   ] thread dealer step 2.
[09:47:08.476] [INFO   ] thread dealer step 2.
[09:47:08.476] [INFO   ] thread dealer step 2.
[09:47:08.476] [INFO   ] thread dealer step 2.
[09:47:08.476] [INFO   ] thread dealer step 2.
[09:47:08.476] [INFO   ] thread dealer step 2.
[09:47:08.476] [INFO   ] thread dealer step 2.
[09:47:08.476] [INFO   ] thread dealer step 2.
[09:47:08.476] [INFO   ] thread dealer step 2.
[09:47:08.476] [INFO   ] thread dealer step 2.
[09:47:08.476] [INFO   ] thread dealer step 2.
[09:47:08.476] [INFO   ] thread dealer step 3.
[09:47:08.476] [SEVERE ] updating countdown to 5490
[09:47:08.476] [INFO   ] thread dealer step 4.
[09:47:08.476] [INFO   ] thread dealer step 10.
[09:47:08.476] [INFO   ] thread dealer step 11.
[09:47:08.476] [INFO   ] thread dealer step 12.
[09:47:08.476] [INFO   ] thread dealer timer loop 5.
[09:47:08.478] [INFO   ] thread dealer timer loop 1.
[09:47:09.479] [INFO   ] thread dealer timer loop 2.
[09:47:09.479] [INFO   ] thread dealer timer loop 3.
[09:47:09.695] [INFO   ] thread dealer rm 1.
[09:47:09.695] [INFO   ] thread dealer timer loop 4.
[09:47:09.911] [INFO   ] thread dealer step 1.
[09:47:09.911] [INFO   ] thread dealer step 2.
[09:47:09.911] [INFO   ] thread dealer step 2.
[09:47:09.911] [INFO   ] thread dealer step 2.
[09:47:09.911] [INFO   ] thread dealer step 2.
[09:47:09.911] [INFO   ] thread dealer step 2.
[09:47:09.911] [INFO   ] thread dealer step 2.
[09:47:09.911] [INFO   ] thread dealer step 2.
[09:47:09.911] [INFO   ] thread dealer step 2.
[09:47:09.911] [INFO   ] thread dealer step 2.
[09:47:09.911] [INFO   ] thread dealer step 2.
[09:47:09.911] [INFO   ] thread dealer step 2.
[09:47:09.911] [INFO   ] thread dealer step 2.
[09:47:09.911] [INFO   ] thread dealer step 3.
[09:47:09.911] [INFO   ] thread dealer step 4.
[09:47:09.911] [INFO   ] thread dealer step 10.
[09:47:09.911] [INFO   ] thread dealer step 11.
[09:47:09.912] [INFO   ] thread dealer step 12.
[09:47:09.912] [INFO   ] thread dealer timer loop 5.
[09:47:09.912] [INFO   ] thread dealer timer loop 1.
[09:47:09.926] [INFO   ] thread dealer timer loop 2.
[09:47:09.926] [INFO   ] thread dealer timer loop 3.
