[09:48:24.958] [INFO   ] thread main starting.
[09:48:24.966] [SEVERE ] cannot read configuration file config.properties trying from resources.
[09:48:24.969] [SEVERE ] configuration file was loaded from resources directory.
[09:48:25.514] [INFO   ] thread dealer starting.
[09:48:25.516] [INFO   ] thread dealer starting.
[09:48:25.517] [INFO   ] thread Thread-0 starting.
[09:48:25.517] [INFO   ] thread Thread-1 starting.
[09:48:25.518] [SEVERE ] updating countdown to 10000
[09:48:25.523] [INFO   ] thread dealer run step 1.
[09:48:25.851] [SEVERE ] placing card 68 in slot 0
[09:48:25.968] [SEVERE ] placing card 31 in slot 1
[09:48:26.072] [SEVERE ] placing card 4 in slot 2
[09:48:26.184] [SEVERE ] placing card 23 in slot 3
[09:48:26.285] [SEVERE ] placing card 55 in slot 4
[09:48:26.389] [SEVERE ] placing card 34 in slot 5
[09:48:26.503] [SEVERE ] placing card 64 in slot 6
[09:48:26.619] [SEVERE ] placing card 1 in slot 7
[09:48:26.736] [SEVERE ] placing card 43 in slot 8
[09:48:26.838] [SEVERE ] placing card 2 in slot 9
[09:48:26.944] [SEVERE ] placing card 12 in slot 10
[09:48:27.048] [SEVERE ] placing card 54 in slot 11
[09:48:27.048] [INFO   ] thread dealer step 1.
[09:48:27.048] [SEVERE ] updating countdown to 8471
[09:48:27.048] [INFO   ] thread dealer step 2.
[09:48:27.048] [INFO   ] thread dealer step 2.
[09:48:27.048] [INFO   ] thread dealer step 2.
[09:48:27.048] [INFO   ] thread dealer step 2.
[09:48:27.048] [INFO   ] thread dealer step 2.
[09:48:27.048] [INFO   ] thread dealer step 2.
[09:48:27.048] [INFO   ] thread dealer step 2.
[09:48:27.048] [INFO   ] thread dealer step 2.
[09:48:27.048] [INFO   ] thread dealer step 2.
[09:48:27.048] [INFO   ] thread dealer step 2.
[09:48:27.048] [INFO   ] thread dealer step 2.
[09:48:27.048] [INFO   ] thread dealer step 2.
[09:48:27.048] [INFO   ] thread dealer step 3.
[09:48:27.048] [SEVERE ] updating countdown to 8471
[09:48:27.048] [INFO   ] thread dealer step 4.
[09:48:27.048] [INFO   ] thread dealer step 10.
[09:48:27.048] [INFO   ] thread dealer step 11.
[09:48:27.048] [INFO   ] thread dealer step 12.
[09:48:27.048] [INFO   ] thread dealer run step 2.
[09:48:27.048] [INFO   ] thread dealer timer loop 1.
[09:48:28.051] [INFO   ] thread dealer timer loop 2.
[09:48:28.051] [SEVERE ] updating countdown to 7468
[09:48:28.051] [INFO   ] thread dealer timer loop 3.
[09:48:28.270] [INFO   ] thread dealer rm 1.
[09:48:28.270] [INFO   ] thread dealer timer loop 4.
[09:48:28.489] [INFO   ] thread dealer step 1.
[09:48:28.489] [SEVERE ] updating countdown to 7030
[09:48:28.489] [INFO   ] thread dealer step 2.
[09:48:28.489] [INFO   ] thread dealer step 2.
[09:48:28.489] [INFO   ] thread dealer step 2.
[09:48:28.489] [INFO   ] thread dealer step 2.
[09:48:28.489] [INFO   ] thread dealer step 2.
[09:48:28.489] [INFO   ] thread dealer step 2.
[09:48:28.489] [INFO   ] thread dealer step 2.
[09:48:28.489] [INFO   ] thread dealer step 2.
[09:48:28.489] [INFO   ] thread dealer step 2.
[09:48:28.489] [INFO   ] thread dealer step 2.
[09:48:28.489] [INFO   ] thread dealer step 2.
[09:48:28.489] [INFO   ] thread dealer step 2.
[09:48:28.489] [INFO   ] thread dealer step 3.
[09:48:28.489] [SEVERE ] updating countdown to 7030
[09:48:28.489] [INFO   ] thread dealer step 4.
[09:48:28.489] [INFO   ] thread dealer step 10.
[09:48:28.489] [INFO   ] thread dealer step 11.
[09:48:28.489] [INFO   ] thread dealer step 12.
[09:48:28.489] [INFO   ] thread dealer timer loop 5.
[09:48:28.489] [INFO   ] thread dealer timer loop 1.
[09:48:29.474] [SEVERE ] key 80 was pressed by player 2
[09:48:29.474] [INFO   ] thread AWT-EventQueue-0 kp step 1.
[09:48:29.474] [INFO   ] thread AWT-EventQueue-0 kp step 2.true
[09:48:29.474] [INFO   ] thread AWT-EventQueue-0 kp step 3.
[09:48:29.474] [INFO   ] thread AWT-EventQueue-0 kp step 10.
[09:48:29.474] [INFO   ] thread AWT-EventQueue-0 kp step 11.
[09:48:29.474] [INFO   ] thread AWT-EventQueue-0 kp step 12.
[09:48:29.474] [SEVERE ] player 2 placing token on slot 3
[09:48:29.474] [INFO   ] thread AWT-EventQueue-0 kp step 13.
[09:48:29.474] [INFO   ] thread AWT-EventQueue-0 kp step 14.
[09:48:29.505] [INFO   ] thread dealer timer loop 2.
[09:48:29.505] [SEVERE ] updating countdown to 6014
[09:48:29.505] [INFO   ] thread dealer timer loop 3.
[09:48:29.724] [INFO   ] thread dealer rm 1.
[09:48:29.724] [INFO   ] thread dealer timer loop 4.
[09:48:29.942] [INFO   ] thread dealer step 1.
[09:48:29.942] [SEVERE ] updating countdown to 5577
[09:48:29.943] [INFO   ] thread dealer step 2.
[09:48:29.943] [INFO   ] thread dealer step 2.
[09:48:29.943] [INFO   ] thread dealer step 2.
[09:48:29.943] [INFO   ] thread dealer step 2.
[09:48:29.943] [INFO   ] thread dealer step 2.
[09:48:29.943] [INFO   ] thread dealer step 2.
[09:48:29.943] [INFO   ] thread dealer step 2.
[09:48:29.944] [INFO   ] thread dealer step 2.
[09:48:29.944] [INFO   ] thread dealer step 2.
[09:48:29.944] [INFO   ] thread dealer step 2.
[09:48:29.944] [INFO   ] thread dealer step 2.
[09:48:29.944] [INFO   ] thread dealer step 2.
[09:48:29.944] [INFO   ] thread dealer step 3.
[09:48:29.944] [SEVERE ] updating countdown to 5575
[09:48:29.946] [INFO   ] thread dealer step 4.
[09:48:29.946] [INFO   ] thread dealer step 10.
[09:48:29.946] [INFO   ] thread dealer step 11.
[09:48:29.946] [INFO   ] thread dealer step 12.
[09:48:29.946] [INFO   ] thread dealer timer loop 5.
[09:48:29.946] [INFO   ] thread dealer timer loop 1.
[09:48:30.302] [SEVERE ] key 79 was pressed by player 2
[09:48:30.302] [INFO   ] thread AWT-EventQueue-0 kp step 1.
[09:48:30.302] [INFO   ] thread AWT-EventQueue-0 kp step 2.true
[09:48:30.302] [INFO   ] thread AWT-EventQueue-0 kp step 3.
[09:48:30.302] [INFO   ] thread AWT-EventQueue-0 kp step 4.
[09:48:30.302] [INFO   ] thread AWT-EventQueue-0 kp step 5.
[09:48:30.302] [INFO   ] thread AWT-EventQueue-0 kp step 6.
[09:48:30.302] [INFO   ] thread AWT-EventQueue-0 kp step 7.
[09:48:30.302] [INFO   ] thread AWT-EventQueue-0 kp step 10.
[09:48:30.302] [INFO   ] thread AWT-EventQueue-0 kp step 11.
[09:48:30.302] [INFO   ] thread AWT-EventQueue-0 kp step 12.
[09:48:30.302] [SEVERE ] player 2 placing token on slot 2
[09:48:30.302] [INFO   ] thread AWT-EventQueue-0 kp step 13.
[09:48:30.302] [INFO   ] thread AWT-EventQueue-0 kp step 14.
[09:48:30.959] [INFO   ] thread dealer timer loop 2.
[09:48:30.959] [INFO   ] thread dealer timer loop 3.
[09:48:31.173] [INFO   ] thread dealer rm 1.
[09:48:31.173] [INFO   ] thread dealer timer loop 4.
[09:48:31.204] [SEVERE ] key 73 was pressed by player 2
[09:48:31.204] [INFO   ] thread AWT-EventQueue-0 kp step 1.
[09:48:31.204] [INFO   ] thread AWT-EventQueue-0 kp step 2.false
[09:48:31.204] [INFO   ] thread AWT-EventQueue-0 kp step 14.
[09:48:31.392] [INFO   ] thread dealer step 1.
[09:48:31.392] [INFO   ] thread dealer step 2.
[09:48:31.392] [INFO   ] thread dealer step 2.
[09:48:31.392] [INFO   ] thread dealer step 2.
[09:48:31.392] [INFO   ] thread dealer step 2.
[09:48:31.392] [INFO   ] thread dealer step 2.
[09:48:31.392] [INFO   ] thread dealer step 2.
[09:48:31.392] [INFO   ] thread dealer step 2.
[09:48:31.392] [INFO   ] thread dealer step 2.
[09:48:31.392] [INFO   ] thread dealer step 2.
[09:48:31.392] [INFO   ] thread dealer step 2.
[09:48:31.392] [INFO   ] thread dealer step 2.
[09:48:31.392] [INFO   ] thread dealer step 2.
[09:48:31.392] [INFO   ] thread dealer step 3.
[09:48:31.392] [INFO   ] thread dealer step 4.
[09:48:31.392] [INFO   ] thread dealer step 10.
[09:48:31.392] [INFO   ] thread dealer step 11.
[09:48:31.392] [INFO   ] thread dealer step 12.
[09:48:31.392] [INFO   ] thread dealer timer loop 5.
[09:48:31.392] [INFO   ] thread dealer timer loop 1.
[09:48:31.407] [INFO   ] thread dealer timer loop 2.
[09:48:31.407] [INFO   ] thread dealer timer loop 3.
[09:48:31.627] [INFO   ] thread dealer rm 1.
[09:48:31.627] [INFO   ] thread dealer timer loop 4.
[09:48:31.846] [INFO   ] thread dealer step 1.
[09:48:31.846] [INFO   ] thread dealer step 2.
[09:48:31.846] [INFO   ] thread dealer step 2.
[09:48:31.846] [INFO   ] thread dealer step 2.
[09:48:31.846] [INFO   ] thread dealer step 2.
[09:48:31.846] [INFO   ] thread dealer step 2.
[09:48:31.846] [INFO   ] thread dealer step 2.
[09:48:31.846] [INFO   ] thread dealer step 2.
[09:48:31.846] [INFO   ] thread dealer step 2.
[09:48:31.846] [INFO   ] thread dealer step 2.
[09:48:31.846] [INFO   ] thread dealer step 2.
[09:48:31.846] [INFO   ] thread dealer step 2.
[09:48:31.846] [INFO   ] thread dealer step 2.
[09:48:31.846] [INFO   ] thread dealer step 3.
[09:48:31.846] [INFO   ] thread dealer step 4.
[09:48:31.846] [INFO   ] thread dealer step 10.
[09:48:31.846] [INFO   ] thread dealer step 11.
[09:48:31.846] [INFO   ] thread dealer step 12.
[09:48:31.846] [INFO   ] thread dealer timer loop 5.
[09:48:31.846] [INFO   ] thread dealer timer loop 1.
[09:48:31.861] [INFO   ] thread dealer timer loop 2.
[09:48:31.861] [INFO   ] thread dealer timer loop 3.
[09:48:32.079] [INFO   ] thread dealer rm 1.
[09:48:32.079] [INFO   ] thread dealer timer loop 4.
[09:48:32.298] [INFO   ] thread dealer step 1.
[09:48:32.298] [INFO   ] thread dealer step 2.
[09:48:32.298] [INFO   ] thread dealer step 2.
[09:48:32.298] [INFO   ] thread dealer step 2.
[09:48:32.298] [INFO   ] thread dealer step 2.
[09:48:32.298] [INFO   ] thread dealer step 2.
[09:48:32.298] [INFO   ] thread dealer step 2.
[09:48:32.298] [INFO   ] thread dealer step 2.
[09:48:32.298] [INFO   ] thread dealer step 2.
[09:48:32.298] [INFO   ] thread dealer step 2.
[09:48:32.298] [INFO   ] thread dealer step 2.
[09:48:32.298] [INFO   ] thread dealer step 2.
[09:48:32.298] [INFO   ] thread dealer step 2.
[09:48:32.298] [INFO   ] thread dealer step 3.
[09:48:32.298] [INFO   ] thread dealer step 4.
[09:48:32.298] [INFO   ] thread dealer step 10.
[09:48:32.298] [INFO   ] thread dealer step 11.
[09:48:32.298] [INFO   ] thread dealer step 12.
[09:48:32.298] [INFO   ] thread dealer timer loop 5.
[09:48:32.298] [INFO   ] thread dealer timer loop 1.
[09:48:32.314] [INFO   ] thread dealer timer loop 2.
[09:48:32.314] [INFO   ] thread dealer timer loop 3.
[09:48:32.534] [INFO   ] thread dealer rm 1.
[09:48:32.534] [INFO   ] thread dealer timer loop 4.
[09:48:32.752] [INFO   ] thread dealer step 1.
[09:48:32.752] [INFO   ] thread dealer step 2.
[09:48:32.752] [INFO   ] thread dealer step 2.
[09:48:32.752] [INFO   ] thread dealer step 2.
[09:48:32.752] [INFO   ] thread dealer step 2.
[09:48:32.752] [INFO   ] thread dealer step 2.
[09:48:32.752] [INFO   ] thread dealer step 2.
[09:48:32.752] [INFO   ] thread dealer step 2.
[09:48:32.752] [INFO   ] thread dealer step 2.
[09:48:32.752] [INFO   ] thread dealer step 2.
[09:48:32.752] [INFO   ] thread dealer step 2.
[09:48:32.752] [INFO   ] thread dealer step 2.
[09:48:32.752] [INFO   ] thread dealer step 2.
[09:48:32.752] [INFO   ] thread dealer step 3.
[09:48:32.752] [INFO   ] thread dealer step 4.
[09:48:32.752] [INFO   ] thread dealer step 10.
[09:48:32.752] [INFO   ] thread dealer step 11.
[09:48:32.752] [INFO   ] thread dealer step 12.
[09:48:32.752] [INFO   ] thread dealer timer loop 5.
[09:48:32.752] [INFO   ] thread dealer timer loop 1.
[09:48:32.768] [INFO   ] thread dealer timer loop 2.
[09:48:32.768] [INFO   ] thread dealer timer loop 3.
[09:48:32.987] [INFO   ] thread dealer rm 1.
[09:48:32.987] [INFO   ] thread dealer timer loop 4.
[09:48:33.209] [INFO   ] thread dealer step 1.
[09:48:33.209] [INFO   ] thread dealer step 2.
[09:48:33.209] [INFO   ] thread dealer step 2.
[09:48:33.209] [INFO   ] thread dealer step 2.
[09:48:33.209] [INFO   ] thread dealer step 2.
[09:48:33.209] [INFO   ] thread dealer step 2.
[09:48:33.209] [INFO   ] thread dealer step 2.
[09:48:33.209] [INFO   ] thread dealer step 2.
[09:48:33.209] [INFO   ] thread dealer step 2.
[09:48:33.209] [INFO   ] thread dealer step 2.
[09:48:33.209] [INFO   ] thread dealer step 2.
[09:48:33.209] [INFO   ] thread dealer step 2.
[09:48:33.209] [INFO   ] thread dealer step 2.
[09:48:33.209] [INFO   ] thread dealer step 3.
[09:48:33.209] [INFO   ] thread dealer step 4.
[09:48:33.209] [INFO   ] thread dealer step 10.
[09:48:33.209] [INFO   ] thread dealer step 11.
[09:48:33.209] [INFO   ] thread dealer step 12.
[09:48:33.209] [INFO   ] thread dealer timer loop 5.
[09:48:33.209] [INFO   ] thread dealer timer loop 1.
[09:48:33.225] [INFO   ] thread dealer timer loop 2.
[09:48:33.225] [INFO   ] thread dealer timer loop 3.
[09:48:33.448] [INFO   ] thread dealer rm 1.
[09:48:33.448] [INFO   ] thread dealer timer loop 4.
[09:48:33.667] [INFO   ] thread dealer step 1.
[09:48:33.667] [INFO   ] thread dealer step 2.
[09:48:33.667] [INFO   ] thread dealer step 2.
[09:48:33.667] [INFO   ] thread dealer step 2.
[09:48:33.667] [INFO   ] thread dealer step 2.
[09:48:33.667] [INFO   ] thread dealer step 2.
[09:48:33.667] [INFO   ] thread dealer step 2.
[09:48:33.668] [INFO   ] thread dealer step 2.
[09:48:33.668] [INFO   ] thread dealer step 2.
[09:48:33.668] [INFO   ] thread dealer step 2.
[09:48:33.668] [INFO   ] thread dealer step 2.
[09:48:33.668] [INFO   ] thread dealer step 2.
[09:48:33.668] [INFO   ] thread dealer step 2.
[09:48:33.668] [INFO   ] thread dealer step 3.
[09:48:33.668] [INFO   ] thread dealer step 4.
[09:48:33.668] [INFO   ] thread dealer step 10.
[09:48:33.668] [INFO   ] thread dealer step 11.
[09:48:33.668] [INFO   ] thread dealer step 12.
[09:48:33.668] [INFO   ] thread dealer timer loop 5.
[09:48:33.668] [INFO   ] thread dealer timer loop 1.
[09:48:33.682] [INFO   ] thread dealer timer loop 2.
[09:48:33.682] [INFO   ] thread dealer timer loop 3.
[09:48:33.904] [INFO   ] thread dealer rm 1.
[09:48:33.904] [INFO   ] thread dealer timer loop 4.
[09:48:34.123] [INFO   ] thread dealer step 1.
[09:48:34.123] [INFO   ] thread dealer step 2.
[09:48:34.123] [INFO   ] thread dealer step 2.
[09:48:34.123] [INFO   ] thread dealer step 2.
[09:48:34.123] [INFO   ] thread dealer step 2.
[09:48:34.123] [INFO   ] thread dealer step 2.
[09:48:34.123] [INFO   ] thread dealer step 2.
[09:48:34.123] [INFO   ] thread dealer step 2.
[09:48:34.123] [INFO   ] thread dealer step 2.
[09:48:34.123] [INFO   ] thread dealer step 2.
[09:48:34.123] [INFO   ] thread dealer step 2.
[09:48:34.123] [INFO   ] thread dealer step 2.
[09:48:34.123] [INFO   ] thread dealer step 2.
[09:48:34.123] [INFO   ] thread dealer step 3.
[09:48:34.123] [INFO   ] thread dealer step 4.
[09:48:34.123] [INFO   ] thread dealer step 10.
[09:48:34.123] [INFO   ] thread dealer step 11.
[09:48:34.123] [INFO   ] thread dealer step 12.
[09:48:34.123] [INFO   ] thread dealer timer loop 5.
[09:48:34.123] [INFO   ] thread dealer timer loop 1.
[09:48:34.139] [INFO   ] thread dealer timer loop 2.
[09:48:34.139] [INFO   ] thread dealer timer loop 3.
[09:48:34.358] [INFO   ] thread dealer rm 1.
[09:48:34.358] [INFO   ] thread dealer timer loop 4.
[09:48:34.578] [INFO   ] thread dealer step 1.
[09:48:34.578] [INFO   ] thread dealer step 2.
[09:48:34.578] [INFO   ] thread dealer step 2.
[09:48:34.578] [INFO   ] thread dealer step 2.
[09:48:34.578] [INFO   ] thread dealer step 2.
[09:48:34.578] [INFO   ] thread dealer step 2.
[09:48:34.578] [INFO   ] thread dealer step 2.
[09:48:34.578] [INFO   ] thread dealer step 2.
[09:48:34.578] [INFO   ] thread dealer step 2.
[09:48:34.578] [INFO   ] thread dealer step 2.
[09:48:34.578] [INFO   ] thread dealer step 2.
[09:48:34.578] [INFO   ] thread dealer step 2.
[09:48:34.578] [INFO   ] thread dealer step 2.
[09:48:34.578] [INFO   ] thread dealer step 3.
[09:48:34.578] [INFO   ] thread dealer step 4.
[09:48:34.578] [INFO   ] thread dealer step 10.
[09:48:34.578] [INFO   ] thread dealer step 11.
[09:48:34.578] [INFO   ] thread dealer step 12.
[09:48:34.578] [INFO   ] thread dealer timer loop 5.
[09:48:34.578] [INFO   ] thread dealer timer loop 1.
[09:48:34.593] [INFO   ] thread dealer timer loop 2.
[09:48:34.593] [INFO   ] thread dealer timer loop 3.
[09:48:34.813] [INFO   ] thread dealer rm 1.
[09:48:34.813] [INFO   ] thread dealer timer loop 4.
[09:48:35.033] [INFO   ] thread dealer step 1.
[09:48:35.033] [INFO   ] thread dealer step 2.
[09:48:35.033] [INFO   ] thread dealer step 2.
[09:48:35.033] [INFO   ] thread dealer step 2.
[09:48:35.033] [INFO   ] thread dealer step 2.
[09:48:35.033] [INFO   ] thread dealer step 2.
[09:48:35.033] [INFO   ] thread dealer step 2.
[09:48:35.033] [INFO   ] thread dealer step 2.
[09:48:35.033] [INFO   ] thread dealer step 2.
[09:48:35.033] [INFO   ] thread dealer step 2.
[09:48:35.033] [INFO   ] thread dealer step 2.
[09:48:35.033] [INFO   ] thread dealer step 2.
[09:48:35.033] [INFO   ] thread dealer step 2.
[09:48:35.033] [INFO   ] thread dealer step 3.
[09:48:35.033] [INFO   ] thread dealer step 4.
[09:48:35.033] [INFO   ] thread dealer step 10.
[09:48:35.033] [INFO   ] thread dealer step 11.
[09:48:35.033] [INFO   ] thread dealer step 12.
[09:48:35.033] [INFO   ] thread dealer timer loop 5.
[09:48:35.033] [INFO   ] thread dealer timer loop 1.
[09:48:35.048] [INFO   ] thread dealer timer loop 2.
[09:48:35.048] [INFO   ] thread dealer timer loop 3.
[09:48:35.258] [INFO   ] thread dealer rm 1.
[09:48:35.258] [INFO   ] thread dealer timer loop 4.
[09:48:35.477] [INFO   ] thread dealer step 1.
[09:48:35.477] [INFO   ] thread dealer step 2.
[09:48:35.477] [INFO   ] thread dealer step 2.
[09:48:35.477] [INFO   ] thread dealer step 2.
[09:48:35.477] [INFO   ] thread dealer step 2.
[09:48:35.477] [INFO   ] thread dealer step 2.
[09:48:35.477] [INFO   ] thread dealer step 2.
[09:48:35.477] [INFO   ] thread dealer step 2.
[09:48:35.477] [INFO   ] thread dealer step 2.
[09:48:35.477] [INFO   ] thread dealer step 2.
[09:48:35.477] [INFO   ] thread dealer step 2.
[09:48:35.477] [INFO   ] thread dealer step 2.
[09:48:35.477] [INFO   ] thread dealer step 2.
[09:48:35.477] [INFO   ] thread dealer step 3.
[09:48:35.477] [INFO   ] thread dealer step 4.
[09:48:35.477] [INFO   ] thread dealer step 10.
[09:48:35.477] [INFO   ] thread dealer step 11.
[09:48:35.477] [INFO   ] thread dealer step 12.
[09:48:35.477] [INFO   ] thread dealer timer loop 5.
[09:48:35.477] [INFO   ] thread dealer timer loop 1.
[09:48:35.492] [INFO   ] thread dealer timer loop 2.
[09:48:35.492] [INFO   ] thread dealer timer loop 3.
[09:48:35.708] [INFO   ] thread dealer rm 1.
[09:48:35.709] [INFO   ] thread dealer timer loop 4.
[09:48:35.928] [INFO   ] thread dealer step 1.
[09:48:35.928] [INFO   ] thread dealer step 2.
[09:48:35.928] [INFO   ] thread dealer step 2.
[09:48:35.928] [INFO   ] thread dealer step 2.
[09:48:35.928] [INFO   ] thread dealer step 2.
[09:48:35.928] [INFO   ] thread dealer step 2.
[09:48:35.928] [INFO   ] thread dealer step 2.
[09:48:35.928] [INFO   ] thread dealer step 2.
[09:48:35.928] [INFO   ] thread dealer step 2.
[09:48:35.928] [INFO   ] thread dealer step 2.
[09:48:35.928] [INFO   ] thread dealer step 2.
[09:48:35.928] [INFO   ] thread dealer step 2.
[09:48:35.928] [INFO   ] thread dealer step 2.
[09:48:35.928] [INFO   ] thread dealer step 3.
[09:48:35.928] [INFO   ] thread dealer step 4.
[09:48:35.928] [INFO   ] thread dealer step 10.
[09:48:35.928] [INFO   ] thread dealer step 11.
[09:48:35.928] [INFO   ] thread dealer step 12.
[09:48:35.928] [INFO   ] thread dealer timer loop 5.
[09:48:35.928] [INFO   ] thread dealer run step 3.
[09:48:35.928] [SEVERE ] updating countdown to 10000
[09:48:36.054] [SEVERE ] exit button pressed
[09:48:36.148] [SEVERE ] removing player 2 token from slot 3
[09:48:36.148] [SEVERE ] updating countdown to 9780
[09:48:36.257] [SEVERE ] removing card from slot 0
[09:48:36.367] [SEVERE ] removing card from slot 1
[09:48:36.476] [SEVERE ] removing card from slot 2
[09:48:36.586] [SEVERE ] removing card from slot 3
[09:48:36.695] [SEVERE ] removing card from slot 4
[09:48:36.809] [SEVERE ] removing card from slot 5
[09:48:36.924] [SEVERE ] removing card from slot 6
[09:48:37.027] [SEVERE ] removing card from slot 7
[09:48:37.128] [SEVERE ] removing card from slot 8
[09:48:37.244] [SEVERE ] removing card from slot 9
[09:48:37.345] [SEVERE ] removing card from slot 10
[09:48:37.446] [SEVERE ] removing card from slot 11
[09:48:37.447] [INFO   ] thread dealer run step 1.
[09:48:37.778] [SEVERE ] placing card 48 in slot 0
[09:48:37.892] [SEVERE ] placing card 7 in slot 1
[09:48:38.004] [SEVERE ] placing card 77 in slot 2
[09:48:38.106] [SEVERE ] placing card 66 in slot 3
