[09:42:01.078] [INFO   ] thread main starting.
[09:42:01.086] [SEVERE ] cannot read configuration file config.properties trying from resources.
[09:42:01.090] [SEVERE ] configuration file was loaded from resources directory.
[09:42:01.615] [INFO   ] thread dealer starting.
[09:42:01.616] [INFO   ] thread dealer starting.
[09:42:01.616] [INFO   ] thread Thread-0 starting.
[09:42:01.616] [INFO   ] thread Thread-1 starting.
[09:42:01.616] [SEVERE ] updating countdown to 10000
[09:42:01.616] [INFO   ] thread dealer run step 1.
[09:42:01.942] [SEVERE ] placing card 78 in slot 0
[09:42:02.044] [SEVERE ] placing card 66 in slot 1
[09:42:02.147] [SEVERE ] placing card 29 in slot 2
[09:42:02.258] [SEVERE ] placing card 80 in slot 3
[09:42:02.358] [SEVERE ] placing card 74 in slot 4
[09:42:02.461] [SEVERE ] placing card 54 in slot 5
[09:42:02.563] [SEVERE ] placing card 42 in slot 6
[09:42:02.678] [SEVERE ] placing card 77 in slot 7
[09:42:02.780] [SEVERE ] placing card 73 in slot 8
[09:42:02.894] [SEVERE ] placing card 69 in slot 9
[09:42:03.000] [SEVERE ] placing card 13 in slot 10
[09:42:03.109] [SEVERE ] placing card 24 in slot 11
[09:42:03.109] [INFO   ] thread dealer step 1.
[09:42:03.109] [SEVERE ] updating countdown to 8507
[09:42:03.109] [INFO   ] thread dealer step 2.
[09:42:03.109] [INFO   ] thread dealer step 2.
[09:42:03.109] [INFO   ] thread dealer step 2.
[09:42:03.109] [INFO   ] thread dealer step 2.
[09:42:03.109] [INFO   ] thread dealer step 2.
[09:42:03.109] [INFO   ] thread dealer step 2.
[09:42:03.109] [INFO   ] thread dealer step 2.
[09:42:03.109] [INFO   ] thread dealer step 2.
[09:42:03.109] [INFO   ] thread dealer step 2.
[09:42:03.109] [INFO   ] thread dealer step 2.
[09:42:03.109] [INFO   ] thread dealer step 2.
[09:42:03.109] [INFO   ] thread dealer step 2.
[09:42:03.109] [INFO   ] thread dealer step 3.
[09:42:03.109] [SEVERE ] updating countdown to 8507
[09:42:03.109] [INFO   ] thread dealer step 4.
[09:42:03.109] [INFO   ] thread dealer step 10.
[09:42:03.109] [INFO   ] thread dealer step 11.
[09:42:03.109] [INFO   ] thread dealer step 12.
[09:42:03.109] [INFO   ] thread dealer run step 2.
[09:42:03.109] [INFO   ] thread dealer timer loop 1.
[09:42:04.112] [INFO   ] thread dealer timer loop 2.
[09:42:04.112] [SEVERE ] updating countdown to 7504
[09:42:04.112] [INFO   ] thread dealer timer loop 3.
[09:42:04.332] [INFO   ] thread dealer rm 1.
[09:42:04.332] [INFO   ] thread dealer timer loop 4.
[09:42:04.551] [INFO   ] thread dealer step 1.
[09:42:04.551] [SEVERE ] updating countdown to 7065
[09:42:04.551] [INFO   ] thread dealer step 2.
[09:42:04.551] [INFO   ] thread dealer step 2.
[09:42:04.551] [INFO   ] thread dealer step 2.
[09:42:04.551] [INFO   ] thread dealer step 2.
[09:42:04.551] [INFO   ] thread dealer step 2.
[09:42:04.551] [INFO   ] thread dealer step 2.
[09:42:04.551] [INFO   ] thread dealer step 2.
[09:42:04.551] [INFO   ] thread dealer step 2.
[09:42:04.551] [INFO   ] thread dealer step 2.
[09:42:04.551] [INFO   ] thread dealer step 2.
[09:42:04.551] [INFO   ] thread dealer step 2.
[09:42:04.551] [INFO   ] thread dealer step 2.
[09:42:04.551] [INFO   ] thread dealer step 3.
[09:42:04.551] [SEVERE ] updating countdown to 7065
[09:42:04.551] [INFO   ] thread dealer step 4.
[09:42:04.551] [INFO   ] thread dealer step 10.
[09:42:04.551] [INFO   ] thread dealer step 11.
[09:42:04.551] [INFO   ] thread dealer step 12.
[09:42:04.551] [INFO   ] thread dealer timer loop 5.
[09:42:04.551] [INFO   ] thread dealer timer loop 1.
[09:42:05.551] [INFO   ] thread dealer timer loop 2.
[09:42:05.551] [SEVERE ] updating countdown to 6065
[09:42:05.552] [INFO   ] thread dealer timer loop 3.
[09:42:05.771] [INFO   ] thread dealer rm 1.
[09:42:05.771] [INFO   ] thread dealer timer loop 4.
[09:42:05.990] [INFO   ] thread dealer step 1.
[09:42:05.990] [SEVERE ] updating countdown to 5626
[09:42:05.990] [INFO   ] thread dealer step 2.
[09:42:05.990] [INFO   ] thread dealer step 2.
[09:42:05.990] [INFO   ] thread dealer step 2.
[09:42:05.990] [INFO   ] thread dealer step 2.
[09:42:05.990] [INFO   ] thread dealer step 2.
[09:42:05.990] [INFO   ] thread dealer step 2.
[09:42:05.990] [INFO   ] thread dealer step 2.
[09:42:05.990] [INFO   ] thread dealer step 2.
[09:42:05.990] [INFO   ] thread dealer step 2.
[09:42:05.990] [INFO   ] thread dealer step 2.
[09:42:05.990] [INFO   ] thread dealer step 2.
[09:42:05.990] [INFO   ] thread dealer step 2.
[09:42:05.990] [INFO   ] thread dealer step 3.
[09:42:05.990] [SEVERE ] updating countdown to 5626
[09:42:05.990] [INFO   ] thread dealer step 4.
[09:42:05.990] [INFO   ] thread dealer step 10.
[09:42:05.990] [INFO   ] thread dealer step 11.
[09:42:05.990] [INFO   ] thread dealer step 12.
[09:42:05.990] [INFO   ] thread dealer timer loop 5.
[09:42:05.990] [INFO   ] thread dealer timer loop 1.
[09:42:06.991] [INFO   ] thread dealer timer loop 2.
[09:42:06.991] [INFO   ] thread dealer timer loop 3.
[09:42:07.210] [INFO   ] thread dealer rm 1.
[09:42:07.210] [INFO   ] thread dealer timer loop 4.
[09:42:07.430] [INFO   ] thread dealer step 1.
[09:42:07.430] [INFO   ] thread dealer step 2.
[09:42:07.430] [INFO   ] thread dealer step 2.
[09:42:07.430] [INFO   ] thread dealer step 2.
[09:42:07.430] [INFO   ] thread dealer step 2.
[09:42:07.430] [INFO   ] thread dealer step 2.
[09:42:07.430] [INFO   ] thread dealer step 2.
[09:42:07.430] [INFO   ] thread dealer step 2.
[09:42:07.430] [INFO   ] thread dealer step 2.
[09:42:07.430] [INFO   ] thread dealer step 2.
[09:42:07.430] [INFO   ] thread dealer step 2.
[09:42:07.430] [INFO   ] thread dealer step 2.
[09:42:07.430] [INFO   ] thread dealer step 2.
[09:42:07.430] [INFO   ] thread dealer step 3.
[09:42:07.430] [INFO   ] thread dealer step 4.
[09:42:07.430] [INFO   ] thread dealer step 10.
[09:42:07.430] [INFO   ] thread dealer step 11.
[09:42:07.430] [INFO   ] thread dealer step 12.
[09:42:07.430] [INFO   ] thread dealer timer loop 5.
[09:42:07.430] [INFO   ] thread dealer timer loop 1.
[09:42:07.445] [INFO   ] thread dealer timer loop 2.
[09:42:07.445] [INFO   ] thread dealer timer loop 3.
[09:42:07.664] [INFO   ] thread dealer rm 1.
[09:42:07.664] [INFO   ] thread dealer timer loop 4.
[09:42:07.882] [INFO   ] thread dealer step 1.
[09:42:07.882] [INFO   ] thread dealer step 2.
[09:42:07.882] [INFO   ] thread dealer step 2.
[09:42:07.882] [INFO   ] thread dealer step 2.
[09:42:07.882] [INFO   ] thread dealer step 2.
[09:42:07.882] [INFO   ] thread dealer step 2.
[09:42:07.882] [INFO   ] thread dealer step 2.
[09:42:07.882] [INFO   ] thread dealer step 2.
[09:42:07.882] [INFO   ] thread dealer step 2.
[09:42:07.882] [INFO   ] thread dealer step 2.
[09:42:07.882] [INFO   ] thread dealer step 2.
[09:42:07.882] [INFO   ] thread dealer step 2.
[09:42:07.882] [INFO   ] thread dealer step 2.
[09:42:07.882] [INFO   ] thread dealer step 3.
[09:42:07.882] [INFO   ] thread dealer step 4.
[09:42:07.882] [INFO   ] thread dealer step 10.
[09:42:07.882] [INFO   ] thread dealer step 11.
[09:42:07.882] [INFO   ] thread dealer step 12.
[09:42:07.882] [INFO   ] thread dealer timer loop 5.
[09:42:07.882] [INFO   ] thread dealer timer loop 1.
[09:42:07.898] [INFO   ] thread dealer timer loop 2.
[09:42:07.898] [INFO   ] thread dealer timer loop 3.
[09:42:08.117] [INFO   ] thread dealer rm 1.
[09:42:08.117] [INFO   ] thread dealer timer loop 4.
[09:42:08.335] [INFO   ] thread dealer step 1.
[09:42:08.335] [INFO   ] thread dealer step 2.
[09:42:08.335] [INFO   ] thread dealer step 2.
[09:42:08.335] [INFO   ] thread dealer step 2.
[09:42:08.335] [INFO   ] thread dealer step 2.
[09:42:08.335] [INFO   ] thread dealer step 2.
[09:42:08.335] [INFO   ] thread dealer step 2.
[09:42:08.335] [INFO   ] thread dealer step 2.
[09:42:08.335] [INFO   ] thread dealer step 2.
[09:42:08.335] [INFO   ] thread dealer step 2.
[09:42:08.335] [INFO   ] thread dealer step 2.
[09:42:08.335] [INFO   ] thread dealer step 2.
[09:42:08.335] [INFO   ] thread dealer step 2.
[09:42:08.335] [INFO   ] thread dealer step 3.
[09:42:08.335] [INFO   ] thread dealer step 4.
[09:42:08.335] [INFO   ] thread dealer step 10.
[09:42:08.335] [INFO   ] thread dealer step 11.
[09:42:08.335] [INFO   ] thread dealer step 12.
[09:42:08.335] [INFO   ] thread dealer timer loop 5.
[09:42:08.335] [INFO   ] thread dealer timer loop 1.
[09:42:08.351] [INFO   ] thread dealer timer loop 2.
[09:42:08.351] [INFO   ] thread dealer timer loop 3.
[09:42:08.563] [INFO   ] thread dealer rm 1.
[09:42:08.563] [INFO   ] thread dealer timer loop 4.
[09:42:08.773] [INFO   ] thread dealer step 1.
[09:42:08.773] [INFO   ] thread dealer step 2.
[09:42:08.773] [INFO   ] thread dealer step 2.
[09:42:08.773] [INFO   ] thread dealer step 2.
[09:42:08.773] [INFO   ] thread dealer step 2.
[09:42:08.773] [INFO   ] thread dealer step 2.
[09:42:08.773] [INFO   ] thread dealer step 2.
[09:42:08.773] [INFO   ] thread dealer step 2.
[09:42:08.774] [INFO   ] thread dealer step 2.
[09:42:08.774] [INFO   ] thread dealer step 2.
[09:42:08.774] [INFO   ] thread dealer step 2.
[09:42:08.774] [INFO   ] thread dealer step 2.
[09:42:08.774] [INFO   ] thread dealer step 2.
[09:42:08.774] [INFO   ] thread dealer step 3.
[09:42:08.775] [INFO   ] thread dealer step 4.
[09:42:08.775] [INFO   ] thread dealer step 10.
[09:42:08.775] [INFO   ] thread dealer step 11.
[09:42:08.775] [INFO   ] thread dealer step 12.
[09:42:08.775] [INFO   ] thread dealer timer loop 5.
[09:42:08.775] [INFO   ] thread dealer timer loop 1.
[09:42:08.788] [INFO   ] thread dealer timer loop 2.
[09:42:08.788] [INFO   ] thread dealer timer loop 3.
[09:42:09.008] [INFO   ] thread dealer rm 1.
[09:42:09.008] [INFO   ] thread dealer timer loop 4.
[09:42:09.227] [INFO   ] thread dealer step 1.
[09:42:09.227] [INFO   ] thread dealer step 2.
[09:42:09.227] [INFO   ] thread dealer step 2.
[09:42:09.227] [INFO   ] thread dealer step 2.
[09:42:09.227] [INFO   ] thread dealer step 2.
[09:42:09.227] [INFO   ] thread dealer step 2.
[09:42:09.227] [INFO   ] thread dealer step 2.
[09:42:09.227] [INFO   ] thread dealer step 2.
[09:42:09.227] [INFO   ] thread dealer step 2.
[09:42:09.227] [INFO   ] thread dealer step 2.
[09:42:09.227] [INFO   ] thread dealer step 2.
[09:42:09.227] [INFO   ] thread dealer step 2.
[09:42:09.227] [INFO   ] thread dealer step 2.
[09:42:09.227] [INFO   ] thread dealer step 3.
[09:42:09.227] [INFO   ] thread dealer step 4.
[09:42:09.227] [INFO   ] thread dealer step 10.
[09:42:09.227] [INFO   ] thread dealer step 11.
[09:42:09.227] [INFO   ] thread dealer step 12.
[09:42:09.227] [INFO   ] thread dealer timer loop 5.
[09:42:09.227] [INFO   ] thread dealer timer loop 1.
[09:42:09.243] [INFO   ] thread dealer timer loop 2.
[09:42:09.243] [INFO   ] thread dealer timer loop 3.
[09:42:09.462] [INFO   ] thread dealer rm 1.
[09:42:09.462] [INFO   ] thread dealer timer loop 4.
[09:42:09.682] [INFO   ] thread dealer step 1.
[09:42:09.682] [INFO   ] thread dealer step 2.
[09:42:09.682] [INFO   ] thread dealer step 2.
[09:42:09.682] [INFO   ] thread dealer step 2.
[09:42:09.682] [INFO   ] thread dealer step 2.
[09:42:09.682] [INFO   ] thread dealer step 2.
[09:42:09.682] [INFO   ] thread dealer step 2.
[09:42:09.682] [INFO   ] thread dealer step 2.
[09:42:09.682] [INFO   ] thread dealer step 2.
[09:42:09.682] [INFO   ] thread dealer step 2.
[09:42:09.682] [INFO   ] thread dealer step 2.
[09:42:09.682] [INFO   ] thread dealer step 2.
[09:42:09.682] [INFO   ] thread dealer step 2.
[09:42:09.682] [INFO   ] thread dealer step 3.
[09:42:09.682] [INFO   ] thread dealer step 4.
[09:42:09.682] [INFO   ] thread dealer step 10.
[09:42:09.682] [INFO   ] thread dealer step 11.
[09:42:09.682] [INFO   ] thread dealer step 12.
[09:42:09.682] [INFO   ] thread dealer timer loop 5.
[09:42:09.682] [INFO   ] thread dealer timer loop 1.
[09:42:09.698] [INFO   ] thread dealer timer loop 2.
[09:42:09.698] [INFO   ] thread dealer timer loop 3.
[09:42:09.916] [INFO   ] thread dealer rm 1.
[09:42:09.916] [INFO   ] thread dealer timer loop 4.
[09:42:10.126] [INFO   ] thread dealer step 1.
[09:42:10.126] [INFO   ] thread dealer step 2.
[09:42:10.126] [INFO   ] thread dealer step 2.
[09:42:10.126] [INFO   ] thread dealer step 2.
[09:42:10.126] [INFO   ] thread dealer step 2.
[09:42:10.126] [INFO   ] thread dealer step 2.
[09:42:10.126] [INFO   ] thread dealer step 2.
[09:42:10.126] [INFO   ] thread dealer step 2.
[09:42:10.126] [INFO   ] thread dealer step 2.
[09:42:10.126] [INFO   ] thread dealer step 2.
[09:42:10.126] [INFO   ] thread dealer step 2.
[09:42:10.126] [INFO   ] thread dealer step 2.
[09:42:10.126] [INFO   ] thread dealer step 2.
[09:42:10.126] [INFO   ] thread dealer step 3.
[09:42:10.126] [INFO   ] thread dealer step 4.
[09:42:10.126] [INFO   ] thread dealer step 10.
[09:42:10.126] [INFO   ] thread dealer step 11.
[09:42:10.126] [INFO   ] thread dealer step 12.
[09:42:10.126] [INFO   ] thread dealer timer loop 5.
[09:42:10.126] [INFO   ] thread dealer timer loop 1.
[09:42:10.142] [INFO   ] thread dealer timer loop 2.
[09:42:10.142] [INFO   ] thread dealer timer loop 3.
[09:42:10.364] [INFO   ] thread dealer rm 1.
[09:42:10.364] [INFO   ] thread dealer timer loop 4.
[09:42:10.586] [INFO   ] thread dealer step 1.
[09:42:10.586] [INFO   ] thread dealer step 2.
[09:42:10.586] [INFO   ] thread dealer step 2.
[09:42:10.586] [INFO   ] thread dealer step 2.
[09:42:10.586] [INFO   ] thread dealer step 2.
[09:42:10.586] [INFO   ] thread dealer step 2.
[09:42:10.586] [INFO   ] thread dealer step 2.
[09:42:10.586] [INFO   ] thread dealer step 2.
[09:42:10.586] [INFO   ] thread dealer step 2.
[09:42:10.586] [INFO   ] thread dealer step 2.
[09:42:10.586] [INFO   ] thread dealer step 2.
[09:42:10.586] [INFO   ] thread dealer step 2.
[09:42:10.586] [INFO   ] thread dealer step 2.
[09:42:10.586] [INFO   ] thread dealer step 3.
[09:42:10.586] [INFO   ] thread dealer step 4.
[09:42:10.586] [INFO   ] thread dealer step 10.
[09:42:10.586] [INFO   ] thread dealer step 11.
[09:42:10.586] [INFO   ] thread dealer step 12.
[09:42:10.586] [INFO   ] thread dealer timer loop 5.
[09:42:10.586] [INFO   ] thread dealer timer loop 1.
[09:42:10.601] [INFO   ] thread dealer timer loop 2.
[09:42:10.601] [INFO   ] thread dealer timer loop 3.
[09:42:10.811] [INFO   ] thread dealer rm 1.
[09:42:10.811] [INFO   ] thread dealer timer loop 4.
[09:42:11.031] [INFO   ] thread dealer step 1.
[09:42:11.031] [INFO   ] thread dealer step 2.
[09:42:11.031] [INFO   ] thread dealer step 2.
[09:42:11.031] [INFO   ] thread dealer step 2.
[09:42:11.031] [INFO   ] thread dealer step 2.
[09:42:11.031] [INFO   ] thread dealer step 2.
[09:42:11.031] [INFO   ] thread dealer step 2.
[09:42:11.031] [INFO   ] thread dealer step 2.
[09:42:11.031] [INFO   ] thread dealer step 2.
[09:42:11.031] [INFO   ] thread dealer step 2.
[09:42:11.031] [INFO   ] thread dealer step 2.
[09:42:11.031] [INFO   ] thread dealer step 2.
[09:42:11.031] [INFO   ] thread dealer step 2.
[09:42:11.031] [INFO   ] thread dealer step 3.
[09:42:11.031] [INFO   ] thread dealer step 4.
[09:42:11.031] [INFO   ] thread dealer step 10.
[09:42:11.031] [INFO   ] thread dealer step 11.
[09:42:11.031] [INFO   ] thread dealer step 12.
[09:42:11.031] [INFO   ] thread dealer timer loop 5.
[09:42:11.031] [INFO   ] thread dealer timer loop 1.
[09:42:11.046] [INFO   ] thread dealer timer loop 2.
[09:42:11.046] [INFO   ] thread dealer timer loop 3.
[09:42:11.265] [INFO   ] thread dealer rm 1.
[09:42:11.265] [INFO   ] thread dealer timer loop 4.
[09:42:11.484] [INFO   ] thread dealer step 1.
[09:42:11.484] [INFO   ] thread dealer step 2.
[09:42:11.484] [INFO   ] thread dealer step 2.
[09:42:11.484] [INFO   ] thread dealer step 2.
[09:42:11.484] [INFO   ] thread dealer step 2.
[09:42:11.484] [INFO   ] thread dealer step 2.
[09:42:11.484] [INFO   ] thread dealer step 2.
[09:42:11.484] [INFO   ] thread dealer step 2.
[09:42:11.484] [INFO   ] thread dealer step 2.
[09:42:11.484] [INFO   ] thread dealer step 2.
[09:42:11.484] [INFO   ] thread dealer step 2.
[09:42:11.484] [INFO   ] thread dealer step 2.
[09:42:11.484] [INFO   ] thread dealer step 2.
[09:42:11.484] [INFO   ] thread dealer step 3.
[09:42:11.484] [INFO   ] thread dealer step 4.
[09:42:11.484] [INFO   ] thread dealer step 10.
[09:42:11.484] [INFO   ] thread dealer step 11.
[09:42:11.484] [INFO   ] thread dealer step 12.
[09:42:11.484] [INFO   ] thread dealer timer loop 5.
[09:42:11.484] [INFO   ] thread dealer timer loop 1.
[09:42:11.500] [INFO   ] thread dealer timer loop 2.
[09:42:11.500] [INFO   ] thread dealer timer loop 3.
[09:42:11.718] [INFO   ] thread dealer rm 1.
[09:42:11.718] [INFO   ] thread dealer timer loop 4.
[09:42:11.937] [INFO   ] thread dealer step 1.
[09:42:11.937] [INFO   ] thread dealer step 2.
[09:42:11.937] [INFO   ] thread dealer step 2.
[09:42:11.937] [INFO   ] thread dealer step 2.
[09:42:11.937] [INFO   ] thread dealer step 2.
[09:42:11.937] [INFO   ] thread dealer step 2.
[09:42:11.937] [INFO   ] thread dealer step 2.
[09:42:11.937] [INFO   ] thread dealer step 2.
[09:42:11.937] [INFO   ] thread dealer step 2.
[09:42:11.937] [INFO   ] thread dealer step 2.
[09:42:11.937] [INFO   ] thread dealer step 2.
[09:42:11.937] [INFO   ] thread dealer step 2.
[09:42:11.937] [INFO   ] thread dealer step 2.
[09:42:11.937] [INFO   ] thread dealer step 3.
[09:42:11.937] [INFO   ] thread dealer step 4.
[09:42:11.937] [INFO   ] thread dealer step 10.
[09:42:11.937] [INFO   ] thread dealer step 11.
[09:42:11.937] [INFO   ] thread dealer step 12.
[09:42:11.937] [INFO   ] thread dealer timer loop 5.
[09:42:11.937] [INFO   ] thread dealer run step 3.
[09:42:11.937] [SEVERE ] updating countdown to 10000
[09:42:12.155] [SEVERE ] updating countdown to 9782
[09:42:12.265] [SEVERE ] removing card from slot 0
[09:42:12.376] [SEVERE ] removing card from slot 1
[09:42:12.485] [SEVERE ] removing card from slot 2
[09:42:12.596] [SEVERE ] removing card from slot 3
[09:42:12.706] [SEVERE ] removing card from slot 4
[09:42:12.819] [SEVERE ] removing card from slot 5
[09:42:12.928] [SEVERE ] removing card from slot 6
[09:42:13.037] [SEVERE ] removing card from slot 7
[09:42:13.146] [SEVERE ] removing card from slot 8
[09:42:13.256] [SEVERE ] removing card from slot 9
[09:42:13.369] [SEVERE ] removing card from slot 10
[09:42:13.479] [SEVERE ] removing card from slot 11
[09:42:13.479] [INFO   ] thread dealer run step 1.
[09:42:13.807] [SEVERE ] placing card 8 in slot 0
[09:42:13.917] [SEVERE ] placing card 30 in slot 1
[09:42:14.026] [SEVERE ] placing card 40 in slot 2
[09:42:14.136] [SEVERE ] placing card 55 in slot 3
[09:42:14.245] [SEVERE ] placing card 34 in slot 4
[09:42:14.355] [SEVERE ] placing card 66 in slot 5
[09:42:14.465] [SEVERE ] placing card 23 in slot 6
[09:42:14.575] [SEVERE ] placing card 73 in slot 7
[09:42:14.686] [SEVERE ] placing card 28 in slot 8
[09:42:14.795] [SEVERE ] placing card 29 in slot 9
[09:42:14.905] [SEVERE ] placing card 41 in slot 10
[09:42:15.014] [SEVERE ] placing card 54 in slot 11
[09:42:15.014] [INFO   ] thread dealer step 1.
[09:42:15.014] [SEVERE ] updating countdown to 6923
[09:42:15.014] [INFO   ] thread dealer step 2.
[09:42:15.014] [INFO   ] thread dealer step 2.
[09:42:15.014] [INFO   ] thread dealer step 2.
[09:42:15.014] [INFO   ] thread dealer step 2.
[09:42:15.014] [INFO   ] thread dealer step 2.
[09:42:15.014] [INFO   ] thread dealer step 2.
[09:42:15.014] [INFO   ] thread dealer step 2.
[09:42:15.014] [INFO   ] thread dealer step 2.
[09:42:15.014] [INFO   ] thread dealer step 2.
[09:42:15.014] [INFO   ] thread dealer step 2.
[09:42:15.014] [INFO   ] thread dealer step 2.
[09:42:15.014] [INFO   ] thread dealer step 2.
[09:42:15.014] [INFO   ] thread dealer step 3.
[09:42:15.014] [SEVERE ] updating countdown to 6923
[09:42:15.014] [INFO   ] thread dealer step 4.
[09:42:15.014] [INFO   ] thread dealer step 10.
[09:42:15.014] [INFO   ] thread dealer step 11.
[09:42:15.014] [INFO   ] thread dealer step 12.
[09:42:15.014] [INFO   ] thread dealer run step 2.
[09:42:15.014] [INFO   ] thread dealer timer loop 1.
[09:42:15.579] [SEVERE ] key 80 was pressed by player 2
[09:42:15.595] [INFO   ] thread AWT-EventQueue-0 kp step 1.
[09:42:15.595] [INFO   ] thread AWT-EventQueue-0 kp step 2.
[09:42:15.595] [INFO   ] thread AWT-EventQueue-0 kp step 3.
[09:42:15.595] [INFO   ] thread AWT-EventQueue-0 kp step 10.
[09:42:15.595] [INFO   ] thread AWT-EventQueue-0 kp step 11.
[09:42:15.595] [INFO   ] thread AWT-EventQueue-0 kp step 12.
[09:42:15.595] [SEVERE ] player 2 placing token on slot 3
[09:42:15.595] [INFO   ] thread AWT-EventQueue-0 kp step 13.
[09:42:15.595] [INFO   ] thread AWT-EventQueue-0 kp step 14.
[09:42:16.014] [INFO   ] thread dealer timer loop 2.
[09:42:16.014] [SEVERE ] updating countdown to 5923
[09:42:16.014] [INFO   ] thread dealer timer loop 3.
[09:42:16.233] [INFO   ] thread dealer rm 1.
[09:42:16.233] [INFO   ] thread dealer timer loop 4.
[09:42:16.454] [INFO   ] thread dealer step 1.
[09:42:16.454] [SEVERE ] updating countdown to 5483
[09:42:16.454] [INFO   ] thread dealer step 2.
[09:42:16.454] [INFO   ] thread dealer step 2.
[09:42:16.454] [INFO   ] thread dealer step 2.
[09:42:16.454] [INFO   ] thread dealer step 2.
[09:42:16.454] [INFO   ] thread dealer step 2.
[09:42:16.454] [INFO   ] thread dealer step 2.
[09:42:16.454] [INFO   ] thread dealer step 2.
[09:42:16.454] [INFO   ] thread dealer step 2.
[09:42:16.454] [INFO   ] thread dealer step 2.
[09:42:16.454] [INFO   ] thread dealer step 2.
[09:42:16.455] [INFO   ] thread dealer step 2.
[09:42:16.455] [INFO   ] thread dealer step 2.
[09:42:16.455] [INFO   ] thread dealer step 3.
[09:42:16.455] [SEVERE ] updating countdown to 5482
[09:42:16.455] [INFO   ] thread dealer step 4.
[09:42:16.455] [INFO   ] thread dealer step 10.
[09:42:16.455] [INFO   ] thread dealer step 11.
[09:42:16.455] [INFO   ] thread dealer step 12.
[09:42:16.455] [INFO   ] thread dealer timer loop 5.
[09:42:16.455] [INFO   ] thread dealer timer loop 1.
[09:42:17.462] [INFO   ] thread dealer timer loop 2.
[09:42:17.463] [INFO   ] thread dealer timer loop 3.
[09:42:17.684] [INFO   ] thread dealer rm 1.
[09:42:17.684] [INFO   ] thread dealer timer loop 4.
[09:42:17.906] [INFO   ] thread dealer step 1.
[09:42:17.906] [INFO   ] thread dealer step 2.
[09:42:17.906] [INFO   ] thread dealer step 2.
[09:42:17.906] [INFO   ] thread dealer step 2.
[09:42:17.906] [INFO   ] thread dealer step 2.
[09:42:17.906] [INFO   ] thread dealer step 2.
[09:42:17.906] [INFO   ] thread dealer step 2.
[09:42:17.906] [INFO   ] thread dealer step 2.
[09:42:17.906] [INFO   ] thread dealer step 2.
[09:42:17.906] [INFO   ] thread dealer step 2.
[09:42:17.906] [INFO   ] thread dealer step 2.
[09:42:17.906] [INFO   ] thread dealer step 2.
[09:42:17.906] [INFO   ] thread dealer step 2.
[09:42:17.906] [INFO   ] thread dealer step 3.
[09:42:17.906] [INFO   ] thread dealer step 4.
[09:42:17.906] [INFO   ] thread dealer step 10.
[09:42:17.906] [INFO   ] thread dealer step 11.
[09:42:17.906] [INFO   ] thread dealer step 12.
[09:42:17.906] [INFO   ] thread dealer timer loop 5.
[09:42:17.906] [INFO   ] thread dealer timer loop 1.
[09:42:17.922] [INFO   ] thread dealer timer loop 2.
[09:42:17.922] [INFO   ] thread dealer timer loop 3.
[09:42:18.140] [INFO   ] thread dealer rm 1.
[09:42:18.140] [INFO   ] thread dealer timer loop 4.
[09:42:18.359] [INFO   ] thread dealer step 1.
[09:42:18.359] [INFO   ] thread dealer step 2.
[09:42:18.359] [INFO   ] thread dealer step 2.
[09:42:18.359] [INFO   ] thread dealer step 2.
[09:42:18.359] [INFO   ] thread dealer step 2.
[09:42:18.359] [INFO   ] thread dealer step 2.
[09:42:18.359] [INFO   ] thread dealer step 2.
[09:42:18.359] [INFO   ] thread dealer step 2.
[09:42:18.359] [INFO   ] thread dealer step 2.
[09:42:18.359] [INFO   ] thread dealer step 2.
[09:42:18.359] [INFO   ] thread dealer step 2.
[09:42:18.359] [INFO   ] thread dealer step 2.
[09:42:18.359] [INFO   ] thread dealer step 2.
[09:42:18.359] [INFO   ] thread dealer step 3.
[09:42:18.359] [INFO   ] thread dealer step 4.
[09:42:18.359] [INFO   ] thread dealer step 10.
[09:42:18.359] [INFO   ] thread dealer step 11.
[09:42:18.359] [INFO   ] thread dealer step 12.
[09:42:18.359] [INFO   ] thread dealer timer loop 5.
[09:42:18.359] [INFO   ] thread dealer timer loop 1.
[09:42:18.375] [INFO   ] thread dealer timer loop 2.
[09:42:18.375] [INFO   ] thread dealer timer loop 3.
[09:42:18.594] [INFO   ] thread dealer rm 1.
[09:42:18.594] [INFO   ] thread dealer timer loop 4.
[09:42:18.656] [SEVERE ] key 79 was pressed by player 2
[09:42:18.656] [INFO   ] thread AWT-EventQueue-0 kp step 1.
[09:42:18.656] [INFO   ] thread AWT-EventQueue-0 kp step 2.
[09:42:18.656] [INFO   ] thread AWT-EventQueue-0 kp step 14.
[09:42:18.813] [INFO   ] thread dealer step 1.
[09:42:18.813] [INFO   ] thread dealer step 2.
[09:42:18.813] [INFO   ] thread dealer step 2.
[09:42:18.813] [INFO   ] thread dealer step 2.
[09:42:18.813] [INFO   ] thread dealer step 2.
[09:42:18.813] [INFO   ] thread dealer step 2.
[09:42:18.813] [INFO   ] thread dealer step 2.
[09:42:18.813] [INFO   ] thread dealer step 2.
[09:42:18.813] [INFO   ] thread dealer step 2.
[09:42:18.813] [INFO   ] thread dealer step 2.
[09:42:18.813] [INFO   ] thread dealer step 2.
[09:42:18.813] [INFO   ] thread dealer step 2.
[09:42:18.813] [INFO   ] thread dealer step 2.
[09:42:18.813] [INFO   ] thread dealer step 3.
[09:42:18.813] [INFO   ] thread dealer step 4.
[09:42:18.813] [INFO   ] thread dealer step 10.
[09:42:18.813] [INFO   ] thread dealer step 11.
[09:42:18.813] [INFO   ] thread dealer step 12.
[09:42:18.813] [INFO   ] thread dealer timer loop 5.
[09:42:18.813] [INFO   ] thread dealer timer loop 1.
[09:42:18.829] [INFO   ] thread dealer timer loop 2.
[09:42:18.829] [INFO   ] thread dealer timer loop 3.
[09:42:19.048] [INFO   ] thread dealer rm 1.
[09:42:19.048] [INFO   ] thread dealer timer loop 4.
[09:42:19.271] [INFO   ] thread dealer step 1.
[09:42:19.271] [INFO   ] thread dealer step 2.
[09:42:19.271] [INFO   ] thread dealer step 2.
[09:42:19.271] [INFO   ] thread dealer step 2.
[09:42:19.271] [INFO   ] thread dealer step 2.
[09:42:19.271] [INFO   ] thread dealer step 2.
[09:42:19.271] [INFO   ] thread dealer step 2.
[09:42:19.271] [INFO   ] thread dealer step 2.
[09:42:19.271] [INFO   ] thread dealer step 2.
[09:42:19.271] [INFO   ] thread dealer step 2.
[09:42:19.271] [INFO   ] thread dealer step 2.
[09:42:19.271] [INFO   ] thread dealer step 2.
[09:42:19.271] [INFO   ] thread dealer step 2.
[09:42:19.271] [INFO   ] thread dealer step 3.
[09:42:19.271] [INFO   ] thread dealer step 4.
[09:42:19.271] [INFO   ] thread dealer step 10.
[09:42:19.271] [INFO   ] thread dealer step 11.
[09:42:19.271] [INFO   ] thread dealer step 12.
[09:42:19.271] [INFO   ] thread dealer timer loop 5.
[09:42:19.271] [INFO   ] thread dealer timer loop 1.
[09:42:19.287] [INFO   ] thread dealer timer loop 2.
[09:42:19.288] [INFO   ] thread dealer timer loop 3.
[09:42:19.506] [INFO   ] thread dealer rm 1.
[09:42:19.506] [INFO   ] thread dealer timer loop 4.
[09:42:19.725] [INFO   ] thread dealer step 1.
[09:42:19.725] [INFO   ] thread dealer step 2.
[09:42:19.725] [INFO   ] thread dealer step 2.
[09:42:19.725] [INFO   ] thread dealer step 2.
[09:42:19.725] [INFO   ] thread dealer step 2.
[09:42:19.725] [INFO   ] thread dealer step 2.
[09:42:19.725] [INFO   ] thread dealer step 2.
[09:42:19.725] [INFO   ] thread dealer step 2.
[09:42:19.725] [INFO   ] thread dealer step 2.
[09:42:19.725] [INFO   ] thread dealer step 2.
[09:42:19.725] [INFO   ] thread dealer step 2.
[09:42:19.725] [INFO   ] thread dealer step 2.
[09:42:19.725] [INFO   ] thread dealer step 2.
[09:42:19.725] [INFO   ] thread dealer step 3.
[09:42:19.725] [INFO   ] thread dealer step 4.
[09:42:19.725] [INFO   ] thread dealer step 10.
[09:42:19.725] [INFO   ] thread dealer step 11.
[09:42:19.725] [INFO   ] thread dealer step 12.
[09:42:19.725] [INFO   ] thread dealer timer loop 5.
[09:42:19.725] [INFO   ] thread dealer timer loop 1.
[09:42:19.741] [INFO   ] thread dealer timer loop 2.
[09:42:19.741] [INFO   ] thread dealer timer loop 3.
[09:42:19.960] [INFO   ] thread dealer rm 1.
[09:42:19.960] [INFO   ] thread dealer timer loop 4.
[09:42:20.179] [INFO   ] thread dealer step 1.
[09:42:20.179] [INFO   ] thread dealer step 2.
[09:42:20.179] [INFO   ] thread dealer step 2.
[09:42:20.179] [INFO   ] thread dealer step 2.
[09:42:20.179] [INFO   ] thread dealer step 2.
[09:42:20.179] [INFO   ] thread dealer step 2.
[09:42:20.179] [INFO   ] thread dealer step 2.
[09:42:20.179] [INFO   ] thread dealer step 2.
[09:42:20.179] [INFO   ] thread dealer step 2.
[09:42:20.179] [INFO   ] thread dealer step 2.
[09:42:20.179] [INFO   ] thread dealer step 2.
[09:42:20.179] [INFO   ] thread dealer step 2.
[09:42:20.179] [INFO   ] thread dealer step 2.
[09:42:20.179] [INFO   ] thread dealer step 3.
[09:42:20.179] [INFO   ] thread dealer step 4.
[09:42:20.179] [INFO   ] thread dealer step 10.
[09:42:20.179] [INFO   ] thread dealer step 11.
[09:42:20.179] [INFO   ] thread dealer step 12.
[09:42:20.179] [INFO   ] thread dealer timer loop 5.
[09:42:20.179] [INFO   ] thread dealer timer loop 1.
[09:42:20.194] [INFO   ] thread dealer timer loop 2.
[09:42:20.194] [INFO   ] thread dealer timer loop 3.
[09:42:20.413] [INFO   ] thread dealer rm 1.
[09:42:20.413] [INFO   ] thread dealer timer loop 4.
[09:42:20.633] [INFO   ] thread dealer step 1.
[09:42:20.633] [INFO   ] thread dealer step 2.
[09:42:20.633] [INFO   ] thread dealer step 2.
[09:42:20.633] [INFO   ] thread dealer step 2.
[09:42:20.633] [INFO   ] thread dealer step 2.
[09:42:20.633] [INFO   ] thread dealer step 2.
[09:42:20.633] [INFO   ] thread dealer step 2.
[09:42:20.633] [INFO   ] thread dealer step 2.
[09:42:20.633] [INFO   ] thread dealer step 2.
[09:42:20.633] [INFO   ] thread dealer step 2.
[09:42:20.633] [INFO   ] thread dealer step 2.
[09:42:20.633] [INFO   ] thread dealer step 2.
[09:42:20.633] [INFO   ] thread dealer step 2.
[09:42:20.633] [INFO   ] thread dealer step 3.
[09:42:20.633] [INFO   ] thread dealer step 4.
[09:42:20.633] [INFO   ] thread dealer step 10.
[09:42:20.633] [INFO   ] thread dealer step 11.
[09:42:20.633] [INFO   ] thread dealer step 12.
[09:42:20.633] [INFO   ] thread dealer timer loop 5.
[09:42:20.633] [INFO   ] thread dealer timer loop 1.
[09:42:20.648] [INFO   ] thread dealer timer loop 2.
[09:42:20.648] [INFO   ] thread dealer timer loop 3.
[09:42:20.866] [INFO   ] thread dealer rm 1.
[09:42:20.866] [INFO   ] thread dealer timer loop 4.
[09:42:21.085] [INFO   ] thread dealer step 1.
[09:42:21.085] [INFO   ] thread dealer step 2.
[09:42:21.085] [INFO   ] thread dealer step 2.
[09:42:21.085] [INFO   ] thread dealer step 2.
[09:42:21.085] [INFO   ] thread dealer step 2.
[09:42:21.085] [INFO   ] thread dealer step 2.
[09:42:21.085] [INFO   ] thread dealer step 2.
[09:42:21.085] [INFO   ] thread dealer step 2.
[09:42:21.085] [INFO   ] thread dealer step 2.
[09:42:21.085] [INFO   ] thread dealer step 2.
[09:42:21.085] [INFO   ] thread dealer step 2.
[09:42:21.085] [INFO   ] thread dealer step 2.
[09:42:21.085] [INFO   ] thread dealer step 2.
[09:42:21.085] [INFO   ] thread dealer step 3.
[09:42:21.085] [INFO   ] thread dealer step 4.
[09:42:21.085] [INFO   ] thread dealer step 10.
[09:42:21.085] [INFO   ] thread dealer step 11.
[09:42:21.085] [INFO   ] thread dealer step 12.
[09:42:21.085] [INFO   ] thread dealer timer loop 5.
[09:42:21.085] [INFO   ] thread dealer timer loop 1.
[09:42:21.101] [INFO   ] thread dealer timer loop 2.
[09:42:21.101] [INFO   ] thread dealer timer loop 3.
[09:42:21.320] [INFO   ] thread dealer rm 1.
[09:42:21.320] [INFO   ] thread dealer timer loop 4.
[09:42:21.539] [INFO   ] thread dealer step 1.
[09:42:21.539] [INFO   ] thread dealer step 2.
[09:42:21.539] [INFO   ] thread dealer step 2.
[09:42:21.539] [INFO   ] thread dealer step 2.
[09:42:21.539] [INFO   ] thread dealer step 2.
[09:42:21.539] [INFO   ] thread dealer step 2.
[09:42:21.539] [INFO   ] thread dealer step 2.
[09:42:21.539] [INFO   ] thread dealer step 2.
[09:42:21.539] [INFO   ] thread dealer step 2.
[09:42:21.539] [INFO   ] thread dealer step 2.
[09:42:21.539] [INFO   ] thread dealer step 2.
[09:42:21.539] [INFO   ] thread dealer step 2.
[09:42:21.539] [INFO   ] thread dealer step 2.
[09:42:21.539] [INFO   ] thread dealer step 3.
[09:42:21.539] [INFO   ] thread dealer step 4.
[09:42:21.539] [INFO   ] thread dealer step 10.
[09:42:21.539] [INFO   ] thread dealer step 11.
[09:42:21.539] [INFO   ] thread dealer step 12.
[09:42:21.539] [INFO   ] thread dealer timer loop 5.
[09:42:21.539] [INFO   ] thread dealer timer loop 1.
[09:42:21.554] [INFO   ] thread dealer timer loop 2.
[09:42:21.554] [INFO   ] thread dealer timer loop 3.
[09:42:21.775] [INFO   ] thread dealer rm 1.
[09:42:21.775] [INFO   ] thread dealer timer loop 4.
[09:42:21.995] [INFO   ] thread dealer step 1.
[09:42:21.995] [INFO   ] thread dealer step 2.
[09:42:21.995] [INFO   ] thread dealer step 2.
[09:42:21.995] [INFO   ] thread dealer step 2.
[09:42:21.995] [INFO   ] thread dealer step 2.
[09:42:21.995] [INFO   ] thread dealer step 2.
[09:42:21.995] [INFO   ] thread dealer step 2.
[09:42:21.995] [INFO   ] thread dealer step 2.
[09:42:21.995] [INFO   ] thread dealer step 2.
[09:42:21.995] [INFO   ] thread dealer step 2.
[09:42:21.995] [INFO   ] thread dealer step 2.
[09:42:21.995] [INFO   ] thread dealer step 2.
[09:42:21.995] [INFO   ] thread dealer step 2.
[09:42:21.995] [INFO   ] thread dealer step 3.
[09:42:21.995] [INFO   ] thread dealer step 4.
[09:42:21.995] [INFO   ] thread dealer step 10.
[09:42:21.995] [INFO   ] thread dealer step 11.
[09:42:21.995] [INFO   ] thread dealer step 12.
[09:42:21.995] [INFO   ] thread dealer timer loop 5.
[09:42:21.995] [INFO   ] thread dealer run step 3.
[09:42:21.995] [SEVERE ] updating countdown to 10000
[09:42:22.210] [SEVERE ] removing player 2 token from slot 3
[09:42:22.210] [SEVERE ] updating countdown to 9785
[09:42:22.320] [SEVERE ] removing card from slot 0
[09:42:22.433] [SEVERE ] removing card from slot 1
[09:42:22.543] [SEVERE ] removing card from slot 2
[09:42:22.652] [SEVERE ] removing card from slot 3
[09:42:22.699] [SEVERE ] exit button pressed
[09:42:22.762] [SEVERE ] removing card from slot 4
[09:42:22.870] [SEVERE ] removing card from slot 5
[09:42:22.981] [SEVERE ] removing card from slot 6
[09:42:23.090] [SEVERE ] removing card from slot 7
[09:42:23.199] [SEVERE ] removing card from slot 8
[09:42:23.309] [SEVERE ] removing card from slot 9
[09:42:23.419] [SEVERE ] removing card from slot 10
[09:42:23.528] [SEVERE ] removing card from slot 11
[09:42:23.528] [INFO   ] thread dealer run step 1.
[09:42:23.841] [SEVERE ] placing card 20 in slot 0
[09:42:23.950] [SEVERE ] placing card 44 in slot 1
[09:42:24.058] [SEVERE ] placing card 63 in slot 2
[09:42:24.169] [SEVERE ] placing card 15 in slot 3
[09:42:24.279] [SEVERE ] placing card 19 in slot 4
[09:42:24.389] [SEVERE ] placing card 59 in slot 5
[09:42:24.498] [SEVERE ] placing card 67 in slot 6
[09:42:24.608] [SEVERE ] placing card 37 in slot 7
[09:42:24.718] [SEVERE ] placing card 50 in slot 8
[09:42:24.824] [SEVERE ] placing card 7 in slot 9
[09:42:24.939] [SEVERE ] placing card 73 in slot 10
[09:42:25.048] [SEVERE ] placing card 46 in slot 11
[09:42:25.048] [INFO   ] thread dealer step 1.
[09:42:25.048] [SEVERE ] updating countdown to 6947
[09:42:25.048] [INFO   ] thread dealer step 2.
[09:42:25.048] [INFO   ] thread dealer step 2.
[09:42:25.048] [INFO   ] thread dealer step 2.
[09:42:25.048] [INFO   ] thread dealer step 2.
[09:42:25.048] [INFO   ] thread dealer step 2.
[09:42:25.048] [INFO   ] thread dealer step 2.
[09:42:25.048] [INFO   ] thread dealer step 2.
[09:42:25.048] [INFO   ] thread dealer step 2.
[09:42:25.048] [INFO   ] thread dealer step 2.
[09:42:25.048] [INFO   ] thread dealer step 2.
[09:42:25.048] [INFO   ] thread dealer step 2.
[09:42:25.048] [INFO   ] thread dealer step 2.
[09:42:25.048] [INFO   ] thread dealer step 3.
[09:42:25.048] [SEVERE ] updating countdown to 6947
[09:42:25.048] [INFO   ] thread dealer step 4.
[09:42:25.048] [INFO   ] thread dealer step 10.
[09:42:25.048] [INFO   ] thread dealer step 11.
[09:42:25.048] [INFO   ] thread dealer step 12.
[09:42:25.048] [INFO   ] thread dealer run step 2.
[09:42:25.048] [INFO   ] thread dealer timer loop 1.
[09:42:26.049] [INFO   ] thread dealer timer loop 2.
[09:42:26.049] [SEVERE ] updating countdown to 5946
[09:42:26.049] [INFO   ] thread dealer timer loop 3.
[09:42:26.268] [INFO   ] thread dealer rm 1.
[09:42:26.268] [INFO   ] thread dealer timer loop 4.
[09:42:26.486] [INFO   ] thread dealer step 1.
[09:42:26.486] [SEVERE ] updating countdown to 5509
[09:42:26.486] [INFO   ] thread dealer step 2.
[09:42:26.486] [INFO   ] thread dealer step 2.
[09:42:26.486] [INFO   ] thread dealer step 2.
[09:42:26.486] [INFO   ] thread dealer step 2.
[09:42:26.486] [INFO   ] thread dealer step 2.
[09:42:26.486] [INFO   ] thread dealer step 2.
[09:42:26.486] [INFO   ] thread dealer step 2.
[09:42:26.486] [INFO   ] thread dealer step 2.
[09:42:26.486] [INFO   ] thread dealer step 2.
[09:42:26.486] [INFO   ] thread dealer step 2.
[09:42:26.486] [INFO   ] thread dealer step 2.
[09:42:26.486] [INFO   ] thread dealer step 2.
[09:42:26.486] [INFO   ] thread dealer step 3.
[09:42:26.486] [SEVERE ] updating countdown to 5509
[09:42:26.486] [INFO   ] thread dealer step 4.
[09:42:26.486] [INFO   ] thread dealer step 10.
[09:42:26.486] [INFO   ] thread dealer step 11.
[09:42:26.486] [INFO   ] thread dealer step 12.
[09:42:26.486] [INFO   ] thread dealer timer loop 5.
[09:42:26.486] [INFO   ] thread dealer timer loop 1.
[09:42:27.487] [INFO   ] thread dealer timer loop 2.
[09:42:27.487] [INFO   ] thread dealer timer loop 3.
[09:42:27.708] [INFO   ] thread dealer rm 1.
[09:42:27.708] [INFO   ] thread dealer timer loop 4.
[09:42:27.927] [INFO   ] thread dealer step 1.
[09:42:27.927] [INFO   ] thread dealer step 2.
[09:42:27.927] [INFO   ] thread dealer step 2.
[09:42:27.927] [INFO   ] thread dealer step 2.
[09:42:27.927] [INFO   ] thread dealer step 2.
[09:42:27.927] [INFO   ] thread dealer step 2.
[09:42:27.927] [INFO   ] thread dealer step 2.
[09:42:27.927] [INFO   ] thread dealer step 2.
[09:42:27.927] [INFO   ] thread dealer step 2.
[09:42:27.927] [INFO   ] thread dealer step 2.
[09:42:27.927] [INFO   ] thread dealer step 2.
[09:42:27.927] [INFO   ] thread dealer step 2.
[09:42:27.927] [INFO   ] thread dealer step 2.
[09:42:27.927] [INFO   ] thread dealer step 3.
[09:42:27.927] [INFO   ] thread dealer step 4.
[09:42:27.927] [INFO   ] thread dealer step 10.
[09:42:27.927] [INFO   ] thread dealer step 11.
[09:42:27.927] [INFO   ] thread dealer step 12.
[09:42:27.927] [INFO   ] thread dealer timer loop 5.
[09:42:27.927] [INFO   ] thread dealer timer loop 1.
[09:42:27.943] [INFO   ] thread dealer timer loop 2.
[09:42:27.943] [INFO   ] thread dealer timer loop 3.
[09:42:28.161] [INFO   ] thread dealer rm 1.
[09:42:28.161] [INFO   ] thread dealer timer loop 4.
[09:42:28.380] [INFO   ] thread dealer step 1.
[09:42:28.380] [INFO   ] thread dealer step 2.
[09:42:28.380] [INFO   ] thread dealer step 2.
[09:42:28.380] [INFO   ] thread dealer step 2.
[09:42:28.380] [INFO   ] thread dealer step 2.
[09:42:28.380] [INFO   ] thread dealer step 2.
[09:42:28.380] [INFO   ] thread dealer step 2.
[09:42:28.380] [INFO   ] thread dealer step 2.
[09:42:28.380] [INFO   ] thread dealer step 2.
[09:42:28.380] [INFO   ] thread dealer step 2.
[09:42:28.380] [INFO   ] thread dealer step 2.
[09:42:28.380] [INFO   ] thread dealer step 2.
[09:42:28.380] [INFO   ] thread dealer step 2.
[09:42:28.380] [INFO   ] thread dealer step 3.
[09:42:28.380] [INFO   ] thread dealer step 4.
[09:42:28.380] [INFO   ] thread dealer step 10.
[09:42:28.380] [INFO   ] thread dealer step 11.
[09:42:28.380] [INFO   ] thread dealer step 12.
[09:42:28.380] [INFO   ] thread dealer timer loop 5.
[09:42:28.380] [INFO   ] thread dealer timer loop 1.
[09:42:28.396] [INFO   ] thread dealer timer loop 2.
[09:42:28.396] [INFO   ] thread dealer timer loop 3.
[09:42:28.615] [INFO   ] thread dealer rm 1.
[09:42:28.615] [INFO   ] thread dealer timer loop 4.
[09:42:28.834] [INFO   ] thread dealer step 1.
[09:42:28.834] [INFO   ] thread dealer step 2.
[09:42:28.834] [INFO   ] thread dealer step 2.
[09:42:28.834] [INFO   ] thread dealer step 2.
[09:42:28.834] [INFO   ] thread dealer step 2.
[09:42:28.834] [INFO   ] thread dealer step 2.
[09:42:28.834] [INFO   ] thread dealer step 2.
[09:42:28.834] [INFO   ] thread dealer step 2.
[09:42:28.834] [INFO   ] thread dealer step 2.
[09:42:28.834] [INFO   ] thread dealer step 2.
[09:42:28.834] [INFO   ] thread dealer step 2.
[09:42:28.834] [INFO   ] thread dealer step 2.
[09:42:28.834] [INFO   ] thread dealer step 2.
[09:42:28.834] [INFO   ] thread dealer step 3.
[09:42:28.834] [INFO   ] thread dealer step 4.
[09:42:28.834] [INFO   ] thread dealer step 10.
[09:42:28.834] [INFO   ] thread dealer step 11.
[09:42:28.834] [INFO   ] thread dealer step 12.
[09:42:28.834] [INFO   ] thread dealer timer loop 5.
[09:42:28.834] [INFO   ] thread dealer timer loop 1.
[09:42:28.850] [INFO   ] thread dealer timer loop 2.
[09:42:28.850] [INFO   ] thread dealer timer loop 3.
[09:42:29.068] [INFO   ] thread dealer rm 1.
[09:42:29.068] [INFO   ] thread dealer timer loop 4.
[09:42:29.287] [INFO   ] thread dealer step 1.
[09:42:29.287] [INFO   ] thread dealer step 2.
[09:42:29.287] [INFO   ] thread dealer step 2.
[09:42:29.287] [INFO   ] thread dealer step 2.
[09:42:29.287] [INFO   ] thread dealer step 2.
[09:42:29.287] [INFO   ] thread dealer step 2.
[09:42:29.287] [INFO   ] thread dealer step 2.
[09:42:29.287] [INFO   ] thread dealer step 2.
[09:42:29.287] [INFO   ] thread dealer step 2.
[09:42:29.287] [INFO   ] thread dealer step 2.
[09:42:29.287] [INFO   ] thread dealer step 2.
[09:42:29.287] [INFO   ] thread dealer step 2.
[09:42:29.287] [INFO   ] thread dealer step 2.
[09:42:29.287] [INFO   ] thread dealer step 3.
[09:42:29.287] [INFO   ] thread dealer step 4.
[09:42:29.287] [INFO   ] thread dealer step 10.
[09:42:29.287] [INFO   ] thread dealer step 11.
[09:42:29.287] [INFO   ] thread dealer step 12.
[09:42:29.287] [INFO   ] thread dealer timer loop 5.
[09:42:29.287] [INFO   ] thread dealer timer loop 1.
[09:42:29.303] [INFO   ] thread dealer timer loop 2.
[09:42:29.303] [INFO   ] thread dealer timer loop 3.
[09:42:29.522] [INFO   ] thread dealer rm 1.
[09:42:29.522] [INFO   ] thread dealer timer loop 4.
[09:42:29.744] [INFO   ] thread dealer step 1.
[09:42:29.744] [INFO   ] thread dealer step 2.
[09:42:29.744] [INFO   ] thread dealer step 2.
[09:42:29.744] [INFO   ] thread dealer step 2.
[09:42:29.744] [INFO   ] thread dealer step 2.
[09:42:29.744] [INFO   ] thread dealer step 2.
[09:42:29.744] [INFO   ] thread dealer step 2.
[09:42:29.744] [INFO   ] thread dealer step 2.
[09:42:29.744] [INFO   ] thread dealer step 2.
[09:42:29.744] [INFO   ] thread dealer step 2.
[09:42:29.744] [INFO   ] thread dealer step 2.
[09:42:29.744] [INFO   ] thread dealer step 2.
[09:42:29.744] [INFO   ] thread dealer step 2.
[09:42:29.744] [INFO   ] thread dealer step 3.
[09:42:29.744] [INFO   ] thread dealer step 4.
[09:42:29.744] [INFO   ] thread dealer step 10.
[09:42:29.744] [INFO   ] thread dealer step 11.
[09:42:29.744] [INFO   ] thread dealer step 12.
[09:42:29.744] [INFO   ] thread dealer timer loop 5.
[09:42:29.744] [INFO   ] thread dealer timer loop 1.
[09:42:29.760] [INFO   ] thread dealer timer loop 2.
[09:42:29.760] [INFO   ] thread dealer timer loop 3.
[09:42:29.979] [INFO   ] thread dealer rm 1.
[09:42:29.979] [INFO   ] thread dealer timer loop 4.
[09:42:30.189] [INFO   ] thread dealer step 1.
[09:42:30.189] [INFO   ] thread dealer step 2.
[09:42:30.189] [INFO   ] thread dealer step 2.
[09:42:30.189] [INFO   ] thread dealer step 2.
[09:42:30.189] [INFO   ] thread dealer step 2.
[09:42:30.189] [INFO   ] thread dealer step 2.
[09:42:30.189] [INFO   ] thread dealer step 2.
[09:42:30.189] [INFO   ] thread dealer step 2.
[09:42:30.189] [INFO   ] thread dealer step 2.
[09:42:30.189] [INFO   ] thread dealer step 2.
[09:42:30.189] [INFO   ] thread dealer step 2.
[09:42:30.189] [INFO   ] thread dealer step 2.
[09:42:30.189] [INFO   ] thread dealer step 2.
[09:42:30.189] [INFO   ] thread dealer step 3.
[09:42:30.189] [INFO   ] thread dealer step 4.
[09:42:30.189] [INFO   ] thread dealer step 10.
[09:42:30.189] [INFO   ] thread dealer step 11.
[09:42:30.189] [INFO   ] thread dealer step 12.
[09:42:30.189] [INFO   ] thread dealer timer loop 5.
[09:42:30.189] [INFO   ] thread dealer timer loop 1.
[09:42:30.205] [INFO   ] thread dealer timer loop 2.
[09:42:30.205] [INFO   ] thread dealer timer loop 3.
[09:42:30.424] [INFO   ] thread dealer rm 1.
[09:42:30.424] [INFO   ] thread dealer timer loop 4.
[09:42:30.641] [INFO   ] thread dealer step 1.
[09:42:30.641] [INFO   ] thread dealer step 2.
[09:42:30.641] [INFO   ] thread dealer step 2.
[09:42:30.641] [INFO   ] thread dealer step 2.
[09:42:30.641] [INFO   ] thread dealer step 2.
[09:42:30.641] [INFO   ] thread dealer step 2.
[09:42:30.641] [INFO   ] thread dealer step 2.
[09:42:30.641] [INFO   ] thread dealer step 2.
[09:42:30.641] [INFO   ] thread dealer step 2.
[09:42:30.641] [INFO   ] thread dealer step 2.
[09:42:30.641] [INFO   ] thread dealer step 2.
[09:42:30.641] [INFO   ] thread dealer step 2.
[09:42:30.641] [INFO   ] thread dealer step 2.
[09:42:30.641] [INFO   ] thread dealer step 3.
[09:42:30.641] [INFO   ] thread dealer step 4.
[09:42:30.641] [INFO   ] thread dealer step 10.
[09:42:30.641] [INFO   ] thread dealer step 11.
[09:42:30.641] [INFO   ] thread dealer step 12.
[09:42:30.641] [INFO   ] thread dealer timer loop 5.
[09:42:30.641] [INFO   ] thread dealer timer loop 1.
[09:42:30.657] [INFO   ] thread dealer timer loop 2.
[09:42:30.657] [INFO   ] thread dealer timer loop 3.
[09:42:30.879] [INFO   ] thread dealer rm 1.
[09:42:30.879] [INFO   ] thread dealer timer loop 4.
[09:42:31.090] [INFO   ] thread dealer step 1.
[09:42:31.090] [INFO   ] thread dealer step 2.
[09:42:31.090] [INFO   ] thread dealer step 2.
[09:42:31.090] [INFO   ] thread dealer step 2.
[09:42:31.090] [INFO   ] thread dealer step 2.
[09:42:31.090] [INFO   ] thread dealer step 2.
[09:42:31.090] [INFO   ] thread dealer step 2.
[09:42:31.090] [INFO   ] thread dealer step 2.
[09:42:31.090] [INFO   ] thread dealer step 2.
[09:42:31.090] [INFO   ] thread dealer step 2.
[09:42:31.090] [INFO   ] thread dealer step 2.
[09:42:31.090] [INFO   ] thread dealer step 2.
[09:42:31.090] [INFO   ] thread dealer step 2.
[09:42:31.090] [INFO   ] thread dealer step 3.
[09:42:31.090] [INFO   ] thread dealer step 4.
[09:42:31.090] [INFO   ] thread dealer step 10.
[09:42:31.090] [INFO   ] thread dealer step 11.
[09:42:31.090] [INFO   ] thread dealer step 12.
[09:42:31.090] [INFO   ] thread dealer timer loop 5.
[09:42:31.090] [INFO   ] thread dealer timer loop 1.
[09:42:31.105] [INFO   ] thread dealer timer loop 2.
[09:42:31.105] [INFO   ] thread dealer timer loop 3.
[09:42:31.326] [INFO   ] thread dealer rm 1.
[09:42:31.326] [INFO   ] thread dealer timer loop 4.
[09:42:31.544] [INFO   ] thread dealer step 1.
[09:42:31.546] [INFO   ] thread dealer step 2.
[09:42:31.546] [INFO   ] thread dealer step 2.
[09:42:31.546] [INFO   ] thread dealer step 2.
[09:42:31.546] [INFO   ] thread dealer step 2.
[09:42:31.546] [INFO   ] thread dealer step 2.
[09:42:31.546] [INFO   ] thread dealer step 2.
[09:42:31.546] [INFO   ] thread dealer step 2.
[09:42:31.546] [INFO   ] thread dealer step 2.
[09:42:31.546] [INFO   ] thread dealer step 2.
[09:42:31.546] [INFO   ] thread dealer step 2.
[09:42:31.546] [INFO   ] thread dealer step 2.
[09:42:31.546] [INFO   ] thread dealer step 2.
[09:42:31.546] [INFO   ] thread dealer step 3.
[09:42:31.546] [INFO   ] thread dealer step 4.
[09:42:31.546] [INFO   ] thread dealer step 10.
[09:42:31.546] [INFO   ] thread dealer step 11.
[09:42:31.546] [INFO   ] thread dealer step 12.
[09:42:31.546] [INFO   ] thread dealer timer loop 5.
[09:42:31.546] [INFO   ] thread dealer timer loop 1.
[09:42:31.559] [INFO   ] thread dealer timer loop 2.
[09:42:31.559] [INFO   ] thread dealer timer loop 3.
[09:42:31.779] [INFO   ] thread dealer rm 1.
[09:42:31.779] [INFO   ] thread dealer timer loop 4.
[09:42:32.000] [INFO   ] thread dealer step 1.
[09:42:32.000] [INFO   ] thread dealer step 2.
[09:42:32.000] [INFO   ] thread dealer step 2.
[09:42:32.000] [INFO   ] thread dealer step 2.
[09:42:32.000] [INFO   ] thread dealer step 2.
[09:42:32.000] [INFO   ] thread dealer step 2.
[09:42:32.000] [INFO   ] thread dealer step 2.
[09:42:32.000] [INFO   ] thread dealer step 2.
[09:42:32.000] [INFO   ] thread dealer step 2.
[09:42:32.000] [INFO   ] thread dealer step 2.
[09:42:32.000] [INFO   ] thread dealer step 2.
[09:42:32.000] [INFO   ] thread dealer step 2.
[09:42:32.000] [INFO   ] thread dealer step 2.
[09:42:32.000] [INFO   ] thread dealer step 3.
[09:42:32.000] [INFO   ] thread dealer step 4.
[09:42:32.000] [INFO   ] thread dealer step 10.
[09:42:32.000] [INFO   ] thread dealer step 11.
[09:42:32.000] [INFO   ] thread dealer step 12.
[09:42:32.000] [INFO   ] thread dealer timer loop 5.
[09:42:32.000] [INFO   ] thread dealer run step 3.
[09:42:32.000] [SEVERE ] updating countdown to 10000
[09:42:32.220] [SEVERE ] updating countdown to 9780
[09:42:32.329] [SEVERE ] removing card from slot 0
[09:42:32.439] [SEVERE ] removing card from slot 1
[09:42:32.548] [SEVERE ] removing card from slot 2
[09:42:32.657] [SEVERE ] removing card from slot 3
[09:42:32.720] [INFO   ] thread Thread-1 player was notified by dealer.
[09:42:32.720] [INFO   ] penalty
[09:42:32.720] [SEVERE ] setting player 2 freeze to 3000
[09:42:32.720] [SEVERE ] setting player 2 freeze to 2000
[09:42:32.767] [SEVERE ] removing card from slot 4
[09:42:32.876] [SEVERE ] removing card from slot 5
[09:42:32.986] [SEVERE ] removing card from slot 6
[09:42:33.096] [SEVERE ] removing card from slot 7
[09:42:33.205] [SEVERE ] removing card from slot 8
[09:42:33.314] [SEVERE ] removing card from slot 9
[09:42:33.424] [SEVERE ] removing card from slot 10
[09:42:33.534] [SEVERE ] removing card from slot 11
[09:42:33.534] [INFO   ] thread dealer run step 1.
[09:42:33.735] [SEVERE ] setting player 2 freeze to 1000
[09:42:33.861] [SEVERE ] placing card 33 in slot 0
[09:42:33.971] [SEVERE ] placing card 20 in slot 1
[09:42:34.081] [SEVERE ] placing card 22 in slot 2
[09:42:34.191] [SEVERE ] placing card 12 in slot 3
[09:42:34.300] [SEVERE ] placing card 53 in slot 4
[09:42:34.410] [SEVERE ] placing card 1 in slot 5
[09:42:34.519] [SEVERE ] placing card 56 in slot 6
[09:42:34.629] [SEVERE ] placing card 52 in slot 7
[09:42:34.738] [SEVERE ] placing card 17 in slot 8
[09:42:34.738] [SEVERE ] setting player 2 freeze to 0
[09:42:34.738] [INFO   ] thread Thread-1 terminated.
[09:42:34.738] [INFO   ] thread Thread-0 player was notified by dealer.
[09:42:34.738] [INFO   ] penalty
[09:42:34.738] [SEVERE ] setting player 1 freeze to 3000
[09:42:34.739] [SEVERE ] setting player 1 freeze to 2000
[09:42:34.847] [SEVERE ] placing card 71 in slot 9
[09:42:34.956] [SEVERE ] placing card 26 in slot 10
[09:42:35.066] [SEVERE ] placing card 66 in slot 11
[09:42:35.066] [INFO   ] thread dealer step 1.
[09:42:35.066] [SEVERE ] updating countdown to 6934
[09:42:35.066] [INFO   ] thread dealer step 2.
[09:42:35.066] [INFO   ] thread dealer step 2.
[09:42:35.066] [INFO   ] thread dealer step 2.
[09:42:35.066] [INFO   ] thread dealer step 2.
[09:42:35.066] [INFO   ] thread dealer step 2.
[09:42:35.066] [INFO   ] thread dealer step 2.
[09:42:35.066] [INFO   ] thread dealer step 2.
[09:42:35.066] [INFO   ] thread dealer step 2.
[09:42:35.066] [INFO   ] thread dealer step 2.
[09:42:35.066] [INFO   ] thread dealer step 2.
[09:42:35.066] [INFO   ] thread dealer step 2.
[09:42:35.066] [INFO   ] thread dealer step 2.
[09:42:35.066] [INFO   ] thread dealer step 3.
[09:42:35.066] [SEVERE ] updating countdown to 6934
[09:42:35.066] [INFO   ] thread dealer step 4.
[09:42:35.066] [INFO   ] thread dealer step 10.
[09:42:35.066] [INFO   ] thread dealer step 11.
[09:42:35.066] [INFO   ] thread dealer step 12.
[09:42:35.066] [INFO   ] thread dealer run step 2.
[09:42:35.066] [INFO   ] thread dealer timer loop 1.
[09:42:35.066] [INFO   ] thread dealer timer loop 2.
[09:42:35.066] [SEVERE ] updating countdown to 6934
[09:42:35.066] [INFO   ] thread dealer timer loop 3.
[09:42:35.287] [INFO   ] thread dealer rm 1.
[09:42:35.287] [INFO   ] thread dealer rm 2.
[09:42:35.287] [INFO   ] remove  in the table step 1
[09:42:35.287] [INFO   ] remove  in the table step 2
[09:42:35.287] [INFO   ] thread dealer rm 3.
[09:42:35.287] [INFO   ] thread dealer rm 5.
[09:42:35.287] [INFO   ] thread dealer rm 17.
[09:42:35.287] [INFO   ] thread dealer rm 18.
[09:42:35.287] [INFO   ] thread dealerrm 19 .
[09:42:35.287] [INFO   ] thread dealer rm 20.
[09:42:35.287] [SEVERE ] updating countdown to 6713
[09:42:35.287] [INFO   ] thread dealer rm 22.
[09:42:35.287] [INFO   ] thread dealer rm 23.
[09:42:35.287] [SEVERE ] updating countdown to 6713
[09:42:35.746] [SEVERE ] setting player 1 freeze to 1000
[09:42:36.757] [SEVERE ] setting player 1 freeze to 0
[09:42:36.757] [INFO   ] thread Thread-0 terminated.
[09:42:36.757] [INFO   ] thread dealer rm 2.
[09:42:36.757] [INFO   ] remove  in the table step 1
[09:42:36.757] [INFO   ] remove  in the table step 2
[09:42:36.757] [INFO   ] thread dealer rm 3.
[09:42:36.757] [INFO   ] thread dealer rm 5.
[09:42:36.757] [INFO   ] thread dealer rm 17.
[09:42:36.757] [INFO   ] thread dealer rm 18.
[09:42:36.757] [INFO   ] thread dealerrm 19 .
[09:42:36.757] [INFO   ] thread dealer rm 20.
[09:42:36.757] [SEVERE ] updating countdown to 5243
[09:42:36.757] [INFO   ] thread dealer rm 22.
[09:42:36.757] [INFO   ] thread dealer rm 23.
[09:42:36.757] [SEVERE ] updating countdown to 5243
[09:42:36.757] [INFO   ] thread dealer timer loop 4.
[09:42:36.975] [INFO   ] thread dealer step 1.
[09:42:36.975] [SEVERE ] updating countdown to 5025
[09:42:36.975] [INFO   ] thread dealer step 2.
[09:42:36.975] [INFO   ] thread dealer step 2.
[09:42:36.975] [INFO   ] thread dealer step 2.
[09:42:36.975] [INFO   ] thread dealer step 2.
[09:42:36.975] [INFO   ] thread dealer step 2.
[09:42:36.975] [INFO   ] thread dealer step 2.
[09:42:36.975] [INFO   ] thread dealer step 2.
[09:42:36.975] [INFO   ] thread dealer step 2.
[09:42:36.975] [INFO   ] thread dealer step 2.
[09:42:36.975] [INFO   ] thread dealer step 2.
[09:42:36.975] [INFO   ] thread dealer step 2.
[09:42:36.975] [INFO   ] thread dealer step 2.
[09:42:36.975] [INFO   ] thread dealer step 3.
[09:42:36.975] [SEVERE ] updating countdown to 5025
[09:42:36.976] [INFO   ] thread dealer step 4.
[09:42:36.976] [INFO   ] thread dealer step 10.
[09:42:36.976] [INFO   ] thread dealer step 11.
[09:42:36.976] [INFO   ] thread dealer step 12.
[09:42:36.976] [INFO   ] thread dealer timer loop 5.
[09:42:36.976] [INFO   ] thread dealer run step 3.
[09:42:36.976] [SEVERE ] updating countdown to 10000
[09:42:37.194] [SEVERE ] updating countdown to 9782
[09:42:37.304] [SEVERE ] removing card from slot 0
[09:42:37.413] [SEVERE ] removing card from slot 1
[09:42:37.522] [SEVERE ] removing card from slot 2
[09:42:37.632] [SEVERE ] removing card from slot 3
[09:42:37.741] [SEVERE ] removing card from slot 4
[09:42:37.851] [SEVERE ] removing card from slot 5
[09:42:37.960] [SEVERE ] removing card from slot 6
[09:42:38.068] [SEVERE ] removing card from slot 7
[09:42:38.179] [SEVERE ] removing card from slot 8
[09:42:38.288] [SEVERE ] removing card from slot 9
[09:42:38.397] [SEVERE ] removing card from slot 10
[09:42:38.507] [SEVERE ] removing card from slot 11
[09:42:38.507] [SEVERE ] announcing winner(s): player 1, player 2
[09:42:38.507] [INFO   ] thread dealer terminated.
[09:42:38.507] [INFO   ] thread dealer terminated.
[09:42:38.507] [SEVERE ] thanks for playing... it was fun!
[09:42:38.507] [INFO   ] thread main terminated.
