[21:08:35.852] [INFO   ] thread main starting.
[21:08:35.860] [SEVERE ] cannot read configuration file config.properties trying from resources.
[21:08:35.866] [SEVERE ] configuration file was loaded from resources directory.
[21:08:36.529] [INFO   ] thread dealer starting.
[21:08:36.530] [INFO   ] thread dealer starting.
[21:08:36.530] [INFO   ] thread Thread-0 starting.
[21:08:36.531] [INFO   ] thread Thread-1 starting.
[21:08:36.531] [SEVERE ] updating countdown to 20000
[21:08:36.538] [INFO   ] thread dealer run step 1.
[21:08:36.768] [SEVERE ] updating countdown to 19813
[21:08:36.769] [INFO   ] remove all step 1 dealer rm all 1.
[21:08:36.984] [INFO   ] before removing token thread dealer rm all 2.
[21:08:36.985] [INFO   ] after removing token thread dealer rm 6.
[21:08:36.985] [SEVERE ] updating countdown to 19596
[21:08:37.202] [SEVERE ] updating countdown to 19379
[21:08:37.202] [INFO   ] remove all step 1 dealer rm all 1.
[21:08:37.435] [INFO   ] before removing token thread dealer rm all 2.
[21:08:37.436] [INFO   ] after removing token thread dealer rm 6.
[21:08:37.436] [SEVERE ] updating countdown to 19145
[21:08:37.653] [SEVERE ] updating countdown to 18928
[21:08:37.653] [INFO   ] remove all step 1 dealer rm all 1.
[21:08:37.867] [INFO   ] before removing token thread dealer rm all 2.
[21:08:37.867] [INFO   ] after removing token thread dealer rm 6.
[21:08:37.867] [SEVERE ] updating countdown to 18714
[21:08:38.086] [SEVERE ] updating countdown to 18495
[21:08:38.086] [INFO   ] remove all step 1 dealer rm all 1.
[21:08:38.305] [INFO   ] before removing token thread dealer rm all 2.
[21:08:38.305] [INFO   ] after removing token thread dealer rm 6.
[21:08:38.305] [SEVERE ] updating countdown to 18276
[21:08:38.524] [SEVERE ] updating countdown to 18057
[21:08:38.524] [INFO   ] remove all step 1 dealer rm all 1.
[21:08:38.743] [INFO   ] before removing token thread dealer rm all 2.
[21:08:38.743] [INFO   ] after removing token thread dealer rm 6.
[21:08:38.743] [SEVERE ] updating countdown to 17838
[21:08:38.962] [SEVERE ] updating countdown to 17619
[21:08:38.962] [INFO   ] remove all step 1 dealer rm all 1.
[21:08:39.181] [INFO   ] before removing token thread dealer rm all 2.
[21:08:39.181] [INFO   ] after removing token thread dealer rm 6.
[21:08:39.181] [SEVERE ] updating countdown to 17400
[21:08:39.400] [SEVERE ] updating countdown to 17181
[21:08:39.400] [INFO   ] remove all step 1 dealer rm all 1.
[21:08:39.620] [INFO   ] before removing token thread dealer rm all 2.
[21:08:39.620] [INFO   ] after removing token thread dealer rm 6.
[21:08:39.620] [SEVERE ] updating countdown to 16961
[21:08:39.836] [SEVERE ] updating countdown to 16745
[21:08:39.837] [INFO   ] remove all step 1 dealer rm all 1.
[21:08:40.047] [INFO   ] before removing token thread dealer rm all 2.
[21:08:40.047] [INFO   ] after removing token thread dealer rm 6.
[21:08:40.048] [SEVERE ] updating countdown to 16534
[21:08:40.254] [SEVERE ] updating countdown to 16327
[21:08:40.254] [INFO   ] remove all step 1 dealer rm all 1.
[21:08:40.469] [INFO   ] before removing token thread dealer rm all 2.
[21:08:40.469] [INFO   ] after removing token thread dealer rm 6.
[21:08:40.470] [SEVERE ] updating countdown to 16111
[21:08:40.687] [SEVERE ] updating countdown to 15894
[21:08:40.687] [INFO   ] remove all step 1 dealer rm all 1.
[21:08:40.917] [INFO   ] before removing token thread dealer rm all 2.
[21:08:40.918] [INFO   ] after removing token thread dealer rm 6.
[21:08:40.918] [SEVERE ] updating countdown to 15663
[21:08:41.132] [SEVERE ] updating countdown to 15449
[21:08:41.132] [INFO   ] remove all step 1 dealer rm all 1.
[21:08:41.350] [INFO   ] before removing token thread dealer rm all 2.
[21:08:41.350] [INFO   ] after removing token thread dealer rm 6.
[21:08:41.350] [SEVERE ] updating countdown to 15231
[21:08:41.571] [SEVERE ] updating countdown to 15010
[21:08:41.571] [INFO   ] remove all step 1 dealer rm all 1.
[21:08:41.791] [INFO   ] before removing token thread dealer rm all 2.
[21:08:41.791] [INFO   ] after removing token thread dealer rm 6.
[21:08:41.791] [SEVERE ] updating countdown to 14790
[21:08:42.010] [SEVERE ] updating countdown to 14571
[21:08:42.010] [INFO   ] remove all step 1 dealer rm all 1.
[21:08:42.229] [INFO   ] before removing token thread dealer rm all 2.
[21:08:42.229] [INFO   ] after removing token thread dealer rm 6.
[21:08:42.229] [SEVERE ] updating countdown to 14352
[21:08:42.447] [SEVERE ] updating countdown to 14134
[21:08:42.447] [INFO   ] remove all step 1 dealer rm all 1.
[21:08:42.666] [INFO   ] before removing token thread dealer rm all 2.
[21:08:42.666] [INFO   ] after removing token thread dealer rm 6.
[21:08:42.666] [SEVERE ] updating countdown to 13915
[21:08:42.889] [SEVERE ] updating countdown to 13692
[21:08:42.889] [INFO   ] remove all step 1 dealer rm all 1.
[21:08:43.107] [INFO   ] before removing token thread dealer rm all 2.
[21:08:43.107] [INFO   ] after removing token thread dealer rm 6.
[21:08:43.107] [SEVERE ] updating countdown to 13474
[21:08:43.326] [SEVERE ] updating countdown to 13255
[21:08:43.326] [INFO   ] remove all step 1 dealer rm all 1.
[21:08:43.546] [INFO   ] before removing token thread dealer rm all 2.
[21:08:43.546] [INFO   ] after removing token thread dealer rm 6.
[21:08:43.546] [SEVERE ] updating countdown to 13035
[21:08:43.765] [SEVERE ] updating countdown to 12816
[21:08:43.765] [INFO   ] remove all step 1 dealer rm all 1.
[21:08:43.984] [INFO   ] before removing token thread dealer rm all 2.
[21:08:43.984] [INFO   ] after removing token thread dealer rm 6.
[21:08:43.984] [SEVERE ] updating countdown to 12597
[21:08:44.079] [SEVERE ] exit button pressed
[21:08:44.196] [SEVERE ] updating countdown to 12385
[21:08:44.196] [INFO   ] remove all step 1 dealer rm all 1.
[21:08:44.416] [INFO   ] before removing token thread dealer rm all 2.
[21:08:44.416] [INFO   ] after removing token thread dealer rm 6.
[21:08:44.416] [SEVERE ] updating countdown to 12165
[21:08:44.635] [SEVERE ] updating countdown to 11946
[21:08:44.635] [INFO   ] remove all step 1 dealer rm all 1.
[21:08:44.854] [INFO   ] before removing token thread dealer rm all 2.
[21:08:44.854] [INFO   ] after removing token thread dealer rm 6.
[21:08:44.854] [SEVERE ] updating countdown to 11727
[21:08:45.073] [SEVERE ] updating countdown to 11508
[21:08:45.073] [INFO   ] remove all step 1 dealer rm all 1.
[21:08:45.300] [INFO   ] before removing token thread dealer rm all 2.
[21:08:45.300] [INFO   ] after removing token thread dealer rm 6.
[21:08:45.300] [SEVERE ] updating countdown to 11281
[21:08:45.510] [SEVERE ] updating countdown to 11071
[21:08:45.510] [INFO   ] remove all step 1 dealer rm all 1.
[21:08:45.726] [INFO   ] before removing token thread dealer rm all 2.
[21:08:45.726] [INFO   ] after removing token thread dealer rm 6.
[21:08:45.726] [SEVERE ] updating countdown to 10855
[21:08:45.935] [SEVERE ] updating countdown to 10646
[21:08:45.936] [INFO   ] remove all step 1 dealer rm all 1.
