[03:09:14.864] [INFO   ] thread main starting.
[03:09:14.873] [SEVERE ] cannot read configuration file config.properties trying from resources.
[03:09:14.876] [SEVERE ] configuration file was loaded from resources directory.
[03:09:15.403] [INFO   ] thread dealer starting.
[03:09:15.404] [INFO   ] thread dealer terminated.
[03:09:15.406] [SEVERE ] updating countdown to 10000
[03:09:15.406] [INFO   ] thread Thread-3 starting.
[03:09:15.406] [INFO   ] thread Thread-2 starting.
[03:09:15.406] [INFO   ] thread Thread-1 starting.
[03:09:15.406] [INFO   ] thread Thread-0 starting.
[03:09:15.407] [INFO   ] thread computer-3 starting.
[03:09:15.407] [INFO   ] thread computer-2 starting.
[03:09:15.407] [INFO   ] thread computer-0 starting.
[03:09:15.407] [INFO   ] thread computer-1 starting.
[03:09:15.517] [SEVERE ] placing card 8 in slot 4
[03:09:15.631] [SEVERE ] placing card 73 in slot 1
[03:09:15.748] [SEVERE ] placing card 23 in slot 5
[03:09:15.849] [SEVERE ] placing card 52 in slot 8
[03:09:15.965] [SEVERE ] placing card 19 in slot 11
[03:09:16.082] [SEVERE ] placing card 14 in slot 2
[03:09:16.197] [SEVERE ] placing card 28 in slot 10
[03:09:16.313] [SEVERE ] placing card 18 in slot 6
[03:09:16.423] [SEVERE ] placing card 64 in slot 0
[03:09:16.532] [SEVERE ] placing card 58 in slot 7
[03:09:16.646] [SEVERE ] placing card 71 in slot 9
[03:09:16.748] [SEVERE ] placing card 0 in slot 3
[03:09:16.750] [SEVERE ] player 3 placing token on slot 10
[03:09:16.750] [SEVERE ] player 1 placing token on slot 9
[03:09:16.750] [SEVERE ] player 2 placing token on slot 5
[03:09:16.750] [SEVERE ] player 4 placing token on slot 2
[03:09:16.751] [SEVERE ] player 2 placing token on slot 2
[03:09:16.751] [SEVERE ] player 1 placing token on slot 0
[03:09:16.750] [SEVERE ] player 3 placing token on slot 9
[03:09:16.753] [SEVERE ] player 1 placing token on slot 1
[03:09:16.752] [SEVERE ] player 2 placing token on slot 10
[03:09:16.752] [SEVERE ] player 4 placing token on slot 0
[03:09:16.754] [SEVERE ] updating countdown to 8653
[03:09:16.753] [SEVERE ] player 3 placing token on slot 2
[03:09:16.755] [SEVERE ] player 4 placing token on slot 6
[03:09:16.757] [SEVERE ] setting player 1 freeze to 0
[03:09:16.758] [SEVERE ] removing player 1 token from slot 1
[03:09:16.758] [SEVERE ] setting player 2 freeze to 0
[03:09:16.759] [SEVERE ] player 1 placing token on slot 5
[03:09:16.759] [SEVERE ] removing player 2 token from slot 5
[03:09:16.759] [SEVERE ] setting player 3 freeze to 0
[03:09:16.760] [SEVERE ] player 2 placing token on slot 7
[03:09:16.760] [SEVERE ] setting player 4 freeze to 0
[03:09:16.761] [SEVERE ] setting player 1 freeze to 0
[03:09:16.760] [SEVERE ] removing player 3 token from slot 9
[03:10:50.139] [SEVERE ] exit button pressed
