[03:25:21.747] [INFO   ] thread main starting.
[03:25:21.755] [SEVERE ] cannot read configuration file config.properties trying from resources.
[03:25:21.758] [SEVERE ] configuration file was loaded from resources directory.
[03:25:22.381] [INFO   ] thread dealer starting.
[03:25:22.381] [INFO   ] thread dealer terminated.
[03:25:22.383] [SEVERE ] updating countdown to 10000
[03:25:22.383] [INFO   ] thread Thread-3 starting.
[03:25:22.383] [INFO   ] thread Thread-0 starting.
[03:25:22.383] [INFO   ] thread Thread-2 starting.
[03:25:22.383] [INFO   ] thread Thread-1 starting.
[03:25:22.385] [INFO   ] thread computer-1 starting.
[03:25:22.385] [INFO   ] thread computer-2 starting.
[03:25:22.385] [INFO   ] thread computer-3 starting.
[03:25:22.385] [INFO   ] thread computer-0 starting.
[03:25:22.496] [SEVERE ] placing card 74 in slot 5
[03:25:22.598] [SEVERE ] placing card 52 in slot 4
[03:25:22.699] [SEVERE ] placing card 45 in slot 3
[03:25:22.813] [SEVERE ] placing card 30 in slot 9
[03:25:22.915] [SEVERE ] placing card 3 in slot 1
[03:25:23.029] [SEVERE ] placing card 57 in slot 8
[03:25:23.131] [SEVERE ] placing card 0 in slot 6
[03:25:23.247] [SEVERE ] placing card 14 in slot 0
[03:25:23.360] [SEVERE ] placing card 58 in slot 7
[03:25:23.469] [SEVERE ] placing card 18 in slot 10
[03:25:23.579] [SEVERE ] placing card 80 in slot 11
[03:25:23.688] [SEVERE ] placing card 34 in slot 2
[03:25:23.691] [SEVERE ] player 4 placing token on slot 11
[03:25:23.691] [SEVERE ] player 3 placing token on slot 9
[03:25:23.691] [SEVERE ] player 2 placing token on slot 9
[03:25:23.691] [SEVERE ] player 1 placing token on slot 10
[03:25:23.698] [SEVERE ] player 3 placing token on slot 11
[03:25:23.699] [SEVERE ] player 4 placing token on slot 4
[03:25:23.701] [SEVERE ] player 2 placing token on slot 4
[03:25:23.701] [SEVERE ] player 1 placing token on slot 6
[03:25:23.701] [SEVERE ] player 4 placing token on slot 2
[03:25:23.701] [SEVERE ] updating countdown to 8684
[03:25:23.704] [SEVERE ] player 1 placing token on slot 0
[03:25:23.701] [SEVERE ] player 3 placing token on slot 4
[03:25:23.706] [SEVERE ] player 2 placing token on slot 3
[03:25:24.724] [SEVERE ] updating countdown to 7661
[03:25:25.737] [SEVERE ] updating countdown to 6648
[03:25:26.740] [SEVERE ] updating countdown to 5645
[03:25:29.148] [SEVERE ] exit button pressed
[03:25:29.149] [INFO   ] thread Thread-3 terminated.
[03:25:29.164] [INFO   ] thread Thread-2 terminated.
[03:25:29.166] [INFO   ] thread Thread-1 terminated.
[03:25:29.167] [INFO   ] thread Thread-0 terminated.
[03:25:29.180] [SEVERE ] updating countdown to 10000
[03:25:29.181] [SEVERE ] removing player 1 token from slot 0
[03:25:29.181] [SEVERE ] removing player 2 token from slot 0
[03:25:29.181] [SEVERE ] removing player 3 token from slot 0
[03:25:29.181] [SEVERE ] removing player 4 token from slot 0
[03:25:29.296] [SEVERE ] removing card from slot 0
[03:25:29.298] [SEVERE ] removing player 1 token from slot 1
[03:25:29.298] [SEVERE ] removing player 2 token from slot 1
[03:25:29.298] [SEVERE ] removing player 3 token from slot 1
[03:25:29.298] [SEVERE ] removing player 4 token from slot 1
[03:25:29.407] [SEVERE ] removing card from slot 1
[03:25:29.407] [SEVERE ] removing player 1 token from slot 2
[03:25:29.407] [SEVERE ] removing player 2 token from slot 2
[03:25:29.407] [SEVERE ] removing player 3 token from slot 2
[03:25:29.407] [SEVERE ] removing player 4 token from slot 2
[03:25:29.517] [SEVERE ] removing card from slot 2
[03:25:29.517] [SEVERE ] removing player 1 token from slot 3
[03:25:29.517] [SEVERE ] removing player 2 token from slot 3
[03:25:29.517] [SEVERE ] removing player 3 token from slot 3
[03:25:29.517] [SEVERE ] removing player 4 token from slot 3
[03:25:29.626] [SEVERE ] removing card from slot 3
[03:25:29.626] [SEVERE ] removing player 1 token from slot 4
[03:25:29.626] [SEVERE ] removing player 2 token from slot 4
[03:25:29.626] [SEVERE ] removing player 3 token from slot 4
[03:25:29.626] [SEVERE ] removing player 4 token from slot 4
[03:25:29.735] [SEVERE ] removing card from slot 4
[03:25:29.735] [SEVERE ] removing player 1 token from slot 5
[03:25:29.735] [SEVERE ] removing player 2 token from slot 5
[03:25:29.735] [SEVERE ] removing player 3 token from slot 5
[03:25:29.735] [SEVERE ] removing player 4 token from slot 5
[03:25:29.845] [SEVERE ] removing card from slot 5
[03:25:29.845] [SEVERE ] removing player 1 token from slot 6
[03:25:29.845] [SEVERE ] removing player 2 token from slot 6
[03:25:29.845] [SEVERE ] removing player 3 token from slot 6
[03:25:29.845] [SEVERE ] removing player 4 token from slot 6
[03:25:29.955] [SEVERE ] removing card from slot 6
[03:25:29.955] [SEVERE ] removing player 1 token from slot 7
[03:25:29.955] [SEVERE ] removing player 2 token from slot 7
[03:25:29.955] [SEVERE ] removing player 3 token from slot 7
[03:25:29.955] [SEVERE ] removing player 4 token from slot 7
[03:25:30.066] [SEVERE ] removing card from slot 7
[03:25:30.066] [SEVERE ] removing player 1 token from slot 8
[03:25:30.066] [SEVERE ] removing player 2 token from slot 8
[03:25:30.066] [SEVERE ] removing player 3 token from slot 8
[03:25:30.066] [SEVERE ] removing player 4 token from slot 8
[03:25:30.181] [SEVERE ] removing card from slot 8
[03:25:30.181] [SEVERE ] removing player 1 token from slot 9
[03:25:30.181] [SEVERE ] removing player 2 token from slot 9
[03:25:30.182] [SEVERE ] removing player 3 token from slot 9
[03:25:30.182] [SEVERE ] removing player 4 token from slot 9
[03:25:30.297] [SEVERE ] removing card from slot 9
[03:25:30.297] [SEVERE ] removing player 1 token from slot 10
[03:25:30.298] [SEVERE ] removing player 2 token from slot 10
[03:25:30.298] [SEVERE ] removing player 3 token from slot 10
[03:25:30.298] [SEVERE ] removing player 4 token from slot 10
[03:25:30.414] [SEVERE ] removing card from slot 10
[03:25:30.414] [SEVERE ] removing player 1 token from slot 11
[03:25:30.414] [SEVERE ] removing player 2 token from slot 11
[03:25:30.414] [SEVERE ] removing player 3 token from slot 11
[03:25:30.414] [SEVERE ] removing player 4 token from slot 11
[03:25:30.528] [SEVERE ] removing card from slot 11
[03:25:30.530] [SEVERE ] announcing winner(s): player 1, player 2, player 3, player 4
[03:25:30.532] [INFO   ] thread dealer terminated.
[03:25:30.532] [INFO   ] thread dealer terminated.
[03:25:30.532] [SEVERE ] thanks for playing... it was fun!
[03:25:30.532] [INFO   ] thread main terminated.
