[11:32:21.464] [INFO   ] thread main starting.
[11:32:21.468] [SEVERE ] cannot read configuration file config.properties trying from resources.
[11:32:21.468] [SEVERE ] configuration file was loaded from resources directory.
[11:32:22.239] [INFO   ] thread dealer starting.
[11:32:22.239] [INFO   ] thread dealer starting.
[11:32:22.239] [INFO   ] thread Thread-0 starting.
[11:32:22.239] [INFO   ] thread Thread-1 starting.
[11:32:22.244] [SEVERE ] updating countdown to 20000
[11:32:22.245] [INFO   ] thread dealer run step 1.
[11:32:22.586] [SEVERE ] placing card 59 in slot 0
[11:32:22.700] [SEVERE ] placing card 23 in slot 1
[11:32:22.816] [SEVERE ] placing card 33 in slot 2
[11:32:22.933] [SEVERE ] placing card 0 in slot 3
[11:32:23.050] [SEVERE ] placing card 25 in slot 4
[11:32:23.152] [SEVERE ] placing card 22 in slot 5
[11:32:23.265] [SEVERE ] placing card 14 in slot 6
[11:32:23.366] [SEVERE ] placing card 57 in slot 7
[11:32:23.482] [SEVERE ] placing card 41 in slot 8
[11:32:23.592] [SEVERE ] placing card 4 in slot 9
[11:32:23.702] [SEVERE ] placing card 58 in slot 10
[11:32:23.812] [SEVERE ] placing card 26 in slot 11
[11:32:23.812] [INFO   ] thread dealer step 1.
[11:32:23.812] [SEVERE ] updating countdown to 20000
[11:32:23.812] [INFO   ] thread dealer step 4.
[11:32:23.812] [INFO   ] thread dealer step 10.
[11:32:23.812] [INFO   ] thread dealer step 11.
[11:32:23.812] [INFO   ] thread dealer step 12.
[11:32:23.812] [INFO   ] thread dealer run step 2.
[11:32:23.812] [INFO   ] thread dealer timer loop 1.
[11:32:23.921] [INFO   ] thread dealer timer loop 2.
[11:32:23.921] [SEVERE ] updating countdown to 19941
[11:32:23.921] [INFO   ] thread dealer timer loop 3.
[11:32:24.142] [INFO   ] thread dealer rm 1.
[11:32:24.142] [INFO   ] thread dealer timer loop 4.
[11:32:24.364] [INFO   ] thread dealer step 1.
[11:32:24.364] [SEVERE ] updating countdown to 19498
[11:32:24.364] [INFO   ] thread dealer step 4.
[11:32:24.364] [INFO   ] thread dealer step 10.
[11:32:24.364] [INFO   ] thread dealer step 11.
[11:32:24.364] [INFO   ] thread dealer step 12.
[11:32:24.364] [INFO   ] thread dealer timer loop 5.
[11:32:24.364] [INFO   ] thread dealer timer loop 1.
[11:32:24.474] [INFO   ] thread dealer timer loop 2.
[11:32:24.474] [SEVERE ] updating countdown to 19388
[11:32:24.474] [INFO   ] thread dealer timer loop 3.
[11:32:24.694] [INFO   ] thread dealer rm 1.
[11:32:24.694] [INFO   ] thread dealer timer loop 4.
[11:32:24.915] [INFO   ] thread dealer step 1.
[11:32:24.915] [SEVERE ] updating countdown to 18947
[11:32:24.915] [INFO   ] thread dealer step 4.
[11:32:24.915] [INFO   ] thread dealer step 10.
[11:32:24.915] [INFO   ] thread dealer step 11.
[11:32:24.915] [INFO   ] thread dealer step 12.
[11:32:24.915] [INFO   ] thread dealer timer loop 5.
[11:32:24.915] [INFO   ] thread dealer timer loop 1.
[11:32:25.024] [INFO   ] thread dealer timer loop 2.
[11:32:25.024] [SEVERE ] updating countdown to 18838
[11:32:25.024] [INFO   ] thread dealer timer loop 3.
[11:32:25.244] [INFO   ] thread dealer rm 1.
[11:32:25.244] [INFO   ] thread dealer timer loop 4.
[11:32:25.463] [INFO   ] thread dealer step 1.
[11:32:25.463] [SEVERE ] updating countdown to 18399
[11:32:25.464] [INFO   ] thread dealer step 4.
[11:32:25.464] [INFO   ] thread dealer step 10.
[11:32:25.464] [INFO   ] thread dealer step 11.
[11:32:25.464] [INFO   ] thread dealer step 12.
[11:32:25.464] [INFO   ] thread dealer timer loop 5.
[11:32:25.464] [INFO   ] thread dealer timer loop 1.
[11:32:25.572] [INFO   ] thread dealer timer loop 2.
[11:32:25.572] [SEVERE ] updating countdown to 18290
[11:32:25.572] [INFO   ] thread dealer timer loop 3.
[11:32:25.792] [INFO   ] thread dealer rm 1.
[11:32:25.792] [INFO   ] thread dealer timer loop 4.
[11:32:26.012] [INFO   ] thread dealer step 1.
[11:32:26.012] [SEVERE ] updating countdown to 17850
[11:32:26.012] [INFO   ] thread dealer step 4.
[11:32:26.012] [INFO   ] thread dealer step 10.
[11:32:26.012] [INFO   ] thread dealer step 11.
[11:32:26.012] [INFO   ] thread dealer step 12.
[11:32:26.012] [INFO   ] thread dealer timer loop 5.
[11:32:26.012] [INFO   ] thread dealer timer loop 1.
[11:32:26.122] [INFO   ] thread dealer timer loop 2.
[11:32:26.122] [SEVERE ] updating countdown to 17740
[11:32:26.122] [INFO   ] thread dealer timer loop 3.
[11:32:26.341] [INFO   ] thread dealer rm 1.
[11:32:26.341] [INFO   ] thread dealer timer loop 4.
[11:32:26.560] [INFO   ] thread dealer step 1.
[11:32:26.560] [SEVERE ] updating countdown to 17302
[11:32:26.560] [INFO   ] thread dealer step 4.
[11:32:26.560] [INFO   ] thread dealer step 10.
[11:32:26.560] [INFO   ] thread dealer step 11.
[11:32:26.560] [INFO   ] thread dealer step 12.
[11:32:26.560] [INFO   ] thread dealer timer loop 5.
[11:32:26.560] [INFO   ] thread dealer timer loop 1.
[11:32:26.670] [INFO   ] thread dealer timer loop 2.
[11:32:26.670] [SEVERE ] updating countdown to 17192
[11:32:26.670] [INFO   ] thread dealer timer loop 3.
[11:32:26.890] [INFO   ] thread dealer rm 1.
[11:32:26.890] [INFO   ] thread dealer timer loop 4.
[11:32:27.110] [INFO   ] thread dealer step 1.
[11:32:27.110] [SEVERE ] updating countdown to 16752
[11:32:27.110] [INFO   ] thread dealer step 4.
[11:32:27.110] [INFO   ] thread dealer step 10.
[11:32:27.110] [INFO   ] thread dealer step 11.
[11:32:27.110] [INFO   ] thread dealer step 12.
[11:32:27.110] [INFO   ] thread dealer timer loop 5.
[11:32:27.110] [INFO   ] thread dealer timer loop 1.
[11:32:27.220] [INFO   ] thread dealer timer loop 2.
[11:32:27.220] [SEVERE ] updating countdown to 16642
[11:32:27.220] [INFO   ] thread dealer timer loop 3.
[11:32:27.440] [INFO   ] thread dealer rm 1.
[11:32:27.441] [INFO   ] thread dealer timer loop 4.
[11:32:27.660] [INFO   ] thread dealer step 1.
[11:32:27.660] [SEVERE ] updating countdown to 16202
[11:32:27.660] [INFO   ] thread dealer step 4.
[11:32:27.660] [INFO   ] thread dealer step 10.
[11:32:27.660] [INFO   ] thread dealer step 11.
[11:32:27.660] [INFO   ] thread dealer step 12.
[11:32:27.660] [INFO   ] thread dealer timer loop 5.
[11:32:27.660] [INFO   ] thread dealer timer loop 1.
[11:32:27.768] [INFO   ] thread dealer timer loop 2.
[11:32:27.768] [SEVERE ] updating countdown to 16094
[11:32:27.768] [INFO   ] thread dealer timer loop 3.
[11:32:27.988] [INFO   ] thread dealer rm 1.
[11:32:27.988] [INFO   ] thread dealer timer loop 4.
[11:32:28.208] [INFO   ] thread dealer step 1.
[11:32:28.208] [SEVERE ] updating countdown to 15654
[11:32:28.208] [INFO   ] thread dealer step 4.
[11:32:28.208] [INFO   ] thread dealer step 10.
[11:32:28.208] [INFO   ] thread dealer step 11.
[11:32:28.208] [INFO   ] thread dealer step 12.
[11:32:28.208] [INFO   ] thread dealer timer loop 5.
[11:32:28.208] [INFO   ] thread dealer timer loop 1.
[11:32:28.317] [INFO   ] thread dealer timer loop 2.
[11:32:28.317] [SEVERE ] updating countdown to 15545
[11:32:28.317] [INFO   ] thread dealer timer loop 3.
[11:32:28.536] [INFO   ] thread dealer rm 1.
[11:32:28.536] [INFO   ] thread dealer timer loop 4.
[11:32:28.756] [INFO   ] thread dealer step 1.
[11:32:28.756] [SEVERE ] updating countdown to 15106
[11:32:28.756] [INFO   ] thread dealer step 4.
[11:32:28.756] [INFO   ] thread dealer step 10.
[11:32:28.756] [INFO   ] thread dealer step 11.
[11:32:28.756] [INFO   ] thread dealer step 12.
[11:32:28.756] [INFO   ] thread dealer timer loop 5.
[11:32:28.756] [INFO   ] thread dealer timer loop 1.
[11:32:28.866] [INFO   ] thread dealer timer loop 2.
[11:32:28.866] [SEVERE ] updating countdown to 14996
[11:32:28.866] [INFO   ] thread dealer timer loop 3.
[11:32:29.085] [INFO   ] thread dealer rm 1.
[11:32:29.085] [INFO   ] thread dealer timer loop 4.
[11:32:29.305] [INFO   ] thread dealer step 1.
[11:32:29.305] [SEVERE ] updating countdown to 14557
[11:32:29.305] [INFO   ] thread dealer step 4.
[11:32:29.305] [INFO   ] thread dealer step 10.
[11:32:29.305] [INFO   ] thread dealer step 11.
[11:32:29.305] [INFO   ] thread dealer step 12.
[11:32:29.305] [INFO   ] thread dealer timer loop 5.
[11:32:29.305] [INFO   ] thread dealer timer loop 1.
[11:32:29.414] [INFO   ] thread dealer timer loop 2.
[11:32:29.414] [SEVERE ] updating countdown to 14448
[11:32:29.414] [INFO   ] thread dealer timer loop 3.
[11:32:29.634] [INFO   ] thread dealer rm 1.
[11:32:29.634] [INFO   ] thread dealer timer loop 4.
[11:32:29.854] [INFO   ] thread dealer step 1.
[11:32:29.854] [SEVERE ] updating countdown to 14008
[11:32:29.854] [INFO   ] thread dealer step 4.
[11:32:29.854] [INFO   ] thread dealer step 10.
[11:32:29.854] [INFO   ] thread dealer step 11.
[11:32:29.854] [INFO   ] thread dealer step 12.
[11:32:29.854] [INFO   ] thread dealer timer loop 5.
[11:32:29.854] [INFO   ] thread dealer timer loop 1.
[11:32:29.963] [INFO   ] thread dealer timer loop 2.
[11:32:29.963] [SEVERE ] updating countdown to 13899
[11:32:29.963] [INFO   ] thread dealer timer loop 3.
[11:32:30.182] [INFO   ] thread dealer rm 1.
[11:32:30.182] [INFO   ] thread dealer timer loop 4.
[11:32:30.401] [INFO   ] thread dealer step 1.
[11:32:30.401] [SEVERE ] updating countdown to 13461
[11:32:30.401] [INFO   ] thread dealer step 4.
[11:32:30.401] [INFO   ] thread dealer step 10.
[11:32:30.401] [INFO   ] thread dealer step 11.
[11:32:30.401] [INFO   ] thread dealer step 12.
[11:32:30.401] [INFO   ] thread dealer timer loop 5.
[11:32:30.401] [INFO   ] thread dealer timer loop 1.
[11:32:30.512] [INFO   ] thread dealer timer loop 2.
[11:32:30.512] [SEVERE ] updating countdown to 13350
[11:32:30.512] [INFO   ] thread dealer timer loop 3.
[11:32:30.731] [INFO   ] thread dealer rm 1.
[11:32:30.731] [INFO   ] thread dealer timer loop 4.
[11:32:30.950] [INFO   ] thread dealer step 1.
[11:32:30.950] [SEVERE ] updating countdown to 12912
[11:32:30.951] [INFO   ] thread dealer step 4.
[11:32:30.951] [INFO   ] thread dealer step 10.
[11:32:30.951] [INFO   ] thread dealer step 11.
[11:32:30.951] [INFO   ] thread dealer step 12.
[11:32:30.951] [INFO   ] thread dealer timer loop 5.
[11:32:30.951] [INFO   ] thread dealer timer loop 1.
[11:32:31.063] [INFO   ] thread dealer timer loop 2.
[11:32:31.063] [SEVERE ] updating countdown to 12799
[11:32:31.063] [INFO   ] thread dealer timer loop 3.
[11:32:31.283] [INFO   ] thread dealer rm 1.
[11:32:31.283] [INFO   ] thread dealer timer loop 4.
[11:32:31.502] [INFO   ] thread dealer step 1.
[11:32:31.502] [SEVERE ] updating countdown to 12360
[11:32:31.502] [INFO   ] thread dealer step 4.
[11:32:31.502] [INFO   ] thread dealer step 10.
[11:32:31.502] [INFO   ] thread dealer step 11.
[11:32:31.502] [INFO   ] thread dealer step 12.
[11:32:31.502] [INFO   ] thread dealer timer loop 5.
[11:32:31.502] [INFO   ] thread dealer timer loop 1.
[11:32:31.611] [INFO   ] thread dealer timer loop 2.
[11:32:31.611] [SEVERE ] updating countdown to 12251
[11:32:31.611] [INFO   ] thread dealer timer loop 3.
[11:32:31.831] [INFO   ] thread dealer rm 1.
[11:32:31.831] [INFO   ] thread dealer timer loop 4.
[11:32:32.051] [INFO   ] thread dealer step 1.
[11:32:32.051] [SEVERE ] updating countdown to 11811
[11:32:32.052] [INFO   ] thread dealer step 4.
[11:32:32.052] [INFO   ] thread dealer step 10.
[11:32:32.052] [INFO   ] thread dealer step 11.
[11:32:32.052] [INFO   ] thread dealer step 12.
[11:32:32.052] [INFO   ] thread dealer timer loop 5.
[11:32:32.052] [INFO   ] thread dealer timer loop 1.
[11:32:32.161] [INFO   ] thread dealer timer loop 2.
[11:32:32.161] [SEVERE ] updating countdown to 11701
[11:32:32.161] [INFO   ] thread dealer timer loop 3.
[11:32:32.380] [INFO   ] thread dealer rm 1.
[11:32:32.380] [INFO   ] thread dealer timer loop 4.
[11:32:32.600] [INFO   ] thread dealer step 1.
[11:32:32.600] [SEVERE ] updating countdown to 11262
[11:32:32.601] [INFO   ] thread dealer step 4.
[11:32:32.601] [INFO   ] thread dealer step 10.
[11:32:32.601] [INFO   ] thread dealer step 11.
[11:32:32.601] [INFO   ] thread dealer step 12.
[11:32:32.601] [INFO   ] thread dealer timer loop 5.
[11:32:32.601] [INFO   ] thread dealer timer loop 1.
[11:32:32.710] [INFO   ] thread dealer timer loop 2.
[11:32:32.710] [SEVERE ] updating countdown to 11152
[11:32:32.710] [INFO   ] thread dealer timer loop 3.
[11:32:32.930] [INFO   ] thread dealer rm 1.
[11:32:32.930] [INFO   ] thread dealer timer loop 4.
[11:32:33.153] [INFO   ] thread dealer step 1.
[11:32:33.153] [SEVERE ] updating countdown to 10709
[11:32:33.153] [INFO   ] thread dealer step 4.
[11:32:33.153] [INFO   ] thread dealer step 10.
[11:32:33.153] [INFO   ] thread dealer step 11.
[11:32:33.153] [INFO   ] thread dealer step 12.
[11:32:33.153] [INFO   ] thread dealer timer loop 5.
[11:32:33.153] [INFO   ] thread dealer timer loop 1.
[11:32:33.263] [INFO   ] thread dealer timer loop 2.
[11:32:33.263] [SEVERE ] updating countdown to 10599
[11:32:33.263] [INFO   ] thread dealer timer loop 3.
[11:32:33.482] [INFO   ] thread dealer rm 1.
[11:32:33.483] [INFO   ] thread dealer timer loop 4.
[11:32:33.693] [INFO   ] thread dealer step 1.
[11:32:33.693] [SEVERE ] updating countdown to 10169
[11:32:33.693] [INFO   ] thread dealer step 4.
[11:32:33.693] [INFO   ] thread dealer step 10.
[11:32:33.693] [INFO   ] thread dealer step 11.
[11:32:33.693] [INFO   ] thread dealer step 12.
[11:32:33.693] [INFO   ] thread dealer timer loop 5.
[11:32:33.693] [INFO   ] thread dealer timer loop 1.
[11:32:33.804] [INFO   ] thread dealer timer loop 2.
[11:32:33.804] [SEVERE ] updating countdown to 10058
[11:32:33.804] [INFO   ] thread dealer timer loop 3.
[11:32:34.025] [INFO   ] thread dealer rm 1.
[11:32:34.025] [INFO   ] thread dealer timer loop 4.
[11:32:34.236] [INFO   ] thread dealer step 1.
[11:32:34.236] [SEVERE ] updating countdown to 9626
[11:32:34.236] [INFO   ] thread dealer step 4.
[11:32:34.236] [INFO   ] thread dealer step 10.
[11:32:34.236] [INFO   ] thread dealer step 11.
[11:32:34.236] [INFO   ] thread dealer step 12.
[11:32:34.236] [INFO   ] thread dealer timer loop 5.
[11:32:34.236] [INFO   ] thread dealer timer loop 1.
[11:32:34.346] [INFO   ] thread dealer timer loop 2.
[11:32:34.346] [SEVERE ] updating countdown to 9516
[11:32:34.346] [INFO   ] thread dealer timer loop 3.
[11:32:34.565] [INFO   ] thread dealer rm 1.
[11:32:34.565] [INFO   ] thread dealer timer loop 4.
[11:32:34.789] [INFO   ] thread dealer step 1.
[11:32:34.789] [SEVERE ] updating countdown to 9073
[11:32:34.789] [INFO   ] thread dealer step 4.
[11:32:34.789] [INFO   ] thread dealer step 10.
[11:32:34.789] [INFO   ] thread dealer step 11.
[11:32:34.789] [INFO   ] thread dealer step 12.
[11:32:34.789] [INFO   ] thread dealer timer loop 5.
[11:32:34.789] [INFO   ] thread dealer timer loop 1.
[11:32:34.898] [INFO   ] thread dealer timer loop 2.
[11:32:34.898] [SEVERE ] updating countdown to 8964
[11:32:34.898] [INFO   ] thread dealer timer loop 3.
[11:32:35.118] [INFO   ] thread dealer rm 1.
[11:32:35.118] [INFO   ] thread dealer timer loop 4.
[11:32:35.337] [INFO   ] thread dealer step 1.
[11:32:35.337] [SEVERE ] updating countdown to 8525
[11:32:35.337] [INFO   ] thread dealer step 4.
[11:32:35.337] [INFO   ] thread dealer step 10.
[11:32:35.337] [INFO   ] thread dealer step 11.
[11:32:35.337] [INFO   ] thread dealer step 12.
[11:32:35.337] [INFO   ] thread dealer timer loop 5.
[11:32:35.337] [INFO   ] thread dealer timer loop 1.
[11:32:35.447] [INFO   ] thread dealer timer loop 2.
[11:32:35.447] [SEVERE ] updating countdown to 8415
[11:32:35.447] [INFO   ] thread dealer timer loop 3.
[11:32:35.667] [INFO   ] thread dealer rm 1.
[11:32:35.667] [INFO   ] thread dealer timer loop 4.
[11:32:35.888] [INFO   ] thread dealer step 1.
[11:32:35.888] [SEVERE ] updating countdown to 7974
[11:32:35.888] [INFO   ] thread dealer step 4.
[11:32:35.888] [INFO   ] thread dealer step 10.
[11:32:35.888] [INFO   ] thread dealer step 11.
[11:32:35.888] [INFO   ] thread dealer step 12.
[11:32:35.888] [INFO   ] thread dealer timer loop 5.
[11:32:35.888] [INFO   ] thread dealer timer loop 1.
[11:32:35.997] [INFO   ] thread dealer timer loop 2.
[11:32:35.997] [SEVERE ] updating countdown to 7865
[11:32:35.997] [INFO   ] thread dealer timer loop 3.
[11:32:36.217] [INFO   ] thread dealer rm 1.
[11:32:36.217] [INFO   ] thread dealer timer loop 4.
[11:32:36.430] [INFO   ] thread dealer step 1.
[11:32:36.430] [SEVERE ] updating countdown to 7432
[11:32:36.430] [INFO   ] thread dealer step 4.
[11:32:36.430] [INFO   ] thread dealer step 10.
[11:32:36.430] [INFO   ] thread dealer step 11.
[11:32:36.430] [INFO   ] thread dealer step 12.
[11:32:36.430] [INFO   ] thread dealer timer loop 5.
[11:32:36.430] [INFO   ] thread dealer timer loop 1.
[11:32:36.538] [INFO   ] thread dealer timer loop 2.
[11:32:36.538] [SEVERE ] updating countdown to 7324
[11:32:36.538] [INFO   ] thread dealer timer loop 3.
[11:32:36.758] [INFO   ] thread dealer rm 1.
[11:32:36.758] [INFO   ] thread dealer timer loop 4.
[11:32:36.977] [INFO   ] thread dealer step 1.
[11:32:36.977] [SEVERE ] updating countdown to 6885
[11:32:36.977] [INFO   ] thread dealer step 4.
[11:32:36.977] [INFO   ] thread dealer step 10.
[11:32:36.977] [INFO   ] thread dealer step 11.
[11:32:36.977] [INFO   ] thread dealer step 12.
[11:32:36.977] [INFO   ] thread dealer timer loop 5.
[11:32:36.977] [INFO   ] thread dealer timer loop 1.
[11:32:37.086] [INFO   ] thread dealer timer loop 2.
[11:32:37.086] [SEVERE ] updating countdown to 6776
[11:32:37.086] [INFO   ] thread dealer timer loop 3.
[11:32:37.305] [INFO   ] thread dealer rm 1.
[11:32:37.305] [INFO   ] thread dealer timer loop 4.
[11:32:37.515] [INFO   ] thread dealer step 1.
[11:32:37.516] [SEVERE ] updating countdown to 6346
[11:32:37.517] [INFO   ] thread dealer step 4.
[11:32:37.517] [INFO   ] thread dealer step 10.
[11:32:37.517] [INFO   ] thread dealer step 11.
[11:32:37.517] [INFO   ] thread dealer step 12.
[11:32:37.517] [INFO   ] thread dealer timer loop 5.
[11:32:37.517] [INFO   ] thread dealer timer loop 1.
[11:32:37.633] [INFO   ] thread dealer timer loop 2.
[11:32:37.633] [SEVERE ] updating countdown to 6229
[11:32:37.633] [INFO   ] thread dealer timer loop 3.
[11:32:37.857] [INFO   ] thread dealer rm 1.
[11:32:37.857] [INFO   ] thread dealer timer loop 4.
[11:32:38.077] [INFO   ] thread dealer step 1.
[11:32:38.077] [SEVERE ] updating countdown to 5785
[11:32:38.077] [INFO   ] thread dealer step 4.
[11:32:38.077] [INFO   ] thread dealer step 10.
[11:32:38.077] [INFO   ] thread dealer step 11.
[11:32:38.077] [INFO   ] thread dealer step 12.
[11:32:38.077] [INFO   ] thread dealer timer loop 5.
[11:32:38.077] [INFO   ] thread dealer timer loop 1.
[11:32:38.187] [INFO   ] thread dealer timer loop 2.
[11:32:38.187] [SEVERE ] updating countdown to 5675
[11:32:38.187] [INFO   ] thread dealer timer loop 3.
[11:32:38.406] [INFO   ] thread dealer rm 1.
[11:32:38.406] [INFO   ] thread dealer timer loop 4.
[11:32:38.629] [INFO   ] thread dealer step 1.
[11:32:38.629] [SEVERE ] updating countdown to 5233
[11:32:38.630] [INFO   ] thread dealer step 4.
[11:32:38.630] [INFO   ] thread dealer step 10.
[11:32:38.630] [INFO   ] thread dealer step 11.
[11:32:38.630] [INFO   ] thread dealer step 12.
[11:32:38.630] [INFO   ] thread dealer timer loop 5.
[11:32:38.630] [INFO   ] thread dealer timer loop 1.
[11:32:38.738] [INFO   ] thread dealer timer loop 2.
[11:32:38.739] [SEVERE ] updating countdown to 5123
[11:32:38.739] [INFO   ] thread dealer timer loop 3.
[11:32:38.957] [INFO   ] thread dealer rm 1.
[11:32:38.957] [INFO   ] thread dealer timer loop 4.
[11:32:39.177] [INFO   ] thread dealer step 1.
[11:32:39.177] [INFO   ] thread dealer step 4.
[11:32:39.177] [INFO   ] thread dealer step 10.
[11:32:39.177] [INFO   ] thread dealer step 11.
[11:32:39.177] [INFO   ] thread dealer step 12.
[11:32:39.177] [INFO   ] thread dealer timer loop 5.
[11:32:39.177] [INFO   ] thread dealer timer loop 1.
[11:32:39.287] [INFO   ] thread dealer timer loop 2.
[11:32:39.287] [INFO   ] thread dealer timer loop 3.
[11:32:39.507] [INFO   ] thread dealer rm 1.
[11:32:39.507] [INFO   ] thread dealer timer loop 4.
[11:32:39.726] [INFO   ] thread dealer step 1.
[11:32:39.726] [INFO   ] thread dealer step 4.
[11:32:39.726] [INFO   ] thread dealer step 10.
[11:32:39.726] [INFO   ] thread dealer step 11.
[11:32:39.726] [INFO   ] thread dealer step 12.
[11:32:39.726] [INFO   ] thread dealer timer loop 5.
[11:32:39.726] [INFO   ] thread dealer timer loop 1.
[11:32:39.836] [INFO   ] thread dealer timer loop 2.
[11:32:39.836] [INFO   ] thread dealer timer loop 3.
[11:32:40.056] [INFO   ] thread dealer rm 1.
[11:32:40.056] [INFO   ] thread dealer timer loop 4.
[11:32:40.275] [INFO   ] thread dealer step 1.
[11:32:40.275] [INFO   ] thread dealer step 4.
[11:32:40.275] [INFO   ] thread dealer step 10.
[11:32:40.275] [INFO   ] thread dealer step 11.
[11:32:40.275] [INFO   ] thread dealer step 12.
[11:32:40.275] [INFO   ] thread dealer timer loop 5.
[11:32:40.275] [INFO   ] thread dealer timer loop 1.
[11:32:40.385] [INFO   ] thread dealer timer loop 2.
[11:32:40.385] [INFO   ] thread dealer timer loop 3.
[11:32:40.605] [INFO   ] thread dealer rm 1.
[11:32:40.605] [INFO   ] thread dealer timer loop 4.
[11:32:40.825] [INFO   ] thread dealer step 1.
[11:32:40.825] [INFO   ] thread dealer step 4.
[11:32:40.825] [INFO   ] thread dealer step 10.
[11:32:40.825] [INFO   ] thread dealer step 11.
[11:32:40.825] [INFO   ] thread dealer step 12.
[11:32:40.825] [INFO   ] thread dealer timer loop 5.
[11:32:40.825] [INFO   ] thread dealer timer loop 1.
[11:32:40.934] [INFO   ] thread dealer timer loop 2.
[11:32:40.934] [INFO   ] thread dealer timer loop 3.
[11:32:41.154] [INFO   ] thread dealer rm 1.
[11:32:41.154] [INFO   ] thread dealer timer loop 4.
[11:32:41.373] [INFO   ] thread dealer step 1.
[11:32:41.373] [INFO   ] thread dealer step 4.
[11:32:41.373] [INFO   ] thread dealer step 10.
[11:32:41.373] [INFO   ] thread dealer step 11.
[11:32:41.373] [INFO   ] thread dealer step 12.
[11:32:41.373] [INFO   ] thread dealer timer loop 5.
[11:32:41.373] [INFO   ] thread dealer timer loop 1.
[11:32:41.482] [INFO   ] thread dealer timer loop 2.
[11:32:41.482] [INFO   ] thread dealer timer loop 3.
[11:32:41.702] [INFO   ] thread dealer rm 1.
[11:32:41.702] [INFO   ] thread dealer timer loop 4.
[11:32:41.922] [INFO   ] thread dealer step 1.
[11:32:41.923] [INFO   ] thread dealer step 4.
[11:32:41.923] [INFO   ] thread dealer step 10.
[11:32:41.923] [INFO   ] thread dealer step 11.
[11:32:41.923] [INFO   ] thread dealer step 12.
[11:32:41.923] [INFO   ] thread dealer timer loop 5.
[11:32:41.923] [INFO   ] thread dealer timer loop 1.
[11:32:42.032] [INFO   ] thread dealer timer loop 2.
[11:32:42.032] [INFO   ] thread dealer timer loop 3.
[11:32:42.244] [INFO   ] thread dealer rm 1.
[11:32:42.244] [INFO   ] thread dealer timer loop 4.
[11:32:42.463] [INFO   ] thread dealer step 1.
[11:32:42.463] [INFO   ] thread dealer step 4.
[11:32:42.463] [INFO   ] thread dealer step 10.
[11:32:42.463] [INFO   ] thread dealer step 11.
[11:32:42.463] [INFO   ] thread dealer step 12.
[11:32:42.463] [INFO   ] thread dealer timer loop 5.
[11:32:42.463] [INFO   ] thread dealer timer loop 1.
[11:32:42.574] [INFO   ] thread dealer timer loop 2.
[11:32:42.574] [INFO   ] thread dealer timer loop 3.
[11:32:42.793] [INFO   ] thread dealer rm 1.
[11:32:42.793] [INFO   ] thread dealer timer loop 4.
[11:32:43.013] [INFO   ] thread dealer step 1.
[11:32:43.013] [INFO   ] thread dealer step 4.
[11:32:43.015] [INFO   ] thread dealer step 10.
[11:32:43.015] [INFO   ] thread dealer step 11.
[11:32:43.015] [INFO   ] thread dealer step 12.
[11:32:43.015] [INFO   ] thread dealer timer loop 5.
[11:32:43.015] [INFO   ] thread dealer timer loop 1.
[11:32:43.123] [INFO   ] thread dealer timer loop 2.
[11:32:43.123] [INFO   ] thread dealer timer loop 3.
[11:32:43.343] [INFO   ] thread dealer rm 1.
[11:32:43.343] [INFO   ] thread dealer timer loop 4.
[11:32:43.563] [INFO   ] thread dealer step 1.
[11:32:43.563] [INFO   ] thread dealer step 4.
[11:32:43.563] [INFO   ] thread dealer step 10.
[11:32:43.563] [INFO   ] thread dealer step 11.
[11:32:43.563] [INFO   ] thread dealer step 12.
[11:32:43.563] [INFO   ] thread dealer timer loop 5.
[11:32:43.563] [INFO   ] thread dealer timer loop 1.
[11:32:43.672] [INFO   ] thread dealer timer loop 2.
[11:32:43.672] [INFO   ] thread dealer timer loop 3.
[11:32:43.892] [INFO   ] thread dealer rm 1.
[11:32:43.892] [INFO   ] thread dealer timer loop 4.
[11:32:44.112] [INFO   ] thread dealer step 1.
[11:32:44.112] [SEVERE ] updating countdown to 0
[11:32:44.112] [INFO   ] thread dealer step 4.
[11:32:44.112] [INFO   ] thread dealer step 10.
[11:32:44.112] [INFO   ] thread dealer step 11.
[11:32:44.112] [INFO   ] thread dealer step 12.
[11:32:44.112] [INFO   ] thread dealer timer loop 5.
[11:32:44.112] [INFO   ] thread dealer run step 3.
[11:32:44.112] [SEVERE ] updating countdown to 0
[11:32:44.112] [INFO   ] remove all step 1 dealer rm all 1.
[11:32:44.331] [INFO   ] before removing token thread dealer rm all 2.
[11:32:44.331] [INFO   ] after removing token thread dealer rm 6.
[11:32:44.331] [SEVERE ] updating countdown to 0
[11:32:44.440] [SEVERE ] removing card from slot 0
[11:32:44.551] [SEVERE ] removing card from slot 1
[11:32:44.661] [SEVERE ] removing card from slot 2
[11:32:44.771] [SEVERE ] removing card from slot 3
[11:32:44.880] [SEVERE ] removing card from slot 4
[11:32:44.990] [SEVERE ] removing card from slot 5
[11:32:45.099] [SEVERE ] removing card from slot 6
[11:32:45.208] [SEVERE ] removing card from slot 7
[11:32:45.317] [SEVERE ] removing card from slot 8
[11:32:45.427] [SEVERE ] removing card from slot 9
[11:32:45.536] [SEVERE ] removing card from slot 10
[11:32:45.646] [SEVERE ] removing card from slot 11
[11:32:45.646] [INFO   ] thread dealer run step 1.
[11:32:45.975] [SEVERE ] placing card 29 in slot 0
[11:32:46.084] [SEVERE ] placing card 65 in slot 1
[11:32:46.197] [SEVERE ] placing card 20 in slot 2
[11:32:46.311] [SEVERE ] placing card 41 in slot 3
[11:32:46.421] [SEVERE ] placing card 8 in slot 4
[11:32:46.530] [SEVERE ] placing card 16 in slot 5
[11:32:46.641] [SEVERE ] placing card 26 in slot 6
[11:32:46.750] [SEVERE ] placing card 21 in slot 7
[11:32:46.859] [SEVERE ] placing card 31 in slot 8
[11:32:46.969] [SEVERE ] placing card 6 in slot 9
[11:32:47.079] [SEVERE ] placing card 14 in slot 10
[11:32:47.188] [SEVERE ] placing card 61 in slot 11
[11:32:47.188] [INFO   ] thread dealer step 1.
[11:32:47.188] [SEVERE ] updating countdown to 20000
[11:32:47.188] [INFO   ] thread dealer step 4.
[11:32:47.188] [INFO   ] thread dealer step 10.
[11:32:47.188] [INFO   ] thread dealer step 11.
[11:32:47.188] [INFO   ] thread dealer step 12.
[11:32:47.188] [INFO   ] thread dealer run step 2.
[11:32:47.188] [INFO   ] thread dealer timer loop 1.
[11:32:47.288] [INFO   ] thread dealer timer loop 2.
[11:32:47.288] [SEVERE ] updating countdown to 19950
[11:32:47.288] [INFO   ] thread dealer timer loop 3.
[11:32:47.507] [INFO   ] thread dealer rm 1.
[11:32:47.507] [INFO   ] thread dealer timer loop 4.
[11:32:47.726] [INFO   ] thread dealer step 1.
[11:32:47.726] [SEVERE ] updating countdown to 19512
[11:32:47.726] [INFO   ] thread dealer step 4.
[11:32:47.726] [INFO   ] thread dealer step 10.
[11:32:47.726] [INFO   ] thread dealer step 11.
[11:32:47.726] [INFO   ] thread dealer step 12.
[11:32:47.726] [INFO   ] thread dealer timer loop 5.
[11:32:47.726] [INFO   ] thread dealer timer loop 1.
[11:32:47.835] [INFO   ] thread dealer timer loop 2.
[11:32:47.835] [SEVERE ] updating countdown to 19403
[11:32:47.835] [INFO   ] thread dealer timer loop 3.
[11:32:48.055] [INFO   ] thread dealer rm 1.
[11:32:48.055] [INFO   ] thread dealer timer loop 4.
[11:32:48.276] [INFO   ] thread dealer step 1.
[11:32:48.276] [SEVERE ] updating countdown to 18962
[11:32:48.276] [INFO   ] thread dealer step 4.
[11:32:48.276] [INFO   ] thread dealer step 10.
[11:32:48.276] [INFO   ] thread dealer step 11.
[11:32:48.276] [INFO   ] thread dealer step 12.
[11:32:48.276] [INFO   ] thread dealer timer loop 5.
[11:32:48.276] [INFO   ] thread dealer timer loop 1.
[11:32:48.385] [INFO   ] thread dealer timer loop 2.
[11:32:48.385] [SEVERE ] updating countdown to 18853
[11:32:48.385] [INFO   ] thread dealer timer loop 3.
[11:32:48.606] [INFO   ] thread dealer rm 1.
[11:32:48.606] [INFO   ] thread dealer timer loop 4.
[11:32:48.828] [INFO   ] thread dealer step 1.
[11:32:48.828] [SEVERE ] updating countdown to 18410
[11:32:48.828] [INFO   ] thread dealer step 4.
[11:32:48.828] [INFO   ] thread dealer step 10.
[11:32:48.828] [INFO   ] thread dealer step 11.
[11:32:48.828] [INFO   ] thread dealer step 12.
[11:32:48.828] [INFO   ] thread dealer timer loop 5.
[11:32:48.828] [INFO   ] thread dealer timer loop 1.
[11:32:48.938] [INFO   ] thread dealer timer loop 2.
[11:32:48.938] [SEVERE ] updating countdown to 18300
[11:32:48.938] [INFO   ] thread dealer timer loop 3.
[11:32:49.158] [INFO   ] thread dealer rm 1.
[11:32:49.158] [INFO   ] thread dealer timer loop 4.
[11:32:49.369] [INFO   ] thread dealer step 1.
[11:32:49.369] [SEVERE ] updating countdown to 17869
[11:32:49.369] [INFO   ] thread dealer step 4.
[11:32:49.369] [INFO   ] thread dealer step 10.
[11:32:49.369] [INFO   ] thread dealer step 11.
[11:32:49.369] [INFO   ] thread dealer step 12.
[11:32:49.369] [INFO   ] thread dealer timer loop 5.
[11:32:49.369] [INFO   ] thread dealer timer loop 1.
[11:32:49.479] [INFO   ] thread dealer timer loop 2.
[11:32:49.479] [SEVERE ] updating countdown to 17759
[11:32:49.479] [INFO   ] thread dealer timer loop 3.
[11:32:49.699] [INFO   ] thread dealer rm 1.
[11:32:49.699] [INFO   ] thread dealer timer loop 4.
[11:32:49.919] [INFO   ] thread dealer step 1.
[11:32:49.919] [SEVERE ] updating countdown to 17319
[11:32:49.919] [INFO   ] thread dealer step 4.
[11:32:49.919] [INFO   ] thread dealer step 10.
[11:32:49.919] [INFO   ] thread dealer step 11.
[11:32:49.919] [INFO   ] thread dealer step 12.
[11:32:49.919] [INFO   ] thread dealer timer loop 5.
[11:32:49.919] [INFO   ] thread dealer timer loop 1.
[11:32:50.028] [INFO   ] thread dealer timer loop 2.
[11:32:50.028] [SEVERE ] updating countdown to 17210
[11:32:50.028] [INFO   ] thread dealer timer loop 3.
[11:32:50.247] [INFO   ] thread dealer rm 1.
[11:32:50.247] [INFO   ] thread dealer timer loop 4.
[11:32:50.467] [INFO   ] thread dealer step 1.
[11:32:50.467] [SEVERE ] updating countdown to 16771
[11:32:50.467] [INFO   ] thread dealer step 4.
[11:32:50.467] [INFO   ] thread dealer step 10.
[11:32:50.467] [INFO   ] thread dealer step 11.
[11:32:50.467] [INFO   ] thread dealer step 12.
[11:32:50.467] [INFO   ] thread dealer timer loop 5.
[11:32:50.467] [INFO   ] thread dealer timer loop 1.
[11:32:50.577] [INFO   ] thread dealer timer loop 2.
[11:32:50.577] [SEVERE ] updating countdown to 16661
[11:32:50.577] [INFO   ] thread dealer timer loop 3.
[11:32:50.796] [INFO   ] thread dealer rm 1.
[11:32:50.796] [INFO   ] thread dealer timer loop 4.
[11:32:51.016] [INFO   ] thread dealer step 1.
[11:32:51.016] [SEVERE ] updating countdown to 16222
[11:32:51.016] [INFO   ] thread dealer step 4.
[11:32:51.016] [INFO   ] thread dealer step 10.
[11:32:51.016] [INFO   ] thread dealer step 11.
[11:32:51.016] [INFO   ] thread dealer step 12.
[11:32:51.016] [INFO   ] thread dealer timer loop 5.
[11:32:51.016] [INFO   ] thread dealer timer loop 1.
[11:32:51.126] [INFO   ] thread dealer timer loop 2.
[11:32:51.126] [SEVERE ] updating countdown to 16112
[11:32:51.126] [INFO   ] thread dealer timer loop 3.
[11:32:51.346] [INFO   ] thread dealer rm 1.
[11:32:51.346] [INFO   ] thread dealer timer loop 4.
[11:32:51.566] [INFO   ] thread dealer step 1.
[11:32:51.566] [SEVERE ] updating countdown to 15672
[11:32:51.567] [INFO   ] thread dealer step 4.
[11:32:51.567] [INFO   ] thread dealer step 10.
[11:32:51.567] [INFO   ] thread dealer step 11.
[11:32:51.567] [INFO   ] thread dealer step 12.
[11:32:51.567] [INFO   ] thread dealer timer loop 5.
[11:32:51.567] [INFO   ] thread dealer timer loop 1.
[11:32:51.683] [INFO   ] thread dealer timer loop 2.
[11:32:51.683] [SEVERE ] updating countdown to 15555
[11:32:51.683] [INFO   ] thread dealer timer loop 3.
[11:32:51.900] [INFO   ] thread dealer rm 1.
[11:32:51.900] [INFO   ] thread dealer timer loop 4.
[11:32:52.115] [INFO   ] thread dealer step 1.
[11:32:52.115] [SEVERE ] updating countdown to 15123
[11:32:52.116] [INFO   ] thread dealer step 4.
[11:32:52.117] [INFO   ] thread dealer step 10.
[11:32:52.117] [INFO   ] thread dealer step 11.
[11:32:52.117] [INFO   ] thread dealer step 12.
[11:32:52.117] [INFO   ] thread dealer timer loop 5.
[11:32:52.117] [INFO   ] thread dealer timer loop 1.
[11:32:52.233] [INFO   ] thread dealer timer loop 2.
[11:32:52.234] [SEVERE ] updating countdown to 15004
[11:32:52.234] [INFO   ] thread dealer timer loop 3.
[11:32:52.444] [INFO   ] thread dealer rm 1.
[11:32:52.444] [INFO   ] thread dealer timer loop 4.
[11:32:52.633] [SEVERE ] exit button pressed
[11:32:52.664] [INFO   ] thread dealer step 1.
[11:32:52.664] [SEVERE ] updating countdown to 14574
[11:32:52.664] [INFO   ] thread dealer step 4.
[11:32:52.664] [INFO   ] thread dealer step 10.
[11:32:52.664] [INFO   ] thread dealer step 11.
[11:32:52.664] [INFO   ] thread dealer step 12.
[11:32:52.664] [INFO   ] thread dealer timer loop 5.
[11:32:52.664] [INFO   ] thread dealer timer loop 1.
[11:32:52.774] [INFO   ] thread dealer timer loop 2.
[11:32:52.774] [SEVERE ] updating countdown to 14464
[11:32:52.774] [INFO   ] thread dealer timer loop 3.
[11:32:52.995] [INFO   ] thread dealer rm 1.
[11:32:52.995] [INFO   ] thread dealer timer loop 4.
[11:32:53.215] [INFO   ] thread dealer step 1.
[11:32:53.215] [SEVERE ] updating countdown to 14023
[11:32:53.215] [INFO   ] thread dealer step 4.
[11:32:53.215] [INFO   ] thread dealer step 10.
[11:32:53.215] [INFO   ] thread dealer step 11.
[11:32:53.215] [INFO   ] thread dealer step 12.
[11:32:53.215] [INFO   ] thread dealer timer loop 5.
[11:32:53.215] [INFO   ] thread dealer timer loop 1.
[11:32:53.324] [INFO   ] thread dealer timer loop 2.
[11:32:53.324] [SEVERE ] updating countdown to 13914
[11:32:53.324] [INFO   ] thread dealer timer loop 3.
[11:32:53.543] [INFO   ] thread dealer rm 1.
[11:32:53.543] [INFO   ] thread dealer timer loop 4.
[11:32:53.763] [INFO   ] thread dealer step 1.
[11:32:53.763] [SEVERE ] updating countdown to 13475
[11:32:53.763] [INFO   ] thread dealer step 4.
[11:32:53.763] [INFO   ] thread dealer step 10.
[11:32:53.763] [INFO   ] thread dealer step 11.
[11:32:53.763] [INFO   ] thread dealer step 12.
[11:32:53.763] [INFO   ] thread dealer timer loop 5.
[11:32:53.763] [INFO   ] thread dealer timer loop 1.
[11:32:53.869] [INFO   ] thread dealer timer loop 2.
[11:32:53.869] [SEVERE ] updating countdown to 13369
[11:32:53.869] [INFO   ] thread dealer timer loop 3.
[11:32:54.092] [INFO   ] thread dealer rm 1.
[11:32:54.092] [INFO   ] thread dealer timer loop 4.
[11:32:54.299] [INFO   ] thread dealer step 1.
[11:32:54.299] [SEVERE ] updating countdown to 12939
[11:32:54.299] [INFO   ] thread dealer step 4.
[11:32:54.299] [INFO   ] thread dealer step 10.
[11:32:54.299] [INFO   ] thread dealer step 11.
[11:32:54.300] [INFO   ] thread dealer step 12.
[11:32:54.300] [INFO   ] thread dealer timer loop 5.
[11:32:54.300] [INFO   ] thread dealer timer loop 1.
[11:32:54.415] [INFO   ] thread dealer timer loop 2.
[11:32:54.415] [SEVERE ] updating countdown to 12823
[11:32:54.415] [INFO   ] thread dealer timer loop 3.
[11:32:54.629] [INFO   ] thread dealer rm 1.
[11:32:54.629] [INFO   ] thread dealer timer loop 4.
[11:32:54.838] [INFO   ] thread dealer step 1.
[11:32:54.838] [SEVERE ] updating countdown to 12400
[11:32:54.839] [INFO   ] thread dealer step 4.
[11:32:54.839] [INFO   ] thread dealer step 10.
[11:32:54.839] [INFO   ] thread dealer step 11.
[11:32:54.839] [INFO   ] thread dealer step 12.
[11:32:54.839] [INFO   ] thread dealer timer loop 5.
[11:32:54.839] [INFO   ] thread dealer timer loop 1.
[11:32:54.951] [INFO   ] thread dealer timer loop 2.
[11:32:54.951] [SEVERE ] updating countdown to 12287
[11:32:54.951] [INFO   ] thread dealer timer loop 3.
