[16:49:29.068] [INFO   ] thread main starting.
[16:49:29.078] [SEVERE ] cannot read configuration file config.properties trying from resources.
[16:49:29.081] [SEVERE ] configuration file was loaded from resources directory.
[16:49:29.634] [INFO   ] thread dealer starting.
[16:49:29.635] [INFO   ] thread dealer starting.
[16:49:29.635] [INFO   ] thread Thread-0 starting.
[16:49:29.636] [INFO   ] thread computer-0 starting.
[16:49:29.637] [INFO   ] thread Thread-1 starting.
[16:49:29.637] [INFO   ] thread computer-1 starting.
[16:49:29.637] [SEVERE ] updating countdown to 20000
[16:49:29.747] [SEVERE ] placing card 6 in slot 0
[16:49:29.854] [SEVERE ] placing card 46 in slot 1
[16:49:29.964] [SEVERE ] placing card 22 in slot 2
[16:49:30.072] [SEVERE ] placing card 21 in slot 3
[16:49:30.182] [SEVERE ] placing card 50 in slot 4
[16:49:30.292] [SEVERE ] placing card 39 in slot 5
[16:49:30.400] [SEVERE ] placing card 34 in slot 6
[16:49:30.511] [SEVERE ] placing card 55 in slot 7
[16:49:30.621] [SEVERE ] placing card 2 in slot 8
[16:49:30.731] [SEVERE ] placing card 28 in slot 9
[16:49:30.840] [SEVERE ] placing card 75 in slot 10
[16:49:30.949] [SEVERE ] placing card 52 in slot 11
[16:49:30.949] [SEVERE ] updating countdown to 20000
[16:49:30.953] [SEVERE ] player 2 placing token on slot 2
[16:49:30.953] [SEVERE ] player 1 placing token on slot 3
[16:49:30.954] [SEVERE ] player 2 placing token on slot 1
[16:49:30.954] [SEVERE ] player 1 placing token on slot 5
[16:49:30.954] [SEVERE ] player 2 placing token on slot 7
[16:49:30.954] [SEVERE ] player 1 placing token on slot 1
[16:49:30.955] [SEVERE ] updating countdown to 20044
[16:49:30.955] [INFO   ] remove  in the table step 1
[16:49:30.955] [INFO   ] remove  in the table step 2
[16:49:30.956] [SEVERE ] removing player 2 token from slot 2
[16:49:30.956] [SEVERE ] removing player 2 token from slot 1
[16:49:30.956] [SEVERE ] removing player 2 token from slot 7
[16:49:30.956] [INFO   ] remove  in the table step 1
[16:49:30.956] [INFO   ] remove  in the table step 2
[16:49:30.956] [SEVERE ] setting player 2 freeze to 3000
[16:49:30.957] [SEVERE ] removing player 1 token from slot 3
[16:49:30.957] [SEVERE ] removing player 1 token from slot 5
[16:49:30.957] [SEVERE ] removing player 1 token from slot 1
[16:49:30.957] [SEVERE ] updating countdown to 20042
[16:49:30.957] [SEVERE ] setting player 1 freeze to 3000
[16:49:31.075] [SEVERE ] updating countdown to 19924
[16:49:31.076] [SEVERE ] updating countdown to 19923
[16:49:31.186] [SEVERE ] updating countdown to 19813
[16:49:31.187] [SEVERE ] updating countdown to 19812
[16:49:31.294] [SEVERE ] updating countdown to 19705
[16:49:31.294] [SEVERE ] updating countdown to 19705
[16:49:31.404] [SEVERE ] updating countdown to 19595
[16:49:31.405] [SEVERE ] updating countdown to 19594
[16:49:31.514] [SEVERE ] updating countdown to 19485
[16:49:31.515] [SEVERE ] updating countdown to 19484
[16:49:31.624] [SEVERE ] updating countdown to 19375
[16:49:31.624] [SEVERE ] updating countdown to 19375
[16:49:31.735] [SEVERE ] updating countdown to 19264
[16:49:31.735] [SEVERE ] updating countdown to 19264
[16:49:31.844] [SEVERE ] updating countdown to 19155
[16:49:31.845] [SEVERE ] updating countdown to 19154
[16:49:31.954] [SEVERE ] updating countdown to 19045
[16:49:31.954] [SEVERE ] updating countdown to 19045
[16:49:31.969] [SEVERE ] setting player 2 freeze to 2000
[16:49:31.969] [SEVERE ] setting player 1 freeze to 2000
[16:49:32.062] [SEVERE ] updating countdown to 18937
[16:49:32.063] [SEVERE ] updating countdown to 18936
[16:49:32.170] [SEVERE ] updating countdown to 18829
[16:49:32.171] [SEVERE ] updating countdown to 18828
[16:49:32.280] [SEVERE ] updating countdown to 18719
[16:49:32.281] [SEVERE ] updating countdown to 18718
[16:49:32.389] [SEVERE ] updating countdown to 18610
[16:49:32.389] [SEVERE ] updating countdown to 18610
[16:49:32.498] [SEVERE ] updating countdown to 18501
[16:49:32.499] [SEVERE ] updating countdown to 18500
[16:49:32.609] [SEVERE ] updating countdown to 18390
[16:49:32.610] [SEVERE ] updating countdown to 18389
[16:49:32.719] [SEVERE ] updating countdown to 18280
[16:49:32.720] [SEVERE ] updating countdown to 18279
[16:49:32.829] [SEVERE ] updating countdown to 18170
[16:49:32.830] [SEVERE ] updating countdown to 18169
[16:49:32.939] [SEVERE ] updating countdown to 18060
[16:49:32.940] [SEVERE ] updating countdown to 18059
[16:49:32.971] [SEVERE ] setting player 1 freeze to 1000
[16:49:32.971] [SEVERE ] setting player 2 freeze to 1000
[16:49:33.049] [SEVERE ] updating countdown to 17950
[16:49:33.050] [SEVERE ] updating countdown to 17949
[16:49:33.159] [SEVERE ] updating countdown to 17840
[16:49:33.160] [SEVERE ] updating countdown to 17839
[16:49:33.268] [SEVERE ] updating countdown to 17731
[16:49:33.269] [SEVERE ] updating countdown to 17730
[16:49:33.377] [SEVERE ] updating countdown to 17622
[16:49:33.378] [SEVERE ] updating countdown to 17621
[16:49:33.487] [SEVERE ] updating countdown to 17512
[16:49:33.487] [SEVERE ] updating countdown to 17512
[16:49:33.596] [SEVERE ] updating countdown to 17403
[16:49:33.596] [SEVERE ] updating countdown to 17403
[16:49:33.708] [SEVERE ] updating countdown to 17291
[16:49:33.708] [SEVERE ] updating countdown to 17291
[16:49:33.816] [SEVERE ] updating countdown to 17183
[16:49:33.817] [SEVERE ] updating countdown to 17182
[16:49:33.926] [SEVERE ] updating countdown to 17073
[16:49:33.927] [SEVERE ] updating countdown to 17072
[16:49:33.972] [SEVERE ] setting player 1 freeze to 0
[16:49:33.973] [SEVERE ] player 1 placing token on slot 6
[16:49:33.974] [SEVERE ] setting player 2 freeze to 0
[16:49:33.974] [SEVERE ] player 1 placing token on slot 0
[16:49:33.974] [SEVERE ] player 2 placing token on slot 2
[16:49:33.974] [SEVERE ] player 1 placing token on slot 1
[16:49:33.975] [SEVERE ] player 2 placing token on slot 9
[16:49:33.975] [SEVERE ] updating countdown to 17024
[16:49:33.976] [SEVERE ] player 2 placing token on slot 10
[16:49:33.976] [INFO   ] remove  in the table step 1
[16:49:33.977] [INFO   ] remove  in the table step 2
[16:49:33.977] [SEVERE ] removing player 1 token from slot 6
[16:49:33.977] [SEVERE ] removing player 1 token from slot 0
[16:49:33.977] [SEVERE ] removing player 1 token from slot 1
[16:49:33.978] [SEVERE ] updating countdown to 17021
[16:49:33.978] [SEVERE ] setting player 1 freeze to 3000
[16:49:33.979] [SEVERE ] updating countdown to 17020
[16:49:33.979] [INFO   ] remove  in the table step 1
[16:49:33.980] [INFO   ] remove  in the table step 2
[16:49:33.980] [SEVERE ] removing player 2 token from slot 2
[16:49:33.980] [SEVERE ] removing player 2 token from slot 9
[16:49:33.980] [SEVERE ] removing player 2 token from slot 10
[16:49:33.981] [SEVERE ] updating countdown to 17018
[16:49:33.981] [SEVERE ] setting player 2 freeze to 3000
[16:49:34.082] [SEVERE ] updating countdown to 16917
[16:49:34.083] [SEVERE ] updating countdown to 16916
[16:49:34.190] [SEVERE ] updating countdown to 16809
[16:49:34.191] [SEVERE ] updating countdown to 16808
[16:49:34.300] [SEVERE ] updating countdown to 16699
[16:49:34.300] [SEVERE ] updating countdown to 16699
[16:49:34.412] [SEVERE ] updating countdown to 16587
[16:49:34.412] [SEVERE ] updating countdown to 16587
[16:49:34.520] [SEVERE ] updating countdown to 16479
[16:49:34.520] [SEVERE ] updating countdown to 16479
[16:49:34.628] [SEVERE ] updating countdown to 16371
[16:49:34.629] [SEVERE ] updating countdown to 16370
[16:49:34.738] [SEVERE ] updating countdown to 16261
[16:49:34.739] [SEVERE ] updating countdown to 16260
[16:49:34.848] [SEVERE ] updating countdown to 16151
[16:49:34.848] [SEVERE ] updating countdown to 16151
[16:49:34.957] [SEVERE ] updating countdown to 16042
[16:49:34.957] [SEVERE ] updating countdown to 16042
[16:49:34.989] [SEVERE ] setting player 1 freeze to 2000
[16:49:34.989] [SEVERE ] setting player 2 freeze to 2000
[16:49:35.067] [SEVERE ] updating countdown to 15932
[16:49:35.068] [SEVERE ] updating countdown to 15932
[16:49:35.174] [SEVERE ] updating countdown to 15825
[16:49:35.175] [SEVERE ] updating countdown to 15824
[16:49:35.282] [SEVERE ] updating countdown to 15717
[16:49:35.283] [SEVERE ] updating countdown to 15716
[16:49:35.393] [SEVERE ] updating countdown to 15606
[16:49:35.393] [SEVERE ] updating countdown to 15606
[16:49:35.504] [SEVERE ] updating countdown to 15495
[16:49:35.504] [SEVERE ] updating countdown to 15495
[16:49:35.614] [SEVERE ] updating countdown to 15385
[16:49:35.614] [SEVERE ] updating countdown to 15385
[16:49:35.724] [SEVERE ] updating countdown to 15275
[16:49:35.724] [SEVERE ] updating countdown to 15275
[16:49:35.833] [SEVERE ] updating countdown to 15166
[16:49:35.833] [SEVERE ] updating countdown to 15166
[16:49:35.943] [SEVERE ] updating countdown to 15056
[16:49:35.944] [SEVERE ] updating countdown to 15055
[16:49:35.991] [SEVERE ] setting player 1 freeze to 1000
[16:49:35.991] [SEVERE ] setting player 2 freeze to 1000
[16:49:36.051] [SEVERE ] updating countdown to 14948
[16:49:36.052] [SEVERE ] updating countdown to 14947
[16:49:36.161] [SEVERE ] updating countdown to 14838
[16:49:36.162] [SEVERE ] updating countdown to 14837
[16:49:36.272] [SEVERE ] updating countdown to 14727
[16:49:36.272] [SEVERE ] updating countdown to 14727
[16:49:36.379] [SEVERE ] updating countdown to 14620
[16:49:36.379] [SEVERE ] updating countdown to 14620
[16:49:36.488] [SEVERE ] updating countdown to 14511
[16:49:36.488] [SEVERE ] updating countdown to 14511
[16:49:36.598] [SEVERE ] updating countdown to 14401
[16:49:36.598] [SEVERE ] updating countdown to 14401
[16:49:36.708] [SEVERE ] updating countdown to 14291
[16:49:36.708] [SEVERE ] updating countdown to 14291
[16:49:36.818] [SEVERE ] updating countdown to 14181
[16:49:36.818] [SEVERE ] updating countdown to 14181
[16:49:36.927] [SEVERE ] updating countdown to 14072
[16:49:36.927] [SEVERE ] updating countdown to 14072
[16:49:37.005] [SEVERE ] setting player 1 freeze to 0
[16:49:37.005] [SEVERE ] setting player 2 freeze to 0
[16:49:37.006] [SEVERE ] player 2 placing token on slot 4
[16:49:37.006] [SEVERE ] player 2 placing token on slot 8
[16:49:37.006] [SEVERE ] player 1 placing token on slot 7
[16:49:37.007] [SEVERE ] removing player 2 token from slot 8
[16:49:37.007] [SEVERE ] player 1 placing token on slot 5
[16:49:37.008] [SEVERE ] player 2 placing token on slot 10
[16:49:37.008] [SEVERE ] player 1 placing token on slot 4
[16:49:37.008] [SEVERE ] player 2 placing token on slot 7
[16:49:37.009] [SEVERE ] updating countdown to 13990
[16:49:37.009] [INFO   ] remove  in the table step 1
[16:49:37.009] [INFO   ] remove  in the table step 2
[16:49:37.010] [SEVERE ] removing player 1 token from slot 7
[16:49:37.010] [SEVERE ] removing player 1 token from slot 5
[16:49:37.010] [SEVERE ] removing player 1 token from slot 4
[16:49:37.010] [INFO   ] remove  in the table step 1
[16:49:37.010] [INFO   ] remove  in the table step 2
[16:49:37.010] [SEVERE ] setting player 1 freeze to 3000
[16:49:37.011] [SEVERE ] removing player 2 token from slot 4
[16:49:37.011] [SEVERE ] removing player 2 token from slot 10
[16:49:37.011] [SEVERE ] removing player 2 token from slot 7
[16:49:37.012] [SEVERE ] updating countdown to 13987
[16:49:37.012] [SEVERE ] setting player 2 freeze to 3000
[16:49:37.117] [SEVERE ] updating countdown to 13882
[16:49:37.117] [SEVERE ] updating countdown to 13882
[16:49:37.227] [SEVERE ] updating countdown to 13772
[16:49:37.227] [SEVERE ] updating countdown to 13772
[16:49:37.339] [SEVERE ] updating countdown to 13660
[16:49:37.339] [SEVERE ] updating countdown to 13660
[16:49:37.450] [SEVERE ] updating countdown to 13549
[16:49:37.450] [SEVERE ] updating countdown to 13549
[16:49:37.559] [SEVERE ] updating countdown to 13440
[16:49:37.559] [SEVERE ] updating countdown to 13440
[16:49:37.668] [SEVERE ] updating countdown to 13331
[16:49:37.668] [SEVERE ] updating countdown to 13331
[16:49:37.777] [SEVERE ] updating countdown to 13222
[16:49:37.777] [SEVERE ] updating countdown to 13222
[16:49:37.885] [SEVERE ] updating countdown to 13114
[16:49:37.886] [SEVERE ] updating countdown to 13113
[16:49:37.993] [SEVERE ] updating countdown to 13006
[16:49:37.993] [SEVERE ] updating countdown to 13006
[16:49:38.024] [SEVERE ] setting player 1 freeze to 2000
[16:49:38.024] [SEVERE ] setting player 2 freeze to 2000
[16:49:38.103] [SEVERE ] updating countdown to 12896
[16:49:38.104] [SEVERE ] updating countdown to 12895
[16:49:38.212] [SEVERE ] updating countdown to 12787
[16:49:38.212] [SEVERE ] updating countdown to 12787
[16:49:38.322] [SEVERE ] updating countdown to 12677
[16:49:38.322] [SEVERE ] updating countdown to 12677
[16:49:38.431] [SEVERE ] updating countdown to 12568
[16:49:38.431] [SEVERE ] updating countdown to 12568
[16:49:38.538] [SEVERE ] updating countdown to 12461
[16:49:38.538] [SEVERE ] updating countdown to 12461
[16:49:38.647] [SEVERE ] updating countdown to 12352
[16:49:38.647] [SEVERE ] updating countdown to 12352
[16:49:38.757] [SEVERE ] updating countdown to 12242
[16:49:38.757] [SEVERE ] updating countdown to 12242
[16:49:38.867] [SEVERE ] updating countdown to 12132
[16:49:38.867] [SEVERE ] updating countdown to 12132
[16:49:38.977] [SEVERE ] updating countdown to 12022
[16:49:38.977] [SEVERE ] updating countdown to 12022
[16:49:39.038] [SEVERE ] setting player 2 freeze to 1000
[16:49:39.038] [SEVERE ] setting player 1 freeze to 1000
[16:49:39.085] [SEVERE ] updating countdown to 11914
[16:49:39.086] [SEVERE ] updating countdown to 11913
[16:49:39.194] [SEVERE ] updating countdown to 11805
[16:49:39.195] [SEVERE ] updating countdown to 11804
[16:49:39.303] [SEVERE ] updating countdown to 11696
[16:49:39.304] [SEVERE ] updating countdown to 11695
[16:49:39.412] [SEVERE ] updating countdown to 11587
[16:49:39.413] [SEVERE ] updating countdown to 11586
[16:49:39.523] [SEVERE ] updating countdown to 11476
[16:49:39.523] [SEVERE ] updating countdown to 11476
[16:49:39.633] [SEVERE ] updating countdown to 11366
[16:49:39.633] [SEVERE ] updating countdown to 11366
[16:49:39.742] [SEVERE ] updating countdown to 11257
[16:49:39.744] [SEVERE ] updating countdown to 11255
[16:49:39.853] [SEVERE ] updating countdown to 11146
[16:49:39.853] [SEVERE ] updating countdown to 11146
[16:49:39.962] [SEVERE ] updating countdown to 11037
[16:49:39.962] [SEVERE ] updating countdown to 11037
[16:49:40.041] [SEVERE ] setting player 1 freeze to 0
[16:49:40.041] [SEVERE ] setting player 2 freeze to 0
[16:49:40.042] [SEVERE ] player 1 placing token on slot 1
[16:49:40.042] [SEVERE ] player 2 placing token on slot 10
[16:49:40.042] [SEVERE ] player 1 placing token on slot 10
[16:49:40.042] [SEVERE ] player 2 placing token on slot 5
[16:49:40.043] [SEVERE ] player 1 placing token on slot 8
[16:49:40.043] [SEVERE ] player 2 placing token on slot 6
[16:49:40.043] [SEVERE ] updating countdown to 10956
[16:49:40.044] [INFO   ] remove  in the table step 1
[16:49:40.044] [INFO   ] remove  in the table step 2
[16:49:40.044] [SEVERE ] removing player 1 token from slot 1
[16:49:40.044] [SEVERE ] removing player 1 token from slot 10
[16:49:40.045] [SEVERE ] removing player 1 token from slot 8
[16:49:40.045] [INFO   ] remove  in the table step 1
[16:49:40.045] [INFO   ] remove  in the table step 2
[16:49:40.045] [SEVERE ] setting player 1 freeze to 3000
[16:49:40.045] [SEVERE ] removing player 2 token from slot 10
[16:49:40.046] [SEVERE ] removing player 2 token from slot 5
[16:49:40.046] [SEVERE ] removing player 2 token from slot 6
[16:49:40.046] [SEVERE ] updating countdown to 10953
[16:49:40.046] [SEVERE ] setting player 2 freeze to 3000
[16:49:40.151] [SEVERE ] updating countdown to 10848
[16:49:40.151] [SEVERE ] updating countdown to 10848
[16:49:40.260] [SEVERE ] updating countdown to 10739
[16:49:40.260] [SEVERE ] updating countdown to 10739
[16:49:40.369] [SEVERE ] updating countdown to 10630
[16:49:40.369] [SEVERE ] updating countdown to 10630
[16:49:40.479] [SEVERE ] updating countdown to 10520
[16:49:40.479] [SEVERE ] updating countdown to 10520
[16:49:40.587] [SEVERE ] updating countdown to 10412
[16:49:40.587] [SEVERE ] updating countdown to 10412
[16:49:40.696] [SEVERE ] updating countdown to 10303
[16:49:40.696] [SEVERE ] updating countdown to 10303
[16:49:40.805] [SEVERE ] updating countdown to 10194
[16:49:40.805] [SEVERE ] updating countdown to 10194
[16:49:40.915] [SEVERE ] updating countdown to 10084
[16:49:40.915] [SEVERE ] updating countdown to 10084
[16:49:41.025] [SEVERE ] updating countdown to 9974
[16:49:41.026] [SEVERE ] updating countdown to 9974
[16:49:41.057] [SEVERE ] setting player 2 freeze to 2000
[16:49:41.057] [SEVERE ] setting player 1 freeze to 2000
[16:49:41.135] [SEVERE ] updating countdown to 9864
[16:49:41.135] [SEVERE ] updating countdown to 9864
[16:49:41.243] [SEVERE ] updating countdown to 9756
[16:49:41.243] [SEVERE ] updating countdown to 9756
[16:49:41.354] [SEVERE ] updating countdown to 9645
[16:49:41.354] [SEVERE ] updating countdown to 9645
[16:49:41.463] [SEVERE ] updating countdown to 9536
[16:49:41.463] [SEVERE ] updating countdown to 9536
[16:49:41.571] [SEVERE ] updating countdown to 9428
[16:49:41.571] [SEVERE ] updating countdown to 9428
[16:49:41.682] [SEVERE ] updating countdown to 9317
[16:49:41.682] [SEVERE ] updating countdown to 9317
[16:49:41.792] [SEVERE ] updating countdown to 9207
[16:49:41.792] [SEVERE ] updating countdown to 9207
[16:49:41.906] [SEVERE ] updating countdown to 9093
[16:49:41.906] [SEVERE ] updating countdown to 9093
[16:49:42.016] [SEVERE ] updating countdown to 8983
[16:49:42.016] [SEVERE ] updating countdown to 8983
[16:49:42.063] [SEVERE ] setting player 2 freeze to 1000
[16:49:42.063] [SEVERE ] setting player 1 freeze to 1000
[16:49:42.126] [SEVERE ] updating countdown to 8873
[16:49:42.126] [SEVERE ] updating countdown to 8873
[16:49:42.234] [SEVERE ] updating countdown to 8765
[16:49:42.234] [SEVERE ] updating countdown to 8765
[16:49:42.344] [SEVERE ] updating countdown to 8655
[16:49:42.344] [SEVERE ] updating countdown to 8655
[16:49:42.454] [SEVERE ] updating countdown to 8545
[16:49:42.454] [SEVERE ] updating countdown to 8545
[16:49:42.564] [SEVERE ] updating countdown to 8435
[16:49:42.564] [SEVERE ] updating countdown to 8435
[16:49:42.673] [SEVERE ] updating countdown to 8326
[16:49:42.673] [SEVERE ] updating countdown to 8326
[16:49:42.782] [SEVERE ] updating countdown to 8217
[16:49:42.782] [SEVERE ] updating countdown to 8217
[16:49:42.890] [SEVERE ] updating countdown to 8109
[16:49:42.890] [SEVERE ] updating countdown to 8109
[16:49:42.999] [SEVERE ] updating countdown to 8000
[16:49:42.999] [SEVERE ] updating countdown to 8000
[16:49:43.076] [SEVERE ] setting player 1 freeze to 0
[16:49:43.076] [SEVERE ] setting player 2 freeze to 0
[16:49:43.077] [SEVERE ] player 1 placing token on slot 10
[16:49:43.077] [SEVERE ] player 2 placing token on slot 2
[16:49:43.077] [SEVERE ] player 1 placing token on slot 1
[16:49:43.077] [SEVERE ] player 2 placing token on slot 9
[16:49:43.078] [SEVERE ] player 1 placing token on slot 3
[16:49:43.078] [SEVERE ] player 2 placing token on slot 5
[16:49:43.078] [SEVERE ] updating countdown to 7921
[16:49:43.079] [INFO   ] remove  in the table step 1
[16:49:43.079] [INFO   ] remove  in the table step 2
[16:49:43.079] [SEVERE ] removing player 1 token from slot 10
[16:49:43.079] [SEVERE ] removing player 1 token from slot 1
[16:49:43.079] [SEVERE ] removing player 1 token from slot 3
[16:49:43.079] [INFO   ] remove  in the table step 1
[16:49:43.079] [INFO   ] remove  in the table step 2
[16:49:43.079] [SEVERE ] setting player 1 freeze to 3000
[16:49:43.080] [SEVERE ] removing player 2 token from slot 2
[16:49:43.080] [SEVERE ] removing player 2 token from slot 9
[16:49:43.080] [SEVERE ] removing player 2 token from slot 5
[16:49:43.080] [SEVERE ] updating countdown to 7919
[16:49:43.080] [SEVERE ] setting player 2 freeze to 3000
[16:49:43.183] [SEVERE ] updating countdown to 7816
[16:49:43.183] [SEVERE ] updating countdown to 7816
[16:49:43.292] [SEVERE ] updating countdown to 7707
[16:49:43.292] [SEVERE ] updating countdown to 7707
[16:49:43.400] [SEVERE ] updating countdown to 7599
[16:49:43.400] [SEVERE ] updating countdown to 7599
[16:49:43.511] [SEVERE ] updating countdown to 7488
[16:49:43.511] [SEVERE ] updating countdown to 7488
[16:49:43.622] [SEVERE ] updating countdown to 7377
[16:49:43.622] [SEVERE ] updating countdown to 7377
[16:49:43.732] [SEVERE ] updating countdown to 7267
[16:49:43.732] [SEVERE ] updating countdown to 7267
[16:49:43.843] [SEVERE ] updating countdown to 7156
[16:49:43.843] [SEVERE ] updating countdown to 7156
[16:49:43.952] [SEVERE ] updating countdown to 7047
[16:49:43.952] [SEVERE ] updating countdown to 7047
[16:49:44.062] [SEVERE ] updating countdown to 6937
[16:49:44.063] [SEVERE ] updating countdown to 6936
[16:49:44.094] [SEVERE ] setting player 1 freeze to 2000
[16:49:44.094] [SEVERE ] setting player 2 freeze to 2000
[16:49:44.172] [SEVERE ] updating countdown to 6827
[16:49:44.172] [SEVERE ] updating countdown to 6827
[16:49:44.282] [SEVERE ] updating countdown to 6717
[16:49:44.282] [SEVERE ] updating countdown to 6717
[16:49:44.391] [SEVERE ] updating countdown to 6608
[16:49:44.391] [SEVERE ] updating countdown to 6608
[16:49:44.500] [SEVERE ] updating countdown to 6499
[16:49:44.501] [SEVERE ] updating countdown to 6498
[16:49:44.608] [SEVERE ] updating countdown to 6391
[16:49:44.608] [SEVERE ] updating countdown to 6391
[16:49:44.716] [SEVERE ] updating countdown to 6283
[16:49:44.716] [SEVERE ] updating countdown to 6283
[16:49:44.825] [SEVERE ] updating countdown to 6174
[16:49:44.825] [SEVERE ] updating countdown to 6174
[16:49:44.936] [SEVERE ] updating countdown to 6063
[16:49:44.936] [SEVERE ] updating countdown to 6063
[16:49:45.044] [SEVERE ] updating countdown to 5955
[16:49:45.044] [SEVERE ] updating countdown to 5955
[16:49:45.105] [SEVERE ] setting player 1 freeze to 1000
[16:49:45.105] [SEVERE ] setting player 2 freeze to 1000
[16:49:45.152] [SEVERE ] updating countdown to 5847
[16:49:45.152] [SEVERE ] updating countdown to 5847
[16:49:45.261] [SEVERE ] updating countdown to 5738
[16:49:45.261] [SEVERE ] updating countdown to 5738
[16:49:45.370] [SEVERE ] updating countdown to 5629
[16:49:45.370] [SEVERE ] updating countdown to 5629
[16:49:45.479] [SEVERE ] updating countdown to 5520
[16:49:45.479] [SEVERE ] updating countdown to 5520
[16:49:45.589] [SEVERE ] updating countdown to 5410
[16:49:45.589] [SEVERE ] updating countdown to 5410
[16:49:45.701] [SEVERE ] updating countdown to 5298
[16:49:45.701] [SEVERE ] updating countdown to 5298
[16:49:45.812] [SEVERE ] updating countdown to 5187
[16:49:45.812] [SEVERE ] updating countdown to 5187
[16:49:45.923] [SEVERE ] updating countdown to 5076
[16:49:45.923] [SEVERE ] updating countdown to 5076
[16:49:46.112] [SEVERE ] setting player 2 freeze to 0
[16:49:46.112] [SEVERE ] setting player 1 freeze to 0
[16:49:46.113] [SEVERE ] player 2 placing token on slot 2
[16:49:46.113] [SEVERE ] player 1 placing token on slot 8
[16:49:46.113] [SEVERE ] player 2 placing token on slot 3
[16:49:46.113] [SEVERE ] player 1 placing token on slot 6
[16:49:46.113] [SEVERE ] player 2 placing token on slot 0
[16:49:46.113] [SEVERE ] removing player 1 token from slot 6
[16:49:46.114] [SEVERE ] player 1 placing token on slot 4
[16:49:46.114] [SEVERE ] player 1 placing token on slot 11
[16:49:46.114] [INFO   ] remove  in the table step 1
[16:49:46.114] [INFO   ] remove  in the table step 2
[16:49:46.114] [SEVERE ] removing player 2 token from slot 2
[16:49:46.115] [SEVERE ] removing player 2 token from slot 3
[16:49:46.115] [SEVERE ] removing player 2 token from slot 0
[16:49:46.115] [INFO   ] remove  in the table step 1
[16:49:46.115] [INFO   ] remove  in the table step 2
[16:49:46.115] [SEVERE ] setting player 2 freeze to 3000
[16:49:46.115] [SEVERE ] removing player 1 token from slot 8
[16:49:46.116] [SEVERE ] removing player 1 token from slot 4
[16:49:46.116] [SEVERE ] removing player 1 token from slot 11
[16:49:46.116] [SEVERE ] setting player 1 freeze to 3000
[16:49:47.117] [SEVERE ] setting player 2 freeze to 2000
[16:49:47.131] [SEVERE ] setting player 1 freeze to 2000
[16:49:48.130] [SEVERE ] setting player 2 freeze to 1000
[16:49:48.146] [SEVERE ] setting player 1 freeze to 1000
[16:49:49.145] [SEVERE ] setting player 2 freeze to 0
[16:49:49.146] [SEVERE ] player 2 placing token on slot 6
[16:49:49.146] [SEVERE ] player 2 placing token on slot 1
[16:49:49.146] [SEVERE ] player 2 placing token on slot 7
[16:49:49.147] [INFO   ] remove  in the table step 1
[16:49:49.147] [INFO   ] remove  in the table step 2
[16:49:49.147] [SEVERE ] removing player 2 token from slot 6
[16:49:49.147] [SEVERE ] removing player 2 token from slot 1
[16:49:49.148] [SEVERE ] removing player 2 token from slot 7
[16:49:49.148] [SEVERE ] setting player 2 freeze to 3000
[16:49:49.161] [SEVERE ] setting player 1 freeze to 0
[16:49:49.161] [SEVERE ] player 1 placing token on slot 7
[16:49:49.162] [SEVERE ] player 1 placing token on slot 8
[16:49:49.162] [SEVERE ] player 1 placing token on slot 4
[16:49:49.163] [INFO   ] remove  in the table step 1
[16:49:49.163] [INFO   ] remove  in the table step 2
[16:49:49.163] [SEVERE ] removing player 1 token from slot 7
[16:49:49.163] [SEVERE ] removing player 1 token from slot 8
[16:49:49.163] [SEVERE ] removing player 1 token from slot 4
[16:49:49.163] [SEVERE ] setting player 1 freeze to 3000
[16:49:50.160] [SEVERE ] setting player 2 freeze to 2000
[16:49:50.175] [SEVERE ] setting player 1 freeze to 2000
[16:49:51.019] [SEVERE ] updating countdown to 0
[16:49:51.019] [SEVERE ] updating countdown to 0
[16:49:51.020] [SEVERE ] updating countdown to 0
[16:49:51.131] [SEVERE ] removing card from slot 0
[16:49:51.162] [SEVERE ] setting player 2 freeze to 1000
[16:49:51.177] [SEVERE ] setting player 1 freeze to 1000
[16:49:51.239] [SEVERE ] removing card from slot 1
[16:49:51.347] [SEVERE ] removing card from slot 2
[16:49:51.457] [SEVERE ] removing card from slot 3
[16:49:51.567] [SEVERE ] removing card from slot 4
[16:49:51.674] [SEVERE ] removing card from slot 5
[16:49:51.785] [SEVERE ] removing card from slot 6
[16:49:51.896] [SEVERE ] removing card from slot 7
[16:49:52.006] [SEVERE ] removing card from slot 8
[16:49:52.114] [SEVERE ] removing card from slot 9
[16:49:52.177] [SEVERE ] setting player 2 freeze to 0
[16:49:52.180] [SEVERE ] setting player 1 freeze to 0
[16:49:52.224] [SEVERE ] removing card from slot 10
[16:49:52.333] [SEVERE ] removing card from slot 11
[16:49:52.442] [SEVERE ] placing card 41 in slot 0
[16:49:52.551] [SEVERE ] placing card 1 in slot 1
[16:49:52.661] [SEVERE ] placing card 33 in slot 2
[16:49:52.771] [SEVERE ] placing card 47 in slot 3
[16:49:52.879] [SEVERE ] placing card 19 in slot 4
[16:49:52.988] [SEVERE ] placing card 78 in slot 5
[16:49:53.097] [SEVERE ] placing card 51 in slot 6
[16:49:53.207] [SEVERE ] placing card 37 in slot 7
[16:49:53.318] [SEVERE ] placing card 45 in slot 8
[16:49:53.428] [SEVERE ] placing card 36 in slot 9
[16:49:53.539] [SEVERE ] placing card 30 in slot 10
[16:49:53.649] [SEVERE ] placing card 64 in slot 11
[16:49:53.649] [SEVERE ] updating countdown to 20000
[16:49:53.651] [SEVERE ] player 1 placing token on slot 3
[16:49:53.651] [SEVERE ] player 2 placing token on slot 8
[16:49:53.651] [SEVERE ] player 1 placing token on slot 1
[16:49:53.651] [SEVERE ] player 2 placing token on slot 5
[16:49:53.651] [SEVERE ] player 1 placing token on slot 10
[16:49:53.651] [SEVERE ] player 2 placing token on slot 6
[16:49:53.651] [SEVERE ] updating countdown to 20048
[16:49:53.652] [INFO   ] remove  in the table step 1
[16:49:53.652] [INFO   ] remove  in the table step 2
[16:49:53.652] [SEVERE ] removing player 1 token from slot 3
[16:49:53.652] [SEVERE ] removing player 1 token from slot 1
[16:49:53.652] [SEVERE ] removing player 1 token from slot 10
[16:49:53.652] [INFO   ] remove  in the table step 1
[16:49:53.652] [INFO   ] remove  in the table step 2
[16:49:53.652] [SEVERE ] setting player 1 freeze to 3000
[16:49:53.652] [SEVERE ] removing player 2 token from slot 8
[16:49:53.653] [SEVERE ] removing player 2 token from slot 5
[16:49:53.653] [SEVERE ] removing player 2 token from slot 6
[16:49:53.653] [SEVERE ] updating countdown to 20046
[16:49:53.653] [SEVERE ] setting player 2 freeze to 3000
[16:49:53.760] [SEVERE ] updating countdown to 19939
[16:49:53.760] [SEVERE ] updating countdown to 19939
[16:49:53.869] [SEVERE ] updating countdown to 19830
[16:49:53.869] [SEVERE ] updating countdown to 19830
[16:49:53.977] [SEVERE ] updating countdown to 19722
[16:49:53.978] [SEVERE ] updating countdown to 19721
[16:49:54.087] [SEVERE ] updating countdown to 19612
[16:49:54.087] [SEVERE ] updating countdown to 19612
[16:49:54.197] [SEVERE ] updating countdown to 19502
[16:49:54.197] [SEVERE ] updating countdown to 19502
[16:49:54.306] [SEVERE ] updating countdown to 19393
[16:49:54.306] [SEVERE ] updating countdown to 19393
[16:49:54.415] [SEVERE ] updating countdown to 19284
[16:49:54.415] [SEVERE ] updating countdown to 19284
[16:49:54.523] [SEVERE ] updating countdown to 19176
[16:49:54.523] [SEVERE ] updating countdown to 19176
[16:49:54.632] [SEVERE ] updating countdown to 19067
[16:49:54.632] [SEVERE ] updating countdown to 19067
[16:49:54.664] [SEVERE ] setting player 2 freeze to 2000
[16:49:54.664] [SEVERE ] setting player 1 freeze to 2000
[16:49:54.742] [SEVERE ] updating countdown to 18957
[16:49:54.744] [SEVERE ] updating countdown to 18955
[16:49:54.851] [SEVERE ] updating countdown to 18848
[16:49:54.851] [SEVERE ] updating countdown to 18848
[16:49:54.960] [SEVERE ] updating countdown to 18739
[16:49:54.960] [SEVERE ] updating countdown to 18739
[16:49:55.070] [SEVERE ] updating countdown to 18629
[16:49:55.070] [SEVERE ] updating countdown to 18629
[16:49:55.180] [SEVERE ] updating countdown to 18519
[16:49:55.180] [SEVERE ] updating countdown to 18519
[16:49:55.289] [SEVERE ] updating countdown to 18410
[16:49:55.289] [SEVERE ] updating countdown to 18410
[16:49:55.398] [SEVERE ] updating countdown to 18301
[16:49:55.398] [SEVERE ] updating countdown to 18301
[16:49:55.507] [SEVERE ] updating countdown to 18192
[16:49:55.507] [SEVERE ] updating countdown to 18192
[16:49:55.617] [SEVERE ] updating countdown to 18082
[16:49:55.617] [SEVERE ] updating countdown to 18082
[16:49:55.678] [SEVERE ] setting player 1 freeze to 1000
[16:49:55.678] [SEVERE ] setting player 2 freeze to 1000
[16:49:55.725] [SEVERE ] updating countdown to 17974
[16:49:55.725] [SEVERE ] updating countdown to 17974
[16:49:55.835] [SEVERE ] updating countdown to 17864
[16:49:55.835] [SEVERE ] updating countdown to 17864
[16:49:55.944] [SEVERE ] updating countdown to 17755
[16:49:55.944] [SEVERE ] updating countdown to 17755
[16:49:56.052] [SEVERE ] updating countdown to 17647
[16:49:56.052] [SEVERE ] updating countdown to 17647
[16:49:56.160] [SEVERE ] updating countdown to 17539
[16:49:56.160] [SEVERE ] updating countdown to 17539
[16:49:56.269] [SEVERE ] updating countdown to 17430
[16:49:56.269] [SEVERE ] updating countdown to 17430
[16:49:56.379] [SEVERE ] updating countdown to 17320
[16:49:56.379] [SEVERE ] updating countdown to 17320
[16:49:56.487] [SEVERE ] updating countdown to 17212
[16:49:56.487] [SEVERE ] updating countdown to 17212
[16:49:56.601] [SEVERE ] updating countdown to 17098
[16:49:56.601] [SEVERE ] updating countdown to 17098
[16:49:56.680] [SEVERE ] setting player 1 freeze to 0
[16:49:56.680] [SEVERE ] setting player 2 freeze to 0
[16:49:56.680] [SEVERE ] player 1 placing token on slot 9
[16:49:56.680] [SEVERE ] player 2 placing token on slot 6
[16:49:56.680] [SEVERE ] player 1 placing token on slot 2
[16:49:56.680] [SEVERE ] player 2 placing token on slot 3
[16:49:56.681] [SEVERE ] player 2 placing token on slot 2
[16:49:56.680] [SEVERE ] player 1 placing token on slot 8
[16:49:56.681] [SEVERE ] updating countdown to 17018
[16:49:56.681] [INFO   ] remove  in the table step 1
[16:49:56.681] [INFO   ] remove  in the table step 2
[16:49:56.681] [SEVERE ] removing player 2 token from slot 6
[16:49:56.681] [SEVERE ] removing player 2 token from slot 3
[16:49:56.681] [SEVERE ] removing player 2 token from slot 2
[16:49:56.681] [INFO   ] remove  in the table step 1
[16:49:56.681] [INFO   ] remove  in the table step 2
[16:49:56.681] [SEVERE ] removing player 1 token from slot 9
[16:49:56.681] [SEVERE ] setting player 2 freeze to 3000
[16:49:56.681] [SEVERE ] removing player 1 token from slot 2
[16:49:56.681] [SEVERE ] removing player 1 token from slot 8
[16:49:56.681] [SEVERE ] updating countdown to 17018
[16:49:56.681] [SEVERE ] setting player 1 freeze to 3000
[16:49:56.791] [SEVERE ] updating countdown to 16908
[16:49:56.791] [SEVERE ] updating countdown to 16908
[16:49:56.902] [SEVERE ] updating countdown to 16797
[16:49:56.902] [SEVERE ] updating countdown to 16797
[16:49:57.011] [SEVERE ] updating countdown to 16688
[16:49:57.011] [SEVERE ] updating countdown to 16688
[16:49:57.121] [SEVERE ] updating countdown to 16578
[16:49:57.121] [SEVERE ] updating countdown to 16578
[16:49:57.230] [SEVERE ] updating countdown to 16469
[16:49:57.230] [SEVERE ] updating countdown to 16469
[16:49:57.339] [SEVERE ] updating countdown to 16360
[16:49:57.339] [SEVERE ] updating countdown to 16360
[16:49:57.444] [SEVERE ] updating countdown to 16255
[16:49:57.445] [SEVERE ] updating countdown to 16254
[16:49:57.547] [SEVERE ] updating countdown to 16152
[16:49:57.547] [SEVERE ] updating countdown to 16152
[16:49:57.661] [SEVERE ] updating countdown to 16038
[16:49:57.661] [SEVERE ] updating countdown to 16038
[16:49:57.692] [SEVERE ] setting player 2 freeze to 2000
[16:49:57.692] [SEVERE ] setting player 1 freeze to 2000
[16:49:57.771] [SEVERE ] updating countdown to 15928
[16:49:57.771] [SEVERE ] updating countdown to 15928
[16:49:57.852] [SEVERE ] exit button pressed
[16:49:57.867] [SEVERE ] setting player 2 freeze to 1000
[16:49:57.883] [SEVERE ] updating countdown to 15816
[16:49:57.883] [SEVERE ] updating countdown to 15816
[16:49:57.984] [SEVERE ] updating countdown to 15715
[16:49:57.984] [SEVERE ] updating countdown to 15715
[16:49:58.084] [SEVERE ] updating countdown to 15615
[16:49:58.084] [SEVERE ] updating countdown to 15615
[16:49:58.184] [SEVERE ] updating countdown to 15515
[16:49:58.184] [SEVERE ] updating countdown to 15515
[16:49:58.285] [SEVERE ] updating countdown to 15414
[16:49:58.285] [SEVERE ] updating countdown to 15414
[16:49:58.386] [SEVERE ] updating countdown to 15313
[16:49:58.386] [SEVERE ] updating countdown to 15313
[16:49:58.500] [SEVERE ] updating countdown to 15199
[16:49:58.500] [SEVERE ] updating countdown to 15199
[16:49:58.610] [SEVERE ] updating countdown to 15089
[16:49:58.610] [SEVERE ] updating countdown to 15089
[16:49:58.704] [SEVERE ] setting player 1 freeze to 1000
[16:49:58.719] [SEVERE ] updating countdown to 14980
[16:49:58.719] [SEVERE ] updating countdown to 14980
[16:49:58.829] [SEVERE ] updating countdown to 14870
[16:49:58.829] [SEVERE ] updating countdown to 14870
[16:49:58.876] [SEVERE ] setting player 2 freeze to 0
[16:49:58.876] [INFO   ] thread computer-1 terminated.
[16:49:58.876] [INFO   ] thread Thread-1 terminated.
[16:49:58.877] [SEVERE ] setting player 1 freeze to 0
[16:49:58.877] [INFO   ] thread computer-0 terminated.
[16:49:58.877] [INFO   ] thread Thread-0 terminated.
[16:49:58.940] [SEVERE ] updating countdown to 14759
[16:49:58.940] [SEVERE ] updating countdown to 14759
[16:49:58.940] [SEVERE ] updating countdown to 14759
[16:49:59.049] [SEVERE ] removing card from slot 0
[16:49:59.161] [SEVERE ] removing card from slot 1
[16:49:59.265] [SEVERE ] removing card from slot 2
[16:49:59.369] [SEVERE ] removing card from slot 3
[16:49:59.483] [SEVERE ] removing card from slot 4
[16:49:59.584] [SEVERE ] removing card from slot 5
[16:49:59.700] [SEVERE ] removing card from slot 6
[16:49:59.810] [SEVERE ] removing card from slot 7
[16:49:59.916] [SEVERE ] removing card from slot 8
[16:50:00.018] [SEVERE ] removing card from slot 9
[16:50:00.133] [SEVERE ] removing card from slot 10
[16:50:00.234] [SEVERE ] removing card from slot 11
[16:50:00.236] [SEVERE ] announcing winner(s): player 1, player 2
[16:50:00.238] [INFO   ] thread dealer terminated.
[16:50:00.238] [INFO   ] thread dealer terminated.
[16:50:00.238] [SEVERE ] thanks for playing... it was fun!
[16:50:00.238] [INFO   ] thread main terminated.
