[14:28:28.526] [INFO   ] thread main starting.
[14:28:28.534] [SEVERE ] cannot read configuration file config.properties trying from resources.
[14:28:28.537] [SEVERE ] configuration file was loaded from resources directory.
[14:28:29.085] [INFO   ] thread dealer starting.
[14:28:29.086] [INFO   ] thread dealer starting.
[14:28:29.087] [INFO   ] thread Thread-0 starting.
[14:28:29.087] [INFO   ] thread Thread-1 starting.
[14:28:29.088] [SEVERE ] updating countdown to 20000
[14:28:29.198] [SEVERE ] placing card 34 in slot 0
[14:28:29.305] [SEVERE ] placing card 3 in slot 1
[14:28:29.413] [SEVERE ] placing card 59 in slot 2
[14:28:29.523] [SEVERE ] placing card 51 in slot 3
[14:28:29.632] [SEVERE ] placing card 38 in slot 4
[14:28:29.741] [SEVERE ] placing card 47 in slot 5
[14:28:29.851] [SEVERE ] placing card 73 in slot 6
[14:28:29.961] [SEVERE ] placing card 37 in slot 7
[14:28:30.069] [SEVERE ] placing card 80 in slot 8
[14:28:30.179] [SEVERE ] placing card 31 in slot 9
[14:28:30.289] [SEVERE ] placing card 21 in slot 10
[14:28:30.397] [SEVERE ] placing card 67 in slot 11
[14:28:30.397] [SEVERE ] updating countdown to 20000
[14:28:30.507] [SEVERE ] updating countdown to 19940
[14:28:30.508] [SEVERE ] updating countdown to 19940
[14:28:30.615] [SEVERE ] updating countdown to 19832
[14:28:30.615] [SEVERE ] updating countdown to 19832
[14:28:30.725] [SEVERE ] updating countdown to 19722
[14:28:30.725] [SEVERE ] updating countdown to 19722
[14:28:30.835] [SEVERE ] updating countdown to 19612
[14:28:30.835] [SEVERE ] updating countdown to 19612
[14:28:30.943] [SEVERE ] updating countdown to 19504
[14:28:30.944] [SEVERE ] updating countdown to 19503
[14:28:31.050] [SEVERE ] updating countdown to 19397
[14:28:31.051] [SEVERE ] updating countdown to 19396
[14:28:31.160] [SEVERE ] updating countdown to 19287
[14:28:31.160] [SEVERE ] updating countdown to 19287
[14:28:31.269] [SEVERE ] updating countdown to 19178
[14:28:31.269] [SEVERE ] updating countdown to 19178
[14:28:31.377] [SEVERE ] updating countdown to 19070
[14:28:31.377] [SEVERE ] updating countdown to 19070
[14:28:31.487] [SEVERE ] updating countdown to 18960
[14:28:31.487] [SEVERE ] updating countdown to 18960
[14:28:31.597] [SEVERE ] updating countdown to 18850
[14:28:31.598] [SEVERE ] updating countdown to 18849
[14:28:31.707] [SEVERE ] updating countdown to 18740
[14:28:31.708] [SEVERE ] updating countdown to 18739
[14:28:31.818] [SEVERE ] updating countdown to 18629
[14:28:31.818] [SEVERE ] updating countdown to 18629
[14:28:31.930] [SEVERE ] updating countdown to 18517
[14:28:31.930] [SEVERE ] updating countdown to 18517
[14:28:32.038] [SEVERE ] updating countdown to 18409
[14:28:32.039] [SEVERE ] updating countdown to 18408
[14:28:32.148] [SEVERE ] updating countdown to 18299
[14:28:32.148] [SEVERE ] updating countdown to 18299
[14:28:32.257] [SEVERE ] updating countdown to 18190
[14:28:32.258] [SEVERE ] updating countdown to 18189
[14:28:32.367] [SEVERE ] updating countdown to 18080
[14:28:32.367] [SEVERE ] updating countdown to 18080
[14:28:32.476] [SEVERE ] updating countdown to 17971
[14:28:32.477] [SEVERE ] updating countdown to 17970
[14:28:32.585] [SEVERE ] updating countdown to 17862
[14:28:32.585] [SEVERE ] updating countdown to 17862
[14:28:32.694] [SEVERE ] updating countdown to 17753
[14:28:32.694] [SEVERE ] updating countdown to 17753
[14:28:32.805] [SEVERE ] updating countdown to 17642
[14:28:32.806] [SEVERE ] updating countdown to 17641
[14:28:32.914] [SEVERE ] updating countdown to 17533
[14:28:32.915] [SEVERE ] updating countdown to 17532
[14:28:33.023] [SEVERE ] updating countdown to 17424
[14:28:33.023] [SEVERE ] updating countdown to 17424
[14:28:33.131] [SEVERE ] updating countdown to 17316
[14:28:33.131] [SEVERE ] updating countdown to 17316
[14:28:33.240] [SEVERE ] updating countdown to 17207
[14:28:33.240] [SEVERE ] updating countdown to 17207
[14:28:33.351] [SEVERE ] updating countdown to 17096
[14:28:33.351] [SEVERE ] updating countdown to 17096
[14:28:33.463] [SEVERE ] updating countdown to 16984
[14:28:33.464] [SEVERE ] updating countdown to 16983
[14:28:33.574] [SEVERE ] updating countdown to 16873
[14:28:33.574] [SEVERE ] updating countdown to 16873
[14:28:33.683] [SEVERE ] updating countdown to 16764
[14:28:33.683] [SEVERE ] updating countdown to 16764
[14:28:33.792] [SEVERE ] updating countdown to 16655
[14:28:33.792] [SEVERE ] updating countdown to 16655
[14:28:33.902] [SEVERE ] updating countdown to 16545
[14:28:33.902] [SEVERE ] updating countdown to 16545
[14:28:34.014] [SEVERE ] updating countdown to 16433
[14:28:34.014] [SEVERE ] updating countdown to 16433
[14:28:34.124] [SEVERE ] updating countdown to 16323
[14:28:34.124] [SEVERE ] updating countdown to 16323
[14:28:34.236] [SEVERE ] updating countdown to 16211
[14:28:34.236] [SEVERE ] updating countdown to 16211
[14:28:34.346] [SEVERE ] updating countdown to 16101
[14:28:34.346] [SEVERE ] updating countdown to 16101
[14:28:34.457] [SEVERE ] updating countdown to 15990
[14:28:34.458] [SEVERE ] updating countdown to 15990
[14:28:34.568] [SEVERE ] updating countdown to 15879
[14:28:34.568] [SEVERE ] updating countdown to 15879
[14:28:34.678] [SEVERE ] updating countdown to 15769
[14:28:34.678] [SEVERE ] updating countdown to 15769
[14:28:34.788] [SEVERE ] updating countdown to 15659
[14:28:34.788] [SEVERE ] updating countdown to 15659
[14:28:34.899] [SEVERE ] updating countdown to 15548
[14:28:34.899] [SEVERE ] updating countdown to 15548
[14:28:35.008] [SEVERE ] updating countdown to 15439
[14:28:35.008] [SEVERE ] updating countdown to 15439
[14:28:35.117] [SEVERE ] updating countdown to 15330
[14:28:35.117] [SEVERE ] updating countdown to 15330
[14:28:35.225] [SEVERE ] updating countdown to 15222
[14:28:35.225] [SEVERE ] updating countdown to 15222
[14:28:35.334] [SEVERE ] updating countdown to 15113
[14:28:35.334] [SEVERE ] updating countdown to 15113
[14:28:35.442] [SEVERE ] updating countdown to 15005
[14:28:35.442] [SEVERE ] updating countdown to 15005
[14:28:35.552] [SEVERE ] updating countdown to 14895
[14:28:35.552] [SEVERE ] updating countdown to 14895
[14:28:35.661] [SEVERE ] updating countdown to 14786
[14:28:35.661] [SEVERE ] updating countdown to 14786
[14:28:35.771] [SEVERE ] updating countdown to 14676
[14:28:35.771] [SEVERE ] updating countdown to 14676
[14:28:35.880] [SEVERE ] updating countdown to 14567
[14:28:35.880] [SEVERE ] updating countdown to 14567
[14:28:35.988] [SEVERE ] updating countdown to 14459
[14:28:35.988] [SEVERE ] updating countdown to 14459
[14:28:36.098] [SEVERE ] updating countdown to 14349
[14:28:36.098] [SEVERE ] updating countdown to 14349
[14:28:36.208] [SEVERE ] updating countdown to 14239
[14:28:36.208] [SEVERE ] updating countdown to 14239
[14:28:36.317] [SEVERE ] updating countdown to 14130
[14:28:36.317] [SEVERE ] updating countdown to 14130
[14:28:36.426] [SEVERE ] updating countdown to 14021
[14:28:36.426] [SEVERE ] updating countdown to 14021
[14:28:36.444] [SEVERE ] key 79 was pressed by player 2
[14:28:36.444] [SEVERE ] player 2 placing token on slot 2
[14:28:36.535] [SEVERE ] updating countdown to 13912
[14:28:36.536] [SEVERE ] updating countdown to 13911
[14:28:36.646] [SEVERE ] updating countdown to 13801
[14:28:36.646] [SEVERE ] updating countdown to 13801
[14:28:36.754] [SEVERE ] updating countdown to 13693
[14:28:36.754] [SEVERE ] updating countdown to 13693
[14:28:36.865] [SEVERE ] updating countdown to 13582
[14:28:36.865] [SEVERE ] updating countdown to 13582
[14:28:36.975] [SEVERE ] updating countdown to 13472
[14:28:36.975] [SEVERE ] updating countdown to 13472
[14:28:37.086] [SEVERE ] updating countdown to 13361
[14:28:37.086] [SEVERE ] updating countdown to 13361
[14:28:37.193] [SEVERE ] updating countdown to 13254
[14:28:37.193] [SEVERE ] updating countdown to 13254
[14:28:37.303] [SEVERE ] updating countdown to 13144
[14:28:37.303] [SEVERE ] updating countdown to 13144
[14:28:37.414] [SEVERE ] updating countdown to 13033
[14:28:37.414] [SEVERE ] updating countdown to 13033
[14:28:37.521] [SEVERE ] updating countdown to 12926
[14:28:37.522] [SEVERE ] updating countdown to 12925
[14:28:37.630] [SEVERE ] updating countdown to 12817
[14:28:37.631] [SEVERE ] updating countdown to 12817
[14:28:37.740] [SEVERE ] updating countdown to 12707
[14:28:37.740] [SEVERE ] updating countdown to 12707
[14:28:37.849] [SEVERE ] updating countdown to 12598
[14:28:37.849] [SEVERE ] updating countdown to 12598
[14:28:37.959] [SEVERE ] updating countdown to 12488
[14:28:37.959] [SEVERE ] key 44 was pressed by player 2
[14:28:37.959] [SEVERE ] updating countdown to 12488
[14:28:38.070] [SEVERE ] updating countdown to 12377
[14:28:38.070] [SEVERE ] updating countdown to 12377
[14:28:38.181] [SEVERE ] updating countdown to 12266
[14:28:38.181] [SEVERE ] updating countdown to 12266
[14:28:38.290] [SEVERE ] updating countdown to 12157
[14:28:38.290] [SEVERE ] updating countdown to 12157
[14:28:38.400] [SEVERE ] updating countdown to 12047
[14:28:38.400] [SEVERE ] updating countdown to 12047
[14:28:38.510] [SEVERE ] updating countdown to 11937
[14:28:38.510] [SEVERE ] updating countdown to 11937
[14:28:38.621] [SEVERE ] updating countdown to 11826
[14:28:38.621] [SEVERE ] updating countdown to 11826
[14:28:38.730] [SEVERE ] updating countdown to 11717
[14:28:38.730] [SEVERE ] updating countdown to 11717
[14:28:38.840] [SEVERE ] updating countdown to 11607
[14:28:38.841] [SEVERE ] updating countdown to 11606
[14:28:38.857] [SEVERE ] key 44 was pressed by player 2
[14:28:38.857] [SEVERE ] player 2 placing token on slot 9
[14:28:38.951] [SEVERE ] updating countdown to 11496
[14:28:38.951] [SEVERE ] updating countdown to 11496
[14:28:39.062] [SEVERE ] updating countdown to 11385
[14:28:39.063] [SEVERE ] updating countdown to 11384
[14:28:39.171] [SEVERE ] updating countdown to 11276
[14:28:39.171] [SEVERE ] updating countdown to 11276
[14:28:39.281] [SEVERE ] updating countdown to 11166
[14:28:39.281] [SEVERE ] updating countdown to 11166
[14:28:39.391] [SEVERE ] updating countdown to 11056
[14:28:39.392] [SEVERE ] updating countdown to 11055
[14:28:39.499] [SEVERE ] updating countdown to 10948
[14:28:39.499] [SEVERE ] updating countdown to 10948
[14:28:39.611] [SEVERE ] updating countdown to 10836
[14:28:39.611] [SEVERE ] updating countdown to 10836
[14:28:39.719] [SEVERE ] updating countdown to 10728
[14:28:39.719] [SEVERE ] updating countdown to 10728
[14:28:39.828] [SEVERE ] updating countdown to 10619
[14:28:39.828] [SEVERE ] updating countdown to 10619
[14:28:39.937] [SEVERE ] updating countdown to 10510
[14:28:39.937] [SEVERE ] updating countdown to 10510
[14:28:40.046] [SEVERE ] updating countdown to 10401
[14:28:40.046] [SEVERE ] updating countdown to 10401
[14:28:40.155] [SEVERE ] updating countdown to 10292
[14:28:40.155] [SEVERE ] updating countdown to 10292
[14:28:40.263] [SEVERE ] updating countdown to 10184
[14:28:40.263] [SEVERE ] updating countdown to 10184
[14:28:40.314] [SEVERE ] key 73 was pressed by player 2
[14:28:40.314] [SEVERE ] player 2 placing token on slot 1
[14:28:40.315] [SEVERE ] updating countdown to 10132
[14:28:40.315] [INFO   ] remove  in the table step 1
[14:28:40.315] [INFO   ] remove  in the table step 2
[14:28:40.315] [SEVERE ] removing player 2 token from slot 2
[14:28:40.423] [SEVERE ] removing card from slot 2
[14:28:40.423] [SEVERE ] removing player 2 token from slot 9
[14:28:40.538] [SEVERE ] removing card from slot 9
[14:28:40.538] [SEVERE ] removing player 2 token from slot 1
[14:28:40.649] [SEVERE ] removing card from slot 1
[14:28:40.649] [SEVERE ] setting player 2 score to 1
[14:28:40.649] [SEVERE ] setting player 2 freeze to 1000
[14:28:40.760] [SEVERE ] placing card 24 in slot 1
[14:28:40.870] [SEVERE ] placing card 52 in slot 2
[14:28:40.983] [SEVERE ] placing card 45 in slot 9
[14:28:40.983] [SEVERE ] updating countdown to 20000
[14:28:41.092] [SEVERE ] updating countdown to 19941
[14:28:41.092] [SEVERE ] updating countdown to 19941
[14:28:41.202] [SEVERE ] updating countdown to 19831
[14:28:41.202] [SEVERE ] updating countdown to 19831
[14:28:41.312] [SEVERE ] updating countdown to 19721
[14:28:41.312] [SEVERE ] updating countdown to 19721
[14:28:41.421] [SEVERE ] updating countdown to 19612
[14:28:41.421] [SEVERE ] updating countdown to 19612
[14:28:41.534] [SEVERE ] updating countdown to 19499
[14:28:41.534] [SEVERE ] updating countdown to 19499
[14:28:41.648] [SEVERE ] updating countdown to 19385
[14:28:41.648] [SEVERE ] updating countdown to 19385
[14:28:41.663] [SEVERE ] setting player 2 freeze to 0
[14:28:41.757] [SEVERE ] updating countdown to 19276
[14:28:41.757] [SEVERE ] updating countdown to 19276
[14:28:41.866] [SEVERE ] updating countdown to 19167
[14:28:41.866] [SEVERE ] updating countdown to 19167
[14:28:41.975] [SEVERE ] updating countdown to 19058
[14:28:41.975] [SEVERE ] updating countdown to 19058
[14:28:42.085] [SEVERE ] updating countdown to 18948
[14:28:42.085] [SEVERE ] updating countdown to 18948
[14:28:42.195] [SEVERE ] updating countdown to 18838
[14:28:42.195] [SEVERE ] updating countdown to 18838
[14:28:42.305] [SEVERE ] updating countdown to 18728
[14:28:42.305] [SEVERE ] updating countdown to 18728
[14:28:42.415] [SEVERE ] updating countdown to 18618
[14:28:42.415] [SEVERE ] updating countdown to 18618
[14:28:42.525] [SEVERE ] updating countdown to 18508
[14:28:42.525] [SEVERE ] updating countdown to 18508
[14:28:42.634] [SEVERE ] updating countdown to 18399
[14:28:42.634] [SEVERE ] updating countdown to 18399
[14:28:42.744] [SEVERE ] updating countdown to 18289
[14:28:42.744] [SEVERE ] updating countdown to 18289
[14:28:42.854] [SEVERE ] updating countdown to 18179
[14:28:42.854] [SEVERE ] updating countdown to 18179
[14:28:42.964] [SEVERE ] updating countdown to 18069
[14:28:42.964] [SEVERE ] updating countdown to 18069
[14:28:43.074] [SEVERE ] updating countdown to 17959
[14:28:43.074] [SEVERE ] updating countdown to 17959
[14:28:43.184] [SEVERE ] updating countdown to 17849
[14:28:43.184] [SEVERE ] updating countdown to 17849
[14:28:43.293] [SEVERE ] updating countdown to 17740
[14:28:43.293] [SEVERE ] updating countdown to 17740
[14:28:43.404] [SEVERE ] updating countdown to 17629
[14:28:43.404] [SEVERE ] updating countdown to 17629
[14:28:43.513] [SEVERE ] updating countdown to 17520
[14:28:43.513] [SEVERE ] updating countdown to 17520
[14:28:43.623] [SEVERE ] updating countdown to 17410
[14:28:43.623] [SEVERE ] updating countdown to 17410
[14:28:43.734] [SEVERE ] updating countdown to 17299
[14:28:43.734] [SEVERE ] updating countdown to 17299
[14:28:43.845] [SEVERE ] updating countdown to 17188
[14:28:43.845] [SEVERE ] updating countdown to 17188
[14:28:43.956] [SEVERE ] updating countdown to 17077
[14:28:43.956] [SEVERE ] updating countdown to 17077
[14:28:44.064] [SEVERE ] updating countdown to 16969
[14:28:44.065] [SEVERE ] updating countdown to 16969
[14:28:44.175] [SEVERE ] updating countdown to 16858
[14:28:44.175] [SEVERE ] updating countdown to 16858
[14:28:44.286] [SEVERE ] updating countdown to 16747
[14:28:44.286] [SEVERE ] updating countdown to 16747
[14:28:44.396] [SEVERE ] updating countdown to 16637
[14:28:44.396] [SEVERE ] updating countdown to 16637
[14:28:44.506] [SEVERE ] updating countdown to 16527
[14:28:44.506] [SEVERE ] updating countdown to 16527
[14:28:44.617] [SEVERE ] updating countdown to 16416
[14:28:44.617] [SEVERE ] updating countdown to 16416
[14:28:44.727] [SEVERE ] updating countdown to 16306
[14:28:44.727] [SEVERE ] updating countdown to 16306
[14:28:44.838] [SEVERE ] updating countdown to 16195
[14:28:44.838] [SEVERE ] updating countdown to 16195
[14:28:44.948] [SEVERE ] updating countdown to 16085
[14:28:44.948] [SEVERE ] updating countdown to 16085
[14:28:45.058] [SEVERE ] updating countdown to 15975
[14:28:45.058] [SEVERE ] updating countdown to 15975
[14:28:45.168] [SEVERE ] updating countdown to 15865
[14:28:45.168] [SEVERE ] updating countdown to 15865
[14:28:45.277] [SEVERE ] updating countdown to 15756
[14:28:45.277] [SEVERE ] updating countdown to 15756
[14:28:45.389] [SEVERE ] updating countdown to 15644
[14:28:45.389] [SEVERE ] updating countdown to 15644
[14:28:45.499] [SEVERE ] updating countdown to 15534
[14:28:45.499] [SEVERE ] updating countdown to 15534
[14:28:45.608] [SEVERE ] updating countdown to 15425
[14:28:45.608] [SEVERE ] updating countdown to 15425
[14:28:45.719] [SEVERE ] updating countdown to 15314
[14:28:45.719] [SEVERE ] updating countdown to 15314
[14:28:45.829] [SEVERE ] updating countdown to 15204
[14:28:45.829] [SEVERE ] updating countdown to 15204
[14:28:45.941] [SEVERE ] updating countdown to 15092
[14:28:45.941] [SEVERE ] updating countdown to 15092
[14:28:46.051] [SEVERE ] updating countdown to 14982
[14:28:46.051] [SEVERE ] updating countdown to 14982
[14:28:46.162] [SEVERE ] updating countdown to 14871
[14:28:46.162] [SEVERE ] updating countdown to 14871
[14:28:46.270] [SEVERE ] updating countdown to 14763
[14:28:46.270] [SEVERE ] updating countdown to 14763
[14:28:46.380] [SEVERE ] updating countdown to 14653
[14:28:46.380] [SEVERE ] updating countdown to 14653
[14:28:46.490] [SEVERE ] updating countdown to 14543
[14:28:46.490] [SEVERE ] updating countdown to 14543
[14:28:46.600] [SEVERE ] updating countdown to 14433
[14:28:46.601] [SEVERE ] updating countdown to 14432
[14:28:46.710] [SEVERE ] updating countdown to 14323
[14:28:46.710] [SEVERE ] updating countdown to 14323
[14:28:46.821] [SEVERE ] updating countdown to 14212
[14:28:46.821] [SEVERE ] updating countdown to 14212
[14:28:46.930] [SEVERE ] updating countdown to 14103
[14:28:46.930] [SEVERE ] updating countdown to 14103
[14:28:47.041] [SEVERE ] updating countdown to 13992
[14:28:47.041] [SEVERE ] updating countdown to 13992
[14:28:47.151] [SEVERE ] updating countdown to 13882
[14:28:47.151] [SEVERE ] updating countdown to 13882
[14:28:47.262] [SEVERE ] updating countdown to 13771
[14:28:47.262] [SEVERE ] updating countdown to 13771
[14:28:47.372] [SEVERE ] updating countdown to 13661
[14:28:47.372] [SEVERE ] updating countdown to 13661
[14:28:47.483] [SEVERE ] updating countdown to 13550
[14:28:47.483] [SEVERE ] updating countdown to 13550
[14:28:47.594] [SEVERE ] updating countdown to 13439
[14:28:47.594] [SEVERE ] updating countdown to 13439
[14:28:47.705] [SEVERE ] updating countdown to 13328
[14:28:47.705] [SEVERE ] updating countdown to 13328
[14:28:47.815] [SEVERE ] updating countdown to 13218
[14:28:47.815] [SEVERE ] updating countdown to 13218
[14:28:47.927] [SEVERE ] updating countdown to 13106
[14:28:47.927] [SEVERE ] updating countdown to 13106
[14:28:48.036] [SEVERE ] updating countdown to 12997
[14:28:48.038] [SEVERE ] updating countdown to 12995
[14:28:48.148] [SEVERE ] updating countdown to 12885
[14:28:48.148] [SEVERE ] updating countdown to 12885
[14:28:48.258] [SEVERE ] updating countdown to 12775
[14:28:48.258] [SEVERE ] updating countdown to 12775
[14:28:48.369] [SEVERE ] updating countdown to 12664
[14:28:48.369] [SEVERE ] updating countdown to 12664
[14:28:48.476] [SEVERE ] updating countdown to 12557
[14:28:48.476] [SEVERE ] updating countdown to 12557
[14:28:48.586] [SEVERE ] updating countdown to 12447
[14:28:48.586] [SEVERE ] updating countdown to 12447
[14:28:48.697] [SEVERE ] updating countdown to 12336
[14:28:48.697] [SEVERE ] updating countdown to 12336
[14:28:48.807] [SEVERE ] updating countdown to 12226
[14:28:48.807] [SEVERE ] updating countdown to 12226
[14:28:48.917] [SEVERE ] updating countdown to 12116
[14:28:48.917] [SEVERE ] updating countdown to 12116
[14:28:49.027] [SEVERE ] updating countdown to 12006
[14:28:49.027] [SEVERE ] updating countdown to 12006
[14:28:49.138] [SEVERE ] updating countdown to 11895
[14:28:49.138] [SEVERE ] updating countdown to 11895
[14:28:49.248] [SEVERE ] updating countdown to 11785
[14:28:49.248] [SEVERE ] updating countdown to 11785
[14:28:49.358] [SEVERE ] updating countdown to 11675
[14:28:49.358] [SEVERE ] updating countdown to 11675
[14:28:49.468] [SEVERE ] updating countdown to 11565
[14:28:49.468] [SEVERE ] updating countdown to 11565
[14:28:49.578] [SEVERE ] updating countdown to 11455
[14:28:49.578] [SEVERE ] updating countdown to 11455
[14:28:49.688] [SEVERE ] updating countdown to 11345
[14:28:49.688] [SEVERE ] updating countdown to 11345
[14:28:49.800] [SEVERE ] updating countdown to 11233
[14:28:49.800] [SEVERE ] updating countdown to 11233
[14:28:49.910] [SEVERE ] updating countdown to 11123
[14:28:49.910] [SEVERE ] updating countdown to 11123
[14:28:50.020] [SEVERE ] updating countdown to 11013
[14:28:50.020] [SEVERE ] updating countdown to 11013
[14:28:50.130] [SEVERE ] updating countdown to 10903
[14:28:50.130] [SEVERE ] updating countdown to 10903
[14:28:50.240] [SEVERE ] updating countdown to 10793
[14:28:50.240] [SEVERE ] updating countdown to 10793
[14:28:50.350] [SEVERE ] updating countdown to 10683
[14:28:50.350] [SEVERE ] updating countdown to 10683
[14:28:50.460] [SEVERE ] updating countdown to 10573
[14:28:50.461] [SEVERE ] updating countdown to 10572
[14:28:50.571] [SEVERE ] updating countdown to 10462
[14:28:50.571] [SEVERE ] updating countdown to 10462
[14:28:50.679] [SEVERE ] updating countdown to 10354
[14:28:50.679] [SEVERE ] updating countdown to 10354
[14:28:50.789] [SEVERE ] updating countdown to 10244
[14:28:50.789] [SEVERE ] updating countdown to 10244
[14:28:50.899] [SEVERE ] updating countdown to 10134
[14:28:50.899] [SEVERE ] updating countdown to 10134
[14:28:51.010] [SEVERE ] updating countdown to 10023
[14:28:51.010] [SEVERE ] updating countdown to 10023
[14:28:51.121] [SEVERE ] updating countdown to 9912
[14:28:51.121] [SEVERE ] updating countdown to 9912
[14:28:51.232] [SEVERE ] updating countdown to 9801
[14:28:51.232] [SEVERE ] updating countdown to 9801
[14:28:51.342] [SEVERE ] updating countdown to 9691
[14:28:51.342] [SEVERE ] updating countdown to 9691
[14:28:51.447] [SEVERE ] updating countdown to 9586
[14:28:51.447] [SEVERE ] updating countdown to 9586
[14:28:51.557] [SEVERE ] updating countdown to 9476
[14:28:51.557] [SEVERE ] updating countdown to 9476
[14:28:51.667] [SEVERE ] updating countdown to 9366
[14:28:51.667] [SEVERE ] updating countdown to 9366
[14:28:51.777] [SEVERE ] updating countdown to 9256
[14:28:51.777] [SEVERE ] updating countdown to 9256
[14:28:51.887] [SEVERE ] updating countdown to 9146
[14:28:51.887] [SEVERE ] updating countdown to 9146
[14:28:51.997] [SEVERE ] updating countdown to 9036
[14:28:51.997] [SEVERE ] updating countdown to 9036
[14:28:52.109] [SEVERE ] updating countdown to 8924
[14:28:52.109] [SEVERE ] updating countdown to 8924
[14:28:52.219] [SEVERE ] updating countdown to 8814
[14:28:52.219] [SEVERE ] updating countdown to 8814
[14:28:52.328] [SEVERE ] updating countdown to 8705
[14:28:52.328] [SEVERE ] updating countdown to 8705
[14:28:52.438] [SEVERE ] updating countdown to 8595
[14:28:52.438] [SEVERE ] updating countdown to 8595
[14:28:52.547] [SEVERE ] updating countdown to 8486
[14:28:52.547] [SEVERE ] updating countdown to 8486
[14:28:52.656] [SEVERE ] updating countdown to 8377
[14:28:52.656] [SEVERE ] updating countdown to 8377
[14:28:52.765] [SEVERE ] updating countdown to 8268
[14:28:52.765] [SEVERE ] updating countdown to 8268
[14:28:52.874] [SEVERE ] updating countdown to 8159
[14:28:52.874] [SEVERE ] updating countdown to 8159
[14:28:52.987] [SEVERE ] updating countdown to 8046
[14:28:52.987] [SEVERE ] updating countdown to 8046
[14:28:53.097] [SEVERE ] updating countdown to 7936
[14:28:53.097] [SEVERE ] updating countdown to 7936
[14:28:53.206] [SEVERE ] updating countdown to 7827
[14:28:53.206] [SEVERE ] updating countdown to 7827
[14:28:53.316] [SEVERE ] updating countdown to 7717
[14:28:53.316] [SEVERE ] updating countdown to 7717
[14:28:53.425] [SEVERE ] updating countdown to 7608
[14:28:53.425] [SEVERE ] updating countdown to 7608
[14:28:53.534] [SEVERE ] updating countdown to 7499
[14:28:53.534] [SEVERE ] updating countdown to 7499
[14:28:53.644] [SEVERE ] updating countdown to 7389
[14:28:53.644] [SEVERE ] updating countdown to 7389
[14:28:53.754] [SEVERE ] updating countdown to 7279
[14:28:53.754] [SEVERE ] updating countdown to 7279
[14:28:53.863] [SEVERE ] updating countdown to 7170
[14:28:53.863] [SEVERE ] updating countdown to 7170
[14:28:53.973] [SEVERE ] updating countdown to 7060
[14:28:53.973] [SEVERE ] updating countdown to 7060
[14:28:54.082] [SEVERE ] updating countdown to 6951
[14:28:54.082] [SEVERE ] updating countdown to 6951
[14:28:54.192] [SEVERE ] updating countdown to 6841
[14:28:54.192] [SEVERE ] updating countdown to 6841
[14:28:54.303] [SEVERE ] updating countdown to 6730
[14:28:54.303] [SEVERE ] updating countdown to 6730
[14:28:54.413] [SEVERE ] updating countdown to 6620
[14:28:54.413] [SEVERE ] updating countdown to 6620
[14:28:54.523] [SEVERE ] updating countdown to 6510
[14:28:54.523] [SEVERE ] updating countdown to 6510
[14:28:54.634] [SEVERE ] updating countdown to 6399
[14:28:54.634] [SEVERE ] updating countdown to 6399
[14:28:54.745] [SEVERE ] updating countdown to 6288
[14:28:54.745] [SEVERE ] updating countdown to 6288
[14:28:54.855] [SEVERE ] updating countdown to 6178
[14:28:54.855] [SEVERE ] updating countdown to 6178
[14:28:54.963] [SEVERE ] updating countdown to 6070
[14:28:54.963] [SEVERE ] updating countdown to 6070
[14:28:55.073] [SEVERE ] updating countdown to 5960
[14:28:55.073] [SEVERE ] updating countdown to 5960
[14:28:55.183] [SEVERE ] updating countdown to 5850
[14:28:55.183] [SEVERE ] updating countdown to 5850
[14:28:55.293] [SEVERE ] updating countdown to 5740
[14:28:55.293] [SEVERE ] updating countdown to 5740
[14:28:55.404] [SEVERE ] updating countdown to 5629
[14:28:55.404] [SEVERE ] updating countdown to 5629
[14:28:55.513] [SEVERE ] updating countdown to 5520
[14:28:55.513] [SEVERE ] updating countdown to 5520
[14:28:55.624] [SEVERE ] updating countdown to 5409
[14:28:55.624] [SEVERE ] updating countdown to 5409
[14:28:55.735] [SEVERE ] updating countdown to 5298
[14:28:55.735] [SEVERE ] updating countdown to 5298
[14:28:55.845] [SEVERE ] updating countdown to 5188
[14:28:55.845] [SEVERE ] updating countdown to 5188
[14:28:55.955] [SEVERE ] updating countdown to 5078
[14:28:55.955] [SEVERE ] updating countdown to 5078
[14:29:01.131] [SEVERE ] removing card from slot 0
[14:29:01.241] [SEVERE ] removing card from slot 1
[14:29:01.350] [SEVERE ] removing card from slot 2
[14:29:01.459] [SEVERE ] removing card from slot 3
[14:29:01.568] [SEVERE ] removing card from slot 4
[14:29:01.678] [SEVERE ] removing card from slot 5
[14:29:01.787] [SEVERE ] removing card from slot 6
[14:29:01.896] [SEVERE ] removing card from slot 7
[14:29:02.007] [SEVERE ] removing card from slot 8
[14:29:02.117] [SEVERE ] removing card from slot 9
[14:29:02.227] [SEVERE ] removing card from slot 10
[14:29:02.336] [SEVERE ] removing card from slot 11
[14:29:02.446] [SEVERE ] placing card 71 in slot 0
[14:29:02.557] [SEVERE ] placing card 27 in slot 1
[14:29:02.668] [SEVERE ] placing card 75 in slot 2
[14:29:02.778] [SEVERE ] placing card 17 in slot 3
[14:29:02.888] [SEVERE ] placing card 11 in slot 4
[14:29:02.997] [SEVERE ] placing card 9 in slot 5
[14:29:03.106] [SEVERE ] placing card 79 in slot 6
[14:29:03.216] [SEVERE ] placing card 37 in slot 7
[14:29:03.325] [SEVERE ] placing card 51 in slot 8
[14:29:03.434] [SEVERE ] placing card 23 in slot 9
[14:29:03.544] [SEVERE ] placing card 73 in slot 10
[14:29:03.653] [SEVERE ] placing card 43 in slot 11
[14:29:03.653] [SEVERE ] updating countdown to 0
[14:29:03.653] [SEVERE ] updating countdown to 0
[14:29:03.653] [SEVERE ] updating countdown to 0
[14:29:03.763] [SEVERE ] removing card from slot 0
[14:29:03.872] [SEVERE ] removing card from slot 1
[14:29:03.982] [SEVERE ] removing card from slot 2
[14:29:04.091] [SEVERE ] removing card from slot 3
[14:29:04.201] [SEVERE ] removing card from slot 4
[14:29:04.312] [SEVERE ] removing card from slot 5
[14:29:04.422] [SEVERE ] removing card from slot 6
[14:29:04.532] [SEVERE ] removing card from slot 7
[14:29:04.643] [SEVERE ] removing card from slot 8
[14:29:04.754] [SEVERE ] removing card from slot 9
[14:29:04.864] [SEVERE ] removing card from slot 10
[14:29:04.975] [SEVERE ] removing card from slot 11
[14:29:05.085] [SEVERE ] placing card 47 in slot 0
[14:29:05.195] [SEVERE ] placing card 62 in slot 1
[14:29:05.305] [SEVERE ] placing card 25 in slot 2
[14:29:05.415] [SEVERE ] placing card 34 in slot 3
[14:29:05.526] [SEVERE ] placing card 45 in slot 4
[14:29:05.636] [SEVERE ] placing card 78 in slot 5
[14:29:05.747] [SEVERE ] placing card 14 in slot 6
[14:29:05.856] [SEVERE ] placing card 75 in slot 7
[14:29:05.966] [SEVERE ] placing card 17 in slot 8
[14:29:06.076] [SEVERE ] placing card 32 in slot 9
[14:29:06.186] [SEVERE ] placing card 27 in slot 10
[14:29:06.297] [SEVERE ] placing card 63 in slot 11
[14:29:06.297] [SEVERE ] updating countdown to 0
[14:29:06.297] [SEVERE ] updating countdown to 0
[14:29:06.297] [SEVERE ] updating countdown to 0
[14:29:06.406] [SEVERE ] removing card from slot 0
[14:29:06.517] [SEVERE ] removing card from slot 1
[14:29:06.628] [SEVERE ] removing card from slot 2
[14:29:06.738] [SEVERE ] removing card from slot 3
[14:29:06.849] [SEVERE ] removing card from slot 4
[14:29:06.960] [SEVERE ] removing card from slot 5
[14:29:07.071] [SEVERE ] removing card from slot 6
[14:29:07.182] [SEVERE ] removing card from slot 7
[14:29:07.292] [SEVERE ] removing card from slot 8
[14:29:07.404] [SEVERE ] removing card from slot 9
[14:29:07.513] [SEVERE ] removing card from slot 10
[14:29:07.625] [SEVERE ] removing card from slot 11
[14:29:07.735] [SEVERE ] placing card 75 in slot 0
[14:29:07.846] [SEVERE ] placing card 1 in slot 1
[14:29:07.955] [SEVERE ] placing card 17 in slot 2
[14:29:08.064] [SEVERE ] placing card 72 in slot 3
[14:29:08.174] [SEVERE ] placing card 14 in slot 4
[14:29:08.285] [SEVERE ] placing card 21 in slot 5
[14:29:08.395] [SEVERE ] placing card 64 in slot 6
[14:29:08.506] [SEVERE ] placing card 74 in slot 7
[14:29:08.616] [SEVERE ] placing card 56 in slot 8
[14:29:08.727] [SEVERE ] placing card 0 in slot 9
[14:29:08.837] [SEVERE ] placing card 24 in slot 10
[14:29:08.947] [SEVERE ] placing card 76 in slot 11
[14:29:08.947] [SEVERE ] updating countdown to 0
[14:29:08.947] [SEVERE ] updating countdown to 0
[14:29:08.947] [SEVERE ] updating countdown to 0
[14:29:09.056] [SEVERE ] removing card from slot 0
[14:29:09.165] [SEVERE ] removing card from slot 1
[14:29:09.275] [SEVERE ] removing card from slot 2
[14:29:09.385] [SEVERE ] removing card from slot 3
[14:29:09.494] [SEVERE ] removing card from slot 4
[14:29:09.604] [SEVERE ] removing card from slot 5
[14:29:09.713] [SEVERE ] removing card from slot 6
[14:29:09.824] [SEVERE ] removing card from slot 7
[14:29:09.935] [SEVERE ] removing card from slot 8
[14:29:10.045] [SEVERE ] removing card from slot 9
[14:29:10.155] [SEVERE ] removing card from slot 10
[14:29:10.263] [SEVERE ] removing card from slot 11
[14:29:10.373] [SEVERE ] placing card 78 in slot 0
[14:29:10.485] [SEVERE ] placing card 76 in slot 1
[14:29:10.595] [SEVERE ] placing card 19 in slot 2
[14:29:10.703] [SEVERE ] placing card 68 in slot 3
[14:29:10.817] [SEVERE ] placing card 73 in slot 4
[14:29:10.919] [SEVERE ] placing card 58 in slot 5
[14:29:11.024] [SEVERE ] placing card 43 in slot 6
[14:29:11.128] [SEVERE ] placing card 24 in slot 7
[14:29:11.233] [SEVERE ] placing card 35 in slot 8
[14:29:11.338] [SEVERE ] placing card 63 in slot 9
[14:29:11.444] [SEVERE ] placing card 29 in slot 10
[14:29:11.553] [SEVERE ] placing card 54 in slot 11
[14:29:11.553] [SEVERE ] updating countdown to 0
[14:29:11.553] [SEVERE ] updating countdown to 0
[14:29:11.554] [SEVERE ] updating countdown to 0
[14:29:11.655] [SEVERE ] removing card from slot 0
[14:29:11.759] [SEVERE ] removing card from slot 1
