[13:22:31.049] [INFO   ] thread main starting.
[13:22:31.057] [SEVERE ] cannot read configuration file config.properties trying from resources.
[13:22:31.057] [SEVERE ] configuration file was loaded from resources directory.
[13:22:31.514] [INFO   ] thread dealer starting.
[13:22:31.521] [INFO   ] thread dealer starting.
[13:22:31.521] [INFO   ] thread Thread-0 starting.
[13:22:31.521] [INFO   ] thread computer-0 starting.
[13:22:31.524] [INFO   ] thread Thread-1 starting.
[13:22:31.525] [INFO   ] thread computer-1 starting.
[13:22:31.525] [INFO   ] thread Thread-2 starting.
[13:22:31.525] [INFO   ] thread computer-2 starting.
[13:22:31.525] [INFO   ] thread Thread-3 starting.
[13:22:31.525] [INFO   ] thread computer-3 starting.
[13:22:31.525] [SEVERE ] updating countdown to 10000
[13:22:31.651] [SEVERE ] placing card 17 in slot 0
[13:22:31.762] [SEVERE ] placing card 65 in slot 1
[13:22:31.872] [SEVERE ] placing card 2 in slot 2
[13:22:31.981] [SEVERE ] placing card 22 in slot 3
[13:22:32.089] [SEVERE ] placing card 10 in slot 4
[13:22:32.195] [SEVERE ] placing card 77 in slot 5
[13:22:32.302] [SEVERE ] placing card 33 in slot 6
[13:22:32.415] [SEVERE ] placing card 5 in slot 7
[13:22:32.519] [SEVERE ] placing card 14 in slot 8
[13:22:32.631] [SEVERE ] placing card 62 in slot 9
[13:22:32.734] [SEVERE ] placing card 49 in slot 10
[13:22:32.838] [SEVERE ] placing card 9 in slot 11
[13:22:32.838] [SEVERE ] updating countdown to 10000
[13:22:32.843] [SEVERE ] player 4 placing token on slot 10
[13:22:32.843] [SEVERE ] player 1 placing token on slot 10
[13:22:32.843] [SEVERE ] player 3 placing token on slot 5
[13:22:32.843] [SEVERE ] player 2 placing token on slot 0
[13:22:32.845] [SEVERE ] player 3 placing token on slot 2
[13:22:32.844] [SEVERE ] player 1 placing token on slot 2
[13:22:32.844] [SEVERE ] player 4 placing token on slot 9
[13:22:32.845] [SEVERE ] removing player 1 token from slot 2
[13:22:32.845] [SEVERE ] player 3 placing token on slot 6
[13:22:32.845] [SEVERE ] player 2 placing token on slot 2
[13:22:32.845] [SEVERE ] updating countdown to 10043
[13:22:32.845] [SEVERE ] player 1 placing token on slot 7
[13:22:32.845] [SEVERE ] player 1 placing token on slot 11
[13:22:32.845] [SEVERE ] player 4 placing token on slot 11
[13:22:32.845] [INFO   ] remove  in the table step 1
[13:22:32.845] [SEVERE ] player 2 placing token on slot 5
[13:22:32.845] [INFO   ] remove  in the table step 2
[13:22:32.847] [SEVERE ] removing player 3 token from slot 5
[13:22:32.847] [SEVERE ] removing player 3 token from slot 2
[13:22:32.847] [SEVERE ] setting player 3 freeze to 0
[13:22:32.848] [SEVERE ] removing player 3 token from slot 6
[13:22:32.848] [SEVERE ] player 3 placing token on slot 6
[13:22:32.848] [SEVERE ] player 3 placing token on slot 11
[13:22:32.848] [SEVERE ] removing player 3 token from slot 11
[13:22:32.848] [SEVERE ] player 3 placing token on slot 4
[13:22:32.848] [SEVERE ] removing player 3 token from slot 6
[13:22:32.848] [SEVERE ] player 3 placing token on slot 6
[13:22:32.848] [SEVERE ] player 3 placing token on slot 10
[13:22:32.848] [SEVERE ] setting player 3 freeze to 0
[13:22:32.848] [SEVERE ] removing player 3 token from slot 4
[13:22:32.849] [SEVERE ] removing player 3 token from slot 10
[13:22:32.849] [SEVERE ] removing player 3 token from slot 6
[13:22:32.849] [SEVERE ] player 3 placing token on slot 9
[13:22:32.849] [SEVERE ] player 3 placing token on slot 1
[13:22:32.849] [SEVERE ] player 3 placing token on slot 5
[13:22:32.849] [SEVERE ] removing player 3 token from slot 9
[13:22:32.849] [SEVERE ] removing player 3 token from slot 1
[13:22:32.849] [SEVERE ] removing player 3 token from slot 5
[13:22:32.849] [SEVERE ] updating countdown to 10039
[13:22:32.849] [SEVERE ] updating countdown to 10039
[13:22:32.849] [INFO   ] remove  in the table step 1
[13:22:32.849] [INFO   ] remove  in the table step 2
[13:22:32.849] [SEVERE ] removing player 1 token from slot 10
[13:22:32.849] [SEVERE ] removing player 1 token from slot 7
[13:22:32.849] [SEVERE ] setting player 1 freeze to 0
[13:22:32.854] [SEVERE ] removing player 1 token from slot 11
[13:22:32.854] [SEVERE ] player 1 placing token on slot 1
[13:22:32.855] [SEVERE ] player 1 placing token on slot 7
[13:22:32.855] [SEVERE ] player 1 placing token on slot 8
[13:22:32.855] [SEVERE ] removing player 1 token from slot 1
[13:22:32.855] [SEVERE ] setting player 1 freeze to 0
[13:22:32.856] [SEVERE ] player 1 placing token on slot 4
[13:22:32.856] [SEVERE ] removing player 1 token from slot 7
[13:22:32.856] [SEVERE ] removing player 1 token from slot 8
[13:22:32.856] [SEVERE ] removing player 1 token from slot 4
[13:22:32.856] [INFO   ] remove  in the table step 1
[13:22:32.856] [INFO   ] remove  in the table step 2
[13:22:32.856] [SEVERE ] removing player 4 token from slot 10
[13:22:32.968] [SEVERE ] removing card from slot 10
[13:22:32.968] [SEVERE ] removing player 4 token from slot 9
[13:22:32.968] [SEVERE ] setting player 4 score to 1
[13:22:32.969] [SEVERE ] setting player 4 freeze to 0
[13:22:32.969] [SEVERE ] player 4 placing token on slot 3
[13:22:32.969] [SEVERE ] player 4 placing token on slot 4
[13:22:33.071] [SEVERE ] removing card from slot 9
[13:22:33.072] [SEVERE ] removing player 4 token from slot 11
[13:22:33.072] [SEVERE ] setting player 4 freeze to 0
[13:22:33.072] [SEVERE ] removing player 4 token from slot 3
[13:22:33.072] [SEVERE ] removing player 4 token from slot 4
[13:22:33.072] [INFO   ] remove  in the table step 1
[13:22:33.072] [INFO   ] remove  in the table step 2
[13:22:33.072] [SEVERE ] removing player 2 token from slot 0
[13:22:33.072] [SEVERE ] removing player 2 token from slot 2
[13:22:33.072] [SEVERE ] removing player 2 token from slot 5
[13:22:33.072] [INFO   ] remove  in the table step 1
[13:22:33.072] [INFO   ] remove  in the table step 2
[13:22:33.072] [INFO   ] remove  in the table step 1
[13:22:33.072] [INFO   ] remove  in the table step 2
[13:22:33.072] [INFO   ] remove  in the table step 1
[13:22:33.072] [INFO   ] remove  in the table step 2
[13:22:33.072] [SEVERE ] setting player 2 freeze to 0
[13:22:33.182] [SEVERE ] placing card 4 in slot 9
[13:22:33.293] [SEVERE ] placing card 71 in slot 10
[13:22:33.293] [SEVERE ] updating countdown to 10000
[13:22:33.298] [SEVERE ] updating countdown to 10045
[13:22:33.298] [SEVERE ] player 2 placing token on slot 1
[13:22:33.298] [SEVERE ] player 4 placing token on slot 1
[13:22:33.299] [INFO   ] remove  in the table step 1
[13:22:33.299] [INFO   ] remove  in the table step 2
[13:22:33.299] [SEVERE ] removing player 4 token from slot 1
[13:22:33.301] [SEVERE ] player 2 placing token on slot 6
[13:22:33.301] [SEVERE ] player 4 placing token on slot 8
[13:22:33.301] [SEVERE ] player 2 placing token on slot 2
[13:22:33.301] [SEVERE ] player 4 placing token on slot 2
[13:22:33.302] [SEVERE ] player 4 placing token on slot 9
[13:22:33.302] [SEVERE ] removing player 4 token from slot 8
[13:22:33.302] [SEVERE ] setting player 4 freeze to 0
[13:22:33.302] [SEVERE ] removing player 4 token from slot 2
[13:22:33.302] [SEVERE ] player 4 placing token on slot 0
[13:22:33.303] [SEVERE ] player 4 placing token on slot 6
[13:22:33.303] [SEVERE ] removing player 4 token from slot 9
[13:22:33.303] [SEVERE ] removing player 4 token from slot 0
[13:22:33.303] [SEVERE ] removing player 4 token from slot 6
[13:22:33.303] [SEVERE ] updating countdown to 10040
[13:22:33.303] [SEVERE ] setting player 4 freeze to 0
[13:22:33.303] [SEVERE ] updating countdown to 10040
[13:22:33.303] [INFO   ] remove  in the table step 1
[13:22:33.303] [INFO   ] remove  in the table step 2
[13:22:33.303] [SEVERE ] removing player 2 token from slot 1
[13:22:33.303] [SEVERE ] removing player 2 token from slot 6
[13:22:33.303] [SEVERE ] removing player 2 token from slot 2
[13:22:33.303] [INFO   ] remove  in the table step 1
[13:22:33.303] [INFO   ] remove  in the table step 2
[13:22:33.303] [SEVERE ] updating countdown to 10040
[13:22:33.303] [SEVERE ] setting player 2 freeze to 0
[13:22:33.303] [SEVERE ] player 4 placing token on slot 7
[13:22:33.303] [SEVERE ] player 2 placing token on slot 9
[13:22:33.311] [SEVERE ] player 2 placing token on slot 3
[13:22:33.311] [SEVERE ] player 2 placing token on slot 6
[13:22:33.303] [SEVERE ] player 4 placing token on slot 5
[13:22:33.311] [SEVERE ] player 4 placing token on slot 4
[13:22:33.311] [SEVERE ] updating countdown to 10032
[13:22:33.311] [INFO   ] remove  in the table step 1
[13:22:33.311] [INFO   ] remove  in the table step 2
[13:22:33.311] [SEVERE ] removing player 2 token from slot 9
[13:22:33.311] [SEVERE ] removing player 2 token from slot 3
[13:22:33.311] [SEVERE ] removing player 2 token from slot 6
[13:22:33.311] [SEVERE ] setting player 2 freeze to 0
[13:22:33.313] [SEVERE ] updating countdown to 10030
[13:22:33.313] [SEVERE ] updating countdown to 10030
[13:22:33.316] [INFO   ] remove  in the table step 1
[13:22:33.316] [INFO   ] remove  in the table step 2
[13:22:33.313] [SEVERE ] player 2 placing token on slot 8
[13:22:33.316] [SEVERE ] removing player 4 token from slot 7
[13:22:33.316] [SEVERE ] removing player 4 token from slot 5
[13:22:33.316] [SEVERE ] setting player 4 freeze to 0
[13:22:33.316] [SEVERE ] removing player 4 token from slot 4
[13:22:33.316] [SEVERE ] player 2 placing token on slot 2
[13:22:33.317] [SEVERE ] player 2 placing token on slot 7
[13:22:33.317] [SEVERE ] player 4 placing token on slot 8
[13:22:33.317] [SEVERE ] player 4 placing token on slot 9
[13:22:33.317] [SEVERE ] setting player 2 freeze to 0
[13:22:33.318] [SEVERE ] player 4 placing token on slot 10
[13:22:33.318] [SEVERE ] removing player 4 token from slot 8
[13:22:33.318] [SEVERE ] setting player 4 freeze to 0
[13:22:33.319] [SEVERE ] removing player 4 token from slot 9
[13:22:33.319] [SEVERE ] removing player 4 token from slot 10
[13:22:33.319] [INFO   ] remove  in the table step 1
[13:22:33.319] [INFO   ] remove  in the table step 2
[13:22:33.319] [SEVERE ] removing player 2 token from slot 8
[13:22:33.319] [SEVERE ] removing player 2 token from slot 2
[13:22:33.319] [SEVERE ] removing player 2 token from slot 7
[13:22:33.320] [SEVERE ] setting player 2 freeze to 0
[13:22:33.319] [SEVERE ] player 4 placing token on slot 8
[13:22:33.321] [INFO   ] remove  in the table step 1
[13:22:33.321] [INFO   ] remove  in the table step 2
[13:22:33.321] [SEVERE ] removing player 4 token from slot 8
[13:22:33.321] [SEVERE ] player 2 placing token on slot 9
[13:22:33.321] [SEVERE ] player 4 placing token on slot 11
[13:22:33.321] [SEVERE ] player 2 placing token on slot 6
[13:22:33.322] [SEVERE ] player 4 placing token on slot 5
[13:22:33.322] [SEVERE ] player 2 placing token on slot 5
[13:22:33.322] [SEVERE ] player 4 placing token on slot 3
[13:22:33.322] [SEVERE ] setting player 2 freeze to 0
[13:22:33.323] [SEVERE ] setting player 4 freeze to 0
[13:22:33.323] [SEVERE ] removing player 4 token from slot 11
[13:22:33.323] [SEVERE ] removing player 4 token from slot 3
[13:22:33.323] [SEVERE ] removing player 2 token from slot 9
[13:22:33.323] [SEVERE ] player 2 placing token on slot 8
[13:22:33.323] [SEVERE ] player 4 placing token on slot 7
[13:22:33.324] [SEVERE ] player 4 placing token on slot 2
[13:22:33.324] [SEVERE ] removing player 4 token from slot 5
[13:22:33.324] [SEVERE ] removing player 4 token from slot 7
[13:22:33.324] [SEVERE ] removing player 4 token from slot 2
[13:22:33.324] [INFO   ] remove  in the table step 1
[13:22:33.324] [INFO   ] remove  in the table step 2
[13:22:33.324] [SEVERE ] removing player 2 token from slot 5
[13:22:33.324] [SEVERE ] removing player 2 token from slot 6
[13:22:33.324] [SEVERE ] setting player 2 freeze to 0
[13:22:33.326] [SEVERE ] removing player 2 token from slot 8
[13:22:33.326] [SEVERE ] player 2 placing token on slot 2
[13:22:33.326] [SEVERE ] removing player 2 token from slot 2
[13:22:33.326] [SEVERE ] player 2 placing token on slot 5
[13:22:33.326] [SEVERE ] player 2 placing token on slot 8
[13:22:33.326] [SEVERE ] player 2 placing token on slot 2
[13:22:33.326] [SEVERE ] removing player 2 token from slot 5
[13:22:33.326] [SEVERE ] setting player 2 freeze to 0
[13:22:33.327] [SEVERE ] removing player 2 token from slot 8
[13:22:33.327] [SEVERE ] removing player 2 token from slot 2
[13:22:33.327] [SEVERE ] player 2 placing token on slot 7
[13:22:33.327] [SEVERE ] player 2 placing token on slot 5
[13:22:33.327] [SEVERE ] player 2 placing token on slot 6
[13:22:33.327] [SEVERE ] removing player 2 token from slot 7
[13:22:33.327] [SEVERE ] removing player 2 token from slot 5
[13:22:33.327] [SEVERE ] removing player 2 token from slot 6
[13:22:33.328] [INFO   ] remove  in the table step 1
[13:22:33.328] [INFO   ] remove  in the table step 2
[13:22:33.328] [INFO   ] remove  in the table step 1
[13:22:33.328] [INFO   ] remove  in the table step 2
[13:22:33.328] [INFO   ] remove  in the table step 1
[13:22:33.328] [INFO   ] remove  in the table step 2
[13:22:33.328] [INFO   ] remove  in the table step 1
[13:22:33.328] [INFO   ] remove  in the table step 2
[13:22:33.328] [SEVERE ] updating countdown to 10015
[13:22:34.339] [SEVERE ] updating countdown to 9004
[13:22:34.339] [SEVERE ] updating countdown to 9004
[13:22:35.347] [SEVERE ] updating countdown to 7996
[13:22:35.347] [SEVERE ] updating countdown to 7996
[13:22:36.352] [SEVERE ] updating countdown to 6991
[13:22:36.352] [SEVERE ] updating countdown to 6991
[13:22:37.212] [SEVERE ] exit button pressed
[13:22:37.212] [INFO   ] thread computer-2 terminated.
[13:22:37.212] [INFO   ] thread computer-1 terminated.
[13:22:37.212] [INFO   ] thread computer-3 terminated.
[13:22:37.212] [INFO   ] thread computer-0 terminated.
[13:22:37.357] [SEVERE ] updating countdown to 5986
[13:22:37.357] [SEVERE ] updating countdown to 5986
[13:22:37.357] [SEVERE ] updating countdown to 5986
[13:22:37.357] [SEVERE ] updating countdown to 5986
[13:22:37.467] [SEVERE ] removing card from slot 0
[13:22:37.578] [SEVERE ] removing card from slot 1
[13:22:37.689] [SEVERE ] removing card from slot 2
[13:22:37.799] [SEVERE ] removing card from slot 3
[13:22:37.909] [SEVERE ] removing card from slot 4
[13:22:38.021] [SEVERE ] removing card from slot 5
[13:22:38.132] [SEVERE ] removing card from slot 6
[13:22:38.242] [SEVERE ] removing card from slot 7
[13:22:38.352] [SEVERE ] removing card from slot 8
[13:22:38.462] [SEVERE ] removing card from slot 9
[13:22:38.569] [SEVERE ] removing card from slot 10
[13:22:38.680] [SEVERE ] removing card from slot 11
[13:22:38.680] [SEVERE ] announcing winner(s): player 4, player 1, player 1, player 1
[13:22:38.680] [INFO   ] thread dealer terminated.
[13:22:38.680] [INFO   ] thread dealer terminated.
[13:22:38.680] [SEVERE ] thanks for playing... it was fun!
[13:22:38.680] [INFO   ] thread main terminated.
