[10:50:09.524] [INFO   ] thread main starting.
[10:50:09.529] [SEVERE ] cannot read configuration file config.properties trying from resources.
[10:50:09.529] [SEVERE ] configuration file was loaded from resources directory.
[10:50:10.137] [INFO   ] thread dealer starting.
[10:50:10.140] [INFO   ] thread dealer starting.
[10:50:10.140] [INFO   ] thread Thread-0 starting.
[10:50:10.142] [INFO   ] thread Thread-1 starting.
[10:50:10.142] [SEVERE ] updating countdown to 20000
[10:50:10.153] [INFO   ] thread dealer run step 1.
[10:50:10.459] [SEVERE ] placing card 30 in slot 0
[10:50:10.568] [SEVERE ] placing card 79 in slot 1
[10:50:10.678] [SEVERE ] placing card 32 in slot 2
[10:50:10.788] [SEVERE ] placing card 40 in slot 3
[10:50:10.897] [SEVERE ] placing card 24 in slot 4
[10:50:11.007] [SEVERE ] placing card 69 in slot 5
[10:50:11.115] [SEVERE ] placing card 45 in slot 6
[10:50:11.225] [SEVERE ] placing card 73 in slot 7
[10:50:11.334] [SEVERE ] placing card 17 in slot 8
[10:50:11.444] [SEVERE ] placing card 39 in slot 9
[10:50:11.553] [SEVERE ] placing card 27 in slot 10
[10:50:11.662] [SEVERE ] placing card 53 in slot 11
[10:50:11.662] [INFO   ] thread dealer step 1.
[10:50:11.662] [SEVERE ] updating countdown to 20000
[10:50:11.662] [INFO   ] thread dealer step 2.
[10:50:11.662] [INFO   ] thread dealer step 2.
[10:50:11.662] [INFO   ] thread dealer step 2.
[10:50:11.662] [INFO   ] thread dealer step 2.
[10:50:11.662] [INFO   ] thread dealer step 2.
[10:50:11.662] [INFO   ] thread dealer step 2.
[10:50:11.662] [INFO   ] thread dealer step 2.
[10:50:11.662] [INFO   ] thread dealer step 2.
[10:50:11.662] [INFO   ] thread dealer step 2.
[10:50:11.662] [INFO   ] thread dealer step 2.
[10:50:11.662] [INFO   ] thread dealer step 2.
[10:50:11.662] [INFO   ] thread dealer step 2.
[10:50:11.662] [INFO   ] thread dealer step 3.
[10:50:11.662] [INFO   ] thread dealer step 4.
[10:50:11.662] [INFO   ] thread dealer step 10.
[10:50:11.662] [INFO   ] thread dealer step 11.
[10:50:11.662] [INFO   ] thread dealer step 12.
[10:50:11.662] [INFO   ] thread dealer run step 2.
[10:50:11.662] [INFO   ] thread dealer timer loop 1.
[10:50:11.772] [INFO   ] thread dealer timer loop 2.
[10:50:11.772] [SEVERE ] updating countdown to 19940
[10:50:11.772] [INFO   ] thread dealer timer loop 3.
[10:50:11.991] [INFO   ] thread dealer rm 1.
[10:50:11.991] [INFO   ] thread dealer timer loop 4.
[10:50:12.210] [INFO   ] thread dealer step 1.
[10:50:12.210] [SEVERE ] updating countdown to 19502
[10:50:12.210] [INFO   ] thread dealer step 2.
[10:50:12.210] [INFO   ] thread dealer step 2.
[10:50:12.210] [INFO   ] thread dealer step 2.
[10:50:12.210] [INFO   ] thread dealer step 2.
[10:50:12.210] [INFO   ] thread dealer step 2.
[10:50:12.210] [INFO   ] thread dealer step 2.
[10:50:12.210] [INFO   ] thread dealer step 2.
[10:50:12.210] [INFO   ] thread dealer step 2.
[10:50:12.210] [INFO   ] thread dealer step 2.
[10:50:12.210] [INFO   ] thread dealer step 2.
[10:50:12.210] [INFO   ] thread dealer step 2.
[10:50:12.210] [INFO   ] thread dealer step 2.
[10:50:12.210] [INFO   ] thread dealer step 3.
[10:50:12.210] [INFO   ] thread dealer step 4.
[10:50:12.210] [INFO   ] thread dealer step 10.
[10:50:12.210] [INFO   ] thread dealer step 11.
[10:50:12.210] [INFO   ] thread dealer step 12.
[10:50:12.210] [INFO   ] thread dealer timer loop 5.
[10:50:12.210] [INFO   ] thread dealer timer loop 1.
[10:50:12.320] [INFO   ] thread dealer timer loop 2.
[10:50:12.320] [SEVERE ] updating countdown to 19392
[10:50:12.320] [INFO   ] thread dealer timer loop 3.
[10:50:12.538] [INFO   ] thread dealer rm 1.
[10:50:12.538] [INFO   ] thread dealer timer loop 4.
[10:50:12.757] [INFO   ] thread dealer step 1.
[10:50:12.757] [SEVERE ] updating countdown to 18955
[10:50:12.757] [INFO   ] thread dealer step 2.
[10:50:12.757] [INFO   ] thread dealer step 2.
[10:50:12.757] [INFO   ] thread dealer step 2.
[10:50:12.757] [INFO   ] thread dealer step 2.
[10:50:12.757] [INFO   ] thread dealer step 2.
[10:50:12.757] [INFO   ] thread dealer step 2.
[10:50:12.757] [INFO   ] thread dealer step 2.
[10:50:12.757] [INFO   ] thread dealer step 2.
[10:50:12.757] [INFO   ] thread dealer step 2.
[10:50:12.757] [INFO   ] thread dealer step 2.
[10:50:12.757] [INFO   ] thread dealer step 2.
[10:50:12.757] [INFO   ] thread dealer step 2.
[10:50:12.757] [INFO   ] thread dealer step 3.
[10:50:12.757] [INFO   ] thread dealer step 4.
[10:50:12.757] [INFO   ] thread dealer step 10.
[10:50:12.757] [INFO   ] thread dealer step 11.
[10:50:12.757] [INFO   ] thread dealer step 12.
[10:50:12.757] [INFO   ] thread dealer timer loop 5.
[10:50:12.757] [INFO   ] thread dealer timer loop 1.
[10:50:12.867] [INFO   ] thread dealer timer loop 2.
[10:50:12.867] [SEVERE ] updating countdown to 18845
[10:50:12.867] [INFO   ] thread dealer timer loop 3.
[10:50:13.086] [INFO   ] thread dealer rm 1.
[10:50:13.086] [INFO   ] thread dealer timer loop 4.
[10:50:13.308] [INFO   ] thread dealer step 1.
[10:50:13.308] [SEVERE ] updating countdown to 18404
[10:50:13.309] [INFO   ] thread dealer step 2.
[10:50:13.309] [INFO   ] thread dealer step 2.
[10:50:13.309] [INFO   ] thread dealer step 2.
[10:50:13.309] [INFO   ] thread dealer step 2.
[10:50:13.309] [INFO   ] thread dealer step 2.
[10:50:13.309] [INFO   ] thread dealer step 2.
[10:50:13.309] [INFO   ] thread dealer step 2.
[10:50:13.309] [INFO   ] thread dealer step 2.
[10:50:13.309] [INFO   ] thread dealer step 2.
[10:50:13.309] [INFO   ] thread dealer step 2.
[10:50:13.309] [INFO   ] thread dealer step 2.
[10:50:13.309] [INFO   ] thread dealer step 2.
[10:50:13.309] [INFO   ] thread dealer step 3.
[10:50:13.309] [INFO   ] thread dealer step 4.
[10:50:13.309] [INFO   ] thread dealer step 10.
[10:50:13.309] [INFO   ] thread dealer step 11.
[10:50:13.309] [INFO   ] thread dealer step 12.
[10:50:13.309] [INFO   ] thread dealer timer loop 5.
[10:50:13.309] [INFO   ] thread dealer timer loop 1.
[10:50:13.418] [INFO   ] thread dealer timer loop 2.
[10:50:13.418] [SEVERE ] updating countdown to 18294
[10:50:13.418] [INFO   ] thread dealer timer loop 3.
[10:50:13.637] [INFO   ] thread dealer rm 1.
[10:50:13.637] [INFO   ] thread dealer timer loop 4.
[10:50:13.856] [INFO   ] thread dealer step 1.
[10:50:13.856] [SEVERE ] updating countdown to 17856
[10:50:13.856] [INFO   ] thread dealer step 2.
[10:50:13.856] [INFO   ] thread dealer step 2.
[10:50:13.856] [INFO   ] thread dealer step 2.
[10:50:13.856] [INFO   ] thread dealer step 2.
[10:50:13.856] [INFO   ] thread dealer step 2.
[10:50:13.856] [INFO   ] thread dealer step 2.
[10:50:13.856] [INFO   ] thread dealer step 2.
[10:50:13.856] [INFO   ] thread dealer step 2.
[10:50:13.856] [INFO   ] thread dealer step 2.
[10:50:13.856] [INFO   ] thread dealer step 2.
[10:50:13.856] [INFO   ] thread dealer step 2.
[10:50:13.856] [INFO   ] thread dealer step 2.
[10:50:13.856] [INFO   ] thread dealer step 3.
[10:50:13.856] [INFO   ] thread dealer step 4.
[10:50:13.856] [INFO   ] thread dealer step 10.
[10:50:13.856] [INFO   ] thread dealer step 11.
[10:50:13.856] [INFO   ] thread dealer step 12.
[10:50:13.856] [INFO   ] thread dealer timer loop 5.
[10:50:13.856] [INFO   ] thread dealer timer loop 1.
[10:50:13.965] [INFO   ] thread dealer timer loop 2.
[10:50:13.965] [SEVERE ] updating countdown to 17747
[10:50:13.965] [INFO   ] thread dealer timer loop 3.
[10:50:14.186] [INFO   ] thread dealer rm 1.
[10:50:14.186] [INFO   ] thread dealer timer loop 4.
[10:50:14.405] [INFO   ] thread dealer step 1.
[10:50:14.405] [SEVERE ] updating countdown to 17307
[10:50:14.405] [INFO   ] thread dealer step 2.
[10:50:14.405] [INFO   ] thread dealer step 2.
[10:50:14.405] [INFO   ] thread dealer step 2.
[10:50:14.405] [INFO   ] thread dealer step 2.
[10:50:14.405] [INFO   ] thread dealer step 2.
[10:50:14.405] [INFO   ] thread dealer step 2.
[10:50:14.405] [INFO   ] thread dealer step 2.
[10:50:14.405] [INFO   ] thread dealer step 2.
[10:50:14.405] [INFO   ] thread dealer step 2.
[10:50:14.405] [INFO   ] thread dealer step 2.
[10:50:14.405] [INFO   ] thread dealer step 2.
[10:50:14.405] [INFO   ] thread dealer step 2.
[10:50:14.405] [INFO   ] thread dealer step 3.
[10:50:14.405] [INFO   ] thread dealer step 4.
[10:50:14.405] [INFO   ] thread dealer step 10.
[10:50:14.405] [INFO   ] thread dealer step 11.
[10:50:14.405] [INFO   ] thread dealer step 12.
[10:50:14.405] [INFO   ] thread dealer timer loop 5.
[10:50:14.405] [INFO   ] thread dealer timer loop 1.
[10:50:14.514] [INFO   ] thread dealer timer loop 2.
[10:50:14.514] [SEVERE ] updating countdown to 17198
[10:50:14.514] [INFO   ] thread dealer timer loop 3.
[10:50:14.733] [INFO   ] thread dealer rm 1.
[10:50:14.733] [INFO   ] thread dealer timer loop 4.
[10:50:14.952] [INFO   ] thread dealer step 1.
[10:50:14.952] [SEVERE ] updating countdown to 16760
[10:50:14.952] [INFO   ] thread dealer step 2.
[10:50:14.952] [INFO   ] thread dealer step 2.
[10:50:14.952] [INFO   ] thread dealer step 2.
[10:50:14.952] [INFO   ] thread dealer step 2.
[10:50:14.952] [INFO   ] thread dealer step 2.
[10:50:14.952] [INFO   ] thread dealer step 2.
[10:50:14.952] [INFO   ] thread dealer step 2.
[10:50:14.952] [INFO   ] thread dealer step 2.
[10:50:14.952] [INFO   ] thread dealer step 2.
[10:50:14.952] [INFO   ] thread dealer step 2.
[10:50:14.952] [INFO   ] thread dealer step 2.
[10:50:14.952] [INFO   ] thread dealer step 2.
[10:50:14.952] [INFO   ] thread dealer step 3.
[10:50:14.952] [INFO   ] thread dealer step 4.
[10:50:14.952] [INFO   ] thread dealer step 10.
[10:50:14.952] [INFO   ] thread dealer step 11.
[10:50:14.952] [INFO   ] thread dealer step 12.
[10:50:14.952] [INFO   ] thread dealer timer loop 5.
[10:50:14.952] [INFO   ] thread dealer timer loop 1.
[10:50:15.061] [INFO   ] thread dealer timer loop 2.
[10:50:15.061] [SEVERE ] updating countdown to 16651
[10:50:15.061] [INFO   ] thread dealer timer loop 3.
[10:50:15.281] [INFO   ] thread dealer rm 1.
[10:50:15.281] [INFO   ] thread dealer timer loop 4.
[10:50:15.500] [INFO   ] thread dealer step 1.
[10:50:15.500] [SEVERE ] updating countdown to 16212
[10:50:15.500] [INFO   ] thread dealer step 2.
[10:50:15.500] [INFO   ] thread dealer step 2.
[10:50:15.500] [INFO   ] thread dealer step 2.
[10:50:15.500] [INFO   ] thread dealer step 2.
[10:50:15.500] [INFO   ] thread dealer step 2.
[10:50:15.500] [INFO   ] thread dealer step 2.
[10:50:15.500] [INFO   ] thread dealer step 2.
[10:50:15.500] [INFO   ] thread dealer step 2.
[10:50:15.500] [INFO   ] thread dealer step 2.
[10:50:15.501] [INFO   ] thread dealer step 2.
[10:50:15.501] [INFO   ] thread dealer step 2.
[10:50:15.501] [INFO   ] thread dealer step 2.
[10:50:15.501] [INFO   ] thread dealer step 3.
[10:50:15.501] [INFO   ] thread dealer step 4.
[10:50:15.501] [INFO   ] thread dealer step 10.
[10:50:15.501] [INFO   ] thread dealer step 11.
[10:50:15.501] [INFO   ] thread dealer step 12.
[10:50:15.501] [INFO   ] thread dealer timer loop 5.
[10:50:15.501] [INFO   ] thread dealer timer loop 1.
[10:50:15.610] [INFO   ] thread dealer timer loop 2.
[10:50:15.610] [SEVERE ] updating countdown to 16102
[10:50:15.610] [INFO   ] thread dealer timer loop 3.
[10:50:15.829] [INFO   ] thread dealer rm 1.
[10:50:15.829] [INFO   ] thread dealer timer loop 4.
[10:50:16.048] [INFO   ] thread dealer step 1.
[10:50:16.048] [SEVERE ] updating countdown to 15664
[10:50:16.048] [INFO   ] thread dealer step 2.
[10:50:16.048] [INFO   ] thread dealer step 2.
[10:50:16.048] [INFO   ] thread dealer step 2.
[10:50:16.048] [INFO   ] thread dealer step 2.
[10:50:16.048] [INFO   ] thread dealer step 2.
[10:50:16.048] [INFO   ] thread dealer step 2.
[10:50:16.048] [INFO   ] thread dealer step 2.
[10:50:16.048] [INFO   ] thread dealer step 2.
[10:50:16.048] [INFO   ] thread dealer step 2.
[10:50:16.048] [INFO   ] thread dealer step 2.
[10:50:16.048] [INFO   ] thread dealer step 2.
[10:50:16.048] [INFO   ] thread dealer step 2.
[10:50:16.048] [INFO   ] thread dealer step 3.
[10:50:16.048] [INFO   ] thread dealer step 4.
[10:50:16.048] [INFO   ] thread dealer step 10.
[10:50:16.048] [INFO   ] thread dealer step 11.
[10:50:16.048] [INFO   ] thread dealer step 12.
[10:50:16.048] [INFO   ] thread dealer timer loop 5.
[10:50:16.048] [INFO   ] thread dealer timer loop 1.
[10:50:16.157] [INFO   ] thread dealer timer loop 2.
[10:50:16.157] [SEVERE ] updating countdown to 15555
[10:50:16.157] [INFO   ] thread dealer timer loop 3.
[10:50:16.376] [INFO   ] thread dealer rm 1.
[10:50:16.376] [INFO   ] thread dealer timer loop 4.
[10:50:16.596] [INFO   ] thread dealer step 1.
[10:50:16.596] [SEVERE ] updating countdown to 15116
[10:50:16.596] [INFO   ] thread dealer step 2.
[10:50:16.596] [INFO   ] thread dealer step 2.
[10:50:16.596] [INFO   ] thread dealer step 2.
[10:50:16.596] [INFO   ] thread dealer step 2.
[10:50:16.596] [INFO   ] thread dealer step 2.
[10:50:16.596] [INFO   ] thread dealer step 2.
[10:50:16.596] [INFO   ] thread dealer step 2.
[10:50:16.596] [INFO   ] thread dealer step 2.
[10:50:16.596] [INFO   ] thread dealer step 2.
[10:50:16.596] [INFO   ] thread dealer step 2.
[10:50:16.596] [INFO   ] thread dealer step 2.
[10:50:16.596] [INFO   ] thread dealer step 2.
[10:50:16.596] [INFO   ] thread dealer step 3.
[10:50:16.596] [INFO   ] thread dealer step 4.
[10:50:16.596] [INFO   ] thread dealer step 10.
[10:50:16.596] [INFO   ] thread dealer step 11.
[10:50:16.596] [INFO   ] thread dealer step 12.
[10:50:16.596] [INFO   ] thread dealer timer loop 5.
[10:50:16.596] [INFO   ] thread dealer timer loop 1.
[10:50:16.706] [INFO   ] thread dealer timer loop 2.
[10:50:16.706] [SEVERE ] updating countdown to 15006
[10:50:16.706] [INFO   ] thread dealer timer loop 3.
[10:50:16.925] [INFO   ] thread dealer rm 1.
[10:50:16.925] [INFO   ] thread dealer timer loop 4.
[10:50:17.145] [INFO   ] thread dealer step 1.
[10:50:17.145] [SEVERE ] updating countdown to 14567
[10:50:17.145] [INFO   ] thread dealer step 2.
[10:50:17.145] [INFO   ] thread dealer step 2.
[10:50:17.145] [INFO   ] thread dealer step 2.
[10:50:17.145] [INFO   ] thread dealer step 2.
[10:50:17.145] [INFO   ] thread dealer step 2.
[10:50:17.145] [INFO   ] thread dealer step 2.
[10:50:17.145] [INFO   ] thread dealer step 2.
[10:50:17.145] [INFO   ] thread dealer step 2.
[10:50:17.145] [INFO   ] thread dealer step 2.
[10:50:17.145] [INFO   ] thread dealer step 2.
[10:50:17.145] [INFO   ] thread dealer step 2.
[10:50:17.145] [INFO   ] thread dealer step 2.
[10:50:17.145] [INFO   ] thread dealer step 3.
[10:50:17.145] [INFO   ] thread dealer step 4.
[10:50:17.145] [INFO   ] thread dealer step 10.
[10:50:17.145] [INFO   ] thread dealer step 11.
[10:50:17.145] [INFO   ] thread dealer step 12.
[10:50:17.145] [INFO   ] thread dealer timer loop 5.
[10:50:17.145] [INFO   ] thread dealer timer loop 1.
[10:50:17.255] [INFO   ] thread dealer timer loop 2.
[10:50:17.255] [SEVERE ] updating countdown to 14457
[10:50:17.256] [INFO   ] thread dealer timer loop 3.
[10:50:17.475] [INFO   ] thread dealer rm 1.
[10:50:17.475] [INFO   ] thread dealer timer loop 4.
[10:50:17.693] [INFO   ] thread dealer step 1.
[10:50:17.693] [SEVERE ] updating countdown to 14019
[10:50:17.693] [INFO   ] thread dealer step 2.
[10:50:17.693] [INFO   ] thread dealer step 2.
[10:50:17.693] [INFO   ] thread dealer step 2.
[10:50:17.693] [INFO   ] thread dealer step 2.
[10:50:17.693] [INFO   ] thread dealer step 2.
[10:50:17.693] [INFO   ] thread dealer step 2.
[10:50:17.693] [INFO   ] thread dealer step 2.
[10:50:17.693] [INFO   ] thread dealer step 2.
[10:50:17.693] [INFO   ] thread dealer step 2.
[10:50:17.693] [INFO   ] thread dealer step 2.
[10:50:17.693] [INFO   ] thread dealer step 2.
[10:50:17.693] [INFO   ] thread dealer step 2.
[10:50:17.693] [INFO   ] thread dealer step 3.
[10:50:17.693] [INFO   ] thread dealer step 4.
[10:50:17.693] [INFO   ] thread dealer step 10.
[10:50:17.693] [INFO   ] thread dealer step 11.
[10:50:17.693] [INFO   ] thread dealer step 12.
[10:50:17.693] [INFO   ] thread dealer timer loop 5.
[10:50:17.693] [INFO   ] thread dealer timer loop 1.
[10:50:17.803] [INFO   ] thread dealer timer loop 2.
[10:50:17.803] [SEVERE ] updating countdown to 13909
[10:50:17.803] [INFO   ] thread dealer timer loop 3.
[10:50:18.022] [INFO   ] thread dealer rm 1.
[10:50:18.022] [INFO   ] thread dealer timer loop 4.
[10:50:18.243] [INFO   ] thread dealer step 1.
[10:50:18.243] [SEVERE ] updating countdown to 13469
[10:50:18.243] [INFO   ] thread dealer step 2.
[10:50:18.243] [INFO   ] thread dealer step 2.
[10:50:18.243] [INFO   ] thread dealer step 2.
[10:50:18.243] [INFO   ] thread dealer step 2.
[10:50:18.243] [INFO   ] thread dealer step 2.
[10:50:18.243] [INFO   ] thread dealer step 2.
[10:50:18.243] [INFO   ] thread dealer step 2.
[10:50:18.243] [INFO   ] thread dealer step 2.
[10:50:18.243] [INFO   ] thread dealer step 2.
[10:50:18.243] [INFO   ] thread dealer step 2.
[10:50:18.243] [INFO   ] thread dealer step 2.
[10:50:18.243] [INFO   ] thread dealer step 2.
[10:50:18.243] [INFO   ] thread dealer step 3.
[10:50:18.243] [INFO   ] thread dealer step 4.
[10:50:18.243] [INFO   ] thread dealer step 10.
[10:50:18.243] [INFO   ] thread dealer step 11.
[10:50:18.243] [INFO   ] thread dealer step 12.
[10:50:18.243] [INFO   ] thread dealer timer loop 5.
[10:50:18.243] [INFO   ] thread dealer timer loop 1.
[10:50:18.353] [INFO   ] thread dealer timer loop 2.
[10:50:18.353] [SEVERE ] updating countdown to 13359
[10:50:18.353] [INFO   ] thread dealer timer loop 3.
[10:50:18.572] [INFO   ] thread dealer rm 1.
[10:50:18.572] [INFO   ] thread dealer timer loop 4.
[10:50:18.790] [INFO   ] thread dealer step 1.
[10:50:18.790] [SEVERE ] updating countdown to 12922
[10:50:18.791] [INFO   ] thread dealer step 2.
[10:50:18.791] [INFO   ] thread dealer step 2.
[10:50:18.791] [INFO   ] thread dealer step 2.
[10:50:18.791] [INFO   ] thread dealer step 2.
[10:50:18.791] [INFO   ] thread dealer step 2.
[10:50:18.791] [INFO   ] thread dealer step 2.
[10:50:18.791] [INFO   ] thread dealer step 2.
[10:50:18.791] [INFO   ] thread dealer step 2.
[10:50:18.791] [INFO   ] thread dealer step 2.
[10:50:18.791] [INFO   ] thread dealer step 2.
[10:50:18.791] [INFO   ] thread dealer step 2.
[10:50:18.791] [INFO   ] thread dealer step 2.
[10:50:18.791] [INFO   ] thread dealer step 3.
[10:50:18.791] [INFO   ] thread dealer step 4.
[10:50:18.791] [INFO   ] thread dealer step 10.
[10:50:18.791] [INFO   ] thread dealer step 11.
[10:50:18.791] [INFO   ] thread dealer step 12.
[10:50:18.791] [INFO   ] thread dealer timer loop 5.
[10:50:18.791] [INFO   ] thread dealer timer loop 1.
[10:50:18.905] [INFO   ] thread dealer timer loop 2.
[10:50:18.905] [SEVERE ] updating countdown to 12807
[10:50:18.905] [INFO   ] thread dealer timer loop 3.
[10:50:19.125] [INFO   ] thread dealer rm 1.
[10:50:19.125] [INFO   ] thread dealer timer loop 4.
[10:50:19.350] [INFO   ] thread dealer step 1.
[10:50:19.350] [SEVERE ] updating countdown to 12362
[10:50:19.350] [INFO   ] thread dealer step 2.
[10:50:19.350] [INFO   ] thread dealer step 2.
[10:50:19.350] [INFO   ] thread dealer step 2.
[10:50:19.350] [INFO   ] thread dealer step 2.
[10:50:19.350] [INFO   ] thread dealer step 2.
[10:50:19.350] [INFO   ] thread dealer step 2.
[10:50:19.350] [INFO   ] thread dealer step 2.
[10:50:19.350] [INFO   ] thread dealer step 2.
[10:50:19.350] [INFO   ] thread dealer step 2.
[10:50:19.350] [INFO   ] thread dealer step 2.
[10:50:19.350] [INFO   ] thread dealer step 2.
[10:50:19.350] [INFO   ] thread dealer step 2.
[10:50:19.350] [INFO   ] thread dealer step 3.
[10:50:19.350] [INFO   ] thread dealer step 4.
[10:50:19.350] [INFO   ] thread dealer step 10.
[10:50:19.350] [INFO   ] thread dealer step 11.
[10:50:19.350] [INFO   ] thread dealer step 12.
[10:50:19.350] [INFO   ] thread dealer timer loop 5.
[10:50:19.350] [INFO   ] thread dealer timer loop 1.
[10:50:19.459] [INFO   ] thread dealer timer loop 2.
[10:50:19.459] [SEVERE ] updating countdown to 12253
[10:50:19.459] [INFO   ] thread dealer timer loop 3.
[10:50:19.678] [INFO   ] thread dealer rm 1.
[10:50:19.678] [INFO   ] thread dealer timer loop 4.
[10:50:19.896] [INFO   ] thread dealer step 1.
[10:50:19.896] [SEVERE ] updating countdown to 11816
[10:50:19.896] [INFO   ] thread dealer step 2.
[10:50:19.896] [INFO   ] thread dealer step 2.
[10:50:19.896] [INFO   ] thread dealer step 2.
[10:50:19.896] [INFO   ] thread dealer step 2.
[10:50:19.896] [INFO   ] thread dealer step 2.
[10:50:19.896] [INFO   ] thread dealer step 2.
[10:50:19.896] [INFO   ] thread dealer step 2.
[10:50:19.896] [INFO   ] thread dealer step 2.
[10:50:19.896] [INFO   ] thread dealer step 2.
[10:50:19.896] [INFO   ] thread dealer step 2.
[10:50:19.896] [INFO   ] thread dealer step 2.
[10:50:19.896] [INFO   ] thread dealer step 2.
[10:50:19.896] [INFO   ] thread dealer step 3.
[10:50:19.896] [INFO   ] thread dealer step 4.
[10:50:19.896] [INFO   ] thread dealer step 10.
[10:50:19.896] [INFO   ] thread dealer step 11.
[10:50:19.896] [INFO   ] thread dealer step 12.
[10:50:19.896] [INFO   ] thread dealer timer loop 5.
[10:50:19.896] [INFO   ] thread dealer timer loop 1.
[10:50:20.005] [INFO   ] thread dealer timer loop 2.
[10:50:20.005] [SEVERE ] updating countdown to 11707
[10:50:20.005] [INFO   ] thread dealer timer loop 3.
[10:50:20.218] [INFO   ] thread dealer rm 1.
[10:50:20.218] [INFO   ] thread dealer timer loop 4.
[10:50:20.437] [INFO   ] thread dealer step 1.
[10:50:20.437] [SEVERE ] updating countdown to 11275
[10:50:20.437] [INFO   ] thread dealer step 2.
[10:50:20.437] [INFO   ] thread dealer step 2.
[10:50:20.437] [INFO   ] thread dealer step 2.
[10:50:20.437] [INFO   ] thread dealer step 2.
[10:50:20.437] [INFO   ] thread dealer step 2.
[10:50:20.437] [INFO   ] thread dealer step 2.
[10:50:20.437] [INFO   ] thread dealer step 2.
[10:50:20.437] [INFO   ] thread dealer step 2.
[10:50:20.437] [INFO   ] thread dealer step 2.
[10:50:20.437] [INFO   ] thread dealer step 2.
[10:50:20.437] [INFO   ] thread dealer step 2.
[10:50:20.437] [INFO   ] thread dealer step 2.
[10:50:20.437] [INFO   ] thread dealer step 3.
[10:50:20.437] [INFO   ] thread dealer step 4.
[10:50:20.437] [INFO   ] thread dealer step 10.
[10:50:20.437] [INFO   ] thread dealer step 11.
[10:50:20.437] [INFO   ] thread dealer step 12.
[10:50:20.437] [INFO   ] thread dealer timer loop 5.
[10:50:20.437] [INFO   ] thread dealer timer loop 1.
[10:50:20.547] [INFO   ] thread dealer timer loop 2.
[10:50:20.547] [SEVERE ] updating countdown to 11165
[10:50:20.547] [INFO   ] thread dealer timer loop 3.
[10:50:20.766] [INFO   ] thread dealer rm 1.
[10:50:20.766] [INFO   ] thread dealer timer loop 4.
[10:50:20.986] [INFO   ] thread dealer step 1.
[10:50:20.986] [SEVERE ] updating countdown to 10726
[10:50:20.986] [INFO   ] thread dealer step 2.
[10:50:20.986] [INFO   ] thread dealer step 2.
[10:50:20.986] [INFO   ] thread dealer step 2.
[10:50:20.986] [INFO   ] thread dealer step 2.
[10:50:20.986] [INFO   ] thread dealer step 2.
[10:50:20.986] [INFO   ] thread dealer step 2.
[10:50:20.986] [INFO   ] thread dealer step 2.
[10:50:20.986] [INFO   ] thread dealer step 2.
[10:50:20.986] [INFO   ] thread dealer step 2.
[10:50:20.986] [INFO   ] thread dealer step 2.
[10:50:20.986] [INFO   ] thread dealer step 2.
[10:50:20.986] [INFO   ] thread dealer step 2.
[10:50:20.986] [INFO   ] thread dealer step 3.
[10:50:20.986] [INFO   ] thread dealer step 4.
[10:50:20.986] [INFO   ] thread dealer step 10.
[10:50:20.986] [INFO   ] thread dealer step 11.
[10:50:20.986] [INFO   ] thread dealer step 12.
[10:50:20.986] [INFO   ] thread dealer timer loop 5.
[10:50:20.986] [INFO   ] thread dealer timer loop 1.
[10:50:21.095] [INFO   ] thread dealer timer loop 2.
[10:50:21.095] [SEVERE ] updating countdown to 10617
[10:50:21.095] [INFO   ] thread dealer timer loop 3.
[10:50:21.314] [INFO   ] thread dealer rm 1.
[10:50:21.314] [INFO   ] thread dealer timer loop 4.
[10:50:21.533] [INFO   ] thread dealer step 1.
[10:50:21.533] [SEVERE ] updating countdown to 10179
[10:50:21.533] [INFO   ] thread dealer step 2.
[10:50:21.533] [INFO   ] thread dealer step 2.
[10:50:21.533] [INFO   ] thread dealer step 2.
[10:50:21.533] [INFO   ] thread dealer step 2.
[10:50:21.533] [INFO   ] thread dealer step 2.
[10:50:21.533] [INFO   ] thread dealer step 2.
[10:50:21.533] [INFO   ] thread dealer step 2.
[10:50:21.533] [INFO   ] thread dealer step 2.
[10:50:21.533] [INFO   ] thread dealer step 2.
[10:50:21.533] [INFO   ] thread dealer step 2.
[10:50:21.533] [INFO   ] thread dealer step 2.
[10:50:21.533] [INFO   ] thread dealer step 2.
[10:50:21.533] [INFO   ] thread dealer step 3.
[10:50:21.533] [INFO   ] thread dealer step 4.
[10:50:21.533] [INFO   ] thread dealer step 10.
[10:50:21.533] [INFO   ] thread dealer step 11.
[10:50:21.533] [INFO   ] thread dealer step 12.
[10:50:21.533] [INFO   ] thread dealer timer loop 5.
[10:50:21.533] [INFO   ] thread dealer timer loop 1.
[10:50:21.580] [SEVERE ] exit button pressed
[10:50:21.643] [INFO   ] thread dealer timer loop 2.
[10:50:21.643] [SEVERE ] updating countdown to 10069
[10:50:21.643] [INFO   ] thread dealer timer loop 3.
[10:50:21.862] [INFO   ] thread dealer rm 1.
[10:50:21.862] [INFO   ] thread dealer timer loop 4.
[10:50:22.080] [INFO   ] thread dealer step 1.
[10:50:22.080] [SEVERE ] updating countdown to 9632
[10:50:22.080] [INFO   ] thread dealer step 2.
[10:50:22.081] [INFO   ] thread dealer step 2.
[10:50:22.081] [INFO   ] thread dealer step 2.
[10:50:22.081] [INFO   ] thread dealer step 2.
[10:50:22.081] [INFO   ] thread dealer step 2.
[10:50:22.081] [INFO   ] thread dealer step 2.
[10:50:22.081] [INFO   ] thread dealer step 2.
[10:50:22.081] [INFO   ] thread dealer step 2.
[10:50:22.081] [INFO   ] thread dealer step 2.
[10:50:22.081] [INFO   ] thread dealer step 2.
[10:50:22.081] [INFO   ] thread dealer step 2.
[10:50:22.081] [INFO   ] thread dealer step 2.
[10:50:22.081] [INFO   ] thread dealer step 3.
[10:50:22.081] [INFO   ] thread dealer step 4.
[10:50:22.081] [INFO   ] thread dealer step 10.
[10:50:22.081] [INFO   ] thread dealer step 11.
[10:50:22.081] [INFO   ] thread dealer step 12.
[10:50:22.081] [INFO   ] thread dealer timer loop 5.
[10:50:22.081] [INFO   ] thread dealer timer loop 1.
[10:50:22.190] [INFO   ] thread dealer timer loop 2.
[10:50:22.190] [SEVERE ] updating countdown to 9522
[10:50:22.190] [INFO   ] thread dealer timer loop 3.
[10:50:22.407] [INFO   ] thread dealer rm 1.
[10:50:22.408] [INFO   ] thread dealer timer loop 4.
[10:50:22.621] [INFO   ] thread dealer step 1.
[10:50:22.621] [SEVERE ] updating countdown to 9091
[10:50:22.621] [INFO   ] thread dealer step 2.
[10:50:22.621] [INFO   ] thread dealer step 2.
[10:50:22.621] [INFO   ] thread dealer step 2.
[10:50:22.621] [INFO   ] thread dealer step 2.
[10:50:22.621] [INFO   ] thread dealer step 2.
[10:50:22.621] [INFO   ] thread dealer step 2.
[10:50:22.621] [INFO   ] thread dealer step 2.
[10:50:22.621] [INFO   ] thread dealer step 2.
[10:50:22.621] [INFO   ] thread dealer step 2.
[10:50:22.621] [INFO   ] thread dealer step 2.
[10:50:22.621] [INFO   ] thread dealer step 2.
[10:50:22.621] [INFO   ] thread dealer step 2.
[10:50:22.621] [INFO   ] thread dealer step 3.
[10:50:22.621] [INFO   ] thread dealer step 4.
[10:50:22.621] [INFO   ] thread dealer step 10.
[10:50:22.621] [INFO   ] thread dealer step 11.
[10:50:22.621] [INFO   ] thread dealer step 12.
[10:50:22.621] [INFO   ] thread dealer timer loop 5.
[10:50:22.621] [INFO   ] thread dealer timer loop 1.
[10:50:22.724] [INFO   ] thread dealer timer loop 2.
[10:50:22.724] [SEVERE ] updating countdown to 8988
[10:50:22.724] [INFO   ] thread dealer timer loop 3.
[10:50:22.937] [INFO   ] thread dealer rm 1.
[10:50:22.937] [INFO   ] thread dealer timer loop 4.
[10:50:23.148] [INFO   ] thread dealer step 1.
[10:50:23.148] [SEVERE ] updating countdown to 8564
[10:50:23.148] [INFO   ] thread dealer step 2.
[10:50:23.148] [INFO   ] thread dealer step 2.
[10:50:23.148] [INFO   ] thread dealer step 2.
[10:50:23.148] [INFO   ] thread dealer step 2.
[10:50:23.148] [INFO   ] thread dealer step 2.
[10:50:23.148] [INFO   ] thread dealer step 2.
[10:50:23.148] [INFO   ] thread dealer step 2.
[10:50:23.148] [INFO   ] thread dealer step 2.
[10:50:23.148] [INFO   ] thread dealer step 2.
[10:50:23.148] [INFO   ] thread dealer step 2.
[10:50:23.148] [INFO   ] thread dealer step 2.
[10:50:23.148] [INFO   ] thread dealer step 2.
[10:50:23.148] [INFO   ] thread dealer step 3.
[10:50:23.149] [INFO   ] thread dealer step 4.
[10:50:23.149] [INFO   ] thread dealer step 10.
[10:50:23.149] [INFO   ] thread dealer step 11.
[10:50:23.149] [INFO   ] thread dealer step 12.
[10:50:23.149] [INFO   ] thread dealer timer loop 5.
[10:50:23.149] [INFO   ] thread dealer timer loop 1.
[10:50:23.262] [INFO   ] thread dealer timer loop 2.
[10:50:23.262] [SEVERE ] updating countdown to 8450
[10:50:23.262] [INFO   ] thread dealer timer loop 3.
[10:50:23.481] [INFO   ] thread dealer rm 1.
[10:50:23.481] [INFO   ] thread dealer timer loop 4.
[10:50:23.700] [INFO   ] thread dealer step 1.
[10:50:23.700] [SEVERE ] updating countdown to 8012
[10:50:23.700] [INFO   ] thread dealer step 2.
[10:50:23.700] [INFO   ] thread dealer step 2.
[10:50:23.700] [INFO   ] thread dealer step 2.
[10:50:23.700] [INFO   ] thread dealer step 2.
[10:50:23.700] [INFO   ] thread dealer step 2.
[10:50:23.700] [INFO   ] thread dealer step 2.
[10:50:23.700] [INFO   ] thread dealer step 2.
[10:50:23.700] [INFO   ] thread dealer step 2.
[10:50:23.700] [INFO   ] thread dealer step 2.
[10:50:23.700] [INFO   ] thread dealer step 2.
[10:50:23.700] [INFO   ] thread dealer step 2.
[10:50:23.700] [INFO   ] thread dealer step 2.
[10:50:23.700] [INFO   ] thread dealer step 3.
[10:50:23.700] [INFO   ] thread dealer step 4.
[10:50:23.700] [INFO   ] thread dealer step 10.
[10:50:23.700] [INFO   ] thread dealer step 11.
[10:50:23.700] [INFO   ] thread dealer step 12.
[10:50:23.700] [INFO   ] thread dealer timer loop 5.
[10:50:23.700] [INFO   ] thread dealer timer loop 1.
[10:50:23.810] [INFO   ] thread dealer timer loop 2.
[10:50:23.810] [SEVERE ] updating countdown to 7902
[10:50:23.810] [INFO   ] thread dealer timer loop 3.
[10:50:24.024] [INFO   ] thread dealer rm 1.
[10:50:24.024] [INFO   ] thread dealer timer loop 4.
[10:50:24.239] [INFO   ] thread dealer step 1.
[10:50:24.239] [SEVERE ] updating countdown to 7473
[10:50:24.239] [INFO   ] thread dealer step 2.
[10:50:24.239] [INFO   ] thread dealer step 2.
[10:50:24.239] [INFO   ] thread dealer step 2.
[10:50:24.239] [INFO   ] thread dealer step 2.
[10:50:24.239] [INFO   ] thread dealer step 2.
[10:50:24.239] [INFO   ] thread dealer step 2.
[10:50:24.239] [INFO   ] thread dealer step 2.
[10:50:24.239] [INFO   ] thread dealer step 2.
[10:50:24.239] [INFO   ] thread dealer step 2.
[10:50:24.239] [INFO   ] thread dealer step 2.
[10:50:24.239] [INFO   ] thread dealer step 2.
[10:50:24.239] [INFO   ] thread dealer step 2.
[10:50:24.239] [INFO   ] thread dealer step 3.
[10:50:24.239] [INFO   ] thread dealer step 4.
[10:50:24.239] [INFO   ] thread dealer step 10.
[10:50:24.239] [INFO   ] thread dealer step 11.
[10:50:24.239] [INFO   ] thread dealer step 12.
[10:50:24.239] [INFO   ] thread dealer timer loop 5.
[10:50:24.239] [INFO   ] thread dealer timer loop 1.
[10:50:24.339] [INFO   ] thread dealer timer loop 2.
[10:50:24.339] [SEVERE ] updating countdown to 7373
[10:50:24.339] [INFO   ] thread dealer timer loop 3.
[10:50:24.555] [INFO   ] thread dealer rm 1.
[10:50:24.555] [INFO   ] thread dealer timer loop 4.
[10:50:24.788] [INFO   ] thread dealer step 1.
[10:50:24.788] [SEVERE ] updating countdown to 6924
[10:50:24.788] [INFO   ] thread dealer step 2.
[10:50:24.788] [INFO   ] thread dealer step 2.
[10:50:24.788] [INFO   ] thread dealer step 2.
[10:50:24.788] [INFO   ] thread dealer step 2.
[10:50:24.788] [INFO   ] thread dealer step 2.
[10:50:24.788] [INFO   ] thread dealer step 2.
[10:50:24.788] [INFO   ] thread dealer step 2.
[10:50:24.788] [INFO   ] thread dealer step 2.
[10:50:24.788] [INFO   ] thread dealer step 2.
[10:50:24.788] [INFO   ] thread dealer step 2.
[10:50:24.788] [INFO   ] thread dealer step 2.
[10:50:24.788] [INFO   ] thread dealer step 2.
[10:50:24.788] [INFO   ] thread dealer step 3.
[10:50:24.788] [INFO   ] thread dealer step 4.
[10:50:24.788] [INFO   ] thread dealer step 10.
[10:50:24.788] [INFO   ] thread dealer step 11.
[10:50:24.788] [INFO   ] thread dealer step 12.
[10:50:24.788] [INFO   ] thread dealer timer loop 5.
[10:50:24.788] [INFO   ] thread dealer timer loop 1.
[10:50:24.892] [INFO   ] thread dealer timer loop 2.
[10:50:24.892] [SEVERE ] updating countdown to 6820
[10:50:24.892] [INFO   ] thread dealer timer loop 3.
[10:50:25.108] [INFO   ] thread dealer rm 1.
[10:50:25.108] [INFO   ] thread dealer timer loop 4.
[10:50:25.316] [INFO   ] thread dealer step 1.
[10:50:25.316] [SEVERE ] updating countdown to 6396
[10:50:25.316] [INFO   ] thread dealer step 2.
[10:50:25.316] [INFO   ] thread dealer step 2.
[10:50:25.316] [INFO   ] thread dealer step 2.
[10:50:25.316] [INFO   ] thread dealer step 2.
[10:50:25.316] [INFO   ] thread dealer step 2.
[10:50:25.316] [INFO   ] thread dealer step 2.
[10:50:25.316] [INFO   ] thread dealer step 2.
[10:50:25.316] [INFO   ] thread dealer step 2.
[10:50:25.316] [INFO   ] thread dealer step 2.
[10:50:25.316] [INFO   ] thread dealer step 2.
[10:50:25.316] [INFO   ] thread dealer step 2.
[10:50:25.316] [INFO   ] thread dealer step 2.
[10:50:25.316] [INFO   ] thread dealer step 3.
[10:50:25.317] [INFO   ] thread dealer step 4.
[10:50:25.317] [INFO   ] thread dealer step 10.
[10:50:25.317] [INFO   ] thread dealer step 11.
[10:50:25.317] [INFO   ] thread dealer step 12.
[10:50:25.317] [INFO   ] thread dealer timer loop 5.
[10:50:25.317] [INFO   ] thread dealer timer loop 1.
[10:50:25.418] [INFO   ] thread dealer timer loop 2.
[10:50:25.418] [SEVERE ] updating countdown to 6294
[10:50:25.418] [INFO   ] thread dealer timer loop 3.
[10:50:25.624] [INFO   ] thread dealer rm 1.
[10:50:25.625] [INFO   ] thread dealer timer loop 4.
[10:50:25.849] [INFO   ] thread dealer step 1.
[10:50:25.849] [SEVERE ] updating countdown to 5863
[10:50:25.849] [INFO   ] thread dealer step 2.
[10:50:25.849] [INFO   ] thread dealer step 2.
[10:50:25.849] [INFO   ] thread dealer step 2.
[10:50:25.849] [INFO   ] thread dealer step 2.
[10:50:25.849] [INFO   ] thread dealer step 2.
[10:50:25.849] [INFO   ] thread dealer step 2.
[10:50:25.849] [INFO   ] thread dealer step 2.
[10:50:25.849] [INFO   ] thread dealer step 2.
[10:50:25.849] [INFO   ] thread dealer step 2.
[10:50:25.849] [INFO   ] thread dealer step 2.
[10:50:25.849] [INFO   ] thread dealer step 2.
[10:50:25.849] [INFO   ] thread dealer step 2.
[10:50:25.849] [INFO   ] thread dealer step 3.
[10:50:25.849] [INFO   ] thread dealer step 4.
[10:50:25.849] [INFO   ] thread dealer step 10.
[10:50:25.849] [INFO   ] thread dealer step 11.
[10:50:25.849] [INFO   ] thread dealer step 12.
[10:50:25.849] [INFO   ] thread dealer timer loop 5.
[10:50:25.849] [INFO   ] thread dealer timer loop 1.
[10:50:25.951] [INFO   ] thread dealer timer loop 2.
[10:50:25.952] [SEVERE ] updating countdown to 5760
[10:50:25.952] [INFO   ] thread dealer timer loop 3.
[10:50:26.158] [INFO   ] thread dealer rm 1.
[10:50:26.158] [INFO   ] thread dealer timer loop 4.
[10:50:26.373] [INFO   ] thread dealer step 1.
[10:50:26.373] [SEVERE ] updating countdown to 5339
[10:50:26.373] [INFO   ] thread dealer step 2.
[10:50:26.374] [INFO   ] thread dealer step 2.
[10:50:26.374] [INFO   ] thread dealer step 2.
[10:50:26.374] [INFO   ] thread dealer step 2.
[10:50:26.374] [INFO   ] thread dealer step 2.
[10:50:26.375] [INFO   ] thread dealer step 2.
[10:50:26.375] [INFO   ] thread dealer step 2.
[10:50:26.375] [INFO   ] thread dealer step 2.
[10:50:26.375] [INFO   ] thread dealer step 2.
[10:50:26.375] [INFO   ] thread dealer step 2.
[10:50:26.375] [INFO   ] thread dealer step 2.
[10:50:26.375] [INFO   ] thread dealer step 2.
[10:50:26.375] [INFO   ] thread dealer step 3.
[10:50:26.376] [INFO   ] thread dealer step 4.
[10:50:26.376] [INFO   ] thread dealer step 10.
[10:50:26.376] [INFO   ] thread dealer step 11.
[10:50:26.376] [INFO   ] thread dealer step 12.
[10:50:26.376] [INFO   ] thread dealer timer loop 5.
[10:50:26.376] [INFO   ] thread dealer timer loop 1.
[10:50:26.482] [INFO   ] thread dealer timer loop 2.
[10:50:26.482] [SEVERE ] updating countdown to 5230
[10:50:26.482] [INFO   ] thread dealer timer loop 3.
[10:50:26.697] [INFO   ] thread dealer rm 1.
[10:50:26.697] [INFO   ] thread dealer timer loop 4.
[10:50:26.899] [INFO   ] thread dealer step 1.
[10:50:26.899] [INFO   ] thread dealer step 2.
[10:50:26.899] [INFO   ] thread dealer step 2.
[10:50:26.899] [INFO   ] thread dealer step 2.
[10:50:26.899] [INFO   ] thread dealer step 2.
[10:50:26.899] [INFO   ] thread dealer step 2.
[10:50:26.899] [INFO   ] thread dealer step 2.
[10:50:26.899] [INFO   ] thread dealer step 2.
[10:50:26.899] [INFO   ] thread dealer step 2.
[10:50:26.899] [INFO   ] thread dealer step 2.
[10:50:26.899] [INFO   ] thread dealer step 2.
[10:50:26.899] [INFO   ] thread dealer step 2.
[10:50:26.899] [INFO   ] thread dealer step 2.
[10:50:26.899] [INFO   ] thread dealer step 3.
[10:50:26.899] [INFO   ] thread dealer step 4.
[10:50:26.899] [INFO   ] thread dealer step 10.
[10:50:26.899] [INFO   ] thread dealer step 11.
[10:50:26.899] [INFO   ] thread dealer step 12.
[10:50:26.899] [INFO   ] thread dealer timer loop 5.
[10:50:26.899] [INFO   ] thread dealer timer loop 1.
[10:50:27.005] [INFO   ] thread dealer timer loop 2.
[10:50:27.005] [INFO   ] thread dealer timer loop 3.
[10:50:27.206] [INFO   ] thread dealer rm 1.
[10:50:27.206] [INFO   ] thread dealer timer loop 4.
[10:50:27.412] [INFO   ] thread dealer step 1.
[10:50:27.412] [INFO   ] thread dealer step 2.
[10:50:27.412] [INFO   ] thread dealer step 2.
[10:50:27.412] [INFO   ] thread dealer step 2.
[10:50:27.412] [INFO   ] thread dealer step 2.
[10:50:27.412] [INFO   ] thread dealer step 2.
[10:50:27.412] [INFO   ] thread dealer step 2.
[10:50:27.412] [INFO   ] thread dealer step 2.
[10:50:27.412] [INFO   ] thread dealer step 2.
[10:50:27.412] [INFO   ] thread dealer step 2.
[10:50:27.412] [INFO   ] thread dealer step 2.
[10:50:27.412] [INFO   ] thread dealer step 2.
[10:50:27.412] [INFO   ] thread dealer step 2.
[10:50:27.412] [INFO   ] thread dealer step 3.
[10:50:27.412] [INFO   ] thread dealer step 4.
[10:50:27.412] [INFO   ] thread dealer step 10.
[10:50:27.412] [INFO   ] thread dealer step 11.
[10:50:27.412] [INFO   ] thread dealer step 12.
[10:50:27.412] [INFO   ] thread dealer timer loop 5.
[10:50:27.412] [INFO   ] thread dealer timer loop 1.
[10:50:27.519] [INFO   ] thread dealer timer loop 2.
[10:50:27.519] [INFO   ] thread dealer timer loop 3.
[10:50:27.723] [INFO   ] thread dealer rm 1.
[10:50:27.723] [INFO   ] thread dealer timer loop 4.
[10:50:27.932] [INFO   ] thread dealer step 1.
[10:50:27.932] [INFO   ] thread dealer step 2.
[10:50:27.932] [INFO   ] thread dealer step 2.
[10:50:27.932] [INFO   ] thread dealer step 2.
[10:50:27.932] [INFO   ] thread dealer step 2.
[10:50:27.932] [INFO   ] thread dealer step 2.
[10:50:27.932] [INFO   ] thread dealer step 2.
[10:50:27.934] [INFO   ] thread dealer step 2.
[10:50:27.934] [INFO   ] thread dealer step 2.
[10:50:27.934] [INFO   ] thread dealer step 2.
[10:50:27.934] [INFO   ] thread dealer step 2.
[10:50:27.934] [INFO   ] thread dealer step 2.
[10:50:27.934] [INFO   ] thread dealer step 2.
[10:50:27.934] [INFO   ] thread dealer step 3.
[10:50:27.935] [INFO   ] thread dealer step 4.
[10:50:27.935] [INFO   ] thread dealer step 10.
[10:50:27.935] [INFO   ] thread dealer step 11.
[10:50:27.935] [INFO   ] thread dealer step 12.
[10:50:27.935] [INFO   ] thread dealer timer loop 5.
[10:50:27.935] [INFO   ] thread dealer timer loop 1.
[10:50:28.036] [INFO   ] thread dealer timer loop 2.
[10:50:28.036] [INFO   ] thread dealer timer loop 3.
[10:50:28.241] [INFO   ] thread dealer rm 1.
[10:50:28.241] [INFO   ] thread dealer timer loop 4.
[10:50:28.454] [INFO   ] thread dealer step 1.
[10:50:28.454] [INFO   ] thread dealer step 2.
[10:50:28.454] [INFO   ] thread dealer step 2.
[10:50:28.454] [INFO   ] thread dealer step 2.
[10:50:28.454] [INFO   ] thread dealer step 2.
[10:50:28.454] [INFO   ] thread dealer step 2.
[10:50:28.454] [INFO   ] thread dealer step 2.
[10:50:28.454] [INFO   ] thread dealer step 2.
[10:50:28.454] [INFO   ] thread dealer step 2.
[10:50:28.455] [INFO   ] thread dealer step 2.
[10:50:28.455] [INFO   ] thread dealer step 2.
[10:50:28.455] [INFO   ] thread dealer step 2.
[10:50:28.455] [INFO   ] thread dealer step 2.
[10:50:28.455] [INFO   ] thread dealer step 3.
[10:50:28.455] [INFO   ] thread dealer step 4.
[10:50:28.455] [INFO   ] thread dealer step 10.
[10:50:28.455] [INFO   ] thread dealer step 11.
[10:50:28.455] [INFO   ] thread dealer step 12.
[10:50:28.455] [INFO   ] thread dealer timer loop 5.
[10:50:28.455] [INFO   ] thread dealer timer loop 1.
[10:50:28.568] [INFO   ] thread dealer timer loop 2.
[10:50:28.568] [INFO   ] thread dealer timer loop 3.
[10:50:28.771] [INFO   ] thread dealer rm 1.
[10:50:28.771] [INFO   ] thread dealer timer loop 4.
[10:50:28.975] [INFO   ] thread dealer step 1.
[10:50:28.975] [INFO   ] thread dealer step 2.
[10:50:28.975] [INFO   ] thread dealer step 2.
[10:50:28.975] [INFO   ] thread dealer step 2.
[10:50:28.975] [INFO   ] thread dealer step 2.
[10:50:28.975] [INFO   ] thread dealer step 2.
[10:50:28.975] [INFO   ] thread dealer step 2.
[10:50:28.975] [INFO   ] thread dealer step 2.
[10:50:28.975] [INFO   ] thread dealer step 2.
[10:50:28.975] [INFO   ] thread dealer step 2.
[10:50:28.975] [INFO   ] thread dealer step 2.
[10:50:28.975] [INFO   ] thread dealer step 2.
[10:50:28.975] [INFO   ] thread dealer step 2.
[10:50:28.975] [INFO   ] thread dealer step 3.
[10:50:28.975] [INFO   ] thread dealer step 4.
[10:50:28.975] [INFO   ] thread dealer step 10.
[10:50:28.975] [INFO   ] thread dealer step 11.
[10:50:28.975] [INFO   ] thread dealer step 12.
[10:50:28.975] [INFO   ] thread dealer timer loop 5.
[10:50:28.975] [INFO   ] thread dealer timer loop 1.
[10:50:29.083] [INFO   ] thread dealer timer loop 2.
[10:50:29.083] [INFO   ] thread dealer timer loop 3.
[10:50:29.298] [INFO   ] thread dealer rm 1.
[10:50:29.298] [INFO   ] thread dealer timer loop 4.
[10:50:29.514] [INFO   ] thread dealer step 1.
[10:50:29.514] [INFO   ] thread dealer step 2.
[10:50:29.514] [INFO   ] thread dealer step 2.
[10:50:29.514] [INFO   ] thread dealer step 2.
[10:50:29.514] [INFO   ] thread dealer step 2.
[10:50:29.514] [INFO   ] thread dealer step 2.
[10:50:29.514] [INFO   ] thread dealer step 2.
[10:50:29.514] [INFO   ] thread dealer step 2.
[10:50:29.514] [INFO   ] thread dealer step 2.
[10:50:29.514] [INFO   ] thread dealer step 2.
[10:50:29.514] [INFO   ] thread dealer step 2.
[10:50:29.514] [INFO   ] thread dealer step 2.
[10:50:29.514] [INFO   ] thread dealer step 2.
[10:50:29.514] [INFO   ] thread dealer step 3.
[10:50:29.517] [INFO   ] thread dealer step 4.
[10:50:29.517] [INFO   ] thread dealer step 10.
[10:50:29.517] [INFO   ] thread dealer step 11.
[10:50:29.517] [INFO   ] thread dealer step 12.
[10:50:29.517] [INFO   ] thread dealer timer loop 5.
[10:50:29.517] [INFO   ] thread dealer timer loop 1.
[10:50:29.620] [INFO   ] thread dealer timer loop 2.
[10:50:29.620] [INFO   ] thread dealer timer loop 3.
[10:50:29.824] [INFO   ] thread dealer rm 1.
[10:50:29.824] [INFO   ] thread dealer timer loop 4.
[10:50:30.031] [INFO   ] thread dealer step 1.
[10:50:30.031] [INFO   ] thread dealer step 2.
[10:50:30.031] [INFO   ] thread dealer step 2.
[10:50:30.031] [INFO   ] thread dealer step 2.
[10:50:30.031] [INFO   ] thread dealer step 2.
[10:50:30.031] [INFO   ] thread dealer step 2.
[10:50:30.031] [INFO   ] thread dealer step 2.
[10:50:30.031] [INFO   ] thread dealer step 2.
[10:50:30.031] [INFO   ] thread dealer step 2.
[10:50:30.031] [INFO   ] thread dealer step 2.
[10:50:30.031] [INFO   ] thread dealer step 2.
[10:50:30.031] [INFO   ] thread dealer step 2.
[10:50:30.031] [INFO   ] thread dealer step 2.
[10:50:30.031] [INFO   ] thread dealer step 3.
[10:50:30.031] [INFO   ] thread dealer step 4.
[10:50:30.031] [INFO   ] thread dealer step 10.
[10:50:30.031] [INFO   ] thread dealer step 11.
[10:50:30.031] [INFO   ] thread dealer step 12.
[10:50:30.031] [INFO   ] thread dealer timer loop 5.
[10:50:30.031] [INFO   ] thread dealer timer loop 1.
[10:50:30.140] [INFO   ] thread dealer timer loop 2.
[10:50:30.141] [INFO   ] thread dealer timer loop 3.
[10:50:30.357] [INFO   ] thread dealer rm 1.
[10:50:30.357] [INFO   ] thread dealer timer loop 4.
[10:50:30.572] [INFO   ] thread dealer step 1.
[10:50:30.572] [INFO   ] thread dealer step 2.
[10:50:30.572] [INFO   ] thread dealer step 2.
[10:50:30.572] [INFO   ] thread dealer step 2.
[10:50:30.572] [INFO   ] thread dealer step 2.
[10:50:30.572] [INFO   ] thread dealer step 2.
[10:50:30.572] [INFO   ] thread dealer step 2.
[10:50:30.572] [INFO   ] thread dealer step 2.
[10:50:30.572] [INFO   ] thread dealer step 2.
[10:50:30.572] [INFO   ] thread dealer step 2.
[10:50:30.573] [INFO   ] thread dealer step 2.
[10:50:30.573] [INFO   ] thread dealer step 2.
[10:50:30.573] [INFO   ] thread dealer step 2.
[10:50:30.573] [INFO   ] thread dealer step 3.
[10:50:30.574] [INFO   ] thread dealer step 4.
[10:50:30.574] [INFO   ] thread dealer step 10.
[10:50:30.574] [INFO   ] thread dealer step 11.
[10:50:30.574] [INFO   ] thread dealer step 12.
[10:50:30.574] [INFO   ] thread dealer timer loop 5.
[10:50:30.574] [INFO   ] thread dealer timer loop 1.
[10:50:30.687] [INFO   ] thread dealer timer loop 2.
[10:50:30.687] [INFO   ] thread dealer timer loop 3.
[10:50:30.905] [INFO   ] thread dealer rm 1.
[10:50:30.905] [INFO   ] thread dealer timer loop 4.
[10:50:31.124] [INFO   ] thread dealer step 1.
[10:50:31.124] [INFO   ] thread dealer step 2.
[10:50:31.124] [INFO   ] thread dealer step 2.
[10:50:31.124] [INFO   ] thread dealer step 2.
[10:50:31.124] [INFO   ] thread dealer step 2.
[10:50:31.124] [INFO   ] thread dealer step 2.
[10:50:31.124] [INFO   ] thread dealer step 2.
[10:50:31.124] [INFO   ] thread dealer step 2.
[10:50:31.124] [INFO   ] thread dealer step 2.
[10:50:31.124] [INFO   ] thread dealer step 2.
[10:50:31.124] [INFO   ] thread dealer step 2.
[10:50:31.124] [INFO   ] thread dealer step 2.
[10:50:31.124] [INFO   ] thread dealer step 2.
[10:50:31.124] [INFO   ] thread dealer step 3.
[10:50:31.125] [INFO   ] thread dealer step 4.
[10:50:31.125] [INFO   ] thread dealer step 10.
[10:50:31.125] [INFO   ] thread dealer step 11.
[10:50:31.125] [INFO   ] thread dealer step 12.
[10:50:31.125] [INFO   ] thread dealer timer loop 5.
[10:50:31.125] [INFO   ] thread dealer timer loop 1.
[10:50:31.234] [INFO   ] thread dealer timer loop 2.
[10:50:31.234] [INFO   ] thread dealer timer loop 3.
[10:50:31.449] [INFO   ] thread dealer rm 1.
[10:50:31.449] [INFO   ] thread dealer timer loop 4.
[10:50:31.615] [INFO   ] thread AWT-EventQueue-0 terminate 1.
[10:50:31.615] [INFO   ] thread AWT-EventQueue-0 terminate 2.
[10:50:31.615] [INFO   ] thread AWT-EventQueue-0 terminate 3.
[10:50:31.615] [INFO   ] thread Thread-1 player was notified by dealer. the player is: 1there are 0 slots
[10:50:31.615] [INFO   ] thread Thread-1 player was notified by dealer.
[10:50:31.615] [INFO   ] penalty
[10:50:31.615] [SEVERE ] setting player 2 freeze to 0
[10:50:31.617] [INFO   ] thread Thread-1 terminated.
[10:50:31.617] [INFO   ] thread AWT-EventQueue-0 terminate 3.
[10:50:31.617] [INFO   ] thread Thread-0 player was notified by dealer. the player is: 0there are 0 slots
[10:50:31.617] [INFO   ] thread Thread-0 player was notified by dealer.
[10:50:31.617] [INFO   ] penalty
[10:50:31.617] [SEVERE ] setting player 1 freeze to 0
[10:50:31.617] [INFO   ] thread Thread-0 terminated.
[10:50:31.617] [INFO   ] thread AWT-EventQueue-0 terminate 4.
[10:50:31.656] [INFO   ] thread dealer step 1.
[10:50:31.657] [INFO   ] thread dealer step 2.
[10:50:31.657] [INFO   ] thread dealer step 2.
[10:50:31.657] [INFO   ] thread dealer step 2.
[10:50:31.657] [INFO   ] thread dealer step 2.
[10:50:31.657] [INFO   ] thread dealer step 2.
[10:50:31.657] [INFO   ] thread dealer step 2.
[10:50:31.657] [INFO   ] thread dealer step 2.
[10:50:31.657] [INFO   ] thread dealer step 2.
[10:50:31.657] [INFO   ] thread dealer step 2.
[10:50:31.657] [INFO   ] thread dealer step 2.
[10:50:31.657] [INFO   ] thread dealer step 2.
[10:50:31.657] [INFO   ] thread dealer step 2.
[10:50:31.657] [INFO   ] thread dealer step 3.
[10:50:31.657] [INFO   ] thread dealer step 4.
[10:50:31.657] [INFO   ] thread dealer step 10.
[10:50:31.657] [INFO   ] thread dealer step 11.
[10:50:31.657] [INFO   ] thread dealer step 12.
[10:50:31.657] [INFO   ] thread dealer timer loop 5.
[10:50:31.657] [INFO   ] thread dealer run step 3.
[10:50:31.657] [INFO   ] remove all step 1 dealer rm all 1.
[10:50:31.874] [INFO   ] remove  in the table step 1
[10:50:31.874] [INFO   ] remove  in the table step 2
[10:50:31.874] [INFO   ] remove  in the table step 1
[10:50:31.874] [INFO   ] remove  in the table step 2
[10:50:31.874] [INFO   ] before removing token thread dealer rm all 2.
[10:50:31.874] [INFO   ] after removing token thread dealer rm 6.
[10:50:31.874] [SEVERE ] updating countdown to 0
[10:50:31.991] [SEVERE ] removing card from slot 0
[10:50:32.105] [SEVERE ] removing card from slot 1
[10:50:32.207] [SEVERE ] removing card from slot 2
[10:50:32.319] [SEVERE ] removing card from slot 3
[10:50:32.424] [SEVERE ] removing card from slot 4
[10:50:32.535] [SEVERE ] removing card from slot 5
[10:50:32.640] [SEVERE ] removing card from slot 6
[10:50:32.743] [SEVERE ] removing card from slot 7
[10:50:32.857] [SEVERE ] removing card from slot 8
[10:50:32.971] [SEVERE ] removing card from slot 9
[10:50:33.087] [SEVERE ] removing card from slot 10
[10:50:33.191] [SEVERE ] removing card from slot 11
[10:50:33.192] [SEVERE ] announcing winner(s): player 1, player 2
[10:50:33.193] [INFO   ] thread dealer terminated.
[10:50:33.193] [INFO   ] thread dealer terminated.
[10:50:33.193] [SEVERE ] thanks for playing... it was fun!
[10:50:33.193] [INFO   ] thread main terminated.
