[13:19:52.781] [INFO   ] thread main starting.
[13:19:52.789] [SEVERE ] cannot read configuration file config.properties trying from resources.
[13:19:52.790] [SEVERE ] configuration file was loaded from resources directory.
[13:19:53.235] [INFO   ] thread dealer starting.
[13:19:53.235] [INFO   ] thread dealer starting.
[13:19:53.236] [INFO   ] thread Thread-0 starting.
[13:19:53.238] [INFO   ] thread computer-0 starting.
[13:19:53.239] [INFO   ] thread Thread-1 starting.
[13:19:53.240] [INFO   ] thread computer-1 starting.
[13:19:53.240] [INFO   ] thread Thread-2 starting.
[13:19:53.241] [INFO   ] thread computer-2 starting.
[13:19:53.243] [INFO   ] thread Thread-3 starting.
[13:19:53.246] [INFO   ] thread computer-3 starting.
[13:19:53.247] [SEVERE ] updating countdown to 10000
[13:19:53.368] [SEVERE ] placing card 76 in slot 0
[13:19:53.478] [SEVERE ] placing card 43 in slot 1
[13:19:53.588] [SEVERE ] placing card 78 in slot 2
[13:19:53.698] [SEVERE ] placing card 33 in slot 3
[13:19:53.808] [SEVERE ] placing card 67 in slot 4
[13:19:53.916] [SEVERE ] placing card 41 in slot 5
[13:19:54.024] [SEVERE ] placing card 0 in slot 6
[13:19:54.135] [SEVERE ] placing card 14 in slot 7
[13:19:54.246] [SEVERE ] placing card 46 in slot 8
[13:19:54.356] [SEVERE ] placing card 66 in slot 9
[13:19:54.465] [SEVERE ] placing card 79 in slot 10
[13:19:54.574] [SEVERE ] placing card 51 in slot 11
[13:19:54.574] [SEVERE ] updating countdown to 10000
[13:19:54.578] [SEVERE ] player 1 placing token on slot 9
[13:19:54.578] [SEVERE ] player 3 placing token on slot 2
[13:19:54.578] [SEVERE ] player 2 placing token on slot 3
[13:19:54.578] [SEVERE ] player 4 placing token on slot 6
[13:19:54.579] [SEVERE ] player 2 placing token on slot 8
[13:19:54.579] [SEVERE ] player 1 placing token on slot 7
[13:19:54.579] [SEVERE ] player 1 placing token on slot 4
[13:19:54.579] [SEVERE ] player 3 placing token on slot 7
[13:19:54.580] [SEVERE ] updating countdown to 10044
[13:19:54.579] [SEVERE ] player 2 placing token on slot 4
[13:19:54.579] [SEVERE ] player 4 placing token on slot 11
[13:19:54.580] [INFO   ] remove  in the table step 1
[13:19:54.580] [SEVERE ] player 3 placing token on slot 3
[13:19:54.581] [INFO   ] remove  in the table step 2
[13:19:54.581] [SEVERE ] removing player 1 token from slot 9
[13:19:54.581] [SEVERE ] removing player 1 token from slot 7
[13:19:54.581] [SEVERE ] setting player 1 freeze to 0
[13:19:54.581] [SEVERE ] player 4 placing token on slot 10
[13:19:54.582] [SEVERE ] player 1 placing token on slot 0
[13:19:54.582] [SEVERE ] removing player 1 token from slot 4
[13:19:54.582] [SEVERE ] player 1 placing token on slot 9
[13:19:54.582] [SEVERE ] removing player 1 token from slot 9
[13:19:54.582] [SEVERE ] player 1 placing token on slot 7
[13:19:54.583] [SEVERE ] player 1 placing token on slot 4
[13:19:54.583] [SEVERE ] removing player 1 token from slot 0
[13:19:54.583] [SEVERE ] setting player 1 freeze to 0
[13:19:54.583] [SEVERE ] removing player 1 token from slot 7
[13:19:54.583] [SEVERE ] player 1 placing token on slot 11
[13:19:54.584] [SEVERE ] removing player 1 token from slot 11
[13:19:54.584] [SEVERE ] player 1 placing token on slot 1
[13:19:54.584] [SEVERE ] player 1 placing token on slot 5
[13:19:54.584] [SEVERE ] removing player 1 token from slot 4
[13:19:54.584] [SEVERE ] removing player 1 token from slot 1
[13:19:54.585] [SEVERE ] removing player 1 token from slot 5
[13:19:54.585] [INFO   ] remove  in the table step 1
[13:19:54.585] [INFO   ] remove  in the table step 2
[13:19:54.585] [SEVERE ] removing player 2 token from slot 3
[13:19:54.585] [SEVERE ] removing player 2 token from slot 8
[13:19:54.585] [SEVERE ] setting player 2 freeze to 0
[13:19:54.586] [SEVERE ] removing player 2 token from slot 4
[13:19:54.586] [SEVERE ] player 2 placing token on slot 1
[13:19:54.586] [SEVERE ] player 2 placing token on slot 2
[13:19:54.586] [SEVERE ] removing player 2 token from slot 1
[13:19:54.586] [SEVERE ] player 2 placing token on slot 9
[13:19:54.586] [SEVERE ] player 2 placing token on slot 10
[13:19:54.587] [SEVERE ] removing player 2 token from slot 2
[13:19:54.587] [SEVERE ] setting player 2 freeze to 0
[13:19:54.587] [SEVERE ] removing player 2 token from slot 9
[13:19:54.587] [SEVERE ] removing player 2 token from slot 10
[13:19:54.588] [SEVERE ] player 2 placing token on slot 0
[13:19:54.588] [SEVERE ] player 2 placing token on slot 11
[13:19:54.588] [SEVERE ] player 2 placing token on slot 6
[13:19:54.588] [SEVERE ] removing player 2 token from slot 0
[13:19:54.588] [SEVERE ] removing player 2 token from slot 11
[13:19:54.589] [SEVERE ] removing player 2 token from slot 6
[13:19:54.589] [INFO   ] remove  in the table step 1
[13:19:54.589] [INFO   ] remove  in the table step 2
[13:19:54.589] [SEVERE ] removing player 3 token from slot 2
[13:19:54.589] [SEVERE ] removing player 3 token from slot 7
[13:19:54.589] [SEVERE ] setting player 3 freeze to 0
[13:19:54.590] [SEVERE ] removing player 3 token from slot 3
[13:19:54.590] [SEVERE ] player 3 placing token on slot 11
[13:19:54.590] [SEVERE ] player 3 placing token on slot 0
[13:19:54.590] [SEVERE ] player 3 placing token on slot 9
[13:19:54.591] [SEVERE ] removing player 3 token from slot 11
[13:19:54.591] [SEVERE ] setting player 3 freeze to 0
[13:19:54.591] [SEVERE ] removing player 3 token from slot 0
[13:19:54.591] [SEVERE ] player 3 placing token on slot 4
[13:19:54.591] [SEVERE ] removing player 3 token from slot 9
[13:19:54.592] [SEVERE ] removing player 3 token from slot 4
[13:19:54.592] [SEVERE ] player 3 placing token on slot 7
[13:19:54.592] [SEVERE ] player 3 placing token on slot 11
[13:19:54.592] [SEVERE ] player 3 placing token on slot 4
[13:19:54.592] [SEVERE ] removing player 3 token from slot 7
[13:19:54.592] [SEVERE ] removing player 3 token from slot 11
[13:19:54.593] [SEVERE ] removing player 3 token from slot 4
[13:19:54.593] [INFO   ] remove  in the table step 1
[13:19:54.593] [INFO   ] remove  in the table step 2
[13:19:54.593] [INFO   ] remove  in the table step 1
[13:19:54.593] [INFO   ] remove  in the table step 2
[13:19:54.593] [SEVERE ] removing player 4 token from slot 6
[13:19:54.594] [SEVERE ] removing player 4 token from slot 11
[13:19:54.594] [SEVERE ] setting player 4 freeze to 0
[13:19:54.594] [SEVERE ] removing player 4 token from slot 10
[13:19:54.594] [SEVERE ] player 4 placing token on slot 2
[13:19:54.594] [SEVERE ] player 4 placing token on slot 8
[13:19:54.594] [SEVERE ] player 4 placing token on slot 4
[13:19:54.595] [SEVERE ] removing player 4 token from slot 2
[13:19:54.595] [SEVERE ] setting player 4 freeze to 0
[13:19:54.595] [SEVERE ] removing player 4 token from slot 8
[13:19:54.595] [SEVERE ] player 4 placing token on slot 1
[13:19:54.595] [SEVERE ] player 4 placing token on slot 11
[13:19:54.595] [SEVERE ] removing player 4 token from slot 4
[13:19:54.595] [SEVERE ] setting player 4 freeze to 0
[13:19:54.596] [SEVERE ] removing player 4 token from slot 1
[13:19:54.596] [SEVERE ] removing player 4 token from slot 11
[13:19:54.596] [SEVERE ] player 4 placing token on slot 0
[13:19:54.596] [SEVERE ] player 4 placing token on slot 3
[13:19:54.596] [SEVERE ] player 4 placing token on slot 11
[13:19:54.596] [SEVERE ] removing player 4 token from slot 0
[13:19:54.596] [SEVERE ] removing player 4 token from slot 3
[13:19:54.597] [SEVERE ] removing player 4 token from slot 11
[13:19:54.597] [INFO   ] remove  in the table step 1
[13:19:54.597] [INFO   ] remove  in the table step 2
[13:19:54.597] [INFO   ] remove  in the table step 1
[13:19:54.597] [INFO   ] remove  in the table step 2
[13:19:54.597] [INFO   ] remove  in the table step 1
[13:19:54.598] [INFO   ] remove  in the table step 2
[13:19:54.598] [INFO   ] remove  in the table step 1
[13:19:54.598] [INFO   ] remove  in the table step 2
[13:19:54.598] [SEVERE ] updating countdown to 10026
[13:19:55.604] [SEVERE ] updating countdown to 9020
[13:19:55.605] [SEVERE ] updating countdown to 9019
[13:19:56.620] [SEVERE ] updating countdown to 8004
[13:19:56.621] [SEVERE ] updating countdown to 8003
[13:19:57.629] [SEVERE ] updating countdown to 6995
[13:19:57.629] [SEVERE ] updating countdown to 6995
[13:19:58.633] [SEVERE ] updating countdown to 5991
[13:19:58.633] [SEVERE ] updating countdown to 5991
[13:20:04.672] [SEVERE ] updating countdown to 0
[13:20:04.672] [SEVERE ] updating countdown to 0
[13:20:04.672] [SEVERE ] updating countdown to 0
[13:20:04.672] [SEVERE ] updating countdown to 0
[13:20:04.780] [SEVERE ] removing card from slot 0
[13:20:04.895] [SEVERE ] removing card from slot 1
[13:20:05.005] [SEVERE ] removing card from slot 2
[13:20:05.108] [SEVERE ] removing card from slot 3
[13:20:05.221] [SEVERE ] removing card from slot 4
