[12:41:41.185] [INFO   ] thread main starting.
[12:41:41.192] [SEVERE ] cannot read configuration file config.properties trying from resources.
[12:41:41.194] [SEVERE ] configuration file was loaded from resources directory.
[12:41:41.707] [INFO   ] thread dealer starting.
[12:41:41.708] [INFO   ] thread Thread-0 starting.
[12:41:41.709] [INFO   ] thread computer-0 starting.
[12:41:41.710] [INFO   ] thread Thread-1 starting.
[12:41:41.711] [INFO   ] thread computer-1 starting.
[12:41:41.711] [INFO   ] thread Thread-2 starting.
[12:41:41.712] [INFO   ] thread computer-2 starting.
[12:41:41.714] [INFO   ] thread Thread-3 starting.
[12:41:41.715] [INFO   ] thread computer-3 starting.
[12:41:41.718] [SEVERE ] updating countdown to 10000
[12:41:42.062] [INFO   ] thread computer-0 kp step 1.
[12:41:42.062] [INFO   ] thread computer-1 kp step 1.
[12:41:42.062] [INFO   ] thread computer-0 kp step 2.true
[12:41:42.063] [INFO   ] thread computer-1 kp step 2.true
[12:41:42.063] [INFO   ] thread computer-0 kp step 14.slot size0
[12:41:42.063] [INFO   ] thread computer-1 kp step 14.slot size0
[12:41:42.065] [INFO   ] thread computer-2 kp step 1.
[12:41:42.065] [INFO   ] thread computer-2 kp step 2.true
[12:41:42.065] [INFO   ] thread computer-2 kp step 14.slot size0
[12:41:42.069] [INFO   ] thread computer-3 kp step 1.
[12:41:42.069] [INFO   ] thread computer-3 kp step 2.true
[12:41:42.069] [INFO   ] thread computer-3 kp step 14.slot size0
[12:41:42.234] [SEVERE ] placing card 41 in slot 0
[12:41:42.344] [SEVERE ] placing card 2 in slot 1
[12:41:42.415] [INFO   ] thread computer-0 kp step 1.
[12:41:42.415] [INFO   ] thread computer-0 kp step 2.false
[12:41:42.415] [INFO   ] thread computer-0 kp step 14.slot size0
[12:41:42.417] [INFO   ] thread computer-1 kp step 1.
[12:41:42.417] [INFO   ] thread computer-1 kp step 2.false
[12:41:42.417] [INFO   ] thread computer-1 kp step 14.slot size0
[12:41:42.417] [INFO   ] thread computer-2 kp step 1.
[12:41:42.417] [INFO   ] thread computer-2 kp step 2.false
[12:41:42.417] [INFO   ] thread computer-2 kp step 14.slot size0
[12:41:42.421] [INFO   ] thread computer-3 kp step 1.
[12:41:42.421] [INFO   ] thread computer-3 kp step 2.false
[12:41:42.421] [INFO   ] thread computer-3 kp step 14.slot size0
[12:41:42.454] [SEVERE ] placing card 47 in slot 2
[12:41:42.565] [SEVERE ] placing card 5 in slot 3
[12:41:42.674] [SEVERE ] placing card 48 in slot 4
[12:41:42.783] [SEVERE ] placing card 14 in slot 5
[12:41:42.893] [SEVERE ] placing card 37 in slot 6
[12:41:43.003] [SEVERE ] placing card 64 in slot 7
[12:41:43.112] [SEVERE ] placing card 25 in slot 8
[12:41:43.221] [SEVERE ] placing card 43 in slot 9
[12:41:43.332] [SEVERE ] placing card 29 in slot 10
[12:41:43.442] [SEVERE ] placing card 45 in slot 11
[12:41:43.442] [SEVERE ] updating countdown to 10000
[12:41:43.551] [SEVERE ] updating countdown to 9941
[12:41:43.801] [INFO   ] thread computer-2 kp step 1.
[12:41:43.801] [INFO   ] thread computer-2 kp step 2.true
[12:41:43.802] [INFO   ] thread computer-2 kp step 3.
[12:41:43.802] [INFO   ] thread computer-2 kp step 10.
[12:41:43.802] [INFO   ] thread computer-2 kp step 11. num in q 0 slot: 7
[12:41:43.802] [INFO   ] thread computer-2 kp step 12. num in q 1
[12:41:43.802] [SEVERE ] player 3 placing token on slot 7
[12:41:43.803] [INFO   ] thread computer-2 kp step 13.
[12:41:43.803] [INFO   ] thread computer-2 kp step 14.slot size1
[12:41:43.801] [INFO   ] thread computer-0 kp step 1.
[12:41:43.804] [INFO   ] thread computer-0 kp step 2.true
[12:41:43.804] [INFO   ] thread computer-0 kp step 3.
[12:41:43.805] [INFO   ] thread computer-0 kp step 10.
[12:41:43.805] [INFO   ] thread computer-0 kp step 11. num in q 0 slot: 7
[12:41:43.805] [INFO   ] thread computer-0 kp step 12. num in q 1
[12:41:43.805] [SEVERE ] player 1 placing token on slot 7
[12:41:43.805] [INFO   ] thread computer-0 kp step 13.
[12:41:43.805] [INFO   ] thread computer-0 kp step 14.slot size1
[12:41:43.801] [INFO   ] thread computer-3 kp step 1.
[12:41:43.805] [INFO   ] thread computer-3 kp step 2.true
[12:41:43.806] [INFO   ] thread computer-3 kp step 3.
[12:41:43.806] [INFO   ] thread computer-3 kp step 10.
[12:41:43.806] [INFO   ] thread computer-3 kp step 11. num in q 0 slot: 1
[12:41:43.806] [INFO   ] thread computer-3 kp step 12. num in q 1
[12:41:43.806] [SEVERE ] player 4 placing token on slot 1
[12:41:43.806] [INFO   ] thread computer-3 kp step 13.
[12:41:43.806] [INFO   ] thread computer-3 kp step 14.slot size1
[12:41:43.801] [INFO   ] thread computer-1 kp step 1.
[12:41:43.806] [INFO   ] thread computer-1 kp step 2.true
[12:41:43.806] [INFO   ] thread computer-1 kp step 3.
[12:41:43.807] [INFO   ] thread computer-1 kp step 10.
[12:41:43.807] [INFO   ] thread computer-1 kp step 11. num in q 0 slot: 5
[12:41:43.807] [INFO   ] thread computer-1 kp step 12. num in q 1
[12:41:43.807] [SEVERE ] player 2 placing token on slot 5
[12:41:43.807] [INFO   ] thread computer-1 kp step 13.
[12:41:43.807] [INFO   ] thread computer-1 kp step 14.slot size1
[12:41:44.155] [INFO   ] thread computer-2 kp step 1.
[12:41:44.155] [INFO   ] thread computer-2 kp step 2.true
[12:41:44.155] [INFO   ] thread computer-2 kp step 3.
[12:41:44.155] [INFO   ] thread computer-2 kp step 4.
[12:41:44.155] [INFO   ] thread computer-2 kp step 5.
[12:41:44.156] [INFO   ] thread computer-2 kp step 6.
[12:41:44.156] [INFO   ] thread computer-2 kp step 7. num in q 
[12:41:44.156] [INFO   ] thread computer-2 kp step 10.
[12:41:44.156] [INFO   ] thread computer-2 kp step 11. num in q 1 slot: 5
[12:41:44.156] [INFO   ] thread computer-2 kp step 12. num in q 2
[12:41:44.156] [SEVERE ] player 3 placing token on slot 5
[12:41:44.156] [INFO   ] thread computer-2 kp step 13.
[12:41:44.156] [INFO   ] thread computer-2 kp step 14.slot size2
[12:41:44.157] [INFO   ] thread computer-0 kp step 1.
[12:41:44.157] [INFO   ] thread computer-0 kp step 2.true
[12:41:44.157] [INFO   ] thread computer-0 kp step 3.
[12:41:44.157] [INFO   ] thread computer-0 kp step 4.
[12:41:44.157] [INFO   ] thread computer-0 kp step 5.
[12:41:44.157] [INFO   ] thread computer-0 kp step 6.
[12:41:44.157] [INFO   ] thread computer-0 kp step 7. num in q 
[12:41:44.157] [INFO   ] thread computer-0 kp step 10.
[12:41:44.158] [INFO   ] thread computer-0 kp step 11. num in q 1 slot: 6
[12:41:44.158] [INFO   ] thread computer-0 kp step 12. num in q 2
[12:41:44.158] [SEVERE ] player 1 placing token on slot 6
[12:41:44.158] [INFO   ] thread computer-0 kp step 13.
[12:41:44.158] [INFO   ] thread computer-0 kp step 14.slot size2
[12:41:44.161] [INFO   ] thread computer-3 kp step 1.
[12:41:44.161] [INFO   ] thread computer-3 kp step 2.true
[12:41:44.161] [INFO   ] thread computer-3 kp step 3.
[12:41:44.161] [INFO   ] thread computer-1 kp step 1.
[12:41:44.161] [INFO   ] thread computer-1 kp step 2.true
[12:41:44.162] [INFO   ] thread computer-1 kp step 3.
[12:41:44.162] [INFO   ] thread computer-1 kp step 4.
[12:41:44.162] [INFO   ] thread computer-1 kp step 5.
[12:41:44.162] [INFO   ] thread computer-1 kp step 6.
[12:41:44.162] [INFO   ] thread computer-1 kp step 7. num in q 
[12:41:44.162] [INFO   ] thread computer-1 kp step 10.
[12:41:44.163] [INFO   ] thread computer-1 kp step 11. num in q 1 slot: 10
[12:41:44.163] [INFO   ] thread computer-1 kp step 12. num in q 2
[12:41:44.163] [SEVERE ] player 2 placing token on slot 10
[12:41:44.163] [INFO   ] thread computer-1 kp step 13.
[12:41:44.164] [INFO   ] thread computer-1 kp step 14.slot size2
[12:41:44.161] [INFO   ] thread computer-3 kp step 4.
[12:41:44.164] [INFO   ] thread computer-3 kp step 5.
[12:41:44.164] [INFO   ] thread computer-3 kp step 6.
[12:41:44.164] [INFO   ] thread computer-3 kp step 7. num in q 
[12:41:44.165] [INFO   ] thread computer-3 kp step 10.
[12:41:44.165] [INFO   ] thread computer-3 kp step 11. num in q 1 slot: 4
[12:41:44.165] [INFO   ] thread computer-3 kp step 12. num in q 2
[12:41:44.165] [SEVERE ] player 4 placing token on slot 4
[12:41:44.165] [INFO   ] thread computer-3 kp step 13.
[12:41:44.165] [INFO   ] thread computer-3 kp step 14.slot size2
[12:41:44.429] [SEVERE ] updating countdown to 9063
[12:41:44.515] [INFO   ] thread computer-1 kp step 1.
[12:41:44.515] [INFO   ] thread computer-1 kp step 2.true
[12:41:44.515] [INFO   ] thread computer-1 kp step 3.
[12:41:44.516] [INFO   ] thread computer-1 kp step 4.
[12:41:44.516] [INFO   ] thread computer-1 kp step 5.
[12:41:44.516] [INFO   ] thread computer-1 kp step 6.
[12:41:44.516] [INFO   ] thread computer-1 kp step 7. num in q 
[12:41:44.517] [INFO   ] thread computer-1 kp step 4.
[12:41:44.519] [INFO   ] thread computer-1 kp step 5.
[12:41:44.519] [INFO   ] thread computer-1 kp step 6.
[12:41:44.521] [INFO   ] thread computer-1 kp step 7. num in q 
[12:41:44.521] [INFO   ] thread computer-1 kp step 10.
[12:41:44.521] [INFO   ] thread computer-1 kp step 11. num in q 2 slot: 11
[12:41:44.521] [INFO   ] thread computer-1 kp step 12. num in q 3
[12:41:44.521] [SEVERE ] player 2 placing token on slot 11
[12:41:44.522] [INFO   ] thread computer-0 kp step 1.
[12:41:44.522] [INFO   ] thread computer-3 kp step 1.
[12:41:44.522] [INFO   ] thread computer-2 kp step 1.
[12:41:44.522] [INFO   ] thread computer-2 kp step 2.true
[12:41:44.522] [INFO   ] thread computer-2 kp step 3.
[12:41:44.522] [INFO   ] thread computer-2 kp step 4.
[12:41:44.522] [INFO   ] thread computer-3 kp step 2.true
[12:41:44.522] [INFO   ] thread computer-3 kp step 3.
[12:41:44.522] [INFO   ] thread computer-3 kp step 4.
[12:41:44.522] [INFO   ] thread computer-3 kp step 5.
[12:41:44.522] [INFO   ] thread computer-3 kp step 6.
[12:41:44.523] [INFO   ] thread computer-3 kp step 7. num in q 
[12:41:44.523] [INFO   ] thread computer-3 kp step 4.
[12:41:44.523] [INFO   ] thread computer-3 kp step 5.
[12:41:44.523] [INFO   ] thread computer-3 kp step 6.
[12:41:44.523] [INFO   ] thread computer-3 kp step 7. num in q 
[12:41:44.523] [INFO   ] thread computer-3 kp step 10.
[12:41:44.523] [INFO   ] thread computer-3 kp step 11. num in q 2 slot: 5
[12:41:44.523] [INFO   ] thread computer-3 kp step 12. num in q 3
[12:41:44.523] [SEVERE ] player 4 placing token on slot 5
[12:41:44.523] [INFO   ] thread computer-3 kp step 13.
[12:41:44.523] [INFO   ] thread computer-3 kp step 14.slot size3
[12:41:44.523] [INFO   ] thread computer-3 kp step 15.
[12:41:44.523] [INFO   ] thread computer-3 kp step 16.
[12:41:44.522] [INFO   ] thread computer-1 kp step 13.
[12:41:44.522] [INFO   ] thread computer-0 kp step 2.true
[12:41:44.524] [INFO   ] thread computer-0 kp step 3.
[12:41:44.524] [INFO   ] thread computer-0 kp step 4.
[12:41:44.524] [INFO   ] thread computer-0 kp step 5.
[12:41:44.524] [INFO   ] thread computer-0 kp step 6.
[12:41:44.524] [INFO   ] thread computer-0 kp step 7. num in q 
[12:41:44.524] [INFO   ] thread computer-0 kp step 4.
[12:41:44.524] [INFO   ] thread computer-0 kp step 5.
[12:41:44.524] [INFO   ] thread computer-0 kp step 6.
[12:41:44.524] [INFO   ] thread computer-0 kp step 7. num in q 
[12:41:44.525] [INFO   ] thread computer-0 kp step 10.
[12:41:44.525] [INFO   ] thread computer-0 kp step 11. num in q 2 slot: 9
[12:41:44.525] [INFO   ] thread computer-0 kp step 12. num in q 3
[12:41:44.525] [SEVERE ] player 1 placing token on slot 9
[12:41:44.525] [INFO   ] thread computer-0 kp step 13.
[12:41:44.525] [INFO   ] thread computer-0 kp step 14.slot size3
[12:41:44.525] [INFO   ] thread computer-0 kp step 15.
[12:41:44.525] [INFO   ] thread computer-0 kp step 16.
[12:41:44.524] [INFO   ] thread Thread-3 player was notified by dealer. the player is: 3there are 3 slots
[12:41:44.524] [INFO   ] thread computer-1 kp step 14.slot size3
[12:41:44.522] [INFO   ] thread computer-2 kp step 5.
[12:41:44.525] [SEVERE ] updating countdown to 8967
[12:41:44.525] [INFO   ] thread computer-1 kp step 15.
[12:41:44.525] [INFO   ] thread Thread-0 player was notified by dealer. the player is: 0there are 3 slots
[12:41:44.526] [INFO   ] thread computer-1 kp step 16.
[12:41:44.525] [INFO   ] thread computer-2 kp step 6.
[12:41:44.526] [INFO   ] thread computer-2 kp step 8.
[12:41:44.526] [SEVERE ] removing player 3 token from slot 7
[12:41:44.526] [INFO   ] thread computer-2 kp step 9.
[12:41:44.526] [INFO   ] thread computer-2 kp step 10.
[12:41:44.526] [INFO   ] thread computer-2 kp step 14.slot size1
[12:41:44.528] [INFO   ] thread Thread-1 player was notified by dealer. the player is: 1there are 3 slots
[12:41:44.884] [INFO   ] thread computer-2 kp step 1.
[12:41:44.884] [INFO   ] thread computer-2 kp step 2.true
[12:41:44.885] [INFO   ] thread computer-2 kp step 3.
[12:41:44.885] [INFO   ] thread computer-2 kp step 4.
[12:41:44.885] [INFO   ] thread computer-2 kp step 5.
[12:41:44.885] [INFO   ] thread computer-2 kp step 6.
[12:41:44.886] [INFO   ] thread computer-2 kp step 7. num in q 
[12:41:44.886] [INFO   ] thread computer-2 kp step 10.
[12:41:44.886] [INFO   ] thread computer-2 kp step 11. num in q 1 slot: 3
[12:41:44.886] [INFO   ] thread computer-2 kp step 12. num in q 2
[12:41:44.886] [SEVERE ] player 3 placing token on slot 3
[12:41:44.887] [INFO   ] thread computer-2 kp step 13.
[12:41:44.887] [INFO   ] thread computer-2 kp step 14.slot size2
[12:41:44.961] [INFO   ] remove  in the table step 1
[12:41:44.962] [INFO   ] remove  in the table step 2
[12:41:44.962] [SEVERE ] removing player 4 token from slot 1
[12:41:44.962] [SEVERE ] removing player 4 token from slot 4
[12:41:44.962] [INFO   ] thread Thread-3 player was notified by dealer.
[12:41:44.963] [INFO   ] penalty
[12:41:44.963] [SEVERE ] setting player 4 freeze to 0
[12:41:44.963] [SEVERE ] removing player 4 token from slot 5
[12:41:44.963] [INFO   ] thread Thread-3 player was notified by dealer. the player is: 3there are 0 slots
[12:41:44.963] [INFO   ] remove  in the table step 1
[12:41:44.964] [INFO   ] remove  in the table step 2
[12:41:44.964] [SEVERE ] removing player 1 token from slot 7
[12:41:44.964] [SEVERE ] removing player 1 token from slot 6
[12:41:44.964] [INFO   ] thread Thread-0 player was notified by dealer.
[12:41:44.964] [INFO   ] penalty
[12:41:44.964] [SEVERE ] setting player 1 freeze to 0
[12:41:44.964] [SEVERE ] removing player 1 token from slot 9
[12:41:44.964] [INFO   ] thread Thread-0 player was notified by dealer. the player is: 0there are 0 slots
[12:41:44.965] [INFO   ] remove  in the table step 1
[12:41:44.965] [INFO   ] remove  in the table step 2
[12:41:44.965] [SEVERE ] removing player 2 token from slot 5
[12:41:44.965] [SEVERE ] removing player 2 token from slot 10
[12:41:44.965] [INFO   ] thread Thread-1 player was notified by dealer.
[12:41:44.965] [INFO   ] penalty
[12:41:44.965] [SEVERE ] setting player 2 freeze to 0
[12:41:44.965] [INFO   ] thread Thread-1 player was notified by dealer. the player is: 1there are 0 slots
[12:41:44.965] [SEVERE ] removing player 2 token from slot 11
[12:41:44.966] [INFO   ] remove  in the table step 1
[12:41:44.966] [INFO   ] remove  in the table step 2
[12:41:44.966] [INFO   ] remove  in the table step 1
[12:41:44.966] [INFO   ] remove  in the table step 2
[12:41:44.966] [INFO   ] remove  in the table step 1
[12:41:44.966] [INFO   ] remove  in the table step 2
[12:41:45.246] [INFO   ] thread computer-2 kp step 1.
[12:41:45.246] [INFO   ] thread computer-2 kp step 2.false
[12:41:45.246] [INFO   ] thread computer-2 kp step 14.slot size2
[12:41:45.324] [INFO   ] thread computer-3 kp step 1.
[12:41:45.324] [INFO   ] thread computer-3 kp step 2.false
[12:41:45.324] [INFO   ] thread computer-3 kp step 14.slot size0
[12:41:45.324] [INFO   ] thread computer-0 kp step 1.
[12:41:45.324] [INFO   ] thread computer-0 kp step 2.false
[12:41:45.324] [INFO   ] thread computer-0 kp step 14.slot size0
[12:41:45.402] [SEVERE ] updating countdown to 8090
[12:41:45.512] [SEVERE ] updating countdown to 7980
[12:41:45.761] [INFO   ] thread computer-1 kp step 1.
[12:41:45.761] [INFO   ] thread computer-2 kp step 1.
[12:41:45.761] [INFO   ] thread computer-2 kp step 2.true
[12:41:45.761] [INFO   ] thread computer-2 kp step 3.
[12:41:45.761] [INFO   ] thread computer-2 kp step 4.
[12:41:45.761] [INFO   ] thread computer-0 kp step 1.
[12:41:45.761] [INFO   ] thread computer-3 kp step 1.
[12:41:45.762] [INFO   ] thread computer-3 kp step 2.true
[12:41:45.762] [INFO   ] thread computer-3 kp step 3.
[12:41:45.761] [INFO   ] thread computer-0 kp step 2.true
[12:41:45.761] [INFO   ] thread computer-2 kp step 5.
[12:41:45.761] [INFO   ] thread computer-1 kp step 2.true
[12:41:45.762] [INFO   ] thread computer-2 kp step 6.
[12:41:45.762] [INFO   ] thread computer-0 kp step 3.
[12:41:45.762] [INFO   ] thread computer-3 kp step 10.
[12:41:45.762] [INFO   ] thread computer-0 kp step 10.
[12:41:45.762] [INFO   ] thread computer-2 kp step 7. num in q 
[12:41:45.762] [INFO   ] thread computer-1 kp step 3.
[12:41:45.762] [INFO   ] thread computer-2 kp step 4.
[12:41:45.762] [INFO   ] thread computer-0 kp step 11. num in q 0 slot: 4
[12:41:45.762] [INFO   ] thread computer-3 kp step 11. num in q 0 slot: 7
[12:41:45.762] [INFO   ] thread computer-0 kp step 12. num in q 1
[12:41:45.762] [INFO   ] thread computer-2 kp step 5.
[12:41:45.762] [INFO   ] thread computer-1 kp step 10.
[12:41:45.763] [INFO   ] thread computer-1 kp step 11. num in q 0 slot: 2
[12:41:45.763] [INFO   ] thread computer-2 kp step 6.
[12:41:45.762] [SEVERE ] player 1 placing token on slot 4
[12:41:45.762] [INFO   ] thread computer-3 kp step 12. num in q 1
[12:41:45.763] [SEVERE ] player 4 placing token on slot 7
[12:41:45.763] [INFO   ] thread computer-2 kp step 7. num in q 
[12:41:45.763] [INFO   ] thread computer-3 kp step 13.
[12:41:45.763] [INFO   ] thread computer-3 kp step 14.slot size1
[12:41:45.763] [INFO   ] thread computer-1 kp step 12. num in q 1
[12:41:45.763] [INFO   ] thread computer-0 kp step 13.
[12:41:45.763] [INFO   ] thread computer-0 kp step 14.slot size1
[12:41:45.763] [INFO   ] thread computer-2 kp step 10.
[12:41:45.763] [INFO   ] thread computer-2 kp step 11. num in q 2 slot: 2
[12:41:45.763] [INFO   ] thread computer-2 kp step 12. num in q 3
[12:41:45.763] [SEVERE ] player 3 placing token on slot 2
[12:41:45.763] [INFO   ] thread computer-2 kp step 13.
[12:41:45.763] [INFO   ] thread computer-2 kp step 14.slot size3
[12:41:45.763] [INFO   ] thread computer-2 kp step 15.
[12:41:45.763] [INFO   ] thread computer-2 kp step 16.
[12:41:45.763] [SEVERE ] player 2 placing token on slot 2
[12:41:45.764] [INFO   ] thread computer-1 kp step 13.
[12:41:45.764] [INFO   ] thread computer-1 kp step 14.slot size1
[12:41:45.764] [INFO   ] thread Thread-2 player was notified by dealer. the player is: 2there are 3 slots
[12:41:45.947] [INFO   ] remove  in the table step 1
[12:41:45.947] [INFO   ] remove  in the table step 2
[12:41:45.947] [SEVERE ] removing player 3 token from slot 5
[12:41:45.948] [SEVERE ] removing player 3 token from slot 3
[12:41:45.948] [INFO   ] thread Thread-2 player was notified by dealer.
[12:41:45.948] [INFO   ] penalty
[12:41:45.948] [SEVERE ] setting player 3 freeze to 0
[12:41:45.948] [INFO   ] thread Thread-2 player was notified by dealer. the player is: 2there are 1 slots
[12:41:45.948] [SEVERE ] removing player 3 token from slot 2
[12:41:46.120] [INFO   ] thread computer-1 kp step 1.
[12:41:46.120] [INFO   ] thread computer-1 kp step 2.true
[12:41:46.120] [INFO   ] thread computer-1 kp step 3.
[12:41:46.120] [INFO   ] thread computer-1 kp step 4.
[12:41:46.120] [INFO   ] thread computer-1 kp step 5.
[12:41:46.120] [INFO   ] thread computer-1 kp step 6.
[12:41:46.120] [INFO   ] thread computer-1 kp step 7. num in q 
[12:41:46.120] [INFO   ] thread computer-1 kp step 10.
[12:41:46.120] [INFO   ] thread computer-1 kp step 11. num in q 1 slot: 10
[12:41:46.120] [INFO   ] thread computer-1 kp step 12. num in q 2
[12:41:46.120] [SEVERE ] player 2 placing token on slot 10
[12:41:46.120] [INFO   ] thread computer-1 kp step 13.
[12:41:46.120] [INFO   ] thread computer-1 kp step 14.slot size2
[12:41:46.120] [INFO   ] thread computer-3 kp step 1.
[12:41:46.121] [INFO   ] thread computer-3 kp step 2.true
[12:41:46.121] [INFO   ] thread computer-3 kp step 3.
[12:41:46.121] [INFO   ] thread computer-3 kp step 4.
[12:41:46.121] [INFO   ] thread computer-3 kp step 5.
[12:41:46.121] [INFO   ] thread computer-3 kp step 6.
[12:41:46.121] [INFO   ] thread computer-3 kp step 7. num in q 
[12:41:46.121] [INFO   ] thread computer-3 kp step 10.
[12:41:46.121] [INFO   ] thread computer-3 kp step 11. num in q 1 slot: 0
[12:41:46.121] [INFO   ] thread computer-3 kp step 12. num in q 2
[12:41:46.121] [SEVERE ] player 4 placing token on slot 0
[12:41:46.121] [INFO   ] thread computer-3 kp step 13.
[12:41:46.121] [INFO   ] thread computer-3 kp step 14.slot size2
[12:41:46.120] [INFO   ] thread computer-0 kp step 1.
[12:41:46.121] [INFO   ] thread computer-0 kp step 2.true
[12:41:46.121] [INFO   ] thread computer-0 kp step 3.
[12:41:46.121] [INFO   ] thread computer-0 kp step 4.
[12:41:46.121] [INFO   ] thread computer-0 kp step 5.
[12:41:46.121] [INFO   ] thread computer-0 kp step 6.
[12:41:46.121] [INFO   ] thread computer-0 kp step 8.
[12:41:46.121] [SEVERE ] removing player 1 token from slot 4
[12:41:46.121] [INFO   ] thread computer-0 kp step 9.
[12:41:46.122] [INFO   ] thread computer-0 kp step 10.
[12:41:46.122] [INFO   ] thread computer-0 kp step 14.slot size0
[12:41:46.312] [INFO   ] thread computer-2 kp step 1.
[12:41:46.312] [INFO   ] thread computer-2 kp step 2.true
[12:41:46.312] [INFO   ] thread computer-2 kp step 3.
[12:41:46.312] [INFO   ] thread computer-2 kp step 10.
[12:41:46.312] [INFO   ] thread computer-2 kp step 11. num in q 0 slot: 4
[12:41:46.312] [INFO   ] thread computer-2 kp step 12. num in q 1
[12:41:46.312] [SEVERE ] player 3 placing token on slot 4
[12:41:46.319] [INFO   ] thread computer-2 kp step 13.
[12:41:46.319] [INFO   ] thread computer-2 kp step 14.slot size1
[12:41:46.472] [INFO   ] thread computer-1 kp step 1.
[12:41:46.472] [INFO   ] thread computer-1 kp step 2.true
[12:41:46.472] [INFO   ] thread computer-1 kp step 3.
[12:41:46.472] [INFO   ] thread computer-1 kp step 4.
[12:41:46.472] [INFO   ] thread computer-1 kp step 5.
[12:41:46.472] [INFO   ] thread computer-1 kp step 6.
[12:41:46.472] [INFO   ] thread computer-1 kp step 7. num in q 
[12:41:46.472] [INFO   ] thread computer-1 kp step 4.
[12:41:46.472] [INFO   ] thread computer-1 kp step 5.
[12:41:46.472] [INFO   ] thread computer-1 kp step 6.
[12:41:46.472] [INFO   ] thread computer-1 kp step 7. num in q 
[12:41:46.472] [INFO   ] thread computer-1 kp step 10.
[12:41:46.472] [INFO   ] thread computer-1 kp step 11. num in q 2 slot: 9
[12:41:46.472] [INFO   ] thread computer-1 kp step 12. num in q 3
[12:41:46.472] [SEVERE ] player 2 placing token on slot 9
[12:41:46.472] [INFO   ] thread computer-1 kp step 13.
[12:41:46.472] [INFO   ] thread computer-1 kp step 14.slot size3
[12:41:46.472] [INFO   ] thread computer-1 kp step 15.
[12:41:46.473] [INFO   ] thread computer-1 kp step 16.
[12:41:46.473] [INFO   ] thread computer-0 kp step 1.
[12:41:46.473] [INFO   ] thread computer-0 kp step 2.true
[12:41:46.473] [INFO   ] thread computer-0 kp step 3.
[12:41:46.473] [INFO   ] thread computer-0 kp step 10.
[12:41:46.473] [INFO   ] thread computer-0 kp step 11. num in q 0 slot: 4
[12:41:46.473] [INFO   ] thread computer-0 kp step 12. num in q 1
[12:41:46.473] [SEVERE ] player 1 placing token on slot 4
[12:41:46.473] [INFO   ] thread computer-0 kp step 13.
[12:41:46.473] [INFO   ] thread computer-0 kp step 14.slot size1
[12:41:46.473] [INFO   ] thread computer-3 kp step 1.
[12:41:46.473] [INFO   ] thread computer-3 kp step 2.true
[12:41:46.473] [INFO   ] thread computer-3 kp step 3.
[12:41:46.473] [INFO   ] thread computer-3 kp step 4.
[12:41:46.473] [INFO   ] thread computer-3 kp step 5.
[12:41:46.473] [INFO   ] thread computer-3 kp step 6.
[12:41:46.473] [INFO   ] thread computer-3 kp step 7. num in q 
[12:41:46.473] [INFO   ] thread computer-3 kp step 4.
[12:41:46.473] [INFO   ] thread computer-3 kp step 5.
[12:41:46.473] [INFO   ] thread computer-3 kp step 6.
[12:41:46.473] [INFO   ] thread Thread-1 player was notified by dealer.
[12:41:46.474] [INFO   ] thread computer-3 kp step 7. num in q 
[12:41:46.474] [INFO   ] thread computer-3 kp step 10.
[12:41:46.474] [INFO   ] thread computer-3 kp step 11. num in q 2 slot: 9
[12:41:46.474] [INFO   ] thread computer-3 kp step 12. num in q 3
[12:41:46.474] [SEVERE ] player 4 placing token on slot 9
[12:41:46.474] [INFO   ] penalty
[12:41:46.474] [INFO   ] thread computer-3 kp step 13.
[12:41:46.474] [INFO   ] thread computer-3 kp step 14.slot size3
[12:41:46.474] [INFO   ] thread computer-3 kp step 15.
[12:41:46.474] [INFO   ] thread computer-3 kp step 16.
[12:41:46.474] [SEVERE ] setting player 2 freeze to 0
[12:41:46.474] [INFO   ] thread Thread-3 player was notified by dealer.
[12:41:46.474] [INFO   ] penalty
[12:41:46.474] [SEVERE ] setting player 4 freeze to 0
[12:41:46.670] [INFO   ] thread computer-2 kp step 1.
[12:41:46.670] [INFO   ] thread computer-2 kp step 2.true
[12:41:46.670] [INFO   ] thread computer-2 kp step 3.
[12:41:46.670] [INFO   ] thread computer-2 kp step 4.
[12:41:46.671] [INFO   ] thread computer-2 kp step 5.
[12:41:46.671] [INFO   ] thread computer-2 kp step 6.
[12:41:46.671] [INFO   ] thread computer-2 kp step 7. num in q 
[12:41:46.671] [INFO   ] thread computer-2 kp step 10.
[12:41:46.671] [INFO   ] thread computer-2 kp step 11. num in q 1 slot: 7
[12:41:46.671] [INFO   ] thread computer-2 kp step 12. num in q 2
[12:41:46.671] [SEVERE ] player 3 placing token on slot 7
[12:41:46.672] [INFO   ] thread computer-2 kp step 13.
[12:41:46.672] [INFO   ] thread computer-2 kp step 14.slot size2
[12:41:46.832] [INFO   ] thread computer-1 kp step 1.
[12:41:46.832] [INFO   ] thread computer-1 kp step 2.true
[12:41:46.832] [INFO   ] thread computer-1 kp step 3.
[12:41:46.832] [INFO   ] thread computer-1 kp step 4.
[12:41:46.832] [INFO   ] thread computer-1 kp step 5.
[12:41:46.832] [INFO   ] thread computer-1 kp step 6.
[12:41:46.832] [INFO   ] thread computer-1 kp step 7. num in q 
[12:41:46.832] [INFO   ] thread computer-1 kp step 4.
[12:41:46.832] [INFO   ] thread computer-1 kp step 5.
[12:41:46.832] [INFO   ] thread computer-1 kp step 6.
[12:41:46.832] [INFO   ] thread computer-1 kp step 7. num in q 
[12:41:46.832] [INFO   ] thread computer-3 kp step 1.
[12:41:46.832] [INFO   ] thread computer-3 kp step 2.true
[12:41:46.832] [INFO   ] thread computer-3 kp step 3.
[12:41:46.832] [INFO   ] thread computer-3 kp step 4.
[12:41:46.833] [INFO   ] thread computer-3 kp step 5.
[12:41:46.833] [INFO   ] thread computer-3 kp step 6.
[12:41:46.833] [INFO   ] thread computer-3 kp step 7. num in q 
[12:41:46.833] [INFO   ] thread computer-3 kp step 4.
[12:41:46.832] [INFO   ] thread computer-0 kp step 1.
[12:41:46.833] [INFO   ] thread computer-0 kp step 2.true
[12:41:46.833] [INFO   ] thread computer-0 kp step 3.
[12:41:46.833] [INFO   ] thread computer-0 kp step 4.
[12:41:46.833] [INFO   ] thread computer-0 kp step 5.
[12:41:46.833] [INFO   ] thread computer-0 kp step 6.
[12:41:46.833] [INFO   ] thread computer-3 kp step 5.
[12:41:46.833] [INFO   ] thread computer-3 kp step 6.
[12:41:46.833] [INFO   ] thread computer-3 kp step 7. num in q 
[12:41:46.833] [INFO   ] thread computer-3 kp step 4.
[12:41:46.833] [INFO   ] thread computer-1 kp step 4.
[12:41:46.833] [INFO   ] thread computer-3 kp step 5.
[12:41:46.833] [INFO   ] thread computer-0 kp step 7. num in q 
[12:41:46.834] [INFO   ] thread computer-0 kp step 10.
[12:41:46.834] [INFO   ] thread computer-0 kp step 11. num in q 1 slot: 3
[12:41:46.834] [INFO   ] thread computer-0 kp step 12. num in q 2
[12:41:46.834] [SEVERE ] player 1 placing token on slot 3
[12:41:46.834] [INFO   ] thread computer-3 kp step 6.
[12:41:46.834] [INFO   ] thread computer-3 kp step 7. num in q 
[12:41:46.834] [INFO   ] thread computer-3 kp step 10.
[12:41:46.834] [INFO   ] thread computer-3 kp step 14.slot size3
[12:41:46.834] [INFO   ] thread computer-3 kp step 15.
[12:41:46.834] [INFO   ] thread computer-3 kp step 16.
[12:41:46.834] [INFO   ] thread computer-1 kp step 5.
[12:41:46.834] [INFO   ] thread Thread-3 player was notified by dealer. the player is: 3there are 3 slots
[12:41:46.834] [INFO   ] thread computer-0 kp step 13.
[12:41:46.834] [INFO   ] thread computer-0 kp step 14.slot size2
[12:41:46.834] [INFO   ] thread computer-1 kp step 6.
[12:41:46.834] [INFO   ] thread computer-1 kp step 8.
[12:41:46.834] [SEVERE ] removing player 2 token from slot 9
[12:41:46.834] [INFO   ] thread computer-1 kp step 9.
[12:41:46.834] [INFO   ] thread computer-1 kp step 10.
[12:41:46.834] [INFO   ] thread computer-1 kp step 14.slot size2
[12:41:47.035] [INFO   ] thread computer-2 kp step 1.
[12:41:47.035] [INFO   ] thread computer-2 kp step 2.true
[12:41:47.035] [INFO   ] thread computer-2 kp step 3.
[12:41:47.035] [INFO   ] thread computer-2 kp step 4.
[12:41:47.035] [INFO   ] thread computer-2 kp step 5.
[12:41:47.035] [INFO   ] thread computer-2 kp step 6.
[12:41:47.035] [INFO   ] thread computer-2 kp step 7. num in q 
[12:41:47.035] [INFO   ] thread computer-2 kp step 4.
[12:41:47.035] [INFO   ] thread computer-2 kp step 5.
[12:41:47.035] [INFO   ] thread computer-2 kp step 6.
[12:41:47.035] [INFO   ] thread computer-2 kp step 7. num in q 
[12:41:47.035] [INFO   ] thread computer-2 kp step 10.
[12:41:47.035] [INFO   ] thread computer-2 kp step 11. num in q 2 slot: 8
[12:41:47.035] [INFO   ] thread computer-2 kp step 12. num in q 3
[12:41:47.035] [SEVERE ] player 3 placing token on slot 8
[12:41:47.036] [INFO   ] thread computer-2 kp step 13.
[12:41:47.036] [INFO   ] thread computer-2 kp step 14.slot size3
[12:41:47.036] [INFO   ] thread computer-2 kp step 15.
[12:41:47.036] [INFO   ] thread computer-2 kp step 16.
[12:41:47.036] [SEVERE ] removing player 3 token from slot 4
[12:41:47.036] [INFO   ] thread Thread-2 player was notified by dealer.
[12:41:47.036] [INFO   ] penalty
[12:41:47.036] [SEVERE ] setting player 3 freeze to 0
[12:41:47.036] [SEVERE ] removing player 3 token from slot 7
[12:41:47.036] [INFO   ] thread Thread-2 player was notified by dealer. the player is: 2there are 1 slots
[12:41:47.036] [SEVERE ] removing player 3 token from slot 8
[12:41:47.194] [INFO   ] thread computer-1 kp step 1.
[12:41:47.194] [INFO   ] thread computer-0 kp step 1.
[12:41:47.194] [INFO   ] thread computer-0 kp step 2.true
[12:41:47.194] [INFO   ] thread computer-0 kp step 3.
[12:41:47.194] [INFO   ] thread computer-1 kp step 2.true
[12:41:47.194] [INFO   ] thread computer-0 kp step 4.
[12:41:47.195] [INFO   ] thread computer-0 kp step 5.
[12:41:47.195] [INFO   ] thread computer-0 kp step 6.
[12:41:47.195] [INFO   ] thread computer-0 kp step 7. num in q 
[12:41:47.195] [INFO   ] thread computer-0 kp step 4.
[12:41:47.195] [INFO   ] thread computer-0 kp step 5.
[12:41:47.195] [INFO   ] thread computer-0 kp step 6.
[12:41:47.195] [INFO   ] thread computer-0 kp step 7. num in q 
[12:41:47.195] [INFO   ] thread computer-0 kp step 10.
[12:41:47.195] [INFO   ] thread computer-0 kp step 11. num in q 2 slot: 11
[12:41:47.195] [INFO   ] thread computer-0 kp step 12. num in q 3
[12:41:47.195] [SEVERE ] player 1 placing token on slot 11
[12:41:47.195] [INFO   ] thread computer-0 kp step 13.
[12:41:47.195] [INFO   ] thread computer-0 kp step 14.slot size3
[12:41:47.195] [INFO   ] thread computer-0 kp step 15.
[12:41:47.195] [INFO   ] thread computer-0 kp step 16.
[12:41:47.196] [INFO   ] thread Thread-0 player was notified by dealer.
[12:41:47.196] [INFO   ] penalty
[12:41:47.196] [SEVERE ] setting player 1 freeze to 0
[12:41:47.195] [INFO   ] thread computer-1 kp step 3.
[12:41:47.196] [INFO   ] thread computer-1 kp step 4.
[12:41:47.196] [INFO   ] thread computer-1 kp step 5.
[12:41:47.196] [INFO   ] thread computer-1 kp step 6.
[12:41:47.196] [INFO   ] thread computer-1 kp step 7. num in q 
[12:41:47.196] [INFO   ] thread computer-1 kp step 4.
[12:41:47.196] [INFO   ] thread computer-1 kp step 5.
[12:41:47.196] [INFO   ] thread computer-1 kp step 6.
[12:41:47.196] [INFO   ] thread computer-1 kp step 7. num in q 
[12:41:47.196] [INFO   ] thread computer-1 kp step 10.
[12:41:47.196] [INFO   ] thread computer-1 kp step 11. num in q 2 slot: 11
[12:41:47.196] [INFO   ] thread computer-1 kp step 12. num in q 3
[12:41:47.196] [SEVERE ] player 2 placing token on slot 11
[12:41:47.197] [INFO   ] thread computer-1 kp step 13.
[12:41:47.197] [INFO   ] thread computer-1 kp step 14.slot size3
[12:41:47.197] [INFO   ] thread computer-1 kp step 15.
[12:41:47.197] [INFO   ] thread computer-1 kp step 16.
[12:41:47.197] [INFO   ] thread Thread-1 player was notified by dealer. the player is: 1there are 3 slots
[12:41:47.400] [INFO   ] thread computer-2 kp step 1.
[12:41:47.400] [INFO   ] thread computer-2 kp step 2.true
[12:41:47.400] [INFO   ] thread computer-2 kp step 3.
[12:41:47.400] [INFO   ] thread computer-2 kp step 10.
[12:41:47.400] [INFO   ] thread computer-2 kp step 11. num in q 0 slot: 6
[12:41:47.400] [INFO   ] thread computer-2 kp step 12. num in q 1
[12:41:47.400] [SEVERE ] player 3 placing token on slot 6
[12:41:47.400] [INFO   ] thread computer-2 kp step 13.
[12:41:47.400] [INFO   ] thread computer-2 kp step 14.slot size1
[12:41:47.546] [INFO   ] thread computer-0 kp step 1.
[12:41:47.546] [INFO   ] thread computer-0 kp step 2.true
[12:41:47.546] [INFO   ] thread computer-0 kp step 3.
[12:41:47.546] [INFO   ] thread computer-0 kp step 4.
[12:41:47.546] [INFO   ] thread computer-0 kp step 5.
[12:41:47.546] [INFO   ] thread computer-0 kp step 6.
[12:41:47.546] [INFO   ] thread computer-0 kp step 7. num in q 
[12:41:47.546] [INFO   ] thread computer-0 kp step 4.
[12:41:47.546] [INFO   ] thread computer-0 kp step 5.
[12:41:47.546] [INFO   ] thread computer-0 kp step 6.
[12:41:47.546] [INFO   ] thread computer-0 kp step 7. num in q 
[12:41:47.546] [INFO   ] thread computer-0 kp step 4.
[12:41:47.546] [INFO   ] thread computer-0 kp step 5.
[12:41:47.546] [INFO   ] thread computer-0 kp step 6.
[12:41:47.547] [INFO   ] thread computer-0 kp step 7. num in q 
[12:41:47.547] [INFO   ] thread computer-0 kp step 10.
[12:41:47.548] [INFO   ] thread computer-0 kp step 14.slot size3
[12:41:47.548] [INFO   ] thread computer-0 kp step 15.
[12:41:47.548] [INFO   ] thread computer-0 kp step 16.
[12:41:47.548] [INFO   ] thread Thread-0 player was notified by dealer. the player is: 0there are 3 slots
[12:41:47.758] [INFO   ] thread computer-2 kp step 1.
[12:41:47.758] [INFO   ] thread computer-2 kp step 2.true
[12:41:47.758] [INFO   ] thread computer-2 kp step 3.
[12:41:47.758] [INFO   ] thread computer-2 kp step 4.
[12:41:47.758] [INFO   ] thread computer-2 kp step 5.
[12:41:47.759] [INFO   ] thread computer-2 kp step 6.
[12:41:47.759] [INFO   ] thread computer-2 kp step 7. num in q 
[12:41:47.759] [INFO   ] thread computer-2 kp step 10.
[12:41:47.759] [INFO   ] thread computer-2 kp step 11. num in q 1 slot: 0
[12:41:47.759] [INFO   ] thread computer-2 kp step 12. num in q 2
[12:41:47.759] [SEVERE ] player 3 placing token on slot 0
[12:41:47.759] [INFO   ] thread computer-2 kp step 13.
[12:41:47.759] [INFO   ] thread computer-2 kp step 14.slot size2
[12:41:48.122] [INFO   ] thread computer-2 kp step 1.
[12:41:48.122] [INFO   ] thread computer-2 kp step 2.true
[12:41:48.122] [INFO   ] thread computer-2 kp step 3.
[12:41:48.122] [INFO   ] thread computer-2 kp step 4.
[12:41:48.122] [INFO   ] thread computer-2 kp step 5.
[12:41:48.122] [INFO   ] thread computer-2 kp step 6.
[12:41:48.122] [INFO   ] thread computer-2 kp step 7. num in q 
[12:41:48.122] [INFO   ] thread computer-2 kp step 4.
[12:41:48.122] [INFO   ] thread computer-2 kp step 5.
[12:41:48.122] [INFO   ] thread computer-2 kp step 6.
[12:41:48.122] [INFO   ] thread computer-2 kp step 7. num in q 
[12:41:48.122] [INFO   ] thread computer-2 kp step 10.
[12:41:48.122] [INFO   ] thread computer-2 kp step 11. num in q 2 slot: 11
[12:41:48.122] [INFO   ] thread computer-2 kp step 12. num in q 3
[12:41:48.122] [SEVERE ] player 3 placing token on slot 11
[12:41:48.123] [INFO   ] thread computer-2 kp step 13.
[12:41:48.123] [INFO   ] thread computer-2 kp step 14.slot size3
[12:41:48.123] [INFO   ] thread computer-2 kp step 15.
[12:41:48.123] [INFO   ] thread computer-2 kp step 16.
[12:41:48.123] [INFO   ] thread Thread-2 player was notified by dealer.
[12:41:48.123] [INFO   ] penalty
[12:41:48.123] [SEVERE ] setting player 3 freeze to 0
[12:41:48.123] [INFO   ] thread Thread-2 player was notified by dealer. the player is: 2there are 2 slots
[12:41:48.123] [SEVERE ] removing player 3 token from slot 6
[12:41:48.482] [INFO   ] thread computer-2 kp step 1.
[12:41:48.482] [INFO   ] thread computer-2 kp step 2.true
[12:41:48.482] [INFO   ] thread computer-2 kp step 3.
[12:41:48.482] [INFO   ] thread computer-2 kp step 4.
[12:41:48.482] [INFO   ] thread computer-2 kp step 5.
[12:41:48.482] [INFO   ] thread computer-2 kp step 6.
[12:41:48.482] [INFO   ] thread computer-2 kp step 7. num in q 
[12:41:48.482] [INFO   ] thread computer-2 kp step 4.
[12:41:48.482] [INFO   ] thread computer-2 kp step 5.
[12:41:48.482] [INFO   ] thread computer-2 kp step 6.
[12:41:48.482] [INFO   ] thread computer-2 kp step 7. num in q 
[12:41:48.482] [INFO   ] thread computer-2 kp step 10.
[12:41:48.482] [INFO   ] thread computer-2 kp step 11. num in q 2 slot: 6
[12:41:48.482] [INFO   ] thread computer-2 kp step 12. num in q 3
[12:41:48.482] [SEVERE ] player 3 placing token on slot 6
[12:41:48.482] [INFO   ] thread computer-2 kp step 13.
[12:41:48.482] [INFO   ] thread computer-2 kp step 14.slot size3
[12:41:48.483] [INFO   ] thread computer-2 kp step 15.
[12:41:48.483] [INFO   ] thread computer-2 kp step 16.
[12:41:48.483] [SEVERE ] removing player 3 token from slot 0
[12:41:48.483] [SEVERE ] removing player 3 token from slot 11
[12:41:48.483] [SEVERE ] removing player 3 token from slot 6
[12:41:49.368] [INFO   ] remove  in the table step 1
[12:41:49.368] [INFO   ] remove  in the table step 2
[12:41:49.368] [INFO   ] remove  in the table step 1
[12:41:49.368] [INFO   ] remove  in the table step 2
[12:41:49.368] [SEVERE ] removing player 4 token from slot 7
[12:41:49.368] [SEVERE ] removing player 4 token from slot 0
[12:41:49.368] [INFO   ] thread Thread-3 player was notified by dealer.
[12:41:49.368] [INFO   ] penalty
[12:41:49.370] [SEVERE ] setting player 4 freeze to 0
[12:41:49.371] [SEVERE ] removing player 4 token from slot 9
[12:41:49.371] [INFO   ] remove  in the table step 1
[12:41:49.371] [INFO   ] remove  in the table step 2
[12:41:49.371] [INFO   ] remove  in the table step 1
[12:41:49.371] [INFO   ] remove  in the table step 2
[12:41:49.371] [SEVERE ] removing player 2 token from slot 2
[12:41:49.371] [SEVERE ] removing player 2 token from slot 10
[12:41:49.371] [INFO   ] thread Thread-3 player was notified by dealer. the player is: 3there are 0 slots
[12:41:49.371] [INFO   ] thread Thread-1 player was notified by dealer.
[12:41:49.371] [INFO   ] penalty
[12:41:49.371] [SEVERE ] setting player 2 freeze to 0
[12:41:49.371] [SEVERE ] removing player 2 token from slot 11
[12:41:49.723] [INFO   ] thread computer-3 kp step 1.
[12:41:49.723] [INFO   ] thread computer-3 kp step 2.true
[12:41:49.723] [INFO   ] thread computer-3 kp step 3.
[12:41:49.723] [INFO   ] thread computer-3 kp step 10.
[12:41:49.723] [INFO   ] thread computer-3 kp step 11. num in q 0 slot: 11
[12:41:49.723] [INFO   ] thread computer-3 kp step 12. num in q 1
[12:41:49.723] [SEVERE ] player 4 placing token on slot 11
[12:41:49.723] [INFO   ] thread computer-3 kp step 13.
[12:41:49.723] [INFO   ] thread computer-3 kp step 14.slot size1
[12:41:49.731] [INFO   ] thread computer-1 kp step 1.
[12:41:49.731] [INFO   ] thread computer-1 kp step 2.true
[12:41:49.731] [INFO   ] thread computer-1 kp step 3.
[12:41:49.731] [INFO   ] thread computer-1 kp step 10.
[12:41:49.731] [INFO   ] thread computer-1 kp step 11. num in q 0 slot: 10
[12:41:49.731] [INFO   ] thread computer-1 kp step 12. num in q 1
[12:41:49.731] [SEVERE ] player 2 placing token on slot 10
[12:41:49.731] [INFO   ] thread computer-1 kp step 13.
[12:41:49.731] [INFO   ] thread computer-1 kp step 14.slot size1
[12:41:50.078] [INFO   ] thread computer-3 kp step 1.
[12:41:50.078] [INFO   ] thread computer-3 kp step 2.true
[12:41:50.078] [INFO   ] thread computer-3 kp step 3.
[12:41:50.078] [INFO   ] thread computer-3 kp step 4.
[12:41:50.078] [INFO   ] thread computer-3 kp step 5.
[12:41:50.078] [INFO   ] thread computer-3 kp step 6.
[12:41:50.078] [INFO   ] thread computer-3 kp step 7. num in q 
[12:41:50.078] [INFO   ] thread computer-3 kp step 10.
[12:41:50.078] [INFO   ] thread computer-3 kp step 11. num in q 1 slot: 9
[12:41:50.078] [INFO   ] thread computer-3 kp step 12. num in q 2
[12:41:50.078] [SEVERE ] player 4 placing token on slot 9
[12:41:50.078] [INFO   ] thread computer-3 kp step 13.
[12:41:50.078] [INFO   ] thread computer-3 kp step 14.slot size2
[12:41:50.093] [INFO   ] thread computer-1 kp step 1.
[12:41:50.093] [INFO   ] thread computer-1 kp step 2.true
[12:41:50.093] [INFO   ] thread computer-1 kp step 3.
[12:41:50.093] [INFO   ] thread computer-1 kp step 4.
[12:41:50.093] [INFO   ] thread computer-1 kp step 5.
[12:41:50.093] [INFO   ] thread computer-1 kp step 6.
[12:41:50.093] [INFO   ] thread computer-1 kp step 7. num in q 
[12:41:50.093] [INFO   ] thread computer-1 kp step 10.
[12:41:50.093] [INFO   ] thread computer-1 kp step 11. num in q 1 slot: 1
[12:41:50.093] [INFO   ] thread computer-1 kp step 12. num in q 2
[12:41:50.093] [SEVERE ] player 2 placing token on slot 1
[12:41:50.093] [INFO   ] thread computer-1 kp step 13.
[12:41:50.093] [INFO   ] thread computer-1 kp step 14.slot size2
[12:41:50.441] [INFO   ] thread computer-3 kp step 1.
[12:41:50.441] [INFO   ] thread computer-3 kp step 2.true
[12:41:50.441] [INFO   ] thread computer-3 kp step 3.
[12:41:50.441] [INFO   ] thread computer-3 kp step 4.
[12:41:50.441] [INFO   ] thread computer-3 kp step 5.
[12:41:50.441] [INFO   ] thread computer-3 kp step 6.
[12:41:50.441] [INFO   ] thread computer-3 kp step 7. num in q 
[12:41:50.441] [INFO   ] thread computer-3 kp step 4.
[12:41:50.441] [INFO   ] thread computer-3 kp step 5.
[12:41:50.441] [INFO   ] thread computer-3 kp step 6.
[12:41:50.441] [INFO   ] thread computer-3 kp step 7. num in q 
[12:41:50.441] [INFO   ] thread computer-3 kp step 10.
[12:41:50.441] [INFO   ] thread computer-3 kp step 11. num in q 2 slot: 4
[12:41:50.441] [INFO   ] thread computer-3 kp step 12. num in q 3
[12:41:50.441] [SEVERE ] player 4 placing token on slot 4
[12:41:50.442] [INFO   ] thread computer-3 kp step 13.
[12:41:50.442] [INFO   ] thread computer-3 kp step 14.slot size3
[12:41:50.442] [INFO   ] thread computer-3 kp step 15.
[12:41:50.442] [INFO   ] thread computer-3 kp step 16.
[12:41:50.442] [INFO   ] thread Thread-3 player was notified by dealer.
[12:41:50.442] [INFO   ] penalty
[12:41:50.442] [SEVERE ] setting player 4 freeze to 0
[12:41:50.458] [INFO   ] thread computer-1 kp step 1.
[12:41:50.458] [INFO   ] thread computer-1 kp step 2.true
[12:41:50.458] [INFO   ] thread computer-1 kp step 3.
[12:41:50.458] [INFO   ] thread computer-1 kp step 4.
[12:41:50.458] [INFO   ] thread computer-1 kp step 5.
[12:41:50.458] [INFO   ] thread computer-1 kp step 6.
[12:41:50.458] [INFO   ] thread computer-1 kp step 7. num in q 
[12:41:50.458] [INFO   ] thread computer-1 kp step 4.
[12:41:50.458] [INFO   ] thread computer-1 kp step 5.
[12:41:50.458] [INFO   ] thread computer-1 kp step 6.
[12:41:50.458] [INFO   ] thread computer-1 kp step 7. num in q 
[12:41:50.458] [INFO   ] thread computer-1 kp step 10.
[12:41:50.458] [INFO   ] thread computer-1 kp step 11. num in q 2 slot: 11
[12:41:50.458] [INFO   ] thread computer-1 kp step 12. num in q 3
[12:41:50.458] [SEVERE ] player 2 placing token on slot 11
[12:41:50.458] [INFO   ] thread computer-1 kp step 13.
[12:41:50.458] [INFO   ] thread computer-1 kp step 14.slot size3
[12:41:50.459] [INFO   ] thread computer-1 kp step 15.
[12:41:50.459] [INFO   ] thread computer-1 kp step 16.
[12:41:50.459] [INFO   ] thread Thread-1 player was notified by dealer. the player is: 1there are 2 slots
[12:41:50.459] [SEVERE ] removing player 2 token from slot 10
[12:41:50.459] [SEVERE ] removing player 2 token from slot 1
[12:41:50.459] [INFO   ] thread Thread-1 player was notified by dealer.
[12:41:50.460] [INFO   ] penalty
[12:41:50.460] [SEVERE ] setting player 2 freeze to 0
[12:41:50.460] [SEVERE ] removing player 2 token from slot 11
[12:41:50.460] [INFO   ] thread Thread-1 player was notified by dealer. the player is: 1there are 0 slots
[12:41:50.793] [INFO   ] thread computer-3 kp step 1.
[12:41:50.793] [INFO   ] thread computer-3 kp step 2.true
[12:41:50.793] [INFO   ] thread computer-3 kp step 3.
[12:41:50.793] [INFO   ] thread computer-3 kp step 4.
[12:41:50.793] [INFO   ] thread computer-3 kp step 5.
[12:41:50.793] [INFO   ] thread computer-3 kp step 6.
[12:41:50.793] [INFO   ] thread computer-3 kp step 7. num in q 
[12:41:50.793] [INFO   ] thread computer-3 kp step 4.
[12:41:50.793] [INFO   ] thread computer-3 kp step 5.
[12:41:50.793] [INFO   ] thread computer-3 kp step 6.
[12:41:50.793] [INFO   ] thread computer-3 kp step 7. num in q 
[12:41:50.793] [INFO   ] thread computer-3 kp step 4.
[12:41:50.793] [INFO   ] thread computer-3 kp step 5.
[12:41:50.793] [INFO   ] thread computer-3 kp step 6.
[12:41:50.793] [INFO   ] thread computer-3 kp step 7. num in q 
[12:41:50.793] [INFO   ] thread computer-3 kp step 10.
[12:41:50.793] [INFO   ] thread computer-3 kp step 14.slot size3
[12:41:50.793] [INFO   ] thread computer-3 kp step 15.
[12:41:50.793] [INFO   ] thread computer-3 kp step 16.
[12:41:50.793] [INFO   ] thread Thread-3 player was notified by dealer. the player is: 3there are 3 slots
[12:41:50.824] [INFO   ] thread computer-1 kp step 1.
[12:41:50.824] [INFO   ] thread computer-1 kp step 2.true
[12:41:50.824] [INFO   ] thread computer-1 kp step 3.
[12:41:50.824] [INFO   ] thread computer-1 kp step 10.
[12:41:50.824] [INFO   ] thread computer-1 kp step 11. num in q 0 slot: 7
[12:41:50.824] [INFO   ] thread computer-1 kp step 12. num in q 1
[12:41:50.824] [SEVERE ] player 2 placing token on slot 7
[12:41:50.824] [INFO   ] thread computer-1 kp step 13.
[12:41:50.825] [INFO   ] thread computer-1 kp step 14.slot size1
[12:41:51.185] [INFO   ] thread computer-1 kp step 1.
[12:41:51.185] [INFO   ] thread computer-1 kp step 2.true
[12:41:51.185] [INFO   ] thread computer-1 kp step 3.
[12:41:51.185] [INFO   ] thread computer-1 kp step 4.
[12:41:51.185] [INFO   ] thread computer-1 kp step 5.
[12:41:51.185] [INFO   ] thread computer-1 kp step 6.
[12:41:51.185] [INFO   ] thread computer-1 kp step 7. num in q 
[12:41:51.185] [INFO   ] thread computer-1 kp step 10.
[12:41:51.185] [INFO   ] thread computer-1 kp step 11. num in q 1 slot: 2
[12:41:51.185] [INFO   ] thread computer-1 kp step 12. num in q 2
[12:41:51.185] [SEVERE ] player 2 placing token on slot 2
[12:41:51.185] [INFO   ] thread computer-1 kp step 13.
[12:41:51.185] [INFO   ] thread computer-1 kp step 14.slot size2
[12:41:51.343] [INFO   ] remove  in the table step 1
[12:41:51.343] [INFO   ] remove  in the table step 2
[12:41:51.343] [SEVERE ] removing player 4 token from slot 11
[12:41:51.343] [SEVERE ] removing player 4 token from slot 9
[12:41:51.343] [SEVERE ] removing player 4 token from slot 4
[12:41:51.343] [INFO   ] remove  in the table step 1
[12:41:51.343] [INFO   ] remove  in the table step 2
[12:41:51.343] [SEVERE ] removing player 2 token from slot 7
[12:41:51.343] [INFO   ] thread Thread-3 player was notified by dealer.
[12:41:51.343] [INFO   ] penalty
[12:41:51.343] [SEVERE ] setting player 4 freeze to 0
[12:41:51.459] [SEVERE ] removing card from slot 7
[12:41:51.538] [INFO   ] thread computer-1 kp step 1.
[12:41:51.538] [INFO   ] thread computer-1 kp step 2.true
[12:41:51.538] [INFO   ] thread computer-1 kp step 3.
[12:41:51.538] [INFO   ] thread computer-1 kp step 4.
[12:41:51.538] [INFO   ] thread computer-1 kp step 5.
[12:41:51.538] [INFO   ] thread computer-1 kp step 6.
[12:41:51.538] [INFO   ] thread computer-1 kp step 7. num in q 
[12:41:51.538] [INFO   ] thread computer-1 kp step 10.
[12:41:51.538] [INFO   ] thread computer-1 kp step 11. num in q 1 slot: 0
[12:41:51.538] [INFO   ] thread computer-1 kp step 12. num in q 2
[12:41:51.538] [SEVERE ] player 2 placing token on slot 0
[12:41:51.538] [INFO   ] thread computer-1 kp step 13.
[12:41:51.539] [INFO   ] thread computer-1 kp step 14.slot size2
[12:41:51.823] [INFO   ] thread computer-3 kp step 1.
[12:41:51.823] [INFO   ] thread computer-3 kp step 2.true
[12:41:51.823] [INFO   ] thread computer-3 kp step 3.
[12:41:51.823] [INFO   ] thread computer-3 kp step 10.
[12:41:51.823] [INFO   ] thread computer-3 kp step 11. num in q 0 slot: 0
[12:41:51.823] [INFO   ] thread computer-3 kp step 12. num in q 1
[12:41:51.823] [SEVERE ] player 4 placing token on slot 0
[12:41:51.823] [INFO   ] thread computer-3 kp step 13.
[12:41:51.823] [INFO   ] thread computer-3 kp step 14.slot size1
[12:41:51.901] [INFO   ] thread computer-1 kp step 1.
[12:41:51.901] [INFO   ] thread computer-1 kp step 2.true
[12:41:51.901] [INFO   ] thread computer-1 kp step 3.
[12:41:51.901] [INFO   ] thread computer-1 kp step 4.
[12:41:51.901] [INFO   ] thread computer-1 kp step 5.
[12:41:51.901] [INFO   ] thread computer-1 kp step 6.
[12:41:51.901] [INFO   ] thread computer-1 kp step 7. num in q 
[12:41:51.901] [INFO   ] thread computer-1 kp step 4.
[12:41:51.901] [INFO   ] thread computer-1 kp step 5.
[12:41:51.901] [INFO   ] thread computer-1 kp step 6.
[12:41:51.901] [INFO   ] thread computer-1 kp step 7. num in q 
[12:41:51.901] [INFO   ] thread computer-1 kp step 10.
[12:41:51.901] [INFO   ] thread computer-1 kp step 11. num in q 2 slot: 9
[12:41:51.901] [INFO   ] thread computer-1 kp step 12. num in q 3
[12:41:51.901] [SEVERE ] player 2 placing token on slot 9
[12:41:51.901] [INFO   ] thread computer-1 kp step 13.
[12:41:51.901] [INFO   ] thread computer-1 kp step 14.slot size3
[12:41:51.901] [INFO   ] thread computer-1 kp step 15.
[12:41:51.901] [INFO   ] thread computer-1 kp step 16.
[12:41:51.901] [INFO   ] thread Thread-1 player was notified by dealer.
[12:41:51.901] [INFO   ] point
[12:41:51.901] [SEVERE ] setting player 2 score to 1
[12:41:51.901] [SEVERE ] setting player 2 freeze to 0
[12:41:51.901] [SEVERE ] removing player 2 token from slot 2
[12:41:51.901] [INFO   ] thread Thread-1 player was notified by dealer. the player is: 1there are 2 slots
[12:41:51.902] [SEVERE ] removing player 2 token from slot 0
[12:41:52.060] [SEVERE ] exit button pressed
[12:41:52.185] [INFO   ] thread computer-3 kp step 1.
[12:41:52.185] [INFO   ] thread computer-3 kp step 2.true
[12:41:52.185] [INFO   ] thread computer-3 kp step 3.
[12:41:52.185] [INFO   ] thread computer-3 kp step 4.
[12:41:52.185] [INFO   ] thread computer-3 kp step 5.
[12:41:52.185] [INFO   ] thread computer-3 kp step 6.
[12:41:52.185] [INFO   ] thread computer-3 kp step 7. num in q 
[12:41:52.185] [INFO   ] thread computer-3 kp step 10.
[12:41:52.185] [INFO   ] thread computer-3 kp step 11. num in q 1 slot: 1
[12:41:52.185] [INFO   ] thread computer-3 kp step 12. num in q 2
[12:41:52.185] [SEVERE ] player 4 placing token on slot 1
[12:41:52.185] [INFO   ] thread computer-3 kp step 13.
[12:41:52.185] [INFO   ] thread computer-3 kp step 14.slot size2
[12:41:52.263] [INFO   ] thread computer-1 kp step 1.
[12:41:52.263] [INFO   ] thread computer-1 kp step 2.true
[12:41:52.263] [INFO   ] thread computer-1 kp step 3.
[12:41:52.263] [INFO   ] thread computer-1 kp step 4.
[12:41:52.263] [INFO   ] thread computer-1 kp step 5.
[12:41:52.263] [INFO   ] thread computer-1 kp step 6.
[12:41:52.263] [INFO   ] thread computer-1 kp step 7. num in q 
[12:41:52.263] [INFO   ] thread computer-1 kp step 10.
[12:41:52.263] [INFO   ] thread computer-1 kp step 11. num in q 1 slot: 1
[12:41:52.263] [INFO   ] thread computer-1 kp step 12. num in q 2
[12:41:52.263] [SEVERE ] player 2 placing token on slot 1
[12:41:52.263] [INFO   ] thread computer-1 kp step 13.
[12:41:52.263] [INFO   ] thread computer-1 kp step 14.slot size2
[12:41:52.548] [INFO   ] thread computer-3 kp step 1.
[12:41:52.548] [INFO   ] thread computer-3 kp step 2.true
[12:41:52.548] [INFO   ] thread computer-3 kp step 3.
[12:41:52.548] [INFO   ] thread computer-3 kp step 4.
[12:41:52.548] [INFO   ] thread computer-3 kp step 5.
[12:41:52.548] [INFO   ] thread computer-3 kp step 6.
[12:41:52.548] [INFO   ] thread computer-3 kp step 7. num in q 
[12:41:52.548] [INFO   ] thread computer-3 kp step 4.
[12:41:52.548] [INFO   ] thread computer-3 kp step 5.
[12:41:52.548] [INFO   ] thread computer-3 kp step 6.
[12:41:52.548] [INFO   ] thread computer-3 kp step 7. num in q 
[12:41:52.548] [INFO   ] thread computer-3 kp step 10.
[12:41:52.548] [INFO   ] thread computer-3 kp step 11. num in q 2 slot: 3
[12:41:52.548] [INFO   ] thread computer-3 kp step 12. num in q 3
[12:41:52.548] [SEVERE ] player 4 placing token on slot 3
[12:41:52.548] [INFO   ] thread computer-3 kp step 13.
[12:41:52.548] [INFO   ] thread computer-3 kp step 14.slot size3
[12:41:52.548] [INFO   ] thread computer-3 kp step 15.
[12:41:52.548] [INFO   ] thread computer-3 kp step 16.
[12:41:52.548] [INFO   ] thread Thread-3 player was notified by dealer. the player is: 3there are 3 slots
[12:41:52.628] [INFO   ] thread computer-1 kp step 1.
[12:41:52.628] [INFO   ] thread computer-1 kp step 2.true
[12:41:52.628] [INFO   ] thread computer-1 kp step 3.
[12:41:52.628] [INFO   ] thread computer-1 kp step 4.
[12:41:52.628] [INFO   ] thread computer-1 kp step 5.
[12:41:52.628] [INFO   ] thread computer-1 kp step 6.
[12:41:52.628] [INFO   ] thread computer-1 kp step 7. num in q 
[12:41:52.628] [INFO   ] thread computer-1 kp step 4.
[12:41:52.628] [INFO   ] thread computer-1 kp step 5.
[12:41:52.628] [INFO   ] thread computer-1 kp step 6.
[12:41:52.628] [INFO   ] thread computer-1 kp step 7. num in q 
[12:41:52.628] [INFO   ] thread computer-1 kp step 10.
[12:41:52.628] [INFO   ] thread computer-1 kp step 11. num in q 2 slot: 2
[12:41:52.628] [INFO   ] thread computer-1 kp step 12. num in q 3
[12:41:52.628] [SEVERE ] player 2 placing token on slot 2
[12:41:52.628] [INFO   ] thread computer-1 kp step 13.
[12:41:52.628] [INFO   ] thread computer-1 kp step 14.slot size3
[12:41:52.628] [INFO   ] thread computer-1 kp step 15.
[12:41:52.628] [INFO   ] thread computer-1 kp step 16.
[12:41:52.628] [INFO   ] thread Thread-1 player was notified by dealer.
[12:41:52.628] [INFO   ] penalty
[12:41:52.628] [SEVERE ] setting player 2 freeze to 0
[12:41:52.629] [SEVERE ] removing player 2 token from slot 9
[12:41:52.629] [SEVERE ] removing player 2 token from slot 1
[12:41:52.629] [SEVERE ] removing player 2 token from slot 2
[12:41:52.629] [INFO   ] remove  in the table step 1
[12:41:52.629] [INFO   ] remove  in the table step 2
[12:41:52.629] [INFO   ] remove  in the table step 1
[12:41:52.629] [INFO   ] remove  in the table step 2
[12:41:52.629] [SEVERE ] removing player 4 token from slot 0
[12:41:52.629] [SEVERE ] removing player 4 token from slot 1
[12:41:52.629] [SEVERE ] removing player 4 token from slot 3
[12:41:52.629] [INFO   ] remove  in the table step 1
[12:41:52.629] [INFO   ] remove  in the table step 2
[12:41:52.629] [INFO   ] remove  in the table step 1
[12:41:52.629] [INFO   ] remove  in the table step 2
[12:41:52.629] [INFO   ] thread Thread-1 player was notified by dealer. the player is: 1there are 0 slots
[12:41:52.629] [INFO   ] thread Thread-3 player was notified by dealer.
[12:41:52.629] [INFO   ] penalty
[12:41:52.629] [SEVERE ] setting player 4 freeze to 0
[12:41:53.163] [SEVERE ] placing card 61 in slot 7
[12:41:53.163] [SEVERE ] updating countdown to 10000
[12:41:53.164] [SEVERE ] updating countdown to 10049
[12:41:53.516] [INFO   ] thread computer-1 kp step 1.
[12:41:53.516] [INFO   ] thread computer-1 kp step 2.true
[12:41:53.517] [INFO   ] thread computer-1 kp step 3.
[12:41:53.517] [INFO   ] thread computer-1 kp step 10.
[12:41:53.517] [INFO   ] thread computer-1 kp step 11. num in q 0 slot: 3
[12:41:53.517] [INFO   ] thread computer-1 kp step 12. num in q 1
[12:41:53.517] [SEVERE ] player 2 placing token on slot 3
[12:41:53.517] [INFO   ] thread computer-3 kp step 1.
[12:41:53.518] [INFO   ] thread computer-3 kp step 2.true
[12:41:53.517] [INFO   ] thread computer-1 kp step 13.
[12:41:53.518] [INFO   ] thread computer-1 kp step 14.slot size1
[12:41:53.518] [INFO   ] thread computer-3 kp step 3.
[12:41:53.518] [INFO   ] thread computer-3 kp step 10.
[12:41:53.518] [INFO   ] thread computer-3 kp step 11. num in q 0 slot: 4
[12:41:53.518] [INFO   ] thread computer-3 kp step 12. num in q 1
[12:41:53.518] [SEVERE ] player 4 placing token on slot 4
[12:41:53.518] [INFO   ] thread computer-3 kp step 13.
[12:41:53.518] [INFO   ] thread computer-3 kp step 14.slot size1
[12:41:53.587] [INFO   ] remove  in the table step 1
[12:41:53.587] [INFO   ] remove  in the table step 2
[12:41:53.587] [SEVERE ] removing player 2 token from slot 3
