[03:23:45.647] [INFO   ] thread main starting.
[03:23:45.665] [SEVERE ] cannot read configuration file config.properties trying from resources.
[03:23:45.667] [SEVERE ] configuration file was loaded from resources directory.
[03:23:46.350] [INFO   ] thread dealer starting.
[03:23:46.351] [INFO   ] thread dealer terminated.
[03:23:46.353] [INFO   ] thread Thread-0 starting.
[03:23:46.353] [INFO   ] thread Thread-3 starting.
[03:23:46.353] [SEVERE ] updating countdown to 10000
[03:23:46.353] [INFO   ] thread Thread-2 starting.
[03:23:46.353] [INFO   ] thread Thread-1 starting.
[03:23:46.355] [INFO   ] thread computer-2 starting.
[03:23:46.354] [INFO   ] thread computer-0 starting.
[03:23:46.355] [INFO   ] thread computer-1 starting.
[03:23:46.355] [INFO   ] thread computer-3 starting.
[03:23:46.481] [SEVERE ] placing card 31 in slot 1
[03:23:46.597] [SEVERE ] placing card 66 in slot 5
[03:23:46.699] [SEVERE ] placing card 1 in slot 3
[03:23:46.814] [SEVERE ] placing card 42 in slot 7
[03:23:46.928] [SEVERE ] placing card 25 in slot 0
[03:23:47.031] [SEVERE ] placing card 72 in slot 6
[03:23:47.147] [SEVERE ] placing card 5 in slot 10
[03:23:47.261] [SEVERE ] placing card 15 in slot 8
[03:23:47.374] [SEVERE ] placing card 13 in slot 2
[03:23:47.484] [SEVERE ] placing card 2 in slot 9
[03:23:47.594] [SEVERE ] placing card 71 in slot 4
[03:23:47.704] [SEVERE ] placing card 23 in slot 11
[03:23:47.706] [SEVERE ] player 1 placing token on slot 9
[03:23:47.706] [SEVERE ] player 2 placing token on slot 10
[03:23:47.706] [SEVERE ] player 3 placing token on slot 0
[03:23:47.706] [SEVERE ] player 4 placing token on slot 10
[03:23:47.706] [SEVERE ] player 2 placing token on slot 9
[03:23:47.706] [SEVERE ] player 3 placing token on slot 1
[03:23:47.712] [SEVERE ] player 1 placing token on slot 1
[03:23:47.712] [SEVERE ] player 4 placing token on slot 5
[03:23:47.713] [SEVERE ] player 2 placing token on slot 1
[03:23:47.714] [SEVERE ] updating countdown to 8641
[03:23:47.715] [SEVERE ] removing player 1 token from slot 1
[03:23:47.715] [SEVERE ] player 4 placing token on slot 3
[03:23:47.716] [SEVERE ] player 3 placing token on slot 4
[03:23:47.717] [SEVERE ] player 1 placing token on slot 10
[03:23:47.718] [SEVERE ] player 1 placing token on slot 4
[03:23:48.730] [SEVERE ] updating countdown to 7625
[03:23:49.740] [SEVERE ] updating countdown to 6615
[03:23:50.742] [SEVERE ] updating countdown to 5613
[03:23:56.368] [SEVERE ] updating countdown to 10000
[03:23:56.370] [SEVERE ] removing player 1 token from slot 0
[03:23:56.370] [SEVERE ] removing player 2 token from slot 0
[03:23:56.370] [SEVERE ] removing player 3 token from slot 0
[03:23:56.370] [SEVERE ] removing player 4 token from slot 0
[03:23:56.480] [SEVERE ] removing card from slot 0
[03:23:56.481] [SEVERE ] removing player 1 token from slot 1
[03:23:56.482] [SEVERE ] removing player 2 token from slot 1
[03:23:56.482] [SEVERE ] removing player 3 token from slot 1
[03:23:56.482] [SEVERE ] removing player 4 token from slot 1
[03:23:56.598] [SEVERE ] removing card from slot 1
[03:23:56.598] [SEVERE ] removing player 1 token from slot 2
[03:23:56.598] [SEVERE ] removing player 2 token from slot 2
[03:23:56.599] [SEVERE ] removing player 3 token from slot 2
[03:23:56.599] [SEVERE ] removing player 4 token from slot 2
[03:23:56.714] [SEVERE ] removing card from slot 2
[03:23:56.714] [SEVERE ] removing player 1 token from slot 3
[03:23:56.715] [SEVERE ] removing player 2 token from slot 3
[03:23:56.715] [SEVERE ] removing player 3 token from slot 3
[03:23:56.715] [SEVERE ] removing player 4 token from slot 3
[03:23:56.823] [SEVERE ] removing card from slot 3
[03:23:56.823] [SEVERE ] removing player 1 token from slot 4
[03:23:56.823] [SEVERE ] removing player 2 token from slot 4
[03:23:56.823] [SEVERE ] removing player 3 token from slot 4
[03:23:56.824] [SEVERE ] removing player 4 token from slot 4
[03:23:56.930] [SEVERE ] removing card from slot 4
[03:23:56.930] [SEVERE ] removing player 1 token from slot 5
[03:23:56.930] [SEVERE ] removing player 2 token from slot 5
[03:23:56.931] [SEVERE ] removing player 3 token from slot 5
[03:23:56.931] [SEVERE ] removing player 4 token from slot 5
[03:23:57.046] [SEVERE ] removing card from slot 5
[03:23:57.046] [SEVERE ] removing player 1 token from slot 6
[03:23:57.047] [SEVERE ] removing player 2 token from slot 6
[03:23:57.047] [SEVERE ] removing player 3 token from slot 6
[03:23:57.048] [SEVERE ] removing player 4 token from slot 6
[03:23:57.149] [SEVERE ] removing card from slot 6
[03:23:57.149] [SEVERE ] removing player 1 token from slot 7
[03:23:57.149] [SEVERE ] removing player 2 token from slot 7
[03:23:57.150] [SEVERE ] removing player 3 token from slot 7
[03:23:57.150] [SEVERE ] removing player 4 token from slot 7
[03:23:57.261] [SEVERE ] removing card from slot 7
[03:23:57.261] [SEVERE ] removing player 1 token from slot 8
[03:23:57.261] [SEVERE ] removing player 2 token from slot 8
[03:23:57.261] [SEVERE ] removing player 3 token from slot 8
[03:23:57.261] [SEVERE ] removing player 4 token from slot 8
[03:23:57.363] [SEVERE ] removing card from slot 8
[03:23:57.363] [SEVERE ] removing player 1 token from slot 9
[03:23:57.363] [SEVERE ] removing player 2 token from slot 9
[03:23:57.364] [SEVERE ] removing player 3 token from slot 9
[03:23:57.364] [SEVERE ] removing player 4 token from slot 9
[03:23:57.464] [SEVERE ] removing card from slot 9
[03:23:57.464] [SEVERE ] removing player 1 token from slot 10
[03:23:57.464] [SEVERE ] removing player 2 token from slot 10
[03:23:57.464] [SEVERE ] removing player 3 token from slot 10
[03:23:57.464] [SEVERE ] removing player 4 token from slot 10
[03:23:57.574] [SEVERE ] removing card from slot 10
[03:23:57.574] [SEVERE ] removing player 1 token from slot 11
[03:23:57.574] [SEVERE ] removing player 2 token from slot 11
[03:23:57.574] [SEVERE ] removing player 3 token from slot 11
[03:23:57.574] [SEVERE ] removing player 4 token from slot 11
[03:23:57.681] [SEVERE ] removing card from slot 11
[03:23:57.796] [SEVERE ] placing card 59 in slot 7
[03:23:57.898] [SEVERE ] placing card 35 in slot 6
[03:23:58.005] [SEVERE ] placing card 73 in slot 2
[03:23:58.111] [SEVERE ] placing card 19 in slot 3
[03:23:58.216] [SEVERE ] placing card 71 in slot 0
[03:23:58.317] [SEVERE ] placing card 48 in slot 9
[03:23:58.422] [SEVERE ] placing card 70 in slot 10
[03:23:58.528] [SEVERE ] placing card 12 in slot 5
[03:23:58.629] [SEVERE ] placing card 76 in slot 1
[03:23:58.745] [SEVERE ] placing card 40 in slot 11
[03:23:58.847] [SEVERE ] placing card 41 in slot 8
[03:23:58.956] [SEVERE ] placing card 42 in slot 4
[03:23:59.956] [SEVERE ] updating countdown to 6414
[03:24:00.964] [SEVERE ] updating countdown to 5406
[03:24:03.645] [SEVERE ] exit button pressed
[03:24:03.648] [INFO   ] thread Thread-3 terminated.
[03:24:03.655] [INFO   ] thread Thread-2 terminated.
[03:24:03.655] [INFO   ] thread Thread-1 terminated.
[03:24:03.655] [INFO   ] thread Thread-0 terminated.
[03:24:03.664] [SEVERE ] updating countdown to 10000
[03:24:03.664] [SEVERE ] removing player 1 token from slot 0
[03:24:03.665] [SEVERE ] removing player 2 token from slot 0
[03:24:03.665] [SEVERE ] removing player 3 token from slot 0
[03:24:03.665] [SEVERE ] removing player 4 token from slot 0
[03:24:03.779] [SEVERE ] removing card from slot 0
[03:24:03.779] [SEVERE ] removing player 1 token from slot 1
[03:24:03.780] [SEVERE ] removing player 2 token from slot 1
[03:24:03.780] [SEVERE ] removing player 3 token from slot 1
[03:24:03.780] [SEVERE ] removing player 4 token from slot 1
[03:24:03.891] [SEVERE ] removing card from slot 1
[03:24:03.891] [SEVERE ] removing player 1 token from slot 2
[03:24:03.891] [SEVERE ] removing player 2 token from slot 2
[03:24:03.891] [SEVERE ] removing player 3 token from slot 2
[03:24:03.891] [SEVERE ] removing player 4 token from slot 2
[03:24:04.000] [SEVERE ] removing card from slot 2
[03:24:04.000] [SEVERE ] removing player 1 token from slot 3
[03:24:04.000] [SEVERE ] removing player 2 token from slot 3
[03:24:04.000] [SEVERE ] removing player 3 token from slot 3
[03:24:04.000] [SEVERE ] removing player 4 token from slot 3
[03:24:04.110] [SEVERE ] removing card from slot 3
[03:24:04.110] [SEVERE ] removing player 1 token from slot 4
[03:24:04.110] [SEVERE ] removing player 2 token from slot 4
[03:24:04.110] [SEVERE ] removing player 3 token from slot 4
[03:24:04.110] [SEVERE ] removing player 4 token from slot 4
[03:24:04.219] [SEVERE ] removing card from slot 4
[03:24:04.219] [SEVERE ] removing player 1 token from slot 5
[03:24:04.219] [SEVERE ] removing player 2 token from slot 5
[03:24:04.219] [SEVERE ] removing player 3 token from slot 5
[03:24:04.219] [SEVERE ] removing player 4 token from slot 5
[03:24:04.328] [SEVERE ] removing card from slot 5
[03:24:04.328] [SEVERE ] removing player 1 token from slot 6
[03:24:04.328] [SEVERE ] removing player 2 token from slot 6
[03:24:04.328] [SEVERE ] removing player 3 token from slot 6
[03:24:04.328] [SEVERE ] removing player 4 token from slot 6
[03:24:04.438] [SEVERE ] removing card from slot 6
[03:24:04.438] [SEVERE ] removing player 1 token from slot 7
[03:24:04.438] [SEVERE ] removing player 2 token from slot 7
[03:24:04.438] [SEVERE ] removing player 3 token from slot 7
[03:24:04.438] [SEVERE ] removing player 4 token from slot 7
[03:24:04.547] [SEVERE ] removing card from slot 7
[03:24:04.547] [SEVERE ] removing player 1 token from slot 8
[03:24:04.547] [SEVERE ] removing player 2 token from slot 8
[03:24:04.547] [SEVERE ] removing player 3 token from slot 8
[03:24:04.547] [SEVERE ] removing player 4 token from slot 8
[03:24:04.649] [SEVERE ] removing card from slot 8
[03:24:04.649] [SEVERE ] removing player 1 token from slot 9
[03:24:04.649] [SEVERE ] removing player 2 token from slot 9
[03:24:04.649] [SEVERE ] removing player 3 token from slot 9
[03:24:04.649] [SEVERE ] removing player 4 token from slot 9
[03:24:04.751] [SEVERE ] removing card from slot 9
[03:24:04.751] [SEVERE ] removing player 1 token from slot 10
[03:24:04.751] [SEVERE ] removing player 2 token from slot 10
[03:24:04.751] [SEVERE ] removing player 3 token from slot 10
[03:24:04.751] [SEVERE ] removing player 4 token from slot 10
[03:24:04.857] [SEVERE ] removing card from slot 10
[03:24:04.857] [SEVERE ] removing player 1 token from slot 11
[03:24:04.857] [SEVERE ] removing player 2 token from slot 11
[03:24:04.857] [SEVERE ] removing player 3 token from slot 11
[03:24:04.857] [SEVERE ] removing player 4 token from slot 11
[03:24:04.965] [SEVERE ] removing card from slot 11
[03:24:04.967] [SEVERE ] announcing winner(s): player 1, player 2, player 3, player 4
[03:24:04.967] [INFO   ] thread dealer terminated.
[03:24:04.967] [INFO   ] thread dealer terminated.
[03:24:04.967] [SEVERE ] thanks for playing... it was fun!
[03:24:04.967] [INFO   ] thread main terminated.
