[02:42:39.911] [INFO   ] thread main starting.
[02:42:39.918] [SEVERE ] cannot read configuration file config.properties trying from resources.
[02:42:39.920] [SEVERE ] configuration file was loaded from resources directory.
[02:42:40.523] [INFO   ] thread dealer starting.
[02:42:40.532] [INFO   ] thread dealer terminated.
[02:42:40.535] [SEVERE ] updating countdown to 10000
[02:42:40.535] [INFO   ] thread Thread-3 starting.
[02:42:40.535] [INFO   ] thread Thread-1 starting.
[02:42:40.535] [INFO   ] thread Thread-2 starting.
[02:42:40.535] [INFO   ] thread Thread-0 starting.
[02:42:40.537] [INFO   ] thread computer-3 starting.
[02:42:40.537] [INFO   ] thread computer-0 starting.
[02:42:40.537] [INFO   ] thread computer-1 starting.
[02:42:40.537] [INFO   ] thread computer-2 starting.
[02:42:40.648] [SEVERE ] placing card 31 in slot 8
[02:42:40.764] [SEVERE ] placing card 10 in slot 2
[02:42:40.867] [SEVERE ] placing card 37 in slot 6
[02:42:40.981] [SEVERE ] placing card 71 in slot 7
[02:42:41.097] [SEVERE ] placing card 45 in slot 3
[02:42:41.214] [SEVERE ] placing card 51 in slot 9
[02:42:41.330] [SEVERE ] placing card 38 in slot 1
[02:42:41.444] [SEVERE ] placing card 58 in slot 10
[02:42:41.559] [SEVERE ] placing card 3 in slot 0
[02:42:41.668] [SEVERE ] placing card 36 in slot 4
[02:42:41.778] [SEVERE ] placing card 28 in slot 11
[02:42:41.888] [SEVERE ] placing card 33 in slot 5
[02:42:42.889] [SEVERE ] updating countdown to 7648
[02:42:43.894] [SEVERE ] updating countdown to 6643
[02:42:44.898] [SEVERE ] updating countdown to 5639
[02:42:47.537] [SEVERE ] updating countdown to 3000
[02:42:50.549] [SEVERE ] updating countdown to 10000
[02:42:50.550] [SEVERE ] removing player 1 token from slot 0
[02:42:50.550] [SEVERE ] removing player 2 token from slot 0
[02:42:50.550] [SEVERE ] removing player 3 token from slot 0
[02:42:50.550] [SEVERE ] removing player 4 token from slot 0
[02:42:50.664] [SEVERE ] removing card from slot 0
[02:42:50.665] [SEVERE ] removing player 1 token from slot 1
[02:42:50.665] [SEVERE ] removing player 2 token from slot 1
[02:42:50.665] [SEVERE ] removing player 3 token from slot 1
[02:42:50.665] [SEVERE ] removing player 4 token from slot 1
[02:42:50.774] [SEVERE ] removing card from slot 1
[02:42:50.774] [SEVERE ] removing player 1 token from slot 2
[02:42:50.774] [SEVERE ] removing player 2 token from slot 2
[02:42:50.774] [SEVERE ] removing player 3 token from slot 2
[02:42:50.774] [SEVERE ] removing player 4 token from slot 2
[02:42:50.884] [SEVERE ] removing card from slot 2
[02:42:50.884] [SEVERE ] removing player 1 token from slot 3
[02:42:50.884] [SEVERE ] removing player 2 token from slot 3
[02:42:50.884] [SEVERE ] removing player 3 token from slot 3
[02:42:50.884] [SEVERE ] removing player 4 token from slot 3
[02:42:50.993] [SEVERE ] removing card from slot 3
[02:42:50.993] [SEVERE ] removing player 1 token from slot 4
[02:42:50.993] [SEVERE ] removing player 2 token from slot 4
[02:42:50.994] [SEVERE ] removing player 3 token from slot 4
[02:42:50.994] [SEVERE ] removing player 4 token from slot 4
[02:42:51.103] [SEVERE ] removing card from slot 4
[02:42:51.103] [SEVERE ] removing player 1 token from slot 5
[02:42:51.103] [SEVERE ] removing player 2 token from slot 5
[02:42:51.103] [SEVERE ] removing player 3 token from slot 5
[02:42:51.103] [SEVERE ] removing player 4 token from slot 5
[02:42:51.213] [SEVERE ] removing card from slot 5
[02:42:51.213] [SEVERE ] removing player 1 token from slot 6
[02:42:51.213] [SEVERE ] removing player 2 token from slot 6
[02:42:51.213] [SEVERE ] removing player 3 token from slot 6
[02:42:51.213] [SEVERE ] removing player 4 token from slot 6
[02:42:51.322] [SEVERE ] removing card from slot 6
[02:42:51.322] [SEVERE ] removing player 1 token from slot 7
[02:42:51.322] [SEVERE ] removing player 2 token from slot 7
[02:42:51.322] [SEVERE ] removing player 3 token from slot 7
[02:42:51.322] [SEVERE ] removing player 4 token from slot 7
[02:42:51.432] [SEVERE ] removing card from slot 7
[02:42:51.432] [SEVERE ] removing player 1 token from slot 8
[02:42:51.432] [SEVERE ] removing player 2 token from slot 8
[02:42:51.432] [SEVERE ] removing player 3 token from slot 8
[02:42:51.432] [SEVERE ] removing player 4 token from slot 8
[02:42:51.541] [SEVERE ] removing card from slot 8
[02:42:51.541] [SEVERE ] removing player 1 token from slot 9
[02:42:51.541] [SEVERE ] removing player 2 token from slot 9
[02:42:51.541] [SEVERE ] removing player 3 token from slot 9
[02:42:51.541] [SEVERE ] removing player 4 token from slot 9
[02:42:51.652] [SEVERE ] removing card from slot 9
[02:42:51.652] [SEVERE ] removing player 1 token from slot 10
[02:42:51.652] [SEVERE ] removing player 2 token from slot 10
[02:42:51.652] [SEVERE ] removing player 3 token from slot 10
[02:42:51.652] [SEVERE ] removing player 4 token from slot 10
[02:42:51.761] [SEVERE ] removing card from slot 10
[02:42:51.761] [SEVERE ] removing player 1 token from slot 11
[02:42:51.761] [SEVERE ] removing player 2 token from slot 11
[02:42:51.761] [SEVERE ] removing player 3 token from slot 11
[02:42:51.761] [SEVERE ] removing player 4 token from slot 11
[02:42:51.870] [SEVERE ] removing card from slot 11
[02:42:51.979] [SEVERE ] placing card 27 in slot 1
[02:42:52.090] [SEVERE ] placing card 1 in slot 6
[02:42:52.200] [SEVERE ] placing card 0 in slot 10
[02:42:52.309] [SEVERE ] placing card 46 in slot 2
[02:42:52.418] [SEVERE ] placing card 62 in slot 8
[02:42:52.528] [SEVERE ] placing card 7 in slot 0
[02:42:52.638] [SEVERE ] placing card 2 in slot 11
[02:42:52.748] [SEVERE ] placing card 49 in slot 9
[02:42:52.857] [SEVERE ] placing card 64 in slot 3
[02:42:52.966] [SEVERE ] placing card 42 in slot 7
[02:42:53.076] [SEVERE ] placing card 70 in slot 4
[02:42:53.185] [SEVERE ] placing card 57 in slot 5
[02:42:54.188] [SEVERE ] updating countdown to 6361
[02:42:55.189] [SEVERE ] updating countdown to 5360
[02:42:56.549] [SEVERE ] updating countdown to 4000
[02:42:57.256] [SEVERE ] exit button pressed
[02:42:57.266] [INFO   ] thread Thread-3 terminated.
[02:42:57.279] [INFO   ] thread Thread-2 terminated.
[02:42:57.295] [INFO   ] thread Thread-1 terminated.
[02:42:57.296] [INFO   ] thread Thread-0 terminated.
[02:42:57.314] [SEVERE ] updating countdown to 10000
[02:42:57.314] [SEVERE ] removing player 1 token from slot 0
[02:42:57.314] [SEVERE ] removing player 2 token from slot 0
[02:42:57.314] [SEVERE ] removing player 3 token from slot 0
[02:42:57.314] [SEVERE ] removing player 4 token from slot 0
[02:42:57.429] [SEVERE ] removing card from slot 0
[02:42:57.430] [SEVERE ] removing player 1 token from slot 1
[02:42:57.430] [SEVERE ] removing player 2 token from slot 1
[02:42:57.430] [SEVERE ] removing player 3 token from slot 1
[02:42:57.430] [SEVERE ] removing player 4 token from slot 1
[02:42:57.539] [SEVERE ] removing card from slot 1
[02:42:57.539] [SEVERE ] removing player 1 token from slot 2
[02:42:57.539] [SEVERE ] removing player 2 token from slot 2
[02:42:57.539] [SEVERE ] removing player 3 token from slot 2
[02:42:57.539] [SEVERE ] removing player 4 token from slot 2
[02:42:57.646] [SEVERE ] removing card from slot 2
[02:42:57.646] [SEVERE ] removing player 1 token from slot 3
[02:42:57.647] [SEVERE ] removing player 2 token from slot 3
[02:42:57.647] [SEVERE ] removing player 3 token from slot 3
[02:42:57.647] [SEVERE ] removing player 4 token from slot 3
[02:42:57.756] [SEVERE ] removing card from slot 3
[02:42:57.756] [SEVERE ] removing player 1 token from slot 4
[02:42:57.756] [SEVERE ] removing player 2 token from slot 4
[02:42:57.756] [SEVERE ] removing player 3 token from slot 4
[02:42:57.756] [SEVERE ] removing player 4 token from slot 4
[02:42:57.866] [SEVERE ] removing card from slot 4
[02:42:57.866] [SEVERE ] removing player 1 token from slot 5
[02:42:57.866] [SEVERE ] removing player 2 token from slot 5
[02:42:57.866] [SEVERE ] removing player 3 token from slot 5
[02:42:57.866] [SEVERE ] removing player 4 token from slot 5
[02:42:57.975] [SEVERE ] removing card from slot 5
[02:42:57.975] [SEVERE ] removing player 1 token from slot 6
[02:42:57.975] [SEVERE ] removing player 2 token from slot 6
[02:42:57.975] [SEVERE ] removing player 3 token from slot 6
[02:42:57.975] [SEVERE ] removing player 4 token from slot 6
[02:42:58.086] [SEVERE ] removing card from slot 6
[02:42:58.086] [SEVERE ] removing player 1 token from slot 7
[02:42:58.086] [SEVERE ] removing player 2 token from slot 7
[02:42:58.086] [SEVERE ] removing player 3 token from slot 7
[02:42:58.086] [SEVERE ] removing player 4 token from slot 7
[02:42:58.196] [SEVERE ] removing card from slot 7
[02:42:58.196] [SEVERE ] removing player 1 token from slot 8
[02:42:58.196] [SEVERE ] removing player 2 token from slot 8
[02:42:58.196] [SEVERE ] removing player 3 token from slot 8
[02:42:58.196] [SEVERE ] removing player 4 token from slot 8
[02:42:58.305] [SEVERE ] removing card from slot 8
[02:42:58.305] [SEVERE ] removing player 1 token from slot 9
[02:42:58.305] [SEVERE ] removing player 2 token from slot 9
[02:42:58.305] [SEVERE ] removing player 3 token from slot 9
[02:42:58.305] [SEVERE ] removing player 4 token from slot 9
[02:42:58.415] [SEVERE ] removing card from slot 9
[02:42:58.415] [SEVERE ] removing player 1 token from slot 10
[02:42:58.415] [SEVERE ] removing player 2 token from slot 10
[02:42:58.415] [SEVERE ] removing player 3 token from slot 10
[02:42:58.415] [SEVERE ] removing player 4 token from slot 10
[02:42:58.524] [SEVERE ] removing card from slot 10
[02:42:58.524] [SEVERE ] removing player 1 token from slot 11
[02:42:58.524] [SEVERE ] removing player 2 token from slot 11
[02:42:58.524] [SEVERE ] removing player 3 token from slot 11
[02:42:58.524] [SEVERE ] removing player 4 token from slot 11
[02:42:58.634] [SEVERE ] removing card from slot 11
[02:42:58.634] [SEVERE ] announcing winner(s): player 1, player 2, player 3, player 4
[02:42:58.634] [INFO   ] thread dealer terminated.
[02:42:58.634] [INFO   ] thread dealer terminated.
[02:42:58.634] [SEVERE ] thanks for playing... it was fun!
[02:42:58.634] [INFO   ] thread main terminated.
