[02:49:13.589] [INFO   ] thread main starting.
[02:49:13.603] [SEVERE ] cannot read configuration file config.properties trying from resources.
[02:49:13.605] [SEVERE ] configuration file was loaded from resources directory.
[02:49:14.276] [INFO   ] thread dealer starting.
[02:49:14.278] [INFO   ] thread dealer terminated.
[02:49:14.281] [INFO   ] thread Thread-0 starting.
[02:49:14.281] [INFO   ] thread Thread-3 starting.
[02:49:14.281] [SEVERE ] updating countdown to 10000
[02:49:14.281] [INFO   ] thread Thread-2 starting.
[02:49:14.281] [INFO   ] thread Thread-1 starting.
[02:49:14.283] [INFO   ] thread computer-0 starting.
[02:49:14.284] [INFO   ] thread computer-1 starting.
[02:49:14.284] [INFO   ] thread computer-2 starting.
[02:49:14.284] [INFO   ] thread computer-3 starting.
[02:49:14.397] [SEVERE ] placing card 38 in slot 3
[02:49:14.499] [SEVERE ] placing card 66 in slot 10
[02:49:14.614] [SEVERE ] placing card 78 in slot 0
[02:49:14.730] [SEVERE ] placing card 80 in slot 9
[02:49:14.847] [SEVERE ] placing card 12 in slot 2
[02:49:14.964] [SEVERE ] placing card 61 in slot 7
[02:49:15.081] [SEVERE ] placing card 7 in slot 6
[02:49:15.196] [SEVERE ] placing card 62 in slot 5
[02:49:15.305] [SEVERE ] placing card 37 in slot 8
[02:49:15.415] [SEVERE ] placing card 31 in slot 1
[02:49:15.525] [SEVERE ] placing card 39 in slot 11
[02:49:15.633] [SEVERE ] placing card 53 in slot 4
[02:49:16.636] [SEVERE ] updating countdown to 7648
[02:49:17.640] [SEVERE ] updating countdown to 6644
[02:49:18.640] [SEVERE ] updating countdown to 5644
[02:49:19.234] [SEVERE ] exit button pressed
[02:49:19.234] [INFO   ] thread Thread-3 terminated.
[02:49:19.234] [INFO   ] thread Thread-2 terminated.
[02:49:19.234] [INFO   ] thread Thread-1 terminated.
[02:49:19.234] [INFO   ] thread Thread-0 terminated.
[02:49:19.645] [SEVERE ] updating countdown to 10000
[02:49:19.645] [SEVERE ] removing player 1 token from slot 0
[02:49:19.645] [SEVERE ] removing player 2 token from slot 0
[02:49:19.645] [SEVERE ] removing player 3 token from slot 0
[02:49:19.645] [SEVERE ] removing player 4 token from slot 0
[02:49:19.754] [SEVERE ] removing card from slot 0
[02:49:19.754] [SEVERE ] removing player 1 token from slot 1
[02:49:19.754] [SEVERE ] removing player 2 token from slot 1
[02:49:19.754] [SEVERE ] removing player 3 token from slot 1
[02:49:19.755] [SEVERE ] removing player 4 token from slot 1
[02:49:19.864] [SEVERE ] removing card from slot 1
[02:49:19.864] [SEVERE ] removing player 1 token from slot 2
[02:49:19.864] [SEVERE ] removing player 2 token from slot 2
[02:49:19.864] [SEVERE ] removing player 3 token from slot 2
[02:49:19.864] [SEVERE ] removing player 4 token from slot 2
[02:49:19.974] [SEVERE ] removing card from slot 2
[02:49:19.974] [SEVERE ] removing player 1 token from slot 3
[02:49:19.974] [SEVERE ] removing player 2 token from slot 3
[02:49:19.974] [SEVERE ] removing player 3 token from slot 3
[02:49:19.974] [SEVERE ] removing player 4 token from slot 3
[02:49:20.082] [SEVERE ] removing card from slot 3
[02:49:20.082] [SEVERE ] removing player 1 token from slot 4
[02:49:20.082] [SEVERE ] removing player 2 token from slot 4
[02:49:20.082] [SEVERE ] removing player 3 token from slot 4
[02:49:20.083] [SEVERE ] removing player 4 token from slot 4
[02:49:20.192] [SEVERE ] removing card from slot 4
[02:49:20.192] [SEVERE ] removing player 1 token from slot 5
[02:49:20.192] [SEVERE ] removing player 2 token from slot 5
[02:49:20.192] [SEVERE ] removing player 3 token from slot 5
[02:49:20.192] [SEVERE ] removing player 4 token from slot 5
[02:49:20.301] [SEVERE ] removing card from slot 5
[02:49:20.301] [SEVERE ] removing player 1 token from slot 6
[02:49:20.301] [SEVERE ] removing player 2 token from slot 6
[02:49:20.301] [SEVERE ] removing player 3 token from slot 6
[02:49:20.301] [SEVERE ] removing player 4 token from slot 6
[02:49:20.411] [SEVERE ] removing card from slot 6
[02:49:20.411] [SEVERE ] removing player 1 token from slot 7
[02:49:20.411] [SEVERE ] removing player 2 token from slot 7
[02:49:20.411] [SEVERE ] removing player 3 token from slot 7
[02:49:20.411] [SEVERE ] removing player 4 token from slot 7
[02:49:20.520] [SEVERE ] removing card from slot 7
[02:49:20.520] [SEVERE ] removing player 1 token from slot 8
[02:49:20.520] [SEVERE ] removing player 2 token from slot 8
[02:49:20.520] [SEVERE ] removing player 3 token from slot 8
[02:49:20.520] [SEVERE ] removing player 4 token from slot 8
[02:49:20.629] [SEVERE ] removing card from slot 8
[02:49:20.629] [SEVERE ] removing player 1 token from slot 9
[02:49:20.629] [SEVERE ] removing player 2 token from slot 9
[02:49:20.629] [SEVERE ] removing player 3 token from slot 9
[02:49:20.629] [SEVERE ] removing player 4 token from slot 9
[02:49:20.739] [SEVERE ] removing card from slot 9
[02:49:20.739] [SEVERE ] removing player 1 token from slot 10
[02:49:20.739] [SEVERE ] removing player 2 token from slot 10
[02:49:20.739] [SEVERE ] removing player 3 token from slot 10
[02:49:20.739] [SEVERE ] removing player 4 token from slot 10
[02:49:20.848] [SEVERE ] removing card from slot 10
[02:49:20.848] [SEVERE ] removing player 1 token from slot 11
[02:49:20.848] [SEVERE ] removing player 2 token from slot 11
[02:49:20.848] [SEVERE ] removing player 3 token from slot 11
[02:49:20.848] [SEVERE ] removing player 4 token from slot 11
[02:49:20.958] [SEVERE ] removing card from slot 11
[02:49:20.958] [SEVERE ] announcing winner(s): player 1, player 2, player 3, player 4
[02:49:20.958] [INFO   ] thread dealer terminated.
[02:49:20.958] [INFO   ] thread dealer terminated.
[02:49:20.958] [SEVERE ] thanks for playing... it was fun!
[02:49:20.958] [INFO   ] thread main terminated.
