[02:57:29.615] [INFO   ] thread main starting.
[02:57:29.625] [SEVERE ] cannot read configuration file config.properties trying from resources.
[02:57:29.627] [SEVERE ] configuration file was loaded from resources directory.
[02:57:30.293] [INFO   ] thread dealer starting.
[02:57:30.295] [INFO   ] thread dealer terminated.
[02:57:30.295] [SEVERE ] updating countdown to 10000
[02:57:30.297] [INFO   ] thread Thread-2 starting.
[02:57:30.297] [INFO   ] thread Thread-1 starting.
[02:57:30.297] [INFO   ] thread Thread-3 starting.
[02:57:30.295] [INFO   ] thread Thread-0 starting.
[02:57:30.298] [INFO   ] thread computer-1 starting.
[02:57:30.299] [INFO   ] thread computer-0 starting.
[02:57:30.298] [INFO   ] thread computer-2 starting.
[02:57:30.298] [INFO   ] thread computer-3 starting.
[02:57:30.412] [SEVERE ] placing card 57 in slot 2
[02:57:30.522] [SEVERE ] placing card 65 in slot 3
[02:57:30.633] [SEVERE ] placing card 55 in slot 10
[02:57:30.743] [SEVERE ] placing card 28 in slot 0
[02:57:30.851] [SEVERE ] placing card 70 in slot 9
[02:57:30.964] [SEVERE ] placing card 14 in slot 7
[02:57:31.076] [SEVERE ] placing card 77 in slot 4
[02:57:31.186] [SEVERE ] placing card 39 in slot 1
[02:57:31.295] [SEVERE ] placing card 4 in slot 11
[02:57:31.405] [SEVERE ] placing card 9 in slot 6
[02:57:31.515] [SEVERE ] placing card 16 in slot 5
[02:57:31.625] [SEVERE ] placing card 8 in slot 8
[02:57:31.625] [SEVERE ] player 3 placing token on slot 11
[02:57:31.626] [SEVERE ] player 2 placing token on slot 5
[02:57:31.625] [SEVERE ] player 1 placing token on slot 10
[02:57:31.625] [SEVERE ] player 4 placing token on slot 11
[02:57:31.627] [SEVERE ] player 1 placing token on slot 8
[02:57:31.626] [SEVERE ] player 2 placing token on slot 9
[02:57:31.626] [SEVERE ] player 3 placing token on slot 7
[02:57:31.627] [SEVERE ] player 2 placing token on slot 7
[02:57:31.627] [SEVERE ] player 1 placing token on slot 5
[02:57:31.627] [SEVERE ] player 4 placing token on slot 4
[02:57:31.627] [SEVERE ] updating countdown to 8674
[02:57:31.627] [SEVERE ] removing player 3 token from slot 7
[02:57:31.627] [SEVERE ] player 4 placing token on slot 6
[02:57:31.627] [SEVERE ] setting player 1 freeze to 0
[02:57:31.627] [SEVERE ] setting player 2 freeze to 0
