[03:24:21.320] [INFO   ] thread main starting.
[03:24:21.334] [SEVERE ] cannot read configuration file config.properties trying from resources.
[03:24:21.337] [SEVERE ] configuration file was loaded from resources directory.
[03:24:21.993] [INFO   ] thread dealer starting.
[03:24:21.993] [INFO   ] thread dealer terminated.
[03:24:21.993] [SEVERE ] updating countdown to 10000
[03:24:21.996] [INFO   ] thread Thread-2 starting.
[03:24:21.996] [INFO   ] thread Thread-1 starting.
[03:24:21.993] [INFO   ] thread Thread-0 starting.
[03:24:21.996] [INFO   ] thread Thread-3 starting.
[03:24:21.997] [INFO   ] thread computer-0 starting.
[03:24:21.998] [INFO   ] thread computer-1 starting.
[03:24:21.998] [INFO   ] thread computer-3 starting.
[03:24:21.998] [INFO   ] thread computer-2 starting.
[03:24:22.110] [SEVERE ] placing card 31 in slot 9
[03:24:22.220] [SEVERE ] placing card 17 in slot 5
[03:24:22.330] [SEVERE ] placing card 7 in slot 11
[03:24:22.439] [SEVERE ] placing card 75 in slot 7
[03:24:22.543] [SEVERE ] placing card 15 in slot 10
[03:24:22.652] [SEVERE ] placing card 43 in slot 3
[03:24:22.762] [SEVERE ] placing card 41 in slot 0
[03:24:22.863] [SEVERE ] placing card 3 in slot 1
[03:24:22.976] [SEVERE ] placing card 28 in slot 4
[03:24:23.085] [SEVERE ] placing card 6 in slot 8
[03:24:23.195] [SEVERE ] placing card 30 in slot 2
[03:24:23.304] [SEVERE ] placing card 38 in slot 6
[03:24:23.307] [SEVERE ] player 3 placing token on slot 1
[03:24:23.307] [SEVERE ] player 2 placing token on slot 8
[03:24:23.310] [SEVERE ] player 1 placing token on slot 5
[03:24:23.311] [SEVERE ] player 4 placing token on slot 5
[03:24:23.311] [SEVERE ] player 3 placing token on slot 4
[03:24:23.314] [SEVERE ] player 1 placing token on slot 7
[03:24:23.315] [SEVERE ] removing player 3 token from slot 1
[03:24:23.315] [SEVERE ] player 2 placing token on slot 9
[03:24:23.318] [SEVERE ] player 1 placing token on slot 1
[03:24:23.318] [SEVERE ] player 4 placing token on slot 10
[03:24:23.319] [SEVERE ] updating countdown to 8679
[03:24:23.320] [SEVERE ] player 3 placing token on slot 11
[03:24:23.320] [SEVERE ] player 4 placing token on slot 9
[03:24:23.320] [SEVERE ] player 2 placing token on slot 6
[03:24:29.606] [SEVERE ] exit button pressed
[03:24:29.606] [INFO   ] thread Thread-3 terminated.
