[17:37:37.630] [INFO   ] thread main starting.
[17:37:37.638] [SEVERE ] cannot read configuration file config.properties trying from resources.
[17:37:37.641] [SEVERE ] configuration file was loaded from resources directory.
[17:37:38.142] [INFO   ] thread dealer starting.
[17:37:38.142] [INFO   ] thread dealer starting.
[17:37:38.142] [INFO   ] thread Thread-0 starting.
[17:37:38.142] [INFO   ] thread Thread-1 starting.
[17:37:38.142] [SEVERE ] updating countdown to 20000
[17:37:38.254] [SEVERE ] placing card 65 in slot 0
[17:37:38.363] [SEVERE ] placing card 20 in slot 1
[17:37:38.472] [SEVERE ] placing card 13 in slot 2
[17:37:38.582] [SEVERE ] placing card 46 in slot 3
[17:37:38.691] [SEVERE ] placing card 15 in slot 4
[17:37:38.796] [SEVERE ] placing card 73 in slot 5
[17:37:38.908] [SEVERE ] placing card 80 in slot 6
[17:37:39.014] [SEVERE ] placing card 11 in slot 7
[17:37:39.124] [SEVERE ] placing card 55 in slot 8
[17:37:39.234] [SEVERE ] placing card 71 in slot 9
[17:37:39.344] [SEVERE ] placing card 76 in slot 10
[17:37:39.454] [SEVERE ] placing card 35 in slot 11
[17:37:39.454] [SEVERE ] updating countdown to 20000
[17:37:39.563] [SEVERE ] updating countdown to 19941
[17:37:39.565] [SEVERE ] updating countdown to 19939
[17:37:39.671] [SEVERE ] updating countdown to 19833
[17:37:39.671] [SEVERE ] updating countdown to 19833
[17:37:39.777] [SEVERE ] updating countdown to 19727
[17:37:39.777] [SEVERE ] updating countdown to 19727
[17:37:39.887] [SEVERE ] updating countdown to 19617
[17:37:39.887] [SEVERE ] updating countdown to 19617
[17:37:39.998] [SEVERE ] updating countdown to 19506
[17:37:39.998] [SEVERE ] updating countdown to 19506
[17:37:40.108] [SEVERE ] updating countdown to 19396
[17:37:40.108] [SEVERE ] updating countdown to 19396
[17:37:40.218] [SEVERE ] updating countdown to 19286
[17:37:40.218] [SEVERE ] updating countdown to 19286
[17:37:40.328] [SEVERE ] updating countdown to 19176
[17:37:40.328] [SEVERE ] updating countdown to 19176
[17:37:40.438] [SEVERE ] updating countdown to 19066
[17:37:40.438] [SEVERE ] updating countdown to 19066
[17:37:40.547] [SEVERE ] updating countdown to 18957
[17:37:40.547] [SEVERE ] updating countdown to 18957
[17:37:40.657] [SEVERE ] updating countdown to 18847
[17:37:40.657] [SEVERE ] updating countdown to 18847
[17:37:40.767] [SEVERE ] updating countdown to 18737
[17:37:40.767] [SEVERE ] updating countdown to 18737
[17:37:40.876] [SEVERE ] updating countdown to 18628
[17:37:40.876] [SEVERE ] updating countdown to 18628
[17:37:40.986] [SEVERE ] updating countdown to 18518
[17:37:40.986] [SEVERE ] updating countdown to 18518
[17:37:41.095] [SEVERE ] updating countdown to 18409
[17:37:41.095] [SEVERE ] updating countdown to 18409
[17:37:41.205] [SEVERE ] updating countdown to 18299
[17:37:41.205] [SEVERE ] updating countdown to 18299
[17:37:41.315] [SEVERE ] updating countdown to 18189
[17:37:41.315] [SEVERE ] updating countdown to 18189
[17:37:41.425] [SEVERE ] updating countdown to 18079
[17:37:41.425] [SEVERE ] updating countdown to 18079
[17:37:41.525] [SEVERE ] updating countdown to 17979
[17:37:41.525] [SEVERE ] updating countdown to 17979
[17:37:41.635] [SEVERE ] updating countdown to 17869
[17:37:41.635] [SEVERE ] updating countdown to 17869
[17:37:41.744] [SEVERE ] updating countdown to 17760
[17:37:41.744] [SEVERE ] updating countdown to 17760
[17:37:41.853] [SEVERE ] updating countdown to 17651
[17:37:41.853] [SEVERE ] updating countdown to 17651
[17:37:41.964] [SEVERE ] updating countdown to 17540
[17:37:41.964] [SEVERE ] updating countdown to 17540
[17:37:42.074] [SEVERE ] updating countdown to 17430
[17:37:42.074] [SEVERE ] updating countdown to 17430
[17:37:42.183] [SEVERE ] updating countdown to 17321
[17:37:42.183] [SEVERE ] updating countdown to 17321
[17:37:42.293] [SEVERE ] updating countdown to 17211
[17:37:42.293] [SEVERE ] updating countdown to 17211
[17:37:42.404] [SEVERE ] updating countdown to 17100
[17:37:42.404] [SEVERE ] updating countdown to 17100
[17:37:42.513] [SEVERE ] updating countdown to 16991
[17:37:42.513] [SEVERE ] updating countdown to 16991
[17:37:42.623] [SEVERE ] updating countdown to 16881
[17:37:42.623] [SEVERE ] updating countdown to 16881
[17:37:42.732] [SEVERE ] updating countdown to 16772
[17:37:42.732] [SEVERE ] updating countdown to 16772
[17:37:42.842] [SEVERE ] updating countdown to 16662
[17:37:42.842] [SEVERE ] updating countdown to 16662
[17:37:42.951] [SEVERE ] updating countdown to 16553
[17:37:42.951] [SEVERE ] updating countdown to 16553
[17:37:43.061] [SEVERE ] updating countdown to 16443
[17:37:43.061] [SEVERE ] updating countdown to 16443
[17:37:43.171] [SEVERE ] updating countdown to 16333
[17:37:43.171] [SEVERE ] updating countdown to 16333
[17:37:43.280] [SEVERE ] updating countdown to 16224
[17:37:43.280] [SEVERE ] updating countdown to 16224
[17:37:43.389] [SEVERE ] updating countdown to 16115
[17:37:43.389] [SEVERE ] updating countdown to 16115
[17:37:43.499] [SEVERE ] updating countdown to 16005
[17:37:43.499] [SEVERE ] updating countdown to 16005
[17:37:43.608] [SEVERE ] updating countdown to 15896
[17:37:43.608] [SEVERE ] updating countdown to 15896
[17:37:43.717] [SEVERE ] updating countdown to 15787
[17:37:43.717] [SEVERE ] updating countdown to 15787
[17:37:43.828] [SEVERE ] updating countdown to 15676
[17:37:43.828] [SEVERE ] updating countdown to 15676
[17:37:43.937] [SEVERE ] updating countdown to 15567
[17:37:43.937] [SEVERE ] updating countdown to 15567
[17:37:44.045] [SEVERE ] updating countdown to 15459
[17:37:44.045] [SEVERE ] updating countdown to 15459
[17:37:44.155] [SEVERE ] updating countdown to 15349
[17:37:44.155] [SEVERE ] updating countdown to 15349
[17:37:44.265] [SEVERE ] updating countdown to 15239
[17:37:44.265] [SEVERE ] updating countdown to 15239
[17:37:44.374] [SEVERE ] updating countdown to 15130
[17:37:44.374] [SEVERE ] updating countdown to 15130
[17:37:44.485] [SEVERE ] updating countdown to 15019
[17:37:44.485] [SEVERE ] updating countdown to 15019
[17:37:44.594] [SEVERE ] updating countdown to 14910
[17:37:44.594] [SEVERE ] updating countdown to 14910
[17:37:44.704] [SEVERE ] updating countdown to 14800
[17:37:44.704] [SEVERE ] updating countdown to 14800
[17:37:44.816] [SEVERE ] updating countdown to 14688
[17:37:44.816] [SEVERE ] updating countdown to 14688
[17:37:44.926] [SEVERE ] updating countdown to 14578
[17:37:44.926] [SEVERE ] updating countdown to 14578
[17:37:45.035] [SEVERE ] updating countdown to 14469
[17:37:45.035] [SEVERE ] updating countdown to 14469
[17:37:45.144] [SEVERE ] updating countdown to 14360
[17:37:45.144] [SEVERE ] updating countdown to 14360
[17:37:45.254] [SEVERE ] updating countdown to 14250
[17:37:45.254] [SEVERE ] updating countdown to 14250
[17:37:45.364] [SEVERE ] updating countdown to 14140
[17:37:45.364] [SEVERE ] updating countdown to 14140
[17:37:45.474] [SEVERE ] updating countdown to 14030
[17:37:45.474] [SEVERE ] updating countdown to 14030
[17:37:45.583] [SEVERE ] updating countdown to 13921
[17:37:45.583] [SEVERE ] updating countdown to 13921
[17:37:45.693] [SEVERE ] updating countdown to 13811
[17:37:45.693] [SEVERE ] updating countdown to 13811
[17:37:45.803] [SEVERE ] updating countdown to 13701
[17:37:45.803] [SEVERE ] updating countdown to 13701
[17:37:45.912] [SEVERE ] updating countdown to 13592
[17:37:45.912] [SEVERE ] updating countdown to 13592
[17:37:46.021] [SEVERE ] updating countdown to 13483
[17:37:46.021] [SEVERE ] updating countdown to 13483
[17:37:46.130] [SEVERE ] updating countdown to 13374
[17:37:46.131] [SEVERE ] updating countdown to 13373
[17:37:46.239] [SEVERE ] updating countdown to 13265
[17:37:46.239] [SEVERE ] updating countdown to 13265
[17:37:46.349] [SEVERE ] updating countdown to 13155
[17:37:46.349] [SEVERE ] updating countdown to 13155
[17:37:46.458] [SEVERE ] updating countdown to 13046
[17:37:46.458] [SEVERE ] updating countdown to 13046
[17:37:46.568] [SEVERE ] updating countdown to 12936
[17:37:46.568] [SEVERE ] updating countdown to 12936
[17:37:46.678] [SEVERE ] updating countdown to 12826
[17:37:46.678] [SEVERE ] updating countdown to 12826
[17:37:46.787] [SEVERE ] updating countdown to 12717
[17:37:46.787] [SEVERE ] updating countdown to 12717
[17:37:46.897] [SEVERE ] updating countdown to 12607
[17:37:46.897] [SEVERE ] updating countdown to 12607
[17:37:47.006] [SEVERE ] updating countdown to 12498
[17:37:47.006] [SEVERE ] updating countdown to 12498
[17:37:47.116] [SEVERE ] updating countdown to 12388
[17:37:47.116] [SEVERE ] updating countdown to 12388
[17:37:47.226] [SEVERE ] updating countdown to 12278
[17:37:47.226] [SEVERE ] updating countdown to 12278
[17:37:47.335] [SEVERE ] updating countdown to 12169
[17:37:47.335] [SEVERE ] updating countdown to 12169
[17:37:47.445] [SEVERE ] updating countdown to 12059
[17:37:47.445] [SEVERE ] updating countdown to 12059
[17:37:47.554] [SEVERE ] updating countdown to 11950
[17:37:47.554] [SEVERE ] updating countdown to 11950
[17:37:47.664] [SEVERE ] updating countdown to 11840
[17:37:47.664] [SEVERE ] updating countdown to 11840
[17:37:47.773] [SEVERE ] updating countdown to 11731
[17:37:47.773] [SEVERE ] updating countdown to 11731
[17:37:47.883] [SEVERE ] updating countdown to 11621
[17:37:47.883] [SEVERE ] updating countdown to 11621
[17:37:47.993] [SEVERE ] updating countdown to 11511
[17:37:47.993] [SEVERE ] updating countdown to 11511
[17:37:48.102] [SEVERE ] updating countdown to 11402
[17:37:48.102] [SEVERE ] updating countdown to 11402
[17:37:48.212] [SEVERE ] updating countdown to 11292
[17:37:48.212] [SEVERE ] updating countdown to 11292
[17:37:48.321] [SEVERE ] updating countdown to 11183
[17:37:48.321] [SEVERE ] updating countdown to 11183
[17:37:48.430] [SEVERE ] updating countdown to 11074
[17:37:48.430] [SEVERE ] updating countdown to 11074
[17:37:48.540] [SEVERE ] updating countdown to 10964
[17:37:48.540] [SEVERE ] updating countdown to 10964
[17:37:48.642] [SEVERE ] updating countdown to 10862
[17:37:48.642] [SEVERE ] updating countdown to 10862
[17:37:48.751] [SEVERE ] updating countdown to 10753
[17:37:48.751] [SEVERE ] updating countdown to 10753
[17:37:48.862] [SEVERE ] updating countdown to 10642
[17:37:48.862] [SEVERE ] updating countdown to 10642
[17:37:48.972] [SEVERE ] updating countdown to 10532
[17:37:48.972] [SEVERE ] updating countdown to 10532
[17:37:49.081] [SEVERE ] updating countdown to 10423
[17:37:49.081] [SEVERE ] updating countdown to 10423
[17:37:49.190] [SEVERE ] updating countdown to 10314
[17:37:49.190] [SEVERE ] updating countdown to 10314
[17:37:49.301] [SEVERE ] updating countdown to 10203
[17:37:49.301] [SEVERE ] updating countdown to 10203
[17:37:49.414] [SEVERE ] updating countdown to 10090
[17:37:49.414] [SEVERE ] updating countdown to 10090
[17:37:49.525] [SEVERE ] updating countdown to 9979
[17:37:49.525] [SEVERE ] updating countdown to 9979
[17:37:49.634] [SEVERE ] updating countdown to 9870
[17:37:49.634] [SEVERE ] updating countdown to 9870
[17:37:49.744] [SEVERE ] updating countdown to 9760
[17:37:49.744] [SEVERE ] updating countdown to 9760
[17:37:49.854] [SEVERE ] updating countdown to 9650
[17:37:49.854] [SEVERE ] updating countdown to 9650
[17:37:49.964] [SEVERE ] updating countdown to 9540
[17:37:49.964] [SEVERE ] updating countdown to 9540
[17:37:50.073] [SEVERE ] updating countdown to 9431
[17:37:50.073] [SEVERE ] updating countdown to 9431
[17:37:50.182] [SEVERE ] updating countdown to 9322
[17:37:50.182] [SEVERE ] updating countdown to 9322
[17:37:50.292] [SEVERE ] updating countdown to 9212
[17:37:50.292] [SEVERE ] updating countdown to 9212
[17:37:50.402] [SEVERE ] updating countdown to 9102
[17:37:50.402] [SEVERE ] updating countdown to 9102
[17:37:50.511] [SEVERE ] updating countdown to 8993
[17:37:50.511] [SEVERE ] updating countdown to 8993
[17:37:50.620] [SEVERE ] updating countdown to 8884
[17:37:50.620] [SEVERE ] updating countdown to 8884
[17:37:50.730] [SEVERE ] updating countdown to 8774
[17:37:50.730] [SEVERE ] updating countdown to 8774
[17:37:50.841] [SEVERE ] updating countdown to 8663
[17:37:50.841] [SEVERE ] updating countdown to 8663
[17:37:50.951] [SEVERE ] updating countdown to 8553
[17:37:50.951] [SEVERE ] updating countdown to 8553
[17:37:51.060] [SEVERE ] updating countdown to 8444
[17:37:51.060] [SEVERE ] updating countdown to 8444
[17:37:51.170] [SEVERE ] updating countdown to 8334
[17:37:51.170] [SEVERE ] updating countdown to 8334
[17:37:51.279] [SEVERE ] updating countdown to 8225
[17:37:51.279] [SEVERE ] updating countdown to 8225
[17:37:51.389] [SEVERE ] updating countdown to 8115
[17:37:51.389] [SEVERE ] updating countdown to 8115
[17:37:51.499] [SEVERE ] updating countdown to 8005
[17:37:51.499] [SEVERE ] updating countdown to 8005
[17:37:51.608] [SEVERE ] updating countdown to 7896
[17:37:51.608] [SEVERE ] updating countdown to 7896
[17:37:51.717] [SEVERE ] updating countdown to 7787
[17:37:51.717] [SEVERE ] updating countdown to 7787
[17:37:51.827] [SEVERE ] updating countdown to 7677
[17:37:51.827] [SEVERE ] updating countdown to 7677
[17:37:51.936] [SEVERE ] updating countdown to 7568
[17:37:51.936] [SEVERE ] updating countdown to 7568
[17:37:52.048] [SEVERE ] updating countdown to 7456
[17:37:52.048] [SEVERE ] updating countdown to 7456
[17:37:52.158] [SEVERE ] updating countdown to 7346
[17:37:52.158] [SEVERE ] updating countdown to 7346
[17:37:52.267] [SEVERE ] updating countdown to 7237
[17:37:52.267] [SEVERE ] updating countdown to 7237
[17:37:52.377] [SEVERE ] updating countdown to 7127
[17:37:52.377] [SEVERE ] updating countdown to 7127
[17:37:52.487] [SEVERE ] updating countdown to 7017
[17:37:52.487] [SEVERE ] updating countdown to 7017
[17:37:52.596] [SEVERE ] updating countdown to 6908
[17:37:52.596] [SEVERE ] updating countdown to 6908
[17:37:52.705] [SEVERE ] updating countdown to 6799
[17:37:52.705] [SEVERE ] updating countdown to 6799
[17:37:52.815] [SEVERE ] updating countdown to 6689
[17:37:52.815] [SEVERE ] updating countdown to 6689
[17:37:52.924] [SEVERE ] updating countdown to 6580
[17:37:52.924] [SEVERE ] updating countdown to 6580
[17:37:53.034] [SEVERE ] updating countdown to 6470
[17:37:53.034] [SEVERE ] updating countdown to 6470
[17:37:53.143] [SEVERE ] updating countdown to 6361
[17:37:53.143] [SEVERE ] updating countdown to 6361
[17:37:53.253] [SEVERE ] updating countdown to 6251
[17:37:53.253] [SEVERE ] updating countdown to 6251
[17:37:53.362] [SEVERE ] updating countdown to 6142
[17:37:53.362] [SEVERE ] updating countdown to 6142
[17:37:53.471] [SEVERE ] updating countdown to 6033
[17:37:53.471] [SEVERE ] updating countdown to 6033
[17:37:53.581] [SEVERE ] updating countdown to 5923
[17:37:53.581] [SEVERE ] updating countdown to 5923
[17:37:53.690] [SEVERE ] updating countdown to 5814
[17:37:53.690] [SEVERE ] updating countdown to 5814
[17:37:53.801] [SEVERE ] updating countdown to 5703
[17:37:53.801] [SEVERE ] updating countdown to 5703
[17:37:53.910] [SEVERE ] updating countdown to 5594
[17:37:53.910] [SEVERE ] updating countdown to 5594
[17:37:54.020] [SEVERE ] updating countdown to 5484
[17:37:54.020] [SEVERE ] updating countdown to 5484
[17:37:54.133] [SEVERE ] updating countdown to 5371
[17:37:54.133] [SEVERE ] updating countdown to 5371
[17:37:54.242] [SEVERE ] updating countdown to 5262
[17:37:54.242] [SEVERE ] updating countdown to 5262
[17:37:54.352] [SEVERE ] updating countdown to 5152
[17:37:54.352] [SEVERE ] updating countdown to 5152
[17:37:54.461] [SEVERE ] updating countdown to 5043
[17:37:54.461] [SEVERE ] updating countdown to 5043
[17:37:59.612] [SEVERE ] removing card from slot 0
[17:37:59.722] [SEVERE ] removing card from slot 1
[17:37:59.831] [SEVERE ] removing card from slot 2
[17:37:59.940] [SEVERE ] removing card from slot 3
[17:38:00.050] [SEVERE ] removing card from slot 4
[17:38:00.159] [SEVERE ] removing card from slot 5
[17:38:00.269] [SEVERE ] removing card from slot 6
[17:38:00.378] [SEVERE ] removing card from slot 7
[17:38:00.488] [SEVERE ] removing card from slot 8
[17:38:00.597] [SEVERE ] removing card from slot 9
[17:38:00.708] [SEVERE ] removing card from slot 10
[17:38:00.818] [SEVERE ] removing card from slot 11
[17:38:00.927] [SEVERE ] placing card 55 in slot 0
[17:38:01.036] [SEVERE ] placing card 70 in slot 1
[17:38:01.146] [SEVERE ] placing card 11 in slot 2
[17:38:01.260] [SEVERE ] placing card 30 in slot 3
[17:38:01.369] [SEVERE ] placing card 35 in slot 4
[17:38:01.477] [SEVERE ] placing card 15 in slot 5
[17:38:01.587] [SEVERE ] placing card 14 in slot 6
[17:38:01.697] [SEVERE ] placing card 52 in slot 7
[17:38:01.806] [SEVERE ] placing card 19 in slot 8
[17:38:01.916] [SEVERE ] placing card 68 in slot 9
[17:38:02.025] [SEVERE ] placing card 53 in slot 10
[17:38:02.135] [SEVERE ] placing card 76 in slot 11
[17:38:02.135] [SEVERE ] updating countdown to 20000
[17:38:02.244] [SEVERE ] updating countdown to 19941
[17:38:02.244] [SEVERE ] updating countdown to 19941
[17:38:02.354] [SEVERE ] updating countdown to 19831
[17:38:02.354] [SEVERE ] updating countdown to 19831
[17:38:02.463] [SEVERE ] updating countdown to 19722
[17:38:02.463] [SEVERE ] updating countdown to 19722
[17:38:02.572] [SEVERE ] updating countdown to 19613
[17:38:02.572] [SEVERE ] updating countdown to 19613
[17:38:02.682] [SEVERE ] updating countdown to 19503
[17:38:02.682] [SEVERE ] updating countdown to 19503
[17:38:02.792] [SEVERE ] updating countdown to 19393
[17:38:02.792] [SEVERE ] updating countdown to 19393
[17:38:02.901] [SEVERE ] updating countdown to 19284
[17:38:02.901] [SEVERE ] updating countdown to 19284
[17:38:03.011] [SEVERE ] updating countdown to 19174
[17:38:03.011] [SEVERE ] updating countdown to 19174
[17:38:03.120] [SEVERE ] updating countdown to 19065
[17:38:03.120] [SEVERE ] updating countdown to 19065
[17:38:03.229] [SEVERE ] updating countdown to 18956
[17:38:03.229] [SEVERE ] updating countdown to 18956
[17:38:03.339] [SEVERE ] updating countdown to 18846
[17:38:03.339] [SEVERE ] updating countdown to 18846
[17:38:03.448] [SEVERE ] updating countdown to 18737
[17:38:03.448] [SEVERE ] updating countdown to 18737
[17:38:03.557] [SEVERE ] updating countdown to 18628
[17:38:03.557] [SEVERE ] updating countdown to 18628
[17:38:03.667] [SEVERE ] updating countdown to 18518
[17:38:03.667] [SEVERE ] updating countdown to 18518
[17:38:03.777] [SEVERE ] updating countdown to 18408
[17:38:03.777] [SEVERE ] updating countdown to 18408
[17:38:03.887] [SEVERE ] updating countdown to 18298
[17:38:03.887] [SEVERE ] updating countdown to 18298
[17:38:03.996] [SEVERE ] updating countdown to 18189
[17:38:03.996] [SEVERE ] updating countdown to 18189
[17:38:04.105] [SEVERE ] updating countdown to 18080
[17:38:04.105] [SEVERE ] updating countdown to 18080
[17:38:04.215] [SEVERE ] updating countdown to 17970
[17:38:04.215] [SEVERE ] updating countdown to 17970
[17:38:04.325] [SEVERE ] updating countdown to 17860
[17:38:04.325] [SEVERE ] updating countdown to 17860
[17:38:04.435] [SEVERE ] updating countdown to 17750
[17:38:04.435] [SEVERE ] updating countdown to 17750
[17:38:04.544] [SEVERE ] updating countdown to 17641
[17:38:04.544] [SEVERE ] updating countdown to 17641
[17:38:04.654] [SEVERE ] updating countdown to 17531
[17:38:04.654] [SEVERE ] updating countdown to 17531
[17:38:04.764] [SEVERE ] updating countdown to 17421
[17:38:04.764] [SEVERE ] updating countdown to 17421
[17:38:04.873] [SEVERE ] updating countdown to 17312
[17:38:04.873] [SEVERE ] updating countdown to 17312
[17:38:04.983] [SEVERE ] updating countdown to 17202
[17:38:04.983] [SEVERE ] updating countdown to 17202
[17:38:05.092] [SEVERE ] updating countdown to 17093
[17:38:05.092] [SEVERE ] updating countdown to 17093
[17:38:05.202] [SEVERE ] updating countdown to 16983
[17:38:05.202] [SEVERE ] updating countdown to 16983
[17:38:05.311] [SEVERE ] updating countdown to 16874
[17:38:05.311] [SEVERE ] updating countdown to 16874
[17:38:05.420] [SEVERE ] updating countdown to 16765
[17:38:05.420] [SEVERE ] updating countdown to 16765
[17:38:05.530] [SEVERE ] updating countdown to 16655
[17:38:05.530] [SEVERE ] updating countdown to 16655
[17:38:05.639] [SEVERE ] updating countdown to 16546
[17:38:05.639] [SEVERE ] updating countdown to 16546
[17:38:05.749] [SEVERE ] updating countdown to 16436
[17:38:05.749] [SEVERE ] updating countdown to 16436
[17:38:05.857] [SEVERE ] updating countdown to 16328
[17:38:05.858] [SEVERE ] updating countdown to 16327
[17:38:05.966] [SEVERE ] updating countdown to 16219
[17:38:05.966] [SEVERE ] updating countdown to 16219
[17:38:06.075] [SEVERE ] updating countdown to 16110
[17:38:06.075] [SEVERE ] updating countdown to 16110
[17:38:06.185] [SEVERE ] updating countdown to 16000
[17:38:06.185] [SEVERE ] updating countdown to 16000
[17:38:06.295] [SEVERE ] updating countdown to 15890
[17:38:06.297] [SEVERE ] updating countdown to 15888
[17:38:06.405] [SEVERE ] updating countdown to 15780
[17:38:06.405] [SEVERE ] updating countdown to 15780
[17:38:06.514] [SEVERE ] updating countdown to 15671
[17:38:06.514] [SEVERE ] updating countdown to 15671
[17:38:06.624] [SEVERE ] updating countdown to 15561
[17:38:06.624] [SEVERE ] updating countdown to 15561
[17:38:06.733] [SEVERE ] updating countdown to 15452
[17:38:06.733] [SEVERE ] updating countdown to 15452
[17:38:06.844] [SEVERE ] updating countdown to 15341
[17:38:06.844] [SEVERE ] updating countdown to 15341
[17:38:06.954] [SEVERE ] updating countdown to 15231
[17:38:06.954] [SEVERE ] updating countdown to 15231
[17:38:07.063] [SEVERE ] updating countdown to 15122
[17:38:07.063] [SEVERE ] updating countdown to 15122
[17:38:07.172] [SEVERE ] updating countdown to 15013
[17:38:07.172] [SEVERE ] updating countdown to 15013
[17:38:07.282] [SEVERE ] updating countdown to 14903
[17:38:07.282] [SEVERE ] updating countdown to 14903
[17:38:07.391] [SEVERE ] updating countdown to 14794
[17:38:07.391] [SEVERE ] updating countdown to 14794
[17:38:07.500] [SEVERE ] updating countdown to 14685
[17:38:07.500] [SEVERE ] updating countdown to 14685
[17:38:07.610] [SEVERE ] updating countdown to 14575
[17:38:07.610] [SEVERE ] updating countdown to 14575
[17:38:07.720] [SEVERE ] updating countdown to 14465
[17:38:07.720] [SEVERE ] updating countdown to 14465
[17:38:07.829] [SEVERE ] updating countdown to 14356
[17:38:07.829] [SEVERE ] updating countdown to 14356
[17:38:07.939] [SEVERE ] updating countdown to 14246
[17:38:07.939] [SEVERE ] updating countdown to 14246
[17:38:08.048] [SEVERE ] updating countdown to 14137
[17:38:08.048] [SEVERE ] updating countdown to 14137
[17:38:08.156] [SEVERE ] updating countdown to 14029
[17:38:08.156] [SEVERE ] updating countdown to 14029
[17:38:08.267] [SEVERE ] updating countdown to 13918
[17:38:08.267] [SEVERE ] updating countdown to 13918
[17:38:08.376] [SEVERE ] updating countdown to 13809
[17:38:08.376] [SEVERE ] updating countdown to 13809
[17:38:08.486] [SEVERE ] updating countdown to 13699
[17:38:08.486] [SEVERE ] updating countdown to 13699
[17:38:08.595] [SEVERE ] updating countdown to 13590
[17:38:08.595] [SEVERE ] updating countdown to 13590
[17:38:08.704] [SEVERE ] updating countdown to 13481
[17:38:08.704] [SEVERE ] updating countdown to 13481
[17:38:08.814] [SEVERE ] updating countdown to 13371
[17:38:08.814] [SEVERE ] updating countdown to 13371
[17:38:08.923] [SEVERE ] updating countdown to 13262
[17:38:08.923] [SEVERE ] updating countdown to 13262
[17:38:09.032] [SEVERE ] updating countdown to 13153
[17:38:09.032] [SEVERE ] updating countdown to 13153
[17:38:09.142] [SEVERE ] updating countdown to 13043
[17:38:09.142] [SEVERE ] updating countdown to 13043
[17:38:09.251] [SEVERE ] updating countdown to 12934
[17:38:09.251] [SEVERE ] updating countdown to 12934
[17:38:09.360] [SEVERE ] updating countdown to 12825
[17:38:09.360] [SEVERE ] updating countdown to 12825
[17:38:09.470] [SEVERE ] updating countdown to 12715
[17:38:09.470] [SEVERE ] updating countdown to 12715
[17:38:09.579] [SEVERE ] updating countdown to 12606
[17:38:09.579] [SEVERE ] updating countdown to 12606
[17:38:09.689] [SEVERE ] updating countdown to 12496
[17:38:09.689] [SEVERE ] updating countdown to 12496
[17:38:09.798] [SEVERE ] updating countdown to 12387
[17:38:09.798] [SEVERE ] updating countdown to 12387
[17:38:09.907] [SEVERE ] updating countdown to 12278
[17:38:09.907] [SEVERE ] updating countdown to 12278
[17:38:10.017] [SEVERE ] updating countdown to 12168
[17:38:10.017] [SEVERE ] updating countdown to 12168
[17:38:10.126] [SEVERE ] updating countdown to 12059
[17:38:10.126] [SEVERE ] updating countdown to 12059
[17:38:10.236] [SEVERE ] updating countdown to 11949
[17:38:10.236] [SEVERE ] updating countdown to 11949
[17:38:10.343] [SEVERE ] updating countdown to 11842
[17:38:10.343] [SEVERE ] updating countdown to 11842
[17:38:10.453] [SEVERE ] updating countdown to 11732
[17:38:10.453] [SEVERE ] updating countdown to 11732
[17:38:10.563] [SEVERE ] updating countdown to 11622
[17:38:10.563] [SEVERE ] updating countdown to 11622
[17:38:10.672] [SEVERE ] updating countdown to 11513
[17:38:10.672] [SEVERE ] updating countdown to 11513
[17:38:10.782] [SEVERE ] updating countdown to 11403
[17:38:10.782] [SEVERE ] updating countdown to 11403
[17:38:10.891] [SEVERE ] updating countdown to 11294
[17:38:10.891] [SEVERE ] updating countdown to 11294
[17:38:11.001] [SEVERE ] updating countdown to 11184
[17:38:11.001] [SEVERE ] updating countdown to 11184
[17:38:11.111] [SEVERE ] updating countdown to 11074
[17:38:11.111] [SEVERE ] updating countdown to 11074
[17:38:11.221] [SEVERE ] updating countdown to 10964
[17:38:11.221] [SEVERE ] updating countdown to 10964
[17:38:11.330] [SEVERE ] updating countdown to 10855
[17:38:11.330] [SEVERE ] updating countdown to 10855
[17:38:11.440] [SEVERE ] updating countdown to 10745
[17:38:11.440] [SEVERE ] updating countdown to 10745
[17:38:11.549] [SEVERE ] updating countdown to 10636
[17:38:11.549] [SEVERE ] updating countdown to 10636
[17:38:11.658] [SEVERE ] updating countdown to 10527
[17:38:11.658] [SEVERE ] updating countdown to 10527
[17:38:11.768] [SEVERE ] updating countdown to 10417
[17:38:11.768] [SEVERE ] updating countdown to 10417
[17:38:11.877] [SEVERE ] updating countdown to 10308
[17:38:11.877] [SEVERE ] updating countdown to 10308
[17:38:11.987] [SEVERE ] updating countdown to 10198
[17:38:11.987] [SEVERE ] updating countdown to 10198
[17:38:12.097] [SEVERE ] updating countdown to 10088
[17:38:12.097] [SEVERE ] updating countdown to 10088
[17:38:12.206] [SEVERE ] updating countdown to 9979
[17:38:12.206] [SEVERE ] updating countdown to 9979
[17:38:12.316] [SEVERE ] updating countdown to 9869
[17:38:12.316] [SEVERE ] updating countdown to 9869
[17:38:12.426] [SEVERE ] updating countdown to 9759
[17:38:12.426] [SEVERE ] updating countdown to 9759
[17:38:12.534] [SEVERE ] updating countdown to 9651
[17:38:12.534] [SEVERE ] updating countdown to 9651
[17:38:12.643] [SEVERE ] updating countdown to 9542
[17:38:12.643] [SEVERE ] updating countdown to 9542
[17:38:12.753] [SEVERE ] updating countdown to 9432
[17:38:12.753] [SEVERE ] updating countdown to 9432
[17:38:12.863] [SEVERE ] updating countdown to 9322
[17:38:12.863] [SEVERE ] updating countdown to 9322
[17:38:12.972] [SEVERE ] updating countdown to 9213
[17:38:12.972] [SEVERE ] updating countdown to 9213
[17:38:13.082] [SEVERE ] updating countdown to 9103
[17:38:13.082] [SEVERE ] updating countdown to 9103
[17:38:13.191] [SEVERE ] updating countdown to 8994
[17:38:13.191] [SEVERE ] updating countdown to 8994
[17:38:13.301] [SEVERE ] updating countdown to 8884
[17:38:13.301] [SEVERE ] updating countdown to 8884
[17:38:13.411] [SEVERE ] updating countdown to 8774
[17:38:13.411] [SEVERE ] updating countdown to 8774
[17:38:13.520] [SEVERE ] updating countdown to 8665
[17:38:13.520] [SEVERE ] updating countdown to 8665
[17:38:13.630] [SEVERE ] updating countdown to 8555
[17:38:13.630] [SEVERE ] updating countdown to 8555
[17:38:13.739] [SEVERE ] updating countdown to 8446
[17:38:13.739] [SEVERE ] updating countdown to 8446
[17:38:13.849] [SEVERE ] updating countdown to 8336
[17:38:13.849] [SEVERE ] updating countdown to 8336
[17:38:13.959] [SEVERE ] updating countdown to 8226
[17:38:13.959] [SEVERE ] updating countdown to 8226
[17:38:14.068] [SEVERE ] updating countdown to 8117
[17:38:14.068] [SEVERE ] updating countdown to 8117
[17:38:14.177] [SEVERE ] updating countdown to 8008
[17:38:14.177] [SEVERE ] updating countdown to 8008
[17:38:14.287] [SEVERE ] updating countdown to 7898
[17:38:14.287] [SEVERE ] updating countdown to 7898
[17:38:14.396] [SEVERE ] updating countdown to 7789
[17:38:14.396] [SEVERE ] updating countdown to 7789
[17:38:14.506] [SEVERE ] updating countdown to 7679
[17:38:14.506] [SEVERE ] updating countdown to 7679
[17:38:14.615] [SEVERE ] updating countdown to 7570
[17:38:14.615] [SEVERE ] updating countdown to 7570
[17:38:14.724] [SEVERE ] updating countdown to 7461
[17:38:14.724] [SEVERE ] updating countdown to 7461
[17:38:14.835] [SEVERE ] updating countdown to 7350
[17:38:14.835] [SEVERE ] updating countdown to 7350
[17:38:14.945] [SEVERE ] updating countdown to 7240
[17:38:14.945] [SEVERE ] updating countdown to 7240
[17:38:15.054] [SEVERE ] updating countdown to 7131
[17:38:15.054] [SEVERE ] updating countdown to 7131
[17:38:15.164] [SEVERE ] updating countdown to 7021
[17:38:15.164] [SEVERE ] updating countdown to 7021
[17:38:15.273] [SEVERE ] updating countdown to 6912
[17:38:15.273] [SEVERE ] updating countdown to 6912
[17:38:15.383] [SEVERE ] updating countdown to 6802
[17:38:15.383] [SEVERE ] updating countdown to 6802
[17:38:15.492] [SEVERE ] updating countdown to 6693
[17:38:15.492] [SEVERE ] updating countdown to 6693
[17:38:15.602] [SEVERE ] updating countdown to 6583
[17:38:15.602] [SEVERE ] updating countdown to 6583
[17:38:15.712] [SEVERE ] updating countdown to 6473
[17:38:15.712] [SEVERE ] updating countdown to 6473
[17:38:15.821] [SEVERE ] updating countdown to 6364
[17:38:15.821] [SEVERE ] updating countdown to 6364
[17:38:15.931] [SEVERE ] updating countdown to 6254
[17:38:15.931] [SEVERE ] updating countdown to 6254
[17:38:16.040] [SEVERE ] updating countdown to 6145
[17:38:16.040] [SEVERE ] updating countdown to 6145
[17:38:16.149] [SEVERE ] updating countdown to 6036
[17:38:16.149] [SEVERE ] updating countdown to 6036
[17:38:16.259] [SEVERE ] updating countdown to 5926
[17:38:16.259] [SEVERE ] updating countdown to 5926
[17:38:16.370] [SEVERE ] updating countdown to 5815
[17:38:16.370] [SEVERE ] updating countdown to 5815
[17:38:16.480] [SEVERE ] updating countdown to 5705
[17:38:16.480] [SEVERE ] updating countdown to 5705
[17:38:16.589] [SEVERE ] updating countdown to 5596
[17:38:16.589] [SEVERE ] updating countdown to 5596
[17:38:16.699] [SEVERE ] updating countdown to 5486
[17:38:16.699] [SEVERE ] updating countdown to 5486
[17:38:16.810] [SEVERE ] updating countdown to 5375
[17:38:16.810] [SEVERE ] updating countdown to 5375
[17:38:16.918] [SEVERE ] updating countdown to 5267
[17:38:16.918] [SEVERE ] updating countdown to 5267
[17:38:17.028] [SEVERE ] updating countdown to 5157
[17:38:17.028] [SEVERE ] updating countdown to 5157
[17:38:17.137] [SEVERE ] updating countdown to 5048
[17:38:17.137] [SEVERE ] updating countdown to 5048
[17:38:22.287] [SEVERE ] removing card from slot 0
[17:38:22.396] [SEVERE ] removing card from slot 1
[17:38:22.506] [SEVERE ] removing card from slot 2
[17:38:22.615] [SEVERE ] removing card from slot 3
[17:38:22.725] [SEVERE ] removing card from slot 4
[17:38:22.834] [SEVERE ] removing card from slot 5
[17:38:22.944] [SEVERE ] removing card from slot 6
[17:38:23.053] [SEVERE ] removing card from slot 7
[17:38:23.162] [SEVERE ] removing card from slot 8
[17:38:23.272] [SEVERE ] removing card from slot 9
[17:38:23.382] [SEVERE ] removing card from slot 10
[17:38:23.490] [SEVERE ] removing card from slot 11
[17:38:23.600] [SEVERE ] placing card 9 in slot 0
[17:38:23.709] [SEVERE ] placing card 61 in slot 1
[17:38:23.818] [SEVERE ] placing card 35 in slot 2
[17:38:23.928] [SEVERE ] placing card 0 in slot 3
[17:38:24.037] [SEVERE ] placing card 44 in slot 4
[17:38:24.147] [SEVERE ] placing card 65 in slot 5
[17:38:24.256] [SEVERE ] placing card 60 in slot 6
[17:38:24.366] [SEVERE ] placing card 27 in slot 7
[17:38:24.475] [SEVERE ] placing card 58 in slot 8
[17:38:24.585] [SEVERE ] placing card 72 in slot 9
[17:38:24.695] [SEVERE ] placing card 41 in slot 10
[17:38:24.804] [SEVERE ] placing card 2 in slot 11
[17:38:24.804] [SEVERE ] updating countdown to 20000
[17:38:24.913] [SEVERE ] updating countdown to 19941
[17:38:24.913] [SEVERE ] updating countdown to 19941
[17:38:25.023] [SEVERE ] updating countdown to 19831
[17:38:25.023] [SEVERE ] updating countdown to 19831
[17:38:25.132] [SEVERE ] updating countdown to 19722
[17:38:25.132] [SEVERE ] updating countdown to 19722
[17:38:25.241] [SEVERE ] updating countdown to 19613
[17:38:25.241] [SEVERE ] updating countdown to 19613
[17:38:25.351] [SEVERE ] updating countdown to 19503
[17:38:25.351] [SEVERE ] updating countdown to 19503
[17:38:25.461] [SEVERE ] updating countdown to 19393
[17:38:25.461] [SEVERE ] updating countdown to 19393
[17:38:25.571] [SEVERE ] updating countdown to 19283
[17:38:25.571] [SEVERE ] updating countdown to 19283
[17:38:25.679] [SEVERE ] updating countdown to 19175
[17:38:25.679] [SEVERE ] updating countdown to 19175
[17:38:25.789] [SEVERE ] updating countdown to 19065
[17:38:25.789] [SEVERE ] updating countdown to 19065
[17:38:25.899] [SEVERE ] updating countdown to 18955
[17:38:25.899] [SEVERE ] updating countdown to 18955
[17:38:26.009] [SEVERE ] updating countdown to 18845
[17:38:26.009] [SEVERE ] updating countdown to 18845
[17:38:26.118] [SEVERE ] updating countdown to 18736
[17:38:26.118] [SEVERE ] updating countdown to 18736
[17:38:26.228] [SEVERE ] updating countdown to 18626
[17:38:26.228] [SEVERE ] updating countdown to 18626
[17:38:26.337] [SEVERE ] updating countdown to 18517
[17:38:26.337] [SEVERE ] updating countdown to 18517
[17:38:26.446] [SEVERE ] updating countdown to 18408
[17:38:26.446] [SEVERE ] updating countdown to 18408
[17:38:26.556] [SEVERE ] updating countdown to 18298
[17:38:26.556] [SEVERE ] updating countdown to 18298
[17:38:26.666] [SEVERE ] updating countdown to 18188
[17:38:26.666] [SEVERE ] updating countdown to 18188
[17:38:26.775] [SEVERE ] updating countdown to 18079
[17:38:26.775] [SEVERE ] updating countdown to 18079
[17:38:26.885] [SEVERE ] updating countdown to 17969
[17:38:26.885] [SEVERE ] updating countdown to 17969
[17:38:26.994] [SEVERE ] updating countdown to 17860
[17:38:26.994] [SEVERE ] updating countdown to 17860
[17:38:27.104] [SEVERE ] updating countdown to 17750
[17:38:27.104] [SEVERE ] updating countdown to 17750
[17:38:27.213] [SEVERE ] updating countdown to 17641
[17:38:27.213] [SEVERE ] updating countdown to 17641
[17:38:27.323] [SEVERE ] updating countdown to 17531
[17:38:27.323] [SEVERE ] updating countdown to 17531
[17:38:27.433] [SEVERE ] updating countdown to 17421
[17:38:27.433] [SEVERE ] updating countdown to 17421
[17:38:27.543] [SEVERE ] updating countdown to 17311
[17:38:27.543] [SEVERE ] updating countdown to 17311
[17:38:27.652] [SEVERE ] updating countdown to 17202
[17:38:27.652] [SEVERE ] updating countdown to 17202
[17:38:27.762] [SEVERE ] updating countdown to 17092
[17:38:27.762] [SEVERE ] updating countdown to 17092
[17:38:27.871] [SEVERE ] updating countdown to 16983
[17:38:27.871] [SEVERE ] updating countdown to 16983
[17:38:27.980] [SEVERE ] updating countdown to 16874
[17:38:27.980] [SEVERE ] updating countdown to 16874
[17:38:28.090] [SEVERE ] updating countdown to 16764
[17:38:28.090] [SEVERE ] updating countdown to 16764
[17:38:28.199] [SEVERE ] updating countdown to 16655
[17:38:28.199] [SEVERE ] updating countdown to 16655
[17:38:28.309] [SEVERE ] updating countdown to 16545
[17:38:28.309] [SEVERE ] updating countdown to 16545
[17:38:28.419] [SEVERE ] updating countdown to 16435
[17:38:28.419] [SEVERE ] updating countdown to 16435
[17:38:28.528] [SEVERE ] updating countdown to 16326
[17:38:28.528] [SEVERE ] updating countdown to 16326
[17:38:28.638] [SEVERE ] updating countdown to 16216
[17:38:28.638] [SEVERE ] updating countdown to 16216
[17:38:28.748] [SEVERE ] updating countdown to 16106
[17:38:28.748] [SEVERE ] updating countdown to 16106
[17:38:28.857] [SEVERE ] updating countdown to 15997
[17:38:28.857] [SEVERE ] updating countdown to 15997
[17:38:28.966] [SEVERE ] updating countdown to 15888
[17:38:28.966] [SEVERE ] updating countdown to 15888
[17:38:29.076] [SEVERE ] updating countdown to 15778
[17:38:29.076] [SEVERE ] updating countdown to 15778
[17:38:29.185] [SEVERE ] updating countdown to 15669
[17:38:29.185] [SEVERE ] updating countdown to 15669
[17:38:29.294] [SEVERE ] updating countdown to 15560
[17:38:29.294] [SEVERE ] updating countdown to 15560
[17:38:29.404] [SEVERE ] updating countdown to 15450
[17:38:29.404] [SEVERE ] updating countdown to 15450
[17:38:29.517] [SEVERE ] updating countdown to 15337
[17:38:29.517] [SEVERE ] updating countdown to 15337
[17:38:29.627] [SEVERE ] updating countdown to 15227
[17:38:29.628] [SEVERE ] updating countdown to 15226
[17:38:29.736] [SEVERE ] updating countdown to 15118
[17:38:29.736] [SEVERE ] updating countdown to 15118
[17:38:29.846] [SEVERE ] updating countdown to 15008
[17:38:29.846] [SEVERE ] updating countdown to 15008
[17:38:29.955] [SEVERE ] updating countdown to 14899
[17:38:29.955] [SEVERE ] updating countdown to 14899
[17:38:30.064] [SEVERE ] updating countdown to 14790
[17:38:30.064] [SEVERE ] updating countdown to 14790
[17:38:30.174] [SEVERE ] updating countdown to 14680
[17:38:30.174] [SEVERE ] updating countdown to 14680
[17:38:30.283] [SEVERE ] updating countdown to 14571
[17:38:30.283] [SEVERE ] updating countdown to 14571
[17:38:30.393] [SEVERE ] updating countdown to 14461
[17:38:30.393] [SEVERE ] updating countdown to 14461
[17:38:30.503] [SEVERE ] updating countdown to 14351
[17:38:30.503] [SEVERE ] updating countdown to 14351
[17:38:30.612] [SEVERE ] updating countdown to 14242
[17:38:30.612] [SEVERE ] updating countdown to 14242
[17:38:30.721] [SEVERE ] updating countdown to 14133
[17:38:30.721] [SEVERE ] updating countdown to 14133
[17:38:30.831] [SEVERE ] updating countdown to 14023
[17:38:30.831] [SEVERE ] updating countdown to 14023
[17:38:30.941] [SEVERE ] updating countdown to 13913
[17:38:30.941] [SEVERE ] updating countdown to 13913
[17:38:31.050] [SEVERE ] updating countdown to 13804
[17:38:31.050] [SEVERE ] updating countdown to 13804
[17:38:31.160] [SEVERE ] updating countdown to 13694
[17:38:31.160] [SEVERE ] updating countdown to 13694
[17:38:31.269] [SEVERE ] updating countdown to 13585
[17:38:31.269] [SEVERE ] updating countdown to 13585
[17:38:31.379] [SEVERE ] updating countdown to 13475
[17:38:31.379] [SEVERE ] updating countdown to 13475
[17:38:31.492] [SEVERE ] updating countdown to 13362
[17:38:31.492] [SEVERE ] updating countdown to 13362
[17:38:31.601] [SEVERE ] updating countdown to 13253
[17:38:31.601] [SEVERE ] updating countdown to 13253
[17:38:31.711] [SEVERE ] updating countdown to 13143
[17:38:31.711] [SEVERE ] updating countdown to 13143
[17:38:31.821] [SEVERE ] updating countdown to 13033
[17:38:31.821] [SEVERE ] updating countdown to 13033
[17:38:31.930] [SEVERE ] updating countdown to 12924
[17:38:31.930] [SEVERE ] updating countdown to 12924
[17:38:32.039] [SEVERE ] updating countdown to 12815
[17:38:32.039] [SEVERE ] updating countdown to 12815
[17:38:32.147] [SEVERE ] updating countdown to 12707
[17:38:32.147] [SEVERE ] updating countdown to 12707
[17:38:32.257] [SEVERE ] updating countdown to 12597
[17:38:32.257] [SEVERE ] updating countdown to 12597
[17:38:32.367] [SEVERE ] updating countdown to 12487
[17:38:32.367] [SEVERE ] updating countdown to 12487
[17:38:32.476] [SEVERE ] updating countdown to 12378
[17:38:32.476] [SEVERE ] updating countdown to 12378
[17:38:32.585] [SEVERE ] updating countdown to 12269
[17:38:32.585] [SEVERE ] updating countdown to 12269
[17:38:32.695] [SEVERE ] updating countdown to 12159
[17:38:32.695] [SEVERE ] updating countdown to 12159
[17:38:32.805] [SEVERE ] updating countdown to 12049
[17:38:32.805] [SEVERE ] updating countdown to 12049
[17:38:32.914] [SEVERE ] updating countdown to 11940
[17:38:32.914] [SEVERE ] updating countdown to 11940
[17:38:33.024] [SEVERE ] updating countdown to 11830
[17:38:33.024] [SEVERE ] updating countdown to 11830
[17:38:33.133] [SEVERE ] updating countdown to 11721
[17:38:33.133] [SEVERE ] updating countdown to 11721
[17:38:33.243] [SEVERE ] updating countdown to 11611
[17:38:33.243] [SEVERE ] updating countdown to 11611
[17:38:33.352] [SEVERE ] updating countdown to 11502
[17:38:33.352] [SEVERE ] updating countdown to 11502
[17:38:33.461] [SEVERE ] updating countdown to 11393
[17:38:33.461] [SEVERE ] updating countdown to 11393
[17:38:33.571] [SEVERE ] updating countdown to 11283
[17:38:33.571] [SEVERE ] updating countdown to 11283
[17:38:33.680] [SEVERE ] updating countdown to 11174
[17:38:33.680] [SEVERE ] updating countdown to 11174
[17:38:33.791] [SEVERE ] updating countdown to 11063
[17:38:33.791] [SEVERE ] updating countdown to 11063
[17:38:33.901] [SEVERE ] updating countdown to 10953
[17:38:33.901] [SEVERE ] updating countdown to 10953
[17:38:34.010] [SEVERE ] updating countdown to 10844
[17:38:34.010] [SEVERE ] updating countdown to 10844
[17:38:34.120] [SEVERE ] updating countdown to 10734
[17:38:34.120] [SEVERE ] updating countdown to 10734
[17:38:34.230] [SEVERE ] updating countdown to 10624
[17:38:34.230] [SEVERE ] updating countdown to 10624
[17:38:34.339] [SEVERE ] updating countdown to 10515
[17:38:34.339] [SEVERE ] updating countdown to 10515
[17:38:34.448] [SEVERE ] updating countdown to 10406
[17:38:34.448] [SEVERE ] updating countdown to 10406
[17:38:34.558] [SEVERE ] updating countdown to 10296
[17:38:34.558] [SEVERE ] updating countdown to 10296
[17:38:34.667] [SEVERE ] updating countdown to 10187
[17:38:34.667] [SEVERE ] updating countdown to 10187
[17:38:34.777] [SEVERE ] updating countdown to 10077
[17:38:34.777] [SEVERE ] updating countdown to 10077
[17:38:34.887] [SEVERE ] updating countdown to 9967
[17:38:34.887] [SEVERE ] updating countdown to 9967
[17:38:34.997] [SEVERE ] updating countdown to 9857
[17:38:34.997] [SEVERE ] updating countdown to 9857
[17:38:35.106] [SEVERE ] updating countdown to 9748
[17:38:35.106] [SEVERE ] updating countdown to 9748
[17:38:35.216] [SEVERE ] updating countdown to 9638
[17:38:35.216] [SEVERE ] updating countdown to 9638
[17:38:35.326] [SEVERE ] updating countdown to 9528
[17:38:35.326] [SEVERE ] updating countdown to 9528
[17:38:35.435] [SEVERE ] updating countdown to 9419
[17:38:35.435] [SEVERE ] updating countdown to 9419
[17:38:35.544] [SEVERE ] updating countdown to 9310
[17:38:35.544] [SEVERE ] updating countdown to 9310
[17:38:35.654] [SEVERE ] updating countdown to 9200
[17:38:35.654] [SEVERE ] updating countdown to 9200
[17:38:35.764] [SEVERE ] updating countdown to 9090
[17:38:35.764] [SEVERE ] updating countdown to 9090
[17:38:35.874] [SEVERE ] updating countdown to 8980
[17:38:35.874] [SEVERE ] updating countdown to 8980
[17:38:35.984] [SEVERE ] updating countdown to 8870
[17:38:35.984] [SEVERE ] updating countdown to 8870
[17:38:36.094] [SEVERE ] updating countdown to 8760
[17:38:36.094] [SEVERE ] updating countdown to 8760
[17:38:36.203] [SEVERE ] updating countdown to 8651
[17:38:36.203] [SEVERE ] updating countdown to 8651
[17:38:36.313] [SEVERE ] updating countdown to 8541
[17:38:36.313] [SEVERE ] updating countdown to 8541
[17:38:36.422] [SEVERE ] updating countdown to 8432
[17:38:36.422] [SEVERE ] updating countdown to 8432
[17:38:36.531] [SEVERE ] updating countdown to 8323
[17:38:36.531] [SEVERE ] updating countdown to 8323
[17:38:36.641] [SEVERE ] updating countdown to 8213
[17:38:36.641] [SEVERE ] updating countdown to 8213
[17:38:36.751] [SEVERE ] updating countdown to 8103
[17:38:36.751] [SEVERE ] updating countdown to 8103
[17:38:36.861] [SEVERE ] updating countdown to 7993
[17:38:36.861] [SEVERE ] updating countdown to 7993
[17:38:36.971] [SEVERE ] updating countdown to 7883
[17:38:36.971] [SEVERE ] updating countdown to 7883
[17:38:37.081] [SEVERE ] updating countdown to 7773
[17:38:37.081] [SEVERE ] updating countdown to 7773
[17:38:37.190] [SEVERE ] updating countdown to 7664
[17:38:37.190] [SEVERE ] updating countdown to 7664
[17:38:37.300] [SEVERE ] updating countdown to 7554
[17:38:37.300] [SEVERE ] updating countdown to 7554
[17:38:37.410] [SEVERE ] updating countdown to 7444
[17:38:37.410] [SEVERE ] updating countdown to 7444
[17:38:37.520] [SEVERE ] updating countdown to 7334
[17:38:37.520] [SEVERE ] updating countdown to 7334
[17:38:37.630] [SEVERE ] updating countdown to 7224
[17:38:37.630] [SEVERE ] updating countdown to 7224
[17:38:37.740] [SEVERE ] updating countdown to 7114
[17:38:37.740] [SEVERE ] updating countdown to 7114
[17:38:37.850] [SEVERE ] updating countdown to 7004
[17:38:37.850] [SEVERE ] updating countdown to 7004
[17:38:37.960] [SEVERE ] updating countdown to 6894
[17:38:37.960] [SEVERE ] updating countdown to 6894
[17:38:38.069] [SEVERE ] updating countdown to 6785
[17:38:38.069] [SEVERE ] updating countdown to 6785
[17:38:38.178] [SEVERE ] updating countdown to 6676
[17:38:38.178] [SEVERE ] updating countdown to 6676
[17:38:38.288] [SEVERE ] updating countdown to 6566
[17:38:38.288] [SEVERE ] updating countdown to 6566
[17:38:38.397] [SEVERE ] updating countdown to 6457
[17:38:38.397] [SEVERE ] updating countdown to 6457
[17:38:38.510] [SEVERE ] updating countdown to 6344
[17:38:38.510] [SEVERE ] updating countdown to 6344
[17:38:38.619] [SEVERE ] updating countdown to 6235
[17:38:38.619] [SEVERE ] updating countdown to 6235
[17:38:38.729] [SEVERE ] updating countdown to 6125
[17:38:38.729] [SEVERE ] updating countdown to 6125
[17:38:38.837] [SEVERE ] updating countdown to 6017
[17:38:38.837] [SEVERE ] updating countdown to 6017
[17:38:38.947] [SEVERE ] updating countdown to 5907
[17:38:38.947] [SEVERE ] updating countdown to 5907
[17:38:39.056] [SEVERE ] updating countdown to 5798
[17:38:39.056] [SEVERE ] updating countdown to 5798
[17:38:39.166] [SEVERE ] updating countdown to 5688
[17:38:39.166] [SEVERE ] updating countdown to 5688
[17:38:39.275] [SEVERE ] updating countdown to 5579
[17:38:39.275] [SEVERE ] updating countdown to 5579
[17:38:39.385] [SEVERE ] updating countdown to 5469
[17:38:39.385] [SEVERE ] updating countdown to 5469
[17:38:39.494] [SEVERE ] updating countdown to 5360
[17:38:39.494] [SEVERE ] updating countdown to 5360
[17:38:39.604] [SEVERE ] updating countdown to 5250
[17:38:39.604] [SEVERE ] updating countdown to 5250
[17:38:39.713] [SEVERE ] updating countdown to 5141
[17:38:39.713] [SEVERE ] updating countdown to 5141
[17:38:39.822] [SEVERE ] updating countdown to 5032
[17:38:39.822] [SEVERE ] updating countdown to 5032
[17:38:44.861] [SEVERE ] updating countdown to 0
[17:38:44.861] [SEVERE ] updating countdown to 0
[17:38:44.861] [SEVERE ] updating countdown to 0
[17:38:44.971] [SEVERE ] removing card from slot 0
[17:38:45.080] [SEVERE ] removing card from slot 1
[17:38:45.189] [SEVERE ] removing card from slot 2
[17:38:45.298] [SEVERE ] removing card from slot 3
[17:38:45.408] [SEVERE ] removing card from slot 4
[17:38:45.517] [SEVERE ] removing card from slot 5
[17:38:45.627] [SEVERE ] removing card from slot 6
[17:38:45.737] [SEVERE ] removing card from slot 7
[17:38:45.847] [SEVERE ] removing card from slot 8
[17:38:45.956] [SEVERE ] removing card from slot 9
[17:38:46.065] [SEVERE ] removing card from slot 10
[17:38:46.175] [SEVERE ] removing card from slot 11
[17:38:46.288] [SEVERE ] placing card 5 in slot 0
[17:38:46.397] [SEVERE ] placing card 64 in slot 1
[17:38:46.507] [SEVERE ] placing card 8 in slot 2
[17:38:46.616] [SEVERE ] placing card 3 in slot 3
[17:38:46.726] [SEVERE ] placing card 51 in slot 4
[17:38:46.835] [SEVERE ] placing card 74 in slot 5
[17:38:46.944] [SEVERE ] placing card 41 in slot 6
[17:38:47.054] [SEVERE ] placing card 66 in slot 7
[17:38:47.164] [SEVERE ] placing card 19 in slot 8
[17:38:47.273] [SEVERE ] placing card 24 in slot 9
[17:38:47.386] [SEVERE ] placing card 43 in slot 10
[17:38:47.496] [SEVERE ] placing card 26 in slot 11
[17:38:47.496] [SEVERE ] updating countdown to 20000
[17:38:47.605] [SEVERE ] updating countdown to 19941
[17:38:47.605] [SEVERE ] updating countdown to 19941
[17:38:47.715] [SEVERE ] updating countdown to 19831
[17:38:47.715] [SEVERE ] updating countdown to 19831
[17:38:47.824] [SEVERE ] updating countdown to 19722
[17:38:47.824] [SEVERE ] updating countdown to 19722
[17:38:47.934] [SEVERE ] updating countdown to 19612
[17:38:47.934] [SEVERE ] updating countdown to 19612
[17:38:48.043] [SEVERE ] updating countdown to 19503
[17:38:48.043] [SEVERE ] updating countdown to 19503
[17:38:48.153] [SEVERE ] updating countdown to 19393
[17:38:48.153] [SEVERE ] updating countdown to 19393
[17:38:48.262] [SEVERE ] updating countdown to 19284
[17:38:48.262] [SEVERE ] updating countdown to 19284
[17:38:48.372] [SEVERE ] updating countdown to 19174
[17:38:48.372] [SEVERE ] updating countdown to 19174
[17:38:48.481] [SEVERE ] updating countdown to 19065
[17:38:48.481] [SEVERE ] updating countdown to 19065
[17:38:48.591] [SEVERE ] updating countdown to 18955
[17:38:48.591] [SEVERE ] updating countdown to 18955
[17:38:48.701] [SEVERE ] updating countdown to 18845
[17:38:48.701] [SEVERE ] updating countdown to 18845
[17:38:48.810] [SEVERE ] updating countdown to 18736
[17:38:48.810] [SEVERE ] updating countdown to 18736
[17:38:48.919] [SEVERE ] updating countdown to 18627
[17:38:48.919] [SEVERE ] updating countdown to 18627
[17:38:49.034] [SEVERE ] updating countdown to 18512
[17:38:49.034] [SEVERE ] updating countdown to 18512
[17:38:49.143] [SEVERE ] updating countdown to 18403
[17:38:49.143] [SEVERE ] updating countdown to 18403
[17:38:49.253] [SEVERE ] updating countdown to 18293
[17:38:49.253] [SEVERE ] updating countdown to 18293
[17:38:49.362] [SEVERE ] updating countdown to 18184
[17:38:49.362] [SEVERE ] updating countdown to 18184
[17:38:49.471] [SEVERE ] updating countdown to 18075
[17:38:49.471] [SEVERE ] updating countdown to 18075
[17:38:49.581] [SEVERE ] updating countdown to 17965
[17:38:49.581] [SEVERE ] updating countdown to 17965
[17:38:49.691] [SEVERE ] updating countdown to 17855
[17:38:49.691] [SEVERE ] updating countdown to 17855
[17:38:49.801] [SEVERE ] updating countdown to 17745
[17:38:49.801] [SEVERE ] updating countdown to 17745
[17:38:49.910] [SEVERE ] updating countdown to 17636
[17:38:49.910] [SEVERE ] updating countdown to 17636
[17:38:50.020] [SEVERE ] updating countdown to 17526
[17:38:50.020] [SEVERE ] updating countdown to 17526
[17:38:50.133] [SEVERE ] updating countdown to 17413
[17:38:50.133] [SEVERE ] updating countdown to 17413
[17:38:50.242] [SEVERE ] updating countdown to 17304
[17:38:50.242] [SEVERE ] updating countdown to 17304
[17:38:50.352] [SEVERE ] updating countdown to 17194
[17:38:50.352] [SEVERE ] updating countdown to 17194
[17:38:50.461] [SEVERE ] updating countdown to 17085
[17:38:50.461] [SEVERE ] updating countdown to 17085
[17:38:50.571] [SEVERE ] updating countdown to 16975
[17:38:50.571] [SEVERE ] updating countdown to 16975
[17:38:50.681] [SEVERE ] updating countdown to 16865
[17:38:50.681] [SEVERE ] updating countdown to 16865
[17:38:50.791] [SEVERE ] updating countdown to 16755
[17:38:50.791] [SEVERE ] updating countdown to 16755
[17:38:50.901] [SEVERE ] updating countdown to 16645
[17:38:50.901] [SEVERE ] updating countdown to 16645
[17:38:51.010] [SEVERE ] updating countdown to 16536
[17:38:51.010] [SEVERE ] updating countdown to 16536
[17:38:51.119] [SEVERE ] updating countdown to 16427
[17:38:51.119] [SEVERE ] updating countdown to 16427
[17:38:51.229] [SEVERE ] updating countdown to 16317
[17:38:51.229] [SEVERE ] updating countdown to 16317
[17:38:51.338] [SEVERE ] updating countdown to 16208
[17:38:51.338] [SEVERE ] updating countdown to 16208
[17:38:51.448] [SEVERE ] updating countdown to 16098
[17:38:51.448] [SEVERE ] updating countdown to 16098
[17:38:51.557] [SEVERE ] updating countdown to 15989
[17:38:51.557] [SEVERE ] updating countdown to 15989
[17:38:51.666] [SEVERE ] updating countdown to 15880
[17:38:51.666] [SEVERE ] updating countdown to 15880
[17:38:51.776] [SEVERE ] updating countdown to 15770
[17:38:51.776] [SEVERE ] updating countdown to 15770
[17:38:51.885] [SEVERE ] updating countdown to 15661
[17:38:51.885] [SEVERE ] updating countdown to 15661
[17:38:51.995] [SEVERE ] updating countdown to 15551
[17:38:51.995] [SEVERE ] updating countdown to 15551
[17:38:52.105] [SEVERE ] updating countdown to 15441
[17:38:52.105] [SEVERE ] updating countdown to 15441
[17:38:52.215] [SEVERE ] updating countdown to 15331
[17:38:52.215] [SEVERE ] updating countdown to 15331
[17:38:52.325] [SEVERE ] updating countdown to 15221
[17:38:52.325] [SEVERE ] updating countdown to 15221
[17:38:52.435] [SEVERE ] updating countdown to 15111
[17:38:52.435] [SEVERE ] updating countdown to 15111
[17:38:52.545] [SEVERE ] updating countdown to 15001
[17:38:52.545] [SEVERE ] updating countdown to 15001
[17:38:52.654] [SEVERE ] updating countdown to 14892
[17:38:52.654] [SEVERE ] updating countdown to 14892
[17:38:52.764] [SEVERE ] updating countdown to 14782
[17:38:52.764] [SEVERE ] updating countdown to 14782
[17:38:52.875] [SEVERE ] updating countdown to 14671
[17:38:52.875] [SEVERE ] updating countdown to 14671
[17:38:52.985] [SEVERE ] updating countdown to 14561
[17:38:52.985] [SEVERE ] updating countdown to 14561
[17:38:53.097] [SEVERE ] updating countdown to 14449
[17:38:53.097] [SEVERE ] updating countdown to 14449
[17:38:53.207] [SEVERE ] updating countdown to 14339
[17:38:53.207] [SEVERE ] updating countdown to 14339
[17:38:53.316] [SEVERE ] updating countdown to 14230
[17:38:53.316] [SEVERE ] updating countdown to 14230
[17:38:53.426] [SEVERE ] updating countdown to 14120
[17:38:53.426] [SEVERE ] updating countdown to 14120
[17:38:53.535] [SEVERE ] updating countdown to 14011
[17:38:53.535] [SEVERE ] updating countdown to 14011
[17:38:53.645] [SEVERE ] updating countdown to 13901
[17:38:53.645] [SEVERE ] updating countdown to 13901
[17:38:53.754] [SEVERE ] updating countdown to 13792
[17:38:53.754] [SEVERE ] updating countdown to 13792
[17:38:53.863] [SEVERE ] updating countdown to 13683
[17:38:53.863] [SEVERE ] updating countdown to 13683
[17:38:53.973] [SEVERE ] updating countdown to 13573
[17:38:53.973] [SEVERE ] updating countdown to 13573
[17:38:54.082] [SEVERE ] updating countdown to 13464
[17:38:54.082] [SEVERE ] updating countdown to 13464
[17:38:54.191] [SEVERE ] updating countdown to 13355
[17:38:54.191] [SEVERE ] updating countdown to 13355
[17:38:54.301] [SEVERE ] updating countdown to 13245
[17:38:54.301] [SEVERE ] updating countdown to 13245
[17:38:54.410] [SEVERE ] updating countdown to 13136
[17:38:54.410] [SEVERE ] updating countdown to 13136
[17:38:54.520] [SEVERE ] updating countdown to 13026
[17:38:54.520] [SEVERE ] updating countdown to 13026
[17:38:54.629] [SEVERE ] updating countdown to 12917
[17:38:54.629] [SEVERE ] updating countdown to 12917
[17:38:54.738] [SEVERE ] updating countdown to 12808
[17:38:54.738] [SEVERE ] updating countdown to 12808
[17:38:54.848] [SEVERE ] updating countdown to 12698
[17:38:54.848] [SEVERE ] updating countdown to 12698
[17:38:54.958] [SEVERE ] updating countdown to 12588
[17:38:54.958] [SEVERE ] updating countdown to 12588
[17:38:55.067] [SEVERE ] updating countdown to 12479
[17:38:55.067] [SEVERE ] updating countdown to 12479
[17:38:55.176] [SEVERE ] updating countdown to 12370
[17:38:55.176] [SEVERE ] updating countdown to 12370
[17:38:55.286] [SEVERE ] updating countdown to 12260
[17:38:55.286] [SEVERE ] updating countdown to 12260
[17:38:55.395] [SEVERE ] updating countdown to 12151
[17:38:55.395] [SEVERE ] updating countdown to 12151
[17:38:55.505] [SEVERE ] updating countdown to 12041
[17:38:55.505] [SEVERE ] updating countdown to 12041
[17:38:55.614] [SEVERE ] updating countdown to 11932
[17:38:55.614] [SEVERE ] updating countdown to 11932
[17:38:55.724] [SEVERE ] updating countdown to 11822
[17:38:55.724] [SEVERE ] updating countdown to 11822
[17:38:55.833] [SEVERE ] updating countdown to 11713
[17:38:55.833] [SEVERE ] updating countdown to 11713
[17:38:55.943] [SEVERE ] updating countdown to 11603
[17:38:55.943] [SEVERE ] updating countdown to 11603
[17:38:56.053] [SEVERE ] updating countdown to 11493
[17:38:56.053] [SEVERE ] updating countdown to 11493
[17:38:56.162] [SEVERE ] updating countdown to 11384
[17:38:56.162] [SEVERE ] updating countdown to 11384
[17:38:56.272] [SEVERE ] updating countdown to 11274
[17:38:56.272] [SEVERE ] updating countdown to 11274
[17:38:56.382] [SEVERE ] updating countdown to 11164
[17:38:56.382] [SEVERE ] updating countdown to 11164
[17:38:56.492] [SEVERE ] updating countdown to 11054
[17:38:56.492] [SEVERE ] updating countdown to 11054
[17:38:56.601] [SEVERE ] updating countdown to 10945
[17:38:56.601] [SEVERE ] updating countdown to 10945
[17:38:56.711] [SEVERE ] updating countdown to 10835
[17:38:56.711] [SEVERE ] updating countdown to 10835
[17:38:56.821] [SEVERE ] updating countdown to 10725
[17:38:56.821] [SEVERE ] updating countdown to 10725
[17:38:56.931] [SEVERE ] updating countdown to 10615
[17:38:56.931] [SEVERE ] updating countdown to 10615
[17:38:57.040] [SEVERE ] updating countdown to 10506
[17:38:57.040] [SEVERE ] updating countdown to 10506
[17:38:57.149] [SEVERE ] updating countdown to 10397
[17:38:57.149] [SEVERE ] updating countdown to 10397
[17:38:57.259] [SEVERE ] updating countdown to 10287
[17:38:57.259] [SEVERE ] updating countdown to 10287
[17:38:57.368] [SEVERE ] updating countdown to 10178
[17:38:57.368] [SEVERE ] updating countdown to 10178
[17:38:57.478] [SEVERE ] updating countdown to 10068
[17:38:57.478] [SEVERE ] updating countdown to 10068
[17:38:57.587] [SEVERE ] updating countdown to 9959
[17:38:57.587] [SEVERE ] updating countdown to 9959
[17:38:57.697] [SEVERE ] updating countdown to 9849
[17:38:57.697] [SEVERE ] updating countdown to 9849
[17:38:57.806] [SEVERE ] updating countdown to 9740
[17:38:57.806] [SEVERE ] updating countdown to 9740
[17:38:57.916] [SEVERE ] updating countdown to 9630
[17:38:57.916] [SEVERE ] updating countdown to 9630
[17:38:58.026] [SEVERE ] updating countdown to 9520
[17:38:58.026] [SEVERE ] updating countdown to 9520
[17:38:58.135] [SEVERE ] updating countdown to 9411
[17:38:58.135] [SEVERE ] updating countdown to 9411
[17:38:58.244] [SEVERE ] updating countdown to 9302
[17:38:58.244] [SEVERE ] updating countdown to 9302
[17:38:58.354] [SEVERE ] updating countdown to 9192
[17:38:58.354] [SEVERE ] updating countdown to 9192
[17:38:58.462] [SEVERE ] updating countdown to 9084
[17:38:58.462] [SEVERE ] updating countdown to 9084
[17:38:58.572] [SEVERE ] updating countdown to 8974
[17:38:58.572] [SEVERE ] updating countdown to 8974
[17:38:58.682] [SEVERE ] updating countdown to 8864
[17:38:58.682] [SEVERE ] updating countdown to 8864
[17:38:58.791] [SEVERE ] updating countdown to 8755
[17:38:58.791] [SEVERE ] updating countdown to 8755
[17:38:58.900] [SEVERE ] updating countdown to 8646
[17:38:58.900] [SEVERE ] updating countdown to 8646
[17:38:59.010] [SEVERE ] updating countdown to 8536
[17:38:59.010] [SEVERE ] updating countdown to 8536
[17:38:59.119] [SEVERE ] updating countdown to 8427
[17:38:59.119] [SEVERE ] updating countdown to 8427
[17:38:59.229] [SEVERE ] updating countdown to 8317
[17:38:59.229] [SEVERE ] updating countdown to 8317
[17:38:59.338] [SEVERE ] updating countdown to 8208
[17:38:59.338] [SEVERE ] updating countdown to 8208
[17:38:59.447] [SEVERE ] updating countdown to 8099
[17:38:59.447] [SEVERE ] updating countdown to 8099
[17:38:59.556] [SEVERE ] updating countdown to 7990
[17:38:59.556] [SEVERE ] updating countdown to 7990
[17:38:59.666] [SEVERE ] updating countdown to 7880
[17:38:59.666] [SEVERE ] updating countdown to 7880
[17:38:59.776] [SEVERE ] updating countdown to 7770
[17:38:59.776] [SEVERE ] updating countdown to 7770
[17:38:59.885] [SEVERE ] updating countdown to 7661
[17:38:59.885] [SEVERE ] updating countdown to 7661
[17:38:59.994] [SEVERE ] updating countdown to 7552
[17:38:59.994] [SEVERE ] updating countdown to 7552
[17:39:00.104] [SEVERE ] updating countdown to 7442
[17:39:00.104] [SEVERE ] updating countdown to 7442
[17:39:00.213] [SEVERE ] updating countdown to 7333
[17:39:00.213] [SEVERE ] updating countdown to 7333
[17:39:00.323] [SEVERE ] updating countdown to 7223
[17:39:00.323] [SEVERE ] updating countdown to 7223
[17:39:00.432] [SEVERE ] updating countdown to 7114
[17:39:00.432] [SEVERE ] updating countdown to 7114
[17:39:00.541] [SEVERE ] updating countdown to 7005
[17:39:00.541] [SEVERE ] updating countdown to 7005
[17:39:00.651] [SEVERE ] updating countdown to 6895
[17:39:00.651] [SEVERE ] updating countdown to 6895
[17:39:00.761] [SEVERE ] updating countdown to 6785
[17:39:00.761] [SEVERE ] updating countdown to 6785
[17:39:00.871] [SEVERE ] updating countdown to 6675
[17:39:00.871] [SEVERE ] updating countdown to 6675
[17:39:00.980] [SEVERE ] updating countdown to 6566
[17:39:00.980] [SEVERE ] updating countdown to 6566
[17:39:01.089] [SEVERE ] updating countdown to 6457
[17:39:01.089] [SEVERE ] updating countdown to 6457
[17:39:01.199] [SEVERE ] updating countdown to 6347
[17:39:01.199] [SEVERE ] updating countdown to 6347
[17:39:01.308] [SEVERE ] updating countdown to 6238
[17:39:01.308] [SEVERE ] updating countdown to 6238
[17:39:01.417] [SEVERE ] updating countdown to 6129
[17:39:01.417] [SEVERE ] updating countdown to 6129
[17:39:01.527] [SEVERE ] updating countdown to 6019
[17:39:01.527] [SEVERE ] updating countdown to 6019
[17:39:01.637] [SEVERE ] updating countdown to 5909
[17:39:01.637] [SEVERE ] updating countdown to 5909
[17:39:01.747] [SEVERE ] updating countdown to 5799
[17:39:01.747] [SEVERE ] updating countdown to 5799
[17:39:01.857] [SEVERE ] updating countdown to 5689
[17:39:01.857] [SEVERE ] updating countdown to 5689
[17:39:01.969] [SEVERE ] updating countdown to 5577
[17:39:01.969] [SEVERE ] updating countdown to 5577
[17:39:02.079] [SEVERE ] updating countdown to 5467
[17:39:02.079] [SEVERE ] updating countdown to 5467
[17:39:02.188] [SEVERE ] updating countdown to 5358
[17:39:02.188] [SEVERE ] updating countdown to 5358
[17:39:02.297] [SEVERE ] updating countdown to 5249
[17:39:02.297] [SEVERE ] updating countdown to 5249
[17:39:02.407] [SEVERE ] updating countdown to 5139
[17:39:02.407] [SEVERE ] updating countdown to 5139
[17:39:02.507] [SEVERE ] updating countdown to 5039
[17:39:02.507] [SEVERE ] updating countdown to 5039
[17:39:07.650] [SEVERE ] removing card from slot 0
[17:39:07.760] [SEVERE ] removing card from slot 1
[17:39:07.870] [SEVERE ] removing card from slot 2
[17:39:07.980] [SEVERE ] removing card from slot 3
[17:39:08.089] [SEVERE ] removing card from slot 4
[17:39:08.199] [SEVERE ] removing card from slot 5
[17:39:08.309] [SEVERE ] removing card from slot 6
[17:39:08.418] [SEVERE ] removing card from slot 7
[17:39:08.528] [SEVERE ] removing card from slot 8
[17:39:08.637] [SEVERE ] removing card from slot 9
[17:39:08.746] [SEVERE ] removing card from slot 10
[17:39:08.856] [SEVERE ] removing card from slot 11
[17:39:08.966] [SEVERE ] placing card 59 in slot 0
[17:39:09.075] [SEVERE ] placing card 75 in slot 1
[17:39:09.185] [SEVERE ] placing card 53 in slot 2
[17:39:09.294] [SEVERE ] placing card 60 in slot 3
[17:39:09.403] [SEVERE ] placing card 40 in slot 4
[17:39:09.512] [SEVERE ] placing card 23 in slot 5
[17:39:09.621] [SEVERE ] placing card 61 in slot 6
[17:39:09.731] [SEVERE ] placing card 73 in slot 7
[17:39:09.841] [SEVERE ] placing card 27 in slot 8
[17:39:09.950] [SEVERE ] placing card 25 in slot 9
[17:39:10.060] [SEVERE ] placing card 62 in slot 10
[17:39:10.169] [SEVERE ] placing card 19 in slot 11
[17:39:10.169] [SEVERE ] updating countdown to 20000
[17:39:10.278] [SEVERE ] updating countdown to 19941
[17:39:10.278] [SEVERE ] updating countdown to 19941
[17:39:10.388] [SEVERE ] updating countdown to 19831
[17:39:10.388] [SEVERE ] updating countdown to 19831
[17:39:10.498] [SEVERE ] updating countdown to 19721
[17:39:10.498] [SEVERE ] updating countdown to 19721
[17:39:10.607] [SEVERE ] updating countdown to 19612
[17:39:10.607] [SEVERE ] updating countdown to 19612
[17:39:10.716] [SEVERE ] updating countdown to 19503
[17:39:10.716] [SEVERE ] updating countdown to 19503
[17:39:10.826] [SEVERE ] updating countdown to 19393
[17:39:10.826] [SEVERE ] updating countdown to 19393
[17:39:10.935] [SEVERE ] updating countdown to 19284
[17:39:10.935] [SEVERE ] updating countdown to 19284
[17:39:11.045] [SEVERE ] updating countdown to 19174
[17:39:11.045] [SEVERE ] updating countdown to 19174
[17:39:11.155] [SEVERE ] updating countdown to 19064
[17:39:11.155] [SEVERE ] updating countdown to 19064
[17:39:11.265] [SEVERE ] updating countdown to 18954
[17:39:11.265] [SEVERE ] updating countdown to 18954
[17:39:11.375] [SEVERE ] updating countdown to 18844
[17:39:11.375] [SEVERE ] updating countdown to 18844
[17:39:11.484] [SEVERE ] updating countdown to 18735
[17:39:11.484] [SEVERE ] updating countdown to 18735
[17:39:11.593] [SEVERE ] updating countdown to 18626
[17:39:11.593] [SEVERE ] updating countdown to 18626
[17:39:11.703] [SEVERE ] updating countdown to 18516
[17:39:11.703] [SEVERE ] updating countdown to 18516
[17:39:11.813] [SEVERE ] updating countdown to 18406
[17:39:11.813] [SEVERE ] updating countdown to 18406
[17:39:11.922] [SEVERE ] updating countdown to 18297
[17:39:11.922] [SEVERE ] updating countdown to 18297
[17:39:12.032] [SEVERE ] updating countdown to 18187
[17:39:12.032] [SEVERE ] updating countdown to 18187
[17:39:12.141] [SEVERE ] updating countdown to 18078
[17:39:12.141] [SEVERE ] updating countdown to 18078
[17:39:12.251] [SEVERE ] updating countdown to 17968
[17:39:12.251] [SEVERE ] updating countdown to 17968
[17:39:12.360] [SEVERE ] updating countdown to 17859
[17:39:12.360] [SEVERE ] updating countdown to 17859
[17:39:12.470] [SEVERE ] updating countdown to 17749
[17:39:12.470] [SEVERE ] updating countdown to 17749
[17:39:12.580] [SEVERE ] updating countdown to 17639
[17:39:12.580] [SEVERE ] updating countdown to 17639
[17:39:12.690] [SEVERE ] updating countdown to 17529
[17:39:12.690] [SEVERE ] updating countdown to 17529
[17:39:12.800] [SEVERE ] updating countdown to 17419
[17:39:12.800] [SEVERE ] updating countdown to 17419
[17:39:12.909] [SEVERE ] updating countdown to 17310
[17:39:12.909] [SEVERE ] updating countdown to 17310
[17:39:13.019] [SEVERE ] updating countdown to 17200
[17:39:13.019] [SEVERE ] updating countdown to 17200
[17:39:13.129] [SEVERE ] updating countdown to 17090
[17:39:13.129] [SEVERE ] updating countdown to 17090
[17:39:13.239] [SEVERE ] updating countdown to 16980
[17:39:13.239] [SEVERE ] updating countdown to 16980
[17:39:13.349] [SEVERE ] updating countdown to 16870
[17:39:13.349] [SEVERE ] updating countdown to 16870
[17:39:13.459] [SEVERE ] updating countdown to 16760
[17:39:13.459] [SEVERE ] updating countdown to 16760
[17:39:13.569] [SEVERE ] updating countdown to 16650
[17:39:13.569] [SEVERE ] updating countdown to 16650
[17:39:13.678] [SEVERE ] updating countdown to 16541
[17:39:13.678] [SEVERE ] updating countdown to 16541
[17:39:13.787] [SEVERE ] updating countdown to 16432
[17:39:13.787] [SEVERE ] updating countdown to 16432
[17:39:13.897] [SEVERE ] updating countdown to 16322
[17:39:13.897] [SEVERE ] updating countdown to 16322
[17:39:14.006] [SEVERE ] updating countdown to 16213
[17:39:14.006] [SEVERE ] updating countdown to 16213
[17:39:14.116] [SEVERE ] updating countdown to 16103
[17:39:14.116] [SEVERE ] updating countdown to 16103
[17:39:14.226] [SEVERE ] updating countdown to 15993
[17:39:14.226] [SEVERE ] updating countdown to 15993
[17:39:14.335] [SEVERE ] updating countdown to 15884
[17:39:14.335] [SEVERE ] updating countdown to 15884
[17:39:14.445] [SEVERE ] updating countdown to 15774
[17:39:14.445] [SEVERE ] updating countdown to 15774
[17:39:14.555] [SEVERE ] updating countdown to 15664
[17:39:14.555] [SEVERE ] updating countdown to 15664
[17:39:14.665] [SEVERE ] updating countdown to 15554
[17:39:14.665] [SEVERE ] updating countdown to 15554
[17:39:14.774] [SEVERE ] updating countdown to 15445
[17:39:14.774] [SEVERE ] updating countdown to 15445
[17:39:14.884] [SEVERE ] updating countdown to 15335
[17:39:14.884] [SEVERE ] updating countdown to 15335
[17:39:14.994] [SEVERE ] updating countdown to 15225
[17:39:14.994] [SEVERE ] updating countdown to 15225
[17:39:15.103] [SEVERE ] updating countdown to 15116
[17:39:15.103] [SEVERE ] updating countdown to 15116
[17:39:15.212] [SEVERE ] updating countdown to 15007
[17:39:15.212] [SEVERE ] updating countdown to 15007
[17:39:15.322] [SEVERE ] updating countdown to 14897
[17:39:15.322] [SEVERE ] updating countdown to 14897
[17:39:15.431] [SEVERE ] updating countdown to 14788
[17:39:15.431] [SEVERE ] updating countdown to 14788
[17:39:15.541] [SEVERE ] updating countdown to 14678
[17:39:15.541] [SEVERE ] updating countdown to 14678
[17:39:15.651] [SEVERE ] updating countdown to 14568
[17:39:15.651] [SEVERE ] updating countdown to 14568
[17:39:15.760] [SEVERE ] updating countdown to 14459
[17:39:15.760] [SEVERE ] updating countdown to 14459
[17:39:15.871] [SEVERE ] updating countdown to 14348
[17:39:15.871] [SEVERE ] updating countdown to 14348
[17:39:15.979] [SEVERE ] updating countdown to 14240
[17:39:15.979] [SEVERE ] updating countdown to 14240
[17:39:16.089] [SEVERE ] updating countdown to 14130
[17:39:16.089] [SEVERE ] updating countdown to 14130
[17:39:16.199] [SEVERE ] updating countdown to 14020
[17:39:16.199] [SEVERE ] updating countdown to 14020
[17:39:16.308] [SEVERE ] updating countdown to 13911
[17:39:16.308] [SEVERE ] updating countdown to 13911
[17:39:16.417] [SEVERE ] updating countdown to 13802
[17:39:16.417] [SEVERE ] updating countdown to 13802
[17:39:16.527] [SEVERE ] updating countdown to 13692
[17:39:16.527] [SEVERE ] updating countdown to 13692
[17:39:16.637] [SEVERE ] updating countdown to 13582
[17:39:16.637] [SEVERE ] updating countdown to 13582
[17:39:16.699] [SEVERE ] key 82 was pressed by player 1
[17:39:16.699] [SEVERE ] player 1 placing token on slot 3
[17:39:16.746] [SEVERE ] updating countdown to 13473
[17:39:16.746] [SEVERE ] updating countdown to 13473
[17:39:16.856] [SEVERE ] updating countdown to 13363
[17:39:16.856] [SEVERE ] updating countdown to 13363
[17:39:16.965] [SEVERE ] updating countdown to 13254
[17:39:16.965] [SEVERE ] updating countdown to 13254
[17:39:17.074] [SEVERE ] updating countdown to 13145
[17:39:17.074] [SEVERE ] updating countdown to 13145
[17:39:17.184] [SEVERE ] updating countdown to 13035
[17:39:17.184] [SEVERE ] updating countdown to 13035
[17:39:17.294] [SEVERE ] updating countdown to 12925
[17:39:17.294] [SEVERE ] updating countdown to 12925
[17:39:17.403] [SEVERE ] updating countdown to 12816
[17:39:17.403] [SEVERE ] updating countdown to 12816
[17:39:17.513] [SEVERE ] updating countdown to 12706
[17:39:17.513] [SEVERE ] updating countdown to 12706
[17:39:17.622] [SEVERE ] updating countdown to 12597
[17:39:17.622] [SEVERE ] updating countdown to 12597
[17:39:17.731] [SEVERE ] updating countdown to 12488
[17:39:17.731] [SEVERE ] updating countdown to 12488
[17:39:17.841] [SEVERE ] updating countdown to 12378
[17:39:17.841] [SEVERE ] updating countdown to 12378
[17:39:17.950] [SEVERE ] updating countdown to 12269
[17:39:17.950] [SEVERE ] updating countdown to 12269
[17:39:18.060] [SEVERE ] updating countdown to 12159
[17:39:18.060] [SEVERE ] updating countdown to 12159
[17:39:18.169] [SEVERE ] updating countdown to 12050
[17:39:18.169] [SEVERE ] updating countdown to 12050
[17:39:18.278] [SEVERE ] updating countdown to 11941
[17:39:18.278] [SEVERE ] updating countdown to 11941
[17:39:18.388] [SEVERE ] updating countdown to 11831
[17:39:18.388] [SEVERE ] updating countdown to 11831
[17:39:18.499] [SEVERE ] updating countdown to 11720
[17:39:18.499] [SEVERE ] updating countdown to 11720
[17:39:18.577] [SEVERE ] key 68 was pressed by player 1
[17:39:18.577] [SEVERE ] player 1 placing token on slot 6
[17:39:18.609] [SEVERE ] updating countdown to 11610
[17:39:18.609] [SEVERE ] updating countdown to 11610
[17:39:18.718] [SEVERE ] updating countdown to 11501
[17:39:18.718] [SEVERE ] updating countdown to 11501
[17:39:18.827] [SEVERE ] updating countdown to 11392
[17:39:18.827] [SEVERE ] updating countdown to 11392
[17:39:18.937] [SEVERE ] updating countdown to 11282
[17:39:18.937] [SEVERE ] updating countdown to 11282
[17:39:19.046] [SEVERE ] updating countdown to 11173
[17:39:19.046] [SEVERE ] updating countdown to 11173
[17:39:19.155] [SEVERE ] updating countdown to 11064
[17:39:19.155] [SEVERE ] updating countdown to 11064
[17:39:19.265] [SEVERE ] updating countdown to 10954
[17:39:19.265] [SEVERE ] updating countdown to 10954
[17:39:19.374] [SEVERE ] updating countdown to 10845
[17:39:19.374] [SEVERE ] updating countdown to 10845
[17:39:19.484] [SEVERE ] updating countdown to 10735
[17:39:19.484] [SEVERE ] updating countdown to 10735
[17:39:19.594] [SEVERE ] updating countdown to 10625
[17:39:19.594] [SEVERE ] updating countdown to 10625
[17:39:19.703] [SEVERE ] updating countdown to 10516
[17:39:19.703] [SEVERE ] updating countdown to 10516
[17:39:19.816] [SEVERE ] updating countdown to 10403
[17:39:19.816] [SEVERE ] updating countdown to 10403
[17:39:19.910] [SEVERE ] key 67 was pressed by player 1
[17:39:19.910] [SEVERE ] player 1 placing token on slot 10
[17:39:19.910] [SEVERE ] updating countdown to 10309
[17:39:19.910] [INFO   ] remove  in the table step 1
[17:39:19.910] [INFO   ] remove  in the table step 2
[17:39:19.910] [SEVERE ] removing player 1 token from slot 3
[17:39:20.020] [SEVERE ] removing card from slot 3
[17:39:20.020] [SEVERE ] removing player 1 token from slot 6
[17:39:20.129] [SEVERE ] removing card from slot 6
[17:39:20.129] [SEVERE ] removing player 1 token from slot 10
[17:39:20.238] [SEVERE ] removing card from slot 10
[17:39:20.238] [SEVERE ] setting player 1 score to 1
[17:39:20.238] [SEVERE ] setting player 1 freeze to 1000
[17:39:20.347] [SEVERE ] placing card 7 in slot 3
[17:39:20.456] [SEVERE ] placing card 68 in slot 6
[17:39:20.565] [SEVERE ] placing card 11 in slot 10
[17:39:20.565] [SEVERE ] updating countdown to 20000
[17:39:20.675] [SEVERE ] updating countdown to 19940
[17:39:20.675] [SEVERE ] updating countdown to 19940
[17:39:20.784] [SEVERE ] updating countdown to 19831
[17:39:20.784] [SEVERE ] updating countdown to 19831
[17:39:20.894] [SEVERE ] updating countdown to 19721
[17:39:20.894] [SEVERE ] updating countdown to 19721
[17:39:21.003] [SEVERE ] updating countdown to 19612
[17:39:21.003] [SEVERE ] updating countdown to 19612
[17:39:21.112] [SEVERE ] updating countdown to 19503
[17:39:21.112] [SEVERE ] updating countdown to 19503
[17:39:21.222] [SEVERE ] updating countdown to 19393
[17:39:21.222] [SEVERE ] updating countdown to 19393
[17:39:21.253] [SEVERE ] setting player 1 freeze to 0
[17:39:21.332] [SEVERE ] updating countdown to 19283
[17:39:21.332] [SEVERE ] updating countdown to 19283
[17:39:21.441] [SEVERE ] updating countdown to 19174
[17:39:21.441] [SEVERE ] updating countdown to 19174
[17:39:21.550] [SEVERE ] updating countdown to 19065
[17:39:21.550] [SEVERE ] updating countdown to 19065
[17:39:21.660] [SEVERE ] updating countdown to 18955
[17:39:21.660] [SEVERE ] updating countdown to 18955
[17:39:21.770] [SEVERE ] updating countdown to 18845
[17:39:21.770] [SEVERE ] updating countdown to 18845
[17:39:21.879] [SEVERE ] updating countdown to 18736
[17:39:21.879] [SEVERE ] updating countdown to 18736
[17:39:21.988] [SEVERE ] updating countdown to 18627
[17:39:21.988] [SEVERE ] updating countdown to 18627
[17:39:22.098] [SEVERE ] updating countdown to 18517
[17:39:22.098] [SEVERE ] updating countdown to 18517
[17:39:22.207] [SEVERE ] updating countdown to 18408
[17:39:22.207] [SEVERE ] updating countdown to 18408
[17:39:22.317] [SEVERE ] updating countdown to 18298
[17:39:22.317] [SEVERE ] updating countdown to 18298
[17:39:22.426] [SEVERE ] updating countdown to 18189
[17:39:22.426] [SEVERE ] updating countdown to 18189
[17:39:22.535] [SEVERE ] updating countdown to 18080
[17:39:22.535] [SEVERE ] updating countdown to 18080
[17:39:22.645] [SEVERE ] updating countdown to 17970
[17:39:22.645] [SEVERE ] updating countdown to 17970
[17:39:22.754] [SEVERE ] updating countdown to 17861
[17:39:22.754] [SEVERE ] updating countdown to 17861
[17:39:22.863] [SEVERE ] updating countdown to 17752
[17:39:22.863] [SEVERE ] updating countdown to 17752
[17:39:22.973] [SEVERE ] updating countdown to 17642
[17:39:22.973] [SEVERE ] updating countdown to 17642
[17:39:23.083] [SEVERE ] updating countdown to 17532
[17:39:23.083] [SEVERE ] updating countdown to 17532
[17:39:23.192] [SEVERE ] updating countdown to 17423
[17:39:23.192] [SEVERE ] updating countdown to 17423
[17:39:23.302] [SEVERE ] updating countdown to 17313
[17:39:23.302] [SEVERE ] updating countdown to 17313
[17:39:23.411] [SEVERE ] updating countdown to 17204
[17:39:23.411] [SEVERE ] updating countdown to 17204
[17:39:23.521] [SEVERE ] updating countdown to 17094
[17:39:23.521] [SEVERE ] updating countdown to 17094
[17:39:23.631] [SEVERE ] updating countdown to 16984
[17:39:23.631] [SEVERE ] updating countdown to 16984
[17:39:23.740] [SEVERE ] updating countdown to 16875
[17:39:23.740] [SEVERE ] updating countdown to 16875
[17:39:23.850] [SEVERE ] updating countdown to 16765
[17:39:23.850] [SEVERE ] updating countdown to 16765
[17:39:23.960] [SEVERE ] updating countdown to 16655
[17:39:23.960] [SEVERE ] updating countdown to 16655
[17:39:24.069] [SEVERE ] updating countdown to 16546
[17:39:24.069] [SEVERE ] updating countdown to 16546
[17:39:24.179] [SEVERE ] updating countdown to 16436
[17:39:24.179] [SEVERE ] updating countdown to 16436
[17:39:24.289] [SEVERE ] updating countdown to 16326
[17:39:24.289] [SEVERE ] updating countdown to 16326
[17:39:24.401] [SEVERE ] updating countdown to 16214
[17:39:24.401] [SEVERE ] updating countdown to 16214
[17:39:24.510] [SEVERE ] updating countdown to 16105
[17:39:24.510] [SEVERE ] updating countdown to 16105
[17:39:24.619] [SEVERE ] updating countdown to 15996
[17:39:24.619] [SEVERE ] updating countdown to 15996
[17:39:24.729] [SEVERE ] updating countdown to 15886
[17:39:24.729] [SEVERE ] updating countdown to 15886
[17:39:24.839] [SEVERE ] updating countdown to 15776
[17:39:24.839] [SEVERE ] updating countdown to 15776
[17:39:24.948] [SEVERE ] updating countdown to 15667
[17:39:24.948] [SEVERE ] updating countdown to 15667
[17:39:25.058] [SEVERE ] updating countdown to 15557
[17:39:25.058] [SEVERE ] updating countdown to 15557
[17:39:25.167] [SEVERE ] updating countdown to 15448
[17:39:25.167] [SEVERE ] updating countdown to 15448
[17:39:25.277] [SEVERE ] updating countdown to 15338
[17:39:25.277] [SEVERE ] updating countdown to 15338
[17:39:25.380] [SEVERE ] updating countdown to 15235
[17:39:25.380] [SEVERE ] updating countdown to 15235
[17:39:25.495] [SEVERE ] updating countdown to 15120
[17:39:25.495] [SEVERE ] updating countdown to 15120
[17:39:25.605] [SEVERE ] updating countdown to 15010
[17:39:25.605] [SEVERE ] updating countdown to 15010
[17:39:25.714] [SEVERE ] updating countdown to 14901
[17:39:25.714] [SEVERE ] updating countdown to 14901
[17:39:25.746] [SEVERE ] exit button pressed
[17:39:25.746] [SEVERE ] updating countdown to 14869
[17:39:25.748] [INFO   ] remove  in the table step 1
[17:39:25.746] [SEVERE ] setting player 2 freeze to 3000
[17:39:25.748] [INFO   ] remove  in the table step 2
[17:39:25.748] [SEVERE ] setting player 2 freeze to 2000
[17:39:26.758] [SEVERE ] setting player 2 freeze to 1000
[17:39:27.759] [SEVERE ] setting player 2 freeze to 0
[17:39:27.759] [INFO   ] thread Thread-1 terminated.
[17:39:27.759] [SEVERE ] updating countdown to 12856
[17:39:27.759] [SEVERE ] setting player 1 freeze to 3000
[17:39:27.759] [SEVERE ] setting player 1 freeze to 2000
[17:39:27.759] [SEVERE ] updating countdown to 12856
[17:39:27.759] [INFO   ] remove  in the table step 1
[17:39:27.759] [INFO   ] remove  in the table step 2
[17:39:28.769] [SEVERE ] setting player 1 freeze to 1000
[17:39:29.770] [SEVERE ] setting player 1 freeze to 0
[17:39:29.770] [INFO   ] thread Thread-0 terminated.
[17:39:29.770] [SEVERE ] updating countdown to 10845
[17:39:29.770] [SEVERE ] updating countdown to 10845
[17:39:29.880] [SEVERE ] removing card from slot 0
[17:39:29.989] [SEVERE ] removing card from slot 1
[17:39:30.102] [SEVERE ] removing card from slot 2
[17:39:30.211] [SEVERE ] removing card from slot 3
[17:39:30.321] [SEVERE ] removing card from slot 4
[17:39:30.430] [SEVERE ] removing card from slot 5
[17:39:30.540] [SEVERE ] removing card from slot 6
[17:39:30.652] [SEVERE ] removing card from slot 7
[17:39:30.761] [SEVERE ] removing card from slot 8
[17:39:30.871] [SEVERE ] removing card from slot 9
[17:39:30.980] [SEVERE ] removing card from slot 10
[17:39:31.090] [SEVERE ] removing card from slot 11
[17:39:31.090] [SEVERE ] announcing winner(s): player 1
[17:39:31.090] [INFO   ] thread dealer terminated.
[17:39:31.090] [INFO   ] thread dealer terminated.
[17:39:31.090] [SEVERE ] thanks for playing... it was fun!
[17:39:31.090] [INFO   ] thread main terminated.
