[13:03:47.512] [INFO   ] thread main starting.
[13:03:47.520] [SEVERE ] cannot read configuration file config.properties trying from resources.
[13:03:47.521] [SEVERE ] configuration file was loaded from resources directory.
[13:03:48.020] [INFO   ] thread dealer starting.
[13:03:48.021] [INFO   ] thread dealer starting.
[13:03:48.021] [INFO   ] thread Thread-0 starting.
[13:03:48.021] [INFO   ] thread computer-0 starting.
[13:03:48.025] [INFO   ] thread Thread-1 starting.
[13:03:48.025] [INFO   ] thread computer-1 starting.
[13:03:48.025] [INFO   ] thread Thread-2 starting.
[13:03:48.025] [INFO   ] thread computer-2 starting.
[13:03:48.025] [INFO   ] thread Thread-3 starting.
[13:03:48.031] [INFO   ] thread computer-3 starting.
[13:03:48.031] [SEVERE ] updating countdown to 10000
[13:03:48.155] [SEVERE ] placing card 35 in slot 0
[13:03:48.270] [SEVERE ] placing card 65 in slot 1
[13:03:48.382] [SEVERE ] placing card 37 in slot 2
[13:03:48.487] [SEVERE ] placing card 2 in slot 3
[13:03:48.591] [SEVERE ] placing card 6 in slot 4
[13:03:48.693] [SEVERE ] placing card 69 in slot 5
[13:03:48.803] [SEVERE ] placing card 5 in slot 6
[13:03:48.913] [SEVERE ] placing card 9 in slot 7
[13:03:49.022] [SEVERE ] placing card 77 in slot 8
[13:03:49.133] [SEVERE ] placing card 17 in slot 9
[13:03:49.243] [SEVERE ] placing card 49 in slot 10
[13:03:49.354] [SEVERE ] placing card 3 in slot 11
[13:03:49.354] [SEVERE ] updating countdown to 10000
[13:03:49.355] [SEVERE ] player 3 placing token on slot 1
[13:03:49.360] [SEVERE ] player 4 placing token on slot 1
[13:03:49.360] [SEVERE ] player 2 placing token on slot 9
[13:03:49.360] [SEVERE ] player 2 placing token on slot 11
[13:03:49.355] [SEVERE ] player 1 placing token on slot 11
[13:03:49.361] [SEVERE ] player 2 placing token on slot 5
[13:03:49.360] [SEVERE ] player 4 placing token on slot 0
[13:03:49.361] [SEVERE ] player 4 placing token on slot 8
[13:03:49.360] [SEVERE ] player 3 placing token on slot 0
[13:03:49.361] [SEVERE ] updating countdown to 10043
[13:03:49.361] [INFO   ] remove  in the table step 1
[13:03:49.361] [INFO   ] remove  in the table step 2
[13:03:49.361] [SEVERE ] removing player 2 token from slot 9
[13:03:49.361] [SEVERE ] removing player 2 token from slot 11
[13:03:49.361] [SEVERE ] setting player 2 freeze to 0
[13:03:49.361] [SEVERE ] player 1 placing token on slot 3
[13:03:49.363] [SEVERE ] player 2 placing token on slot 7
[13:03:49.363] [SEVERE ] player 2 placing token on slot 1
[13:03:49.363] [SEVERE ] removing player 2 token from slot 5
[13:03:49.361] [SEVERE ] player 3 placing token on slot 7
[13:03:49.363] [SEVERE ] player 2 placing token on slot 8
[13:03:49.363] [SEVERE ] player 1 placing token on slot 5
[13:03:49.364] [SEVERE ] setting player 2 freeze to 0
[13:03:49.365] [SEVERE ] removing player 2 token from slot 7
[13:03:49.365] [SEVERE ] player 2 placing token on slot 10
[13:03:49.366] [SEVERE ] removing player 2 token from slot 1
[13:03:49.366] [SEVERE ] removing player 2 token from slot 8
[13:03:49.366] [SEVERE ] removing player 2 token from slot 10
[13:03:49.366] [INFO   ] remove  in the table step 1
[13:03:49.366] [INFO   ] remove  in the table step 2
[13:03:49.366] [SEVERE ] removing player 4 token from slot 1
[13:03:49.366] [SEVERE ] removing player 4 token from slot 0
[13:03:49.366] [SEVERE ] setting player 4 freeze to 0
[13:03:49.367] [SEVERE ] removing player 4 token from slot 8
[13:03:49.367] [SEVERE ] player 4 placing token on slot 10
[13:03:49.367] [SEVERE ] player 4 placing token on slot 7
[13:03:49.368] [SEVERE ] player 4 placing token on slot 5
[13:03:49.368] [SEVERE ] removing player 4 token from slot 10
[13:03:49.368] [SEVERE ] setting player 4 freeze to 0
[13:03:49.368] [SEVERE ] removing player 4 token from slot 7
[13:03:49.368] [SEVERE ] player 4 placing token on slot 4
[13:03:49.368] [SEVERE ] player 4 placing token on slot 2
[13:03:49.369] [SEVERE ] removing player 4 token from slot 5
[13:03:49.369] [SEVERE ] removing player 4 token from slot 4
[13:03:49.369] [SEVERE ] removing player 4 token from slot 2
[13:03:49.369] [INFO   ] remove  in the table step 1
[13:03:49.369] [INFO   ] remove  in the table step 2
[13:03:49.369] [INFO   ] remove  in the table step 1
[13:03:49.369] [INFO   ] remove  in the table step 2
[13:03:49.369] [SEVERE ] removing player 3 token from slot 1
[13:03:49.369] [SEVERE ] removing player 3 token from slot 0
[13:03:49.369] [SEVERE ] setting player 3 freeze to 0
[13:03:49.371] [SEVERE ] removing player 3 token from slot 7
[13:03:49.371] [INFO   ] remove  in the table step 1
[13:03:49.371] [INFO   ] remove  in the table step 2
[13:03:49.371] [SEVERE ] removing player 1 token from slot 11
[13:03:49.371] [SEVERE ] removing player 1 token from slot 3
[13:03:49.371] [SEVERE ] removing player 1 token from slot 5
[13:03:49.371] [INFO   ] remove  in the table step 1
[13:03:49.372] [INFO   ] remove  in the table step 2
[13:03:49.371] [SEVERE ] player 3 placing token on slot 7
[13:03:49.372] [INFO   ] remove  in the table step 1
[13:03:49.371] [SEVERE ] setting player 1 freeze to 0
[13:03:49.372] [INFO   ] remove  in the table step 2
[13:03:49.372] [SEVERE ] removing player 3 token from slot 7
[13:03:49.373] [SEVERE ] player 3 placing token on slot 2
[13:03:49.373] [SEVERE ] player 1 placing token on slot 5
[13:03:49.373] [SEVERE ] removing player 3 token from slot 2
[13:03:49.373] [SEVERE ] player 1 placing token on slot 9
[13:03:49.373] [SEVERE ] player 3 placing token on slot 6
[13:03:49.373] [SEVERE ] player 1 placing token on slot 4
[13:03:49.374] [SEVERE ] player 3 placing token on slot 2
[13:03:49.374] [SEVERE ] removing player 3 token from slot 6
[13:03:49.374] [SEVERE ] player 3 placing token on slot 9
[13:03:49.374] [SEVERE ] player 3 placing token on slot 10
[13:03:49.374] [SEVERE ] removing player 3 token from slot 2
[13:03:49.374] [SEVERE ] setting player 3 freeze to 0
[13:03:49.375] [SEVERE ] removing player 3 token from slot 9
[13:03:49.375] [SEVERE ] player 3 placing token on slot 11
[13:03:49.375] [SEVERE ] player 3 placing token on slot 1
[13:03:49.375] [SEVERE ] removing player 3 token from slot 10
[13:03:49.375] [SEVERE ] removing player 3 token from slot 11
[13:03:49.375] [SEVERE ] setting player 3 freeze to 0
[13:03:49.376] [SEVERE ] removing player 3 token from slot 1
[13:03:49.376] [SEVERE ] player 3 placing token on slot 6
[13:03:49.376] [SEVERE ] player 3 placing token on slot 10
[13:03:49.376] [SEVERE ] player 3 placing token on slot 9
[13:03:49.376] [SEVERE ] setting player 3 freeze to 0
[13:03:49.377] [SEVERE ] removing player 3 token from slot 6
[13:03:49.377] [SEVERE ] player 3 placing token on slot 8
[13:03:49.377] [SEVERE ] setting player 3 freeze to 0
[13:03:49.377] [SEVERE ] removing player 3 token from slot 10
[13:03:49.377] [SEVERE ] player 3 placing token on slot 5
[13:03:49.377] [SEVERE ] removing player 3 token from slot 9
[13:03:49.377] [SEVERE ] removing player 3 token from slot 8
[13:03:49.377] [SEVERE ] removing player 3 token from slot 5
[13:03:49.377] [SEVERE ] updating countdown to 10027
[13:03:49.377] [SEVERE ] updating countdown to 10027
[13:03:49.377] [INFO   ] remove  in the table step 1
[13:03:49.377] [INFO   ] remove  in the table step 2
[13:03:49.377] [SEVERE ] removing player 1 token from slot 5
[13:03:49.377] [SEVERE ] removing player 1 token from slot 9
[13:03:49.377] [SEVERE ] setting player 1 freeze to 0
[13:03:49.381] [SEVERE ] removing player 1 token from slot 4
[13:03:49.381] [SEVERE ] player 1 placing token on slot 5
[13:03:49.381] [SEVERE ] removing player 1 token from slot 5
[13:03:49.382] [SEVERE ] player 1 placing token on slot 8
[13:03:49.382] [SEVERE ] player 1 placing token on slot 1
[13:03:49.382] [SEVERE ] player 1 placing token on slot 2
[13:03:49.382] [SEVERE ] removing player 1 token from slot 8
[13:03:49.382] [SEVERE ] setting player 1 freeze to 0
[13:03:49.383] [SEVERE ] removing player 1 token from slot 1
[13:03:49.383] [SEVERE ] player 1 placing token on slot 6
[13:03:49.383] [SEVERE ] player 1 placing token on slot 4
[13:03:49.383] [SEVERE ] removing player 1 token from slot 2
[13:03:49.383] [SEVERE ] removing player 1 token from slot 6
[13:03:49.383] [SEVERE ] removing player 1 token from slot 4
[13:03:49.383] [INFO   ] remove  in the table step 1
[13:03:49.383] [INFO   ] remove  in the table step 2
[13:03:49.383] [INFO   ] remove  in the table step 1
[13:03:49.383] [INFO   ] remove  in the table step 2
[13:03:49.383] [INFO   ] remove  in the table step 1
[13:03:49.383] [INFO   ] remove  in the table step 2
[13:03:49.383] [INFO   ] remove  in the table step 1
[13:03:49.383] [INFO   ] remove  in the table step 2
[13:03:49.383] [SEVERE ] updating countdown to 10021
[13:03:50.385] [SEVERE ] updating countdown to 9019
[13:03:50.385] [SEVERE ] updating countdown to 9019
[13:03:51.390] [SEVERE ] updating countdown to 8014
[13:03:51.390] [SEVERE ] updating countdown to 8014
[13:03:52.400] [SEVERE ] updating countdown to 7004
[13:03:52.400] [SEVERE ] updating countdown to 7004
[13:03:53.409] [SEVERE ] updating countdown to 5995
[13:03:53.409] [SEVERE ] updating countdown to 5995
