[02:40:29.343] [INFO   ] thread main starting.
[02:40:29.350] [SEVERE ] cannot read configuration file config.properties trying from resources.
[02:40:29.353] [SEVERE ] configuration file was loaded from resources directory.
[02:40:29.969] [INFO   ] thread dealer starting.
[02:40:29.969] [INFO   ] thread dealer terminated.
[02:40:29.969] [SEVERE ] updating countdown to 10000
[02:40:29.983] [INFO   ] thread Thread-3 starting.
[02:40:29.983] [INFO   ] thread Thread-1 starting.
[02:40:29.969] [INFO   ] thread Thread-0 starting.
[02:40:29.969] [INFO   ] thread Thread-2 starting.
[02:40:29.985] [INFO   ] thread computer-1 starting.
[02:40:29.986] [INFO   ] thread computer-0 starting.
[02:40:29.986] [INFO   ] thread computer-2 starting.
[02:40:29.985] [INFO   ] thread computer-3 starting.
[02:40:30.114] [SEVERE ] placing card 73 in slot 10
[02:40:30.230] [SEVERE ] placing card 39 in slot 0
[02:40:30.332] [SEVERE ] placing card 25 in slot 5
[02:40:30.447] [SEVERE ] placing card 13 in slot 3
[02:40:30.548] [SEVERE ] placing card 11 in slot 2
[02:40:30.649] [SEVERE ] placing card 57 in slot 6
[02:40:30.764] [SEVERE ] placing card 54 in slot 7
[02:40:30.880] [SEVERE ] placing card 9 in slot 8
[02:40:30.992] [SEVERE ] placing card 53 in slot 9
[02:40:31.101] [SEVERE ] placing card 12 in slot 11
[02:40:31.210] [SEVERE ] placing card 17 in slot 4
[02:40:31.320] [SEVERE ] placing card 55 in slot 1
[02:40:32.334] [SEVERE ] updating countdown to 7651
[02:40:33.335] [SEVERE ] updating countdown to 6650
[02:40:34.338] [SEVERE ] updating countdown to 5647
[02:40:35.966] [SEVERE ] exit button pressed
[02:40:35.966] [INFO   ] thread Thread-3 terminated.
[02:40:35.966] [INFO   ] thread Thread-2 terminated.
[02:40:35.966] [INFO   ] thread Thread-1 terminated.
[02:40:35.966] [INFO   ] thread Thread-0 terminated.
[02:40:35.981] [SEVERE ] updating countdown to 10000
[02:40:35.981] [SEVERE ] removing player 1 token from slot 0
[02:40:35.981] [SEVERE ] removing player 2 token from slot 0
[02:40:35.983] [SEVERE ] removing player 3 token from slot 0
[02:40:35.983] [SEVERE ] removing player 4 token from slot 0
[02:40:36.096] [SEVERE ] removing card from slot 0
[02:40:36.096] [SEVERE ] removing player 1 token from slot 1
[02:40:36.096] [SEVERE ] removing player 2 token from slot 1
[02:40:36.096] [SEVERE ] removing player 3 token from slot 1
[02:40:36.096] [SEVERE ] removing player 4 token from slot 1
[02:40:36.206] [SEVERE ] removing card from slot 1
[02:40:36.206] [SEVERE ] removing player 1 token from slot 2
[02:40:36.206] [SEVERE ] removing player 2 token from slot 2
[02:40:36.206] [SEVERE ] removing player 3 token from slot 2
[02:40:36.206] [SEVERE ] removing player 4 token from slot 2
[02:40:36.316] [SEVERE ] removing card from slot 2
[02:40:36.316] [SEVERE ] removing player 1 token from slot 3
[02:40:36.316] [SEVERE ] removing player 2 token from slot 3
[02:40:36.316] [SEVERE ] removing player 3 token from slot 3
[02:40:36.316] [SEVERE ] removing player 4 token from slot 3
[02:40:36.425] [SEVERE ] removing card from slot 3
[02:40:36.425] [SEVERE ] removing player 1 token from slot 4
[02:40:36.425] [SEVERE ] removing player 2 token from slot 4
[02:40:36.425] [SEVERE ] removing player 3 token from slot 4
[02:40:36.425] [SEVERE ] removing player 4 token from slot 4
[02:40:36.534] [SEVERE ] removing card from slot 4
[02:40:36.534] [SEVERE ] removing player 1 token from slot 5
[02:40:36.534] [SEVERE ] removing player 2 token from slot 5
[02:40:36.534] [SEVERE ] removing player 3 token from slot 5
[02:40:36.534] [SEVERE ] removing player 4 token from slot 5
[02:40:36.644] [SEVERE ] removing card from slot 5
[02:40:36.644] [SEVERE ] removing player 1 token from slot 6
[02:40:36.644] [SEVERE ] removing player 2 token from slot 6
[02:40:36.644] [SEVERE ] removing player 3 token from slot 6
[02:40:36.644] [SEVERE ] removing player 4 token from slot 6
[02:40:36.754] [SEVERE ] removing card from slot 6
[02:40:36.754] [SEVERE ] removing player 1 token from slot 7
[02:40:36.754] [SEVERE ] removing player 2 token from slot 7
[02:40:36.756] [SEVERE ] removing player 3 token from slot 7
[02:40:36.756] [SEVERE ] removing player 4 token from slot 7
[02:40:36.864] [SEVERE ] removing card from slot 7
[02:40:36.864] [SEVERE ] removing player 1 token from slot 8
[02:40:36.864] [SEVERE ] removing player 2 token from slot 8
[02:40:36.864] [SEVERE ] removing player 3 token from slot 8
[02:40:36.864] [SEVERE ] removing player 4 token from slot 8
[02:40:36.974] [SEVERE ] removing card from slot 8
[02:40:36.974] [SEVERE ] removing player 1 token from slot 9
[02:40:36.974] [SEVERE ] removing player 2 token from slot 9
[02:40:36.974] [SEVERE ] removing player 3 token from slot 9
[02:40:36.974] [SEVERE ] removing player 4 token from slot 9
[02:40:37.084] [SEVERE ] removing card from slot 9
[02:40:37.084] [SEVERE ] removing player 1 token from slot 10
[02:40:37.084] [SEVERE ] removing player 2 token from slot 10
[02:40:37.084] [SEVERE ] removing player 3 token from slot 10
[02:40:37.084] [SEVERE ] removing player 4 token from slot 10
[02:40:37.193] [SEVERE ] removing card from slot 10
[02:40:37.193] [SEVERE ] removing player 1 token from slot 11
[02:40:37.193] [SEVERE ] removing player 2 token from slot 11
[02:40:37.193] [SEVERE ] removing player 3 token from slot 11
[02:40:37.193] [SEVERE ] removing player 4 token from slot 11
[02:40:37.303] [SEVERE ] removing card from slot 11
[02:40:37.303] [SEVERE ] announcing winner(s): player 1, player 2, player 3, player 4
[02:40:37.303] [INFO   ] thread dealer terminated.
[02:40:37.303] [INFO   ] thread dealer terminated.
[02:40:37.303] [SEVERE ] thanks for playing... it was fun!
[02:40:37.303] [INFO   ] thread main terminated.
