[11:57:07.449] [INFO   ] thread main starting.
[11:57:07.459] [SEVERE ] cannot read configuration file config.properties trying from resources.
[11:57:07.462] [SEVERE ] configuration file was loaded from resources directory.
[11:57:07.999] [INFO   ] thread dealer starting.
[11:57:08.001] [INFO   ] thread Thread-0 starting.
[11:57:08.001] [INFO   ] thread Thread-1 starting.
[11:57:08.002] [SEVERE ] updating countdown to 20000
[11:57:08.343] [SEVERE ] placing card 58 in slot 0
[11:57:08.452] [SEVERE ] placing card 2 in slot 1
[11:57:08.562] [SEVERE ] placing card 34 in slot 2
[11:57:08.672] [SEVERE ] placing card 4 in slot 3
[11:57:08.781] [SEVERE ] placing card 79 in slot 4
[11:57:08.890] [SEVERE ] placing card 29 in slot 5
[11:57:09.000] [SEVERE ] placing card 5 in slot 6
[11:57:09.110] [SEVERE ] placing card 38 in slot 7
[11:57:09.218] [SEVERE ] placing card 80 in slot 8
[11:57:09.329] [SEVERE ] placing card 49 in slot 9
[11:57:09.439] [SEVERE ] placing card 62 in slot 10
[11:57:09.550] [SEVERE ] placing card 28 in slot 11
[11:57:09.550] [SEVERE ] updating countdown to 20000
[11:57:09.661] [SEVERE ] updating countdown to 19939
[11:57:10.098] [SEVERE ] updating countdown to 19502
[11:57:10.212] [SEVERE ] updating countdown to 19388
[11:57:10.647] [SEVERE ] updating countdown to 18953
[11:57:10.756] [SEVERE ] updating countdown to 18844
[11:57:11.195] [SEVERE ] updating countdown to 18405
[11:57:11.305] [SEVERE ] updating countdown to 18295
[11:57:11.744] [SEVERE ] updating countdown to 17856
[11:57:11.855] [SEVERE ] updating countdown to 17745
[11:57:12.297] [SEVERE ] updating countdown to 17303
[11:57:12.406] [SEVERE ] updating countdown to 17194
[11:57:12.851] [SEVERE ] updating countdown to 16749
[11:57:12.960] [SEVERE ] updating countdown to 16640
[11:57:13.395] [SEVERE ] updating countdown to 16205
[11:57:13.505] [SEVERE ] updating countdown to 16095
[11:57:13.943] [SEVERE ] updating countdown to 15657
[11:57:14.052] [SEVERE ] updating countdown to 15548
[11:57:14.488] [SEVERE ] updating countdown to 15112
[11:57:14.597] [SEVERE ] updating countdown to 15003
[11:57:15.030] [SEVERE ] updating countdown to 14570
[11:57:15.141] [SEVERE ] updating countdown to 14459
[11:57:15.580] [SEVERE ] updating countdown to 14020
[11:57:15.689] [SEVERE ] updating countdown to 13911
[11:57:16.128] [SEVERE ] updating countdown to 13472
[11:57:16.238] [SEVERE ] updating countdown to 13362
[11:57:16.677] [SEVERE ] updating countdown to 12923
[11:57:16.787] [SEVERE ] updating countdown to 12813
[11:57:17.226] [SEVERE ] updating countdown to 12374
[11:57:17.335] [SEVERE ] updating countdown to 12265
[11:57:17.773] [SEVERE ] updating countdown to 11827
[11:57:17.887] [SEVERE ] updating countdown to 11713
[11:57:18.330] [SEVERE ] updating countdown to 11270
[11:57:18.440] [SEVERE ] updating countdown to 11160
[11:57:18.692] [SEVERE ] exit button pressed
[11:57:18.879] [SEVERE ] updating countdown to 10721
[11:57:18.989] [SEVERE ] updating countdown to 10611
[11:57:19.428] [SEVERE ] updating countdown to 10172
[11:57:19.538] [SEVERE ] updating countdown to 10062
[11:57:19.980] [SEVERE ] updating countdown to 9620
[11:57:20.089] [SEVERE ] updating countdown to 9511
[11:57:20.530] [SEVERE ] updating countdown to 9070
[11:57:20.640] [SEVERE ] updating countdown to 8960
[11:57:21.070] [SEVERE ] updating countdown to 8530
[11:57:21.179] [SEVERE ] updating countdown to 8421
[11:57:21.599] [SEVERE ] updating countdown to 8002
[11:57:21.706] [SEVERE ] updating countdown to 7894
[11:57:22.129] [SEVERE ] updating countdown to 7471
[11:57:22.241] [SEVERE ] updating countdown to 7359
