[12:39:23.461] [INFO   ] thread main starting.
[12:39:23.469] [SEVERE ] cannot read configuration file config.properties trying from resources.
[12:39:23.472] [SEVERE ] configuration file was loaded from resources directory.
[12:39:24.226] [INFO   ] thread dealer starting.
[12:39:24.226] [INFO   ] thread Thread-0 starting.
[12:39:24.226] [INFO   ] thread computer-0 starting.
[12:39:24.229] [INFO   ] thread Thread-1 starting.
[12:39:24.229] [INFO   ] thread computer-1 starting.
[12:39:24.230] [INFO   ] thread Thread-2 starting.
[12:39:24.230] [INFO   ] thread computer-2 starting.
[12:39:24.231] [INFO   ] thread Thread-3 starting.
[12:39:24.232] [INFO   ] thread computer-3 starting.
[12:39:24.232] [SEVERE ] updating countdown to 10000
[12:39:24.583] [INFO   ] thread computer-2 kp step 1.
[12:39:24.583] [INFO   ] thread computer-2 kp step 2.true
[12:39:24.583] [INFO   ] thread computer-3 kp step 1.
[12:39:24.583] [INFO   ] thread computer-3 kp step 2.true
[12:39:24.583] [INFO   ] thread computer-3 kp step 14.slot size0
[12:39:24.583] [INFO   ] thread computer-2 kp step 14.slot size0
[12:39:24.586] [INFO   ] thread computer-1 kp step 1.
[12:39:24.586] [INFO   ] thread computer-0 kp step 1.
[12:39:24.586] [INFO   ] thread computer-0 kp step 2.true
[12:39:24.586] [INFO   ] thread computer-0 kp step 14.slot size0
[12:39:24.586] [INFO   ] thread computer-1 kp step 2.true
[12:39:24.588] [INFO   ] thread computer-1 kp step 14.slot size0
[12:39:24.765] [SEVERE ] placing card 73 in slot 0
[12:39:24.869] [SEVERE ] placing card 74 in slot 1
[12:39:24.949] [INFO   ] thread computer-3 kp step 1.
[12:39:24.949] [INFO   ] thread computer-3 kp step 2.false
[12:39:24.949] [INFO   ] thread computer-2 kp step 1.
[12:39:24.949] [INFO   ] thread computer-0 kp step 1.
[12:39:24.949] [INFO   ] thread computer-0 kp step 2.false
[12:39:24.949] [INFO   ] thread computer-1 kp step 1.
[12:39:24.950] [INFO   ] thread computer-1 kp step 2.false
[12:39:24.950] [INFO   ] thread computer-1 kp step 14.slot size0
[12:39:24.950] [INFO   ] thread computer-0 kp step 14.slot size0
[12:39:24.949] [INFO   ] thread computer-2 kp step 2.false
[12:39:24.949] [INFO   ] thread computer-3 kp step 14.slot size0
[12:39:24.950] [INFO   ] thread computer-2 kp step 14.slot size0
[12:39:24.982] [SEVERE ] placing card 71 in slot 2
[12:39:25.085] [SEVERE ] placing card 36 in slot 3
[12:39:25.188] [SEVERE ] placing card 3 in slot 4
[12:39:25.299] [SEVERE ] placing card 8 in slot 5
[12:39:25.403] [SEVERE ] placing card 13 in slot 6
[12:39:25.515] [SEVERE ] placing card 7 in slot 7
[12:39:25.625] [SEVERE ] placing card 41 in slot 8
[12:39:25.736] [SEVERE ] placing card 59 in slot 9
[12:39:25.848] [SEVERE ] placing card 28 in slot 10
[12:39:25.958] [SEVERE ] placing card 21 in slot 11
[12:39:25.958] [SEVERE ] updating countdown to 10000
[12:39:26.068] [SEVERE ] updating countdown to 9940
[12:39:26.321] [INFO   ] thread computer-3 kp step 1.
[12:39:26.321] [INFO   ] thread computer-2 kp step 1.
[12:39:26.321] [INFO   ] thread computer-0 kp step 1.
[12:39:26.322] [INFO   ] thread computer-0 kp step 2.true
[12:39:26.322] [INFO   ] thread computer-0 kp step 3.
[12:39:26.323] [INFO   ] thread computer-0 kp step 10.
[12:39:26.323] [INFO   ] thread computer-0 kp step 11. num in q 0 slot: 0
[12:39:26.321] [INFO   ] thread computer-1 kp step 1.
[12:39:26.323] [INFO   ] thread computer-0 kp step 12. num in q 1
[12:39:26.322] [INFO   ] thread computer-2 kp step 2.true
[12:39:26.322] [INFO   ] thread computer-3 kp step 2.true
[12:39:26.323] [INFO   ] thread computer-3 kp step 3.
[12:39:26.323] [INFO   ] thread computer-2 kp step 3.
[12:39:26.323] [SEVERE ] player 1 placing token on slot 0
[12:39:26.323] [INFO   ] thread computer-1 kp step 2.true
[12:39:26.323] [INFO   ] thread computer-2 kp step 10.
[12:39:26.323] [INFO   ] thread computer-3 kp step 10.
[12:39:26.323] [INFO   ] thread computer-2 kp step 11. num in q 0 slot: 8
[12:39:26.323] [INFO   ] thread computer-0 kp step 13.
[12:39:26.323] [INFO   ] thread computer-1 kp step 3.
[12:39:26.325] [INFO   ] thread computer-0 kp step 14.slot size1
[12:39:26.325] [INFO   ] thread computer-2 kp step 12. num in q 1
[12:39:26.323] [INFO   ] thread computer-3 kp step 11. num in q 0 slot: 10
[12:39:26.325] [SEVERE ] player 3 placing token on slot 8
[12:39:26.325] [INFO   ] thread computer-1 kp step 10.
[12:39:26.325] [INFO   ] thread computer-2 kp step 13.
[12:39:26.325] [INFO   ] thread computer-3 kp step 12. num in q 1
[12:39:26.325] [INFO   ] thread computer-2 kp step 14.slot size1
[12:39:26.325] [INFO   ] thread computer-1 kp step 11. num in q 0 slot: 6
[12:39:26.326] [SEVERE ] player 4 placing token on slot 10
[12:39:26.326] [INFO   ] thread computer-1 kp step 12. num in q 1
[12:39:26.326] [SEVERE ] player 2 placing token on slot 6
[12:39:26.326] [INFO   ] thread computer-3 kp step 13.
[12:39:26.327] [INFO   ] thread computer-3 kp step 14.slot size1
[12:39:26.327] [INFO   ] thread computer-1 kp step 13.
[12:39:26.327] [INFO   ] thread computer-1 kp step 14.slot size1
[12:39:26.688] [INFO   ] thread computer-1 kp step 1.
[12:39:26.689] [INFO   ] thread computer-0 kp step 1.
[12:39:26.689] [INFO   ] thread computer-2 kp step 1.
[12:39:26.688] [INFO   ] thread computer-3 kp step 1.
[12:39:26.690] [INFO   ] thread computer-2 kp step 2.true
[12:39:26.689] [INFO   ] thread computer-0 kp step 2.true
[12:39:26.689] [INFO   ] thread computer-1 kp step 2.true
[12:39:26.691] [INFO   ] thread computer-0 kp step 3.
[12:39:26.690] [INFO   ] thread computer-2 kp step 3.
[12:39:26.690] [INFO   ] thread computer-3 kp step 2.true
[12:39:26.691] [INFO   ] thread computer-2 kp step 4.
[12:39:26.691] [INFO   ] thread computer-0 kp step 4.
[12:39:26.691] [INFO   ] thread computer-1 kp step 3.
[12:39:26.692] [INFO   ] thread computer-0 kp step 5.
[12:39:26.692] [INFO   ] thread computer-2 kp step 5.
[12:39:26.691] [INFO   ] thread computer-3 kp step 3.
[12:39:26.692] [INFO   ] thread computer-3 kp step 4.
[12:39:26.694] [INFO   ] thread computer-3 kp step 5.
[12:39:26.692] [INFO   ] thread computer-2 kp step 6.
[12:39:26.692] [INFO   ] thread computer-0 kp step 6.
[12:39:26.692] [INFO   ] thread computer-1 kp step 4.
[12:39:26.694] [INFO   ] thread computer-1 kp step 5.
[12:39:26.694] [INFO   ] thread computer-1 kp step 6.
[12:39:26.694] [INFO   ] thread computer-1 kp step 7. num in q 
[12:39:26.694] [INFO   ] thread computer-1 kp step 10.
[12:39:26.694] [INFO   ] thread computer-1 kp step 11. num in q 1 slot: 8
[12:39:26.694] [INFO   ] thread computer-1 kp step 12. num in q 2
[12:39:26.694] [SEVERE ] player 2 placing token on slot 8
[12:39:26.694] [INFO   ] thread computer-0 kp step 7. num in q 
[12:39:26.694] [INFO   ] thread computer-2 kp step 7. num in q 
[12:39:26.694] [INFO   ] thread computer-3 kp step 6.
[12:39:26.694] [INFO   ] thread computer-3 kp step 7. num in q 
[12:39:26.694] [INFO   ] thread computer-3 kp step 10.
[12:39:26.694] [INFO   ] thread computer-3 kp step 11. num in q 1 slot: 9
[12:39:26.694] [INFO   ] thread computer-3 kp step 12. num in q 2
[12:39:26.694] [SEVERE ] player 4 placing token on slot 9
[12:39:26.694] [INFO   ] thread computer-3 kp step 13.
[12:39:26.694] [INFO   ] thread computer-3 kp step 14.slot size2
[12:39:26.694] [INFO   ] thread computer-2 kp step 10.
[12:39:26.694] [INFO   ] thread computer-2 kp step 11. num in q 1 slot: 11
[12:39:26.694] [INFO   ] thread computer-2 kp step 12. num in q 2
[12:39:26.694] [SEVERE ] player 3 placing token on slot 11
[12:39:26.694] [INFO   ] thread computer-0 kp step 10.
[12:39:26.694] [INFO   ] thread computer-0 kp step 11. num in q 1 slot: 11
[12:39:26.694] [INFO   ] thread computer-0 kp step 12. num in q 2
[12:39:26.694] [SEVERE ] player 1 placing token on slot 11
[12:39:26.694] [INFO   ] thread computer-0 kp step 13.
[12:39:26.694] [INFO   ] thread computer-0 kp step 14.slot size2
[12:39:26.694] [INFO   ] thread computer-1 kp step 13.
[12:39:26.694] [INFO   ] thread computer-1 kp step 14.slot size2
[12:39:26.694] [INFO   ] thread computer-2 kp step 13.
[12:39:26.694] [INFO   ] thread computer-2 kp step 14.slot size2
[12:39:26.957] [SEVERE ] updating countdown to 9051
[12:39:27.053] [INFO   ] thread computer-3 kp step 1.
[12:39:27.053] [INFO   ] thread computer-2 kp step 1.
[12:39:27.053] [INFO   ] thread computer-1 kp step 1.
[12:39:27.053] [INFO   ] thread computer-1 kp step 2.true
[12:39:27.053] [INFO   ] thread computer-0 kp step 1.
[12:39:27.054] [INFO   ] thread computer-1 kp step 3.
[12:39:27.053] [INFO   ] thread computer-2 kp step 2.true
[12:39:27.053] [INFO   ] thread computer-3 kp step 2.true
[12:39:27.054] [INFO   ] thread computer-2 kp step 3.
[12:39:27.054] [INFO   ] thread computer-2 kp step 4.
[12:39:27.054] [INFO   ] thread computer-2 kp step 5.
[12:39:27.054] [INFO   ] thread computer-2 kp step 6.
[12:39:27.054] [INFO   ] thread computer-2 kp step 7. num in q 
[12:39:27.054] [INFO   ] thread computer-2 kp step 4.
[12:39:27.054] [INFO   ] thread computer-2 kp step 5.
[12:39:27.054] [INFO   ] thread computer-2 kp step 6.
[12:39:27.054] [INFO   ] thread computer-2 kp step 7. num in q 
[12:39:27.054] [INFO   ] thread computer-2 kp step 10.
[12:39:27.054] [INFO   ] thread computer-2 kp step 11. num in q 2 slot: 10
[12:39:27.054] [INFO   ] thread computer-2 kp step 12. num in q 3
[12:39:27.054] [SEVERE ] player 3 placing token on slot 10
[12:39:27.054] [INFO   ] thread computer-2 kp step 13.
[12:39:27.054] [INFO   ] thread computer-2 kp step 14.slot size3
[12:39:27.054] [INFO   ] thread computer-2 kp step 15.
[12:39:27.054] [INFO   ] thread computer-2 kp step 16.
[12:39:27.054] [INFO   ] thread computer-1 kp step 4.
[12:39:27.054] [INFO   ] thread Thread-2 player was notified by dealer. the player is: 2there are 3 slots
[12:39:27.054] [INFO   ] thread computer-0 kp step 2.true
[12:39:27.054] [INFO   ] thread computer-0 kp step 3.
[12:39:27.054] [INFO   ] thread computer-0 kp step 4.
[12:39:27.054] [INFO   ] thread computer-0 kp step 5.
[12:39:27.054] [INFO   ] thread computer-0 kp step 6.
[12:39:27.054] [INFO   ] thread computer-0 kp step 7. num in q 
[12:39:27.054] [INFO   ] thread computer-0 kp step 4.
[12:39:27.054] [INFO   ] thread computer-0 kp step 5.
[12:39:27.054] [INFO   ] thread computer-0 kp step 6.
[12:39:27.054] [INFO   ] thread computer-0 kp step 7. num in q 
[12:39:27.054] [INFO   ] thread computer-0 kp step 10.
[12:39:27.054] [INFO   ] thread computer-0 kp step 11. num in q 2 slot: 5
[12:39:27.054] [INFO   ] thread computer-0 kp step 12. num in q 3
[12:39:27.054] [SEVERE ] player 1 placing token on slot 5
[12:39:27.054] [INFO   ] thread computer-0 kp step 13.
[12:39:27.054] [INFO   ] thread computer-0 kp step 14.slot size3
[12:39:27.054] [INFO   ] thread computer-0 kp step 15.
[12:39:27.054] [INFO   ] thread computer-0 kp step 16.
[12:39:27.054] [INFO   ] thread computer-1 kp step 5.
[12:39:27.054] [INFO   ] thread computer-1 kp step 6.
[12:39:27.054] [INFO   ] thread computer-1 kp step 7. num in q 
[12:39:27.054] [INFO   ] thread computer-1 kp step 4.
[12:39:27.054] [INFO   ] thread computer-1 kp step 5.
[12:39:27.054] [INFO   ] thread computer-1 kp step 6.
[12:39:27.054] [INFO   ] thread computer-1 kp step 7. num in q 
[12:39:27.054] [INFO   ] thread computer-1 kp step 10.
[12:39:27.054] [INFO   ] thread computer-1 kp step 11. num in q 2 slot: 11
[12:39:27.054] [INFO   ] thread computer-1 kp step 12. num in q 3
[12:39:27.054] [SEVERE ] player 2 placing token on slot 11
[12:39:27.054] [INFO   ] thread computer-1 kp step 13.
[12:39:27.054] [INFO   ] thread computer-1 kp step 14.slot size3
[12:39:27.054] [INFO   ] thread computer-1 kp step 15.
[12:39:27.054] [INFO   ] thread computer-1 kp step 16.
[12:39:27.054] [INFO   ] thread computer-3 kp step 3.
[12:39:27.054] [INFO   ] thread Thread-0 player was notified by dealer. the player is: 0there are 3 slots
[12:39:27.054] [SEVERE ] updating countdown to 8954
[12:39:27.054] [INFO   ] thread Thread-1 player was notified by dealer. the player is: 1there are 3 slots
[12:39:27.054] [INFO   ] thread computer-3 kp step 4.
[12:39:27.054] [INFO   ] thread computer-3 kp step 5.
[12:39:27.054] [INFO   ] thread computer-3 kp step 6.
[12:39:27.054] [INFO   ] thread computer-3 kp step 7. num in q 
[12:39:27.054] [INFO   ] thread computer-3 kp step 4.
[12:39:27.054] [INFO   ] thread computer-3 kp step 5.
[12:39:27.054] [INFO   ] thread computer-3 kp step 6.
[12:39:27.054] [INFO   ] thread computer-3 kp step 7. num in q 
[12:39:27.054] [INFO   ] thread computer-3 kp step 10.
[12:39:27.054] [INFO   ] thread computer-3 kp step 11. num in q 2 slot: 2
[12:39:27.054] [INFO   ] thread computer-3 kp step 12. num in q 3
[12:39:27.054] [SEVERE ] player 4 placing token on slot 2
[12:39:27.054] [INFO   ] thread computer-3 kp step 13.
[12:39:27.054] [INFO   ] thread computer-3 kp step 14.slot size3
[12:39:27.054] [INFO   ] thread computer-3 kp step 15.
[12:39:27.054] [INFO   ] thread computer-3 kp step 16.
[12:39:27.054] [INFO   ] thread Thread-3 player was notified by dealer. the player is: 3there are 3 slots
[12:39:27.497] [INFO   ] remove  in the table step 1
[12:39:27.497] [INFO   ] remove  in the table step 2
[12:39:27.497] [SEVERE ] removing player 3 token from slot 8
[12:39:27.497] [SEVERE ] removing player 3 token from slot 11
[12:39:27.497] [SEVERE ] removing player 3 token from slot 10
[12:39:27.497] [INFO   ] thread Thread-2 player was notified by dealer.
[12:39:27.499] [INFO   ] penalty
[12:39:27.499] [SEVERE ] setting player 3 freeze to 0
[12:39:27.500] [INFO   ] remove  in the table step 1
[12:39:27.500] [INFO   ] remove  in the table step 2
[12:39:27.500] [SEVERE ] removing player 1 token from slot 0
[12:39:27.500] [INFO   ] thread Thread-2 player was notified by dealer. the player is: 2there are 0 slots
[12:39:27.500] [INFO   ] thread Thread-0 player was notified by dealer.
[12:39:27.500] [INFO   ] penalty
[12:39:27.500] [SEVERE ] setting player 1 freeze to 0
[12:39:27.500] [SEVERE ] removing player 1 token from slot 11
[12:39:27.501] [SEVERE ] removing player 1 token from slot 5
[12:39:27.501] [INFO   ] remove  in the table step 1
[12:39:27.501] [INFO   ] remove  in the table step 2
[12:39:27.501] [SEVERE ] removing player 2 token from slot 6
[12:39:27.501] [SEVERE ] removing player 2 token from slot 8
[12:39:27.501] [INFO   ] thread Thread-1 player was notified by dealer.
[12:39:27.502] [INFO   ] penalty
[12:39:27.502] [SEVERE ] setting player 2 freeze to 0
[12:39:27.502] [SEVERE ] removing player 2 token from slot 11
[12:39:27.502] [INFO   ] remove  in the table step 1
[12:39:27.502] [INFO   ] remove  in the table step 2
[12:39:27.502] [SEVERE ] removing player 4 token from slot 10
[12:39:27.502] [SEVERE ] removing player 4 token from slot 9
[12:39:27.502] [SEVERE ] removing player 4 token from slot 2
[12:39:27.502] [INFO   ] remove  in the table step 1
[12:39:27.502] [INFO   ] remove  in the table step 2
[12:39:27.502] [INFO   ] thread Thread-3 player was notified by dealer.
[12:39:27.502] [INFO   ] penalty
[12:39:27.502] [SEVERE ] setting player 4 freeze to 0
[12:39:27.502] [INFO   ] thread Thread-1 player was notified by dealer. the player is: 1there are 0 slots
[12:39:27.865] [INFO   ] thread computer-2 kp step 1.
[12:39:27.865] [INFO   ] thread computer-2 kp step 2.false
[12:39:27.865] [INFO   ] thread computer-2 kp step 14.slot size0
[12:39:27.865] [INFO   ] thread computer-0 kp step 1.
[12:39:27.865] [INFO   ] thread computer-0 kp step 2.false
[12:39:27.865] [INFO   ] thread computer-0 kp step 14.slot size0
[12:39:27.944] [SEVERE ] updating countdown to 8064
[12:39:27.944] [SEVERE ] updating countdown to 8064
[12:39:28.308] [INFO   ] thread computer-1 kp step 1.
[12:39:28.309] [INFO   ] thread computer-3 kp step 1.
[12:39:28.308] [INFO   ] thread computer-0 kp step 1.
[12:39:28.309] [INFO   ] thread computer-0 kp step 2.true
[12:39:28.309] [INFO   ] thread computer-0 kp step 3.
[12:39:28.308] [INFO   ] thread computer-2 kp step 1.
[12:39:28.309] [INFO   ] thread computer-0 kp step 10.
[12:39:28.310] [INFO   ] thread computer-0 kp step 11. num in q 0 slot: 9
[12:39:28.310] [INFO   ] thread computer-0 kp step 12. num in q 1
[12:39:28.309] [INFO   ] thread computer-3 kp step 2.true
[12:39:28.310] [INFO   ] thread computer-3 kp step 3.
[12:39:28.310] [INFO   ] thread computer-3 kp step 10.
[12:39:28.310] [INFO   ] thread computer-3 kp step 11. num in q 0 slot: 1
[12:39:28.309] [INFO   ] thread computer-1 kp step 2.true
[12:39:28.310] [INFO   ] thread computer-1 kp step 3.
[12:39:28.310] [INFO   ] thread computer-1 kp step 10.
[12:39:28.310] [INFO   ] thread computer-3 kp step 12. num in q 1
[12:39:28.310] [SEVERE ] player 1 placing token on slot 9
[12:39:28.310] [INFO   ] thread computer-2 kp step 2.true
[12:39:28.310] [INFO   ] thread computer-2 kp step 3.
[12:39:28.310] [INFO   ] thread computer-2 kp step 10.
[12:39:28.310] [INFO   ] thread computer-2 kp step 11. num in q 0 slot: 2
[12:39:28.310] [INFO   ] thread computer-2 kp step 12. num in q 1
[12:39:28.310] [SEVERE ] player 3 placing token on slot 2
[12:39:28.310] [SEVERE ] player 4 placing token on slot 1
[12:39:28.310] [INFO   ] thread computer-3 kp step 13.
[12:39:28.310] [INFO   ] thread computer-1 kp step 11. num in q 0 slot: 5
[12:39:28.310] [INFO   ] thread computer-3 kp step 14.slot size1
[12:39:28.310] [INFO   ] thread computer-2 kp step 13.
[12:39:28.310] [INFO   ] thread computer-0 kp step 13.
[12:39:28.310] [INFO   ] thread computer-2 kp step 14.slot size1
[12:39:28.310] [INFO   ] thread computer-1 kp step 12. num in q 1
[12:39:28.310] [INFO   ] thread computer-0 kp step 14.slot size1
[12:39:28.310] [SEVERE ] player 2 placing token on slot 5
[12:39:28.314] [INFO   ] thread computer-1 kp step 13.
[12:39:28.314] [INFO   ] thread computer-1 kp step 14.slot size1
[12:39:28.376] [INFO   ] remove  in the table step 1
[12:39:28.376] [INFO   ] remove  in the table step 2
[12:39:28.376] [SEVERE ] removing player 2 token from slot 5
[12:39:28.664] [INFO   ] thread computer-0 kp step 1.
[12:39:28.664] [INFO   ] thread computer-0 kp step 2.true
[12:39:28.664] [INFO   ] thread computer-0 kp step 3.
[12:39:28.664] [INFO   ] thread computer-0 kp step 4.
[12:39:28.664] [INFO   ] thread computer-0 kp step 5.
[12:39:28.664] [INFO   ] thread computer-0 kp step 6.
[12:39:28.664] [INFO   ] thread computer-0 kp step 7. num in q 
[12:39:28.664] [INFO   ] thread computer-0 kp step 10.
[12:39:28.665] [INFO   ] thread computer-0 kp step 11. num in q 1 slot: 1
[12:39:28.665] [INFO   ] thread computer-0 kp step 12. num in q 2
[12:39:28.665] [SEVERE ] player 1 placing token on slot 1
[12:39:28.665] [INFO   ] thread computer-0 kp step 13.
[12:39:28.665] [INFO   ] thread computer-0 kp step 14.slot size2
[12:39:28.671] [INFO   ] thread computer-1 kp step 1.
[12:39:28.671] [INFO   ] thread computer-2 kp step 1.
[12:39:28.671] [INFO   ] thread computer-3 kp step 1.
[12:39:28.671] [INFO   ] thread computer-3 kp step 2.true
[12:39:28.671] [INFO   ] thread computer-2 kp step 2.true
[12:39:28.671] [INFO   ] thread computer-2 kp step 3.
[12:39:28.671] [INFO   ] thread computer-1 kp step 2.true
[12:39:28.671] [INFO   ] thread computer-1 kp step 3.
[12:39:28.672] [INFO   ] thread computer-1 kp step 10.
[12:39:28.671] [INFO   ] thread computer-2 kp step 4.
[12:39:28.671] [INFO   ] thread computer-3 kp step 3.
[12:39:28.672] [INFO   ] thread computer-2 kp step 5.
[12:39:28.672] [INFO   ] thread computer-1 kp step 11. num in q 0 slot: 2
[12:39:28.672] [INFO   ] thread computer-2 kp step 6.
[12:39:28.672] [INFO   ] thread computer-3 kp step 4.
[12:39:28.672] [INFO   ] thread computer-2 kp step 7. num in q 
[12:39:28.672] [INFO   ] thread computer-1 kp step 12. num in q 1
[12:39:28.672] [INFO   ] thread computer-2 kp step 10.
[12:39:28.672] [INFO   ] thread computer-3 kp step 5.
[12:39:28.672] [INFO   ] thread computer-3 kp step 6.
[12:39:28.672] [INFO   ] thread computer-3 kp step 7. num in q 
[12:39:28.672] [INFO   ] thread computer-3 kp step 10.
[12:39:28.672] [INFO   ] thread computer-3 kp step 11. num in q 1 slot: 4
[12:39:28.672] [INFO   ] thread computer-3 kp step 12. num in q 2
[12:39:28.672] [SEVERE ] player 4 placing token on slot 4
[12:39:28.673] [INFO   ] thread computer-3 kp step 13.
[12:39:28.673] [INFO   ] thread computer-3 kp step 14.slot size2
[12:39:28.672] [INFO   ] thread computer-2 kp step 11. num in q 1 slot: 4
[12:39:28.673] [INFO   ] thread computer-2 kp step 12. num in q 2
[12:39:28.673] [SEVERE ] player 3 placing token on slot 4
[12:39:28.673] [INFO   ] thread computer-2 kp step 13.
[12:39:28.673] [INFO   ] thread computer-2 kp step 14.slot size2
[12:39:28.672] [SEVERE ] player 2 placing token on slot 2
[12:39:28.673] [INFO   ] thread computer-1 kp step 13.
[12:39:28.673] [INFO   ] thread computer-1 kp step 14.slot size1
[12:39:29.019] [INFO   ] thread computer-0 kp step 1.
[12:39:29.019] [INFO   ] thread computer-0 kp step 2.true
[12:39:29.019] [INFO   ] thread computer-0 kp step 3.
[12:39:29.019] [INFO   ] thread computer-0 kp step 4.
[12:39:29.019] [INFO   ] thread computer-0 kp step 5.
[12:39:29.019] [INFO   ] thread computer-0 kp step 6.
[12:39:29.019] [INFO   ] thread computer-0 kp step 7. num in q 
[12:39:29.019] [INFO   ] thread computer-0 kp step 4.
[12:39:29.019] [INFO   ] thread computer-0 kp step 5.
[12:39:29.019] [INFO   ] thread computer-0 kp step 6.
[12:39:29.019] [INFO   ] thread computer-0 kp step 7. num in q 
[12:39:29.019] [INFO   ] thread computer-0 kp step 10.
[12:39:29.019] [INFO   ] thread computer-0 kp step 11. num in q 2 slot: 6
[12:39:29.019] [INFO   ] thread computer-0 kp step 12. num in q 3
[12:39:29.019] [SEVERE ] player 1 placing token on slot 6
[12:39:29.019] [INFO   ] thread computer-0 kp step 13.
[12:39:29.019] [INFO   ] thread computer-0 kp step 14.slot size3
[12:39:29.019] [INFO   ] thread computer-0 kp step 15.
[12:39:29.019] [INFO   ] thread computer-0 kp step 16.
[12:39:29.019] [INFO   ] thread Thread-0 player was notified by dealer. the player is: 0there are 3 slots
[12:39:29.035] [INFO   ] thread computer-2 kp step 1.
[12:39:29.035] [INFO   ] thread computer-1 kp step 1.
[12:39:29.035] [INFO   ] thread computer-1 kp step 2.true
[12:39:29.035] [INFO   ] thread computer-1 kp step 3.
[12:39:29.036] [INFO   ] thread computer-1 kp step 4.
[12:39:29.036] [INFO   ] thread computer-1 kp step 5.
[12:39:29.036] [INFO   ] thread computer-1 kp step 6.
[12:39:29.035] [INFO   ] thread computer-3 kp step 1.
[12:39:29.036] [INFO   ] thread computer-3 kp step 2.true
[12:39:29.036] [INFO   ] thread computer-3 kp step 3.
[12:39:29.036] [INFO   ] thread computer-3 kp step 4.
[12:39:29.036] [INFO   ] thread computer-3 kp step 5.
[12:39:29.036] [INFO   ] thread computer-3 kp step 6.
[12:39:29.036] [INFO   ] thread computer-3 kp step 7. num in q 
[12:39:29.036] [INFO   ] thread computer-3 kp step 4.
[12:39:29.036] [INFO   ] thread computer-3 kp step 5.
[12:39:29.036] [INFO   ] thread computer-3 kp step 6.
[12:39:29.036] [INFO   ] thread computer-1 kp step 7. num in q 
[12:39:29.035] [INFO   ] thread computer-2 kp step 2.true
[12:39:29.036] [INFO   ] thread computer-1 kp step 10.
[12:39:29.036] [INFO   ] thread computer-3 kp step 7. num in q 
[12:39:29.036] [INFO   ] thread computer-3 kp step 10.
[12:39:29.036] [INFO   ] thread computer-1 kp step 11. num in q 1 slot: 1
[12:39:29.036] [INFO   ] thread computer-2 kp step 3.
[12:39:29.036] [INFO   ] thread computer-2 kp step 4.
[12:39:29.036] [INFO   ] thread computer-2 kp step 5.
[12:39:29.036] [INFO   ] thread computer-2 kp step 6.
[12:39:29.036] [INFO   ] thread computer-2 kp step 8.
[12:39:29.036] [SEVERE ] removing player 3 token from slot 2
[12:39:29.036] [INFO   ] thread computer-2 kp step 9.
[12:39:29.036] [INFO   ] thread computer-2 kp step 10.
[12:39:29.036] [INFO   ] thread computer-1 kp step 12. num in q 2
[12:39:29.036] [SEVERE ] player 2 placing token on slot 1
[12:39:29.036] [INFO   ] thread computer-3 kp step 11. num in q 2 slot: 2
[12:39:29.036] [INFO   ] thread computer-3 kp step 12. num in q 3
[12:39:29.036] [SEVERE ] player 4 placing token on slot 2
[12:39:29.036] [INFO   ] thread computer-1 kp step 13.
[12:39:29.036] [INFO   ] thread computer-3 kp step 13.
[12:39:29.036] [INFO   ] thread computer-2 kp step 14.slot size1
[12:39:29.036] [INFO   ] thread computer-3 kp step 14.slot size3
[12:39:29.036] [INFO   ] thread computer-3 kp step 15.
[12:39:29.036] [INFO   ] thread computer-3 kp step 16.
[12:39:29.036] [INFO   ] thread computer-1 kp step 14.slot size2
[12:39:29.036] [INFO   ] thread Thread-3 player was notified by dealer. the player is: 3there are 3 slots
[12:39:29.399] [INFO   ] thread computer-2 kp step 1.
[12:39:29.400] [INFO   ] thread computer-2 kp step 2.true
[12:39:29.400] [INFO   ] thread computer-2 kp step 3.
[12:39:29.400] [INFO   ] thread computer-2 kp step 4.
[12:39:29.400] [INFO   ] thread computer-2 kp step 5.
[12:39:29.400] [INFO   ] thread computer-2 kp step 6.
[12:39:29.400] [INFO   ] thread computer-2 kp step 7. num in q 
[12:39:29.400] [INFO   ] thread computer-2 kp step 10.
[12:39:29.400] [INFO   ] thread computer-2 kp step 11. num in q 1 slot: 10
[12:39:29.400] [INFO   ] thread computer-2 kp step 12. num in q 2
[12:39:29.400] [SEVERE ] player 3 placing token on slot 10
[12:39:29.399] [INFO   ] thread computer-1 kp step 1.
[12:39:29.400] [INFO   ] thread computer-1 kp step 2.true
[12:39:29.400] [INFO   ] thread computer-1 kp step 3.
[12:39:29.400] [INFO   ] thread computer-2 kp step 13.
[12:39:29.401] [INFO   ] thread computer-2 kp step 14.slot size2
[12:39:29.400] [INFO   ] thread computer-1 kp step 4.
[12:39:29.401] [INFO   ] thread computer-1 kp step 5.
[12:39:29.401] [INFO   ] thread computer-1 kp step 6.
[12:39:29.401] [INFO   ] thread computer-1 kp step 7. num in q 
[12:39:29.401] [INFO   ] thread computer-1 kp step 4.
[12:39:29.401] [INFO   ] thread computer-1 kp step 5.
[12:39:29.401] [INFO   ] thread computer-1 kp step 6.
[12:39:29.401] [INFO   ] thread computer-1 kp step 7. num in q 
[12:39:29.401] [INFO   ] thread computer-1 kp step 10.
[12:39:29.401] [INFO   ] thread computer-1 kp step 11. num in q 2 slot: 10
[12:39:29.401] [INFO   ] thread computer-1 kp step 12. num in q 3
[12:39:29.401] [SEVERE ] player 2 placing token on slot 10
[12:39:29.401] [INFO   ] thread computer-1 kp step 13.
[12:39:29.401] [INFO   ] thread computer-1 kp step 14.slot size3
[12:39:29.401] [INFO   ] thread computer-1 kp step 15.
[12:39:29.401] [INFO   ] thread computer-1 kp step 16.
[12:39:29.401] [SEVERE ] removing player 2 token from slot 2
[12:39:29.401] [SEVERE ] removing player 2 token from slot 1
[12:39:29.401] [SEVERE ] removing player 2 token from slot 10
[12:39:29.401] [INFO   ] thread Thread-1 player was notified by dealer.
[12:39:29.401] [INFO   ] penalty
[12:39:29.401] [SEVERE ] setting player 2 freeze to 0
[12:39:29.761] [INFO   ] thread computer-2 kp step 1.
[12:39:29.761] [INFO   ] thread computer-2 kp step 2.true
[12:39:29.761] [INFO   ] thread computer-2 kp step 3.
[12:39:29.761] [INFO   ] thread computer-1 kp step 1.
[12:39:29.762] [INFO   ] thread computer-1 kp step 2.true
[12:39:29.762] [INFO   ] thread computer-1 kp step 3.
[12:39:29.762] [INFO   ] thread computer-1 kp step 10.
[12:39:29.762] [INFO   ] thread computer-2 kp step 4.
[12:39:29.762] [INFO   ] thread computer-1 kp step 11. num in q 0 slot: 4
[12:39:29.764] [INFO   ] thread computer-1 kp step 12. num in q 1
[12:39:29.764] [SEVERE ] player 2 placing token on slot 4
[12:39:29.764] [INFO   ] thread computer-2 kp step 5.
[12:39:29.764] [INFO   ] thread computer-2 kp step 6.
[12:39:29.764] [INFO   ] thread computer-2 kp step 7. num in q 
[12:39:29.764] [INFO   ] thread computer-2 kp step 4.
[12:39:29.764] [INFO   ] thread computer-2 kp step 5.
[12:39:29.764] [INFO   ] thread computer-2 kp step 6.
[12:39:29.764] [INFO   ] thread computer-2 kp step 7. num in q 
[12:39:29.764] [INFO   ] thread computer-2 kp step 10.
[12:39:29.764] [INFO   ] thread computer-2 kp step 11. num in q 2 slot: 2
[12:39:29.764] [INFO   ] thread computer-1 kp step 13.
[12:39:29.765] [INFO   ] thread computer-1 kp step 14.slot size1
[12:39:29.765] [INFO   ] thread computer-2 kp step 12. num in q 3
[12:39:29.765] [SEVERE ] player 3 placing token on slot 2
[12:39:29.765] [INFO   ] thread computer-2 kp step 13.
[12:39:29.765] [INFO   ] thread computer-2 kp step 14.slot size3
[12:39:29.765] [INFO   ] thread computer-2 kp step 15.
[12:39:29.765] [INFO   ] thread computer-2 kp step 16.
[12:39:29.765] [INFO   ] thread Thread-2 player was notified by dealer.
[12:39:29.765] [INFO   ] penalty
[12:39:29.765] [SEVERE ] setting player 3 freeze to 0
[12:39:29.843] [SEVERE ] updating countdown to 6165
[12:39:29.843] [SEVERE ] updating countdown to 6165
[12:39:30.126] [INFO   ] thread computer-2 kp step 1.
[12:39:30.127] [INFO   ] thread computer-2 kp step 2.true
[12:39:30.127] [INFO   ] thread computer-2 kp step 3.
[12:39:30.127] [INFO   ] thread computer-2 kp step 4.
[12:39:30.126] [INFO   ] thread computer-1 kp step 1.
[12:39:30.127] [INFO   ] thread computer-1 kp step 2.true
[12:39:30.127] [INFO   ] thread computer-2 kp step 5.
[12:39:30.127] [INFO   ] thread computer-2 kp step 6.
[12:39:30.127] [INFO   ] thread computer-2 kp step 7. num in q 
[12:39:30.127] [INFO   ] thread computer-2 kp step 4.
[12:39:30.127] [INFO   ] thread computer-2 kp step 5.
[12:39:30.127] [INFO   ] thread computer-1 kp step 3.
[12:39:30.127] [INFO   ] thread computer-1 kp step 4.
[12:39:30.127] [INFO   ] thread computer-2 kp step 6.
[12:39:30.127] [INFO   ] thread computer-2 kp step 7. num in q 
[12:39:30.127] [INFO   ] thread computer-2 kp step 4.
[12:39:30.127] [INFO   ] thread computer-2 kp step 5.
[12:39:30.127] [INFO   ] thread computer-2 kp step 6.
[12:39:30.127] [INFO   ] thread computer-2 kp step 8.
[12:39:30.127] [SEVERE ] removing player 3 token from slot 2
[12:39:30.127] [INFO   ] thread computer-1 kp step 5.
[12:39:30.127] [INFO   ] thread computer-1 kp step 6.
[12:39:30.127] [INFO   ] thread computer-1 kp step 7. num in q 
[12:39:30.127] [INFO   ] thread computer-1 kp step 10.
[12:39:30.127] [INFO   ] thread computer-1 kp step 11. num in q 1 slot: 5
[12:39:30.127] [INFO   ] thread computer-2 kp step 9.
[12:39:30.128] [INFO   ] thread computer-2 kp step 10.
[12:39:30.128] [INFO   ] thread computer-1 kp step 12. num in q 2
[12:39:30.128] [INFO   ] thread computer-2 kp step 14.slot size2
[12:39:30.128] [SEVERE ] player 2 placing token on slot 5
[12:39:30.128] [INFO   ] thread computer-1 kp step 13.
[12:39:30.128] [INFO   ] thread computer-1 kp step 14.slot size2
[12:39:30.285] [INFO   ] remove  in the table step 1
[12:39:30.285] [INFO   ] remove  in the table step 2
[12:39:30.285] [SEVERE ] removing player 1 token from slot 9
[12:39:30.285] [SEVERE ] removing player 1 token from slot 1
[12:39:30.285] [SEVERE ] removing player 1 token from slot 6
[12:39:30.285] [INFO   ] remove  in the table step 1
[12:39:30.285] [INFO   ] remove  in the table step 2
[12:39:30.285] [SEVERE ] removing player 4 token from slot 1
[12:39:30.285] [SEVERE ] removing player 4 token from slot 4
[12:39:30.285] [SEVERE ] removing player 4 token from slot 2
[12:39:30.285] [INFO   ] thread Thread-0 player was notified by dealer.
[12:39:30.285] [INFO   ] penalty
[12:39:30.285] [SEVERE ] setting player 1 freeze to 0
[12:39:30.285] [INFO   ] thread Thread-3 player was notified by dealer.
[12:39:30.285] [INFO   ] penalty
[12:39:30.285] [SEVERE ] setting player 4 freeze to 0
[12:39:30.488] [INFO   ] thread computer-2 kp step 1.
[12:39:30.489] [INFO   ] thread computer-2 kp step 2.true
[12:39:30.488] [INFO   ] thread computer-1 kp step 1.
[12:39:30.489] [INFO   ] thread computer-1 kp step 2.true
[12:39:30.489] [INFO   ] thread computer-1 kp step 3.
[12:39:30.489] [INFO   ] thread computer-2 kp step 3.
[12:39:30.489] [INFO   ] thread computer-2 kp step 4.
[12:39:30.489] [INFO   ] thread computer-2 kp step 5.
[12:39:30.489] [INFO   ] thread computer-2 kp step 6.
[12:39:30.489] [INFO   ] thread computer-1 kp step 4.
[12:39:30.489] [INFO   ] thread computer-1 kp step 5.
[12:39:30.489] [INFO   ] thread computer-2 kp step 8.
[12:39:30.490] [SEVERE ] removing player 3 token from slot 4
[12:39:30.489] [INFO   ] thread computer-1 kp step 6.
[12:39:30.490] [INFO   ] thread computer-1 kp step 7. num in q 
[12:39:30.490] [INFO   ] thread computer-1 kp step 4.
[12:39:30.490] [INFO   ] thread computer-1 kp step 5.
[12:39:30.490] [INFO   ] thread computer-1 kp step 6.
[12:39:30.490] [INFO   ] thread computer-2 kp step 9.
[12:39:30.491] [INFO   ] thread computer-2 kp step 10.
[12:39:30.491] [INFO   ] thread computer-2 kp step 14.slot size1
[12:39:30.491] [INFO   ] thread computer-1 kp step 7. num in q 
[12:39:30.491] [INFO   ] thread computer-1 kp step 10.
[12:39:30.491] [INFO   ] thread computer-1 kp step 11. num in q 2 slot: 1
[12:39:30.491] [INFO   ] thread computer-1 kp step 12. num in q 3
[12:39:30.491] [SEVERE ] player 2 placing token on slot 1
[12:39:30.491] [INFO   ] thread computer-1 kp step 13.
[12:39:30.491] [INFO   ] thread computer-1 kp step 14.slot size3
[12:39:30.491] [INFO   ] thread computer-1 kp step 15.
[12:39:30.491] [INFO   ] thread computer-1 kp step 16.
[12:39:30.491] [INFO   ] thread Thread-1 player was notified by dealer. the player is: 1there are 3 slots
[12:39:30.646] [INFO   ] thread computer-3 kp step 1.
[12:39:30.647] [INFO   ] thread computer-3 kp step 2.true
[12:39:30.647] [INFO   ] thread computer-3 kp step 3.
[12:39:30.647] [INFO   ] thread computer-3 kp step 10.
[12:39:30.646] [INFO   ] thread computer-0 kp step 1.
[12:39:30.647] [INFO   ] thread computer-0 kp step 2.true
[12:39:30.647] [INFO   ] thread computer-0 kp step 3.
[12:39:30.647] [INFO   ] thread computer-0 kp step 10.
[12:39:30.647] [INFO   ] thread computer-0 kp step 11. num in q 0 slot: 10
[12:39:30.647] [INFO   ] thread computer-3 kp step 11. num in q 0 slot: 6
[12:39:30.647] [INFO   ] thread computer-3 kp step 12. num in q 1
[12:39:30.647] [INFO   ] thread computer-0 kp step 12. num in q 1
[12:39:30.647] [SEVERE ] player 1 placing token on slot 10
[12:39:30.647] [SEVERE ] player 4 placing token on slot 6
[12:39:30.648] [INFO   ] thread computer-3 kp step 13.
[12:39:30.648] [INFO   ] thread computer-3 kp step 14.slot size1
[12:39:30.647] [INFO   ] thread computer-0 kp step 13.
[12:39:30.648] [INFO   ] thread computer-0 kp step 14.slot size1
[12:39:30.727] [SEVERE ] updating countdown to 5281
[12:39:30.727] [SEVERE ] updating countdown to 5281
[12:39:30.852] [INFO   ] thread computer-2 kp step 1.
[12:39:30.852] [INFO   ] thread computer-2 kp step 2.true
[12:39:30.852] [INFO   ] thread computer-2 kp step 3.
[12:39:30.852] [INFO   ] thread computer-2 kp step 4.
[12:39:30.852] [INFO   ] thread computer-2 kp step 5.
[12:39:30.852] [INFO   ] thread computer-2 kp step 6.
[12:39:30.852] [INFO   ] thread computer-2 kp step 7. num in q 
[12:39:30.852] [INFO   ] thread computer-2 kp step 10.
[12:39:30.852] [INFO   ] thread computer-2 kp step 11. num in q 1 slot: 11
[12:39:30.852] [INFO   ] thread computer-2 kp step 12. num in q 2
[12:39:30.852] [SEVERE ] player 3 placing token on slot 11
[12:39:30.852] [INFO   ] thread computer-2 kp step 13.
[12:39:30.852] [INFO   ] thread computer-2 kp step 14.slot size2
[12:39:31.009] [INFO   ] thread computer-0 kp step 1.
[12:39:31.010] [INFO   ] thread computer-0 kp step 2.true
[12:39:31.010] [INFO   ] thread computer-0 kp step 3.
[12:39:31.010] [INFO   ] thread computer-0 kp step 4.
[12:39:31.010] [INFO   ] thread computer-0 kp step 5.
[12:39:31.010] [INFO   ] thread computer-0 kp step 6.
[12:39:31.010] [INFO   ] thread computer-0 kp step 7. num in q 
[12:39:31.010] [INFO   ] thread computer-0 kp step 10.
[12:39:31.010] [INFO   ] thread computer-0 kp step 11. num in q 1 slot: 6
[12:39:31.009] [INFO   ] thread computer-3 kp step 1.
[12:39:31.010] [INFO   ] thread computer-3 kp step 2.true
[12:39:31.010] [INFO   ] thread computer-3 kp step 3.
[12:39:31.010] [INFO   ] thread computer-0 kp step 12. num in q 2
[12:39:31.010] [SEVERE ] player 1 placing token on slot 6
[12:39:31.010] [INFO   ] thread computer-3 kp step 4.
[12:39:31.010] [INFO   ] thread computer-3 kp step 5.
[12:39:31.010] [INFO   ] thread computer-3 kp step 6.
[12:39:31.010] [INFO   ] thread computer-3 kp step 7. num in q 
[12:39:31.010] [INFO   ] thread computer-3 kp step 10.
[12:39:31.010] [INFO   ] thread computer-3 kp step 11. num in q 1 slot: 8
[12:39:31.010] [INFO   ] thread computer-3 kp step 12. num in q 2
[12:39:31.010] [SEVERE ] player 4 placing token on slot 8
[12:39:31.011] [INFO   ] thread computer-3 kp step 13.
[12:39:31.011] [INFO   ] thread computer-3 kp step 14.slot size2
[12:39:31.010] [INFO   ] thread computer-0 kp step 13.
[12:39:31.011] [INFO   ] thread computer-0 kp step 14.slot size2
[12:39:31.167] [INFO   ] remove  in the table step 1
[12:39:31.167] [INFO   ] remove  in the table step 2
[12:39:31.167] [SEVERE ] removing player 2 token from slot 4
[12:39:31.169] [SEVERE ] removing player 2 token from slot 5
[12:39:31.169] [INFO   ] thread Thread-1 player was notified by dealer.
[12:39:31.170] [INFO   ] penalty
[12:39:31.170] [SEVERE ] setting player 2 freeze to 0
[12:39:31.170] [INFO   ] thread Thread-1 player was notified by dealer. the player is: 1there are 1 slots
[12:39:31.170] [SEVERE ] removing player 2 token from slot 1
[12:39:31.217] [INFO   ] thread computer-2 kp step 1.
[12:39:31.217] [INFO   ] thread computer-2 kp step 2.true
[12:39:31.217] [INFO   ] thread computer-2 kp step 3.
[12:39:31.217] [INFO   ] thread computer-2 kp step 4.
[12:39:31.217] [INFO   ] thread computer-2 kp step 5.
[12:39:31.217] [INFO   ] thread computer-2 kp step 6.
[12:39:31.217] [INFO   ] thread computer-2 kp step 7. num in q 
[12:39:31.218] [INFO   ] thread computer-2 kp step 4.
[12:39:31.218] [INFO   ] thread computer-2 kp step 5.
[12:39:31.218] [INFO   ] thread computer-2 kp step 6.
[12:39:31.218] [INFO   ] thread computer-2 kp step 7. num in q 
[12:39:31.218] [INFO   ] thread computer-2 kp step 10.
[12:39:31.218] [INFO   ] thread computer-2 kp step 11. num in q 2 slot: 7
[12:39:31.218] [INFO   ] thread computer-2 kp step 12. num in q 3
[12:39:31.218] [SEVERE ] player 3 placing token on slot 7
[12:39:31.218] [INFO   ] thread computer-2 kp step 13.
[12:39:31.218] [INFO   ] thread computer-2 kp step 14.slot size3
[12:39:31.218] [INFO   ] thread computer-2 kp step 15.
[12:39:31.218] [INFO   ] thread computer-2 kp step 16.
[12:39:31.218] [INFO   ] thread Thread-2 player was notified by dealer. the player is: 2there are 3 slots
[12:39:31.372] [INFO   ] thread computer-3 kp step 1.
[12:39:31.372] [INFO   ] thread computer-3 kp step 2.true
[12:39:31.372] [INFO   ] thread computer-3 kp step 3.
[12:39:31.372] [INFO   ] thread computer-3 kp step 4.
[12:39:31.372] [INFO   ] thread computer-0 kp step 1.
[12:39:31.372] [INFO   ] thread computer-3 kp step 5.
[12:39:31.373] [INFO   ] thread computer-3 kp step 6.
[12:39:31.373] [INFO   ] thread computer-3 kp step 8.
[12:39:31.373] [SEVERE ] removing player 4 token from slot 6
[12:39:31.372] [INFO   ] thread computer-0 kp step 2.true
[12:39:31.373] [INFO   ] thread computer-0 kp step 3.
[12:39:31.373] [INFO   ] thread computer-0 kp step 4.
[12:39:31.373] [INFO   ] thread computer-0 kp step 5.
[12:39:31.373] [INFO   ] thread computer-3 kp step 9.
[12:39:31.373] [INFO   ] thread computer-3 kp step 10.
[12:39:31.373] [INFO   ] thread computer-3 kp step 14.slot size1
[12:39:31.373] [INFO   ] thread computer-0 kp step 6.
[12:39:31.374] [INFO   ] thread computer-0 kp step 7. num in q 
[12:39:31.374] [INFO   ] thread computer-0 kp step 4.
[12:39:31.374] [INFO   ] thread computer-0 kp step 5.
[12:39:31.374] [INFO   ] thread computer-0 kp step 6.
[12:39:31.374] [INFO   ] thread computer-0 kp step 7. num in q 
[12:39:31.374] [INFO   ] thread computer-0 kp step 10.
[12:39:31.374] [INFO   ] thread computer-0 kp step 11. num in q 2 slot: 3
[12:39:31.374] [INFO   ] thread computer-0 kp step 12. num in q 3
[12:39:31.374] [SEVERE ] player 1 placing token on slot 3
[12:39:31.374] [INFO   ] thread computer-0 kp step 13.
[12:39:31.374] [INFO   ] thread computer-0 kp step 14.slot size3
[12:39:31.374] [INFO   ] thread computer-0 kp step 15.
[12:39:31.374] [INFO   ] thread computer-0 kp step 16.
[12:39:31.374] [INFO   ] thread Thread-0 player was notified by dealer. the player is: 0there are 3 slots
[12:39:31.530] [INFO   ] thread computer-1 kp step 1.
[12:39:31.530] [INFO   ] thread computer-1 kp step 2.true
[12:39:31.530] [INFO   ] thread computer-1 kp step 3.
[12:39:31.530] [INFO   ] thread computer-1 kp step 10.
[12:39:31.530] [INFO   ] thread computer-1 kp step 11. num in q 0 slot: 10
[12:39:31.530] [INFO   ] thread computer-1 kp step 12. num in q 1
[12:39:31.530] [SEVERE ] player 2 placing token on slot 10
[12:39:31.530] [INFO   ] thread computer-1 kp step 13.
[12:39:31.530] [INFO   ] thread computer-1 kp step 14.slot size1
[12:39:31.733] [INFO   ] thread computer-3 kp step 1.
[12:39:31.733] [INFO   ] thread computer-3 kp step 2.true
[12:39:31.733] [INFO   ] thread computer-3 kp step 3.
[12:39:31.733] [INFO   ] thread computer-3 kp step 4.
[12:39:31.733] [INFO   ] thread computer-3 kp step 5.
[12:39:31.733] [INFO   ] thread computer-3 kp step 6.
[12:39:31.733] [INFO   ] thread computer-3 kp step 7. num in q 
[12:39:31.733] [INFO   ] thread computer-3 kp step 10.
[12:39:31.733] [INFO   ] thread computer-3 kp step 11. num in q 1 slot: 5
[12:39:31.733] [INFO   ] thread computer-3 kp step 12. num in q 2
[12:39:31.733] [SEVERE ] player 4 placing token on slot 5
[12:39:31.733] [INFO   ] thread computer-3 kp step 13.
[12:39:31.733] [INFO   ] thread computer-3 kp step 14.slot size2
[12:39:31.891] [INFO   ] thread computer-1 kp step 1.
[12:39:31.891] [INFO   ] thread computer-1 kp step 2.true
[12:39:31.891] [INFO   ] thread computer-1 kp step 3.
[12:39:31.891] [INFO   ] thread computer-1 kp step 4.
[12:39:31.891] [INFO   ] thread computer-1 kp step 5.
[12:39:31.891] [INFO   ] thread computer-1 kp step 6.
[12:39:31.891] [INFO   ] thread computer-1 kp step 7. num in q 
[12:39:31.891] [INFO   ] thread computer-1 kp step 10.
[12:39:31.891] [INFO   ] thread computer-1 kp step 11. num in q 1 slot: 2
[12:39:31.891] [INFO   ] thread computer-1 kp step 12. num in q 2
[12:39:31.892] [SEVERE ] player 2 placing token on slot 2
[12:39:31.892] [INFO   ] thread computer-1 kp step 13.
[12:39:31.892] [INFO   ] thread computer-1 kp step 14.slot size2
[12:39:32.096] [INFO   ] thread computer-3 kp step 1.
[12:39:32.096] [INFO   ] thread computer-3 kp step 2.true
[12:39:32.096] [INFO   ] thread computer-3 kp step 3.
[12:39:32.096] [INFO   ] thread computer-3 kp step 4.
[12:39:32.096] [INFO   ] thread computer-3 kp step 5.
[12:39:32.096] [INFO   ] thread computer-3 kp step 6.
[12:39:32.096] [INFO   ] thread computer-3 kp step 7. num in q 
[12:39:32.096] [INFO   ] thread computer-3 kp step 4.
[12:39:32.096] [INFO   ] thread computer-3 kp step 5.
[12:39:32.096] [INFO   ] thread computer-3 kp step 6.
[12:39:32.096] [INFO   ] thread computer-3 kp step 7. num in q 
[12:39:32.096] [INFO   ] thread computer-3 kp step 10.
[12:39:32.096] [INFO   ] thread computer-3 kp step 11. num in q 2 slot: 2
[12:39:32.096] [INFO   ] thread computer-3 kp step 12. num in q 3
[12:39:32.096] [SEVERE ] player 4 placing token on slot 2
[12:39:32.096] [INFO   ] thread computer-3 kp step 13.
[12:39:32.096] [INFO   ] thread computer-3 kp step 14.slot size3
[12:39:32.096] [INFO   ] thread computer-3 kp step 15.
[12:39:32.096] [INFO   ] thread computer-3 kp step 16.
[12:39:32.096] [INFO   ] thread Thread-3 player was notified by dealer. the player is: 3there are 3 slots
[12:39:32.254] [INFO   ] thread computer-1 kp step 1.
[12:39:32.254] [INFO   ] thread computer-1 kp step 2.true
[12:39:32.254] [INFO   ] thread computer-1 kp step 3.
[12:39:32.254] [INFO   ] thread computer-1 kp step 4.
[12:39:32.254] [INFO   ] thread computer-1 kp step 5.
[12:39:32.254] [INFO   ] thread computer-1 kp step 6.
[12:39:32.254] [INFO   ] thread computer-1 kp step 7. num in q 
[12:39:32.254] [INFO   ] thread computer-1 kp step 4.
[12:39:32.254] [INFO   ] thread computer-1 kp step 5.
[12:39:32.254] [INFO   ] thread computer-1 kp step 6.
[12:39:32.254] [INFO   ] thread computer-1 kp step 7. num in q 
[12:39:32.254] [INFO   ] thread computer-1 kp step 10.
[12:39:32.254] [INFO   ] thread computer-1 kp step 11. num in q 2 slot: 7
[12:39:32.254] [INFO   ] thread computer-1 kp step 12. num in q 3
[12:39:32.254] [SEVERE ] player 2 placing token on slot 7
[12:39:32.254] [INFO   ] thread computer-1 kp step 13.
[12:39:32.254] [INFO   ] thread computer-1 kp step 14.slot size3
[12:39:32.254] [INFO   ] thread computer-1 kp step 15.
[12:39:32.254] [INFO   ] thread computer-1 kp step 16.
[12:39:32.254] [SEVERE ] removing player 2 token from slot 10
[12:39:32.254] [SEVERE ] removing player 2 token from slot 2
[12:39:32.254] [SEVERE ] removing player 2 token from slot 7
[12:39:32.254] [INFO   ] thread Thread-1 player was notified by dealer.
[12:39:32.259] [INFO   ] penalty
[12:39:32.259] [SEVERE ] setting player 2 freeze to 0
[12:39:32.259] [INFO   ] thread Thread-1 player was notified by dealer. the player is: 1there are 0 slots
[12:39:32.624] [INFO   ] thread computer-1 kp step 1.
[12:39:32.624] [INFO   ] thread computer-1 kp step 2.true
[12:39:32.624] [INFO   ] thread computer-1 kp step 3.
[12:39:32.624] [INFO   ] thread computer-1 kp step 10.
[12:39:32.624] [INFO   ] thread computer-1 kp step 11. num in q 0 slot: 9
[12:39:32.624] [INFO   ] thread computer-1 kp step 12. num in q 1
[12:39:32.624] [SEVERE ] player 2 placing token on slot 9
[12:39:32.624] [INFO   ] thread computer-1 kp step 13.
[12:39:32.624] [INFO   ] thread computer-1 kp step 14.slot size1
[12:39:32.985] [INFO   ] thread computer-1 kp step 1.
[12:39:32.985] [INFO   ] thread computer-1 kp step 2.true
[12:39:32.985] [INFO   ] thread computer-1 kp step 3.
[12:39:32.985] [INFO   ] thread computer-1 kp step 4.
[12:39:32.985] [INFO   ] thread computer-1 kp step 5.
[12:39:32.985] [INFO   ] thread computer-1 kp step 6.
[12:39:32.985] [INFO   ] thread computer-1 kp step 7. num in q 
[12:39:32.985] [INFO   ] thread computer-1 kp step 10.
[12:39:32.985] [INFO   ] thread computer-1 kp step 11. num in q 1 slot: 7
[12:39:32.985] [INFO   ] thread computer-1 kp step 12. num in q 2
[12:39:32.985] [SEVERE ] player 2 placing token on slot 7
[12:39:32.985] [INFO   ] thread computer-1 kp step 13.
[12:39:32.985] [INFO   ] thread computer-1 kp step 14.slot size2
[12:39:33.141] [INFO   ] remove  in the table step 1
[12:39:33.141] [INFO   ] remove  in the table step 2
[12:39:33.141] [SEVERE ] removing player 2 token from slot 9
[12:39:33.250] [SEVERE ] removing card from slot 9
[12:39:33.344] [INFO   ] thread computer-1 kp step 1.
[12:39:33.344] [INFO   ] thread computer-1 kp step 2.true
[12:39:33.344] [INFO   ] thread computer-1 kp step 3.
[12:39:33.344] [INFO   ] thread computer-1 kp step 4.
[12:39:33.344] [INFO   ] thread computer-1 kp step 5.
[12:39:33.344] [INFO   ] thread computer-1 kp step 6.
[12:39:33.344] [INFO   ] thread computer-1 kp step 7. num in q 
[12:39:33.344] [INFO   ] thread computer-1 kp step 10.
[12:39:33.344] [INFO   ] thread computer-1 kp step 11. num in q 1 slot: 10
[12:39:33.344] [INFO   ] thread computer-1 kp step 12. num in q 2
[12:39:33.344] [SEVERE ] player 2 placing token on slot 10
[12:39:33.345] [INFO   ] thread computer-1 kp step 13.
[12:39:33.345] [INFO   ] thread computer-1 kp step 14.slot size2
[12:39:33.708] [INFO   ] thread computer-1 kp step 1.
[12:39:33.708] [INFO   ] thread computer-1 kp step 2.true
[12:39:33.708] [INFO   ] thread computer-1 kp step 3.
[12:39:33.708] [INFO   ] thread computer-1 kp step 4.
[12:39:33.708] [INFO   ] thread computer-1 kp step 5.
[12:39:33.708] [INFO   ] thread computer-1 kp step 6.
[12:39:33.708] [INFO   ] thread computer-1 kp step 7. num in q 
[12:39:33.708] [INFO   ] thread computer-1 kp step 4.
[12:39:33.708] [INFO   ] thread computer-1 kp step 5.
[12:39:33.708] [INFO   ] thread computer-1 kp step 6.
[12:39:33.708] [INFO   ] thread computer-1 kp step 8.
[12:39:33.708] [SEVERE ] removing player 2 token from slot 10
[12:39:33.708] [INFO   ] thread computer-1 kp step 9.
[12:39:33.708] [INFO   ] thread computer-1 kp step 10.
[12:39:33.708] [INFO   ] thread computer-1 kp step 14.slot size1
[12:39:34.070] [INFO   ] thread computer-1 kp step 1.
[12:39:34.070] [INFO   ] thread computer-1 kp step 2.true
[12:39:34.070] [INFO   ] thread computer-1 kp step 3.
[12:39:34.070] [INFO   ] thread computer-1 kp step 4.
[12:39:34.070] [INFO   ] thread computer-1 kp step 5.
[12:39:34.070] [INFO   ] thread computer-1 kp step 6.
[12:39:34.070] [INFO   ] thread computer-1 kp step 7. num in q 
[12:39:34.070] [INFO   ] thread computer-1 kp step 10.
[12:39:34.070] [INFO   ] thread computer-1 kp step 11. num in q 1 slot: 3
[12:39:34.070] [INFO   ] thread computer-1 kp step 12. num in q 2
[12:39:34.070] [SEVERE ] player 2 placing token on slot 3
[12:39:34.070] [INFO   ] thread computer-1 kp step 13.
[12:39:34.070] [INFO   ] thread computer-1 kp step 14.slot size2
[12:39:34.434] [INFO   ] thread computer-1 kp step 1.
[12:39:34.434] [INFO   ] thread computer-1 kp step 2.true
[12:39:34.434] [INFO   ] thread computer-1 kp step 14.slot size2
[12:39:34.795] [INFO   ] thread computer-1 kp step 1.
[12:39:34.795] [INFO   ] thread computer-1 kp step 2.true
[12:39:34.795] [INFO   ] thread computer-1 kp step 3.
[12:39:34.795] [INFO   ] thread computer-1 kp step 4.
[12:39:34.795] [INFO   ] thread computer-1 kp step 5.
[12:39:34.795] [INFO   ] thread computer-1 kp step 6.
[12:39:34.795] [INFO   ] thread computer-1 kp step 7. num in q 
[12:39:34.795] [INFO   ] thread computer-1 kp step 4.
[12:39:34.795] [INFO   ] thread computer-1 kp step 5.
[12:39:34.795] [INFO   ] thread computer-1 kp step 6.
[12:39:34.795] [INFO   ] thread computer-1 kp step 7. num in q 
[12:39:34.795] [INFO   ] thread computer-1 kp step 10.
[12:39:34.795] [INFO   ] thread computer-1 kp step 11. num in q 2 slot: 4
[12:39:34.795] [INFO   ] thread computer-1 kp step 12. num in q 3
[12:39:34.795] [SEVERE ] player 2 placing token on slot 4
[12:39:34.795] [INFO   ] thread computer-1 kp step 13.
[12:39:34.795] [INFO   ] thread computer-1 kp step 14.slot size3
[12:39:34.795] [INFO   ] thread computer-1 kp step 15.
[12:39:34.795] [INFO   ] thread computer-1 kp step 16.
[12:39:34.795] [SEVERE ] removing player 2 token from slot 7
[12:39:34.906] [SEVERE ] removing card from slot 7
[12:39:34.906] [SEVERE ] removing player 3 token from slot 7
[12:39:34.906] [INFO   ] remove  in the table step 1
[12:39:34.906] [INFO   ] remove  in the table step 2
[12:39:34.906] [SEVERE ] removing player 2 token from slot 3
[12:39:34.906] [INFO   ] thread Thread-2 player was notified by dealer.
[12:39:34.906] [INFO   ] penalty
[12:39:34.906] [SEVERE ] setting player 3 freeze to 0
[12:39:35.015] [SEVERE ] removing card from slot 3
[12:39:35.015] [SEVERE ] removing player 1 token from slot 3
[12:39:35.015] [INFO   ] remove  in the table step 1
[12:39:35.015] [INFO   ] remove  in the table step 2
[12:39:35.015] [SEVERE ] removing player 2 token from slot 4
[12:39:35.015] [INFO   ] thread Thread-0 player was notified by dealer.
[12:39:35.015] [INFO   ] penalty
[12:39:35.015] [SEVERE ] setting player 1 freeze to 0
[12:39:35.125] [SEVERE ] removing card from slot 4
[12:39:35.125] [INFO   ] remove  in the table step 1
[12:39:35.125] [INFO   ] remove  in the table step 2
[12:39:35.125] [SEVERE ] removing player 3 token from slot 10
[12:39:35.235] [SEVERE ] removing card from slot 10
[12:39:35.235] [SEVERE ] removing player 1 token from slot 10
[12:39:35.266] [INFO   ] thread computer-2 kp step 1.
[12:39:35.266] [INFO   ] thread computer-2 kp step 2.true
[12:39:35.266] [INFO   ] thread computer-2 kp step 3.
[12:39:35.266] [INFO   ] thread computer-2 kp step 4.
[12:39:35.266] [INFO   ] thread computer-2 kp step 5.
[12:39:35.266] [INFO   ] thread computer-2 kp step 6.
[12:39:35.266] [INFO   ] thread computer-2 kp step 7. num in q 
[12:39:35.266] [INFO   ] thread computer-2 kp step 10.
[12:39:35.266] [INFO   ] thread computer-2 kp step 11. num in q 1 slot: 8
[12:39:35.266] [INFO   ] thread computer-2 kp step 12. num in q 2
[12:39:35.266] [SEVERE ] player 3 placing token on slot 8
[12:39:35.267] [INFO   ] thread computer-2 kp step 13.
[12:39:35.267] [INFO   ] thread computer-2 kp step 14.slot size2
[12:39:35.377] [INFO   ] thread computer-0 kp step 1.
[12:39:35.377] [INFO   ] thread computer-0 kp step 2.true
[12:39:35.377] [INFO   ] thread computer-0 kp step 14.slot size1
[12:39:35.632] [INFO   ] thread computer-2 kp step 1.
[12:39:35.632] [INFO   ] thread computer-2 kp step 2.true
[12:39:35.632] [INFO   ] thread computer-2 kp step 14.slot size2
[12:39:35.742] [INFO   ] thread computer-0 kp step 1.
[12:39:35.742] [INFO   ] thread computer-0 kp step 2.true
[12:39:35.742] [INFO   ] thread computer-0 kp step 3.
[12:39:35.742] [INFO   ] thread computer-0 kp step 4.
[12:39:35.742] [INFO   ] thread computer-0 kp step 5.
[12:39:35.742] [INFO   ] thread computer-0 kp step 6.
[12:39:35.742] [INFO   ] thread computer-0 kp step 8.
[12:39:35.742] [SEVERE ] removing player 1 token from slot 6
[12:39:35.742] [INFO   ] thread computer-0 kp step 9.
[12:39:35.742] [INFO   ] thread computer-0 kp step 10.
[12:39:35.742] [INFO   ] thread computer-0 kp step 14.slot size0
[12:39:35.994] [INFO   ] thread computer-2 kp step 1.
[12:39:35.994] [INFO   ] thread computer-2 kp step 2.true
[12:39:35.994] [INFO   ] thread computer-2 kp step 3.
[12:39:35.994] [INFO   ] thread computer-2 kp step 4.
[12:39:35.994] [INFO   ] thread computer-2 kp step 5.
[12:39:35.994] [INFO   ] thread computer-2 kp step 6.
[12:39:35.994] [INFO   ] thread computer-2 kp step 7. num in q 
[12:39:35.994] [INFO   ] thread computer-2 kp step 4.
[12:39:35.994] [INFO   ] thread computer-2 kp step 5.
[12:39:35.994] [INFO   ] thread computer-2 kp step 6.
[12:39:35.994] [INFO   ] thread computer-2 kp step 7. num in q 
[12:39:35.994] [INFO   ] thread computer-2 kp step 10.
[12:39:35.994] [INFO   ] thread computer-2 kp step 11. num in q 2 slot: 5
[12:39:35.994] [INFO   ] thread computer-2 kp step 12. num in q 3
[12:39:35.994] [SEVERE ] player 3 placing token on slot 5
[12:39:35.994] [INFO   ] thread computer-2 kp step 13.
[12:39:35.994] [INFO   ] thread computer-2 kp step 14.slot size3
[12:39:35.994] [INFO   ] thread computer-2 kp step 15.
[12:39:35.994] [INFO   ] thread computer-2 kp step 16.
[12:39:35.994] [SEVERE ] removing player 3 token from slot 11
[12:39:35.994] [INFO   ] thread Thread-2 player was notified by dealer. the player is: 2there are 2 slots
[12:39:36.104] [SEVERE ] removing card from slot 11
[12:39:36.104] [INFO   ] thread computer-0 kp step 1.
[12:39:36.105] [INFO   ] thread computer-0 kp step 2.true
[12:39:36.105] [INFO   ] thread computer-0 kp step 3.
[12:39:36.105] [INFO   ] thread computer-0 kp step 10.
[12:39:36.105] [INFO   ] thread computer-0 kp step 11. num in q 0 slot: 6
[12:39:36.105] [INFO   ] thread computer-0 kp step 12. num in q 1
[12:39:36.105] [SEVERE ] player 1 placing token on slot 6
[12:39:36.105] [SEVERE ] removing player 3 token from slot 8
[12:39:36.105] [INFO   ] thread computer-0 kp step 13.
[12:39:36.105] [INFO   ] thread computer-0 kp step 14.slot size1
[12:39:36.105] [INFO   ] thread Thread-2 player was notified by dealer.
[12:39:36.105] [INFO   ] point
[12:39:36.105] [SEVERE ] setting player 3 score to 1
[12:39:36.105] [SEVERE ] setting player 3 freeze to 0
[12:39:36.214] [SEVERE ] removing card from slot 8
[12:39:36.214] [SEVERE ] removing player 4 token from slot 8
[12:39:36.214] [INFO   ] remove  in the table step 1
[12:39:36.214] [INFO   ] remove  in the table step 2
[12:39:36.215] [INFO   ] thread Thread-3 player was notified by dealer.
[12:39:36.215] [INFO   ] penalty
[12:39:36.215] [SEVERE ] setting player 4 freeze to 0
[12:39:36.464] [INFO   ] thread computer-0 kp step 1.
[12:39:36.464] [INFO   ] thread computer-2 kp step 1.
[12:39:36.464] [INFO   ] thread computer-2 kp step 2.true
[12:39:36.464] [INFO   ] thread computer-0 kp step 2.true
[12:39:36.464] [INFO   ] thread computer-0 kp step 14.slot size1
[12:39:36.464] [INFO   ] thread computer-2 kp step 14.slot size1
[12:39:36.565] [INFO   ] thread computer-3 kp step 1.
[12:39:36.565] [INFO   ] thread computer-3 kp step 2.true
[12:39:36.565] [INFO   ] thread computer-3 kp step 14.slot size2
[12:39:36.820] [INFO   ] thread computer-2 kp step 1.
[12:39:36.820] [INFO   ] thread computer-2 kp step 2.true
[12:39:36.820] [INFO   ] thread computer-0 kp step 1.
[12:39:36.821] [INFO   ] thread computer-0 kp step 2.true
[12:39:36.821] [INFO   ] thread computer-0 kp step 14.slot size1
[12:39:36.820] [INFO   ] thread computer-2 kp step 14.slot size1
[12:39:36.917] [INFO   ] thread computer-3 kp step 1.
[12:39:36.917] [INFO   ] thread computer-3 kp step 2.true
[12:39:36.917] [INFO   ] thread computer-3 kp step 3.
[12:39:36.917] [INFO   ] thread computer-3 kp step 4.
[12:39:36.917] [INFO   ] thread computer-3 kp step 5.
[12:39:36.917] [INFO   ] thread computer-3 kp step 6.
[12:39:36.917] [INFO   ] thread computer-3 kp step 7. num in q 
[12:39:36.917] [INFO   ] thread computer-3 kp step 4.
[12:39:36.917] [INFO   ] thread computer-3 kp step 5.
[12:39:36.917] [INFO   ] thread computer-3 kp step 6.
[12:39:36.917] [INFO   ] thread computer-3 kp step 8.
[12:39:36.917] [SEVERE ] removing player 4 token from slot 2
[12:39:36.917] [INFO   ] thread computer-3 kp step 9.
[12:39:36.917] [INFO   ] thread computer-3 kp step 10.
[12:39:36.917] [INFO   ] thread computer-3 kp step 14.slot size1
[12:39:37.180] [INFO   ] thread computer-0 kp step 1.
[12:39:37.180] [INFO   ] thread computer-0 kp step 2.true
[12:39:37.180] [INFO   ] thread computer-0 kp step 14.slot size1
[12:39:37.180] [INFO   ] thread computer-2 kp step 1.
[12:39:37.180] [INFO   ] thread computer-2 kp step 2.true
[12:39:37.180] [INFO   ] thread computer-2 kp step 14.slot size1
[12:39:37.275] [INFO   ] thread computer-3 kp step 1.
[12:39:37.275] [INFO   ] thread computer-3 kp step 2.true
[12:39:37.275] [INFO   ] thread computer-3 kp step 3.
[12:39:37.275] [INFO   ] thread computer-3 kp step 4.
[12:39:37.275] [INFO   ] thread computer-3 kp step 5.
[12:39:37.275] [INFO   ] thread computer-3 kp step 6.
[12:39:37.275] [INFO   ] thread computer-3 kp step 7. num in q 
[12:39:37.275] [INFO   ] thread computer-3 kp step 10.
[12:39:37.275] [INFO   ] thread computer-3 kp step 11. num in q 1 slot: 1
[12:39:37.275] [INFO   ] thread computer-3 kp step 12. num in q 2
[12:39:37.275] [SEVERE ] player 4 placing token on slot 1
[12:39:37.275] [INFO   ] thread computer-3 kp step 13.
[12:39:37.275] [INFO   ] thread computer-3 kp step 14.slot size2
[12:39:37.543] [INFO   ] thread computer-0 kp step 1.
[12:39:37.543] [INFO   ] thread computer-0 kp step 2.true
[12:39:37.543] [INFO   ] thread computer-0 kp step 14.slot size1
[12:39:37.543] [INFO   ] thread computer-2 kp step 1.
[12:39:37.543] [INFO   ] thread computer-2 kp step 2.true
[12:39:37.543] [INFO   ] thread computer-2 kp step 3.
[12:39:37.543] [INFO   ] thread computer-2 kp step 4.
[12:39:37.543] [INFO   ] thread computer-2 kp step 5.
[12:39:37.543] [INFO   ] thread computer-2 kp step 6.
[12:39:37.543] [INFO   ] thread computer-2 kp step 7. num in q 
[12:39:37.543] [INFO   ] thread computer-2 kp step 10.
[12:39:37.543] [INFO   ] thread computer-2 kp step 11. num in q 1 slot: 2
[12:39:37.543] [INFO   ] thread computer-2 kp step 12. num in q 2
[12:39:37.543] [SEVERE ] player 3 placing token on slot 2
[12:39:37.543] [INFO   ] thread computer-2 kp step 13.
[12:39:37.543] [INFO   ] thread computer-2 kp step 14.slot size2
[12:39:37.638] [INFO   ] thread computer-3 kp step 1.
[12:39:37.638] [INFO   ] thread computer-3 kp step 2.true
[12:39:37.638] [INFO   ] thread computer-3 kp step 14.slot size2
[12:39:37.905] [INFO   ] thread computer-2 kp step 1.
[12:39:37.905] [INFO   ] thread computer-2 kp step 2.true
[12:39:37.905] [INFO   ] thread computer-2 kp step 3.
[12:39:37.905] [INFO   ] thread computer-2 kp step 4.
[12:39:37.905] [INFO   ] thread computer-0 kp step 1.
[12:39:37.905] [INFO   ] thread computer-0 kp step 2.true
[12:39:37.905] [INFO   ] thread computer-2 kp step 5.
[12:39:37.906] [INFO   ] thread computer-2 kp step 6.
[12:39:37.905] [INFO   ] thread computer-0 kp step 14.slot size1
[12:39:37.906] [INFO   ] thread computer-2 kp step 7. num in q 
[12:39:37.906] [INFO   ] thread computer-2 kp step 4.
[12:39:37.906] [INFO   ] thread computer-2 kp step 5.
[12:39:37.906] [INFO   ] thread computer-2 kp step 6.
[12:39:37.906] [INFO   ] thread computer-2 kp step 7. num in q 
[12:39:37.906] [INFO   ] thread computer-2 kp step 10.
[12:39:37.906] [INFO   ] thread computer-2 kp step 11. num in q 2 slot: 6
[12:39:37.906] [INFO   ] thread computer-2 kp step 12. num in q 3
[12:39:37.906] [SEVERE ] player 3 placing token on slot 6
[12:39:37.906] [INFO   ] thread computer-2 kp step 13.
[12:39:37.906] [INFO   ] thread computer-2 kp step 14.slot size3
[12:39:37.906] [INFO   ] thread computer-2 kp step 15.
[12:39:37.906] [INFO   ] thread computer-2 kp step 16.
[12:39:37.906] [SEVERE ] removing player 3 token from slot 5
[12:39:37.906] [INFO   ] thread Thread-2 player was notified by dealer. the player is: 2there are 2 slots
[12:39:37.906] [SEVERE ] removing player 3 token from slot 2
[12:39:37.906] [INFO   ] thread Thread-2 player was notified by dealer.
[12:39:37.906] [INFO   ] penalty
[12:39:37.906] [SEVERE ] setting player 3 freeze to 0
[12:39:37.907] [SEVERE ] removing player 3 token from slot 6
[12:39:37.907] [INFO   ] thread Thread-2 player was notified by dealer. the player is: 2there are 0 slots
[12:39:37.907] [INFO   ] remove  in the table step 1
[12:39:37.907] [INFO   ] remove  in the table step 2
[12:39:37.907] [SEVERE ] removing player 4 token from slot 5
[12:39:38.001] [INFO   ] thread computer-3 kp step 1.
[12:39:38.001] [INFO   ] thread computer-3 kp step 2.false
[12:39:38.001] [INFO   ] thread computer-3 kp step 14.slot size1
[12:39:38.017] [SEVERE ] removing card from slot 5
[12:39:38.267] [INFO   ] thread computer-0 kp step 1.
[12:39:38.267] [INFO   ] thread computer-0 kp step 2.true
[12:39:38.267] [INFO   ] thread computer-0 kp step 3.
[12:39:38.267] [INFO   ] thread computer-0 kp step 4.
[12:39:38.267] [INFO   ] thread computer-0 kp step 5.
[12:39:38.267] [INFO   ] thread computer-0 kp step 6.
[12:39:38.268] [INFO   ] thread computer-0 kp step 7. num in q 
[12:39:38.268] [INFO   ] thread computer-0 kp step 10.
[12:39:38.268] [INFO   ] thread computer-0 kp step 11. num in q 1 slot: 0
[12:39:38.268] [INFO   ] thread computer-0 kp step 12. num in q 2
[12:39:38.268] [SEVERE ] player 1 placing token on slot 0
[12:39:38.268] [INFO   ] thread computer-0 kp step 13.
[12:39:38.268] [INFO   ] thread computer-0 kp step 14.slot size2
[12:39:38.368] [INFO   ] thread computer-3 kp step 1.
[12:39:38.368] [INFO   ] thread computer-2 kp step 1.
[12:39:38.368] [INFO   ] thread computer-2 kp step 2.true
[12:39:38.368] [INFO   ] thread computer-2 kp step 3.
[12:39:38.368] [INFO   ] thread computer-2 kp step 10.
[12:39:38.368] [INFO   ] thread computer-2 kp step 11. num in q 0 slot: 6
[12:39:38.368] [INFO   ] thread computer-2 kp step 12. num in q 1
[12:39:38.368] [SEVERE ] player 3 placing token on slot 6
[12:39:38.368] [INFO   ] thread computer-3 kp step 2.true
[12:39:38.368] [INFO   ] thread computer-3 kp step 3.
[12:39:38.368] [INFO   ] thread computer-3 kp step 4.
[12:39:38.368] [INFO   ] thread computer-3 kp step 5.
[12:39:38.368] [INFO   ] thread computer-3 kp step 6.
[12:39:38.368] [INFO   ] thread computer-3 kp step 7. num in q 
[12:39:38.368] [INFO   ] thread computer-3 kp step 10.
[12:39:38.368] [INFO   ] thread computer-3 kp step 11. num in q 1 slot: 0
[12:39:38.368] [INFO   ] thread computer-3 kp step 12. num in q 2
[12:39:38.368] [SEVERE ] player 4 placing token on slot 0
[12:39:38.368] [INFO   ] thread computer-3 kp step 13.
[12:39:38.368] [INFO   ] thread computer-3 kp step 14.slot size2
[12:39:38.368] [INFO   ] thread computer-2 kp step 13.
[12:39:38.369] [INFO   ] thread computer-2 kp step 14.slot size1
[12:39:38.627] [INFO   ] thread computer-0 kp step 1.
[12:39:38.627] [INFO   ] thread computer-0 kp step 2.true
[12:39:38.627] [INFO   ] thread computer-0 kp step 3.
[12:39:38.627] [INFO   ] thread computer-0 kp step 4.
[12:39:38.627] [INFO   ] thread computer-0 kp step 5.
[12:39:38.627] [INFO   ] thread computer-0 kp step 6.
[12:39:38.627] [INFO   ] thread computer-0 kp step 7. num in q 
[12:39:38.627] [INFO   ] thread computer-0 kp step 4.
[12:39:38.627] [INFO   ] thread computer-0 kp step 5.
[12:39:38.627] [INFO   ] thread computer-0 kp step 6.
[12:39:38.627] [INFO   ] thread computer-0 kp step 8.
[12:39:38.627] [SEVERE ] removing player 1 token from slot 0
[12:39:38.627] [INFO   ] thread computer-0 kp step 9.
[12:39:38.627] [INFO   ] thread computer-0 kp step 10.
[12:39:38.627] [INFO   ] thread computer-0 kp step 14.slot size1
[12:39:38.721] [INFO   ] thread computer-3 kp step 1.
[12:39:38.722] [INFO   ] thread computer-3 kp step 2.true
[12:39:38.721] [INFO   ] thread computer-2 kp step 1.
[12:39:38.722] [INFO   ] thread computer-2 kp step 2.true
[12:39:38.722] [INFO   ] thread computer-2 kp step 3.
[12:39:38.722] [INFO   ] thread computer-2 kp step 4.
[12:39:38.722] [INFO   ] thread computer-2 kp step 5.
[12:39:38.722] [INFO   ] thread computer-2 kp step 6.
[12:39:38.722] [INFO   ] thread computer-2 kp step 7. num in q 
[12:39:38.722] [INFO   ] thread computer-2 kp step 10.
[12:39:38.722] [INFO   ] thread computer-2 kp step 11. num in q 1 slot: 0
[12:39:38.722] [INFO   ] thread computer-2 kp step 12. num in q 2
[12:39:38.722] [SEVERE ] player 3 placing token on slot 0
[12:39:38.722] [INFO   ] thread computer-3 kp step 14.slot size2
[12:39:38.722] [INFO   ] thread computer-2 kp step 13.
[12:39:38.722] [INFO   ] thread computer-2 kp step 14.slot size2
[12:39:38.991] [INFO   ] thread computer-0 kp step 1.
[12:39:38.991] [INFO   ] thread computer-0 kp step 2.true
[12:39:38.991] [INFO   ] thread computer-0 kp step 3.
[12:39:38.991] [INFO   ] thread computer-0 kp step 4.
[12:39:38.991] [INFO   ] thread computer-0 kp step 5.
[12:39:38.991] [INFO   ] thread computer-0 kp step 6.
[12:39:38.991] [INFO   ] thread computer-0 kp step 7. num in q 
[12:39:38.991] [INFO   ] thread computer-0 kp step 10.
[12:39:38.991] [INFO   ] thread computer-0 kp step 11. num in q 1 slot: 0
[12:39:38.991] [INFO   ] thread computer-0 kp step 12. num in q 2
[12:39:38.991] [SEVERE ] player 1 placing token on slot 0
[12:39:38.991] [INFO   ] thread computer-0 kp step 13.
[12:39:38.991] [INFO   ] thread computer-0 kp step 14.slot size2
[12:39:39.084] [INFO   ] thread computer-3 kp step 1.
[12:39:39.085] [INFO   ] thread computer-3 kp step 2.true
[12:39:39.084] [INFO   ] thread computer-2 kp step 1.
[12:39:39.085] [INFO   ] thread computer-2 kp step 2.true
[12:39:39.085] [INFO   ] thread computer-3 kp step 14.slot size2
[12:39:39.085] [INFO   ] thread computer-2 kp step 14.slot size2
[12:39:39.354] [INFO   ] thread computer-0 kp step 1.
[12:39:39.354] [INFO   ] thread computer-0 kp step 2.true
[12:39:39.354] [INFO   ] thread computer-0 kp step 3.
[12:39:39.354] [INFO   ] thread computer-0 kp step 4.
[12:39:39.354] [INFO   ] thread computer-0 kp step 5.
[12:39:39.354] [INFO   ] thread computer-0 kp step 6.
[12:39:39.354] [INFO   ] thread computer-0 kp step 7. num in q 
[12:39:39.354] [INFO   ] thread computer-0 kp step 4.
[12:39:39.354] [INFO   ] thread computer-0 kp step 5.
[12:39:39.354] [INFO   ] thread computer-0 kp step 6.
[12:39:39.354] [INFO   ] thread computer-0 kp step 7. num in q 
[12:39:39.354] [INFO   ] thread computer-0 kp step 10.
[12:39:39.354] [INFO   ] thread computer-0 kp step 11. num in q 2 slot: 2
[12:39:39.354] [INFO   ] thread computer-0 kp step 12. num in q 3
[12:39:39.354] [SEVERE ] player 1 placing token on slot 2
[12:39:39.354] [INFO   ] thread computer-0 kp step 13.
[12:39:39.354] [INFO   ] thread computer-0 kp step 14.slot size3
[12:39:39.354] [INFO   ] thread computer-0 kp step 15.
[12:39:39.354] [INFO   ] thread computer-0 kp step 16.
[12:39:39.354] [INFO   ] thread Thread-0 player was notified by dealer. the player is: 0there are 3 slots
[12:39:39.449] [INFO   ] thread computer-3 kp step 1.
[12:39:39.449] [INFO   ] thread computer-3 kp step 2.true
[12:39:39.449] [INFO   ] thread computer-3 kp step 3.
[12:39:39.449] [INFO   ] thread computer-3 kp step 4.
[12:39:39.449] [INFO   ] thread computer-3 kp step 5.
[12:39:39.449] [INFO   ] thread computer-2 kp step 1.
[12:39:39.450] [INFO   ] thread computer-2 kp step 2.true
[12:39:39.450] [INFO   ] thread computer-2 kp step 14.slot size2
[12:39:39.450] [INFO   ] thread computer-3 kp step 6.
[12:39:39.450] [INFO   ] thread computer-3 kp step 8.
[12:39:39.450] [SEVERE ] removing player 4 token from slot 1
[12:39:39.450] [INFO   ] thread computer-3 kp step 9.
[12:39:39.450] [INFO   ] thread computer-3 kp step 10.
[12:39:39.450] [INFO   ] thread computer-3 kp step 14.slot size1
[12:39:39.811] [INFO   ] thread computer-3 kp step 1.
[12:39:39.811] [INFO   ] thread computer-3 kp step 2.true
[12:39:39.811] [INFO   ] thread computer-3 kp step 3.
[12:39:39.811] [INFO   ] thread computer-3 kp step 4.
[12:39:39.811] [INFO   ] thread computer-2 kp step 1.
[12:39:39.811] [INFO   ] thread computer-3 kp step 5.
[12:39:39.811] [INFO   ] thread computer-3 kp step 6.
[12:39:39.811] [INFO   ] thread computer-3 kp step 8.
[12:39:39.811] [INFO   ] thread computer-2 kp step 2.true
[12:39:39.812] [SEVERE ] removing player 4 token from slot 0
[12:39:39.812] [INFO   ] thread computer-2 kp step 3.
[12:39:39.812] [INFO   ] thread computer-2 kp step 4.
[12:39:39.812] [INFO   ] thread computer-2 kp step 5.
[12:39:39.812] [INFO   ] thread computer-2 kp step 6.
[12:39:39.812] [INFO   ] thread computer-2 kp step 8.
[12:39:39.812] [SEVERE ] removing player 3 token from slot 6
[12:39:39.812] [INFO   ] thread computer-2 kp step 9.
[12:39:39.812] [INFO   ] thread computer-2 kp step 10.
[12:39:39.812] [INFO   ] thread computer-2 kp step 14.slot size1
[12:39:39.812] [INFO   ] thread computer-3 kp step 9.
[12:39:39.812] [INFO   ] thread computer-3 kp step 10.
[12:39:39.812] [INFO   ] thread computer-3 kp step 14.slot size0
[12:39:40.174] [INFO   ] thread computer-2 kp step 1.
[12:39:40.174] [INFO   ] thread computer-2 kp step 2.true
[12:39:40.174] [INFO   ] thread computer-3 kp step 1.
[12:39:40.174] [INFO   ] thread computer-3 kp step 2.true
[12:39:40.174] [INFO   ] thread computer-3 kp step 3.
[12:39:40.174] [INFO   ] thread computer-2 kp step 14.slot size1
[12:39:40.174] [INFO   ] thread computer-3 kp step 10.
[12:39:40.175] [INFO   ] thread computer-3 kp step 11. num in q 0 slot: 6
[12:39:40.175] [INFO   ] thread computer-3 kp step 12. num in q 1
[12:39:40.175] [SEVERE ] player 4 placing token on slot 6
[12:39:40.175] [INFO   ] thread computer-3 kp step 13.
[12:39:40.175] [INFO   ] thread computer-3 kp step 14.slot size1
[12:39:40.539] [INFO   ] thread computer-3 kp step 1.
[12:39:40.540] [INFO   ] thread computer-3 kp step 2.true
[12:39:40.539] [INFO   ] thread computer-2 kp step 1.
[12:39:40.540] [INFO   ] thread computer-2 kp step 2.true
[12:39:40.540] [INFO   ] thread computer-2 kp step 14.slot size1
[12:39:40.540] [INFO   ] thread computer-3 kp step 14.slot size1
[12:39:40.540] [INFO   ] thread Thread-2 player was notified by dealer.
[12:39:40.540] [INFO   ] penalty
[12:39:40.540] [SEVERE ] setting player 3 freeze to 0
[12:39:40.906] [INFO   ] thread computer-2 kp step 1.
[12:39:40.906] [INFO   ] thread computer-2 kp step 2.true
[12:39:40.906] [INFO   ] thread computer-3 kp step 1.
[12:39:40.906] [INFO   ] thread computer-2 kp step 14.slot size1
[12:39:40.907] [INFO   ] thread computer-3 kp step 2.true
[12:39:40.907] [INFO   ] thread computer-3 kp step 14.slot size1
[12:39:41.268] [INFO   ] thread computer-2 kp step 1.
[12:39:41.268] [INFO   ] thread computer-2 kp step 2.true
[12:39:41.268] [INFO   ] thread computer-2 kp step 3.
[12:39:41.268] [INFO   ] thread computer-2 kp step 4.
[12:39:41.268] [INFO   ] thread computer-2 kp step 5.
[12:39:41.268] [INFO   ] thread computer-2 kp step 6.
[12:39:41.268] [INFO   ] thread computer-2 kp step 7. num in q 
[12:39:41.268] [INFO   ] thread computer-3 kp step 1.
[12:39:41.268] [INFO   ] thread computer-2 kp step 10.
[12:39:41.269] [INFO   ] thread computer-3 kp step 2.true
[12:39:41.269] [INFO   ] thread computer-3 kp step 14.slot size1
[12:39:41.269] [INFO   ] thread computer-2 kp step 11. num in q 1 slot: 2
[12:39:41.269] [INFO   ] thread computer-2 kp step 12. num in q 2
[12:39:41.269] [SEVERE ] player 3 placing token on slot 2
[12:39:41.269] [INFO   ] thread computer-2 kp step 13.
[12:39:41.269] [INFO   ] thread computer-2 kp step 14.slot size2
[12:39:41.631] [INFO   ] thread computer-2 kp step 1.
[12:39:41.631] [INFO   ] thread computer-2 kp step 2.true
[12:39:41.631] [INFO   ] thread computer-3 kp step 1.
[12:39:41.631] [INFO   ] thread computer-3 kp step 2.true
[12:39:41.631] [INFO   ] thread computer-2 kp step 14.slot size2
[12:39:41.631] [INFO   ] thread computer-3 kp step 3.
[12:39:41.631] [INFO   ] thread computer-3 kp step 4.
[12:39:41.631] [INFO   ] thread computer-3 kp step 5.
[12:39:41.631] [INFO   ] thread computer-3 kp step 6.
[12:39:41.631] [INFO   ] thread computer-3 kp step 8.
[12:39:41.631] [SEVERE ] removing player 4 token from slot 6
[12:39:41.631] [INFO   ] thread computer-3 kp step 9.
[12:39:41.631] [INFO   ] thread computer-3 kp step 10.
[12:39:41.631] [INFO   ] thread computer-3 kp step 14.slot size0
[12:39:41.993] [INFO   ] thread computer-2 kp step 1.
[12:39:41.994] [INFO   ] thread computer-2 kp step 2.true
[12:39:41.994] [INFO   ] thread computer-2 kp step 14.slot size2
[12:39:41.993] [INFO   ] thread computer-3 kp step 1.
[12:39:41.994] [INFO   ] thread computer-3 kp step 2.true
[12:39:41.994] [INFO   ] thread computer-3 kp step 3.
[12:39:41.994] [INFO   ] thread computer-3 kp step 10.
[12:39:41.994] [INFO   ] thread computer-3 kp step 11. num in q 0 slot: 1
[12:39:41.994] [INFO   ] thread computer-3 kp step 12. num in q 1
[12:39:41.994] [SEVERE ] player 4 placing token on slot 1
[12:39:41.994] [INFO   ] thread computer-3 kp step 13.
[12:39:41.994] [INFO   ] thread computer-3 kp step 14.slot size1
[12:39:42.357] [INFO   ] thread computer-3 kp step 1.
[12:39:42.357] [INFO   ] thread computer-3 kp step 2.true
[12:39:42.357] [INFO   ] thread computer-3 kp step 14.slot size1
[12:39:42.357] [INFO   ] thread computer-2 kp step 1.
[12:39:42.357] [INFO   ] thread computer-2 kp step 2.true
[12:39:42.357] [INFO   ] thread computer-2 kp step 14.slot size2
[12:39:42.710] [INFO   ] thread computer-3 kp step 1.
[12:39:42.710] [INFO   ] thread computer-3 kp step 2.true
[12:39:42.710] [INFO   ] thread computer-3 kp step 3.
[12:39:42.710] [INFO   ] thread computer-3 kp step 4.
[12:39:42.710] [INFO   ] thread computer-3 kp step 5.
[12:39:42.710] [INFO   ] thread computer-3 kp step 6.
[12:39:42.710] [INFO   ] thread computer-3 kp step 7. num in q 
[12:39:42.710] [INFO   ] thread computer-3 kp step 10.
[12:39:42.710] [INFO   ] thread computer-3 kp step 11. num in q 1 slot: 6
[12:39:42.710] [INFO   ] thread computer-3 kp step 12. num in q 2
[12:39:42.710] [SEVERE ] player 4 placing token on slot 6
[12:39:42.710] [INFO   ] thread computer-3 kp step 13.
[12:39:42.710] [INFO   ] thread computer-3 kp step 14.slot size2
[12:39:42.718] [INFO   ] thread computer-2 kp step 1.
[12:39:42.718] [INFO   ] thread computer-2 kp step 2.true
[12:39:42.718] [INFO   ] thread computer-2 kp step 3.
[12:39:42.718] [INFO   ] thread computer-2 kp step 4.
[12:39:42.718] [INFO   ] thread computer-2 kp step 5.
[12:39:42.718] [INFO   ] thread computer-2 kp step 6.
[12:39:42.718] [INFO   ] thread computer-2 kp step 8.
[12:39:42.718] [SEVERE ] removing player 3 token from slot 0
[12:39:42.718] [INFO   ] thread computer-2 kp step 9.
[12:39:42.718] [INFO   ] thread computer-2 kp step 10.
[12:39:42.718] [INFO   ] thread computer-2 kp step 14.slot size1
[12:39:43.063] [INFO   ] thread computer-3 kp step 1.
[12:39:43.063] [INFO   ] thread computer-3 kp step 2.true
[12:39:43.063] [INFO   ] thread computer-3 kp step 3.
[12:39:43.063] [INFO   ] thread computer-3 kp step 4.
[12:39:43.063] [INFO   ] thread computer-3 kp step 5.
[12:39:43.063] [INFO   ] thread computer-3 kp step 6.
[12:39:43.063] [INFO   ] thread computer-3 kp step 8.
[12:39:43.063] [SEVERE ] removing player 4 token from slot 1
[12:39:43.063] [INFO   ] thread computer-3 kp step 9.
[12:39:43.063] [INFO   ] thread computer-3 kp step 10.
[12:39:43.063] [INFO   ] thread computer-3 kp step 14.slot size1
[12:39:43.078] [INFO   ] thread computer-2 kp step 1.
[12:39:43.078] [INFO   ] thread computer-2 kp step 2.true
[12:39:43.078] [INFO   ] thread computer-2 kp step 3.
[12:39:43.078] [INFO   ] thread computer-2 kp step 4.
[12:39:43.078] [INFO   ] thread computer-2 kp step 5.
[12:39:43.078] [INFO   ] thread computer-2 kp step 6.
[12:39:43.078] [INFO   ] thread computer-2 kp step 7. num in q 
[12:39:43.078] [INFO   ] thread computer-2 kp step 10.
[12:39:43.078] [INFO   ] thread computer-2 kp step 11. num in q 1 slot: 6
[12:39:43.078] [INFO   ] thread computer-2 kp step 12. num in q 2
[12:39:43.078] [SEVERE ] player 3 placing token on slot 6
[12:39:43.078] [INFO   ] thread computer-2 kp step 13.
[12:39:43.078] [INFO   ] thread computer-2 kp step 14.slot size2
[12:39:43.424] [INFO   ] thread computer-3 kp step 1.
[12:39:43.424] [INFO   ] thread computer-3 kp step 2.true
[12:39:43.424] [INFO   ] thread computer-3 kp step 3.
[12:39:43.424] [INFO   ] thread computer-3 kp step 4.
[12:39:43.424] [INFO   ] thread computer-3 kp step 5.
[12:39:43.424] [INFO   ] thread computer-3 kp step 6.
[12:39:43.424] [INFO   ] thread computer-3 kp step 8.
[12:39:43.424] [SEVERE ] removing player 4 token from slot 6
[12:39:43.424] [INFO   ] thread computer-3 kp step 9.
[12:39:43.424] [INFO   ] thread computer-3 kp step 10.
[12:39:43.424] [INFO   ] thread computer-3 kp step 14.slot size0
[12:39:43.440] [INFO   ] thread computer-2 kp step 1.
[12:39:43.440] [INFO   ] thread computer-2 kp step 2.true
[12:39:43.440] [INFO   ] thread computer-2 kp step 14.slot size2
[12:39:43.784] [INFO   ] thread computer-3 kp step 1.
[12:39:43.784] [INFO   ] thread computer-3 kp step 2.true
[12:39:43.784] [INFO   ] thread computer-3 kp step 14.slot size0
[12:39:43.794] [INFO   ] thread computer-2 kp step 1.
[12:39:43.794] [INFO   ] thread computer-2 kp step 2.true
[12:39:43.794] [INFO   ] thread computer-2 kp step 3.
[12:39:43.794] [INFO   ] thread computer-2 kp step 4.
[12:39:43.794] [INFO   ] thread computer-2 kp step 5.
[12:39:43.794] [INFO   ] thread computer-2 kp step 6.
[12:39:43.794] [INFO   ] thread computer-2 kp step 8.
[12:39:43.794] [SEVERE ] removing player 3 token from slot 2
[12:39:43.794] [INFO   ] thread computer-2 kp step 9.
[12:39:43.794] [INFO   ] thread computer-2 kp step 10.
[12:39:43.794] [INFO   ] thread computer-2 kp step 14.slot size1
[12:39:44.148] [INFO   ] thread computer-2 kp step 1.
[12:39:44.149] [INFO   ] thread computer-2 kp step 2.true
[12:39:44.149] [INFO   ] thread computer-2 kp step 14.slot size1
[12:39:44.148] [INFO   ] thread computer-3 kp step 1.
[12:39:44.149] [INFO   ] thread computer-3 kp step 2.true
[12:39:44.149] [INFO   ] thread computer-3 kp step 14.slot size0
[12:39:44.505] [INFO   ] thread computer-2 kp step 1.
[12:39:44.505] [INFO   ] thread computer-2 kp step 2.true
[12:39:44.505] [INFO   ] thread computer-2 kp step 14.slot size1
[12:39:44.505] [INFO   ] thread computer-3 kp step 1.
[12:39:44.505] [INFO   ] thread computer-3 kp step 2.true
[12:39:44.505] [INFO   ] thread computer-3 kp step 3.
[12:39:44.505] [INFO   ] thread computer-3 kp step 10.
[12:39:44.505] [INFO   ] thread computer-3 kp step 11. num in q 0 slot: 1
[12:39:44.505] [INFO   ] thread computer-3 kp step 12. num in q 1
[12:39:44.505] [SEVERE ] player 4 placing token on slot 1
[12:39:44.505] [INFO   ] thread computer-3 kp step 13.
[12:39:44.505] [INFO   ] thread computer-3 kp step 14.slot size1
