[02:48:29.203] [INFO   ] thread main starting.
[02:48:29.221] [SEVERE ] cannot read configuration file config.properties trying from resources.
[02:48:29.222] [SEVERE ] configuration file was loaded from resources directory.
[02:48:29.887] [INFO   ] thread dealer starting.
[02:48:29.889] [INFO   ] thread dealer terminated.
[02:48:29.892] [INFO   ] thread Thread-0 starting.
[02:48:29.893] [INFO   ] thread Thread-2 starting.
[02:48:29.892] [SEVERE ] updating countdown to 10000
[02:48:29.892] [INFO   ] thread Thread-1 starting.
[02:48:29.893] [INFO   ] thread Thread-3 starting.
[02:48:29.894] [INFO   ] thread computer-0 starting.
[02:48:29.895] [INFO   ] thread computer-2 starting.
[02:48:29.908] [INFO   ] thread computer-1 starting.
[02:48:29.908] [INFO   ] thread computer-3 starting.
[02:48:30.013] [SEVERE ] placing card 4 in slot 5
[02:48:30.128] [SEVERE ] placing card 49 in slot 3
[02:48:30.230] [SEVERE ] placing card 12 in slot 0
[02:48:30.332] [SEVERE ] placing card 3 in slot 10
[02:48:30.447] [SEVERE ] placing card 63 in slot 11
[02:48:30.563] [SEVERE ] placing card 59 in slot 8
[02:48:30.666] [SEVERE ] placing card 47 in slot 2
[02:48:30.778] [SEVERE ] placing card 41 in slot 9
[02:48:30.892] [SEVERE ] placing card 42 in slot 6
[02:48:31.002] [SEVERE ] placing card 72 in slot 4
[02:48:31.112] [SEVERE ] placing card 22 in slot 7
[02:48:31.221] [SEVERE ] placing card 46 in slot 1
[02:48:31.221] [SEVERE ] player 3 placing token on slot 7
[02:48:31.222] [SEVERE ] player 2 placing token on slot 10
[02:48:31.221] [SEVERE ] player 4 placing token on slot 9
[02:48:31.222] [SEVERE ] player 3 placing token on slot 9
[02:48:31.222] [SEVERE ] player 1 placing token on slot 10
[02:48:31.223] [SEVERE ] player 3 placing token on slot 8
[02:48:31.222] [SEVERE ] player 4 placing token on slot 4
[02:48:31.222] [SEVERE ] player 2 placing token on slot 1
[02:48:31.223] [SEVERE ] removing player 4 token from slot 4
[02:48:31.223] [SEVERE ] updating countdown to 8672
[02:48:31.223] [SEVERE ] player 1 placing token on slot 1
[02:48:31.224] [SEVERE ] player 4 placing token on slot 1
[02:48:31.223] [SEVERE ] player 2 placing token on slot 9
[02:48:31.224] [SEVERE ] setting player 3 freeze to 0
[02:48:31.224] [SEVERE ] removing player 1 token from slot 1
[02:48:40.847] [SEVERE ] exit button pressed
