[03:15:28.417] [INFO   ] thread main starting.
[03:15:28.422] [SEVERE ] cannot read configuration file config.properties trying from resources.
[03:15:28.422] [SEVERE ] configuration file was loaded from resources directory.
[03:15:29.133] [INFO   ] thread dealer starting.
[03:15:29.134] [INFO   ] thread dealer terminated.
[03:15:29.135] [SEVERE ] updating countdown to 10000
[03:15:29.135] [INFO   ] thread Thread-0 starting.
[03:15:29.136] [INFO   ] thread Thread-1 starting.
[03:15:29.136] [INFO   ] thread Thread-3 starting.
[03:15:29.136] [INFO   ] thread Thread-2 starting.
[03:15:29.137] [INFO   ] thread computer-1 starting.
[03:15:29.137] [INFO   ] thread computer-2 starting.
[03:15:29.137] [INFO   ] thread computer-3 starting.
[03:15:29.137] [INFO   ] thread computer-0 starting.
[03:15:29.248] [SEVERE ] placing card 25 in slot 10
[03:15:29.363] [SEVERE ] placing card 0 in slot 2
[03:15:29.469] [SEVERE ] placing card 32 in slot 1
[03:15:29.582] [SEVERE ] placing card 48 in slot 7
[03:15:29.697] [SEVERE ] placing card 59 in slot 0
[03:15:29.799] [SEVERE ] placing card 69 in slot 4
[03:15:29.900] [SEVERE ] placing card 53 in slot 8
[03:15:30.013] [SEVERE ] placing card 63 in slot 6
[03:15:30.126] [SEVERE ] placing card 19 in slot 9
[03:15:30.235] [SEVERE ] placing card 9 in slot 3
[03:15:30.344] [SEVERE ] placing card 11 in slot 5
[03:15:30.454] [SEVERE ] placing card 49 in slot 11
[03:15:30.454] [SEVERE ] player 1 placing token on slot 7
[03:15:30.454] [SEVERE ] player 4 placing token on slot 10
[03:15:30.454] [SEVERE ] player 3 placing token on slot 10
[03:15:30.454] [SEVERE ] player 2 placing token on slot 10
[03:15:30.457] [SEVERE ] removing player 3 token from slot 10
[03:15:30.456] [SEVERE ] player 4 placing token on slot 8
[03:15:30.456] [SEVERE ] player 1 placing token on slot 8
[03:15:30.457] [SEVERE ] player 4 placing token on slot 4
[03:15:30.457] [SEVERE ] player 3 placing token on slot 11
[03:15:30.457] [SEVERE ] player 2 placing token on slot 2
[03:15:30.457] [SEVERE ] updating countdown to 8680
[03:15:30.457] [SEVERE ] player 3 placing token on slot 8
[03:15:30.457] [SEVERE ] player 1 placing token on slot 6
[03:15:30.457] [SEVERE ] player 3 placing token on slot 3
[03:15:30.457] [SEVERE ] player 2 placing token on slot 0
[03:15:31.463] [SEVERE ] updating countdown to 7674
[03:15:32.474] [SEVERE ] updating countdown to 6663
[03:15:33.475] [SEVERE ] updating countdown to 5662
[03:15:36.701] [SEVERE ] exit button pressed
[03:15:36.701] [INFO   ] thread Thread-3 terminated.
[03:15:36.701] [INFO   ] thread Thread-2 terminated.
[03:15:36.701] [INFO   ] thread Thread-1 terminated.
[03:15:36.701] [INFO   ] thread Thread-0 terminated.
[03:15:36.717] [SEVERE ] updating countdown to 10000
[03:15:36.717] [SEVERE ] removing player 1 token from slot 0
[03:15:36.718] [SEVERE ] removing player 2 token from slot 0
[03:15:36.718] [SEVERE ] removing player 3 token from slot 0
[03:15:36.718] [SEVERE ] removing player 4 token from slot 0
[03:15:36.830] [SEVERE ] removing card from slot 0
[03:15:36.830] [SEVERE ] removing player 1 token from slot 1
[03:15:36.830] [SEVERE ] removing player 2 token from slot 1
[03:15:36.830] [SEVERE ] removing player 3 token from slot 1
[03:15:36.830] [SEVERE ] removing player 4 token from slot 1
[03:15:36.939] [SEVERE ] removing card from slot 1
[03:15:36.939] [SEVERE ] removing player 1 token from slot 2
[03:15:36.939] [SEVERE ] removing player 2 token from slot 2
[03:15:36.939] [SEVERE ] removing player 3 token from slot 2
[03:15:36.939] [SEVERE ] removing player 4 token from slot 2
[03:15:37.049] [SEVERE ] removing card from slot 2
[03:15:37.049] [SEVERE ] removing player 1 token from slot 3
[03:15:37.049] [SEVERE ] removing player 2 token from slot 3
[03:15:37.049] [SEVERE ] removing player 3 token from slot 3
[03:15:37.049] [SEVERE ] removing player 4 token from slot 3
[03:15:37.158] [SEVERE ] removing card from slot 3
[03:15:37.158] [SEVERE ] removing player 1 token from slot 4
[03:15:37.158] [SEVERE ] removing player 2 token from slot 4
[03:15:37.158] [SEVERE ] removing player 3 token from slot 4
[03:15:37.158] [SEVERE ] removing player 4 token from slot 4
[03:15:37.267] [SEVERE ] removing card from slot 4
[03:15:37.267] [SEVERE ] removing player 1 token from slot 5
[03:15:37.267] [SEVERE ] removing player 2 token from slot 5
[03:15:37.267] [SEVERE ] removing player 3 token from slot 5
[03:15:37.267] [SEVERE ] removing player 4 token from slot 5
[03:15:37.377] [SEVERE ] removing card from slot 5
[03:15:37.377] [SEVERE ] removing player 1 token from slot 6
[03:15:37.377] [SEVERE ] removing player 2 token from slot 6
[03:15:37.377] [SEVERE ] removing player 3 token from slot 6
[03:15:37.377] [SEVERE ] removing player 4 token from slot 6
[03:15:37.486] [SEVERE ] removing card from slot 6
[03:15:37.486] [SEVERE ] removing player 1 token from slot 7
[03:15:37.486] [SEVERE ] removing player 2 token from slot 7
[03:15:37.486] [SEVERE ] removing player 3 token from slot 7
[03:15:37.486] [SEVERE ] removing player 4 token from slot 7
[03:15:37.597] [SEVERE ] removing card from slot 7
[03:15:37.597] [SEVERE ] removing player 1 token from slot 8
[03:15:37.597] [SEVERE ] removing player 2 token from slot 8
[03:15:37.597] [SEVERE ] removing player 3 token from slot 8
[03:15:37.597] [SEVERE ] removing player 4 token from slot 8
[03:15:37.708] [SEVERE ] removing card from slot 8
[03:15:37.708] [SEVERE ] removing player 1 token from slot 9
[03:15:37.708] [SEVERE ] removing player 2 token from slot 9
[03:15:37.708] [SEVERE ] removing player 3 token from slot 9
[03:15:37.708] [SEVERE ] removing player 4 token from slot 9
[03:15:37.819] [SEVERE ] removing card from slot 9
[03:15:37.819] [SEVERE ] removing player 1 token from slot 10
[03:15:37.819] [SEVERE ] removing player 2 token from slot 10
[03:15:37.819] [SEVERE ] removing player 3 token from slot 10
[03:15:37.819] [SEVERE ] removing player 4 token from slot 10
[03:15:37.932] [SEVERE ] removing card from slot 10
[03:15:37.932] [SEVERE ] removing player 1 token from slot 11
[03:15:37.932] [SEVERE ] removing player 2 token from slot 11
[03:15:37.932] [SEVERE ] removing player 3 token from slot 11
[03:15:37.932] [SEVERE ] removing player 4 token from slot 11
[03:15:38.042] [SEVERE ] removing card from slot 11
[03:15:38.043] [SEVERE ] announcing winner(s): player 1, player 2, player 3, player 4
[03:15:38.043] [INFO   ] thread dealer terminated.
[03:15:38.043] [INFO   ] thread dealer terminated.
[03:15:38.043] [SEVERE ] thanks for playing... it was fun!
[03:15:38.043] [INFO   ] thread main terminated.
