[16:52:34.563] [INFO   ] thread main starting.
[16:52:34.569] [SEVERE ] cannot read configuration file config.properties trying from resources.
[16:52:34.571] [SEVERE ] configuration file was loaded from resources directory.
[16:52:35.140] [INFO   ] thread dealer starting.
[16:52:35.140] [INFO   ] thread dealer starting.
[16:52:35.142] [INFO   ] thread Thread-0 starting.
[16:52:35.143] [INFO   ] thread computer-0 starting.
[16:52:35.144] [INFO   ] thread Thread-1 starting.
[16:52:35.145] [INFO   ] thread computer-1 starting.
[16:52:35.145] [SEVERE ] updating countdown to 20000
[16:52:35.267] [SEVERE ] placing card 71 in slot 0
[16:52:35.377] [SEVERE ] placing card 0 in slot 1
[16:52:35.488] [SEVERE ] placing card 18 in slot 2
[16:52:35.598] [SEVERE ] placing card 34 in slot 3
[16:52:35.707] [SEVERE ] placing card 8 in slot 4
[16:52:35.816] [SEVERE ] placing card 33 in slot 5
[16:52:35.927] [SEVERE ] placing card 23 in slot 6
[16:52:36.037] [SEVERE ] placing card 70 in slot 7
[16:52:36.147] [SEVERE ] placing card 10 in slot 8
[16:52:36.257] [SEVERE ] placing card 53 in slot 9
[16:52:36.369] [SEVERE ] placing card 47 in slot 10
[16:52:36.477] [SEVERE ] placing card 59 in slot 11
[16:52:36.478] [SEVERE ] updating countdown to 20000
[16:52:36.488] [SEVERE ] player 2 placing token on slot 3
[16:52:36.488] [SEVERE ] player 1 placing token on slot 4
[16:52:36.489] [SEVERE ] player 2 placing token on slot 5
[16:52:36.489] [SEVERE ] removing player 1 token from slot 4
[16:52:36.490] [SEVERE ] player 2 placing token on slot 4
[16:52:36.490] [SEVERE ] player 1 placing token on slot 9
[16:52:36.491] [SEVERE ] updating countdown to 20037
[16:52:36.491] [SEVERE ] player 1 placing token on slot 3
[16:52:36.492] [INFO   ] remove  in the table step 1
[16:52:36.492] [INFO   ] remove  in the table step 2
[16:52:36.493] [SEVERE ] removing player 2 token from slot 3
[16:52:36.493] [SEVERE ] removing player 2 token from slot 5
[16:52:36.493] [SEVERE ] removing player 2 token from slot 4
[16:52:36.494] [SEVERE ] updating countdown to 20034
[16:52:36.494] [SEVERE ] setting player 2 freeze to 3000
[16:52:36.501] [SEVERE ] removing player 1 token from slot 3
[16:52:36.501] [SEVERE ] player 1 placing token on slot 4
[16:52:36.502] [SEVERE ] player 1 placing token on slot 0
[16:52:36.502] [SEVERE ] updating countdown to 20026
[16:52:36.502] [INFO   ] remove  in the table step 1
[16:52:36.503] [INFO   ] remove  in the table step 2
[16:52:36.503] [SEVERE ] removing player 1 token from slot 9
[16:52:36.617] [SEVERE ] removing card from slot 9
[16:52:36.617] [SEVERE ] removing player 1 token from slot 4
[16:52:36.724] [SEVERE ] removing card from slot 4
[16:52:36.724] [SEVERE ] removing player 1 token from slot 0
[16:52:36.833] [SEVERE ] removing card from slot 0
[16:52:36.834] [SEVERE ] setting player 1 score to 1
[16:52:36.834] [SEVERE ] setting player 1 freeze to 1000
[16:52:36.944] [SEVERE ] placing card 78 in slot 0
[16:52:37.054] [SEVERE ] placing card 38 in slot 4
[16:52:37.163] [SEVERE ] placing card 73 in slot 9
[16:52:37.163] [SEVERE ] updating countdown to 20000
[16:52:37.272] [SEVERE ] updating countdown to 19941
[16:52:37.273] [SEVERE ] updating countdown to 19940
[16:52:37.381] [SEVERE ] updating countdown to 19832
[16:52:37.382] [SEVERE ] updating countdown to 19831
[16:52:37.489] [SEVERE ] updating countdown to 19724
[16:52:37.490] [SEVERE ] updating countdown to 19723
[16:52:37.505] [SEVERE ] setting player 2 freeze to 2000
[16:52:37.599] [SEVERE ] updating countdown to 19614
[16:52:37.599] [SEVERE ] updating countdown to 19614
[16:52:37.708] [SEVERE ] updating countdown to 19505
[16:52:37.708] [SEVERE ] updating countdown to 19505
[16:52:37.817] [SEVERE ] updating countdown to 19396
[16:52:37.817] [SEVERE ] updating countdown to 19396
[16:52:37.848] [SEVERE ] setting player 1 freeze to 0
[16:52:37.849] [SEVERE ] player 1 placing token on slot 7
[16:52:37.850] [SEVERE ] player 1 placing token on slot 8
[16:52:37.850] [SEVERE ] removing player 1 token from slot 7
[16:52:37.850] [SEVERE ] player 1 placing token on slot 4
[16:52:37.851] [SEVERE ] player 1 placing token on slot 0
[16:52:37.852] [SEVERE ] updating countdown to 19361
[16:52:37.852] [INFO   ] remove  in the table step 1
[16:52:37.853] [INFO   ] remove  in the table step 2
[16:52:37.853] [SEVERE ] removing player 1 token from slot 8
[16:52:37.853] [SEVERE ] removing player 1 token from slot 4
[16:52:37.853] [SEVERE ] removing player 1 token from slot 0
[16:52:37.854] [SEVERE ] updating countdown to 19359
[16:52:37.854] [SEVERE ] setting player 1 freeze to 3000
[16:52:37.958] [SEVERE ] updating countdown to 19255
[16:52:37.959] [SEVERE ] updating countdown to 19254
[16:52:38.068] [SEVERE ] updating countdown to 19145
[16:52:38.069] [SEVERE ] updating countdown to 19144
[16:52:38.179] [SEVERE ] updating countdown to 19034
[16:52:38.180] [SEVERE ] updating countdown to 19033
[16:52:38.288] [SEVERE ] updating countdown to 18925
[16:52:38.289] [SEVERE ] updating countdown to 18924
[16:52:38.398] [SEVERE ] updating countdown to 18815
[16:52:38.398] [SEVERE ] updating countdown to 18815
[16:52:38.509] [SEVERE ] updating countdown to 18704
[16:52:38.509] [SEVERE ] setting player 2 freeze to 1000
[16:52:38.509] [SEVERE ] updating countdown to 18704
[16:52:38.618] [SEVERE ] updating countdown to 18595
[16:52:38.619] [SEVERE ] updating countdown to 18594
[16:52:38.728] [SEVERE ] updating countdown to 18485
[16:52:38.728] [SEVERE ] updating countdown to 18485
[16:52:38.835] [SEVERE ] updating countdown to 18378
[16:52:38.835] [SEVERE ] updating countdown to 18378
[16:52:38.866] [SEVERE ] setting player 1 freeze to 2000
[16:52:38.943] [SEVERE ] updating countdown to 18270
[16:52:38.943] [SEVERE ] updating countdown to 18270
[16:52:39.053] [SEVERE ] updating countdown to 18160
[16:52:39.053] [SEVERE ] updating countdown to 18160
[16:52:39.164] [SEVERE ] updating countdown to 18049
[16:52:39.165] [SEVERE ] updating countdown to 18049
[16:52:39.273] [SEVERE ] updating countdown to 17940
[16:52:39.274] [SEVERE ] updating countdown to 17939
[16:52:39.384] [SEVERE ] updating countdown to 17829
[16:52:39.384] [SEVERE ] updating countdown to 17829
[16:52:39.494] [SEVERE ] updating countdown to 17719
[16:52:39.494] [SEVERE ] updating countdown to 17719
[16:52:39.510] [SEVERE ] setting player 2 freeze to 0
[16:52:39.510] [SEVERE ] player 2 placing token on slot 6
[16:52:39.510] [SEVERE ] player 2 placing token on slot 4
[16:52:39.511] [SEVERE ] player 2 placing token on slot 1
[16:52:39.511] [SEVERE ] updating countdown to 17702
[16:52:39.511] [INFO   ] remove  in the table step 1
[16:52:39.511] [INFO   ] remove  in the table step 2
[16:52:39.511] [SEVERE ] removing player 2 token from slot 6
[16:52:39.511] [SEVERE ] removing player 2 token from slot 4
[16:52:39.511] [SEVERE ] removing player 2 token from slot 1
[16:52:39.512] [SEVERE ] updating countdown to 17701
[16:52:39.512] [SEVERE ] setting player 2 freeze to 3000
[16:52:39.621] [SEVERE ] updating countdown to 17592
[16:52:39.622] [SEVERE ] updating countdown to 17591
[16:52:39.732] [SEVERE ] updating countdown to 17481
[16:52:39.732] [SEVERE ] updating countdown to 17481
[16:52:39.842] [SEVERE ] updating countdown to 17371
[16:52:39.842] [SEVERE ] updating countdown to 17371
[16:52:39.874] [SEVERE ] setting player 1 freeze to 1000
[16:52:39.954] [SEVERE ] updating countdown to 17259
[16:52:39.954] [SEVERE ] updating countdown to 17259
[16:52:40.063] [SEVERE ] updating countdown to 17150
[16:52:40.063] [SEVERE ] updating countdown to 17150
[16:52:40.173] [SEVERE ] updating countdown to 17040
[16:52:40.174] [SEVERE ] updating countdown to 17039
[16:52:40.283] [SEVERE ] updating countdown to 16930
[16:52:40.284] [SEVERE ] updating countdown to 16929
[16:52:40.394] [SEVERE ] updating countdown to 16819
[16:52:40.395] [SEVERE ] updating countdown to 16818
[16:52:40.503] [SEVERE ] updating countdown to 16710
[16:52:40.503] [SEVERE ] updating countdown to 16710
[16:52:40.519] [SEVERE ] setting player 2 freeze to 2000
[16:52:40.612] [SEVERE ] updating countdown to 16601
[16:52:40.613] [SEVERE ] updating countdown to 16600
[16:52:40.722] [SEVERE ] updating countdown to 16491
[16:52:40.722] [SEVERE ] updating countdown to 16491
[16:52:40.833] [SEVERE ] updating countdown to 16380
[16:52:40.833] [SEVERE ] updating countdown to 16380
[16:52:40.879] [SEVERE ] setting player 1 freeze to 0
[16:52:40.879] [SEVERE ] player 1 placing token on slot 11
[16:52:40.879] [SEVERE ] player 1 placing token on slot 3
[16:52:40.880] [SEVERE ] player 1 placing token on slot 8
[16:52:40.880] [SEVERE ] updating countdown to 16333
[16:52:40.880] [INFO   ] remove  in the table step 1
[16:52:40.880] [INFO   ] remove  in the table step 2
[16:52:40.880] [SEVERE ] removing player 1 token from slot 11
[16:52:40.880] [SEVERE ] removing player 1 token from slot 3
[16:52:40.880] [SEVERE ] removing player 1 token from slot 8
[16:52:40.880] [SEVERE ] updating countdown to 16333
[16:52:40.880] [SEVERE ] setting player 1 freeze to 3000
[16:52:40.987] [SEVERE ] updating countdown to 16226
[16:52:40.987] [SEVERE ] updating countdown to 16226
[16:52:41.097] [SEVERE ] updating countdown to 16116
[16:52:41.100] [SEVERE ] updating countdown to 16113
[16:52:41.208] [SEVERE ] updating countdown to 16005
[16:52:41.209] [SEVERE ] updating countdown to 16004
[16:52:41.319] [SEVERE ] updating countdown to 15894
[16:52:41.320] [SEVERE ] updating countdown to 15893
[16:52:41.429] [SEVERE ] updating countdown to 15784
[16:52:41.429] [SEVERE ] updating countdown to 15784
[16:52:41.523] [SEVERE ] setting player 2 freeze to 1000
[16:52:41.539] [SEVERE ] updating countdown to 15674
[16:52:41.539] [SEVERE ] updating countdown to 15674
[16:52:41.650] [SEVERE ] updating countdown to 15563
[16:52:41.650] [SEVERE ] updating countdown to 15563
[16:52:41.761] [SEVERE ] updating countdown to 15452
[16:52:41.761] [SEVERE ] updating countdown to 15452
[16:52:41.871] [SEVERE ] updating countdown to 15342
[16:52:41.871] [SEVERE ] updating countdown to 15342
[16:52:41.887] [SEVERE ] setting player 1 freeze to 2000
[16:52:41.981] [SEVERE ] updating countdown to 15232
[16:52:41.981] [SEVERE ] updating countdown to 15232
[16:52:42.091] [SEVERE ] updating countdown to 15122
[16:52:42.091] [SEVERE ] updating countdown to 15122
[16:52:42.201] [SEVERE ] updating countdown to 15012
[16:52:42.201] [SEVERE ] updating countdown to 15012
[16:52:42.309] [SEVERE ] updating countdown to 14904
[16:52:42.310] [SEVERE ] updating countdown to 14903
[16:52:42.419] [SEVERE ] updating countdown to 14794
[16:52:42.419] [SEVERE ] updating countdown to 14794
[16:52:42.527] [SEVERE ] updating countdown to 14686
[16:52:42.527] [SEVERE ] setting player 2 freeze to 0
[16:52:42.527] [SEVERE ] updating countdown to 14686
[16:52:42.529] [SEVERE ] player 2 placing token on slot 1
[16:52:42.529] [SEVERE ] player 2 placing token on slot 10
[16:52:42.529] [SEVERE ] player 2 placing token on slot 5
[16:52:42.530] [SEVERE ] updating countdown to 14683
[16:52:42.530] [INFO   ] remove  in the table step 1
[16:52:42.530] [INFO   ] remove  in the table step 2
[16:52:42.530] [SEVERE ] removing player 2 token from slot 1
[16:52:42.530] [SEVERE ] removing player 2 token from slot 10
[16:52:42.531] [SEVERE ] removing player 2 token from slot 5
[16:52:42.531] [SEVERE ] updating countdown to 14682
[16:52:42.531] [SEVERE ] setting player 2 freeze to 3000
[16:52:42.639] [SEVERE ] updating countdown to 14574
[16:52:42.639] [SEVERE ] updating countdown to 14574
[16:52:42.740] [SEVERE ] updating countdown to 14473
[16:52:42.740] [SEVERE ] updating countdown to 14473
[16:52:42.845] [SEVERE ] updating countdown to 14368
[16:52:42.846] [SEVERE ] updating countdown to 14367
[16:52:42.890] [SEVERE ] setting player 1 freeze to 1000
[16:52:42.953] [SEVERE ] updating countdown to 14260
[16:52:42.953] [SEVERE ] updating countdown to 14260
[16:52:43.062] [SEVERE ] updating countdown to 14151
[16:52:43.062] [SEVERE ] updating countdown to 14151
[16:52:43.171] [SEVERE ] updating countdown to 14042
[16:52:43.171] [SEVERE ] updating countdown to 14042
[16:52:43.280] [SEVERE ] updating countdown to 13933
[16:52:43.281] [SEVERE ] updating countdown to 13932
[16:52:43.391] [SEVERE ] updating countdown to 13822
[16:52:43.392] [SEVERE ] updating countdown to 13822
[16:52:43.499] [SEVERE ] updating countdown to 13714
[16:52:43.499] [SEVERE ] updating countdown to 13714
[16:52:43.546] [SEVERE ] setting player 2 freeze to 2000
[16:52:43.609] [SEVERE ] updating countdown to 13604
[16:52:43.609] [SEVERE ] updating countdown to 13604
[16:52:43.718] [SEVERE ] updating countdown to 13495
[16:52:43.718] [SEVERE ] updating countdown to 13495
[16:52:43.828] [SEVERE ] updating countdown to 13385
[16:52:43.828] [SEVERE ] updating countdown to 13385
[16:52:43.892] [SEVERE ] setting player 1 freeze to 0
[16:52:43.892] [SEVERE ] player 1 placing token on slot 11
[16:52:43.892] [SEVERE ] player 1 placing token on slot 9
[16:52:43.893] [SEVERE ] player 1 placing token on slot 2
[16:52:43.894] [SEVERE ] updating countdown to 13319
[16:52:43.894] [INFO   ] remove  in the table step 1
[16:52:43.894] [INFO   ] remove  in the table step 2
[16:52:43.894] [SEVERE ] removing player 1 token from slot 11
[16:52:43.894] [SEVERE ] removing player 1 token from slot 9
[16:52:43.894] [SEVERE ] removing player 1 token from slot 2
[16:52:43.894] [SEVERE ] updating countdown to 13319
[16:52:43.894] [SEVERE ] setting player 1 freeze to 3000
[16:52:44.003] [SEVERE ] updating countdown to 13210
[16:52:44.003] [SEVERE ] updating countdown to 13210
[16:52:44.112] [SEVERE ] updating countdown to 13101
[16:52:44.112] [SEVERE ] updating countdown to 13101
[16:52:44.221] [SEVERE ] updating countdown to 12992
[16:52:44.221] [SEVERE ] updating countdown to 12992
[16:52:44.331] [SEVERE ] updating countdown to 12882
[16:52:44.331] [SEVERE ] updating countdown to 12882
[16:52:44.441] [SEVERE ] updating countdown to 12772
[16:52:44.441] [SEVERE ] updating countdown to 12772
[16:52:44.552] [SEVERE ] setting player 2 freeze to 1000
[16:52:44.552] [SEVERE ] updating countdown to 12661
[16:52:44.553] [SEVERE ] updating countdown to 12660
[16:52:44.661] [SEVERE ] updating countdown to 12552
[16:52:44.661] [SEVERE ] updating countdown to 12552
[16:52:44.770] [SEVERE ] updating countdown to 12443
[16:52:44.770] [SEVERE ] updating countdown to 12443
[16:52:44.879] [SEVERE ] updating countdown to 12334
[16:52:44.880] [SEVERE ] updating countdown to 12333
[16:52:44.910] [SEVERE ] setting player 1 freeze to 2000
[16:52:44.988] [SEVERE ] updating countdown to 12225
[16:52:44.989] [SEVERE ] updating countdown to 12225
[16:52:45.098] [SEVERE ] updating countdown to 12115
[16:52:45.098] [SEVERE ] updating countdown to 12115
[16:52:45.208] [SEVERE ] updating countdown to 12005
[16:52:45.208] [SEVERE ] updating countdown to 12005
[16:52:45.318] [SEVERE ] updating countdown to 11895
[16:52:45.318] [SEVERE ] updating countdown to 11895
[16:52:45.426] [SEVERE ] updating countdown to 11787
[16:52:45.426] [SEVERE ] updating countdown to 11787
[16:52:45.535] [SEVERE ] updating countdown to 11678
[16:52:45.535] [SEVERE ] updating countdown to 11678
[16:52:45.566] [SEVERE ] setting player 2 freeze to 0
[16:52:45.567] [SEVERE ] player 2 placing token on slot 8
[16:52:45.567] [SEVERE ] player 2 placing token on slot 3
[16:52:45.567] [SEVERE ] player 2 placing token on slot 0
[16:52:45.568] [SEVERE ] updating countdown to 11645
[16:52:45.568] [INFO   ] remove  in the table step 1
[16:52:45.568] [INFO   ] remove  in the table step 2
[16:52:45.568] [SEVERE ] removing player 2 token from slot 8
[16:52:45.568] [SEVERE ] removing player 2 token from slot 3
[16:52:45.568] [SEVERE ] removing player 2 token from slot 0
[16:52:45.569] [SEVERE ] updating countdown to 11644
[16:52:45.569] [SEVERE ] setting player 2 freeze to 3000
[16:52:45.675] [SEVERE ] updating countdown to 11538
[16:52:45.675] [SEVERE ] updating countdown to 11538
[16:52:45.785] [SEVERE ] updating countdown to 11428
[16:52:45.785] [SEVERE ] updating countdown to 11428
[16:52:45.894] [SEVERE ] updating countdown to 11319
[16:52:45.894] [SEVERE ] updating countdown to 11319
[16:52:45.926] [SEVERE ] setting player 1 freeze to 1000
[16:52:46.005] [SEVERE ] updating countdown to 11208
[16:52:46.005] [SEVERE ] updating countdown to 11208
[16:52:46.114] [SEVERE ] updating countdown to 11099
[16:52:46.114] [SEVERE ] updating countdown to 11099
[16:52:46.226] [SEVERE ] updating countdown to 10987
[16:52:46.226] [SEVERE ] updating countdown to 10987
[16:52:46.337] [SEVERE ] updating countdown to 10876
[16:52:46.337] [SEVERE ] updating countdown to 10876
[16:52:46.448] [SEVERE ] updating countdown to 10765
[16:52:46.448] [SEVERE ] updating countdown to 10765
[16:52:46.558] [SEVERE ] updating countdown to 10655
[16:52:46.558] [SEVERE ] updating countdown to 10655
[16:52:46.573] [SEVERE ] setting player 2 freeze to 2000
[16:52:46.668] [SEVERE ] updating countdown to 10545
[16:52:46.668] [SEVERE ] updating countdown to 10545
[16:52:46.779] [SEVERE ] updating countdown to 10434
[16:52:46.779] [SEVERE ] updating countdown to 10434
[16:52:46.891] [SEVERE ] updating countdown to 10322
[16:52:46.891] [SEVERE ] updating countdown to 10322
[16:52:46.938] [SEVERE ] setting player 1 freeze to 0
[16:52:46.938] [SEVERE ] player 1 placing token on slot 10
[16:52:46.938] [SEVERE ] player 1 placing token on slot 0
[16:52:46.938] [SEVERE ] player 1 placing token on slot 5
[16:52:46.939] [SEVERE ] updating countdown to 10274
[16:52:46.939] [INFO   ] remove  in the table step 1
[16:52:46.939] [INFO   ] remove  in the table step 2
[16:52:46.939] [SEVERE ] removing player 1 token from slot 10
[16:52:46.939] [SEVERE ] removing player 1 token from slot 0
[16:52:46.939] [SEVERE ] removing player 1 token from slot 5
[16:52:46.939] [SEVERE ] updating countdown to 10274
[16:52:46.939] [SEVERE ] setting player 1 freeze to 3000
[16:52:47.047] [SEVERE ] updating countdown to 10166
[16:52:47.047] [SEVERE ] updating countdown to 10166
[16:52:47.157] [SEVERE ] updating countdown to 10056
[16:52:47.157] [SEVERE ] updating countdown to 10056
[16:52:47.267] [SEVERE ] updating countdown to 9946
[16:52:47.267] [SEVERE ] updating countdown to 9946
[16:52:47.376] [SEVERE ] updating countdown to 9837
[16:52:47.376] [SEVERE ] updating countdown to 9837
[16:52:47.486] [SEVERE ] updating countdown to 9727
[16:52:47.486] [SEVERE ] updating countdown to 9727
[16:52:47.579] [SEVERE ] setting player 2 freeze to 1000
[16:52:47.594] [SEVERE ] updating countdown to 9619
[16:52:47.594] [SEVERE ] updating countdown to 9619
[16:52:47.704] [SEVERE ] updating countdown to 9509
[16:52:47.704] [SEVERE ] updating countdown to 9509
[16:52:47.814] [SEVERE ] updating countdown to 9399
[16:52:47.814] [SEVERE ] updating countdown to 9399
[16:52:47.923] [SEVERE ] updating countdown to 9290
[16:52:47.923] [SEVERE ] updating countdown to 9290
[16:52:47.941] [SEVERE ] setting player 1 freeze to 2000
[16:52:48.034] [SEVERE ] updating countdown to 9179
[16:52:48.034] [SEVERE ] updating countdown to 9179
[16:52:48.143] [SEVERE ] updating countdown to 9070
[16:52:48.143] [SEVERE ] updating countdown to 9070
[16:52:48.253] [SEVERE ] updating countdown to 8960
[16:52:48.253] [SEVERE ] updating countdown to 8960
[16:52:48.363] [SEVERE ] updating countdown to 8850
[16:52:48.363] [SEVERE ] updating countdown to 8850
[16:52:48.472] [SEVERE ] updating countdown to 8741
[16:52:48.473] [SEVERE ] updating countdown to 8740
[16:52:48.581] [SEVERE ] updating countdown to 8632
[16:52:48.581] [SEVERE ] setting player 2 freeze to 0
[16:52:48.581] [SEVERE ] updating countdown to 8632
[16:52:48.582] [SEVERE ] player 2 placing token on slot 5
[16:52:48.583] [SEVERE ] player 2 placing token on slot 9
[16:52:48.583] [SEVERE ] player 2 placing token on slot 1
[16:52:48.583] [SEVERE ] updating countdown to 8630
[16:52:48.584] [INFO   ] remove  in the table step 1
[16:52:48.584] [INFO   ] remove  in the table step 2
[16:52:48.584] [SEVERE ] removing player 2 token from slot 5
[16:52:48.584] [SEVERE ] removing player 2 token from slot 9
[16:52:48.584] [SEVERE ] removing player 2 token from slot 1
[16:52:48.585] [SEVERE ] updating countdown to 8628
[16:52:48.585] [SEVERE ] setting player 2 freeze to 3000
[16:52:48.690] [SEVERE ] updating countdown to 8523
[16:52:48.690] [SEVERE ] updating countdown to 8523
[16:52:48.800] [SEVERE ] updating countdown to 8413
[16:52:48.800] [SEVERE ] updating countdown to 8413
[16:52:48.908] [SEVERE ] updating countdown to 8305
[16:52:48.908] [SEVERE ] updating countdown to 8305
[16:52:48.954] [SEVERE ] setting player 1 freeze to 1000
[16:52:49.017] [SEVERE ] updating countdown to 8196
[16:52:49.017] [SEVERE ] updating countdown to 8196
[16:52:49.126] [SEVERE ] updating countdown to 8087
[16:52:49.126] [SEVERE ] updating countdown to 8087
[16:52:49.237] [SEVERE ] updating countdown to 7976
[16:52:49.238] [SEVERE ] updating countdown to 7975
[16:52:49.345] [SEVERE ] updating countdown to 7868
[16:52:49.345] [SEVERE ] updating countdown to 7868
[16:52:49.453] [SEVERE ] updating countdown to 7760
[16:52:49.453] [SEVERE ] updating countdown to 7760
[16:52:49.564] [SEVERE ] updating countdown to 7649
[16:52:49.564] [SEVERE ] updating countdown to 7649
[16:52:49.595] [SEVERE ] setting player 2 freeze to 2000
[16:52:49.674] [SEVERE ] updating countdown to 7539
[16:52:49.674] [SEVERE ] updating countdown to 7539
[16:52:49.783] [SEVERE ] updating countdown to 7430
[16:52:49.783] [SEVERE ] updating countdown to 7430
[16:52:49.892] [SEVERE ] updating countdown to 7321
[16:52:49.892] [SEVERE ] updating countdown to 7321
[16:52:49.956] [SEVERE ] setting player 1 freeze to 0
[16:52:49.957] [SEVERE ] player 1 placing token on slot 1
[16:52:49.957] [SEVERE ] removing player 1 token from slot 1
[16:52:49.957] [SEVERE ] player 1 placing token on slot 4
[16:52:49.957] [SEVERE ] player 1 placing token on slot 7
[16:52:49.957] [SEVERE ] removing player 1 token from slot 7
[16:52:49.957] [SEVERE ] player 1 placing token on slot 5
[16:52:49.958] [SEVERE ] player 1 placing token on slot 1
[16:52:49.958] [SEVERE ] updating countdown to 7255
[16:52:49.958] [INFO   ] remove  in the table step 1
[16:52:49.958] [INFO   ] remove  in the table step 2
[16:52:49.958] [SEVERE ] removing player 1 token from slot 4
[16:52:49.958] [SEVERE ] removing player 1 token from slot 5
[16:52:49.959] [SEVERE ] removing player 1 token from slot 1
[16:52:49.959] [SEVERE ] updating countdown to 7254
[16:52:49.959] [SEVERE ] setting player 1 freeze to 3000
[16:52:50.065] [SEVERE ] updating countdown to 7148
[16:52:50.065] [SEVERE ] updating countdown to 7148
[16:52:50.173] [SEVERE ] updating countdown to 7040
[16:52:50.173] [SEVERE ] updating countdown to 7040
[16:52:50.284] [SEVERE ] updating countdown to 6929
[16:52:50.284] [SEVERE ] updating countdown to 6929
[16:52:50.394] [SEVERE ] updating countdown to 6819
[16:52:50.394] [SEVERE ] updating countdown to 6819
[16:52:50.503] [SEVERE ] updating countdown to 6710
[16:52:50.503] [SEVERE ] updating countdown to 6710
[16:52:50.598] [SEVERE ] setting player 2 freeze to 1000
[16:52:50.613] [SEVERE ] updating countdown to 6600
[16:52:50.613] [SEVERE ] updating countdown to 6600
[16:52:50.722] [SEVERE ] updating countdown to 6491
[16:52:50.722] [SEVERE ] updating countdown to 6491
[16:52:50.831] [SEVERE ] updating countdown to 6382
[16:52:50.831] [SEVERE ] updating countdown to 6382
[16:52:50.941] [SEVERE ] updating countdown to 6272
[16:52:50.941] [SEVERE ] updating countdown to 6272
[16:52:50.972] [SEVERE ] setting player 1 freeze to 2000
[16:52:51.050] [SEVERE ] updating countdown to 6163
[16:52:51.050] [SEVERE ] updating countdown to 6163
[16:52:51.159] [SEVERE ] updating countdown to 6054
[16:52:51.159] [SEVERE ] updating countdown to 6054
[16:52:51.227] [SEVERE ] exit button pressed
[16:52:51.227] [SEVERE ] setting player 2 freeze to 0
[16:52:51.228] [INFO   ] thread computer-1 terminated.
[16:52:51.228] [INFO   ] thread Thread-1 terminated.
[16:52:51.228] [SEVERE ] setting player 1 freeze to 1000
[16:52:51.268] [SEVERE ] updating countdown to 5945
[16:52:51.268] [SEVERE ] updating countdown to 5945
[16:52:51.370] [SEVERE ] updating countdown to 5843
[16:52:51.370] [SEVERE ] updating countdown to 5843
[16:52:51.471] [SEVERE ] updating countdown to 5742
[16:52:51.471] [SEVERE ] updating countdown to 5742
[16:52:51.572] [SEVERE ] updating countdown to 5641
[16:52:51.572] [SEVERE ] updating countdown to 5641
[16:52:51.672] [SEVERE ] updating countdown to 5541
[16:52:51.672] [SEVERE ] updating countdown to 5541
[16:52:51.772] [SEVERE ] updating countdown to 5441
[16:52:51.772] [SEVERE ] updating countdown to 5441
[16:52:51.873] [SEVERE ] updating countdown to 5340
[16:52:51.873] [SEVERE ] updating countdown to 5340
[16:52:51.975] [SEVERE ] updating countdown to 5238
[16:52:51.975] [SEVERE ] updating countdown to 5238
[16:52:52.086] [SEVERE ] updating countdown to 5127
[16:52:52.086] [SEVERE ] updating countdown to 5127
[16:52:52.197] [SEVERE ] updating countdown to 5016
[16:52:52.197] [SEVERE ] updating countdown to 5016
[16:52:52.230] [SEVERE ] setting player 1 freeze to 0
[16:52:52.230] [INFO   ] thread computer-0 terminated.
[16:52:52.231] [INFO   ] thread Thread-0 terminated.
[16:52:52.417] [SEVERE ] removing card from slot 0
[16:52:52.527] [SEVERE ] removing card from slot 1
[16:52:52.637] [SEVERE ] removing card from slot 2
[16:52:52.746] [SEVERE ] removing card from slot 3
[16:52:52.856] [SEVERE ] removing card from slot 4
[16:52:52.964] [SEVERE ] removing card from slot 5
[16:52:53.075] [SEVERE ] removing card from slot 6
[16:52:53.185] [SEVERE ] removing card from slot 7
[16:52:53.294] [SEVERE ] removing card from slot 8
[16:52:53.404] [SEVERE ] removing card from slot 9
[16:52:53.513] [SEVERE ] removing card from slot 10
[16:52:53.623] [SEVERE ] removing card from slot 11
[16:52:53.625] [SEVERE ] announcing winner(s): player 1
[16:52:53.631] [INFO   ] thread dealer terminated.
[16:52:53.632] [INFO   ] thread dealer terminated.
[16:52:53.632] [SEVERE ] thanks for playing... it was fun!
[16:52:53.633] [INFO   ] thread main terminated.
