[15:13:38.902] [INFO   ] thread main starting.
[15:13:38.919] [SEVERE ] cannot read configuration file config.properties trying from resources.
[15:13:38.919] [SEVERE ] configuration file was loaded from resources directory.
[15:13:39.707] [INFO   ] thread dealer starting.
[15:13:39.708] [INFO   ] thread dealer starting.
[15:13:39.708] [INFO   ] thread Thread-0 starting.
[15:13:39.708] [INFO   ] thread computer-0 starting.
[15:13:39.714] [INFO   ] thread Thread-1 starting.
[15:13:39.714] [INFO   ] thread computer-1 starting.
[15:13:39.714] [INFO   ] thread Thread-2 starting.
[15:13:39.714] [INFO   ] thread computer-2 starting.
[15:13:39.722] [INFO   ] thread Thread-3 starting.
[15:13:39.722] [INFO   ] thread computer-3 starting.
[15:13:39.722] [SEVERE ] updating countdown to 10000
[15:13:39.852] [SEVERE ] placing card 39 in slot 0
[15:13:39.967] [SEVERE ] placing card 16 in slot 1
[15:13:40.069] [SEVERE ] placing card 36 in slot 2
[15:13:40.180] [SEVERE ] placing card 77 in slot 3
[15:13:40.283] [SEVERE ] placing card 49 in slot 4
[15:13:40.395] [SEVERE ] placing card 34 in slot 5
[15:13:40.499] [SEVERE ] placing card 46 in slot 6
[15:13:40.603] [SEVERE ] placing card 47 in slot 7
[15:13:40.714] [SEVERE ] placing card 42 in slot 8
[15:13:40.818] [SEVERE ] placing card 3 in slot 9
[15:13:40.923] [SEVERE ] placing card 5 in slot 10
[15:13:41.026] [SEVERE ] placing card 59 in slot 11
[15:13:41.026] [SEVERE ] updating countdown to 10000
[15:13:41.026] [SEVERE ] player 2 placing token on slot 3
[15:13:41.035] [SEVERE ] player 4 placing token on slot 7
[15:13:41.035] [SEVERE ] player 2 placing token on slot 10
[15:13:41.026] [SEVERE ] player 3 placing token on slot 7
[15:13:41.026] [SEVERE ] player 1 placing token on slot 1
[15:13:41.036] [SEVERE ] player 3 placing token on slot 4
[15:13:41.035] [SEVERE ] player 2 placing token on slot 1
[15:13:41.035] [SEVERE ] player 4 placing token on slot 10
[15:13:41.036] [SEVERE ] updating countdown to 10040
[15:13:41.036] [SEVERE ] player 3 placing token on slot 0
[15:13:41.036] [SEVERE ] player 1 placing token on slot 7
[15:13:41.036] [INFO   ] remove  in the table step 1
[15:13:41.036] [INFO   ] remove  in the table step 2
[15:13:41.036] [SEVERE ] player 4 placing token on slot 6
[15:13:41.038] [SEVERE ] removing player 2 token from slot 3
[15:13:41.038] [SEVERE ] removing player 2 token from slot 10
[15:13:41.038] [SEVERE ] removing player 2 token from slot 1
[15:13:41.038] [INFO   ] remove  in the table step 1
[15:13:41.039] [INFO   ] remove  in the table step 2
[15:13:41.038] [SEVERE ] setting player 2 freeze to 3000
[15:13:41.039] [SEVERE ] removing player 3 token from slot 7
[15:13:41.039] [SEVERE ] removing player 3 token from slot 4
[15:13:41.039] [SEVERE ] removing player 3 token from slot 0
[15:13:41.039] [INFO   ] remove  in the table step 1
[15:13:41.040] [INFO   ] remove  in the table step 2
[15:13:41.039] [SEVERE ] setting player 3 freeze to 3000
[15:13:41.040] [SEVERE ] removing player 4 token from slot 7
[15:13:41.040] [SEVERE ] removing player 4 token from slot 10
[15:13:41.040] [SEVERE ] removing player 4 token from slot 6
[15:13:41.040] [SEVERE ] updating countdown to 10036
[15:13:41.040] [SEVERE ] setting player 4 freeze to 3000
[15:13:41.041] [SEVERE ] player 1 placing token on slot 6
[15:13:41.041] [SEVERE ] updating countdown to 10035
[15:13:41.041] [INFO   ] remove  in the table step 1
[15:13:41.041] [INFO   ] remove  in the table step 2
[15:13:41.041] [SEVERE ] removing player 1 token from slot 1
[15:13:41.041] [SEVERE ] removing player 1 token from slot 7
[15:13:41.041] [SEVERE ] removing player 1 token from slot 6
[15:13:41.041] [SEVERE ] updating countdown to 10035
[15:13:41.041] [SEVERE ] setting player 1 freeze to 3000
[15:13:41.156] [SEVERE ] updating countdown to 9920
[15:13:41.157] [SEVERE ] updating countdown to 9919
[15:13:41.266] [SEVERE ] updating countdown to 9810
[15:13:41.266] [SEVERE ] updating countdown to 9810
[15:13:41.375] [SEVERE ] updating countdown to 9701
[15:13:41.375] [SEVERE ] updating countdown to 9701
[15:13:41.485] [SEVERE ] updating countdown to 9591
[15:13:41.485] [SEVERE ] updating countdown to 9591
[15:13:41.594] [SEVERE ] updating countdown to 9482
[15:13:41.594] [SEVERE ] updating countdown to 9482
[15:13:41.704] [SEVERE ] updating countdown to 9372
[15:13:41.704] [SEVERE ] updating countdown to 9372
[15:13:41.815] [SEVERE ] updating countdown to 9261
[15:13:41.815] [SEVERE ] updating countdown to 9261
[15:13:41.924] [SEVERE ] updating countdown to 9152
[15:13:41.924] [SEVERE ] updating countdown to 9152
[15:13:42.034] [SEVERE ] updating countdown to 9042
[15:13:42.034] [SEVERE ] updating countdown to 9042
[15:13:42.050] [SEVERE ] setting player 3 freeze to 2000
[15:13:42.050] [SEVERE ] setting player 2 freeze to 2000
[15:13:42.050] [SEVERE ] setting player 4 freeze to 2000
[15:13:42.050] [SEVERE ] setting player 1 freeze to 2000
[15:13:42.145] [SEVERE ] updating countdown to 8931
[15:13:42.145] [SEVERE ] updating countdown to 8931
[15:13:42.253] [SEVERE ] updating countdown to 8823
[15:13:42.253] [SEVERE ] updating countdown to 8823
[15:13:42.362] [SEVERE ] updating countdown to 8714
[15:13:42.362] [SEVERE ] updating countdown to 8714
[15:13:42.472] [SEVERE ] updating countdown to 8604
[15:13:42.472] [SEVERE ] updating countdown to 8604
[15:13:42.582] [SEVERE ] updating countdown to 8494
[15:13:42.582] [SEVERE ] updating countdown to 8494
[15:13:42.692] [SEVERE ] updating countdown to 8384
[15:13:42.692] [SEVERE ] updating countdown to 8384
[15:13:42.802] [SEVERE ] updating countdown to 8274
[15:13:42.802] [SEVERE ] updating countdown to 8274
[15:13:42.911] [SEVERE ] updating countdown to 8165
[15:13:42.911] [SEVERE ] updating countdown to 8165
[15:13:43.021] [SEVERE ] updating countdown to 8055
[15:13:43.021] [SEVERE ] updating countdown to 8055
[15:13:43.052] [SEVERE ] setting player 4 freeze to 1000
[15:13:43.052] [SEVERE ] setting player 3 freeze to 1000
[15:13:43.052] [SEVERE ] setting player 1 freeze to 1000
[15:13:43.052] [SEVERE ] setting player 2 freeze to 1000
[15:13:43.130] [SEVERE ] updating countdown to 7946
[15:13:43.130] [SEVERE ] updating countdown to 7946
[15:13:43.241] [SEVERE ] updating countdown to 7835
[15:13:43.241] [SEVERE ] updating countdown to 7835
[15:13:43.351] [SEVERE ] updating countdown to 7725
[15:13:43.351] [SEVERE ] updating countdown to 7725
[15:13:43.460] [SEVERE ] updating countdown to 7616
[15:13:43.460] [SEVERE ] updating countdown to 7616
[15:13:43.570] [SEVERE ] updating countdown to 7506
[15:13:43.570] [SEVERE ] updating countdown to 7506
[15:13:43.680] [SEVERE ] updating countdown to 7396
[15:13:43.680] [SEVERE ] updating countdown to 7396
[15:13:43.790] [SEVERE ] updating countdown to 7286
[15:13:43.790] [SEVERE ] updating countdown to 7286
[15:13:43.901] [SEVERE ] updating countdown to 7175
[15:13:43.901] [SEVERE ] updating countdown to 7175
[15:13:44.012] [SEVERE ] updating countdown to 7064
[15:13:44.012] [SEVERE ] updating countdown to 7064
[15:13:44.059] [SEVERE ] setting player 4 freeze to 0
[15:13:44.059] [SEVERE ] setting player 3 freeze to 0
[15:13:44.059] [SEVERE ] setting player 2 freeze to 0
[15:13:44.059] [SEVERE ] setting player 1 freeze to 0
[15:13:44.060] [SEVERE ] player 2 placing token on slot 10
[15:13:44.059] [SEVERE ] player 3 placing token on slot 4
[15:13:44.059] [SEVERE ] player 4 placing token on slot 11
[15:13:44.060] [SEVERE ] player 3 placing token on slot 3
[15:13:44.060] [SEVERE ] player 2 placing token on slot 1
[15:13:44.060] [SEVERE ] player 1 placing token on slot 0
[15:13:44.060] [SEVERE ] player 2 placing token on slot 5
[15:13:44.060] [SEVERE ] player 3 placing token on slot 0
[15:13:44.060] [SEVERE ] player 4 placing token on slot 6
[15:13:44.060] [SEVERE ] updating countdown to 7016
[15:13:44.060] [SEVERE ] player 1 placing token on slot 9
[15:13:44.060] [INFO   ] remove  in the table step 1
[15:13:44.060] [SEVERE ] player 4 placing token on slot 4
[15:13:44.060] [INFO   ] remove  in the table step 2
[15:13:44.062] [SEVERE ] removing player 2 token from slot 10
[15:13:44.062] [SEVERE ] removing player 2 token from slot 1
[15:13:44.062] [SEVERE ] removing player 2 token from slot 5
[15:13:44.062] [INFO   ] remove  in the table step 1
[15:13:44.062] [INFO   ] remove  in the table step 2
[15:13:44.062] [SEVERE ] setting player 2 freeze to 3000
[15:13:44.062] [SEVERE ] removing player 3 token from slot 4
[15:13:44.063] [SEVERE ] removing player 3 token from slot 3
[15:13:44.063] [SEVERE ] removing player 3 token from slot 0
[15:13:44.063] [INFO   ] remove  in the table step 1
[15:13:44.063] [SEVERE ] setting player 3 freeze to 3000
[15:13:44.063] [SEVERE ] player 1 placing token on slot 10
[15:13:44.063] [INFO   ] remove  in the table step 2
[15:13:44.063] [SEVERE ] removing player 4 token from slot 11
[15:13:44.063] [SEVERE ] removing player 4 token from slot 6
[15:13:44.063] [SEVERE ] removing player 4 token from slot 4
[15:13:44.063] [SEVERE ] updating countdown to 7013
[15:13:44.064] [SEVERE ] updating countdown to 7012
[15:13:44.064] [INFO   ] remove  in the table step 1
[15:13:44.064] [INFO   ] remove  in the table step 2
[15:13:44.064] [SEVERE ] removing player 1 token from slot 0
[15:13:44.064] [SEVERE ] removing player 1 token from slot 9
[15:13:44.064] [SEVERE ] removing player 1 token from slot 10
[15:13:44.063] [SEVERE ] setting player 4 freeze to 3000
[15:13:44.064] [SEVERE ] setting player 1 freeze to 3000
[15:13:44.064] [SEVERE ] updating countdown to 7012
[15:13:44.176] [SEVERE ] updating countdown to 6900
[15:13:44.176] [SEVERE ] updating countdown to 6900
[15:13:44.287] [SEVERE ] updating countdown to 6789
[15:13:44.287] [SEVERE ] updating countdown to 6789
[15:13:44.398] [SEVERE ] updating countdown to 6678
[15:13:44.398] [SEVERE ] updating countdown to 6678
[15:13:44.507] [SEVERE ] updating countdown to 6569
[15:13:44.507] [SEVERE ] updating countdown to 6569
[15:13:44.617] [SEVERE ] updating countdown to 6459
[15:13:44.617] [SEVERE ] updating countdown to 6459
[15:13:44.726] [SEVERE ] updating countdown to 6350
[15:13:44.726] [SEVERE ] updating countdown to 6350
[15:13:44.836] [SEVERE ] updating countdown to 6240
[15:13:44.836] [SEVERE ] updating countdown to 6240
[15:13:44.947] [SEVERE ] updating countdown to 6129
[15:13:44.947] [SEVERE ] updating countdown to 6129
[15:13:45.057] [SEVERE ] updating countdown to 6019
[15:13:45.057] [SEVERE ] updating countdown to 6019
[15:13:45.073] [SEVERE ] setting player 1 freeze to 2000
[15:13:45.073] [SEVERE ] setting player 3 freeze to 2000
[15:13:45.073] [SEVERE ] setting player 4 freeze to 2000
[15:13:45.073] [SEVERE ] setting player 2 freeze to 2000
[15:13:45.169] [SEVERE ] updating countdown to 5907
[15:13:45.169] [SEVERE ] updating countdown to 5907
[15:13:45.280] [SEVERE ] updating countdown to 5796
[15:13:45.280] [SEVERE ] updating countdown to 5796
[15:13:45.389] [SEVERE ] updating countdown to 5687
[15:13:45.389] [SEVERE ] updating countdown to 5687
[15:13:45.499] [SEVERE ] updating countdown to 5577
[15:13:45.499] [SEVERE ] updating countdown to 5577
[15:13:45.608] [SEVERE ] updating countdown to 5468
[15:13:45.608] [SEVERE ] updating countdown to 5468
[15:13:45.717] [SEVERE ] updating countdown to 5359
[15:13:45.717] [SEVERE ] updating countdown to 5359
[15:13:45.827] [SEVERE ] updating countdown to 5249
[15:13:45.827] [SEVERE ] updating countdown to 5249
[15:13:45.937] [SEVERE ] updating countdown to 5139
[15:13:45.937] [SEVERE ] updating countdown to 5139
[15:13:46.050] [SEVERE ] updating countdown to 5026
[15:13:46.050] [SEVERE ] updating countdown to 5026
[15:13:46.082] [SEVERE ] setting player 4 freeze to 1000
[15:13:46.082] [SEVERE ] setting player 3 freeze to 1000
[15:13:46.082] [SEVERE ] setting player 1 freeze to 1000
[15:13:46.082] [SEVERE ] setting player 2 freeze to 1000
[15:13:46.987] [SEVERE ] exit button pressed
[15:13:46.989] [SEVERE ] setting player 4 freeze to 0
[15:13:46.990] [INFO   ] thread computer-3 terminated.
[15:13:46.990] [INFO   ] thread Thread-3 terminated.
[15:13:46.991] [SEVERE ] setting player 3 freeze to 0
[15:13:46.992] [INFO   ] thread computer-2 terminated.
[15:13:46.992] [INFO   ] thread Thread-2 terminated.
[15:13:46.992] [SEVERE ] setting player 2 freeze to 0
[15:13:46.993] [INFO   ] thread computer-1 terminated.
[15:13:46.993] [INFO   ] thread Thread-1 terminated.
[15:13:46.993] [SEVERE ] setting player 1 freeze to 0
[15:13:46.994] [INFO   ] thread computer-0 terminated.
[15:13:46.994] [INFO   ] thread Thread-0 terminated.
[15:13:47.114] [SEVERE ] removing card from slot 0
[15:13:47.217] [SEVERE ] removing card from slot 1
[15:13:47.329] [SEVERE ] removing card from slot 2
[15:13:47.443] [SEVERE ] removing card from slot 3
[15:13:47.547] [SEVERE ] removing card from slot 4
[15:13:47.657] [SEVERE ] removing card from slot 5
[15:13:47.769] [SEVERE ] removing card from slot 6
[15:13:47.880] [SEVERE ] removing card from slot 7
[15:13:47.985] [SEVERE ] removing card from slot 8
[15:13:48.097] [SEVERE ] removing card from slot 9
[15:13:48.199] [SEVERE ] removing card from slot 10
[15:13:48.302] [SEVERE ] removing card from slot 11
[15:13:48.302] [SEVERE ] announcing winner(s): player 1, player 2, player 3, player 4
[15:13:48.302] [INFO   ] thread dealer terminated.
[15:13:48.302] [INFO   ] thread dealer terminated.
[15:13:48.302] [SEVERE ] thanks for playing... it was fun!
[15:13:48.302] [INFO   ] thread main terminated.
