[03:10:58.497] [INFO   ] thread main starting.
[03:10:58.503] [SEVERE ] cannot read configuration file config.properties trying from resources.
[03:10:58.503] [SEVERE ] configuration file was loaded from resources directory.
[03:10:59.084] [INFO   ] thread dealer starting.
[03:10:59.087] [INFO   ] thread dealer terminated.
[03:10:59.087] [SEVERE ] updating countdown to 10000
[03:10:59.089] [INFO   ] thread Thread-3 starting.
[03:10:59.089] [INFO   ] thread Thread-2 starting.
[03:10:59.089] [INFO   ] thread Thread-1 starting.
[03:10:59.087] [INFO   ] thread Thread-0 starting.
[03:10:59.090] [INFO   ] thread computer-1 starting.
[03:10:59.090] [INFO   ] thread computer-0 starting.
[03:10:59.090] [INFO   ] thread computer-3 starting.
[03:10:59.090] [INFO   ] thread computer-2 starting.
[03:10:59.261] [SEVERE ] placing card 34 in slot 5
[03:10:59.362] [SEVERE ] placing card 71 in slot 9
[03:10:59.464] [SEVERE ] placing card 64 in slot 11
[03:10:59.581] [SEVERE ] placing card 25 in slot 10
[03:10:59.698] [SEVERE ] placing card 37 in slot 3
[03:10:59.800] [SEVERE ] placing card 5 in slot 2
[03:10:59.915] [SEVERE ] placing card 16 in slot 7
[03:11:00.030] [SEVERE ] placing card 57 in slot 0
[03:11:00.141] [SEVERE ] placing card 62 in slot 4
[03:11:00.251] [SEVERE ] placing card 59 in slot 8
[03:11:00.360] [SEVERE ] placing card 61 in slot 6
[03:11:00.461] [SEVERE ] placing card 24 in slot 1
[03:11:00.461] [SEVERE ] player 4 placing token on slot 0
[03:11:00.461] [SEVERE ] player 1 placing token on slot 8
[03:11:00.462] [SEVERE ] player 3 placing token on slot 4
[03:11:00.461] [SEVERE ] player 2 placing token on slot 7
[03:11:00.463] [SEVERE ] player 3 placing token on slot 7
[03:11:00.463] [SEVERE ] player 1 placing token on slot 4
[03:11:00.462] [SEVERE ] player 4 placing token on slot 1
[03:11:00.464] [SEVERE ] removing player 1 token from slot 8
[03:11:00.464] [SEVERE ] player 3 placing token on slot 11
[03:11:00.464] [SEVERE ] removing player 2 token from slot 7
[03:11:00.466] [SEVERE ] player 1 placing token on slot 3
[03:11:00.466] [SEVERE ] player 4 placing token on slot 2
[03:11:00.467] [SEVERE ] player 1 placing token on slot 9
[03:11:00.467] [SEVERE ] updating countdown to 8623
[03:11:00.467] [SEVERE ] player 2 placing token on slot 3
[03:11:00.469] [SEVERE ] player 2 placing token on slot 5
[03:11:00.470] [SEVERE ] player 2 placing token on slot 9
[03:11:00.471] [SEVERE ] setting player 3 freeze to 0
[03:11:00.472] [SEVERE ] removing player 3 token from slot 4
[03:11:00.472] [SEVERE ] setting player 4 freeze to 0
[03:11:00.472] [SEVERE ] player 3 placing token on slot 6
[03:11:00.473] [SEVERE ] removing player 4 token from slot 0
[03:11:00.472] [SEVERE ] setting player 1 freeze to 0
[03:11:00.473] [SEVERE ] setting player 2 freeze to 0
