[16:50:25.031] [INFO   ] thread main starting.
[16:50:25.044] [SEVERE ] cannot read configuration file config.properties trying from resources.
[16:50:25.048] [SEVERE ] configuration file was loaded from resources directory.
[16:50:25.572] [INFO   ] thread dealer starting.
[16:50:25.572] [INFO   ] thread dealer starting.
[16:50:25.572] [INFO   ] thread Thread-0 starting.
[16:50:25.572] [INFO   ] thread Thread-1 starting.
[16:50:25.572] [SEVERE ] updating countdown to 20000
[16:50:25.696] [SEVERE ] placing card 23 in slot 0
[16:50:25.798] [SEVERE ] placing card 75 in slot 1
[16:50:25.907] [SEVERE ] placing card 34 in slot 2
[16:50:26.016] [SEVERE ] placing card 20 in slot 3
[16:50:26.119] [SEVERE ] placing card 57 in slot 4
[16:50:26.228] [SEVERE ] placing card 58 in slot 5
[16:50:26.332] [SEVERE ] placing card 38 in slot 6
[16:50:26.434] [SEVERE ] placing card 0 in slot 7
[16:50:26.544] [SEVERE ] placing card 63 in slot 8
[16:50:26.653] [SEVERE ] placing card 74 in slot 9
[16:50:26.763] [SEVERE ] placing card 12 in slot 10
[16:50:26.873] [SEVERE ] placing card 30 in slot 11
[16:50:26.873] [SEVERE ] updating countdown to 20000
[16:50:26.982] [SEVERE ] updating countdown to 19941
[16:50:26.983] [SEVERE ] updating countdown to 19940
[16:50:27.097] [SEVERE ] updating countdown to 19826
[16:50:27.097] [SEVERE ] updating countdown to 19826
[16:50:27.211] [SEVERE ] updating countdown to 19712
[16:50:27.211] [SEVERE ] updating countdown to 19712
[16:50:27.321] [SEVERE ] updating countdown to 19602
[16:50:27.321] [SEVERE ] updating countdown to 19602
[16:50:27.431] [SEVERE ] updating countdown to 19492
[16:50:27.431] [SEVERE ] updating countdown to 19492
[16:50:27.540] [SEVERE ] updating countdown to 19383
[16:50:27.540] [SEVERE ] updating countdown to 19383
[16:50:27.649] [SEVERE ] updating countdown to 19274
[16:50:27.649] [SEVERE ] updating countdown to 19274
[16:50:27.759] [SEVERE ] updating countdown to 19164
[16:50:27.759] [SEVERE ] updating countdown to 19164
[16:50:27.838] [SEVERE ] key 81 was pressed by player 1
[16:50:27.838] [SEVERE ] player 1 placing token on slot 0
[16:50:27.870] [SEVERE ] updating countdown to 19053
[16:50:27.870] [SEVERE ] updating countdown to 19053
[16:50:27.979] [SEVERE ] updating countdown to 18944
[16:50:27.979] [SEVERE ] updating countdown to 18944
[16:50:28.088] [SEVERE ] updating countdown to 18835
[16:50:28.088] [SEVERE ] updating countdown to 18835
[16:50:28.198] [SEVERE ] updating countdown to 18725
[16:50:28.198] [SEVERE ] updating countdown to 18725
[16:50:28.307] [SEVERE ] updating countdown to 18616
[16:50:28.307] [SEVERE ] updating countdown to 18616
[16:50:28.417] [SEVERE ] updating countdown to 18506
[16:50:28.417] [SEVERE ] updating countdown to 18506
[16:50:28.526] [SEVERE ] updating countdown to 18397
[16:50:28.526] [SEVERE ] updating countdown to 18397
[16:50:28.635] [SEVERE ] updating countdown to 18288
[16:50:28.635] [SEVERE ] updating countdown to 18288
[16:50:28.745] [SEVERE ] updating countdown to 18178
[16:50:28.745] [SEVERE ] updating countdown to 18178
[16:50:28.854] [SEVERE ] updating countdown to 18069
[16:50:28.854] [SEVERE ] updating countdown to 18069
[16:50:28.964] [SEVERE ] updating countdown to 17959
[16:50:28.964] [SEVERE ] updating countdown to 17959
[16:50:29.073] [SEVERE ] updating countdown to 17850
[16:50:29.073] [SEVERE ] updating countdown to 17850
[16:50:29.182] [SEVERE ] updating countdown to 17741
[16:50:29.182] [SEVERE ] updating countdown to 17741
[16:50:29.292] [SEVERE ] updating countdown to 17631
[16:50:29.292] [SEVERE ] updating countdown to 17631
[16:50:29.402] [SEVERE ] updating countdown to 17521
[16:50:29.402] [SEVERE ] updating countdown to 17521
[16:50:29.512] [SEVERE ] updating countdown to 17411
[16:50:29.512] [SEVERE ] updating countdown to 17411
[16:50:29.621] [SEVERE ] updating countdown to 17302
[16:50:29.621] [SEVERE ] updating countdown to 17302
[16:50:29.730] [SEVERE ] updating countdown to 17193
[16:50:29.730] [SEVERE ] updating countdown to 17193
[16:50:29.840] [SEVERE ] updating countdown to 17083
[16:50:29.840] [SEVERE ] updating countdown to 17083
[16:50:29.950] [SEVERE ] updating countdown to 16973
[16:50:29.950] [SEVERE ] updating countdown to 16973
[16:50:30.059] [SEVERE ] updating countdown to 16864
[16:50:30.059] [SEVERE ] updating countdown to 16864
[16:50:30.169] [SEVERE ] updating countdown to 16754
[16:50:30.169] [SEVERE ] updating countdown to 16754
[16:50:30.278] [SEVERE ] updating countdown to 16645
[16:50:30.278] [SEVERE ] updating countdown to 16645
[16:50:30.387] [SEVERE ] updating countdown to 16536
[16:50:30.387] [SEVERE ] updating countdown to 16536
[16:50:30.497] [SEVERE ] updating countdown to 16426
[16:50:30.497] [SEVERE ] updating countdown to 16426
[16:50:30.606] [SEVERE ] updating countdown to 16317
[16:50:30.606] [SEVERE ] updating countdown to 16317
[16:50:30.716] [SEVERE ] updating countdown to 16207
[16:50:30.716] [SEVERE ] updating countdown to 16207
[16:50:30.825] [SEVERE ] updating countdown to 16098
[16:50:30.825] [SEVERE ] updating countdown to 16098
[16:50:30.825] [SEVERE ] key 81 was pressed by player 1
[16:50:30.825] [SEVERE ] removing player 1 token from slot 0
[16:50:30.934] [SEVERE ] updating countdown to 15989
[16:50:30.934] [SEVERE ] updating countdown to 15989
[16:50:31.044] [SEVERE ] updating countdown to 15879
[16:50:31.044] [SEVERE ] updating countdown to 15879
[16:50:31.153] [SEVERE ] updating countdown to 15770
[16:50:31.153] [SEVERE ] updating countdown to 15770
[16:50:31.263] [SEVERE ] updating countdown to 15660
[16:50:31.263] [SEVERE ] updating countdown to 15660
[16:50:31.370] [SEVERE ] updating countdown to 15553
[16:50:31.370] [SEVERE ] updating countdown to 15553
[16:50:31.481] [SEVERE ] updating countdown to 15442
[16:50:31.481] [SEVERE ] updating countdown to 15442
[16:50:31.590] [SEVERE ] updating countdown to 15333
[16:50:31.590] [SEVERE ] updating countdown to 15333
[16:50:31.700] [SEVERE ] updating countdown to 15223
[16:50:31.700] [SEVERE ] updating countdown to 15223
[16:50:31.810] [SEVERE ] updating countdown to 15113
[16:50:31.810] [SEVERE ] updating countdown to 15113
[16:50:31.920] [SEVERE ] updating countdown to 15003
[16:50:31.920] [SEVERE ] updating countdown to 15003
[16:50:32.029] [SEVERE ] updating countdown to 14894
[16:50:32.029] [SEVERE ] updating countdown to 14894
[16:50:32.138] [SEVERE ] updating countdown to 14785
[16:50:32.138] [SEVERE ] updating countdown to 14785
[16:50:32.248] [SEVERE ] updating countdown to 14675
[16:50:32.248] [SEVERE ] updating countdown to 14675
[16:50:32.358] [SEVERE ] updating countdown to 14565
[16:50:32.358] [SEVERE ] updating countdown to 14565
[16:50:32.468] [SEVERE ] updating countdown to 14455
[16:50:32.468] [SEVERE ] updating countdown to 14455
[16:50:32.578] [SEVERE ] updating countdown to 14345
[16:50:32.578] [SEVERE ] updating countdown to 14345
[16:50:32.688] [SEVERE ] updating countdown to 14235
[16:50:32.688] [SEVERE ] updating countdown to 14235
[16:50:32.798] [SEVERE ] updating countdown to 14125
[16:50:32.798] [SEVERE ] updating countdown to 14125
[16:50:32.907] [SEVERE ] updating countdown to 14016
[16:50:32.907] [SEVERE ] updating countdown to 14016
[16:50:33.017] [SEVERE ] updating countdown to 13906
[16:50:33.017] [SEVERE ] updating countdown to 13906
[16:50:33.127] [SEVERE ] updating countdown to 13796
[16:50:33.127] [SEVERE ] updating countdown to 13796
[16:50:33.237] [SEVERE ] updating countdown to 13686
[16:50:33.237] [SEVERE ] updating countdown to 13686
[16:50:33.331] [SEVERE ] key 87 was pressed by player 1
[16:50:33.331] [SEVERE ] player 1 placing token on slot 1
[16:50:33.346] [SEVERE ] updating countdown to 13577
[16:50:33.346] [SEVERE ] updating countdown to 13577
[16:50:33.456] [SEVERE ] updating countdown to 13467
[16:50:33.456] [SEVERE ] updating countdown to 13467
[16:50:33.565] [SEVERE ] updating countdown to 13358
[16:50:33.565] [SEVERE ] updating countdown to 13358
[16:50:33.674] [SEVERE ] updating countdown to 13249
[16:50:33.674] [SEVERE ] updating countdown to 13249
[16:50:33.784] [SEVERE ] updating countdown to 13139
[16:50:33.784] [SEVERE ] updating countdown to 13139
[16:50:33.894] [SEVERE ] updating countdown to 13029
[16:50:33.894] [SEVERE ] updating countdown to 13029
[16:50:34.003] [SEVERE ] updating countdown to 12920
[16:50:34.003] [SEVERE ] updating countdown to 12920
[16:50:34.112] [SEVERE ] updating countdown to 12811
[16:50:34.112] [SEVERE ] updating countdown to 12811
[16:50:34.222] [SEVERE ] updating countdown to 12701
[16:50:34.222] [SEVERE ] updating countdown to 12701
[16:50:34.331] [SEVERE ] updating countdown to 12592
[16:50:34.331] [SEVERE ] updating countdown to 12592
[16:50:34.441] [SEVERE ] updating countdown to 12482
[16:50:34.441] [SEVERE ] updating countdown to 12482
[16:50:34.550] [SEVERE ] updating countdown to 12373
[16:50:34.550] [SEVERE ] updating countdown to 12373
[16:50:34.660] [SEVERE ] updating countdown to 12263
[16:50:34.660] [SEVERE ] updating countdown to 12263
[16:50:34.770] [SEVERE ] updating countdown to 12153
[16:50:34.770] [SEVERE ] updating countdown to 12153
[16:50:34.880] [SEVERE ] updating countdown to 12043
[16:50:34.880] [SEVERE ] updating countdown to 12043
[16:50:34.989] [SEVERE ] updating countdown to 11934
[16:50:34.989] [SEVERE ] updating countdown to 11934
[16:50:35.099] [SEVERE ] updating countdown to 11824
[16:50:35.099] [SEVERE ] updating countdown to 11824
[16:50:35.209] [SEVERE ] updating countdown to 11714
[16:50:35.209] [SEVERE ] updating countdown to 11714
[16:50:35.319] [SEVERE ] updating countdown to 11604
[16:50:35.319] [SEVERE ] updating countdown to 11604
[16:50:35.428] [SEVERE ] updating countdown to 11495
[16:50:35.428] [SEVERE ] updating countdown to 11495
[16:50:35.537] [SEVERE ] updating countdown to 11386
[16:50:35.537] [SEVERE ] updating countdown to 11386
[16:50:35.647] [SEVERE ] updating countdown to 11276
[16:50:35.647] [SEVERE ] updating countdown to 11276
[16:50:35.755] [SEVERE ] updating countdown to 11168
[16:50:35.756] [SEVERE ] updating countdown to 11167
[16:50:35.865] [SEVERE ] updating countdown to 11058
[16:50:35.865] [SEVERE ] updating countdown to 11058
[16:50:35.976] [SEVERE ] updating countdown to 10947
[16:50:35.976] [SEVERE ] updating countdown to 10947
[16:50:36.086] [SEVERE ] updating countdown to 10837
[16:50:36.086] [SEVERE ] updating countdown to 10837
[16:50:36.195] [SEVERE ] updating countdown to 10728
[16:50:36.195] [SEVERE ] updating countdown to 10728
[16:50:36.216] [SEVERE ] key 67 was pressed by player 1
[16:50:36.216] [SEVERE ] player 1 placing token on slot 10
[16:50:36.308] [SEVERE ] updating countdown to 10615
[16:50:36.308] [SEVERE ] updating countdown to 10615
[16:50:36.418] [SEVERE ] updating countdown to 10505
[16:50:36.418] [SEVERE ] updating countdown to 10505
[16:50:36.527] [SEVERE ] updating countdown to 10396
[16:50:36.527] [SEVERE ] updating countdown to 10396
[16:50:36.637] [SEVERE ] updating countdown to 10286
[16:50:36.637] [SEVERE ] updating countdown to 10286
[16:50:36.668] [SEVERE ] key 86 was pressed by player 1
[16:50:36.668] [SEVERE ] player 1 placing token on slot 11
[16:50:36.668] [SEVERE ] updating countdown to 10255
[16:50:36.668] [INFO   ] remove  in the table step 1
[16:50:36.668] [INFO   ] remove  in the table step 2
[16:50:36.668] [SEVERE ] removing player 1 token from slot 1
[16:50:36.778] [SEVERE ] removing card from slot 1
[16:50:36.778] [SEVERE ] removing player 1 token from slot 10
[16:50:36.887] [SEVERE ] removing card from slot 10
[16:50:36.887] [SEVERE ] removing player 1 token from slot 11
[16:50:36.997] [SEVERE ] removing card from slot 11
[16:50:36.997] [SEVERE ] setting player 1 score to 1
[16:50:36.997] [SEVERE ] setting player 1 freeze to 1000
[16:50:37.107] [SEVERE ] placing card 51 in slot 1
[16:50:37.216] [SEVERE ] placing card 44 in slot 10
[16:50:37.326] [SEVERE ] placing card 5 in slot 11
[16:50:37.326] [SEVERE ] updating countdown to 20000
[16:50:37.436] [SEVERE ] updating countdown to 19940
[16:50:37.436] [SEVERE ] updating countdown to 19940
[16:50:37.546] [SEVERE ] updating countdown to 19830
[16:50:37.546] [SEVERE ] updating countdown to 19830
[16:50:37.655] [SEVERE ] updating countdown to 19721
[16:50:37.655] [SEVERE ] updating countdown to 19721
[16:50:37.765] [SEVERE ] updating countdown to 19611
[16:50:37.765] [SEVERE ] updating countdown to 19611
[16:50:37.874] [SEVERE ] updating countdown to 19502
[16:50:37.874] [SEVERE ] updating countdown to 19502
[16:50:37.984] [SEVERE ] updating countdown to 19392
[16:50:37.984] [SEVERE ] updating countdown to 19392
[16:50:38.000] [SEVERE ] setting player 1 freeze to 0
[16:50:38.094] [SEVERE ] updating countdown to 19282
[16:50:38.094] [SEVERE ] updating countdown to 19282
[16:50:38.203] [SEVERE ] updating countdown to 19173
[16:50:38.203] [SEVERE ] updating countdown to 19173
[16:50:38.316] [SEVERE ] updating countdown to 19060
[16:50:38.316] [SEVERE ] updating countdown to 19060
[16:50:38.425] [SEVERE ] updating countdown to 18951
[16:50:38.425] [SEVERE ] updating countdown to 18951
[16:50:38.535] [SEVERE ] updating countdown to 18841
[16:50:38.535] [SEVERE ] updating countdown to 18841
[16:50:38.645] [SEVERE ] updating countdown to 18731
[16:50:38.645] [SEVERE ] updating countdown to 18731
[16:50:38.754] [SEVERE ] updating countdown to 18622
[16:50:38.754] [SEVERE ] updating countdown to 18622
[16:50:38.864] [SEVERE ] updating countdown to 18512
[16:50:38.864] [SEVERE ] updating countdown to 18512
[16:50:38.973] [SEVERE ] updating countdown to 18403
[16:50:38.973] [SEVERE ] updating countdown to 18403
[16:50:39.082] [SEVERE ] updating countdown to 18294
[16:50:39.082] [SEVERE ] updating countdown to 18294
[16:50:39.192] [SEVERE ] updating countdown to 18184
[16:50:39.192] [SEVERE ] updating countdown to 18184
[16:50:39.302] [SEVERE ] updating countdown to 18074
[16:50:39.302] [SEVERE ] updating countdown to 18074
[16:50:39.412] [SEVERE ] updating countdown to 17964
[16:50:39.412] [SEVERE ] updating countdown to 17964
[16:50:39.521] [SEVERE ] updating countdown to 17855
[16:50:39.521] [SEVERE ] updating countdown to 17855
[16:50:39.631] [SEVERE ] updating countdown to 17745
[16:50:39.631] [SEVERE ] updating countdown to 17745
[16:50:39.740] [SEVERE ] updating countdown to 17636
[16:50:39.740] [SEVERE ] updating countdown to 17636
[16:50:39.853] [SEVERE ] updating countdown to 17523
[16:50:39.853] [SEVERE ] updating countdown to 17523
[16:50:39.963] [SEVERE ] updating countdown to 17413
[16:50:39.963] [SEVERE ] updating countdown to 17413
[16:50:40.072] [SEVERE ] updating countdown to 17304
[16:50:40.072] [SEVERE ] updating countdown to 17304
[16:50:40.181] [SEVERE ] updating countdown to 17195
[16:50:40.181] [SEVERE ] updating countdown to 17195
[16:50:40.291] [SEVERE ] updating countdown to 17085
[16:50:40.291] [SEVERE ] updating countdown to 17085
[16:50:40.400] [SEVERE ] updating countdown to 16976
[16:50:40.400] [SEVERE ] updating countdown to 16976
[16:50:40.510] [SEVERE ] updating countdown to 16866
[16:50:40.510] [SEVERE ] updating countdown to 16866
[16:50:40.619] [SEVERE ] updating countdown to 16757
[16:50:40.619] [SEVERE ] updating countdown to 16757
[16:50:40.729] [SEVERE ] updating countdown to 16647
[16:50:40.729] [SEVERE ] updating countdown to 16647
[16:50:40.839] [SEVERE ] updating countdown to 16537
[16:50:40.839] [SEVERE ] updating countdown to 16537
[16:50:40.948] [SEVERE ] updating countdown to 16428
[16:50:40.948] [SEVERE ] updating countdown to 16428
[16:50:41.058] [SEVERE ] updating countdown to 16318
[16:50:41.058] [SEVERE ] updating countdown to 16318
[16:50:41.168] [SEVERE ] updating countdown to 16208
[16:50:41.168] [SEVERE ] updating countdown to 16208
[16:50:41.279] [SEVERE ] updating countdown to 16097
[16:50:41.279] [SEVERE ] updating countdown to 16097
[16:50:41.388] [SEVERE ] updating countdown to 15988
[16:50:41.388] [SEVERE ] updating countdown to 15988
[16:50:41.498] [SEVERE ] updating countdown to 15878
[16:50:41.498] [SEVERE ] updating countdown to 15878
[16:50:41.607] [SEVERE ] updating countdown to 15769
[16:50:41.607] [SEVERE ] updating countdown to 15769
[16:50:41.717] [SEVERE ] updating countdown to 15659
[16:50:41.717] [SEVERE ] updating countdown to 15659
[16:50:41.826] [SEVERE ] updating countdown to 15550
[16:50:41.826] [SEVERE ] updating countdown to 15550
[16:50:41.936] [SEVERE ] updating countdown to 15440
[16:50:41.936] [SEVERE ] updating countdown to 15440
[16:50:42.045] [SEVERE ] updating countdown to 15331
[16:50:42.045] [SEVERE ] updating countdown to 15331
[16:50:42.156] [SEVERE ] updating countdown to 15220
[16:50:42.156] [SEVERE ] updating countdown to 15220
[16:50:42.264] [SEVERE ] updating countdown to 15112
[16:50:42.264] [SEVERE ] updating countdown to 15112
[16:50:42.374] [SEVERE ] updating countdown to 15002
[16:50:42.374] [SEVERE ] updating countdown to 15002
[16:50:42.484] [SEVERE ] updating countdown to 14892
[16:50:42.484] [SEVERE ] updating countdown to 14892
[16:50:42.594] [SEVERE ] updating countdown to 14782
[16:50:42.594] [SEVERE ] updating countdown to 14782
[16:50:42.704] [SEVERE ] updating countdown to 14672
[16:50:42.704] [SEVERE ] updating countdown to 14672
[16:50:42.814] [SEVERE ] updating countdown to 14562
[16:50:42.814] [SEVERE ] updating countdown to 14562
[16:50:42.923] [SEVERE ] updating countdown to 14453
[16:50:42.923] [SEVERE ] updating countdown to 14453
[16:50:43.032] [SEVERE ] updating countdown to 14344
[16:50:43.032] [SEVERE ] updating countdown to 14344
[16:50:43.142] [SEVERE ] updating countdown to 14234
[16:50:43.142] [SEVERE ] updating countdown to 14234
[16:50:43.251] [SEVERE ] updating countdown to 14125
[16:50:43.251] [SEVERE ] updating countdown to 14125
[16:50:43.361] [SEVERE ] updating countdown to 14015
[16:50:43.361] [SEVERE ] updating countdown to 14015
[16:50:43.471] [SEVERE ] updating countdown to 13905
[16:50:43.471] [SEVERE ] updating countdown to 13905
[16:50:43.581] [SEVERE ] updating countdown to 13795
[16:50:43.581] [SEVERE ] updating countdown to 13795
[16:50:43.690] [SEVERE ] updating countdown to 13686
[16:50:43.690] [SEVERE ] updating countdown to 13686
[16:50:43.800] [SEVERE ] updating countdown to 13576
[16:50:43.800] [SEVERE ] updating countdown to 13576
[16:50:43.909] [SEVERE ] updating countdown to 13467
[16:50:43.909] [SEVERE ] updating countdown to 13467
[16:50:44.019] [SEVERE ] updating countdown to 13357
[16:50:44.019] [SEVERE ] updating countdown to 13357
[16:50:44.129] [SEVERE ] updating countdown to 13247
[16:50:44.129] [SEVERE ] updating countdown to 13247
[16:50:44.238] [SEVERE ] updating countdown to 13138
[16:50:44.238] [SEVERE ] updating countdown to 13138
[16:50:44.348] [SEVERE ] updating countdown to 13028
[16:50:44.348] [SEVERE ] updating countdown to 13028
[16:50:44.456] [SEVERE ] updating countdown to 12920
[16:50:44.456] [SEVERE ] updating countdown to 12920
[16:50:44.566] [SEVERE ] updating countdown to 12810
[16:50:44.566] [SEVERE ] updating countdown to 12810
[16:50:44.676] [SEVERE ] updating countdown to 12700
[16:50:44.676] [SEVERE ] updating countdown to 12700
[16:50:44.785] [SEVERE ] updating countdown to 12591
[16:50:44.785] [SEVERE ] updating countdown to 12591
[16:50:44.895] [SEVERE ] updating countdown to 12481
[16:50:44.895] [SEVERE ] updating countdown to 12481
[16:50:45.004] [SEVERE ] updating countdown to 12372
[16:50:45.004] [SEVERE ] updating countdown to 12372
[16:50:45.113] [SEVERE ] updating countdown to 12263
[16:50:45.113] [SEVERE ] updating countdown to 12263
[16:50:45.223] [SEVERE ] updating countdown to 12153
[16:50:45.223] [SEVERE ] updating countdown to 12153
[16:50:45.332] [SEVERE ] updating countdown to 12044
[16:50:45.332] [SEVERE ] updating countdown to 12044
[16:50:45.441] [SEVERE ] updating countdown to 11935
[16:50:45.441] [SEVERE ] updating countdown to 11935
[16:50:45.551] [SEVERE ] updating countdown to 11825
[16:50:45.551] [SEVERE ] updating countdown to 11825
[16:50:45.661] [SEVERE ] updating countdown to 11715
[16:50:45.661] [SEVERE ] updating countdown to 11715
[16:50:45.770] [SEVERE ] updating countdown to 11606
[16:50:45.770] [SEVERE ] updating countdown to 11606
[16:50:45.879] [SEVERE ] updating countdown to 11497
[16:50:45.879] [SEVERE ] updating countdown to 11497
[16:50:45.989] [SEVERE ] updating countdown to 11387
[16:50:45.989] [SEVERE ] updating countdown to 11387
[16:50:46.098] [SEVERE ] updating countdown to 11278
[16:50:46.098] [SEVERE ] updating countdown to 11278
[16:50:46.208] [SEVERE ] updating countdown to 11168
[16:50:46.208] [SEVERE ] updating countdown to 11168
[16:50:46.318] [SEVERE ] updating countdown to 11058
[16:50:46.318] [SEVERE ] updating countdown to 11058
[16:50:46.428] [SEVERE ] updating countdown to 10948
[16:50:46.428] [SEVERE ] updating countdown to 10948
[16:50:46.538] [SEVERE ] updating countdown to 10838
[16:50:46.538] [SEVERE ] updating countdown to 10838
[16:50:46.647] [SEVERE ] updating countdown to 10729
[16:50:46.647] [SEVERE ] updating countdown to 10729
[16:50:46.756] [SEVERE ] updating countdown to 10620
[16:50:46.756] [SEVERE ] updating countdown to 10620
[16:50:46.866] [SEVERE ] updating countdown to 10510
[16:50:46.866] [SEVERE ] updating countdown to 10510
[16:50:46.976] [SEVERE ] updating countdown to 10400
[16:50:46.976] [SEVERE ] updating countdown to 10400
[16:50:47.085] [SEVERE ] updating countdown to 10291
[16:50:47.085] [SEVERE ] updating countdown to 10291
[16:50:47.148] [SEVERE ] key 88 was pressed by player 1
[16:50:47.148] [SEVERE ] player 1 placing token on slot 9
[16:50:47.195] [SEVERE ] updating countdown to 10181
[16:50:47.195] [SEVERE ] updating countdown to 10181
[16:50:47.304] [SEVERE ] updating countdown to 10072
[16:50:47.304] [SEVERE ] updating countdown to 10072
[16:50:47.414] [SEVERE ] updating countdown to 9962
[16:50:47.414] [SEVERE ] updating countdown to 9962
[16:50:47.492] [SEVERE ] key 67 was pressed by player 1
[16:50:47.492] [SEVERE ] player 1 placing token on slot 10
[16:50:47.523] [SEVERE ] updating countdown to 9853
[16:50:47.523] [SEVERE ] updating countdown to 9853
[16:50:47.633] [SEVERE ] updating countdown to 9743
[16:50:47.633] [SEVERE ] updating countdown to 9743
[16:50:47.744] [SEVERE ] updating countdown to 9632
[16:50:47.744] [SEVERE ] updating countdown to 9632
[16:50:47.854] [SEVERE ] updating countdown to 9522
[16:50:47.854] [SEVERE ] updating countdown to 9522
[16:50:47.885] [SEVERE ] key 86 was pressed by player 1
[16:50:47.885] [SEVERE ] player 1 placing token on slot 11
[16:50:47.885] [SEVERE ] updating countdown to 9491
[16:50:47.885] [INFO   ] remove  in the table step 1
[16:50:47.885] [INFO   ] remove  in the table step 2
[16:50:47.885] [SEVERE ] removing player 1 token from slot 9
[16:50:47.995] [SEVERE ] removing card from slot 9
[16:50:47.995] [SEVERE ] removing player 1 token from slot 10
[16:50:48.104] [SEVERE ] removing card from slot 10
[16:50:48.104] [SEVERE ] removing player 1 token from slot 11
[16:50:48.214] [SEVERE ] removing card from slot 11
[16:50:48.214] [SEVERE ] setting player 1 score to 2
[16:50:48.214] [SEVERE ] setting player 1 freeze to 1000
[16:50:48.323] [SEVERE ] placing card 26 in slot 9
[16:50:48.433] [SEVERE ] placing card 2 in slot 10
[16:50:48.543] [SEVERE ] placing card 73 in slot 11
[16:50:48.543] [SEVERE ] updating countdown to 20000
[16:50:48.652] [SEVERE ] updating countdown to 19941
[16:50:48.652] [SEVERE ] updating countdown to 19941
[16:50:48.762] [SEVERE ] updating countdown to 19831
[16:50:48.762] [SEVERE ] updating countdown to 19831
[16:50:48.870] [SEVERE ] updating countdown to 19723
[16:50:48.870] [SEVERE ] updating countdown to 19723
[16:50:48.980] [SEVERE ] updating countdown to 19613
[16:50:48.980] [SEVERE ] updating countdown to 19613
[16:50:49.090] [SEVERE ] updating countdown to 19503
[16:50:49.090] [SEVERE ] updating countdown to 19503
[16:50:49.199] [SEVERE ] updating countdown to 19394
[16:50:49.199] [SEVERE ] updating countdown to 19394
[16:50:49.217] [SEVERE ] setting player 1 freeze to 0
[16:50:49.310] [SEVERE ] updating countdown to 19283
[16:50:49.310] [SEVERE ] updating countdown to 19283
[16:50:49.420] [SEVERE ] updating countdown to 19173
[16:50:49.420] [SEVERE ] updating countdown to 19173
[16:50:49.530] [SEVERE ] updating countdown to 19063
[16:50:49.530] [SEVERE ] updating countdown to 19063
[16:50:49.639] [SEVERE ] updating countdown to 18954
[16:50:49.639] [SEVERE ] updating countdown to 18954
[16:50:49.749] [SEVERE ] updating countdown to 18844
[16:50:49.749] [SEVERE ] updating countdown to 18844
[16:50:49.859] [SEVERE ] updating countdown to 18734
[16:50:49.859] [SEVERE ] updating countdown to 18734
[16:50:49.967] [SEVERE ] updating countdown to 18626
[16:50:49.967] [SEVERE ] updating countdown to 18626
[16:50:50.078] [SEVERE ] updating countdown to 18515
[16:50:50.078] [SEVERE ] updating countdown to 18515
[16:50:50.191] [SEVERE ] updating countdown to 18402
[16:50:50.191] [SEVERE ] updating countdown to 18402
[16:50:50.300] [SEVERE ] updating countdown to 18293
[16:50:50.300] [SEVERE ] updating countdown to 18293
[16:50:50.401] [SEVERE ] updating countdown to 18192
[16:50:50.401] [SEVERE ] updating countdown to 18192
[16:50:50.515] [SEVERE ] updating countdown to 18078
[16:50:50.515] [SEVERE ] updating countdown to 18078
[16:50:50.625] [SEVERE ] updating countdown to 17968
[16:50:50.625] [SEVERE ] updating countdown to 17968
[16:50:50.735] [SEVERE ] updating countdown to 17858
[16:50:50.735] [SEVERE ] updating countdown to 17858
[16:50:50.769] [SEVERE ] exit button pressed
[16:50:50.769] [SEVERE ] setting player 2 freeze to 3000
[16:50:50.769] [SEVERE ] updating countdown to 17824
[16:50:50.778] [SEVERE ] setting player 2 freeze to 2000
[16:50:50.778] [INFO   ] remove  in the table step 1
[16:50:50.778] [INFO   ] remove  in the table step 2
[16:50:51.781] [SEVERE ] setting player 2 freeze to 1000
[16:50:52.793] [SEVERE ] setting player 2 freeze to 0
[16:50:52.793] [INFO   ] thread Thread-1 terminated.
[16:50:52.793] [SEVERE ] updating countdown to 15800
[16:50:52.794] [SEVERE ] setting player 1 freeze to 3000
[16:50:52.794] [SEVERE ] updating countdown to 15799
[16:50:52.794] [INFO   ] remove  in the table step 1
[16:50:52.794] [INFO   ] remove  in the table step 2
[16:50:52.794] [SEVERE ] setting player 1 freeze to 2000
[16:50:53.803] [SEVERE ] setting player 1 freeze to 1000
[16:50:54.809] [SEVERE ] setting player 1 freeze to 0
[16:50:54.809] [INFO   ] thread Thread-0 terminated.
[16:50:54.809] [SEVERE ] updating countdown to 13784
[16:50:54.809] [SEVERE ] updating countdown to 13784
[16:50:54.919] [SEVERE ] removing card from slot 0
[16:50:55.028] [SEVERE ] removing card from slot 1
[16:50:55.138] [SEVERE ] removing card from slot 2
[16:50:55.248] [SEVERE ] removing card from slot 3
[16:50:55.359] [SEVERE ] removing card from slot 4
[16:50:55.468] [SEVERE ] removing card from slot 5
[16:50:55.578] [SEVERE ] removing card from slot 6
[16:50:55.688] [SEVERE ] removing card from slot 7
[16:50:55.798] [SEVERE ] removing card from slot 8
[16:50:55.908] [SEVERE ] removing card from slot 9
[16:50:56.017] [SEVERE ] removing card from slot 10
[16:50:56.127] [SEVERE ] removing card from slot 11
[16:50:56.127] [SEVERE ] announcing winner(s): player 1
[16:50:56.127] [INFO   ] thread dealer terminated.
[16:50:56.127] [INFO   ] thread dealer terminated.
[16:50:56.127] [SEVERE ] thanks for playing... it was fun!
[16:50:56.127] [INFO   ] thread main terminated.
