[03:22:22.752] [INFO   ] thread main starting.
[03:22:22.759] [SEVERE ] cannot read configuration file config.properties trying from resources.
[03:22:22.761] [SEVERE ] configuration file was loaded from resources directory.
[03:22:23.333] [INFO   ] thread dealer starting.
[03:22:23.333] [INFO   ] thread dealer terminated.
[03:22:23.333] [SEVERE ] updating countdown to 10000
[03:22:23.344] [INFO   ] thread Thread-3 starting.
[03:22:23.344] [INFO   ] thread Thread-2 starting.
[03:22:23.333] [INFO   ] thread Thread-1 starting.
[03:22:23.333] [INFO   ] thread Thread-0 starting.
[03:22:23.345] [INFO   ] thread computer-2 starting.
[03:22:23.346] [INFO   ] thread computer-0 starting.
[03:22:23.345] [INFO   ] thread computer-3 starting.
[03:22:23.346] [INFO   ] thread computer-1 starting.
[03:22:23.465] [SEVERE ] placing card 33 in slot 11
[03:22:23.566] [SEVERE ] placing card 21 in slot 6
[03:22:23.668] [SEVERE ] placing card 7 in slot 4
[03:22:23.769] [SEVERE ] placing card 57 in slot 5
[03:22:23.871] [SEVERE ] placing card 28 in slot 10
[03:22:23.984] [SEVERE ] placing card 11 in slot 2
[03:22:24.086] [SEVERE ] placing card 71 in slot 1
[03:22:24.198] [SEVERE ] placing card 72 in slot 0
[03:22:24.309] [SEVERE ] placing card 12 in slot 8
[03:22:24.410] [SEVERE ] placing card 73 in slot 7
[03:22:24.513] [SEVERE ] placing card 24 in slot 3
[03:22:24.625] [SEVERE ] placing card 67 in slot 9
[03:22:24.626] [SEVERE ] player 1 placing token on slot 9
[03:22:24.626] [SEVERE ] player 4 placing token on slot 8
[03:22:24.626] [SEVERE ] player 3 placing token on slot 4
[03:22:24.627] [SEVERE ] player 1 placing token on slot 6
[03:22:24.626] [SEVERE ] player 2 placing token on slot 6
[03:22:24.627] [SEVERE ] player 3 placing token on slot 1
[03:22:24.627] [SEVERE ] player 4 placing token on slot 0
[03:22:24.627] [SEVERE ] removing player 2 token from slot 6
[03:22:24.628] [SEVERE ] player 3 placing token on slot 9
[03:22:24.627] [SEVERE ] player 1 placing token on slot 2
[03:22:24.628] [SEVERE ] player 4 placing token on slot 11
[03:22:24.628] [SEVERE ] updating countdown to 8717
[03:22:24.628] [SEVERE ] player 2 placing token on slot 3
[03:22:24.629] [SEVERE ] player 2 placing token on slot 10
[03:22:24.630] [SEVERE ] player 2 placing token on slot 4
[03:22:41.278] [SEVERE ] exit button pressed
