[02:46:03.781] [INFO   ] thread main starting.
[02:46:03.781] [SEVERE ] cannot read configuration file config.properties trying from resources.
[02:46:03.781] [SEVERE ] configuration file was loaded from resources directory.
[02:46:04.446] [INFO   ] thread dealer starting.
[02:46:04.448] [INFO   ] thread dealer terminated.
[02:46:04.450] [SEVERE ] updating countdown to 10000
[02:46:04.450] [INFO   ] thread Thread-3 starting.
[02:46:04.450] [INFO   ] thread Thread-2 starting.
[02:46:04.450] [INFO   ] thread Thread-1 starting.
[02:46:04.450] [INFO   ] thread Thread-0 starting.
[02:46:04.452] [INFO   ] thread computer-1 starting.
[02:46:04.452] [INFO   ] thread computer-3 starting.
[02:46:04.452] [INFO   ] thread computer-0 starting.
[02:46:04.452] [INFO   ] thread computer-2 starting.
[02:46:04.564] [SEVERE ] placing card 54 in slot 3
[02:46:04.681] [SEVERE ] placing card 79 in slot 2
[02:46:04.797] [SEVERE ] placing card 72 in slot 10
[02:46:04.914] [SEVERE ] placing card 50 in slot 9
[02:46:05.030] [SEVERE ] placing card 51 in slot 5
[02:46:05.145] [SEVERE ] placing card 77 in slot 8
[02:46:05.247] [SEVERE ] placing card 21 in slot 11
[02:46:05.362] [SEVERE ] placing card 74 in slot 7
[02:46:05.471] [SEVERE ] placing card 3 in slot 4
[02:46:05.581] [SEVERE ] placing card 33 in slot 1
[02:46:05.691] [SEVERE ] placing card 75 in slot 0
[02:46:05.801] [SEVERE ] placing card 65 in slot 6
[02:46:06.805] [SEVERE ] updating countdown to 7647
[02:46:07.809] [SEVERE ] updating countdown to 6643
[02:46:08.814] [SEVERE ] updating countdown to 5638
[02:46:09.264] [SEVERE ] exit button pressed
[02:46:09.267] [INFO   ] thread Thread-3 terminated.
[02:46:09.273] [INFO   ] thread Thread-2 terminated.
[02:46:09.273] [INFO   ] thread Thread-1 terminated.
[02:46:09.273] [INFO   ] thread Thread-0 terminated.
[02:46:09.830] [SEVERE ] updating countdown to 10000
[02:46:09.830] [SEVERE ] removing player 1 token from slot 0
[02:46:09.830] [SEVERE ] removing player 2 token from slot 0
[02:46:09.830] [SEVERE ] removing player 3 token from slot 0
[02:46:09.830] [SEVERE ] removing player 4 token from slot 0
[02:46:09.940] [SEVERE ] removing card from slot 0
[02:46:09.940] [SEVERE ] removing player 1 token from slot 1
[02:46:09.940] [SEVERE ] removing player 2 token from slot 1
[02:46:09.940] [SEVERE ] removing player 3 token from slot 1
[02:46:09.940] [SEVERE ] removing player 4 token from slot 1
[02:46:10.049] [SEVERE ] removing card from slot 1
[02:46:10.049] [SEVERE ] removing player 1 token from slot 2
[02:46:10.049] [SEVERE ] removing player 2 token from slot 2
[02:46:10.049] [SEVERE ] removing player 3 token from slot 2
[02:46:10.049] [SEVERE ] removing player 4 token from slot 2
[02:46:10.158] [SEVERE ] removing card from slot 2
[02:46:10.158] [SEVERE ] removing player 1 token from slot 3
[02:46:10.158] [SEVERE ] removing player 2 token from slot 3
[02:46:10.158] [SEVERE ] removing player 3 token from slot 3
[02:46:10.158] [SEVERE ] removing player 4 token from slot 3
[02:46:10.268] [SEVERE ] removing card from slot 3
[02:46:10.268] [SEVERE ] removing player 1 token from slot 4
[02:46:10.268] [SEVERE ] removing player 2 token from slot 4
[02:46:10.268] [SEVERE ] removing player 3 token from slot 4
[02:46:10.268] [SEVERE ] removing player 4 token from slot 4
[02:46:10.378] [SEVERE ] removing card from slot 4
[02:46:10.378] [SEVERE ] removing player 1 token from slot 5
[02:46:10.378] [SEVERE ] removing player 2 token from slot 5
[02:46:10.378] [SEVERE ] removing player 3 token from slot 5
[02:46:10.378] [SEVERE ] removing player 4 token from slot 5
[02:46:10.488] [SEVERE ] removing card from slot 5
[02:46:10.488] [SEVERE ] removing player 1 token from slot 6
[02:46:10.488] [SEVERE ] removing player 2 token from slot 6
[02:46:10.488] [SEVERE ] removing player 3 token from slot 6
[02:46:10.488] [SEVERE ] removing player 4 token from slot 6
[02:46:10.594] [SEVERE ] removing card from slot 6
[02:46:10.594] [SEVERE ] removing player 1 token from slot 7
[02:46:10.594] [SEVERE ] removing player 2 token from slot 7
[02:46:10.594] [SEVERE ] removing player 3 token from slot 7
[02:46:10.594] [SEVERE ] removing player 4 token from slot 7
[02:46:10.704] [SEVERE ] removing card from slot 7
[02:46:10.704] [SEVERE ] removing player 1 token from slot 8
[02:46:10.704] [SEVERE ] removing player 2 token from slot 8
[02:46:10.704] [SEVERE ] removing player 3 token from slot 8
[02:46:10.704] [SEVERE ] removing player 4 token from slot 8
[02:46:10.819] [SEVERE ] removing card from slot 8
[02:46:10.819] [SEVERE ] removing player 1 token from slot 9
[02:46:10.820] [SEVERE ] removing player 2 token from slot 9
[02:46:10.820] [SEVERE ] removing player 3 token from slot 9
[02:46:10.820] [SEVERE ] removing player 4 token from slot 9
[02:46:10.926] [SEVERE ] removing card from slot 9
[02:46:10.926] [SEVERE ] removing player 1 token from slot 10
[02:46:10.926] [SEVERE ] removing player 2 token from slot 10
[02:46:10.926] [SEVERE ] removing player 3 token from slot 10
[02:46:10.926] [SEVERE ] removing player 4 token from slot 10
[02:46:11.032] [SEVERE ] removing card from slot 10
[02:46:11.033] [SEVERE ] removing player 1 token from slot 11
[02:46:11.033] [SEVERE ] removing player 2 token from slot 11
[02:46:11.033] [SEVERE ] removing player 3 token from slot 11
[02:46:11.033] [SEVERE ] removing player 4 token from slot 11
[02:46:11.149] [SEVERE ] removing card from slot 11
[02:46:11.150] [SEVERE ] announcing winner(s): player 1, player 2, player 3, player 4
[02:46:11.150] [INFO   ] thread dealer terminated.
[02:46:11.150] [INFO   ] thread dealer terminated.
[02:46:11.150] [SEVERE ] thanks for playing... it was fun!
[02:46:11.150] [INFO   ] thread main terminated.
