[11:33:49.271] [INFO   ] thread main starting.
[11:33:49.271] [SEVERE ] cannot read configuration file config.properties trying from resources.
[11:33:49.287] [SEVERE ] configuration file was loaded from resources directory.
[11:33:49.927] [INFO   ] thread dealer starting.
[11:33:49.927] [INFO   ] thread dealer starting.
[11:33:49.927] [INFO   ] thread Thread-0 starting.
[11:33:49.931] [INFO   ] thread Thread-1 starting.
[11:33:49.931] [SEVERE ] updating countdown to 20000
[11:33:49.937] [INFO   ] thread dealer run step 1.
[11:33:50.263] [SEVERE ] placing card 40 in slot 0
[11:33:50.373] [SEVERE ] placing card 1 in slot 1
[11:33:50.481] [SEVERE ] placing card 38 in slot 2
[11:33:50.591] [SEVERE ] placing card 61 in slot 3
[11:33:50.701] [SEVERE ] placing card 5 in slot 4
[11:33:50.810] [SEVERE ] placing card 36 in slot 5
[11:33:50.924] [SEVERE ] placing card 54 in slot 6
[11:33:51.034] [SEVERE ] placing card 23 in slot 7
[11:33:51.144] [SEVERE ] placing card 34 in slot 8
[11:33:51.254] [SEVERE ] placing card 74 in slot 9
[11:33:51.359] [SEVERE ] placing card 78 in slot 10
[11:33:51.469] [SEVERE ] placing card 42 in slot 11
[11:33:51.469] [INFO   ] thread dealer step 1.
[11:33:51.469] [SEVERE ] updating countdown to 20000
[11:33:51.469] [INFO   ] thread dealer step 4.
[11:33:51.469] [INFO   ] thread dealer step 10.
[11:33:51.469] [INFO   ] thread dealer step 11.
[11:33:51.469] [INFO   ] thread dealer step 12.
[11:33:51.469] [INFO   ] thread dealer run step 2.
[11:33:51.469] [INFO   ] thread dealer timer loop 1.
[11:33:51.579] [INFO   ] thread dealer timer loop 2.
[11:33:51.579] [SEVERE ] updating countdown to 19940
[11:33:51.579] [INFO   ] thread dealer timer loop 3.
[11:33:51.797] [INFO   ] thread dealer rm 1.
[11:33:51.797] [INFO   ] thread dealer timer loop 4.
[11:33:52.016] [INFO   ] thread dealer step 1.
[11:33:52.016] [SEVERE ] updating countdown to 19503
[11:33:52.016] [INFO   ] thread dealer step 4.
[11:33:52.016] [INFO   ] thread dealer step 10.
[11:33:52.016] [INFO   ] thread dealer step 11.
[11:33:52.016] [INFO   ] thread dealer step 12.
[11:33:52.016] [INFO   ] thread dealer timer loop 5.
[11:33:52.016] [INFO   ] thread dealer timer loop 1.
[11:33:52.125] [INFO   ] thread dealer timer loop 2.
[11:33:52.125] [SEVERE ] updating countdown to 19394
[11:33:52.125] [INFO   ] thread dealer timer loop 3.
[11:33:52.344] [INFO   ] thread dealer rm 1.
[11:33:52.345] [INFO   ] thread dealer timer loop 4.
[11:33:52.564] [INFO   ] thread dealer step 1.
[11:33:52.564] [SEVERE ] updating countdown to 18955
[11:33:52.564] [INFO   ] thread dealer step 4.
[11:33:52.564] [INFO   ] thread dealer step 10.
[11:33:52.564] [INFO   ] thread dealer step 11.
[11:33:52.564] [INFO   ] thread dealer step 12.
[11:33:52.564] [INFO   ] thread dealer timer loop 5.
[11:33:52.564] [INFO   ] thread dealer timer loop 1.
[11:33:52.674] [INFO   ] thread dealer timer loop 2.
[11:33:52.674] [SEVERE ] updating countdown to 18845
[11:33:52.674] [INFO   ] thread dealer timer loop 3.
[11:33:52.894] [INFO   ] thread dealer rm 1.
[11:33:52.894] [INFO   ] thread dealer timer loop 4.
[11:33:53.115] [INFO   ] thread dealer step 1.
[11:33:53.115] [SEVERE ] updating countdown to 18404
[11:33:53.115] [INFO   ] thread dealer step 4.
[11:33:53.115] [INFO   ] thread dealer step 10.
[11:33:53.115] [INFO   ] thread dealer step 11.
[11:33:53.115] [INFO   ] thread dealer step 12.
[11:33:53.115] [INFO   ] thread dealer timer loop 5.
[11:33:53.115] [INFO   ] thread dealer timer loop 1.
[11:33:53.224] [INFO   ] thread dealer timer loop 2.
[11:33:53.224] [SEVERE ] updating countdown to 18295
[11:33:53.224] [INFO   ] thread dealer timer loop 3.
[11:33:53.443] [INFO   ] thread dealer rm 1.
[11:33:53.443] [INFO   ] thread dealer timer loop 4.
[11:33:53.663] [INFO   ] thread dealer step 1.
[11:33:53.663] [SEVERE ] updating countdown to 17856
[11:33:53.663] [INFO   ] thread dealer step 4.
[11:33:53.663] [INFO   ] thread dealer step 10.
[11:33:53.663] [INFO   ] thread dealer step 11.
[11:33:53.663] [INFO   ] thread dealer step 12.
[11:33:53.663] [INFO   ] thread dealer timer loop 5.
[11:33:53.663] [INFO   ] thread dealer timer loop 1.
[11:33:53.772] [INFO   ] thread dealer timer loop 2.
[11:33:53.772] [SEVERE ] updating countdown to 17747
[11:33:53.772] [INFO   ] thread dealer timer loop 3.
[11:33:53.991] [INFO   ] thread dealer rm 1.
[11:33:53.991] [INFO   ] thread dealer timer loop 4.
[11:33:54.216] [INFO   ] thread dealer step 1.
[11:33:54.216] [SEVERE ] updating countdown to 17303
[11:33:54.216] [INFO   ] thread dealer step 4.
[11:33:54.216] [INFO   ] thread dealer step 10.
[11:33:54.216] [INFO   ] thread dealer step 11.
[11:33:54.216] [INFO   ] thread dealer step 12.
[11:33:54.216] [INFO   ] thread dealer timer loop 5.
[11:33:54.216] [INFO   ] thread dealer timer loop 1.
[11:33:54.325] [INFO   ] thread dealer timer loop 2.
[11:33:54.325] [SEVERE ] updating countdown to 17194
[11:33:54.325] [INFO   ] thread dealer timer loop 3.
[11:33:54.544] [INFO   ] thread dealer rm 1.
[11:33:54.544] [INFO   ] thread dealer timer loop 4.
[11:33:54.764] [INFO   ] thread dealer step 1.
[11:33:54.765] [SEVERE ] updating countdown to 16754
[11:33:54.765] [INFO   ] thread dealer step 4.
[11:33:54.765] [INFO   ] thread dealer step 10.
[11:33:54.765] [INFO   ] thread dealer step 11.
[11:33:54.765] [INFO   ] thread dealer step 12.
[11:33:54.765] [INFO   ] thread dealer timer loop 5.
[11:33:54.765] [INFO   ] thread dealer timer loop 1.
[11:33:54.874] [INFO   ] thread dealer timer loop 2.
[11:33:54.874] [SEVERE ] updating countdown to 16645
[11:33:54.874] [INFO   ] thread dealer timer loop 3.
[11:33:55.094] [INFO   ] thread dealer rm 1.
[11:33:55.094] [INFO   ] thread dealer timer loop 4.
[11:33:55.309] [INFO   ] thread dealer step 1.
[11:33:55.309] [SEVERE ] updating countdown to 16210
[11:33:55.309] [INFO   ] thread dealer step 4.
[11:33:55.309] [INFO   ] thread dealer step 10.
[11:33:55.309] [INFO   ] thread dealer step 11.
[11:33:55.309] [INFO   ] thread dealer step 12.
[11:33:55.309] [INFO   ] thread dealer timer loop 5.
[11:33:55.309] [INFO   ] thread dealer timer loop 1.
[11:33:55.419] [INFO   ] thread dealer timer loop 2.
[11:33:55.419] [SEVERE ] updating countdown to 16100
[11:33:55.419] [INFO   ] thread dealer timer loop 3.
[11:33:55.639] [INFO   ] thread dealer rm 1.
[11:33:55.639] [INFO   ] thread dealer timer loop 4.
[11:33:55.860] [INFO   ] thread dealer step 1.
[11:33:55.860] [SEVERE ] updating countdown to 15659
[11:33:55.860] [INFO   ] thread dealer step 4.
[11:33:55.860] [INFO   ] thread dealer step 10.
[11:33:55.860] [INFO   ] thread dealer step 11.
[11:33:55.860] [INFO   ] thread dealer step 12.
[11:33:55.860] [INFO   ] thread dealer timer loop 5.
[11:33:55.860] [INFO   ] thread dealer timer loop 1.
[11:33:55.970] [INFO   ] thread dealer timer loop 2.
[11:33:55.970] [SEVERE ] updating countdown to 15549
[11:33:55.970] [INFO   ] thread dealer timer loop 3.
[11:33:56.192] [INFO   ] thread dealer rm 1.
[11:33:56.192] [INFO   ] thread dealer timer loop 4.
[11:33:56.413] [INFO   ] thread dealer step 1.
[11:33:56.413] [SEVERE ] updating countdown to 15106
[11:33:56.413] [INFO   ] thread dealer step 4.
[11:33:56.413] [INFO   ] thread dealer step 10.
[11:33:56.413] [INFO   ] thread dealer step 11.
[11:33:56.413] [INFO   ] thread dealer step 12.
[11:33:56.413] [INFO   ] thread dealer timer loop 5.
[11:33:56.413] [INFO   ] thread dealer timer loop 1.
[11:33:56.522] [INFO   ] thread dealer timer loop 2.
[11:33:56.522] [SEVERE ] updating countdown to 14997
[11:33:56.522] [INFO   ] thread dealer timer loop 3.
[11:33:56.737] [INFO   ] thread dealer rm 1.
[11:33:56.737] [INFO   ] thread dealer timer loop 4.
[11:33:56.955] [INFO   ] thread dealer step 1.
[11:33:56.955] [SEVERE ] updating countdown to 14564
[11:33:56.955] [INFO   ] thread dealer step 4.
[11:33:56.955] [INFO   ] thread dealer step 10.
[11:33:56.955] [INFO   ] thread dealer step 11.
[11:33:56.955] [INFO   ] thread dealer step 12.
[11:33:56.955] [INFO   ] thread dealer timer loop 5.
[11:33:56.955] [INFO   ] thread dealer timer loop 1.
[11:33:57.065] [INFO   ] thread dealer timer loop 2.
[11:33:57.065] [SEVERE ] updating countdown to 14454
[11:33:57.065] [INFO   ] thread dealer timer loop 3.
[11:33:57.287] [INFO   ] thread dealer rm 1.
[11:33:57.287] [INFO   ] thread dealer timer loop 4.
[11:33:57.506] [INFO   ] thread dealer step 1.
[11:33:57.506] [SEVERE ] updating countdown to 14013
[11:33:57.506] [INFO   ] thread dealer step 4.
[11:33:57.506] [INFO   ] thread dealer step 10.
[11:33:57.506] [INFO   ] thread dealer step 11.
[11:33:57.506] [INFO   ] thread dealer step 12.
[11:33:57.506] [INFO   ] thread dealer timer loop 5.
[11:33:57.506] [INFO   ] thread dealer timer loop 1.
[11:33:57.615] [INFO   ] thread dealer timer loop 2.
[11:33:57.615] [SEVERE ] updating countdown to 13904
[11:33:57.615] [INFO   ] thread dealer timer loop 3.
[11:33:57.830] [INFO   ] thread dealer rm 1.
[11:33:57.830] [INFO   ] thread dealer timer loop 4.
[11:33:58.042] [INFO   ] thread dealer step 1.
[11:33:58.042] [SEVERE ] updating countdown to 13477
[11:33:58.042] [INFO   ] thread dealer step 4.
[11:33:58.042] [INFO   ] thread dealer step 10.
[11:33:58.042] [INFO   ] thread dealer step 11.
[11:33:58.042] [INFO   ] thread dealer step 12.
[11:33:58.042] [INFO   ] thread dealer timer loop 5.
[11:33:58.042] [INFO   ] thread dealer timer loop 1.
[11:33:58.152] [INFO   ] thread dealer timer loop 2.
[11:33:58.152] [SEVERE ] updating countdown to 13367
[11:33:58.152] [INFO   ] thread dealer timer loop 3.
[11:33:58.370] [INFO   ] thread dealer rm 1.
[11:33:58.370] [INFO   ] thread dealer timer loop 4.
[11:33:58.592] [INFO   ] thread dealer step 1.
[11:33:58.592] [SEVERE ] updating countdown to 12927
[11:33:58.592] [INFO   ] thread dealer step 4.
[11:33:58.592] [INFO   ] thread dealer step 10.
[11:33:58.592] [INFO   ] thread dealer step 11.
[11:33:58.592] [INFO   ] thread dealer step 12.
[11:33:58.592] [INFO   ] thread dealer timer loop 5.
[11:33:58.592] [INFO   ] thread dealer timer loop 1.
[11:33:58.702] [INFO   ] thread dealer timer loop 2.
[11:33:58.702] [SEVERE ] updating countdown to 12817
[11:33:58.702] [INFO   ] thread dealer timer loop 3.
[11:33:58.921] [INFO   ] thread dealer rm 1.
[11:33:58.921] [INFO   ] thread dealer timer loop 4.
[11:33:59.136] [INFO   ] thread dealer step 1.
[11:33:59.136] [SEVERE ] updating countdown to 12383
[11:33:59.136] [INFO   ] thread dealer step 4.
[11:33:59.136] [INFO   ] thread dealer step 10.
[11:33:59.136] [INFO   ] thread dealer step 11.
[11:33:59.136] [INFO   ] thread dealer step 12.
[11:33:59.136] [INFO   ] thread dealer timer loop 5.
[11:33:59.136] [INFO   ] thread dealer timer loop 1.
[11:33:59.246] [INFO   ] thread dealer timer loop 2.
[11:33:59.246] [SEVERE ] updating countdown to 12273
[11:33:59.246] [INFO   ] thread dealer timer loop 3.
[11:33:59.468] [INFO   ] thread dealer rm 1.
[11:33:59.468] [INFO   ] thread dealer timer loop 4.
[11:33:59.681] [INFO   ] thread dealer step 1.
[11:33:59.681] [SEVERE ] updating countdown to 11838
[11:33:59.681] [INFO   ] thread dealer step 4.
[11:33:59.681] [INFO   ] thread dealer step 10.
[11:33:59.681] [INFO   ] thread dealer step 11.
[11:33:59.681] [INFO   ] thread dealer step 12.
[11:33:59.681] [INFO   ] thread dealer timer loop 5.
[11:33:59.681] [INFO   ] thread dealer timer loop 1.
[11:33:59.791] [INFO   ] thread dealer timer loop 2.
[11:33:59.791] [SEVERE ] updating countdown to 11728
[11:33:59.791] [INFO   ] thread dealer timer loop 3.
[11:34:00.002] [INFO   ] thread dealer rm 1.
[11:34:00.002] [INFO   ] thread dealer timer loop 4.
[11:34:00.222] [INFO   ] thread dealer step 1.
[11:34:00.222] [SEVERE ] updating countdown to 11297
[11:34:00.222] [INFO   ] thread dealer step 4.
[11:34:00.222] [INFO   ] thread dealer step 10.
[11:34:00.222] [INFO   ] thread dealer step 11.
[11:34:00.222] [INFO   ] thread dealer step 12.
[11:34:00.222] [INFO   ] thread dealer timer loop 5.
[11:34:00.222] [INFO   ] thread dealer timer loop 1.
[11:34:00.332] [INFO   ] thread dealer timer loop 2.
[11:34:00.332] [SEVERE ] updating countdown to 11187
[11:34:00.332] [INFO   ] thread dealer timer loop 3.
[11:34:00.550] [INFO   ] thread dealer rm 1.
[11:34:00.551] [INFO   ] thread dealer timer loop 4.
[11:34:00.769] [INFO   ] thread dealer step 1.
[11:34:00.769] [SEVERE ] updating countdown to 10750
[11:34:00.769] [INFO   ] thread dealer step 4.
[11:34:00.769] [INFO   ] thread dealer step 10.
[11:34:00.769] [INFO   ] thread dealer step 11.
[11:34:00.769] [INFO   ] thread dealer step 12.
[11:34:00.769] [INFO   ] thread dealer timer loop 5.
[11:34:00.769] [INFO   ] thread dealer timer loop 1.
[11:34:00.880] [INFO   ] thread dealer timer loop 2.
[11:34:00.880] [SEVERE ] updating countdown to 10639
[11:34:00.880] [INFO   ] thread dealer timer loop 3.
[11:34:01.100] [INFO   ] thread dealer rm 1.
[11:34:01.100] [INFO   ] thread dealer timer loop 4.
[11:34:01.311] [INFO   ] thread dealer step 1.
[11:34:01.311] [SEVERE ] updating countdown to 10208
[11:34:01.311] [INFO   ] thread dealer step 4.
[11:34:01.311] [INFO   ] thread dealer step 10.
[11:34:01.311] [INFO   ] thread dealer step 11.
[11:34:01.311] [INFO   ] thread dealer step 12.
[11:34:01.311] [INFO   ] thread dealer timer loop 5.
[11:34:01.311] [INFO   ] thread dealer timer loop 1.
[11:34:01.421] [INFO   ] thread dealer timer loop 2.
[11:34:01.421] [SEVERE ] updating countdown to 10098
[11:34:01.421] [INFO   ] thread dealer timer loop 3.
[11:34:01.641] [INFO   ] thread dealer rm 1.
[11:34:01.641] [INFO   ] thread dealer timer loop 4.
[11:34:01.861] [INFO   ] thread dealer step 1.
[11:34:01.861] [SEVERE ] updating countdown to 9658
[11:34:01.861] [INFO   ] thread dealer step 4.
[11:34:01.861] [INFO   ] thread dealer step 10.
[11:34:01.861] [INFO   ] thread dealer step 11.
[11:34:01.861] [INFO   ] thread dealer step 12.
[11:34:01.861] [INFO   ] thread dealer timer loop 5.
[11:34:01.861] [INFO   ] thread dealer timer loop 1.
[11:34:01.971] [INFO   ] thread dealer timer loop 2.
[11:34:01.971] [SEVERE ] updating countdown to 9548
[11:34:01.971] [INFO   ] thread dealer timer loop 3.
[11:34:02.191] [INFO   ] thread dealer rm 1.
[11:34:02.191] [INFO   ] thread dealer timer loop 4.
[11:34:02.408] [INFO   ] thread dealer step 1.
[11:34:02.408] [SEVERE ] updating countdown to 9111
[11:34:02.408] [INFO   ] thread dealer step 4.
[11:34:02.408] [INFO   ] thread dealer step 10.
[11:34:02.408] [INFO   ] thread dealer step 11.
[11:34:02.408] [INFO   ] thread dealer step 12.
[11:34:02.408] [INFO   ] thread dealer timer loop 5.
[11:34:02.408] [INFO   ] thread dealer timer loop 1.
[11:34:02.512] [INFO   ] thread dealer timer loop 2.
[11:34:02.512] [SEVERE ] updating countdown to 9007
[11:34:02.512] [INFO   ] thread dealer timer loop 3.
[11:34:02.733] [INFO   ] thread dealer rm 1.
[11:34:02.733] [INFO   ] thread dealer timer loop 4.
[11:34:02.959] [INFO   ] thread dealer step 1.
[11:34:02.959] [SEVERE ] updating countdown to 8560
[11:34:02.959] [INFO   ] thread dealer step 4.
[11:34:02.959] [INFO   ] thread dealer step 10.
[11:34:02.959] [INFO   ] thread dealer step 11.
[11:34:02.959] [INFO   ] thread dealer step 12.
[11:34:02.959] [INFO   ] thread dealer timer loop 5.
[11:34:02.959] [INFO   ] thread dealer timer loop 1.
[11:34:03.069] [INFO   ] thread dealer timer loop 2.
[11:34:03.069] [SEVERE ] updating countdown to 8450
[11:34:03.069] [INFO   ] thread dealer timer loop 3.
[11:34:03.288] [INFO   ] thread dealer rm 1.
[11:34:03.288] [INFO   ] thread dealer timer loop 4.
[11:34:03.508] [INFO   ] thread dealer step 1.
[11:34:03.508] [SEVERE ] updating countdown to 8011
[11:34:03.508] [INFO   ] thread dealer step 4.
[11:34:03.508] [INFO   ] thread dealer step 10.
[11:34:03.508] [INFO   ] thread dealer step 11.
[11:34:03.508] [INFO   ] thread dealer step 12.
[11:34:03.508] [INFO   ] thread dealer timer loop 5.
[11:34:03.508] [INFO   ] thread dealer timer loop 1.
[11:34:03.614] [INFO   ] thread dealer timer loop 2.
[11:34:03.614] [SEVERE ] updating countdown to 7905
[11:34:03.614] [INFO   ] thread dealer timer loop 3.
[11:34:03.831] [INFO   ] thread dealer rm 1.
[11:34:03.831] [INFO   ] thread dealer timer loop 4.
[11:34:04.043] [INFO   ] thread dealer step 1.
[11:34:04.043] [SEVERE ] updating countdown to 7476
[11:34:04.043] [INFO   ] thread dealer step 4.
[11:34:04.043] [INFO   ] thread dealer step 10.
[11:34:04.043] [INFO   ] thread dealer step 11.
[11:34:04.043] [INFO   ] thread dealer step 12.
[11:34:04.043] [INFO   ] thread dealer timer loop 5.
[11:34:04.043] [INFO   ] thread dealer timer loop 1.
[11:34:04.153] [INFO   ] thread dealer timer loop 2.
[11:34:04.153] [SEVERE ] updating countdown to 7366
[11:34:04.153] [INFO   ] thread dealer timer loop 3.
[11:34:04.374] [INFO   ] thread dealer rm 1.
[11:34:04.374] [INFO   ] thread dealer timer loop 4.
[11:34:04.593] [INFO   ] thread dealer step 1.
[11:34:04.593] [SEVERE ] updating countdown to 6926
[11:34:04.593] [INFO   ] thread dealer step 4.
[11:34:04.593] [INFO   ] thread dealer step 10.
[11:34:04.593] [INFO   ] thread dealer step 11.
[11:34:04.593] [INFO   ] thread dealer step 12.
[11:34:04.593] [INFO   ] thread dealer timer loop 5.
[11:34:04.593] [INFO   ] thread dealer timer loop 1.
[11:34:04.702] [INFO   ] thread dealer timer loop 2.
[11:34:04.702] [SEVERE ] updating countdown to 6817
[11:34:04.702] [INFO   ] thread dealer timer loop 3.
[11:34:04.923] [INFO   ] thread dealer rm 1.
[11:34:04.923] [INFO   ] thread dealer timer loop 4.
[11:34:05.144] [INFO   ] thread dealer step 1.
[11:34:05.144] [SEVERE ] updating countdown to 6375
[11:34:05.144] [INFO   ] thread dealer step 4.
[11:34:05.144] [INFO   ] thread dealer step 10.
[11:34:05.144] [INFO   ] thread dealer step 11.
[11:34:05.144] [INFO   ] thread dealer step 12.
[11:34:05.144] [INFO   ] thread dealer timer loop 5.
[11:34:05.144] [INFO   ] thread dealer timer loop 1.
[11:34:05.253] [INFO   ] thread dealer timer loop 2.
[11:34:05.253] [SEVERE ] updating countdown to 6266
[11:34:05.253] [INFO   ] thread dealer timer loop 3.
[11:34:05.461] [INFO   ] thread dealer rm 1.
[11:34:05.461] [INFO   ] thread dealer timer loop 4.
[11:34:05.674] [INFO   ] thread dealer step 1.
[11:34:05.674] [SEVERE ] updating countdown to 5845
[11:34:05.674] [INFO   ] thread dealer step 4.
[11:34:05.674] [INFO   ] thread dealer step 10.
[11:34:05.674] [INFO   ] thread dealer step 11.
[11:34:05.674] [INFO   ] thread dealer step 12.
[11:34:05.674] [INFO   ] thread dealer timer loop 5.
[11:34:05.674] [INFO   ] thread dealer timer loop 1.
[11:34:05.783] [INFO   ] thread dealer timer loop 2.
[11:34:05.783] [SEVERE ] updating countdown to 5736
[11:34:05.783] [INFO   ] thread dealer timer loop 3.
[11:34:06.004] [INFO   ] thread dealer rm 1.
[11:34:06.004] [INFO   ] thread dealer timer loop 4.
[11:34:06.223] [INFO   ] thread dealer step 1.
[11:34:06.223] [SEVERE ] updating countdown to 5296
[11:34:06.223] [INFO   ] thread dealer step 4.
[11:34:06.223] [INFO   ] thread dealer step 10.
[11:34:06.223] [INFO   ] thread dealer step 11.
[11:34:06.223] [INFO   ] thread dealer step 12.
[11:34:06.223] [INFO   ] thread dealer timer loop 5.
[11:34:06.223] [INFO   ] thread dealer timer loop 1.
[11:34:06.333] [INFO   ] thread dealer timer loop 2.
[11:34:06.333] [SEVERE ] updating countdown to 5186
[11:34:06.333] [INFO   ] thread dealer timer loop 3.
[11:34:06.558] [INFO   ] thread dealer rm 1.
[11:34:06.558] [INFO   ] thread dealer timer loop 4.
[11:34:06.779] [INFO   ] thread dealer step 1.
[11:34:06.779] [INFO   ] thread dealer step 4.
[11:34:06.779] [INFO   ] thread dealer step 10.
[11:34:06.779] [INFO   ] thread dealer step 11.
[11:34:06.779] [INFO   ] thread dealer step 12.
[11:34:06.779] [INFO   ] thread dealer timer loop 5.
[11:34:06.779] [INFO   ] thread dealer timer loop 1.
[11:34:06.894] [INFO   ] thread dealer timer loop 2.
[11:34:06.894] [INFO   ] thread dealer timer loop 3.
[11:34:07.107] [INFO   ] thread dealer rm 1.
[11:34:07.107] [INFO   ] thread dealer timer loop 4.
[11:34:07.324] [INFO   ] thread dealer step 1.
[11:34:07.324] [INFO   ] thread dealer step 4.
[11:34:07.324] [INFO   ] thread dealer step 10.
[11:34:07.324] [INFO   ] thread dealer step 11.
[11:34:07.324] [INFO   ] thread dealer step 12.
[11:34:07.324] [INFO   ] thread dealer timer loop 5.
[11:34:07.324] [INFO   ] thread dealer timer loop 1.
[11:34:07.434] [INFO   ] thread dealer timer loop 2.
[11:34:07.434] [INFO   ] thread dealer timer loop 3.
[11:34:07.652] [INFO   ] thread dealer rm 1.
[11:34:07.652] [INFO   ] thread dealer timer loop 4.
[11:34:07.878] [INFO   ] thread dealer step 1.
[11:34:07.878] [INFO   ] thread dealer step 4.
[11:34:07.878] [INFO   ] thread dealer step 10.
[11:34:07.878] [INFO   ] thread dealer step 11.
[11:34:07.878] [INFO   ] thread dealer step 12.
[11:34:07.878] [INFO   ] thread dealer timer loop 5.
[11:34:07.878] [INFO   ] thread dealer timer loop 1.
[11:34:07.987] [INFO   ] thread dealer timer loop 2.
[11:34:07.987] [INFO   ] thread dealer timer loop 3.
[11:34:08.205] [INFO   ] thread dealer rm 1.
[11:34:08.205] [INFO   ] thread dealer timer loop 4.
[11:34:08.428] [INFO   ] thread dealer step 1.
[11:34:08.428] [INFO   ] thread dealer step 4.
[11:34:08.428] [INFO   ] thread dealer step 10.
[11:34:08.428] [INFO   ] thread dealer step 11.
[11:34:08.428] [INFO   ] thread dealer step 12.
[11:34:08.428] [INFO   ] thread dealer timer loop 5.
[11:34:08.428] [INFO   ] thread dealer timer loop 1.
[11:34:08.538] [INFO   ] thread dealer timer loop 2.
[11:34:08.538] [INFO   ] thread dealer timer loop 3.
[11:34:08.744] [INFO   ] thread dealer rm 1.
[11:34:08.744] [INFO   ] thread dealer timer loop 4.
[11:34:08.964] [INFO   ] thread dealer step 1.
[11:34:08.964] [INFO   ] thread dealer step 4.
[11:34:08.964] [INFO   ] thread dealer step 10.
[11:34:08.964] [INFO   ] thread dealer step 11.
[11:34:08.964] [INFO   ] thread dealer step 12.
[11:34:08.964] [INFO   ] thread dealer timer loop 5.
[11:34:08.964] [INFO   ] thread dealer timer loop 1.
[11:34:09.074] [INFO   ] thread dealer timer loop 2.
[11:34:09.074] [INFO   ] thread dealer timer loop 3.
[11:34:09.288] [INFO   ] thread dealer rm 1.
[11:34:09.288] [INFO   ] thread dealer timer loop 4.
[11:34:09.510] [INFO   ] thread dealer step 1.
[11:34:09.510] [INFO   ] thread dealer step 4.
[11:34:09.510] [INFO   ] thread dealer step 10.
[11:34:09.510] [INFO   ] thread dealer step 11.
[11:34:09.510] [INFO   ] thread dealer step 12.
[11:34:09.510] [INFO   ] thread dealer timer loop 5.
[11:34:09.510] [INFO   ] thread dealer timer loop 1.
[11:34:09.620] [INFO   ] thread dealer timer loop 2.
[11:34:09.620] [INFO   ] thread dealer timer loop 3.
[11:34:09.839] [INFO   ] thread dealer rm 1.
[11:34:09.839] [INFO   ] thread dealer timer loop 4.
[11:34:10.059] [INFO   ] thread dealer step 1.
[11:34:10.059] [INFO   ] thread dealer step 4.
[11:34:10.059] [INFO   ] thread dealer step 10.
[11:34:10.059] [INFO   ] thread dealer step 11.
[11:34:10.059] [INFO   ] thread dealer step 12.
[11:34:10.059] [INFO   ] thread dealer timer loop 5.
[11:34:10.059] [INFO   ] thread dealer timer loop 1.
[11:34:10.170] [INFO   ] thread dealer timer loop 2.
[11:34:10.170] [INFO   ] thread dealer timer loop 3.
[11:34:10.389] [INFO   ] thread dealer rm 1.
[11:34:10.389] [INFO   ] thread dealer timer loop 4.
[11:34:10.603] [INFO   ] thread dealer step 1.
[11:34:10.603] [INFO   ] thread dealer step 4.
[11:34:10.603] [INFO   ] thread dealer step 10.
[11:34:10.603] [INFO   ] thread dealer step 11.
[11:34:10.603] [INFO   ] thread dealer step 12.
[11:34:10.603] [INFO   ] thread dealer timer loop 5.
[11:34:10.603] [INFO   ] thread dealer timer loop 1.
[11:34:10.713] [INFO   ] thread dealer timer loop 2.
[11:34:10.713] [INFO   ] thread dealer timer loop 3.
[11:34:10.933] [INFO   ] thread dealer rm 1.
[11:34:10.933] [INFO   ] thread dealer timer loop 4.
[11:34:11.153] [INFO   ] thread dealer step 1.
[11:34:11.153] [INFO   ] thread dealer step 4.
[11:34:11.153] [INFO   ] thread dealer step 10.
[11:34:11.153] [INFO   ] thread dealer step 11.
[11:34:11.153] [INFO   ] thread dealer step 12.
[11:34:11.153] [INFO   ] thread dealer timer loop 5.
[11:34:11.153] [INFO   ] thread dealer timer loop 1.
[11:34:11.263] [INFO   ] thread dealer timer loop 2.
[11:34:11.263] [INFO   ] thread dealer timer loop 3.
[11:34:11.476] [INFO   ] thread dealer rm 1.
[11:34:11.476] [INFO   ] thread dealer timer loop 4.
[11:34:11.697] [INFO   ] thread dealer step 1.
[11:34:11.697] [SEVERE ] updating countdown to 0
[11:34:11.697] [INFO   ] thread dealer step 4.
[11:34:11.697] [INFO   ] thread dealer step 10.
[11:34:11.697] [INFO   ] thread dealer step 11.
[11:34:11.697] [INFO   ] thread dealer step 12.
[11:34:11.697] [INFO   ] thread dealer timer loop 5.
[11:34:11.697] [INFO   ] thread dealer run step 3.
[11:34:11.697] [SEVERE ] updating countdown to 0
[11:34:11.698] [INFO   ] remove all step 1 dealer rm all 1.
[11:34:11.916] [INFO   ] before removing token thread dealer rm all 2.
[11:34:11.916] [INFO   ] after removing token thread dealer rm 6.
[11:34:11.916] [SEVERE ] updating countdown to 0
[11:34:12.025] [SEVERE ] removing card from slot 0
[11:34:12.127] [SEVERE ] removing card from slot 1
[11:34:12.237] [SEVERE ] removing card from slot 2
[11:34:12.346] [SEVERE ] removing card from slot 3
[11:34:12.456] [SEVERE ] removing card from slot 4
[11:34:12.566] [SEVERE ] removing card from slot 5
[11:34:12.676] [SEVERE ] removing card from slot 6
[11:34:12.777] [SEVERE ] removing card from slot 7
[11:34:12.888] [SEVERE ] removing card from slot 8
[11:34:12.998] [SEVERE ] removing card from slot 9
[11:34:13.108] [SEVERE ] removing card from slot 10
[11:34:13.218] [SEVERE ] removing card from slot 11
[11:34:13.218] [INFO   ] thread dealer run step 1.
[11:34:13.549] [SEVERE ] placing card 32 in slot 0
[11:34:13.658] [SEVERE ] placing card 63 in slot 1
[11:34:13.766] [SEVERE ] placing card 2 in slot 2
[11:34:13.877] [SEVERE ] placing card 61 in slot 3
[11:34:13.986] [SEVERE ] placing card 26 in slot 4
[11:34:14.096] [SEVERE ] placing card 80 in slot 5
[11:34:14.207] [SEVERE ] placing card 15 in slot 6
[11:34:14.317] [SEVERE ] placing card 10 in slot 7
[11:34:14.427] [SEVERE ] placing card 5 in slot 8
[11:34:14.537] [SEVERE ] placing card 51 in slot 9
[11:34:14.647] [SEVERE ] placing card 14 in slot 10
[11:34:14.757] [SEVERE ] placing card 12 in slot 11
[11:34:14.757] [INFO   ] thread dealer step 1.
[11:34:14.757] [SEVERE ] updating countdown to 20000
[11:34:14.757] [INFO   ] thread dealer step 4.
[11:34:14.757] [INFO   ] thread dealer step 10.
[11:34:14.757] [INFO   ] thread dealer step 11.
[11:34:14.757] [INFO   ] thread dealer step 12.
[11:34:14.757] [INFO   ] thread dealer run step 2.
[11:34:14.757] [INFO   ] thread dealer timer loop 1.
[11:34:14.866] [INFO   ] thread dealer timer loop 2.
[11:34:14.866] [SEVERE ] updating countdown to 19941
[11:34:14.866] [INFO   ] thread dealer timer loop 3.
[11:34:15.082] [INFO   ] thread dealer rm 1.
[11:34:15.082] [INFO   ] thread dealer timer loop 4.
[11:34:15.297] [INFO   ] thread dealer step 1.
[11:34:15.297] [SEVERE ] updating countdown to 19510
[11:34:15.299] [INFO   ] thread dealer step 4.
[11:34:15.299] [INFO   ] thread dealer step 10.
[11:34:15.299] [INFO   ] thread dealer step 11.
[11:34:15.299] [INFO   ] thread dealer step 12.
[11:34:15.300] [INFO   ] thread dealer timer loop 5.
[11:34:15.300] [INFO   ] thread dealer timer loop 1.
[11:34:15.404] [INFO   ] thread dealer timer loop 2.
[11:34:15.404] [SEVERE ] updating countdown to 19403
[11:34:15.404] [INFO   ] thread dealer timer loop 3.
[11:34:15.627] [INFO   ] thread dealer rm 1.
[11:34:15.627] [INFO   ] thread dealer timer loop 4.
[11:34:15.848] [INFO   ] thread dealer step 1.
[11:34:15.848] [SEVERE ] updating countdown to 18959
[11:34:15.848] [INFO   ] thread dealer step 4.
[11:34:15.848] [INFO   ] thread dealer step 10.
[11:34:15.848] [INFO   ] thread dealer step 11.
[11:34:15.848] [INFO   ] thread dealer step 12.
[11:34:15.848] [INFO   ] thread dealer timer loop 5.
[11:34:15.848] [INFO   ] thread dealer timer loop 1.
[11:34:15.951] [INFO   ] thread dealer timer loop 2.
[11:34:15.951] [SEVERE ] updating countdown to 18856
[11:34:15.951] [INFO   ] thread dealer timer loop 3.
